===============================
execute this script as follows:
./generate_its.sh system region nevents
where:
system = 1 -> pp
       = 2 -> Pb-Pb
region = 1 -> ITS only
       = 2 -> whole detector
===============================
will generate Pb-Pb events
will transport events in the ITS only
Will generate: 20 events
Moving to /eos/user/f/ftorales/its_data/alignment/lbnl_alice_alignment_tasks/2284183/3
/eos/user/f/ftorales/its_data/alignment/lbnl_alice_alignment_tasks/2284183/3

==============================================================================================
1. MC generation run
[INFO] Running with 6 sim workers 
[INFO] CREATING SIM SHARED MEM SEGMENT FOR 6 WORKERS
Spawning particle server on PID 996; Redirect output to o2sim_serverlog
Spawning sim worker 0 on PID 998; Redirect output to o2sim_workerlog0
Spawning hit merger on PID 999; Redirect output to o2sim_mergerlog
[INFO] DISTRIBUTING EVENT : 1
[INFO] EVENT FINISHED : 1
[INFO] DISTRIBUTING EVENT : 2
[INFO] DISTRIBUTING EVENT : 3
[INFO] EVENT FINISHED : 2
[INFO] DISTRIBUTING EVENT : 4
[INFO] EVENT FINISHED : 3
[INFO] EVENT FINISHED : 4
[INFO] DISTRIBUTING EVENT : 5
[INFO] EVENT FINISHED : 5
[INFO] DISTRIBUTING EVENT : 6
[INFO] EVENT FINISHED : 6
[INFO] DISTRIBUTING EVENT : 7
[INFO] EVENT FINISHED : 7
[INFO] DISTRIBUTING EVENT : 8
[INFO] EVENT FINISHED : 8
[INFO] DISTRIBUTING EVENT : 9
[INFO] EVENT FINISHED : 9
[INFO] DISTRIBUTING EVENT : 10
[INFO] EVENT FINISHED : 10
[INFO] DISTRIBUTING EVENT : 11
[INFO] EVENT FINISHED : 11
[INFO] DISTRIBUTING EVENT : 12
[INFO] EVENT FINISHED : 12
[INFO] DISTRIBUTING EVENT : 13
[INFO] EVENT FINISHED : 13
[INFO] DISTRIBUTING EVENT : 14
[INFO] EVENT FINISHED : 14
[INFO] DISTRIBUTING EVENT : 15
[INFO] EVENT FINISHED : 15
[INFO] DISTRIBUTING EVENT : 16
[INFO] EVENT FINISHED : 16
[INFO] DISTRIBUTING EVENT : 17
[INFO] EVENT FINISHED : 17
[INFO] DISTRIBUTING EVENT : 18
[INFO] EVENT FINISHED : 18
[INFO] DISTRIBUTING EVENT : 19
[INFO] EVENT FINISHED : 19
[INFO] DISTRIBUTING EVENT : 20
[INFO] EVENT FINISHED : 20
[INFO] Merger process 999 returned
[INFO] Simulation process took 233.968 s
[INFO] SIMULATION RETURNED SUCCESFULLY

==============================================================================================
2. Hits to digits conversion
Run: 1621488905
Fill:      0
Period: 
LHC State: 
Start: Thu May 20 07:35:07 2021
End  : Thu May 20 07:35:07 2021
Beam0: Z:A =   0:  0, Energy = 0.000
Beam1: Z:A =   0:  0, Energy = 0.000
sqrt[s]    = 0.000
crossing angle (radian) = 0.000000e+00
magnet currents (A) L3 = -30000.000, Dipole = -6000
Detectors: Cont.RO Triggers
      ITS:    -       -    
[INFO] MC-TRUTH 1
[INFO] TPC: GEM setup - initialization from scratch
[INFO] TPC: GEM setup (polya) took 11.33
[INFO] TPC is in grp? no; is skipped? no
[INFO] ITS is in grp? yes; is skipped? no
[INFO] MFT is in grp? no; is skipped? no
[INFO] TOF is in grp? no; is skipped? no
[INFO] FT0 is in grp? no; is skipped? no
[INFO] FV0 is in grp? no; is skipped? no
[INFO] EMC is in grp? no; is skipped? no
[INFO] HMP is in grp? no; is skipped? no
[INFO] ZDC is in grp? no; is skipped? no
[INFO] TRD is in grp? no; is skipped? no
[INFO] MCH is in grp? no; is skipped? no
[INFO] MID is in grp? no; is skipped? no
[INFO] FDD is in grp? no; is skipped? no
[INFO] PHS is in grp? no; is skipped? no
[INFO] CPV is in grp? no; is skipped? no
[INFO] Initialising O2 Data Processing Layer
[INFO] O2 Data Processing Layer initialised. We brake for nobody.
[INFO] Optimised build. O2DEBUG / LOG(DEBUG) / LOGF(DEBUG) / assert statement will not be shown.
[INFO] Redeployment of configuration asked.
[INFO] Starting internal-dpl-clock on pid 2120
[INFO] Starting SimReader on pid 2121
[INFO] Starting ITSDigitizer on pid 2122
[INFO] Starting GRPUpdater on pid 2123
[INFO] Starting ITSDigitWriter on pid 2124
[INFO] Redeployment of configuration done.
[2121:SimReader]: [INFO] MC-TRUTH 1
[2123:GRPUpdater]: [INFO] MC-TRUTH 1
[2121:SimReader]: [INFO] Spawing new device SimReader in process with pid 2121
[2123:GRPUpdater]: [INFO] Spawing new device GRPUpdater in process with pid 2123
[2123:GRPUpdater]: [07:42:07][INFO] 
[2123:GRPUpdater]:       ______      _    _______  _________ 
[2123:GRPUpdater]:      / ____/___ _(_)_______   |/  /_  __ \    version 1.4.29
[2123:GRPUpdater]:     / /_  / __ `/ / ___/__  /|_/ /_  / / /    build RELWITHDEBINFO
[2123:GRPUpdater]:    / __/ / /_/ / / /    _  /  / / / /_/ /     https://github.com/FairRootGroup/FairMQ
[2123:GRPUpdater]:   /_/    \__,_/_/_/     /_/  /_/  \___\_\     LGPL-3.0  © 2012-2020 GSI
[2123:GRPUpdater]: 
[2121:SimReader]: [07:42:07][INFO] 
[2121:SimReader]:       ______      _    _______  _________ 
[2121:SimReader]:      / ____/___ _(_)_______   |/  /_  __ \    version 1.4.29
[2121:SimReader]:     / /_  / __ `/ / ___/__  /|_/ /_  / / /    build RELWITHDEBINFO
[2121:SimReader]:    / __/ / /_/ / / /    _  /  / / / /_/ /     https://github.com/FairRootGroup/FairMQ
[2121:SimReader]:   /_/    \__,_/_/_/     /_/  /_/  \___\_\     LGPL-3.0  © 2012-2020 GSI
[2121:SimReader]: 
[2121:SimReader]: [07:42:07][STATE] Starting FairMQ state machine --> IDLE
[2123:GRPUpdater]: [07:42:07][STATE] Starting FairMQ state machine --> IDLE
[2123:GRPUpdater]: 2021-05-20 07:42:07	Monitoring	[0;49mStdOut backend initialized[0m
[2121:SimReader]: 2021-05-20 07:42:07	Monitoring	[0;49mStdOut backend initialized[0m
[2123:GRPUpdater]: [07:42:08][STATE] IDLE ---> INITIALIZING DEVICE
[2121:SimReader]: [07:42:08][STATE] IDLE ---> INITIALIZING DEVICE
[2122:ITSDigitizer]: [INFO] MC-TRUTH 1
[2122:ITSDigitizer]: [INFO] Spawing new device ITSDigitizer in process with pid 2122
[2123:GRPUpdater]: 2021-05-20 07:42:08	Monitoring	[0;49mBuffering enabled (100)[0m
[2123:GRPUpdater]: [07:42:08][STATE] INITIALIZING DEVICE ---> INITIALIZED
[2124:ITSDigitWriter]: [INFO] MC-TRUTH 1
[2123:GRPUpdater]: [07:42:08][STATE] INITIALIZED ---> BINDING
[2123:GRPUpdater]: [07:42:08][STATE] BINDING ---> BOUND
[2122:ITSDigitizer]: [07:42:08][INFO] 
[2122:ITSDigitizer]:       ______      _    _______  _________ 
[2122:ITSDigitizer]:      / ____/___ _(_)_______   |/  /_  __ \    version 1.4.29
[2122:ITSDigitizer]:     / /_  / __ `/ / ___/__  /|_/ /_  / / /    build RELWITHDEBINFO
[2122:ITSDigitizer]:    / __/ / /_/ / / /    _  /  / / / /_/ /     https://github.com/FairRootGroup/FairMQ
[2122:ITSDigitizer]:   /_/    \__,_/_/_/     /_/  /_/  \___\_\     LGPL-3.0  © 2012-2020 GSI
[2122:ITSDigitizer]: 
[2122:ITSDigitizer]: [07:42:08][STATE] Starting FairMQ state machine --> IDLE
[2122:ITSDigitizer]: 2021-05-20 07:42:08	Monitoring	[0;49mStdOut backend initialized[0m
[2123:GRPUpdater]: [07:42:08][STATE] BOUND ---> CONNECTING
[2123:GRPUpdater]: [07:42:08][STATE] CONNECTING ---> DEVICE READY
[2123:GRPUpdater]: [07:42:08][STATE] DEVICE READY ---> INITIALIZING TASK
[2123:GRPUpdater]: [07:42:08][STATE] INITIALIZING TASK ---> READY
[2123:GRPUpdater]: [07:42:08][STATE] READY ---> RUNNING
[2123:GRPUpdater]: [07:42:08][INFO] DEVICE: Running...
[2121:SimReader]: 2021-05-20 07:42:08	Monitoring	[0;49mBuffering enabled (100)[0m
[2121:SimReader]: [07:42:08][INFO] adding o2sim
[2121:SimReader]: 
[2121:SimReader]: [07:42:08][INFO] INCONTEXTSTRING 
[2121:SimReader]: [07:42:08][INFO] Imposing hadronic interaction rate 50000Hz
[2121:SimReader]: [07:42:08][WARN] No bunch filling provided, impose default one
[2121:SimReader]: [07:42:08][INFO] Deducing mu=0.00771915 per BC from IR=50000 with 576 BCs
[2120:internal-dpl-clock]: [INFO] MC-TRUTH 1
[2122:ITSDigitizer]: [07:42:08][STATE] IDLE ---> INITIALIZING DEVICE
[2122:ITSDigitizer]: 2021-05-20 07:42:08	Monitoring	[0;49mBuffering enabled (100)[0m
[2122:ITSDigitizer]: [07:42:08][INFO] Initializing geometry service
[2122:ITSDigitizer]: [07:42:08][INFO] Loading geometry FAIRGeom from o2sim_geometry.root
[2124:ITSDigitWriter]: [INFO] Spawing new device ITSDigitWriter in process with pid 2124
[2121:SimReader]: [07:42:08][INFO] InteractionSampler with 576 colliding BCs, mu(BC)= 0.00771915 -> total IR= 50000
[2121:SimReader]: [07:42:08][INFO] Current BCid:    0 Orbit:      1 |T in BC(ns): 0.000(0 coll left)
[2121:SimReader]: [07:42:08][INFO] setting up 1 chains
[2124:ITSDigitWriter]: [07:42:08][INFO] 
[2124:ITSDigitWriter]:       ______      _    _______  _________ 
[2124:ITSDigitWriter]:      / ____/___ _(_)_______   |/  /_  __ \    version 1.4.29
[2124:ITSDigitWriter]:     / /_  / __ `/ / ___/__  /|_/ /_  / / /    build RELWITHDEBINFO
[2124:ITSDigitWriter]:    / __/ / /_/ / / /    _  /  / / / /_/ /     https://github.com/FairRootGroup/FairMQ
[2124:ITSDigitWriter]:   /_/    \__,_/_/_/     /_/  /_/  \___\_\     LGPL-3.0  © 2012-2020 GSI
[2124:ITSDigitWriter]: 
[2124:ITSDigitWriter]: [07:42:08][STATE] Starting FairMQ state machine --> IDLE
[2124:ITSDigitWriter]: 2021-05-20 07:42:08	Monitoring	[0;49mStdOut backend initialized[0m
[2120:internal-dpl-clock]: [INFO] Spawing new device internal-dpl-clock in process with pid 2120
[2124:ITSDigitWriter]: [07:42:08][STATE] IDLE ---> INITIALIZING DEVICE
[2120:internal-dpl-clock]: [07:42:08][INFO] 
[2120:internal-dpl-clock]:       ______      _    _______  _________ 
[2120:internal-dpl-clock]:      / ____/___ _(_)_______   |/  /_  __ \    version 1.4.29
[2120:internal-dpl-clock]:     / /_  / __ `/ / ___/__  /|_/ /_  / / /    build RELWITHDEBINFO
[2120:internal-dpl-clock]:    / __/ / /_/ / / /    _  /  / / / /_/ /     https://github.com/FairRootGroup/FairMQ
[2120:internal-dpl-clock]:   /_/    \__,_/_/_/     /_/  /_/  \___\_\     LGPL-3.0  © 2012-2020 GSI
[2120:internal-dpl-clock]: 
[2120:internal-dpl-clock]: [07:42:08][STATE] Starting FairMQ state machine --> IDLE
[2120:internal-dpl-clock]: 2021-05-20 07:42:08	Monitoring	[0;49mStdOut backend initialized[0m
[2120:internal-dpl-clock]: [07:42:08][STATE] IDLE ---> INITIALIZING DEVICE
[2120:internal-dpl-clock]: 2021-05-20 07:42:08	Monitoring	[0;49mBuffering enabled (100)[0m
[2120:internal-dpl-clock]: [07:42:08][STATE] INITIALIZING DEVICE ---> INITIALIZED
[2120:internal-dpl-clock]: [07:42:08][STATE] INITIALIZED ---> BINDING
[2120:internal-dpl-clock]: [07:42:08][STATE] BINDING ---> BOUND
[2120:internal-dpl-clock]: [07:42:08][STATE] BOUND ---> CONNECTING
[2120:internal-dpl-clock]: [07:42:08][STATE] CONNECTING ---> DEVICE READY
[2120:internal-dpl-clock]: [07:42:08][STATE] DEVICE READY ---> INITIALIZING TASK
[2120:internal-dpl-clock]: [07:42:08][STATE] INITIALIZING TASK ---> READY
[2120:internal-dpl-clock]: [07:42:08][STATE] READY ---> RUNNING
[2120:internal-dpl-clock]: [07:42:08][INFO] DEVICE: Running...
[2124:ITSDigitWriter]: 2021-05-20 07:42:08	Monitoring	[0;49mBuffering enabled (100)[0m
[2124:ITSDigitWriter]: [07:42:08][INFO] 0: branch  ITSDigitMCTruth set up
[2124:ITSDigitWriter]: [07:42:08][INFO] 1: branch  ITSDigitMC2ROF set up
[2124:ITSDigitWriter]: [07:42:08][INFO] 2: branch  ITSDigit set up
[2124:ITSDigitWriter]: [07:42:08][INFO] 3: branch  ITSDigitROF set up
[2124:ITSDigitWriter]: [07:42:08][STATE] INITIALIZING DEVICE ---> INITIALIZED
[2124:ITSDigitWriter]: [07:42:08][STATE] INITIALIZED ---> BINDING
[2124:ITSDigitWriter]: [07:42:08][STATE] BINDING ---> BOUND
[2124:ITSDigitWriter]: [07:42:08][STATE] BOUND ---> CONNECTING
[2124:ITSDigitWriter]: [07:42:08][STATE] CONNECTING ---> DEVICE READY
[2124:ITSDigitWriter]: [07:42:08][STATE] DEVICE READY ---> INITIALIZING TASK
[2124:ITSDigitWriter]: [07:42:08][STATE] INITIALIZING TASK ---> READY
[2124:ITSDigitWriter]: [07:42:08][STATE] READY ---> RUNNING
[2124:ITSDigitWriter]: [07:42:08][INFO] DEVICE: Running...
[2122:ITSDigitizer]: Info in <TGeoManager::CloseGeometry>: Geometry loaded from file...
[2122:ITSDigitizer]: Info in <TGeoManager::SetTopVolume>: Top volume is cave. Master volume is cave
[2122:ITSDigitizer]: Info in <TGeoNavigator::BuildCache>: --- Maximum geometry depth set to 100
[2122:ITSDigitizer]: Info in <TGeoManager::CloseGeometry>: Voxelization retrieved from file
[2122:ITSDigitizer]: Info in <TGeoManager::CountLevels>: max level = 9, max placements = 126
[2122:ITSDigitizer]: Info in <TGeoManager::CloseGeometry>: 179840 nodes/ 399 volume UID's in FAIR geometry
[2122:ITSDigitizer]: Info in <TGeoManager::CloseGeometry>: ----------------modeler ready----------------
[2122:ITSDigitizer]: [07:42:09][INFO] Initializing field service
[2121:SimReader]: [07:42:09][INFO] Automatic deduction of number of collisions ... will just take number of background entries 20
[2121:SimReader]: Summary of DigitizationContext --
[2121:SimReader]: Parts per collision 1
[2121:SimReader]: Collision parts taken from simulations specified by prefix:
[2121:SimReader]: Number of Collisions 20
[2121:SimReader]: Collision 0 TIME BCid:  278 Orbit:      1 |T in BC(ns): -0.225 (0 , 0)
[2121:SimReader]: Collision 1 TIME BCid:  464 Orbit:      1 |T in BC(ns): 0.079 (0 , 1)
[2121:SimReader]: Collision 2 TIME BCid:  590 Orbit:      1 |T in BC(ns): 0.292 (0 , 2)
[2121:SimReader]: Collision 3 TIME BCid:  634 Orbit:      1 |T in BC(ns): -0.284 (0 , 3)
[2121:SimReader]: Collision 4 TIME BCid:  814 Orbit:      1 |T in BC(ns): -0.177 (0 , 4)
[2121:SimReader]: Collision 5 TIME BCid:  426 Orbit:      2 |T in BC(ns): -0.058 (0 , 5)
[2121:SimReader]: Collision 6 TIME BCid:  670 Orbit:      2 |T in BC(ns): -0.005 (0 , 6)
[2121:SimReader]: Collision 7 TIME BCid:  838 Orbit:      2 |T in BC(ns): -0.384 (0 , 7)
[2121:SimReader]: Collision 8 TIME BCid: 1792 Orbit:      2 |T in BC(ns): 0.012 (0 , 8)
[2121:SimReader]: Collision 9 TIME BCid: 2006 Orbit:      2 |T in BC(ns): -0.024 (0 , 9)
[2121:SimReader]: Collision 10 TIME BCid: 2194 Orbit:      2 |T in BC(ns): 0.252 (0 , 10)
[2121:SimReader]: Collision 11 TIME BCid:  274 Orbit:      3 |T in BC(ns): 0.334 (0 , 11)
[2121:SimReader]: Collision 12 TIME BCid: 1190 Orbit:      3 |T in BC(ns): 0.280 (0 , 12)
[2121:SimReader]: Collision 13 TIME BCid: 1422 Orbit:      3 |T in BC(ns): 0.459 (0 , 13)
[2121:SimReader]: Collision 14 TIME BCid:  578 Orbit:      4 |T in BC(ns): -0.118 (0 , 14)
[2121:SimReader]: Collision 15 TIME BCid: 1054 Orbit:      4 |T in BC(ns): -0.363 (0 , 15)
[2121:SimReader]: Collision 16 TIME BCid: 1166 Orbit:      4 |T in BC(ns): 0.024 (0 , 16)
[2121:SimReader]: Collision 17 TIME BCid: 1206 Orbit:      4 |T in BC(ns): -0.179 (0 , 17)
[2121:SimReader]: Collision 18 TIME BCid: 1420 Orbit:      4 |T in BC(ns): 0.260 (0 , 18)
[2121:SimReader]: Collision 19 TIME BCid: 2120 Orbit:      4 |T in BC(ns): 0.181 (0 , 19)
[2121:SimReader]: [07:42:09][INFO] Initializing Spec ... have 20 times 
[2121:SimReader]: [07:42:09][INFO] Serializing Context for later reuse
[2122:ITSDigitizer]: [07:42:10][INFO] MagneticField::Print: MagneticFieldMap:
[2122:ITSDigitizer]: [07:42:10][INFO] MagneticField::Print: Solenoid (-1*)5 kG, Dipole ON (-1) 
[2122:ITSDigitizer]: [07:42:10][INFO] MagneticField::Print: Machine B fields for p-p  beam (7000 GeV): QGrad: 22.0002 Dipole: 37.8781
[2122:ITSDigitizer]: [07:42:10][INFO] MagneticField::Print: Uses Sol30_Dip6_Hole  of /cvmfs/alice.cern.ch/el7-x86_64/Packages/O2/nightly-20210129-1/share/Common/maps/mfchebKGI_sym.root
[2122:ITSDigitizer]: Info in <TGeoGlobalMagField::SetField>: Global magnetic field set to <MagneticFieldMap>
[2122:ITSDigitizer]: Info in <TGeoGlobalMagField::Lock>: Global magnetic field <MagneticFieldMap> is now locked
[2122:ITSDigitizer]: [07:42:10][INFO] Set Alpide charge threshold to 150, single hit will be accounted from 15 electrons
[2122:ITSDigitizer]: [07:42:10][INFO] ITS simulated in CONTINUOUS RO mode
[2122:ITSDigitizer]: [07:42:10][INFO] Loading ITS L2G matrices from TGeo
[2121:SimReader]: [07:42:10][STATE] INITIALIZING DEVICE ---> INITIALIZED
[2121:SimReader]: [07:42:10][STATE] INITIALIZED ---> BINDING
[2121:SimReader]: [07:42:10][STATE] BINDING ---> BOUND
[2121:SimReader]: [07:42:10][STATE] BOUND ---> CONNECTING
[2121:SimReader]: [07:42:10][STATE] CONNECTING ---> DEVICE READY
[2121:SimReader]: [07:42:10][STATE] DEVICE READY ---> INITIALIZING TASK
[2121:SimReader]: [07:42:10][STATE] INITIALIZING TASK ---> READY
[2121:SimReader]: [07:42:10][STATE] READY ---> RUNNING
[2121:SimReader]: [07:42:10][INFO] DEVICE: Running...
[2121:SimReader]: [07:42:10][INFO] SENDING SOMETHING TO OTHERS
[2122:ITSDigitizer]: Alpide response object of 40500 matrices to map chagre in xyz to 5x5 pixels
[2122:ITSDigitizer]: X(col) range: +0.000000e+00 : +1.462000e-03 | step: 5.000000e-05 | Nbins: 30
[2122:ITSDigitizer]: Y(row) range: +0.000000e+00 : +1.344000e-03 | step: 5.000000e-05 | Nbins: 27
[2122:ITSDigitizer]: Z(dpt) range: -2.000000e-03 : +2.500000e-03 | step: 8.999999e-05 | Nbins: 50
[2122:ITSDigitizer]: Alpide digitization params:
[2122:ITSDigitizer]: Continuous readout             : ON
[2122:ITSDigitizer]: Readout Frame Length(ns)       : 9880.510742
[2122:ITSDigitizer]: Strobe delay (ns)              : 99.803139
[2122:ITSDigitizer]: Strobe length (ns)             : 9780.708008
[2122:ITSDigitizer]: Threshold (N electrons)        : 150
[2122:ITSDigitizer]: Min N electrons to accoint     : 15
[2122:ITSDigitizer]: Number of charge sharing steps : 7
[2122:ITSDigitizer]: ELoss to N electrons factor    : 2.777778e+08
[2122:ITSDigitizer]: Noise level per pixel          : 1.000000e-07
[2122:ITSDigitizer]: Charge time-response:
[2122:ITSDigitizer]: o2::itsmft::AlpideSignalTrapezoid | Duration: 7500.0 MaxRiseTime: 1100.0 (RiseTime=0 at q=450.0) (ns)
[2122:ITSDigitizer]: [07:42:12][STATE] INITIALIZING DEVICE ---> INITIALIZED
[2122:ITSDigitizer]: [07:42:12][STATE] INITIALIZED ---> BINDING
[2122:ITSDigitizer]: [07:42:12][STATE] BINDING ---> BOUND
[2122:ITSDigitizer]: [07:42:12][STATE] BOUND ---> CONNECTING
[2122:ITSDigitizer]: [07:42:12][STATE] CONNECTING ---> DEVICE READY
[2122:ITSDigitizer]: [07:42:12][STATE] DEVICE READY ---> INITIALIZING TASK
[2122:ITSDigitizer]: [07:42:12][STATE] INITIALIZING TASK ---> READY
[2122:ITSDigitizer]: [07:42:12][STATE] READY ---> RUNNING
[2122:ITSDigitizer]: [07:42:12][INFO] DEVICE: Running...
[2122:ITSDigitizer]: [07:42:12][INFO] GOT 20 COLLISSION TIMES
[2122:ITSDigitizer]: [07:42:12][INFO] SIMCHAINS 1
[2122:ITSDigitizer]: [07:42:12][INFO]  CALLING ITS DIGITIZATION 
[2122:ITSDigitizer]: [07:42:13][INFO] Digitizing ITS hits of entry 0 from source 0 at time BCid:  278 Orbit:      1 |T in BC(ns): -0.225 ROFrame= 9) cont.mode: 1 Min/Max ROFrames 0/8
[2122:ITSDigitizer]: [07:42:13][INFO] Filling ITS digits output for RO frames 0:8
[2122:ITSDigitizer]: ROF: 0 | 1283 entries starting from 0
[2122:ITSDigitizer]: BCid:    0 Orbit:      0
[2122:ITSDigitizer]: ROF: 1 | 1267 entries starting from 1283
[2122:ITSDigitizer]: BCid:  396 Orbit:      0
[2122:ITSDigitizer]: ROF: 2 | 1323 entries starting from 2550
[2122:ITSDigitizer]: BCid:  792 Orbit:      0
[2122:ITSDigitizer]: ROF: 3 | 1229 entries starting from 3873
[2122:ITSDigitizer]: BCid: 1188 Orbit:      0
[2122:ITSDigitizer]: ROF: 4 | 1245 entries starting from 5102
[2122:ITSDigitizer]: BCid: 1584 Orbit:      0
[2122:ITSDigitizer]: ROF: 5 | 1248 entries starting from 6347
[2122:ITSDigitizer]: BCid: 1980 Orbit:      0
[2122:ITSDigitizer]: ROF: 6 | 1259 entries starting from 7595
[2122:ITSDigitizer]: BCid: 2376 Orbit:      0
[2122:ITSDigitizer]: ROF: 7 | 1258 entries starting from 8854
[2122:ITSDigitizer]: BCid: 2772 Orbit:      0
[2122:ITSDigitizer]: ROF: 8 | 1247 entries starting from 10112
[2122:ITSDigitizer]: BCid: 3168 Orbit:      0
[2122:ITSDigitizer]: [07:42:13][INFO] Added 11359 digits 
[2122:ITSDigitizer]: [07:42:13][INFO] Digitizing ITS hits of entry 1 from source 0 at time BCid:  464 Orbit:      1 |T in BC(ns): 0.079 ROFrame= 10) cont.mode: 1 Min/Max ROFrames 9/11
[2122:ITSDigitizer]: [07:42:13][INFO] Filling ITS digits output for RO frames 9:9
[2122:ITSDigitizer]: ROF: 9 | 115769 entries starting from 11359
[2122:ITSDigitizer]: BCid:    0 Orbit:      1
[2122:ITSDigitizer]: MCEventID: 0 ROFs: 9-11 Entry in ROFRecords: 9
[2122:ITSDigitizer]: [07:42:13][INFO] Added 115769 digits 
[2122:ITSDigitizer]: [07:42:13][INFO] Digitizing ITS hits of entry 2 from source 0 at time BCid:  590 Orbit:      1 |T in BC(ns): 0.292 ROFrame= 10) cont.mode: 1 Min/Max ROFrames 10/11
[2122:ITSDigitizer]: [07:42:13][INFO] Digitizing ITS hits of entry 3 from source 0 at time BCid:  634 Orbit:      1 |T in BC(ns): -0.284 ROFrame= 10) cont.mode: 1 Min/Max ROFrames 10/11
[2122:ITSDigitizer]: [07:42:14][INFO] Digitizing ITS hits of entry 4 from source 0 at time BCid:  814 Orbit:      1 |T in BC(ns): -0.177 ROFrame= 11) cont.mode: 1 Min/Max ROFrames 10/12
[2122:ITSDigitizer]: [07:42:14][INFO] Filling ITS digits output for RO frames 10:10
[2122:ITSDigitizer]: ROF: 10 | 174023 entries starting from 127128
[2122:ITSDigitizer]: BCid:  396 Orbit:      1
[2122:ITSDigitizer]: MCEventID: 1 ROFs: 10-11 Entry in ROFRecords: 10
[2122:ITSDigitizer]: MCEventID: 2 ROFs: 10-11 Entry in ROFRecords: 10
[2122:ITSDigitizer]: MCEventID: 3 ROFs: 10-12 Entry in ROFRecords: 10
[2122:ITSDigitizer]: [07:42:14][INFO] Added 174023 digits 
[2122:ITSDigitizer]: [07:42:14][INFO] Digitizing ITS hits of entry 5 from source 0 at time BCid:  426 Orbit:      2 |T in BC(ns): -0.058 ROFrame= 19) cont.mode: 1 Min/Max ROFrames 11/18
[2122:ITSDigitizer]: [07:42:14][INFO] Filling ITS digits output for RO frames 11:18
[2122:ITSDigitizer]: ROF: 11 | 82622 entries starting from 301151
[2122:ITSDigitizer]: BCid:  792 Orbit:      1
[2122:ITSDigitizer]: MCEventID: 4 ROFs: 11-12 Entry in ROFRecords: 11
[2122:ITSDigitizer]: ROF: 12 | 1470 entries starting from 383773
[2122:ITSDigitizer]: BCid: 1188 Orbit:      1
[2122:ITSDigitizer]: ROF: 13 | 1220 entries starting from 385243
[2122:ITSDigitizer]: BCid: 1584 Orbit:      1
[2122:ITSDigitizer]: ROF: 14 | 1300 entries starting from 386463
[2122:ITSDigitizer]: BCid: 1980 Orbit:      1
[2122:ITSDigitizer]: ROF: 15 | 1238 entries starting from 387763
[2122:ITSDigitizer]: BCid: 2376 Orbit:      1
[2122:ITSDigitizer]: ROF: 16 | 1285 entries starting from 389001
[2122:ITSDigitizer]: BCid: 2772 Orbit:      1
[2122:ITSDigitizer]: ROF: 17 | 1326 entries starting from 390286
[2122:ITSDigitizer]: BCid: 3168 Orbit:      1
[2122:ITSDigitizer]: ROF: 18 | 1339 entries starting from 391612
[2122:ITSDigitizer]: BCid:    0 Orbit:      2
[2122:ITSDigitizer]: [07:42:14][INFO] Added 91800 digits 
[2122:ITSDigitizer]: [07:42:14][INFO] Digitizing ITS hits of entry 6 from source 0 at time BCid:  670 Orbit:      2 |T in BC(ns): -0.005 ROFrame= 19) cont.mode: 1 Min/Max ROFrames 19/20
[2122:ITSDigitizer]: [07:42:14][INFO] Digitizing ITS hits of entry 7 from source 0 at time BCid:  838 Orbit:      2 |T in BC(ns): -0.384 ROFrame= 20) cont.mode: 1 Min/Max ROFrames 19/21
[2122:ITSDigitizer]: [07:42:14][INFO] Filling ITS digits output for RO frames 19:19
[2122:ITSDigitizer]: ROF: 19 | 114562 entries starting from 392951
[2122:ITSDigitizer]: BCid:  396 Orbit:      2
[2122:ITSDigitizer]: MCEventID: 5 ROFs: 19-20 Entry in ROFRecords: 19
[2122:ITSDigitizer]: MCEventID: 6 ROFs: 19-21 Entry in ROFRecords: 19
[2122:ITSDigitizer]: [07:42:14][INFO] Added 114562 digits 
[2122:ITSDigitizer]: [07:42:14][INFO] Digitizing ITS hits of entry 8 from source 0 at time BCid: 1792 Orbit:      2 |T in BC(ns): 0.012 ROFrame= 22) cont.mode: 1 Min/Max ROFrames 20/21
[2122:ITSDigitizer]: [07:42:14][INFO] Filling ITS digits output for RO frames 20:21
[2122:ITSDigitizer]: ROF: 20 | 88481 entries starting from 507513
[2122:ITSDigitizer]: BCid:  792 Orbit:      2
[2122:ITSDigitizer]: MCEventID: 7 ROFs: 20-21 Entry in ROFRecords: 20
[2122:ITSDigitizer]: ROF: 21 | 1425 entries starting from 595994
[2122:ITSDigitizer]: BCid: 1188 Orbit:      2
[2122:ITSDigitizer]: [07:42:16][INFO] Added 89906 digits 
[2122:ITSDigitizer]: [07:42:16][INFO] Digitizing ITS hits of entry 9 from source 0 at time BCid: 2006 Orbit:      2 |T in BC(ns): -0.024 ROFrame= 23) cont.mode: 1 Min/Max ROFrames 22/24
[2122:ITSDigitizer]: [07:42:16][INFO] Filling ITS digits output for RO frames 22:22
[2122:ITSDigitizer]: ROF: 22 | 310466 entries starting from 597419
[2122:ITSDigitizer]: BCid: 1584 Orbit:      2
[2122:ITSDigitizer]: MCEventID: 8 ROFs: 22-24 Entry in ROFRecords: 22
[2122:ITSDigitizer]: [07:42:16][INFO] Added 310466 digits 
[2122:ITSDigitizer]: [07:42:16][INFO] Digitizing ITS hits of entry 10 from source 0 at time BCid: 2194 Orbit:      2 |T in BC(ns): 0.252 ROFrame= 23) cont.mode: 1 Min/Max ROFrames 23/24
[2122:ITSDigitizer]: [07:42:16][INFO] Digitizing ITS hits of entry 11 from source 0 at time BCid:  274 Orbit:      3 |T in BC(ns): 0.334 ROFrame= 27) cont.mode: 1 Min/Max ROFrames 23/26
[2122:ITSDigitizer]: [07:42:16][INFO] Filling ITS digits output for RO frames 23:26
[2122:ITSDigitizer]: ROF: 23 | 350965 entries starting from 907885
[2122:ITSDigitizer]: BCid: 1980 Orbit:      2
[2122:ITSDigitizer]: MCEventID: 9 ROFs: 23-23 Entry in ROFRecords: 23
[2122:ITSDigitizer]: MCEventID: 10 ROFs: 23-24 Entry in ROFRecords: 23
[2122:ITSDigitizer]: ROF: 24 | 40790 entries starting from 1258850
[2122:ITSDigitizer]: BCid: 2376 Orbit:      2
[2122:ITSDigitizer]: ROF: 25 | 1241 entries starting from 1299640
[2122:ITSDigitizer]: BCid: 2772 Orbit:      2
[2122:ITSDigitizer]: ROF: 26 | 1237 entries starting from 1300881
[2122:ITSDigitizer]: BCid: 3168 Orbit:      2
[2122:ITSDigitizer]: [07:42:16][INFO] Added 394233 digits 
[2122:ITSDigitizer]: [07:42:16][INFO] Digitizing ITS hits of entry 12 from source 0 at time BCid: 1190 Orbit:      3 |T in BC(ns): 0.280 ROFrame= 30) cont.mode: 1 Min/Max ROFrames 27/29
[2122:ITSDigitizer]: [07:42:16][INFO] Filling ITS digits output for RO frames 27:29
[2122:ITSDigitizer]: ROF: 27 | 57487 entries starting from 1302118
[2122:ITSDigitizer]: BCid:    0 Orbit:      3
[2122:ITSDigitizer]: MCEventID: 11 ROFs: 27-28 Entry in ROFRecords: 27
[2122:ITSDigitizer]: ROF: 28 | 57435 entries starting from 1359605
[2122:ITSDigitizer]: BCid:  396 Orbit:      3
[2122:ITSDigitizer]: ROF: 29 | 1325 entries starting from 1417040
[2122:ITSDigitizer]: BCid:  792 Orbit:      3
[2122:ITSDigitizer]: [07:42:17][INFO] Added 116247 digits 
[2122:ITSDigitizer]: [07:42:17][INFO] Digitizing ITS hits of entry 13 from source 0 at time BCid: 1422 Orbit:      3 |T in BC(ns): 0.459 ROFrame= 30) cont.mode: 1 Min/Max ROFrames 30/31
[2122:ITSDigitizer]: [07:42:18][INFO] Digitizing ITS hits of entry 14 from source 0 at time BCid:  578 Orbit:      4 |T in BC(ns): -0.118 ROFrame= 37) cont.mode: 1 Min/Max ROFrames 30/36
[2122:ITSDigitizer]: [07:42:18][INFO] Filling ITS digits output for RO frames 30:36
[2122:ITSDigitizer]: ROF: 30 | 273965 entries starting from 1418365
[2122:ITSDigitizer]: BCid: 1188 Orbit:      3
[2122:ITSDigitizer]: MCEventID: 12 ROFs: 30-31 Entry in ROFRecords: 30
[2122:ITSDigitizer]: MCEventID: 13 ROFs: 30-32 Entry in ROFRecords: 30
[2122:ITSDigitizer]: ROF: 31 | 183738 entries starting from 1692330
[2122:ITSDigitizer]: BCid: 1584 Orbit:      3
[2122:ITSDigitizer]: ROF: 32 | 1451 entries starting from 1876068
[2122:ITSDigitizer]: BCid: 1980 Orbit:      3
[2122:ITSDigitizer]: ROF: 33 | 1267 entries starting from 1877519
[2122:ITSDigitizer]: BCid: 2376 Orbit:      3
[2122:ITSDigitizer]: ROF: 34 | 1296 entries starting from 1878786
[2122:ITSDigitizer]: BCid: 2772 Orbit:      3
[2122:ITSDigitizer]: ROF: 35 | 1199 entries starting from 1880082
[2122:ITSDigitizer]: BCid: 3168 Orbit:      3
[2122:ITSDigitizer]: ROF: 36 | 1253 entries starting from 1881281
[2122:ITSDigitizer]: BCid:    0 Orbit:      4
[2122:ITSDigitizer]: [07:42:19][INFO] Added 464169 digits 
[2122:ITSDigitizer]: [07:42:19][INFO] Digitizing ITS hits of entry 15 from source 0 at time BCid: 1054 Orbit:      4 |T in BC(ns): -0.363 ROFrame= 38) cont.mode: 1 Min/Max ROFrames 37/39
[2122:ITSDigitizer]: [07:42:19][INFO] Filling ITS digits output for RO frames 37:37
[2122:ITSDigitizer]: ROF: 37 | 170359 entries starting from 1882534
[2122:ITSDigitizer]: BCid:  396 Orbit:      4
[2122:ITSDigitizer]: MCEventID: 14 ROFs: 37-39 Entry in ROFRecords: 37
[2122:ITSDigitizer]: [07:42:19][INFO] Added 170359 digits 
[2122:ITSDigitizer]: [07:42:19][INFO] Digitizing ITS hits of entry 16 from source 0 at time BCid: 1166 Orbit:      4 |T in BC(ns): 0.024 ROFrame= 38) cont.mode: 1 Min/Max ROFrames 38/40
[2122:ITSDigitizer]: [07:42:20][INFO] Digitizing ITS hits of entry 17 from source 0 at time BCid: 1206 Orbit:      4 |T in BC(ns): -0.179 ROFrame= 39) cont.mode: 1 Min/Max ROFrames 38/40
[2122:ITSDigitizer]: [07:42:20][INFO] Filling ITS digits output for RO frames 38:38
[2122:ITSDigitizer]: ROF: 38 | 512631 entries starting from 2052893
[2122:ITSDigitizer]: BCid:  792 Orbit:      4
[2122:ITSDigitizer]: MCEventID: 15 ROFs: 38-40 Entry in ROFRecords: 38
[2122:ITSDigitizer]: MCEventID: 16 ROFs: 38-40 Entry in ROFRecords: 38
[2122:ITSDigitizer]: [07:42:21][INFO] Added 512631 digits 
[2122:ITSDigitizer]: [07:42:21][INFO] Digitizing ITS hits of entry 18 from source 0 at time BCid: 1420 Orbit:      4 |T in BC(ns): 0.260 ROFrame= 39) cont.mode: 1 Min/Max ROFrames 39/40
[2122:ITSDigitizer]: [07:42:22][INFO] Digitizing ITS hits of entry 19 from source 0 at time BCid: 2120 Orbit:      4 |T in BC(ns): 0.181 ROFrame= 41) cont.mode: 1 Min/Max ROFrames 39/41
[2122:ITSDigitizer]: [07:42:22][INFO] Filling ITS digits output for RO frames 39:40
[2122:ITSDigitizer]: ROF: 39 | 815237 entries starting from 2565524
[2122:ITSDigitizer]: BCid: 1188 Orbit:      4
[2122:ITSDigitizer]: MCEventID: 17 ROFs: 39-40 Entry in ROFRecords: 39
[2122:ITSDigitizer]: MCEventID: 18 ROFs: 39-41 Entry in ROFRecords: 39
[2122:ITSDigitizer]: ROF: 40 | 255229 entries starting from 3380761
[2122:ITSDigitizer]: BCid: 1584 Orbit:      4
[2122:ITSDigitizer]: [07:42:23][INFO] Added 1070466 digits 
[2122:ITSDigitizer]: [07:42:23][INFO] Filling ITS digits output for RO frames 41:42
[2122:ITSDigitizer]: ROF: 41 | 1940 entries starting from 3635990
[2122:ITSDigitizer]: BCid: 1980 Orbit:      4
[2122:ITSDigitizer]: MCEventID: 19 ROFs: 41-42 Entry in ROFRecords: 41
[2122:ITSDigitizer]: ROF: 42 | 1783 entries starting from 3637930
[2122:ITSDigitizer]: BCid: 2376 Orbit:      4
[2122:ITSDigitizer]: [07:42:23][INFO] Added 3723 digits 
[2122:ITSDigitizer]: [07:42:23][INFO] ITS: Sending ROMode= 3 to GRPUpdater
[2122:ITSDigitizer]: [07:42:23][INFO] Digitization took 10.53s
[2123:GRPUpdater]: [07:42:23][INFO] Updated GRP in o2sim_grp.root for detectors RO mode
[2124:ITSDigitWriter]: [07:42:23][INFO] WRITING 3662316 LABELS 
[2123:GRPUpdater]: Run: 1621488905
[2123:GRPUpdater]: Fill:      0
[2123:GRPUpdater]: Period: 
[2123:GRPUpdater]: LHC State: 
[2123:GRPUpdater]: Start: Thu May 20 07:35:07 2021
[2123:GRPUpdater]: End  : Thu May 20 07:35:07 2021
[2123:GRPUpdater]: Beam0: Z:A =   0:  0, Energy = 0.000
[2123:GRPUpdater]: Beam1: Z:A =   0:  0, Energy = 0.000
[2123:GRPUpdater]: sqrt[s]    = 0.000
[2123:GRPUpdater]: crossing angle (radian) = 0.000000e+00
[2123:GRPUpdater]: magnet currents (A) L3 = -30000.000, Dipole = -6000
[2123:GRPUpdater]: Detectors: Cont.RO Triggers
[2123:GRPUpdater]:       ITS:    +       -    
[2124:ITSDigitWriter]: [07:42:24][INFO] RECEIVED DIGITS SIZE 3639713
[INFO] Quitting
[INFO] QUIT_REQUESTED
[2122:ITSDigitizer]: [07:42:25][INFO] Received device shutdown request (signal 15).
[2122:ITSDigitizer]: [07:42:25][INFO] Waiting for graceful device shutdown. Hit Ctrl-C again to abort immediately.
[2120:internal-dpl-clock]: [07:42:25][INFO] Received device shutdown request (signal 15).
[2120:internal-dpl-clock]: [07:42:25][INFO] Waiting for graceful device shutdown. Hit Ctrl-C again to abort immediately.
[2121:SimReader]: [07:42:25][INFO] Received device shutdown request (signal 15).
[2121:SimReader]: [07:42:25][INFO] Waiting for graceful device shutdown. Hit Ctrl-C again to abort immediately.
[2123:GRPUpdater]: [07:42:25][INFO] Received device shutdown request (signal 15).
[2123:GRPUpdater]: [07:42:25][INFO] Waiting for graceful device shutdown. Hit Ctrl-C again to abort immediately.
[2124:ITSDigitWriter]: [07:42:25][INFO] Received device shutdown request (signal 15).
[2124:ITSDigitWriter]: [07:42:25][INFO] Waiting for graceful device shutdown. Hit Ctrl-C again to abort immediately.
[2121:SimReader]: [07:42:25][STATE] RUNNING ---> READY
[2121:SimReader]: [07:42:25][STATE] READY ---> RESETTING TASK
[2121:SimReader]: [07:42:25][STATE] RESETTING TASK ---> DEVICE READY
[2121:SimReader]: [07:42:25][STATE] DEVICE READY ---> RESETTING DEVICE
[2121:SimReader]: [07:42:25][STATE] RESETTING DEVICE ---> IDLE
[2121:SimReader]: [07:42:25][STATE] IDLE ---> EXITING
[2121:SimReader]: [07:42:25][STATE] Exiting FairMQ state machine
[2123:GRPUpdater]: [07:42:25][STATE] RUNNING ---> READY
[2122:ITSDigitizer]: [07:42:25][STATE] RUNNING ---> READY
[2122:ITSDigitizer]: [07:42:25][STATE] READY ---> RESETTING TASK
[2122:ITSDigitizer]: [07:42:25][STATE] RESETTING TASK ---> DEVICE READY
[2122:ITSDigitizer]: [07:42:25][STATE] DEVICE READY ---> RESETTING DEVICE
[2120:internal-dpl-clock]: [07:42:25][STATE] RUNNING ---> READY
[2120:internal-dpl-clock]: [07:42:25][STATE] READY ---> RESETTING TASK
[2120:internal-dpl-clock]: [07:42:25][STATE] RESETTING TASK ---> DEVICE READY
[2120:internal-dpl-clock]: [07:42:25][STATE] DEVICE READY ---> RESETTING DEVICE
[2123:GRPUpdater]: [07:42:25][STATE] READY ---> RESETTING TASK
[2123:GRPUpdater]: [07:42:25][STATE] RESETTING TASK ---> DEVICE READY
[2123:GRPUpdater]: [07:42:25][STATE] DEVICE READY ---> RESETTING DEVICE
[2120:internal-dpl-clock]: [07:42:25][STATE] RESETTING DEVICE ---> IDLE
[2120:internal-dpl-clock]: [07:42:25][STATE] IDLE ---> EXITING
[2120:internal-dpl-clock]: [07:42:25][STATE] Exiting FairMQ state machine
[2122:ITSDigitizer]: [07:42:25][STATE] RESETTING DEVICE ---> IDLE
[2123:GRPUpdater]: [07:42:25][STATE] RESETTING DEVICE ---> IDLE
[2123:GRPUpdater]: [07:42:25][STATE] IDLE ---> EXITING
[2122:ITSDigitizer]: [07:42:25][STATE] IDLE ---> EXITING
[2123:GRPUpdater]: [07:42:25][STATE] Exiting FairMQ state machine
[2122:ITSDigitizer]: [07:42:25][STATE] Exiting FairMQ state machine
[2124:ITSDigitWriter]: [07:42:27][STATE] RUNNING ---> READY
[2124:ITSDigitWriter]: [07:42:27][STATE] READY ---> RESETTING TASK
[2124:ITSDigitWriter]: [07:42:27][STATE] RESETTING TASK ---> DEVICE READY
[2124:ITSDigitWriter]: [07:42:27][STATE] DEVICE READY ---> RESETTING DEVICE
[2124:ITSDigitWriter]: Cleaning up for shared memory id '9a79b5e0'...
[2124:ITSDigitWriter]: No region counter found. No regions to cleanup.
[2124:ITSDigitWriter]: Successfully removed 'fmq_9a79b5e0_m_0'.
[2124:ITSDigitWriter]: Successfully removed 'fmq_9a79b5e0_mng'.
[2124:ITSDigitWriter]: Successfully removed 'fmq_9a79b5e0_mtx'.
[2124:ITSDigitWriter]: Successfully removed 'fmq_9a79b5e0_cv'.
[2124:ITSDigitWriter]: [07:42:27][STATE] RESETTING DEVICE ---> IDLE
[2124:ITSDigitWriter]: [07:42:27][STATE] IDLE ---> EXITING
[2124:ITSDigitWriter]: [07:42:27][STATE] Exiting FairMQ state machine
[INFO] Dumping used configuration in dpl-config.json

==============================================================================================
3. Tracking
[INFO] Initialising O2 Data Processing Layer
[INFO] O2 Data Processing Layer initialised. We brake for nobody.
[INFO] Optimised build. O2DEBUG / LOG(DEBUG) / LOGF(DEBUG) / assert statement will not be shown.
[INFO] Redeployment of configuration asked.
[INFO] Starting internal-dpl-clock on pid 3203
[INFO] Starting its-digit-reader on pid 3204
[INFO] Starting its-clusterer on pid 3205
[INFO] Starting its-cluster-writer on pid 3206
[INFO] Starting its-tracker on pid 3207
[INFO] Starting its-track-writer on pid 3208
[INFO] Redeployment of configuration done.
[3208:its-track-writer]: [INFO] Spawing new device its-track-writer in process with pid 3208
[3204:its-digit-reader]: [INFO] Spawing new device its-digit-reader in process with pid 3204
[3207:its-tracker]: [INFO] Spawing new device its-tracker in process with pid 3207
[3203:internal-dpl-clock]: [INFO] Spawing new device internal-dpl-clock in process with pid 3203
[3205:its-clusterer]: [INFO] Spawing new device its-clusterer in process with pid 3205
[3208:its-track-writer]: [07:45:43][INFO] 
[3208:its-track-writer]:       ______      _    _______  _________ 
[3208:its-track-writer]:      / ____/___ _(_)_______   |/  /_  __ \    version 1.4.29
[3208:its-track-writer]:     / /_  / __ `/ / ___/__  /|_/ /_  / / /    build RELWITHDEBINFO
[3208:its-track-writer]:    / __/ / /_/ / / /    _  /  / / / /_/ /     https://github.com/FairRootGroup/FairMQ
[3208:its-track-writer]:   /_/    \__,_/_/_/     /_/  /_/  \___\_\     LGPL-3.0  © 2012-2020 GSI
[3208:its-track-writer]: 
[3208:its-track-writer]: [07:45:43][STATE] Starting FairMQ state machine --> IDLE
[3204:its-digit-reader]: [07:45:43][INFO] 
[3204:its-digit-reader]:       ______      _    _______  _________ 
[3204:its-digit-reader]:      / ____/___ _(_)_______   |/  /_  __ \    version 1.4.29
[3204:its-digit-reader]:     / /_  / __ `/ / ___/__  /|_/ /_  / / /    build RELWITHDEBINFO
[3204:its-digit-reader]:    / __/ / /_/ / / /    _  /  / / / /_/ /     https://github.com/FairRootGroup/FairMQ
[3204:its-digit-reader]:   /_/    \__,_/_/_/     /_/  /_/  \___\_\     LGPL-3.0  © 2012-2020 GSI
[3204:its-digit-reader]: 
[3204:its-digit-reader]: [07:45:43][STATE] Starting FairMQ state machine --> IDLE
[3203:internal-dpl-clock]: [07:45:43][INFO] 
[3203:internal-dpl-clock]:       ______      _    _______  _________ 
[3203:internal-dpl-clock]:      / ____/___ _(_)_______   |/  /_  __ \    version 1.4.29
[3203:internal-dpl-clock]:     / /_  / __ `/ / ___/__  /|_/ /_  / / /    build RELWITHDEBINFO
[3203:internal-dpl-clock]:    / __/ / /_/ / / /    _  /  / / / /_/ /     https://github.com/FairRootGroup/FairMQ
[3203:internal-dpl-clock]:   /_/    \__,_/_/_/     /_/  /_/  \___\_\     LGPL-3.0  © 2012-2020 GSI
[3203:internal-dpl-clock]: 
[3203:internal-dpl-clock]: [07:45:43][STATE] Starting FairMQ state machine --> IDLE
[3207:its-tracker]: [07:45:43][INFO] 
[3207:its-tracker]:       ______      _    _______  _________ 
[3207:its-tracker]:      / ____/___ _(_)_______   |/  /_  __ \    version 1.4.29
[3207:its-tracker]:     / /_  / __ `/ / ___/__  /|_/ /_  / / /    build RELWITHDEBINFO
[3207:its-tracker]:    / __/ / /_/ / / /    _  /  / / / /_/ /     https://github.com/FairRootGroup/FairMQ
[3207:its-tracker]:   /_/    \__,_/_/_/     /_/  /_/  \___\_\     LGPL-3.0  © 2012-2020 GSI
[3207:its-tracker]: 
[3207:its-tracker]: [07:45:43][STATE] Starting FairMQ state machine --> IDLE
[3203:internal-dpl-clock]: 2021-05-20 07:45:43	Monitoring	[0;49mStdOut backend initialized[0m
[3207:its-tracker]: 2021-05-20 07:45:43	Monitoring	[0;49mStdOut backend initialized[0m
[3208:its-track-writer]: 2021-05-20 07:45:43	Monitoring	[0;49mStdOut backend initialized[0m
[3208:its-track-writer]: [07:45:43][STATE] IDLE ---> INITIALIZING DEVICE
[3203:internal-dpl-clock]: [07:45:43][STATE] IDLE ---> INITIALIZING DEVICE
[3203:internal-dpl-clock]: 2021-05-20 07:45:43	Monitoring	[0;49mBuffering enabled (100)[0m
[3203:internal-dpl-clock]: [07:45:43][STATE] INITIALIZING DEVICE ---> INITIALIZED
[3203:internal-dpl-clock]: [07:45:43][STATE] INITIALIZED ---> BINDING
[3203:internal-dpl-clock]: [07:45:43][STATE] BINDING ---> BOUND
[3203:internal-dpl-clock]: [07:45:43][STATE] BOUND ---> CONNECTING
[3203:internal-dpl-clock]: [07:45:43][STATE] CONNECTING ---> DEVICE READY
[3203:internal-dpl-clock]: [07:45:43][STATE] DEVICE READY ---> INITIALIZING TASK
[3203:internal-dpl-clock]: [07:45:43][STATE] INITIALIZING TASK ---> READY
[3203:internal-dpl-clock]: [07:45:43][STATE] READY ---> RUNNING
[3203:internal-dpl-clock]: [07:45:43][INFO] DEVICE: Running...
[3204:its-digit-reader]: 2021-05-20 07:45:43	Monitoring	[0;49mStdOut backend initialized[0m
[3204:its-digit-reader]: [07:45:43][STATE] IDLE ---> INITIALIZING DEVICE
[3205:its-clusterer]: [07:45:43][INFO] 
[3205:its-clusterer]:       ______      _    _______  _________ 
[3205:its-clusterer]:      / ____/___ _(_)_______   |/  /_  __ \    version 1.4.29
[3205:its-clusterer]:     / /_  / __ `/ / ___/__  /|_/ /_  / / /    build RELWITHDEBINFO
[3205:its-clusterer]:    / __/ / /_/ / / /    _  /  / / / /_/ /     https://github.com/FairRootGroup/FairMQ
[3205:its-clusterer]:   /_/    \__,_/_/_/     /_/  /_/  \___\_\     LGPL-3.0  © 2012-2020 GSI
[3205:its-clusterer]: 
[3205:its-clusterer]: [07:45:43][STATE] Starting FairMQ state machine --> IDLE
[3205:its-clusterer]: 2021-05-20 07:45:43	Monitoring	[0;49mStdOut backend initialized[0m
[3205:its-clusterer]: [07:45:43][STATE] IDLE ---> INITIALIZING DEVICE
[3207:its-tracker]: [07:45:43][STATE] IDLE ---> INITIALIZING DEVICE
[3207:its-tracker]: 2021-05-20 07:45:43	Monitoring	[0;49mBuffering enabled (100)[0m
[3207:its-tracker]: [07:45:43][INFO] Created GPUReconstruction instance for device type CPU (1) 
[3205:its-clusterer]: 2021-05-20 07:45:43	Monitoring	[0;49mBuffering enabled (100)[0m
[3204:its-digit-reader]: 2021-05-20 07:45:43	Monitoring	[0;49mBuffering enabled (100)[0m
[3208:its-track-writer]: 2021-05-20 07:45:43	Monitoring	[0;49mBuffering enabled (100)[0m
[3208:its-track-writer]: [07:45:43][INFO] 0: branch  ITSTrack set up
[3205:its-clusterer]: [07:45:43][INFO] Dictionary ITSdictionary.bin is absent, ITSClusterer expects cluster patterns
[3205:its-clusterer]: [07:45:43][INFO] Clusterizer masks overflow pixels separated by < 406 BC and <= 0 in row/col
[3205:its-clusterer]: [07:45:43][INFO] Inclusive clusterization timing (w/o disk IO): Cpu: 0 Real: 0 s in 1 slots
[3205:its-clusterer]: [07:45:43][INFO] Threads output merging timing                : Cpu: 0 Real: 0 s in 1 slots
[3205:its-clusterer]: [07:45:43][STATE] INITIALIZING DEVICE ---> INITIALIZED
[3205:its-clusterer]: [07:45:43][STATE] INITIALIZED ---> BINDING
[3205:its-clusterer]: [07:45:43][STATE] BINDING ---> BOUND
[3205:its-clusterer]: [07:45:43][STATE] BOUND ---> CONNECTING
[3205:its-clusterer]: [07:45:43][STATE] CONNECTING ---> DEVICE READY
[3205:its-clusterer]: [07:45:43][STATE] DEVICE READY ---> INITIALIZING TASK
[3205:its-clusterer]: [07:45:43][STATE] INITIALIZING TASK ---> READY
[3205:its-clusterer]: [07:45:43][STATE] READY ---> RUNNING
[3205:its-clusterer]: [07:45:43][INFO] DEVICE: Running...
[3208:its-track-writer]: [07:45:43][INFO] 1: branch  ITSTrackClusIdx set up
[3206:its-cluster-writer]: [INFO] Spawing new device its-cluster-writer in process with pid 3206
[3208:its-track-writer]: [07:45:43][INFO] 2: branch  Vertices set up
[3208:its-track-writer]: [07:45:43][INFO] 3: branch  VerticesROF set up
[3208:its-track-writer]: [07:45:43][INFO] 4: branch  ITSTracksROF set up
[3208:its-track-writer]: [07:45:43][INFO] 5: branch  ITSTrackMCTruth set up
[3208:its-track-writer]: [07:45:43][INFO] 6: branch  ITSTracksMC2ROF set up
[3208:its-track-writer]: [07:45:43][STATE] INITIALIZING DEVICE ---> INITIALIZED
[3208:its-track-writer]: [07:45:43][STATE] INITIALIZED ---> BINDING
[3208:its-track-writer]: [07:45:43][STATE] BINDING ---> BOUND
[3208:its-track-writer]: [07:45:43][STATE] BOUND ---> CONNECTING
[3208:its-track-writer]: [07:45:43][STATE] CONNECTING ---> DEVICE READY
[3208:its-track-writer]: [07:45:43][STATE] DEVICE READY ---> INITIALIZING TASK
[3206:its-cluster-writer]: [07:45:43][INFO] 
[3206:its-cluster-writer]:       ______      _    _______  _________ 
[3206:its-cluster-writer]:      / ____/___ _(_)_______   |/  /_  __ \    version 1.4.29
[3206:its-cluster-writer]:     / /_  / __ `/ / ___/__  /|_/ /_  / / /    build RELWITHDEBINFO
[3206:its-cluster-writer]:    / __/ / /_/ / / /    _  /  / / / /_/ /     https://github.com/FairRootGroup/FairMQ
[3206:its-cluster-writer]:   /_/    \__,_/_/_/     /_/  /_/  \___\_\     LGPL-3.0  © 2012-2020 GSI
[3206:its-cluster-writer]: 
[3206:its-cluster-writer]: [07:45:43][STATE] Starting FairMQ state machine --> IDLE
[3208:its-track-writer]: [07:45:43][STATE] INITIALIZING TASK ---> READY
[3206:its-cluster-writer]: 2021-05-20 07:45:43	Monitoring	[0;49mStdOut backend initialized[0m
[3206:its-cluster-writer]: [07:45:43][STATE] IDLE ---> INITIALIZING DEVICE
[3208:its-track-writer]: [07:45:43][STATE] READY ---> RUNNING
[3208:its-track-writer]: [07:45:43][INFO] DEVICE: Running...
[3204:its-digit-reader]: [07:45:43][STATE] INITIALIZING DEVICE ---> INITIALIZED
[3204:its-digit-reader]: [07:45:43][STATE] INITIALIZED ---> BINDING
[3204:its-digit-reader]: [07:45:43][STATE] BINDING ---> BOUND
[3204:its-digit-reader]: [07:45:43][STATE] BOUND ---> CONNECTING
[3204:its-digit-reader]: [07:45:43][STATE] CONNECTING ---> DEVICE READY
[3204:its-digit-reader]: [07:45:43][STATE] DEVICE READY ---> INITIALIZING TASK
[3204:its-digit-reader]: [07:45:43][STATE] INITIALIZING TASK ---> READY
[3204:its-digit-reader]: [07:45:43][STATE] READY ---> RUNNING
[3204:its-digit-reader]: [07:45:43][INFO] DEVICE: Running...
[3206:its-cluster-writer]: 2021-05-20 07:45:43	Monitoring	[0;49mBuffering enabled (100)[0m
[3206:its-cluster-writer]: [07:45:43][INFO] 0: branch  ITSClusterComp set up
[3206:its-cluster-writer]: [07:45:43][INFO] 1: branch  ITSClusterPatt set up
[3206:its-cluster-writer]: [07:45:43][INFO] 2: branch  ITSClustersROF set up
[3206:its-cluster-writer]: [07:45:43][INFO] 3: branch  ITSClusterMCTruth set up
[3206:its-cluster-writer]: [07:45:43][INFO] 4: branch  ITSClustersMC2ROF set up
[3206:its-cluster-writer]: [07:45:43][STATE] INITIALIZING DEVICE ---> INITIALIZED
[3206:its-cluster-writer]: [07:45:43][STATE] INITIALIZED ---> BINDING
[3206:its-cluster-writer]: [07:45:43][STATE] BINDING ---> BOUND
[3206:its-cluster-writer]: [07:45:43][STATE] BOUND ---> CONNECTING
[3206:its-cluster-writer]: [07:45:43][STATE] CONNECTING ---> DEVICE READY
[3206:its-cluster-writer]: [07:45:43][STATE] DEVICE READY ---> INITIALIZING TASK
[3206:its-cluster-writer]: [07:45:43][STATE] INITIALIZING TASK ---> READY
[3206:its-cluster-writer]: [07:45:43][STATE] READY ---> RUNNING
[3206:its-cluster-writer]: [07:45:43][INFO] DEVICE: Running...
[3207:its-tracker]: [07:45:44][INFO] MagneticField::Print: MagneticFieldMap:
[3207:its-tracker]: [07:45:44][INFO] MagneticField::Print: Solenoid (-1*)5 kG, Dipole ON (-1) 
[3207:its-tracker]: [07:45:44][INFO] MagneticField::Print: Machine B fields for p-p  beam (7000 GeV): QGrad: 22.0002 Dipole: 37.8781
[3207:its-tracker]: [07:45:44][INFO] MagneticField::Print: Uses Sol30_Dip6_Hole  of /cvmfs/alice.cern.ch/el7-x86_64/Packages/O2/nightly-20210129-1/share/Common/maps/mfchebKGI_sym.root
[3207:its-tracker]: Info in <TGeoGlobalMagField::SetField>: Global magnetic field set to <MagneticFieldMap>
[3207:its-tracker]: Info in <TGeoGlobalMagField::Lock>: Global magnetic field <MagneticFieldMap> is now locked
[3207:its-tracker]: [07:45:44][INFO] Loading geometry FAIRGeom from o2sim_geometry.root
[3207:its-tracker]: Info in <TGeoManager::CloseGeometry>: Geometry loaded from file...
[3207:its-tracker]: Info in <TGeoManager::SetTopVolume>: Top volume is cave. Master volume is cave
[3207:its-tracker]: Info in <TGeoNavigator::BuildCache>: --- Maximum geometry depth set to 100
[3207:its-tracker]: Info in <TGeoManager::CloseGeometry>: Voxelization retrieved from file
[3207:its-tracker]: Info in <TGeoManager::CountLevels>: max level = 9, max placements = 126
[3207:its-tracker]: Info in <TGeoManager::CloseGeometry>: 179840 nodes/ 399 volume UID's in FAIR geometry
[3207:its-tracker]: Info in <TGeoManager::CloseGeometry>: ----------------modeler ready----------------
[3207:its-tracker]: [07:45:45][INFO] Loading ITS T2L matrices from TGeo
[3207:its-tracker]: [07:45:45][WARN] It is faster to use 2D rotation for T2G instead of full Transform3D matrices
[3207:its-tracker]: [07:45:45][INFO] Loading ITS T2G matrices from TGeo
[3204:its-digit-reader]: [07:45:45][INFO] ITSDigitReader pushed 3639713 digits, in 43 RO frames
[3205:its-clusterer]: [07:45:45][INFO] ITSClusterer pulled 3639713 digits, in 43 RO frames
[3205:its-clusterer]: [07:45:45][INFO] ITSClusterer pulled 3662316 labels 
[3207:its-tracker]: [07:45:46][INFO] Loading ITS T2G rotation 2D matrices
[3207:its-tracker]: [07:45:46][INFO] Initializing tracker in sync. phase reconstruction with 1 passes
[3207:its-tracker]: [07:45:46][INFO] Not using lookup table for material budget approximation
[3207:its-tracker]: [07:45:46][INFO] Dictionary ITSdictionary.bin is absent, Tracker expects cluster patterns
[3207:its-tracker]: [07:45:46][STATE] INITIALIZING DEVICE ---> INITIALIZED
[3207:its-tracker]: [07:45:46][STATE] INITIALIZED ---> BINDING
[3207:its-tracker]: [07:45:46][STATE] BINDING ---> BOUND
[3207:its-tracker]: [07:45:46][STATE] BOUND ---> CONNECTING
[3207:its-tracker]: [07:45:46][STATE] CONNECTING ---> DEVICE READY
[3207:its-tracker]: [07:45:46][STATE] DEVICE READY ---> INITIALIZING TASK
[3207:its-tracker]: [07:45:46][STATE] INITIALIZING TASK ---> READY
[3207:its-tracker]: [07:45:46][STATE] READY ---> RUNNING
[3207:its-tracker]: [07:45:46][INFO] DEVICE: Running...
[3205:its-clusterer]: [07:45:46][INFO] ITSClusterer pushed 524610 clusters, in 43 RO frames
[3206:its-cluster-writer]: [07:45:46][INFO] ITSClusterWriter pulled 524610 clusters, in 43 RO frames
[3207:its-tracker]: [07:45:46][INFO] ITSTracker pulled 524610 clusters, 43 RO frames
[3207:its-tracker]: [07:45:46][INFO] 524610 MC label objects , in 20 MC events
[3207:its-tracker]: [07:45:46][INFO] ITSTracker RO: continuous=1
[3207:its-tracker]: [07:45:46][INFO] Loading ITS L2G matrices from TGeo
[3207:its-tracker]: [07:45:46][INFO] ROframe: 0, clusters loaded : 1283
[3207:its-tracker]:  - Vertexer initialisation completed in: 0.305463 ms
[3207:its-tracker]:  - Tracklet finding completed in: 0.007417 ms
[3207:its-tracker]:  - Adjacent tracklets validation completed in: 0.004757 ms
[3207:its-tracker]:  - Vertex finding completed in: 0.008023 ms
[3207:its-tracker]: [07:45:46][INFO] Found tracks: 0
[3207:its-tracker]: [07:45:46][INFO] ROframe: 1, clusters loaded : 1267
[3207:its-tracker]:  - Vertexer initialisation completed in: 0.32669 ms
[3207:its-tracker]:  - Tracklet finding completed in: 0.031607 ms
[3207:its-tracker]:  - Adjacent tracklets validation completed in: 0.000461 ms
[3207:its-tracker]:  - Vertex finding completed in: 0.001003 ms
[3207:its-tracker]: [07:45:47][INFO] Found tracks: 0
[3207:its-tracker]: [07:45:47][INFO] ROframe: 2, clusters loaded : 1323
[3207:its-tracker]:  - Vertexer initialisation completed in: 0.251584 ms
[3207:its-tracker]:  - Tracklet finding completed in: 0.001439 ms
[3207:its-tracker]:  - Adjacent tracklets validation completed in: 0.000301 ms
[3207:its-tracker]:  - Vertex finding completed in: 0.0004 ms
[3207:its-tracker]: [07:45:47][INFO] Found tracks: 0
[3207:its-tracker]: [07:45:47][INFO] ROframe: 3, clusters loaded : 1229
[3207:its-tracker]:  - Vertexer initialisation completed in: 0.297006 ms
[3207:its-tracker]:  - Tracklet finding completed in: 0.001407 ms
[3207:its-tracker]:  - Adjacent tracklets validation completed in: 0.000311 ms
[3207:its-tracker]:  - Vertex finding completed in: 0.000478 ms
[3207:its-tracker]: [07:45:47][INFO] Found tracks: 0
[3207:its-tracker]: [07:45:47][INFO] ROframe: 4, clusters loaded : 1245
[3207:its-tracker]:  - Vertexer initialisation completed in: 0.273414 ms
[3207:its-tracker]:  - Tracklet finding completed in: 0.001217 ms
[3207:its-tracker]:  - Adjacent tracklets validation completed in: 0.000305 ms
[3207:its-tracker]:  - Vertex finding completed in: 0.000403 ms
[3207:its-tracker]: [07:45:47][INFO] Found tracks: 0
[3207:its-tracker]: [07:45:47][INFO] ROframe: 5, clusters loaded : 1248
[3207:its-tracker]:  - Vertexer initialisation completed in: 0.290564 ms
[3207:its-tracker]:  - Tracklet finding completed in: 0.001339 ms
[3207:its-tracker]:  - Adjacent tracklets validation completed in: 0.000397 ms
[3207:its-tracker]:  - Vertex finding completed in: 0.000557 ms
[3207:its-tracker]: [07:45:47][INFO] Found tracks: 0
[3207:its-tracker]: [07:45:47][INFO] ROframe: 6, clusters loaded : 1259
[3207:its-tracker]:  - Vertexer initialisation completed in: 0.266491 ms
[3207:its-tracker]:  - Tracklet finding completed in: 0.001587 ms
[3207:its-tracker]:  - Adjacent tracklets validation completed in: 0.000246 ms
[3207:its-tracker]:  - Vertex finding completed in: 0.000297 ms
[3207:its-tracker]: [07:45:47][INFO] Found tracks: 0
[3207:its-tracker]: [07:45:47][INFO] ROframe: 7, clusters loaded : 1258
[3207:its-tracker]:  - Vertexer initialisation completed in: 0.234605 ms
[3207:its-tracker]:  - Tracklet finding completed in: 0.001431 ms
[3207:its-tracker]:  - Adjacent tracklets validation completed in: 0.00026 ms
[3207:its-tracker]:  - Vertex finding completed in: 0.000358 ms
[3207:its-tracker]: [07:45:47][INFO] Found tracks: 0
[3207:its-tracker]: [07:45:47][INFO] ROframe: 8, clusters loaded : 1247
[3207:its-tracker]:  - Vertexer initialisation completed in: 0.236568 ms
[3207:its-tracker]:  - Tracklet finding completed in: 0.004109 ms
[3207:its-tracker]:  - Adjacent tracklets validation completed in: 0.000371 ms
[3207:its-tracker]:  - Vertex finding completed in: 0.000329 ms
[3207:its-tracker]: [07:45:47][INFO] Found tracks: 0
[3207:its-tracker]: [07:45:47][INFO] ROframe: 9, clusters loaded : 27356
[3207:its-tracker]:  - Vertexer initialisation completed in: 2.26221 ms
[3207:its-tracker]:  - Tracklet finding completed in: 7.04855 ms
[3207:its-tracker]:  - Adjacent tracklets validation completed in: 1.37816 ms
[3207:its-tracker]:  - Vertex finding completed in: 0.287331 ms
[3207:its-tracker]: 		Found vertex with:   1314 contributors
[3207:its-tracker]:  - Context initialisation completed in: 10.1809 ms
[3207:its-tracker]:  - Tracklet finding completed in: 14.5273 ms
[3207:its-tracker]:  - Cell finding completed in: 7.08022 ms
[3207:its-tracker]:  - Neighbour finding completed in: 1.17246 ms
[3207:its-tracker]:  - Road finding completed in: 0.525616 ms
[3207:its-tracker]:  - Track finding completed in: 29.2527 ms
[3207:its-tracker]:  - Vertex processing completed in: 62.7392ms
[3207:its-tracker]:  - Context initialisation completed in: 0.437482 ms
[3207:its-tracker]:  - Tracklet finding completed in: 10.4203 ms
[3207:its-tracker]:  - Cell finding completed in: 2.78395 ms
[3207:its-tracker]:  - Neighbour finding completed in: 0.240391 ms
[3207:its-tracker]:  - Road finding completed in: 0.001748 ms
[3207:its-tracker]:  - Track finding completed in: 0.011734 ms
[3207:its-tracker]:  - Vertex processing completed in: 13.8956ms
[3207:its-tracker]: [07:45:47][INFO] Found tracks: 1155
[3207:its-tracker]: [07:45:47][INFO] ROframe: 10, clusters loaded : 14169
[3207:its-tracker]:  - Vertexer initialisation completed in: 1.30231 ms
[3207:its-tracker]:  - Tracklet finding completed in: 2.35402 ms
[3207:its-tracker]:  - Adjacent tracklets validation completed in: 0.320838 ms
[3207:its-tracker]:  - Vertex finding completed in: 0.156905 ms
[3207:its-tracker]: 		Found vertex with:    574 contributors
[3207:its-tracker]: 		Found vertex with:     36 contributors
[3207:its-tracker]: 		Found vertex with:     27 contributors
[3207:its-tracker]:  - Context initialisation completed in: 2.13927 ms
[3207:its-tracker]:  - Tracklet finding completed in: 5.08189 ms
[3207:its-tracker]:  - Cell finding completed in: 1.63151 ms
[3207:its-tracker]:  - Neighbour finding completed in: 0.442858 ms
[3207:its-tracker]:  - Road finding completed in: 0.121094 ms
[3207:its-tracker]:  - Track finding completed in: 13.2541 ms
[3207:its-tracker]:  - Vertex processing completed in: 22.6707ms
[3207:its-tracker]:  - Context initialisation completed in: 0.185443 ms
[3207:its-tracker]:  - Tracklet finding completed in: 3.24908 ms
[3207:its-tracker]:  - Cell finding completed in: 0.260147 ms
[3207:its-tracker]:  - Neighbour finding completed in: 0.035552 ms
[3207:its-tracker]:  - Road finding completed in: 0.011834 ms
[3207:its-tracker]:  - Track finding completed in: 1.16725 ms
[3207:its-tracker]:  - Vertex processing completed in: 4.9093ms
[3207:its-tracker]:  - Context initialisation completed in: 0.060815 ms
[3207:its-tracker]:  - Tracklet finding completed in: 3.25396 ms
[3207:its-tracker]:  - Cell finding completed in: 0.209676 ms
[3207:its-tracker]:  - Neighbour finding completed in: 0.015682 ms
[3207:its-tracker]:  - Road finding completed in: 0.004919 ms
[3207:its-tracker]:  - Track finding completed in: 0.446348 ms
[3207:its-tracker]:  - Vertex processing completed in: 3.9914ms
[3207:its-tracker]:  - Context initialisation completed in: 0.038665 ms
[3207:its-tracker]:  - Tracklet finding completed in: 3.39888 ms
[3207:its-tracker]:  - Cell finding completed in: 0.6107 ms
[3207:its-tracker]:  - Neighbour finding completed in: 0.128801 ms
[3207:its-tracker]:  - Road finding completed in: 0.001208 ms
[3207:its-tracker]:  - Track finding completed in: 0.000581 ms
[3207:its-tracker]:  - Vertex processing completed in: 4.17884ms
[3207:its-tracker]:  - Context initialisation completed in: 0.066312 ms
[3207:its-tracker]:  - Tracklet finding completed in: 3.0477 ms
[3207:its-tracker]:  - Cell finding completed in: 0.193133 ms
[3207:its-tracker]:  - Neighbour finding completed in: 0.010465 ms
[3207:its-tracker]:  - Road finding completed in: 0.000356 ms
[3207:its-tracker]:  - Track finding completed in: 0.00043 ms
[3207:its-tracker]:  - Vertex processing completed in: 3.3184ms
[3207:its-tracker]:  - Context initialisation completed in: 0.034444 ms
[3207:its-tracker]:  - Tracklet finding completed in: 2.96994 ms
[3207:its-tracker]:  - Cell finding completed in: 0.166986 ms
[3207:its-tracker]:  - Neighbour finding completed in: 0.005536 ms
[3207:its-tracker]:  - Road finding completed in: 0.000285 ms
[3207:its-tracker]:  - Track finding completed in: 0.000388 ms
[3207:its-tracker]:  - Vertex processing completed in: 3.17758ms
[3207:its-tracker]: [07:45:47][INFO] Found tracks: 584
[3207:its-tracker]: [07:45:47][INFO] ROframe: 11, clusters loaded : 7397
[3207:its-tracker]:  - Vertexer initialisation completed in: 0.600631 ms
[3207:its-tracker]:  - Tracklet finding completed in: 0.4991 ms
[3207:its-tracker]:  - Adjacent tracklets validation completed in: 0.102087 ms
[3207:its-tracker]:  - Vertex finding completed in: 0.059034 ms
[3207:its-tracker]: 		Found vertex with:    322 contributors
[3207:its-tracker]:  - Context initialisation completed in: 1.74446 ms
[3207:its-tracker]:  - Tracklet finding completed in: 2.15167 ms
[3207:its-tracker]:  - Cell finding completed in: 0.58902 ms
[3207:its-tracker]:  - Neighbour finding completed in: 0.238679 ms
[3207:its-tracker]:  - Road finding completed in: 0.064205 ms
[3207:its-tracker]:  - Track finding completed in: 6.73479 ms
[3207:its-tracker]:  - Vertex processing completed in: 11.5228ms
[3207:its-tracker]:  - Context initialisation completed in: 0.202216 ms
[3207:its-tracker]:  - Tracklet finding completed in: 1.52991 ms
[3207:its-tracker]:  - Cell finding completed in: 0.261863 ms
[3207:its-tracker]:  - Neighbour finding completed in: 0.063531 ms
[3207:its-tracker]:  - Road finding completed in: 0.000779 ms
[3207:its-tracker]:  - Track finding completed in: 0.000282 ms
[3207:its-tracker]:  - Vertex processing completed in: 2.05858ms
[3207:its-tracker]: [07:45:47][INFO] Found tracks: 268
[3207:its-tracker]: [07:45:47][INFO] ROframe: 12, clusters loaded : 1288
[3207:its-tracker]:  - Vertexer initialisation completed in: 0.262175 ms
[3207:its-tracker]:  - Tracklet finding completed in: 0.002299 ms
[3207:its-tracker]:  - Adjacent tracklets validation completed in: 0.00088 ms
[3207:its-tracker]:  - Vertex finding completed in: 0.001296 ms
[3207:its-tracker]: [07:45:47][INFO] Found tracks: 0
[3207:its-tracker]: [07:45:47][INFO] ROframe: 13, clusters loaded : 1220
[3207:its-tracker]:  - Vertexer initialisation completed in: 0.28628 ms
[3207:its-tracker]:  - Tracklet finding completed in: 0.001488 ms
[3207:its-tracker]:  - Adjacent tracklets validation completed in: 0.000429 ms
[3207:its-tracker]:  - Vertex finding completed in: 0.000533 ms
[3207:its-tracker]: [07:45:47][INFO] Found tracks: 0
[3207:its-tracker]: [07:45:47][INFO] ROframe: 14, clusters loaded : 1300
[3207:its-tracker]:  - Vertexer initialisation completed in: 0.299523 ms
[3207:its-tracker]:  - Tracklet finding completed in: 0.000838 ms
[3207:its-tracker]:  - Adjacent tracklets validation completed in: 0.000242 ms
[3207:its-tracker]:  - Vertex finding completed in: 0.000232 ms
[3207:its-tracker]: [07:45:47][INFO] Found tracks: 0
[3207:its-tracker]: [07:45:47][INFO] ROframe: 15, clusters loaded : 1238
[3207:its-tracker]:  - Vertexer initialisation completed in: 0.351122 ms
[3207:its-tracker]:  - Tracklet finding completed in: 0.000978 ms
[3207:its-tracker]:  - Adjacent tracklets validation completed in: 0.000244 ms
[3207:its-tracker]:  - Vertex finding completed in: 0.000262 ms
[3207:its-tracker]: [07:45:47][INFO] Found tracks: 0
[3207:its-tracker]: [07:45:47][INFO] ROframe: 16, clusters loaded : 1285
[3207:its-tracker]:  - Vertexer initialisation completed in: 0.290598 ms
[3207:its-tracker]:  - Tracklet finding completed in: 0.001146 ms
[3207:its-tracker]:  - Adjacent tracklets validation completed in: 0.000253 ms
[3207:its-tracker]:  - Vertex finding completed in: 0.000455 ms
[3207:its-tracker]: [07:45:47][INFO] Found tracks: 0
[3207:its-tracker]: [07:45:47][INFO] ROframe: 17, clusters loaded : 1326
[3207:its-tracker]:  - Vertexer initialisation completed in: 0.285453 ms
[3207:its-tracker]:  - Tracklet finding completed in: 0.003287 ms
[3207:its-tracker]:  - Adjacent tracklets validation completed in: 0.000422 ms
[3207:its-tracker]:  - Vertex finding completed in: 0.000415 ms
[3207:its-tracker]: [07:45:47][INFO] Found tracks: 0
[3207:its-tracker]: [07:45:47][INFO] ROframe: 18, clusters loaded : 1339
[3207:its-tracker]:  - Vertexer initialisation completed in: 0.235775 ms
[3207:its-tracker]:  - Tracklet finding completed in: 0.001459 ms
[3207:its-tracker]:  - Adjacent tracklets validation completed in: 0.000276 ms
[3207:its-tracker]:  - Vertex finding completed in: 0.000287 ms
[3207:its-tracker]: [07:45:47][INFO] Found tracks: 0
[3207:its-tracker]: [07:45:47][INFO] ROframe: 19, clusters loaded : 26766
[3207:its-tracker]:  - Vertexer initialisation completed in: 1.94029 ms
[3207:its-tracker]:  - Tracklet finding completed in: 5.17862 ms
[3207:its-tracker]:  - Adjacent tracklets validation completed in: 1.25608 ms
[3207:its-tracker]:  - Vertex finding completed in: 0.302945 ms
[3207:its-tracker]: 		Found vertex with:    738 contributors
[3207:its-tracker]: 		Found vertex with:    563 contributors
[3207:its-tracker]:  - Context initialisation completed in: 2.7502 ms
[3207:its-tracker]:  - Tracklet finding completed in: 12.4154 ms
[3207:its-tracker]:  - Cell finding completed in: 4.40989 ms
[3207:its-tracker]:  - Neighbour finding completed in: 0.59336 ms
[3207:its-tracker]:  - Road finding completed in: 0.145814 ms
[3207:its-tracker]:  - Track finding completed in: 13.9739 ms
[3207:its-tracker]:  - Vertex processing completed in: 34.2886ms
[3207:its-tracker]:  - Context initialisation completed in: 0.259343 ms
[3207:its-tracker]:  - Tracklet finding completed in: 10.2181 ms
[3207:its-tracker]:  - Cell finding completed in: 2.90272 ms
[3207:its-tracker]:  - Neighbour finding completed in: 0.391053 ms
[3207:its-tracker]:  - Road finding completed in: 0.132908 ms
[3207:its-tracker]:  - Track finding completed in: 12.6535 ms
[3207:its-tracker]:  - Vertex processing completed in: 26.5577ms
[3207:its-tracker]:  - Context initialisation completed in: 0.348432 ms
[3207:its-tracker]:  - Tracklet finding completed in: 8.40095 ms
[3207:its-tracker]:  - Cell finding completed in: 1.63383 ms
[3207:its-tracker]:  - Neighbour finding completed in: 0.161062 ms
[3207:its-tracker]:  - Road finding completed in: 0.001466 ms
[3207:its-tracker]:  - Track finding completed in: 0.000633 ms
[3207:its-tracker]:  - Vertex processing completed in: 10.5464ms
[3207:its-tracker]:  - Context initialisation completed in: 0.140416 ms
[3207:its-tracker]:  - Tracklet finding completed in: 8.14146 ms
[3207:its-tracker]:  - Cell finding completed in: 1.43951 ms
[3207:its-tracker]:  - Neighbour finding completed in: 0.125241 ms
[3207:its-tracker]:  - Road finding completed in: 0.001105 ms
[3207:its-tracker]:  - Track finding completed in: 0.000647 ms
[3207:its-tracker]:  - Vertex processing completed in: 9.84837ms
[3207:its-tracker]: [07:45:47][INFO] Found tracks: 1121
[3207:its-tracker]: [07:45:47][INFO] ROframe: 20, clusters loaded : 6717
[3207:its-tracker]:  - Vertexer initialisation completed in: 0.559852 ms
[3207:its-tracker]:  - Tracklet finding completed in: 0.428525 ms
[3207:its-tracker]:  - Adjacent tracklets validation completed in: 0.090444 ms
[3207:its-tracker]:  - Vertex finding completed in: 0.060815 ms
[3207:its-tracker]: 		Found vertex with:    297 contributors
[3207:its-tracker]:  - Context initialisation completed in: 1.74923 ms
[3207:its-tracker]:  - Tracklet finding completed in: 1.75149 ms
[3207:its-tracker]:  - Cell finding completed in: 0.444636 ms
[3207:its-tracker]:  - Neighbour finding completed in: 0.190875 ms
[3207:its-tracker]:  - Road finding completed in: 0.05351 ms
[3207:its-tracker]:  - Track finding completed in: 5.31077 ms
[3207:its-tracker]:  - Vertex processing completed in: 9.50051ms
[3207:its-tracker]:  - Context initialisation completed in: 0.107226 ms
[3207:its-tracker]:  - Tracklet finding completed in: 1.36713 ms
[3207:its-tracker]:  - Cell finding completed in: 0.207335 ms
[3207:its-tracker]:  - Neighbour finding completed in: 0.05458 ms
[3207:its-tracker]:  - Road finding completed in: 0.00071 ms
[3207:its-tracker]:  - Track finding completed in: 0.000371 ms
[3207:its-tracker]:  - Vertex processing completed in: 1.73735ms
[3207:its-tracker]: [07:45:47][INFO] Found tracks: 237
[3207:its-tracker]: [07:45:47][INFO] ROframe: 21, clusters loaded : 1287
[3207:its-tracker]:  - Vertexer initialisation completed in: 0.240589 ms
[3207:its-tracker]:  - Tracklet finding completed in: 0.002238 ms
[3207:its-tracker]:  - Adjacent tracklets validation completed in: 0.000665 ms
[3207:its-tracker]:  - Vertex finding completed in: 0.000779 ms
[3207:its-tracker]: [07:45:47][INFO] Found tracks: 0
[3207:its-tracker]: [07:45:47][INFO] ROframe: 22, clusters loaded : 72506
[3207:its-tracker]:  - Vertexer initialisation completed in: 5.5694 ms
[3207:its-tracker]:  - Tracklet finding completed in: 45.1437 ms
[3207:its-tracker]:  - Adjacent tracklets validation completed in: 18.6572 ms
[3207:its-tracker]:  - Vertex finding completed in: 1.43735 ms
[3207:its-tracker]: 		Found vertex with:   3765 contributors
[3207:its-tracker]:  - Context initialisation completed in: 5.70965 ms
[3207:its-tracker]:  - Tracklet finding completed in: 68.1261 ms
[3207:its-tracker]:  - Cell finding completed in: 55.0286 ms
[3207:its-tracker]:  - Neighbour finding completed in: 4.03141 ms
[3207:its-tracker]:  - Road finding completed in: 1.68793 ms
[3207:its-tracker]:  - Track finding completed in: 74.2926 ms
[3207:its-tracker]:  - Vertex processing completed in: 208.876ms
[3207:its-tracker]:  - Context initialisation completed in: 1.38022 ms
[3207:its-tracker]:  - Tracklet finding completed in: 33.5763 ms
[3207:its-tracker]:  - Cell finding completed in: 15.5971 ms
[3207:its-tracker]:  - Neighbour finding completed in: 0.903623 ms
[3207:its-tracker]:  - Road finding completed in: 0.005953 ms
[3207:its-tracker]:  - Track finding completed in: 0.000612 ms
[3207:its-tracker]:  - Vertex processing completed in: 51.4638ms
[3207:its-tracker]: [07:45:47][INFO] Found tracks: 3061
[3207:its-tracker]: [07:45:47][INFO] ROframe: 23, clusters loaded : 10275
[3207:its-tracker]:  - Vertexer initialisation completed in: 0.662768 ms
[3207:its-tracker]:  - Tracklet finding completed in: 0.713694 ms
[3207:its-tracker]:  - Adjacent tracklets validation completed in: 0.149051 ms
[3207:its-tracker]:  - Vertex finding completed in: 0.081502 ms
[3207:its-tracker]: 		Found vertex with:    436 contributors
[3207:its-tracker]:  - Context initialisation completed in: 1.90012 ms
[3207:its-tracker]:  - Tracklet finding completed in: 2.9001 ms
[3207:its-tracker]:  - Cell finding completed in: 0.868794 ms
[3207:its-tracker]:  - Neighbour finding completed in: 0.275926 ms
[3207:its-tracker]:  - Road finding completed in: 0.079214 ms
[3207:its-tracker]:  - Track finding completed in: 5.91293 ms
[3207:its-tracker]:  - Vertex processing completed in: 11.9371ms
[3207:its-tracker]:  - Context initialisation completed in: 0.115801 ms
[3207:its-tracker]:  - Tracklet finding completed in: 1.9035 ms
[3207:its-tracker]:  - Cell finding completed in: 0.348101 ms
[3207:its-tracker]:  - Neighbour finding completed in: 0.077291 ms
[3207:its-tracker]:  - Road finding completed in: 0.000852 ms
[3207:its-tracker]:  - Track finding completed in: 0.000515 ms
[3207:its-tracker]:  - Vertex processing completed in: 2.44606ms
[3207:its-tracker]: [07:45:47][INFO] Found tracks: 421
[3207:its-tracker]: [07:45:47][INFO] ROframe: 24, clusters loaded : 1246
[3207:its-tracker]:  - Vertexer initialisation completed in: 0.278357 ms
[3207:its-tracker]:  - Tracklet finding completed in: 0.002262 ms
[3207:its-tracker]:  - Adjacent tracklets validation completed in: 0.000679 ms
[3207:its-tracker]:  - Vertex finding completed in: 0.00096 ms
[3207:its-tracker]: [07:45:47][INFO] Found tracks: 0
[3207:its-tracker]: [07:45:47][INFO] ROframe: 25, clusters loaded : 1241
[3207:its-tracker]:  - Vertexer initialisation completed in: 0.209831 ms
[3207:its-tracker]:  - Tracklet finding completed in: 0.001458 ms
[3207:its-tracker]:  - Adjacent tracklets validation completed in: 0.000383 ms
[3207:its-tracker]:  - Vertex finding completed in: 0.000471 ms
[3207:its-tracker]: [07:45:47][INFO] Found tracks: 0
[3207:its-tracker]: [07:45:47][INFO] ROframe: 26, clusters loaded : 1237
[3207:its-tracker]:  - Vertexer initialisation completed in: 0.219979 ms
[3207:its-tracker]:  - Tracklet finding completed in: 0.002203 ms
[3207:its-tracker]:  - Adjacent tracklets validation completed in: 0.00026 ms
[3207:its-tracker]:  - Vertex finding completed in: 0.000448 ms
[3207:its-tracker]: [07:45:47][INFO] Found tracks: 0
[3207:its-tracker]: [07:45:47][INFO] ROframe: 27, clusters loaded : 13315
[3207:its-tracker]:  - Vertexer initialisation completed in: 0.731481 ms
[3207:its-tracker]:  - Tracklet finding completed in: 0.972773 ms
[3207:its-tracker]:  - Adjacent tracklets validation completed in: 0.186642 ms
[3207:its-tracker]:  - Vertex finding completed in: 0.077928 ms
[3207:its-tracker]: 		Found vertex with:    514 contributors
[3207:its-tracker]:  - Context initialisation completed in: 1.74891 ms
[3207:its-tracker]:  - Tracklet finding completed in: 4.06036 ms
[3207:its-tracker]:  - Cell finding completed in: 1.38974 ms
[3207:its-tracker]:  - Neighbour finding completed in: 0.347884 ms
[3207:its-tracker]:  - Road finding completed in: 0.087524 ms
[3207:its-tracker]:  - Track finding completed in: 6.58451 ms
[3207:its-tracker]:  - Vertex processing completed in: 14.2189ms
[3207:its-tracker]:  - Context initialisation completed in: 0.141974 ms
[3207:its-tracker]:  - Tracklet finding completed in: 2.85431 ms
[3207:its-tracker]:  - Cell finding completed in: 0.550887 ms
[3207:its-tracker]:  - Neighbour finding completed in: 0.090994 ms
[3207:its-tracker]:  - Road finding completed in: 0.001451 ms
[3207:its-tracker]:  - Track finding completed in: 0.000431 ms
[3207:its-tracker]:  - Vertex processing completed in: 3.64004ms
[3207:its-tracker]: [07:45:47][INFO] Found tracks: 486
[3207:its-tracker]: [07:45:47][INFO] ROframe: 28, clusters loaded : 1245
[3207:its-tracker]:  - Vertexer initialisation completed in: 0.220696 ms
[3207:its-tracker]:  - Tracklet finding completed in: 0.003419 ms
[3207:its-tracker]:  - Adjacent tracklets validation completed in: 0.000725 ms
[3207:its-tracker]:  - Vertex finding completed in: 0.000936 ms
[3207:its-tracker]: [07:45:47][INFO] Found tracks: 0
[3207:its-tracker]: [07:45:47][INFO] ROframe: 29, clusters loaded : 1325
[3207:its-tracker]:  - Vertexer initialisation completed in: 0.211682 ms
[3207:its-tracker]:  - Tracklet finding completed in: 0.003476 ms
[3207:its-tracker]:  - Adjacent tracklets validation completed in: 0.000449 ms
[3207:its-tracker]:  - Vertex finding completed in: 0.000524 ms
[3207:its-tracker]: [07:45:47][INFO] Found tracks: 0
[3207:its-tracker]: [07:45:47][INFO] ROframe: 30, clusters loaded : 63488
[3207:its-tracker]:  - Vertexer initialisation completed in: 3.99546 ms
[3207:its-tracker]:  - Tracklet finding completed in: 23.5718 ms
[3207:its-tracker]:  - Adjacent tracklets validation completed in: 10.8688 ms
[3207:its-tracker]:  - Vertex finding completed in: 0.939642 ms
[3207:its-tracker]: 		Found vertex with:   2233 contributors
[3207:its-tracker]: 		Found vertex with:   1059 contributors
[3207:its-tracker]:  - Context initialisation completed in: 4.18398 ms
[3207:its-tracker]:  - Tracklet finding completed in: 41.8933 ms
[3207:its-tracker]:  - Cell finding completed in: 27.7587 ms
[3207:its-tracker]:  - Neighbour finding completed in: 2.10376 ms
[3207:its-tracker]:  - Road finding completed in: 0.774509 ms
[3207:its-tracker]:  - Track finding completed in: 29.5429 ms
[3207:its-tracker]:  - Vertex processing completed in: 106.257ms
[3207:its-tracker]:  - Context initialisation completed in: 0.87615 ms
[3207:its-tracker]:  - Tracklet finding completed in: 31.6 ms
[3207:its-tracker]:  - Cell finding completed in: 12.5249 ms
[3207:its-tracker]:  - Neighbour finding completed in: 0.80426 ms
[3207:its-tracker]:  - Road finding completed in: 0.226277 ms
[3207:its-tracker]:  - Track finding completed in: 15.4409 ms
[3207:its-tracker]:  - Vertex processing completed in: 61.4726ms
[3207:its-tracker]:  - Context initialisation completed in: 0.637504 ms
[3207:its-tracker]:  - Tracklet finding completed in: 26.4445 ms
[3207:its-tracker]:  - Cell finding completed in: 8.70665 ms
[3207:its-tracker]:  - Neighbour finding completed in: 0.698217 ms
[3207:its-tracker]:  - Road finding completed in: 0.004008 ms
[3207:its-tracker]:  - Track finding completed in: 0.000508 ms
[3207:its-tracker]:  - Vertex processing completed in: 36.4914ms
[3207:its-tracker]:  - Context initialisation completed in: 0.450461 ms
[3207:its-tracker]:  - Tracklet finding completed in: 26.6327 ms
[3207:its-tracker]:  - Cell finding completed in: 7.17805 ms
[3207:its-tracker]:  - Neighbour finding completed in: 0.253606 ms
[3207:its-tracker]:  - Road finding completed in: 0.00182 ms
[3207:its-tracker]:  - Track finding completed in: 0.000653 ms
[3207:its-tracker]:  - Vertex processing completed in: 34.5173ms
[3207:its-tracker]: [07:45:47][INFO] Found tracks: 2864
[3207:its-tracker]: [07:45:47][INFO] ROframe: 31, clusters loaded : 1313
[3207:its-tracker]:  - Vertexer initialisation completed in: 0.209991 ms
[3207:its-tracker]:  - Tracklet finding completed in: 0.003921 ms
[3207:its-tracker]:  - Adjacent tracklets validation completed in: 0.000845 ms
[3207:its-tracker]:  - Vertex finding completed in: 0.001102 ms
[3207:its-tracker]: [07:45:47][INFO] Found tracks: 0
[3207:its-tracker]: [07:45:47][INFO] ROframe: 32, clusters loaded : 1346
[3207:its-tracker]:  - Vertexer initialisation completed in: 0.209303 ms
[3207:its-tracker]:  - Tracklet finding completed in: 0.001144 ms
[3207:its-tracker]:  - Adjacent tracklets validation completed in: 0.000353 ms
[3207:its-tracker]:  - Vertex finding completed in: 0.000456 ms
[3207:its-tracker]: [07:45:47][INFO] Found tracks: 0
[3207:its-tracker]: [07:45:47][INFO] ROframe: 33, clusters loaded : 1267
[3207:its-tracker]:  - Vertexer initialisation completed in: 0.219031 ms
[3207:its-tracker]:  - Tracklet finding completed in: 0.001313 ms
[3207:its-tracker]:  - Adjacent tracklets validation completed in: 0.000306 ms
[3207:its-tracker]:  - Vertex finding completed in: 0.000298 ms
[3207:its-tracker]: [07:45:47][INFO] Found tracks: 0
[3207:its-tracker]: [07:45:47][INFO] ROframe: 34, clusters loaded : 1296
[3207:its-tracker]:  - Vertexer initialisation completed in: 0.229201 ms
[3207:its-tracker]:  - Tracklet finding completed in: 0.001027 ms
[3207:its-tracker]:  - Adjacent tracklets validation completed in: 0.000227 ms
[3207:its-tracker]:  - Vertex finding completed in: 0.000195 ms
[3207:its-tracker]: [07:45:47][INFO] Found tracks: 0
[3207:its-tracker]: [07:45:47][INFO] ROframe: 35, clusters loaded : 1199
[3207:its-tracker]:  - Vertexer initialisation completed in: 0.192234 ms
[3207:its-tracker]:  - Tracklet finding completed in: 0.001335 ms
[3207:its-tracker]:  - Adjacent tracklets validation completed in: 0.000274 ms
[3207:its-tracker]:  - Vertex finding completed in: 0.000494 ms
[3207:its-tracker]: [07:45:47][INFO] Found tracks: 0
[3207:its-tracker]: [07:45:47][INFO] ROframe: 36, clusters loaded : 1253
[3207:its-tracker]:  - Vertexer initialisation completed in: 0.194669 ms
[3207:its-tracker]:  - Tracklet finding completed in: 0.000924 ms
[3207:its-tracker]:  - Adjacent tracklets validation completed in: 0.000234 ms
[3207:its-tracker]:  - Vertex finding completed in: 0.000281 ms
[3207:its-tracker]: [07:45:47][INFO] Found tracks: 0
[3207:its-tracker]: [07:45:48][INFO] ROframe: 37, clusters loaded : 39344
[3207:its-tracker]:  - Vertexer initialisation completed in: 2.43172 ms
[3207:its-tracker]:  - Tracklet finding completed in: 9.25175 ms
[3207:its-tracker]:  - Adjacent tracklets validation completed in: 3.12361 ms
[3207:its-tracker]:  - Vertex finding completed in: 0.412684 ms
[3207:its-tracker]: 		Found vertex with:   2116 contributors
[3207:its-tracker]:  - Context initialisation completed in: 2.93654 ms
[3207:its-tracker]:  - Tracklet finding completed in: 20.7189 ms
[3207:its-tracker]:  - Cell finding completed in: 11.8628 ms
[3207:its-tracker]:  - Neighbour finding completed in: 1.57621 ms
[3207:its-tracker]:  - Road finding completed in: 0.710106 ms
[3207:its-tracker]:  - Track finding completed in: 27.0348 ms
[3207:its-tracker]:  - Vertex processing completed in: 64.8394ms
[3207:its-tracker]:  - Context initialisation completed in: 0.670435 ms
[3207:its-tracker]:  - Tracklet finding completed in: 12.9124 ms
[3207:its-tracker]:  - Cell finding completed in: 4.02459 ms
[3207:its-tracker]:  - Neighbour finding completed in: 0.401367 ms
[3207:its-tracker]:  - Road finding completed in: 0.00307 ms
[3207:its-tracker]:  - Track finding completed in: 0.000941 ms
[3207:its-tracker]:  - Vertex processing completed in: 18.0128ms
[3207:its-tracker]: [07:45:48][INFO] Found tracks: 1753
[3207:its-tracker]: [07:45:48][INFO] ROframe: 38, clusters loaded : 81760
[3207:its-tracker]:  - Vertexer initialisation completed in: 5.52796 ms
[3207:its-tracker]:  - Tracklet finding completed in: 42.0804 ms
[3207:its-tracker]:  - Adjacent tracklets validation completed in: 20.6998 ms
[3207:its-tracker]:  - Vertex finding completed in: 1.79116 ms
[3207:its-tracker]: 		Found vertex with:   3306 contributors
[3207:its-tracker]: 		Found vertex with:   1051 contributors
[3207:its-tracker]:  - Context initialisation completed in: 5.13096 ms
[3207:its-tracker]:  - Tracklet finding completed in: 63.5331 ms
[3207:its-tracker]:  - Cell finding completed in: 48.6278 ms
[3207:its-tracker]:  - Neighbour finding completed in: 3.04773 ms
[3207:its-tracker]:  - Road finding completed in: 1.04064 ms
[3207:its-tracker]:  - Track finding completed in: 43.3794 ms
[3207:its-tracker]:  - Vertex processing completed in: 164.76ms
[3207:its-tracker]:  - Context initialisation completed in: 1.36331 ms
[3207:its-tracker]:  - Tracklet finding completed in: 46.5573 ms
[3207:its-tracker]:  - Cell finding completed in: 18.6096 ms
[3207:its-tracker]:  - Neighbour finding completed in: 0.931309 ms
[3207:its-tracker]:  - Road finding completed in: 0.23738 ms
[3207:its-tracker]:  - Track finding completed in: 15.4305 ms
[3207:its-tracker]:  - Vertex processing completed in: 83.1295ms
[3207:its-tracker]:  - Context initialisation completed in: 0.816067 ms
[3207:its-tracker]:  - Tracklet finding completed in: 39.995 ms
[3207:its-tracker]:  - Cell finding completed in: 16.1831 ms
[3207:its-tracker]:  - Neighbour finding completed in: 0.814632 ms
[3207:its-tracker]:  - Road finding completed in: 0.004766 ms
[3207:its-tracker]:  - Track finding completed in: 0.000628 ms
[3207:its-tracker]:  - Vertex processing completed in: 57.8142ms
[3207:its-tracker]:  - Context initialisation completed in: 0.72682 ms
[3207:its-tracker]:  - Tracklet finding completed in: 42.5614 ms
[3207:its-tracker]:  - Cell finding completed in: 12.1887 ms
[3207:its-tracker]:  - Neighbour finding completed in: 0.325298 ms
[3207:its-tracker]:  - Road finding completed in: 0.002494 ms
[3207:its-tracker]:  - Track finding completed in: 0.000661 ms
[3207:its-tracker]:  - Vertex processing completed in: 55.8053ms
[3207:its-tracker]: [07:45:48][INFO] Found tracks: 3579
[3207:its-tracker]: [07:45:48][INFO] ROframe: 39, clusters loaded : 121753
[3207:its-tracker]:  - Vertexer initialisation completed in: 8.32897 ms
[3207:its-tracker]:  - Tracklet finding completed in: 107.402 ms
[3207:its-tracker]:  - Adjacent tracklets validation completed in: 69.0093 ms
[3207:its-tracker]:  - Vertex finding completed in: 3.78157 ms
[3207:its-tracker]: 		Found vertex with:   3146 contributors
[3207:its-tracker]:  - Context initialisation completed in: 7.69895 ms
[3207:its-tracker]:  - Tracklet finding completed in: 134.087 ms
[3207:its-tracker]:  - Cell finding completed in: 147.847 ms
[3207:its-tracker]:  - Neighbour finding completed in: 4.79461 ms
[3207:its-tracker]:  - Road finding completed in: 2.1842 ms
[3207:its-tracker]:  - Track finding completed in: 46.9241 ms
[3207:its-tracker]:  - Vertex processing completed in: 343.536ms
[3207:its-tracker]:  - Context initialisation completed in: 2.34482 ms
[3207:its-tracker]:  - Tracklet finding completed in: 99.7383 ms
[3207:its-tracker]:  - Cell finding completed in: 78.4844 ms
[3207:its-tracker]:  - Neighbour finding completed in: 1.88629 ms
[3207:its-tracker]:  - Road finding completed in: 0.026664 ms
[3207:its-tracker]:  - Track finding completed in: 0.000512 ms
[3207:its-tracker]:  - Vertex processing completed in: 182.481ms
[3207:its-tracker]: [07:45:49][INFO] Found tracks: 2719
[3207:its-tracker]: [07:45:49][INFO] ROframe: 40, clusters loaded : 1522
[3207:its-tracker]:  - Vertexer initialisation completed in: 0.225543 ms
[3207:its-tracker]:  - Tracklet finding completed in: 0.004385 ms
[3207:its-tracker]:  - Adjacent tracklets validation completed in: 0.000773 ms
[3207:its-tracker]:  - Vertex finding completed in: 0.001195 ms
[3207:its-tracker]: [07:45:49][INFO] Found tracks: 0
[3207:its-tracker]: [07:45:49][INFO] ROframe: 41, clusters loaded : 1413
[3207:its-tracker]:  - Vertexer initialisation completed in: 0.192458 ms
[3207:its-tracker]:  - Tracklet finding completed in: 0.007884 ms
[3207:its-tracker]:  - Adjacent tracklets validation completed in: 0.001486 ms
[3207:its-tracker]:  - Vertex finding completed in: 0.007014 ms
[3207:its-tracker]: 		Found vertex with:      3 contributors
[3207:its-tracker]:  - Context initialisation completed in: 1.81811 ms
[3207:its-tracker]:  - Tracklet finding completed in: 0.229692 ms
[3207:its-tracker]:  - Cell finding completed in: 0.007704 ms
[3207:its-tracker]:  - Neighbour finding completed in: 0.005344 ms
[3207:its-tracker]:  - Road finding completed in: 0.002422 ms
[3207:its-tracker]:  - Track finding completed in: 0.351269 ms
[3207:its-tracker]:  - Vertex processing completed in: 2.41454ms
[3207:its-tracker]:  - Context initialisation completed in: 0.005684 ms
[3207:its-tracker]:  - Tracklet finding completed in: 0.154117 ms
[3207:its-tracker]:  - Cell finding completed in: 0.004301 ms
[3207:its-tracker]:  - Neighbour finding completed in: 0.002312 ms
[3207:its-tracker]:  - Road finding completed in: 0.00017 ms
[3207:its-tracker]:  - Track finding completed in: 0.000159 ms
[3207:its-tracker]:  - Vertex processing completed in: 0.166743ms
[3207:its-tracker]: [07:45:49][INFO] Found tracks: 4
[3207:its-tracker]: [07:45:49][INFO] ROframe: 42, clusters loaded : 1219
[3207:its-tracker]:  - Vertexer initialisation completed in: 0.237622 ms
[3207:its-tracker]:  - Tracklet finding completed in: 0.001329 ms
[3207:its-tracker]:  - Adjacent tracklets validation completed in: 0.000513 ms
[3207:its-tracker]:  - Vertex finding completed in: 0.000437 ms
[3207:its-tracker]: [07:45:49][INFO] Found tracks: 0
[3207:its-tracker]: [07:45:49][INFO] ITSTracker pushed 18252 tracks
[3207:its-tracker]: [07:45:49][INFO] ITS CA-Tracker total timing: Cpu: 2.520e+00 Real: 2.556e+00 s in 1 slots
[3208:its-track-writer]: [07:45:49][INFO] ITSTrackWriter pulled 18252 tracks, in 43 RO frames
[INFO] Quitting
[INFO] QUIT_REQUESTED
[3203:internal-dpl-clock]: [07:45:49][INFO] Received device shutdown request (signal 15).
[3203:internal-dpl-clock]: [07:45:49][INFO] Waiting for graceful device shutdown. Hit Ctrl-C again to abort immediately.
[3206:its-cluster-writer]: [07:45:49][INFO] Received device shutdown request (signal 15).
[3206:its-cluster-writer]: [07:45:49][INFO] Waiting for graceful device shutdown. Hit Ctrl-C again to abort immediately.
[3208:its-track-writer]: [07:45:49][INFO] Received device shutdown request (signal 15).
[3208:its-track-writer]: [07:45:49][INFO] Waiting for graceful device shutdown. Hit Ctrl-C again to abort immediately.
[3204:its-digit-reader]: [07:45:49][INFO] Received device shutdown request (signal 15).
[3204:its-digit-reader]: [07:45:49][INFO] Waiting for graceful device shutdown. Hit Ctrl-C again to abort immediately.
[3207:its-tracker]: [07:45:49][INFO] Received device shutdown request (signal 15).
[3207:its-tracker]: [07:45:49][INFO] Waiting for graceful device shutdown. Hit Ctrl-C again to abort immediately.
[3205:its-clusterer]: [07:45:49][INFO] Received device shutdown request (signal 15).
[3205:its-clusterer]: [07:45:49][INFO] Waiting for graceful device shutdown. Hit Ctrl-C again to abort immediately.
[3204:its-digit-reader]: [07:45:49][STATE] RUNNING ---> READY
[3204:its-digit-reader]: [07:45:49][STATE] READY ---> RESETTING TASK
[3204:its-digit-reader]: [07:45:49][STATE] RESETTING TASK ---> DEVICE READY
[3204:its-digit-reader]: [07:45:49][STATE] DEVICE READY ---> RESETTING DEVICE
[3204:its-digit-reader]: [07:45:49][STATE] RESETTING DEVICE ---> IDLE
[3204:its-digit-reader]: [07:45:49][STATE] IDLE ---> EXITING
[3204:its-digit-reader]: [07:45:49][STATE] Exiting FairMQ state machine
[3203:internal-dpl-clock]: [07:45:49][STATE] RUNNING ---> READY
[3203:internal-dpl-clock]: [07:45:49][STATE] READY ---> RESETTING TASK
[3203:internal-dpl-clock]: [07:45:49][STATE] RESETTING TASK ---> DEVICE READY
[3203:internal-dpl-clock]: [07:45:49][STATE] DEVICE READY ---> RESETTING DEVICE
[3203:internal-dpl-clock]: [07:45:49][STATE] RESETTING DEVICE ---> IDLE
[3203:internal-dpl-clock]: [07:45:49][STATE] IDLE ---> EXITING
[3203:internal-dpl-clock]: [07:45:49][STATE] Exiting FairMQ state machine
[3207:its-tracker]: [07:45:49][STATE] RUNNING ---> READY
[3205:its-clusterer]: [07:45:49][STATE] RUNNING ---> READY
[3207:its-tracker]: [07:45:49][STATE] READY ---> RESETTING TASK
[3207:its-tracker]: [07:45:49][STATE] RESETTING TASK ---> DEVICE READY
[3205:its-clusterer]: [07:45:49][STATE] READY ---> RESETTING TASK
[3205:its-clusterer]: [07:45:49][STATE] RESETTING TASK ---> DEVICE READY
[3205:its-clusterer]: [07:45:49][STATE] DEVICE READY ---> RESETTING DEVICE
[3207:its-tracker]: [07:45:49][STATE] DEVICE READY ---> RESETTING DEVICE
[3207:its-tracker]: [07:45:49][STATE] RESETTING DEVICE ---> IDLE
[3207:its-tracker]: [07:45:49][STATE] IDLE ---> EXITING
[3207:its-tracker]: [07:45:49][STATE] Exiting FairMQ state machine
[3205:its-clusterer]: [07:45:49][STATE] RESETTING DEVICE ---> IDLE
[3205:its-clusterer]: [07:45:49][STATE] IDLE ---> EXITING
[3205:its-clusterer]: [07:45:49][STATE] Exiting FairMQ state machine
[3206:its-cluster-writer]: [07:45:50][STATE] RUNNING ---> READY
[3206:its-cluster-writer]: [07:45:50][STATE] READY ---> RESETTING TASK
[3206:its-cluster-writer]: [07:45:50][STATE] RESETTING TASK ---> DEVICE READY
[3206:its-cluster-writer]: [07:45:50][STATE] DEVICE READY ---> RESETTING DEVICE
[3206:its-cluster-writer]: [07:45:50][STATE] RESETTING DEVICE ---> IDLE
[3206:its-cluster-writer]: [07:45:50][STATE] IDLE ---> EXITING
[3206:its-cluster-writer]: [07:45:50][STATE] Exiting FairMQ state machine
[3208:its-track-writer]: [07:45:50][STATE] RUNNING ---> READY
[3208:its-track-writer]: [07:45:50][STATE] READY ---> RESETTING TASK
[3208:its-track-writer]: [07:45:50][STATE] RESETTING TASK ---> DEVICE READY
[3208:its-track-writer]: [07:45:50][STATE] DEVICE READY ---> RESETTING DEVICE
[3208:its-track-writer]: Cleaning up for shared memory id 'b672486d'...
[3208:its-track-writer]: No region counter found. No regions to cleanup.
[3208:its-track-writer]: Successfully removed 'fmq_b672486d_m_0'.
[3208:its-track-writer]: Successfully removed 'fmq_b672486d_mng'.
[3208:its-track-writer]: Successfully removed 'fmq_b672486d_mtx'.
[3208:its-track-writer]: Successfully removed 'fmq_b672486d_cv'.
[3208:its-track-writer]: [07:45:50][STATE] RESETTING DEVICE ---> IDLE
[3208:its-track-writer]: [07:45:50][STATE] IDLE ---> EXITING
[3208:its-track-writer]: [07:45:50][STATE] Exiting FairMQ state machine
[INFO] Dumping used configuration in dpl-config.json
