===============================
execute this script as follows:
./generate_its.sh system region nevents
where:
system = 1 -> pp
       = 2 -> Pb-Pb
region = 1 -> ITS only
       = 2 -> whole detector
===============================
will generate Pb-Pb events
will transport events in the ITS only
Will generate: 20 events
Moving to /eos/user/f/ftorales/its_data/alignment/lbnl_alice_alignment_tasks/2284183/9
/eos/user/f/ftorales/its_data/alignment/lbnl_alice_alignment_tasks/2284183/9

==============================================================================================
1. MC generation run
[INFO] Running with 6 sim workers 
[INFO] CREATING SIM SHARED MEM SEGMENT FOR 6 WORKERS
Spawning particle server on PID 996; Redirect output to o2sim_serverlog
Spawning sim worker 0 on PID 998; Redirect output to o2sim_workerlog0
Spawning hit merger on PID 999; Redirect output to o2sim_mergerlog
[INFO] DISTRIBUTING EVENT : 1
[INFO] EVENT FINISHED : 1
[INFO] DISTRIBUTING EVENT : 2
[INFO] EVENT FINISHED : 2
[INFO] DISTRIBUTING EVENT : 3
[INFO] EVENT FINISHED : 3
[INFO] DISTRIBUTING EVENT : 4
[INFO] EVENT FINISHED : 4
[INFO] DISTRIBUTING EVENT : 5
[INFO] EVENT FINISHED : 5
[INFO] DISTRIBUTING EVENT : 6
[INFO] EVENT FINISHED : 6
[INFO] DISTRIBUTING EVENT : 7
[INFO] EVENT FINISHED : 7
[INFO] DISTRIBUTING EVENT : 8
[INFO] EVENT FINISHED : 8
[INFO] DISTRIBUTING EVENT : 9
[INFO] EVENT FINISHED : 9
[INFO] DISTRIBUTING EVENT : 10
[INFO] EVENT FINISHED : 10
[INFO] DISTRIBUTING EVENT : 11
[INFO] EVENT FINISHED : 11
[INFO] DISTRIBUTING EVENT : 12
[INFO] EVENT FINISHED : 12
[INFO] DISTRIBUTING EVENT : 13
[INFO] EVENT FINISHED : 13
[INFO] DISTRIBUTING EVENT : 14
[INFO] EVENT FINISHED : 14
[INFO] DISTRIBUTING EVENT : 15
[INFO] EVENT FINISHED : 15
[INFO] DISTRIBUTING EVENT : 16
[INFO] EVENT FINISHED : 16
[INFO] DISTRIBUTING EVENT : 17
[INFO] DISTRIBUTING EVENT : 18
[INFO] EVENT FINISHED : 17
[INFO] EVENT FINISHED : 18
[INFO] DISTRIBUTING EVENT : 19
[INFO] EVENT FINISHED : 19
[INFO] DISTRIBUTING EVENT : 20
[INFO] EVENT FINISHED : 20
[INFO] Merger process 999 returned
[INFO] Simulation process took 160.767 s
[INFO] SIMULATION RETURNED SUCCESFULLY

==============================================================================================
2. Hits to digits conversion
Run: 1621489001
Fill:      0
Period: 
LHC State: 
Start: Thu May 20 07:36:44 2021
End  : Thu May 20 07:36:45 2021
Beam0: Z:A =   0:  0, Energy = 0.000
Beam1: Z:A =   0:  0, Energy = 0.000
sqrt[s]    = 0.000
crossing angle (radian) = 0.000000e+00
magnet currents (A) L3 = -30000.000, Dipole = -6000
Detectors: Cont.RO Triggers
      ITS:    -       -    
[INFO] MC-TRUTH 1
[INFO] TPC: GEM setup - initialization from scratch
[INFO] TPC: GEM setup (polya) took 11.72
[INFO] TPC is in grp? no; is skipped? no
[INFO] ITS is in grp? yes; is skipped? no
[INFO] MFT is in grp? no; is skipped? no
[INFO] TOF is in grp? no; is skipped? no
[INFO] FT0 is in grp? no; is skipped? no
[INFO] FV0 is in grp? no; is skipped? no
[INFO] EMC is in grp? no; is skipped? no
[INFO] HMP is in grp? no; is skipped? no
[INFO] ZDC is in grp? no; is skipped? no
[INFO] TRD is in grp? no; is skipped? no
[INFO] MCH is in grp? no; is skipped? no
[INFO] MID is in grp? no; is skipped? no
[INFO] FDD is in grp? no; is skipped? no
[INFO] PHS is in grp? no; is skipped? no
[INFO] CPV is in grp? no; is skipped? no
[INFO] Initialising O2 Data Processing Layer
[INFO] O2 Data Processing Layer initialised. We brake for nobody.
[INFO] Optimised build. O2DEBUG / LOG(DEBUG) / LOGF(DEBUG) / assert statement will not be shown.
[INFO] Redeployment of configuration asked.
[INFO] Starting internal-dpl-clock on pid 2120
[INFO] Starting SimReader on pid 2121
[INFO] Starting ITSDigitizer on pid 2122
[INFO] Starting GRPUpdater on pid 2123
[INFO] Starting ITSDigitWriter on pid 2124
[INFO] Redeployment of configuration done.
[2120:internal-dpl-clock]: [INFO] MC-TRUTH 1
[2122:ITSDigitizer]: [INFO] MC-TRUTH 1
[2123:GRPUpdater]: [INFO] MC-TRUTH 1
[2124:ITSDigitWriter]: [INFO] MC-TRUTH 1
[2121:SimReader]: [INFO] MC-TRUTH 1
[2121:SimReader]: [INFO] Spawing new device SimReader in process with pid 2121
[2122:ITSDigitizer]: [INFO] Spawing new device ITSDigitizer in process with pid 2122
[2120:internal-dpl-clock]: [INFO] Spawing new device internal-dpl-clock in process with pid 2120
[2124:ITSDigitWriter]: [INFO] Spawing new device ITSDigitWriter in process with pid 2124
[2123:GRPUpdater]: [INFO] Spawing new device GRPUpdater in process with pid 2123
[2122:ITSDigitizer]: [07:42:28][INFO] 
[2122:ITSDigitizer]:       ______      _    _______  _________ 
[2122:ITSDigitizer]:      / ____/___ _(_)_______   |/  /_  __ \    version 1.4.29
[2122:ITSDigitizer]:     / /_  / __ `/ / ___/__  /|_/ /_  / / /    build RELWITHDEBINFO
[2122:ITSDigitizer]:    / __/ / /_/ / / /    _  /  / / / /_/ /     https://github.com/FairRootGroup/FairMQ
[2122:ITSDigitizer]:   /_/    \__,_/_/_/     /_/  /_/  \___\_\     LGPL-3.0  © 2012-2020 GSI
[2122:ITSDigitizer]: 
[2124:ITSDigitWriter]: [07:42:28][INFO] 
[2124:ITSDigitWriter]:       ______      _    _______  _________ 
[2124:ITSDigitWriter]:      / ____/___ _(_)_______   |/  /_  __ \    version 1.4.29
[2124:ITSDigitWriter]:     / /_  / __ `/ / ___/__  /|_/ /_  / / /    build RELWITHDEBINFO
[2124:ITSDigitWriter]:    / __/ / /_/ / / /    _  /  / / / /_/ /     https://github.com/FairRootGroup/FairMQ
[2124:ITSDigitWriter]:   /_/    \__,_/_/_/     /_/  /_/  \___\_\     LGPL-3.0  © 2012-2020 GSI
[2124:ITSDigitWriter]: 
[2120:internal-dpl-clock]: [07:42:28][INFO] 
[2120:internal-dpl-clock]:       ______      _    _______  _________ 
[2120:internal-dpl-clock]:      / ____/___ _(_)_______   |/  /_  __ \    version 1.4.29
[2120:internal-dpl-clock]:     / /_  / __ `/ / ___/__  /|_/ /_  / / /    build RELWITHDEBINFO
[2120:internal-dpl-clock]:    / __/ / /_/ / / /    _  /  / / / /_/ /     https://github.com/FairRootGroup/FairMQ
[2120:internal-dpl-clock]:   /_/    \__,_/_/_/     /_/  /_/  \___\_\     LGPL-3.0  © 2012-2020 GSI
[2120:internal-dpl-clock]: 
[2123:GRPUpdater]: [07:42:28][INFO] 
[2123:GRPUpdater]:       ______      _    _______  _________ 
[2123:GRPUpdater]:      / ____/___ _(_)_______   |/  /_  __ \    version 1.4.29
[2123:GRPUpdater]:     / /_  / __ `/ / ___/__  /|_/ /_  / / /    build RELWITHDEBINFO
[2123:GRPUpdater]:    / __/ / /_/ / / /    _  /  / / / /_/ /     https://github.com/FairRootGroup/FairMQ
[2123:GRPUpdater]:   /_/    \__,_/_/_/     /_/  /_/  \___\_\     LGPL-3.0  © 2012-2020 GSI
[2123:GRPUpdater]: 
[2122:ITSDigitizer]: [07:42:28][STATE] Starting FairMQ state machine --> IDLE
[2124:ITSDigitWriter]: [07:42:28][STATE] Starting FairMQ state machine --> IDLE
[2121:SimReader]: [07:42:28][INFO] 
[2121:SimReader]:       ______      _    _______  _________ 
[2121:SimReader]:      / ____/___ _(_)_______   |/  /_  __ \    version 1.4.29
[2121:SimReader]:     / /_  / __ `/ / ___/__  /|_/ /_  / / /    build RELWITHDEBINFO
[2121:SimReader]:    / __/ / /_/ / / /    _  /  / / / /_/ /     https://github.com/FairRootGroup/FairMQ
[2121:SimReader]:   /_/    \__,_/_/_/     /_/  /_/  \___\_\     LGPL-3.0  © 2012-2020 GSI
[2121:SimReader]: 
[2121:SimReader]: [07:42:28][STATE] Starting FairMQ state machine --> IDLE
[2123:GRPUpdater]: [07:42:28][STATE] Starting FairMQ state machine --> IDLE
[2120:internal-dpl-clock]: [07:42:28][STATE] Starting FairMQ state machine --> IDLE
[2120:internal-dpl-clock]: 2021-05-20 07:42:28	Monitoring	[0;49mStdOut backend initialized[0m
[2120:internal-dpl-clock]: [07:42:28][STATE] IDLE ---> INITIALIZING DEVICE
[2122:ITSDigitizer]: 2021-05-20 07:42:28	Monitoring	[0;49mStdOut backend initialized[0m
[2123:GRPUpdater]: 2021-05-20 07:42:28	Monitoring	[0;49mStdOut backend initialized[0m
[2124:ITSDigitWriter]: 2021-05-20 07:42:28	Monitoring	[0;49mStdOut backend initialized[0m
[2120:internal-dpl-clock]: 2021-05-20 07:42:28	Monitoring	[0;49mBuffering enabled (100)[0m
[2120:internal-dpl-clock]: [07:42:28][STATE] INITIALIZING DEVICE ---> INITIALIZED
[2120:internal-dpl-clock]: [07:42:28][STATE] INITIALIZED ---> BINDING
[2120:internal-dpl-clock]: [07:42:28][STATE] BINDING ---> BOUND
[2120:internal-dpl-clock]: [07:42:28][STATE] BOUND ---> CONNECTING
[2120:internal-dpl-clock]: [07:42:28][STATE] CONNECTING ---> DEVICE READY
[2120:internal-dpl-clock]: [07:42:28][STATE] DEVICE READY ---> INITIALIZING TASK
[2120:internal-dpl-clock]: [07:42:28][STATE] INITIALIZING TASK ---> READY
[2120:internal-dpl-clock]: [07:42:28][STATE] READY ---> RUNNING
[2120:internal-dpl-clock]: [07:42:28][INFO] DEVICE: Running...
[2121:SimReader]: 2021-05-20 07:42:28	Monitoring	[0;49mStdOut backend initialized[0m
[2121:SimReader]: [07:42:28][STATE] IDLE ---> INITIALIZING DEVICE
[2121:SimReader]: 2021-05-20 07:42:28	Monitoring	[0;49mBuffering enabled (100)[0m
[2121:SimReader]: [07:42:28][INFO] adding o2sim
[2121:SimReader]: 
[2121:SimReader]: [07:42:28][INFO] INCONTEXTSTRING 
[2121:SimReader]: [07:42:28][INFO] Imposing hadronic interaction rate 50000Hz
[2121:SimReader]: [07:42:28][WARN] No bunch filling provided, impose default one
[2121:SimReader]: [07:42:28][INFO] Deducing mu=0.00771915 per BC from IR=50000 with 576 BCs
[2121:SimReader]: [07:42:28][INFO] InteractionSampler with 576 colliding BCs, mu(BC)= 0.00771915 -> total IR= 50000
[2121:SimReader]: [07:42:28][INFO] Current BCid:    0 Orbit:      1 |T in BC(ns): 0.000(0 coll left)
[2121:SimReader]: [07:42:28][INFO] setting up 1 chains
[2122:ITSDigitizer]: [07:42:28][STATE] IDLE ---> INITIALIZING DEVICE
[2122:ITSDigitizer]: 2021-05-20 07:42:28	Monitoring	[0;49mBuffering enabled (100)[0m
[2122:ITSDigitizer]: [07:42:28][INFO] Initializing geometry service
[2122:ITSDigitizer]: [07:42:28][INFO] Loading geometry FAIRGeom from o2sim_geometry.root
[2123:GRPUpdater]: [07:42:28][STATE] IDLE ---> INITIALIZING DEVICE
[2123:GRPUpdater]: 2021-05-20 07:42:28	Monitoring	[0;49mBuffering enabled (100)[0m
[2123:GRPUpdater]: [07:42:28][STATE] INITIALIZING DEVICE ---> INITIALIZED
[2123:GRPUpdater]: [07:42:28][STATE] INITIALIZED ---> BINDING
[2123:GRPUpdater]: [07:42:28][STATE] BINDING ---> BOUND
[2123:GRPUpdater]: [07:42:28][STATE] BOUND ---> CONNECTING
[2123:GRPUpdater]: [07:42:28][STATE] CONNECTING ---> DEVICE READY
[2123:GRPUpdater]: [07:42:28][STATE] DEVICE READY ---> INITIALIZING TASK
[2123:GRPUpdater]: [07:42:28][STATE] INITIALIZING TASK ---> READY
[2123:GRPUpdater]: [07:42:28][STATE] READY ---> RUNNING
[2123:GRPUpdater]: [07:42:28][INFO] DEVICE: Running...
[2124:ITSDigitWriter]: [07:42:28][STATE] IDLE ---> INITIALIZING DEVICE
[2124:ITSDigitWriter]: 2021-05-20 07:42:28	Monitoring	[0;49mBuffering enabled (100)[0m
[2124:ITSDigitWriter]: [07:42:28][INFO] 0: branch  ITSDigitMCTruth set up
[2124:ITSDigitWriter]: [07:42:28][INFO] 1: branch  ITSDigitMC2ROF set up
[2124:ITSDigitWriter]: [07:42:28][INFO] 2: branch  ITSDigit set up
[2124:ITSDigitWriter]: [07:42:28][INFO] 3: branch  ITSDigitROF set up
[2124:ITSDigitWriter]: [07:42:28][STATE] INITIALIZING DEVICE ---> INITIALIZED
[2124:ITSDigitWriter]: [07:42:28][STATE] INITIALIZED ---> BINDING
[2124:ITSDigitWriter]: [07:42:28][STATE] BINDING ---> BOUND
[2124:ITSDigitWriter]: [07:42:28][STATE] BOUND ---> CONNECTING
[2124:ITSDigitWriter]: [07:42:28][STATE] CONNECTING ---> DEVICE READY
[2124:ITSDigitWriter]: [07:42:28][STATE] DEVICE READY ---> INITIALIZING TASK
[2124:ITSDigitWriter]: [07:42:28][STATE] INITIALIZING TASK ---> READY
[2124:ITSDigitWriter]: [07:42:28][STATE] READY ---> RUNNING
[2124:ITSDigitWriter]: [07:42:28][INFO] DEVICE: Running...
[2122:ITSDigitizer]: Info in <TGeoManager::CloseGeometry>: Geometry loaded from file...
[2122:ITSDigitizer]: Info in <TGeoManager::SetTopVolume>: Top volume is cave. Master volume is cave
[2122:ITSDigitizer]: Info in <TGeoNavigator::BuildCache>: --- Maximum geometry depth set to 100
[2122:ITSDigitizer]: Info in <TGeoManager::CloseGeometry>: Voxelization retrieved from file
[2122:ITSDigitizer]: Info in <TGeoManager::CountLevels>: max level = 9, max placements = 126
[2122:ITSDigitizer]: Info in <TGeoManager::CloseGeometry>: 179840 nodes/ 399 volume UID's in FAIR geometry
[2122:ITSDigitizer]: Info in <TGeoManager::CloseGeometry>: ----------------modeler ready----------------
[2122:ITSDigitizer]: [07:42:30][INFO] Initializing field service
[2121:SimReader]: [07:42:30][INFO] Automatic deduction of number of collisions ... will just take number of background entries 20
[2121:SimReader]: Summary of DigitizationContext --
[2121:SimReader]: Parts per collision 1
[2121:SimReader]: Collision parts taken from simulations specified by prefix:
[2121:SimReader]: Number of Collisions 20
[2121:SimReader]: Collision 0 TIME BCid:   10 Orbit:      1 |T in BC(ns): 0.503 (0 , 0)
[2121:SimReader]: Collision 1 TIME BCid:  212 Orbit:      1 |T in BC(ns): -0.157 (0 , 1)
[2121:SimReader]: Collision 2 TIME BCid:  466 Orbit:      1 |T in BC(ns): 0.030 (0 , 2)
[2121:SimReader]: Collision 3 TIME BCid:  630 Orbit:      1 |T in BC(ns): 0.354 (0 , 3)
[2121:SimReader]: Collision 4 TIME BCid: 1182 Orbit:      1 |T in BC(ns): -0.003 (0 , 4)
[2121:SimReader]: Collision 5 TIME BCid: 1566 Orbit:      1 |T in BC(ns): 0.034 (0 , 5)
[2121:SimReader]: Collision 6 TIME BCid: 1570 Orbit:      1 |T in BC(ns): -0.030 (0 , 6)
[2121:SimReader]: Collision 7 TIME BCid: 1994 Orbit:      1 |T in BC(ns): -0.084 (0 , 7)
[2121:SimReader]: Collision 8 TIME BCid:    6 Orbit:      2 |T in BC(ns): 0.069 (0 , 8)
[2121:SimReader]: Collision 9 TIME BCid:  234 Orbit:      2 |T in BC(ns): 0.141 (0 , 9)
[2121:SimReader]: Collision 10 TIME BCid:  822 Orbit:      2 |T in BC(ns): -0.159 (0 , 10)
[2121:SimReader]: Collision 11 TIME BCid: 1928 Orbit:      2 |T in BC(ns): 0.036 (0 , 11)
[2121:SimReader]: Collision 12 TIME BCid: 1970 Orbit:      2 |T in BC(ns): 0.079 (0 , 12)
[2121:SimReader]: Collision 13 TIME BCid:   56 Orbit:      3 |T in BC(ns): -0.150 (0 , 13)
[2121:SimReader]: Collision 14 TIME BCid:  966 Orbit:      3 |T in BC(ns): -0.173 (0 , 14)
[2121:SimReader]: Collision 15 TIME BCid: 1230 Orbit:      3 |T in BC(ns): -0.126 (0 , 15)
[2121:SimReader]: Collision 16 TIME BCid: 1388 Orbit:      3 |T in BC(ns): -0.081 (0 , 16)
[2121:SimReader]: Collision 17 TIME BCid:  792 Orbit:      4 |T in BC(ns): -0.218 (0 , 17)
[2121:SimReader]: Collision 18 TIME BCid: 2140 Orbit:      4 |T in BC(ns): -0.097 (0 , 18)
[2121:SimReader]: Collision 19 TIME BCid: 1360 Orbit:      5 |T in BC(ns): 0.129 (0 , 19)
[2121:SimReader]: [07:42:30][INFO] Initializing Spec ... have 20 times 
[2121:SimReader]: [07:42:30][INFO] Serializing Context for later reuse
[2122:ITSDigitizer]: [07:42:30][INFO] MagneticField::Print: MagneticFieldMap:
[2122:ITSDigitizer]: [07:42:30][INFO] MagneticField::Print: Solenoid (-1*)5 kG, Dipole ON (-1) 
[2122:ITSDigitizer]: [07:42:30][INFO] MagneticField::Print: Machine B fields for p-p  beam (7000 GeV): QGrad: 22.0002 Dipole: 37.8781
[2122:ITSDigitizer]: [07:42:30][INFO] MagneticField::Print: Uses Sol30_Dip6_Hole  of /cvmfs/alice.cern.ch/el7-x86_64/Packages/O2/nightly-20210129-1/share/Common/maps/mfchebKGI_sym.root
[2122:ITSDigitizer]: Info in <TGeoGlobalMagField::SetField>: Global magnetic field set to <MagneticFieldMap>
[2122:ITSDigitizer]: Info in <TGeoGlobalMagField::Lock>: Global magnetic field <MagneticFieldMap> is now locked
[2122:ITSDigitizer]: [07:42:30][INFO] Set Alpide charge threshold to 150, single hit will be accounted from 15 electrons
[2122:ITSDigitizer]: [07:42:30][INFO] ITS simulated in CONTINUOUS RO mode
[2122:ITSDigitizer]: [07:42:30][INFO] Loading ITS L2G matrices from TGeo
[2121:SimReader]: [07:42:30][STATE] INITIALIZING DEVICE ---> INITIALIZED
[2121:SimReader]: [07:42:30][STATE] INITIALIZED ---> BINDING
[2121:SimReader]: [07:42:30][STATE] BINDING ---> BOUND
[2121:SimReader]: [07:42:30][STATE] BOUND ---> CONNECTING
[2121:SimReader]: [07:42:30][STATE] CONNECTING ---> DEVICE READY
[2121:SimReader]: [07:42:30][STATE] DEVICE READY ---> INITIALIZING TASK
[2121:SimReader]: [07:42:30][STATE] INITIALIZING TASK ---> READY
[2121:SimReader]: [07:42:30][STATE] READY ---> RUNNING
[2121:SimReader]: [07:42:30][INFO] DEVICE: Running...
[2121:SimReader]: [07:42:30][INFO] SENDING SOMETHING TO OTHERS
[2122:ITSDigitizer]: Alpide response object of 40500 matrices to map chagre in xyz to 5x5 pixels
[2122:ITSDigitizer]: X(col) range: +0.000000e+00 : +1.462000e-03 | step: 5.000000e-05 | Nbins: 30
[2122:ITSDigitizer]: Y(row) range: +0.000000e+00 : +1.344000e-03 | step: 5.000000e-05 | Nbins: 27
[2122:ITSDigitizer]: Z(dpt) range: -2.000000e-03 : +2.500000e-03 | step: 8.999999e-05 | Nbins: 50
[2122:ITSDigitizer]: Alpide digitization params:
[2122:ITSDigitizer]: Continuous readout             : ON
[2122:ITSDigitizer]: Readout Frame Length(ns)       : 9880.510742
[2122:ITSDigitizer]: Strobe delay (ns)              : 99.803139
[2122:ITSDigitizer]: Strobe length (ns)             : 9780.708008
[2122:ITSDigitizer]: Threshold (N electrons)        : 150
[2122:ITSDigitizer]: Min N electrons to accoint     : 15
[2122:ITSDigitizer]: Number of charge sharing steps : 7
[2122:ITSDigitizer]: ELoss to N electrons factor    : 2.777778e+08
[2122:ITSDigitizer]: Noise level per pixel          : 1.000000e-07
[2122:ITSDigitizer]: Charge time-response:
[2122:ITSDigitizer]: o2::itsmft::AlpideSignalTrapezoid | Duration: 7500.0 MaxRiseTime: 1100.0 (RiseTime=0 at q=450.0) (ns)
[2122:ITSDigitizer]: [07:42:32][STATE] INITIALIZING DEVICE ---> INITIALIZED
[2122:ITSDigitizer]: [07:42:32][STATE] INITIALIZED ---> BINDING
[2122:ITSDigitizer]: [07:42:32][STATE] BINDING ---> BOUND
[2122:ITSDigitizer]: [07:42:32][STATE] BOUND ---> CONNECTING
[2122:ITSDigitizer]: [07:42:32][STATE] CONNECTING ---> DEVICE READY
[2122:ITSDigitizer]: [07:42:32][STATE] DEVICE READY ---> INITIALIZING TASK
[2122:ITSDigitizer]: [07:42:32][STATE] INITIALIZING TASK ---> READY
[2122:ITSDigitizer]: [07:42:32][STATE] READY ---> RUNNING
[2122:ITSDigitizer]: [07:42:32][INFO] DEVICE: Running...
[2122:ITSDigitizer]: [07:42:32][INFO] GOT 20 COLLISSION TIMES
[2122:ITSDigitizer]: [07:42:32][INFO] SIMCHAINS 1
[2122:ITSDigitizer]: [07:42:32][INFO]  CALLING ITS DIGITIZATION 
[2122:ITSDigitizer]: [07:42:34][INFO] Digitizing ITS hits of entry 0 from source 0 at time BCid:   10 Orbit:      1 |T in BC(ns): 0.503 ROFrame= 9) cont.mode: 1 Min/Max ROFrames 0/8
[2122:ITSDigitizer]: [07:42:34][INFO] Filling ITS digits output for RO frames 0:8
[2122:ITSDigitizer]: ROF: 0 | 1283 entries starting from 0
[2122:ITSDigitizer]: BCid:    0 Orbit:      0
[2122:ITSDigitizer]: ROF: 1 | 1267 entries starting from 1283
[2122:ITSDigitizer]: BCid:  396 Orbit:      0
[2122:ITSDigitizer]: ROF: 2 | 1323 entries starting from 2550
[2122:ITSDigitizer]: BCid:  792 Orbit:      0
[2122:ITSDigitizer]: ROF: 3 | 1229 entries starting from 3873
[2122:ITSDigitizer]: BCid: 1188 Orbit:      0
[2122:ITSDigitizer]: ROF: 4 | 1245 entries starting from 5102
[2122:ITSDigitizer]: BCid: 1584 Orbit:      0
[2122:ITSDigitizer]: ROF: 5 | 1248 entries starting from 6347
[2122:ITSDigitizer]: BCid: 1980 Orbit:      0
[2122:ITSDigitizer]: ROF: 6 | 1259 entries starting from 7595
[2122:ITSDigitizer]: BCid: 2376 Orbit:      0
[2122:ITSDigitizer]: ROF: 7 | 1258 entries starting from 8854
[2122:ITSDigitizer]: BCid: 2772 Orbit:      0
[2122:ITSDigitizer]: ROF: 8 | 1247 entries starting from 10112
[2122:ITSDigitizer]: BCid: 3168 Orbit:      0
[2122:ITSDigitizer]: [07:42:34][INFO] Added 11359 digits 
[2122:ITSDigitizer]: [07:42:34][INFO] Digitizing ITS hits of entry 1 from source 0 at time BCid:  212 Orbit:      1 |T in BC(ns): -0.157 ROFrame= 9) cont.mode: 1 Min/Max ROFrames 9/10
[2122:ITSDigitizer]: [07:42:34][INFO] Digitizing ITS hits of entry 2 from source 0 at time BCid:  466 Orbit:      1 |T in BC(ns): 0.030 ROFrame= 10) cont.mode: 1 Min/Max ROFrames 9/11
[2122:ITSDigitizer]: [07:42:34][INFO] Filling ITS digits output for RO frames 9:9
[2122:ITSDigitizer]: ROF: 9 | 101734 entries starting from 11359
[2122:ITSDigitizer]: BCid:    0 Orbit:      1
[2122:ITSDigitizer]: MCEventID: 0 ROFs: 9-10 Entry in ROFRecords: 9
[2122:ITSDigitizer]: MCEventID: 1 ROFs: 9-11 Entry in ROFRecords: 9
[2122:ITSDigitizer]: [07:42:35][INFO] Added 101734 digits 
[2122:ITSDigitizer]: [07:42:35][INFO] Digitizing ITS hits of entry 3 from source 0 at time BCid:  630 Orbit:      1 |T in BC(ns): 0.354 ROFrame= 10) cont.mode: 1 Min/Max ROFrames 10/11
[2122:ITSDigitizer]: [07:42:35][INFO] Digitizing ITS hits of entry 4 from source 0 at time BCid: 1182 Orbit:      1 |T in BC(ns): -0.003 ROFrame= 11) cont.mode: 1 Min/Max ROFrames 10/12
[2122:ITSDigitizer]: [07:42:35][INFO] Filling ITS digits output for RO frames 10:10
[2122:ITSDigitizer]: ROF: 10 | 183684 entries starting from 113093
[2122:ITSDigitizer]: BCid:  396 Orbit:      1
[2122:ITSDigitizer]: MCEventID: 2 ROFs: 10-11 Entry in ROFRecords: 10
[2122:ITSDigitizer]: MCEventID: 3 ROFs: 10-12 Entry in ROFRecords: 10
[2122:ITSDigitizer]: [07:42:35][INFO] Added 183684 digits 
[2122:ITSDigitizer]: [07:42:35][INFO] Digitizing ITS hits of entry 5 from source 0 at time BCid: 1566 Orbit:      1 |T in BC(ns): 0.034 ROFrame= 12) cont.mode: 1 Min/Max ROFrames 11/14
[2122:ITSDigitizer]: [07:42:35][INFO] Filling ITS digits output for RO frames 11:11
[2122:ITSDigitizer]: ROF: 11 | 154076 entries starting from 296777
[2122:ITSDigitizer]: BCid:  792 Orbit:      1
[2122:ITSDigitizer]: MCEventID: 4 ROFs: 11-13 Entry in ROFRecords: 11
[2122:ITSDigitizer]: [07:42:35][INFO] Added 154076 digits 
[2122:ITSDigitizer]: [07:42:36][INFO] Digitizing ITS hits of entry 6 from source 0 at time BCid: 1570 Orbit:      1 |T in BC(ns): -0.030 ROFrame= 12) cont.mode: 1 Min/Max ROFrames 12/14
[2122:ITSDigitizer]: [07:42:36][INFO] Digitizing ITS hits of entry 7 from source 0 at time BCid: 1994 Orbit:      1 |T in BC(ns): -0.084 ROFrame= 14) cont.mode: 1 Min/Max ROFrames 12/14
[2122:ITSDigitizer]: [07:42:36][INFO] Filling ITS digits output for RO frames 12:13
[2122:ITSDigitizer]: ROF: 12 | 162609 entries starting from 450853
[2122:ITSDigitizer]: BCid: 1188 Orbit:      1
[2122:ITSDigitizer]: MCEventID: 5 ROFs: 12-13 Entry in ROFRecords: 12
[2122:ITSDigitizer]: MCEventID: 6 ROFs: 12-14 Entry in ROFRecords: 12
[2122:ITSDigitizer]: ROF: 13 | 69319 entries starting from 613462
[2122:ITSDigitizer]: BCid: 1584 Orbit:      1
[2122:ITSDigitizer]: [07:42:36][INFO] Added 231928 digits 
[2122:ITSDigitizer]: [07:42:36][INFO] Digitizing ITS hits of entry 8 from source 0 at time BCid:    6 Orbit:      2 |T in BC(ns): 0.069 ROFrame= 18) cont.mode: 1 Min/Max ROFrames 14/17
[2122:ITSDigitizer]: [07:42:36][INFO] Filling ITS digits output for RO frames 14:17
[2122:ITSDigitizer]: ROF: 14 | 31283 entries starting from 682781
[2122:ITSDigitizer]: BCid: 1980 Orbit:      1
[2122:ITSDigitizer]: MCEventID: 7 ROFs: 14-15 Entry in ROFRecords: 14
[2122:ITSDigitizer]: ROF: 15 | 1387 entries starting from 714064
[2122:ITSDigitizer]: BCid: 2376 Orbit:      1
[2122:ITSDigitizer]: ROF: 16 | 1167 entries starting from 715451
[2122:ITSDigitizer]: BCid: 2772 Orbit:      1
[2122:ITSDigitizer]: ROF: 17 | 1231 entries starting from 716618
[2122:ITSDigitizer]: BCid: 3168 Orbit:      1
[2122:ITSDigitizer]: [07:42:36][INFO] Added 35068 digits 
[2122:ITSDigitizer]: [07:42:36][INFO] Digitizing ITS hits of entry 9 from source 0 at time BCid:  234 Orbit:      2 |T in BC(ns): 0.141 ROFrame= 18) cont.mode: 1 Min/Max ROFrames 18/18
[2122:ITSDigitizer]: [07:42:37][INFO] Digitizing ITS hits of entry 10 from source 0 at time BCid:  822 Orbit:      2 |T in BC(ns): -0.159 ROFrame= 20) cont.mode: 1 Min/Max ROFrames 18/21
[2122:ITSDigitizer]: [07:42:37][INFO] Filling ITS digits output for RO frames 18:19
[2122:ITSDigitizer]: ROF: 18 | 139757 entries starting from 717849
[2122:ITSDigitizer]: BCid:    0 Orbit:      2
[2122:ITSDigitizer]: MCEventID: 8 ROFs: 18-18 Entry in ROFRecords: 18
[2122:ITSDigitizer]: MCEventID: 9 ROFs: 18-20 Entry in ROFRecords: 18
[2122:ITSDigitizer]: ROF: 19 | 139323 entries starting from 857606
[2122:ITSDigitizer]: BCid:  396 Orbit:      2
[2122:ITSDigitizer]: [07:42:37][INFO] Added 279080 digits 
[2122:ITSDigitizer]: [07:42:37][INFO] Digitizing ITS hits of entry 11 from source 0 at time BCid: 1928 Orbit:      2 |T in BC(ns): 0.036 ROFrame= 22) cont.mode: 1 Min/Max ROFrames 20/21
[2122:ITSDigitizer]: [07:42:37][INFO] Filling ITS digits output for RO frames 20:21
[2122:ITSDigitizer]: ROF: 20 | 122816 entries starting from 996929
[2122:ITSDigitizer]: BCid:  792 Orbit:      2
[2122:ITSDigitizer]: MCEventID: 10 ROFs: 20-21 Entry in ROFRecords: 20
[2122:ITSDigitizer]: ROF: 21 | 1658 entries starting from 1119745
[2122:ITSDigitizer]: BCid: 1188 Orbit:      2
[2122:ITSDigitizer]: [07:42:37][INFO] Added 124474 digits 
[2122:ITSDigitizer]: [07:42:37][INFO] Digitizing ITS hits of entry 12 from source 0 at time BCid: 1970 Orbit:      2 |T in BC(ns): 0.079 ROFrame= 22) cont.mode: 1 Min/Max ROFrames 22/24
[2122:ITSDigitizer]: [07:42:38][INFO] Digitizing ITS hits of entry 13 from source 0 at time BCid:   56 Orbit:      3 |T in BC(ns): -0.150 ROFrame= 27) cont.mode: 1 Min/Max ROFrames 22/26
[2122:ITSDigitizer]: [07:42:38][INFO] Filling ITS digits output for RO frames 22:26
[2122:ITSDigitizer]: ROF: 22 | 188897 entries starting from 1121403
[2122:ITSDigitizer]: BCid: 1584 Orbit:      2
[2122:ITSDigitizer]: MCEventID: 11 ROFs: 22-24 Entry in ROFRecords: 22
[2122:ITSDigitizer]: MCEventID: 12 ROFs: 22-24 Entry in ROFRecords: 22
[2122:ITSDigitizer]: ROF: 23 | 208678 entries starting from 1310300
[2122:ITSDigitizer]: BCid: 1980 Orbit:      2
[2122:ITSDigitizer]: ROF: 24 | 1493 entries starting from 1518978
[2122:ITSDigitizer]: BCid: 2376 Orbit:      2
[2122:ITSDigitizer]: ROF: 25 | 1240 entries starting from 1520471
[2122:ITSDigitizer]: BCid: 2772 Orbit:      2
[2122:ITSDigitizer]: ROF: 26 | 1288 entries starting from 1521711
[2122:ITSDigitizer]: BCid: 3168 Orbit:      2
[2122:ITSDigitizer]: [07:42:38][INFO] Added 401596 digits 
[2122:ITSDigitizer]: [07:42:38][INFO] Digitizing ITS hits of entry 14 from source 0 at time BCid:  966 Orbit:      3 |T in BC(ns): -0.173 ROFrame= 29) cont.mode: 1 Min/Max ROFrames 27/28
[2122:ITSDigitizer]: [07:42:38][INFO] Filling ITS digits output for RO frames 27:28
[2122:ITSDigitizer]: ROF: 27 | 3020 entries starting from 1522999
[2122:ITSDigitizer]: BCid:    0 Orbit:      3
[2122:ITSDigitizer]: MCEventID: 13 ROFs: 27-28 Entry in ROFRecords: 27
[2122:ITSDigitizer]: ROF: 28 | 1271 entries starting from 1526019
[2122:ITSDigitizer]: BCid:  396 Orbit:      3
[2122:ITSDigitizer]: [07:42:38][INFO] Added 4291 digits 
[2122:ITSDigitizer]: [07:42:38][INFO] Digitizing ITS hits of entry 15 from source 0 at time BCid: 1230 Orbit:      3 |T in BC(ns): -0.126 ROFrame= 30) cont.mode: 1 Min/Max ROFrames 29/31
[2122:ITSDigitizer]: [07:42:38][INFO] Filling ITS digits output for RO frames 29:29
[2122:ITSDigitizer]: ROF: 29 | 114725 entries starting from 1527290
[2122:ITSDigitizer]: BCid:  792 Orbit:      3
[2122:ITSDigitizer]: MCEventID: 14 ROFs: 29-31 Entry in ROFRecords: 29
[2122:ITSDigitizer]: [07:42:39][INFO] Added 114725 digits 
[2122:ITSDigitizer]: [07:42:39][INFO] Digitizing ITS hits of entry 16 from source 0 at time BCid: 1388 Orbit:      3 |T in BC(ns): -0.081 ROFrame= 30) cont.mode: 1 Min/Max ROFrames 30/31
[2122:ITSDigitizer]: [07:42:39][INFO] Digitizing ITS hits of entry 17 from source 0 at time BCid:  792 Orbit:      4 |T in BC(ns): -0.218 ROFrame= 37) cont.mode: 1 Min/Max ROFrames 30/36
[2122:ITSDigitizer]: [07:42:39][INFO] Filling ITS digits output for RO frames 30:36
[2122:ITSDigitizer]: ROF: 30 | 166383 entries starting from 1642015
[2122:ITSDigitizer]: BCid: 1188 Orbit:      3
[2122:ITSDigitizer]: MCEventID: 15 ROFs: 30-31 Entry in ROFRecords: 30
[2122:ITSDigitizer]: MCEventID: 16 ROFs: 30-31 Entry in ROFRecords: 30
[2122:ITSDigitizer]: ROF: 31 | 2178 entries starting from 1808398
[2122:ITSDigitizer]: BCid: 1584 Orbit:      3
[2122:ITSDigitizer]: ROF: 32 | 1262 entries starting from 1810576
[2122:ITSDigitizer]: BCid: 1980 Orbit:      3
[2122:ITSDigitizer]: ROF: 33 | 1305 entries starting from 1811838
[2122:ITSDigitizer]: BCid: 2376 Orbit:      3
[2122:ITSDigitizer]: ROF: 34 | 1194 entries starting from 1813143
[2122:ITSDigitizer]: BCid: 2772 Orbit:      3
[2122:ITSDigitizer]: ROF: 35 | 1257 entries starting from 1814337
[2122:ITSDigitizer]: BCid: 3168 Orbit:      3
[2122:ITSDigitizer]: ROF: 36 | 1253 entries starting from 1815594
[2122:ITSDigitizer]: BCid:    0 Orbit:      4
[2122:ITSDigitizer]: [07:42:39][INFO] Added 174832 digits 
[2122:ITSDigitizer]: [07:42:39][INFO] Digitizing ITS hits of entry 18 from source 0 at time BCid: 2140 Orbit:      4 |T in BC(ns): -0.097 ROFrame= 41) cont.mode: 1 Min/Max ROFrames 37/40
[2122:ITSDigitizer]: [07:42:39][INFO] Filling ITS digits output for RO frames 37:40
[2122:ITSDigitizer]: ROF: 37 | 4813 entries starting from 1816847
[2122:ITSDigitizer]: BCid:  396 Orbit:      4
[2122:ITSDigitizer]: MCEventID: 17 ROFs: 37-39 Entry in ROFRecords: 37
[2122:ITSDigitizer]: ROF: 38 | 6747 entries starting from 1821660
[2122:ITSDigitizer]: BCid:  792 Orbit:      4
[2122:ITSDigitizer]: ROF: 39 | 1297 entries starting from 1828407
[2122:ITSDigitizer]: BCid: 1188 Orbit:      4
[2122:ITSDigitizer]: ROF: 40 | 1295 entries starting from 1829704
[2122:ITSDigitizer]: BCid: 1584 Orbit:      4
[2122:ITSDigitizer]: [07:42:40][INFO] Added 14152 digits 
[2122:ITSDigitizer]: [07:42:40][INFO] Digitizing ITS hits of entry 19 from source 0 at time BCid: 1360 Orbit:      5 |T in BC(ns): 0.129 ROFrame= 48) cont.mode: 1 Min/Max ROFrames 41/47
[2122:ITSDigitizer]: [07:42:40][INFO] Filling ITS digits output for RO frames 41:47
[2122:ITSDigitizer]: ROF: 41 | 218002 entries starting from 1830999
[2122:ITSDigitizer]: BCid: 1980 Orbit:      4
[2122:ITSDigitizer]: MCEventID: 18 ROFs: 41-42 Entry in ROFRecords: 41
[2122:ITSDigitizer]: ROF: 42 | 217970 entries starting from 2049001
[2122:ITSDigitizer]: BCid: 2376 Orbit:      4
[2122:ITSDigitizer]: ROF: 43 | 1250 entries starting from 2266971
[2122:ITSDigitizer]: BCid: 2772 Orbit:      4
[2122:ITSDigitizer]: ROF: 44 | 1276 entries starting from 2268221
[2122:ITSDigitizer]: BCid: 3168 Orbit:      4
[2122:ITSDigitizer]: ROF: 45 | 1256 entries starting from 2269497
[2122:ITSDigitizer]: BCid:    0 Orbit:      5
[2122:ITSDigitizer]: ROF: 46 | 1299 entries starting from 2270753
[2122:ITSDigitizer]: BCid:  396 Orbit:      5
[2122:ITSDigitizer]: ROF: 47 | 1277 entries starting from 2272052
[2122:ITSDigitizer]: BCid:  792 Orbit:      5
[2122:ITSDigitizer]: [07:42:40][INFO] Added 442330 digits 
[2122:ITSDigitizer]: [07:42:40][INFO] Filling ITS digits output for RO frames 48:50
[2122:ITSDigitizer]: ROF: 48 | 94027 entries starting from 2273329
[2122:ITSDigitizer]: BCid: 1188 Orbit:      5
[2122:ITSDigitizer]: MCEventID: 19 ROFs: 48-50 Entry in ROFRecords: 48
[2122:ITSDigitizer]: ROF: 49 | 93996 entries starting from 2367356
[2122:ITSDigitizer]: BCid: 1584 Orbit:      5
[2122:ITSDigitizer]: ROF: 50 | 1290 entries starting from 2461352
[2122:ITSDigitizer]: BCid: 1980 Orbit:      5
[2122:ITSDigitizer]: [07:42:40][INFO] Added 189313 digits 
[2122:ITSDigitizer]: [07:42:40][INFO] ITS: Sending ROMode= 3 to GRPUpdater
[2122:ITSDigitizer]: [07:42:40][INFO] Digitization took 6.4s
[2123:GRPUpdater]: [07:42:40][INFO] Updated GRP in o2sim_grp.root for detectors RO mode
[2124:ITSDigitWriter]: [07:42:40][INFO] WRITING 2476350 LABELS 
[2123:GRPUpdater]: Run: 1621489001
[2123:GRPUpdater]: Fill:      0
[2123:GRPUpdater]: Period: 
[2123:GRPUpdater]: LHC State: 
[2123:GRPUpdater]: Start: Thu May 20 07:36:44 2021
[2123:GRPUpdater]: End  : Thu May 20 07:36:45 2021
[2123:GRPUpdater]: Beam0: Z:A =   0:  0, Energy = 0.000
[2123:GRPUpdater]: Beam1: Z:A =   0:  0, Energy = 0.000
[2123:GRPUpdater]: sqrt[s]    = 0.000
[2123:GRPUpdater]: crossing angle (radian) = 0.000000e+00
[2123:GRPUpdater]: magnet currents (A) L3 = -30000.000, Dipole = -6000
[2123:GRPUpdater]: Detectors: Cont.RO Triggers
[2123:GRPUpdater]:       ITS:    +       -    
[2124:ITSDigitWriter]: [07:42:41][INFO] RECEIVED DIGITS SIZE 2462642
[INFO] Quitting
[INFO] QUIT_REQUESTED
[2122:ITSDigitizer]: [07:42:42][INFO] Received device shutdown request (signal 15).
[2122:ITSDigitizer]: [07:42:42][INFO] Waiting for graceful device shutdown. Hit Ctrl-C again to abort immediately.
[2123:GRPUpdater]: [07:42:42][INFO] Received device shutdown request (signal 15).
[2123:GRPUpdater]: [07:42:42][INFO] Waiting for graceful device shutdown. Hit Ctrl-C again to abort immediately.
[2124:ITSDigitWriter]: [07:42:42][INFO] Received device shutdown request (signal 15).
[2124:ITSDigitWriter]: [07:42:42][INFO] Waiting for graceful device shutdown. Hit Ctrl-C again to abort immediately.
[2120:internal-dpl-clock]: [07:42:42][INFO] Received device shutdown request (signal 15).
[2120:internal-dpl-clock]: [07:42:42][INFO] Waiting for graceful device shutdown. Hit Ctrl-C again to abort immediately.
[2121:SimReader]: [07:42:42][INFO] Received device shutdown request (signal 15).
[2121:SimReader]: [07:42:42][INFO] Waiting for graceful device shutdown. Hit Ctrl-C again to abort immediately.
[2121:SimReader]: [07:42:42][STATE] RUNNING ---> READY
[2121:SimReader]: [07:42:42][STATE] READY ---> RESETTING TASK
[2121:SimReader]: [07:42:42][STATE] RESETTING TASK ---> DEVICE READY
[2121:SimReader]: [07:42:42][STATE] DEVICE READY ---> RESETTING DEVICE
[2121:SimReader]: [07:42:42][STATE] RESETTING DEVICE ---> IDLE
[2121:SimReader]: [07:42:42][STATE] IDLE ---> EXITING
[2121:SimReader]: [07:42:42][STATE] Exiting FairMQ state machine
[2120:internal-dpl-clock]: [07:42:42][STATE] RUNNING ---> READY
[2123:GRPUpdater]: [07:42:42][STATE] RUNNING ---> READY
[2123:GRPUpdater]: [07:42:42][STATE] READY ---> RESETTING TASK
[2120:internal-dpl-clock]: [07:42:42][STATE] READY ---> RESETTING TASK
[2123:GRPUpdater]: [07:42:42][STATE] RESETTING TASK ---> DEVICE READY
[2123:GRPUpdater]: [07:42:42][STATE] DEVICE READY ---> RESETTING DEVICE
[2120:internal-dpl-clock]: [07:42:42][STATE] RESETTING TASK ---> DEVICE READY
[2120:internal-dpl-clock]: [07:42:42][STATE] DEVICE READY ---> RESETTING DEVICE
[2122:ITSDigitizer]: [07:42:42][STATE] RUNNING ---> READY
[2122:ITSDigitizer]: [07:42:42][STATE] READY ---> RESETTING TASK
[2122:ITSDigitizer]: [07:42:42][STATE] RESETTING TASK ---> DEVICE READY
[2122:ITSDigitizer]: [07:42:42][STATE] DEVICE READY ---> RESETTING DEVICE
[2120:internal-dpl-clock]: [07:42:42][STATE] RESETTING DEVICE ---> IDLE
[2120:internal-dpl-clock]: [07:42:42][STATE] IDLE ---> EXITING
[2123:GRPUpdater]: [07:42:42][STATE] RESETTING DEVICE ---> IDLE
[2123:GRPUpdater]: [07:42:42][STATE] IDLE ---> EXITING
[2120:internal-dpl-clock]: [07:42:42][STATE] Exiting FairMQ state machine
[2123:GRPUpdater]: [07:42:42][STATE] Exiting FairMQ state machine
[2122:ITSDigitizer]: [07:42:42][STATE] RESETTING DEVICE ---> IDLE
[2122:ITSDigitizer]: [07:42:42][STATE] IDLE ---> EXITING
[2122:ITSDigitizer]: [07:42:42][STATE] Exiting FairMQ state machine
[2124:ITSDigitWriter]: [07:42:44][STATE] RUNNING ---> READY
[2124:ITSDigitWriter]: [07:42:44][STATE] READY ---> RESETTING TASK
[2124:ITSDigitWriter]: [07:42:44][STATE] RESETTING TASK ---> DEVICE READY
[2124:ITSDigitWriter]: [07:42:44][STATE] DEVICE READY ---> RESETTING DEVICE
[2124:ITSDigitWriter]: Cleaning up for shared memory id '9a79b5e0'...
[2124:ITSDigitWriter]: No region counter found. No regions to cleanup.
[2124:ITSDigitWriter]: Successfully removed 'fmq_9a79b5e0_m_0'.
[2124:ITSDigitWriter]: Successfully removed 'fmq_9a79b5e0_mng'.
[2124:ITSDigitWriter]: Successfully removed 'fmq_9a79b5e0_mtx'.
[2124:ITSDigitWriter]: Successfully removed 'fmq_9a79b5e0_cv'.
[2124:ITSDigitWriter]: [07:42:44][STATE] RESETTING DEVICE ---> IDLE
[2124:ITSDigitWriter]: [07:42:44][STATE] IDLE ---> EXITING
[2124:ITSDigitWriter]: [07:42:44][STATE] Exiting FairMQ state machine
[INFO] Dumping used configuration in dpl-config.json

==============================================================================================
3. Tracking
[INFO] Initialising O2 Data Processing Layer
[INFO] O2 Data Processing Layer initialised. We brake for nobody.
[INFO] Optimised build. O2DEBUG / LOG(DEBUG) / LOGF(DEBUG) / assert statement will not be shown.
[INFO] Redeployment of configuration asked.
[INFO] Starting internal-dpl-clock on pid 3203
[INFO] Starting its-digit-reader on pid 3204
[INFO] Starting its-clusterer on pid 3205
[INFO] Starting its-cluster-writer on pid 3206
[INFO] Starting its-tracker on pid 3207
[INFO] Starting its-track-writer on pid 3208
[INFO] Redeployment of configuration done.
[3206:its-cluster-writer]: [INFO] Spawing new device its-cluster-writer in process with pid 3206
[3206:its-cluster-writer]: [07:45:59][INFO] 
[3206:its-cluster-writer]:       ______      _    _______  _________ 
[3206:its-cluster-writer]:      / ____/___ _(_)_______   |/  /_  __ \    version 1.4.29
[3206:its-cluster-writer]:     / /_  / __ `/ / ___/__  /|_/ /_  / / /    build RELWITHDEBINFO
[3206:its-cluster-writer]:    / __/ / /_/ / / /    _  /  / / / /_/ /     https://github.com/FairRootGroup/FairMQ
[3206:its-cluster-writer]:   /_/    \__,_/_/_/     /_/  /_/  \___\_\     LGPL-3.0  © 2012-2020 GSI
[3206:its-cluster-writer]: 
[3206:its-cluster-writer]: [07:45:59][STATE] Starting FairMQ state machine --> IDLE
[3206:its-cluster-writer]: 2021-05-20 07:45:59	Monitoring	[0;49mStdOut backend initialized[0m
[3203:internal-dpl-clock]: [INFO] Spawing new device internal-dpl-clock in process with pid 3203
[3206:its-cluster-writer]: [07:45:59][STATE] IDLE ---> INITIALIZING DEVICE
[3203:internal-dpl-clock]: [07:45:59][INFO] 
[3203:internal-dpl-clock]:       ______      _    _______  _________ 
[3203:internal-dpl-clock]:      / ____/___ _(_)_______   |/  /_  __ \    version 1.4.29
[3203:internal-dpl-clock]:     / /_  / __ `/ / ___/__  /|_/ /_  / / /    build RELWITHDEBINFO
[3203:internal-dpl-clock]:    / __/ / /_/ / / /    _  /  / / / /_/ /     https://github.com/FairRootGroup/FairMQ
[3203:internal-dpl-clock]:   /_/    \__,_/_/_/     /_/  /_/  \___\_\     LGPL-3.0  © 2012-2020 GSI
[3203:internal-dpl-clock]: 
[3203:internal-dpl-clock]: [07:45:59][STATE] Starting FairMQ state machine --> IDLE
[3203:internal-dpl-clock]: 2021-05-20 07:45:59	Monitoring	[0;49mStdOut backend initialized[0m
[3203:internal-dpl-clock]: [07:45:59][STATE] IDLE ---> INITIALIZING DEVICE
[3208:its-track-writer]: [INFO] Spawing new device its-track-writer in process with pid 3208
[3203:internal-dpl-clock]: 2021-05-20 07:45:59	Monitoring	[0;49mBuffering enabled (100)[0m
[3203:internal-dpl-clock]: [07:45:59][STATE] INITIALIZING DEVICE ---> INITIALIZED
[3203:internal-dpl-clock]: [07:45:59][STATE] INITIALIZED ---> BINDING
[3203:internal-dpl-clock]: [07:45:59][STATE] BINDING ---> BOUND
[3203:internal-dpl-clock]: [07:45:59][STATE] BOUND ---> CONNECTING
[3203:internal-dpl-clock]: [07:45:59][STATE] CONNECTING ---> DEVICE READY
[3203:internal-dpl-clock]: [07:45:59][STATE] DEVICE READY ---> INITIALIZING TASK
[3203:internal-dpl-clock]: [07:45:59][STATE] INITIALIZING TASK ---> READY
[3203:internal-dpl-clock]: [07:45:59][STATE] READY ---> RUNNING
[3203:internal-dpl-clock]: [07:45:59][INFO] DEVICE: Running...
[3208:its-track-writer]: [07:45:59][INFO] 
[3208:its-track-writer]:       ______      _    _______  _________ 
[3208:its-track-writer]:      / ____/___ _(_)_______   |/  /_  __ \    version 1.4.29
[3208:its-track-writer]:     / /_  / __ `/ / ___/__  /|_/ /_  / / /    build RELWITHDEBINFO
[3208:its-track-writer]:    / __/ / /_/ / / /    _  /  / / / /_/ /     https://github.com/FairRootGroup/FairMQ
[3208:its-track-writer]:   /_/    \__,_/_/_/     /_/  /_/  \___\_\     LGPL-3.0  © 2012-2020 GSI
[3208:its-track-writer]: 
[3208:its-track-writer]: [07:45:59][STATE] Starting FairMQ state machine --> IDLE
[3208:its-track-writer]: 2021-05-20 07:45:59	Monitoring	[0;49mStdOut backend initialized[0m
[3204:its-digit-reader]: [INFO] Spawing new device its-digit-reader in process with pid 3204
[3208:its-track-writer]: [07:45:59][STATE] IDLE ---> INITIALIZING DEVICE
[3204:its-digit-reader]: [07:45:59][INFO] 
[3204:its-digit-reader]:       ______      _    _______  _________ 
[3204:its-digit-reader]:      / ____/___ _(_)_______   |/  /_  __ \    version 1.4.29
[3204:its-digit-reader]:     / /_  / __ `/ / ___/__  /|_/ /_  / / /    build RELWITHDEBINFO
[3204:its-digit-reader]:    / __/ / /_/ / / /    _  /  / / / /_/ /     https://github.com/FairRootGroup/FairMQ
[3204:its-digit-reader]:   /_/    \__,_/_/_/     /_/  /_/  \___\_\     LGPL-3.0  © 2012-2020 GSI
[3204:its-digit-reader]: 
[3204:its-digit-reader]: [07:45:59][STATE] Starting FairMQ state machine --> IDLE
[3207:its-tracker]: [INFO] Spawing new device its-tracker in process with pid 3207
[3204:its-digit-reader]: 2021-05-20 07:45:59	Monitoring	[0;49mStdOut backend initialized[0m
[3204:its-digit-reader]: [07:45:59][STATE] IDLE ---> INITIALIZING DEVICE
[3205:its-clusterer]: [INFO] Spawing new device its-clusterer in process with pid 3205
[3207:its-tracker]: [07:45:59][INFO] 
[3207:its-tracker]:       ______      _    _______  _________ 
[3207:its-tracker]:      / ____/___ _(_)_______   |/  /_  __ \    version 1.4.29
[3207:its-tracker]:     / /_  / __ `/ / ___/__  /|_/ /_  / / /    build RELWITHDEBINFO
[3207:its-tracker]:    / __/ / /_/ / / /    _  /  / / / /_/ /     https://github.com/FairRootGroup/FairMQ
[3207:its-tracker]:   /_/    \__,_/_/_/     /_/  /_/  \___\_\     LGPL-3.0  © 2012-2020 GSI
[3207:its-tracker]: 
[3207:its-tracker]: [07:45:59][STATE] Starting FairMQ state machine --> IDLE
[3207:its-tracker]: 2021-05-20 07:45:59	Monitoring	[0;49mStdOut backend initialized[0m
[3207:its-tracker]: [07:45:59][STATE] IDLE ---> INITIALIZING DEVICE
[3207:its-tracker]: 2021-05-20 07:45:59	Monitoring	[0;49mBuffering enabled (100)[0m
[3207:its-tracker]: [07:45:59][INFO] Created GPUReconstruction instance for device type CPU (1) 
[3205:its-clusterer]: [07:45:59][INFO] 
[3205:its-clusterer]:       ______      _    _______  _________ 
[3205:its-clusterer]:      / ____/___ _(_)_______   |/  /_  __ \    version 1.4.29
[3205:its-clusterer]:     / /_  / __ `/ / ___/__  /|_/ /_  / / /    build RELWITHDEBINFO
[3205:its-clusterer]:    / __/ / /_/ / / /    _  /  / / / /_/ /     https://github.com/FairRootGroup/FairMQ
[3205:its-clusterer]:   /_/    \__,_/_/_/     /_/  /_/  \___\_\     LGPL-3.0  © 2012-2020 GSI
[3205:its-clusterer]: 
[3205:its-clusterer]: [07:45:59][STATE] Starting FairMQ state machine --> IDLE
[3204:its-digit-reader]: 2021-05-20 07:45:59	Monitoring	[0;49mBuffering enabled (100)[0m
[3205:its-clusterer]: 2021-05-20 07:45:59	Monitoring	[0;49mStdOut backend initialized[0m
[3205:its-clusterer]: [07:45:59][STATE] IDLE ---> INITIALIZING DEVICE
[3205:its-clusterer]: 2021-05-20 07:45:59	Monitoring	[0;49mBuffering enabled (100)[0m
[3206:its-cluster-writer]: 2021-05-20 07:45:59	Monitoring	[0;49mBuffering enabled (100)[0m
[3206:its-cluster-writer]: [07:45:59][INFO] 0: branch  ITSClusterComp set up
[3206:its-cluster-writer]: [07:45:59][INFO] 1: branch  ITSClusterPatt set up
[3206:its-cluster-writer]: [07:45:59][INFO] 2: branch  ITSClustersROF set up
[3206:its-cluster-writer]: [07:45:59][INFO] 3: branch  ITSClusterMCTruth set up
[3206:its-cluster-writer]: [07:45:59][INFO] 4: branch  ITSClustersMC2ROF set up
[3206:its-cluster-writer]: [07:45:59][STATE] INITIALIZING DEVICE ---> INITIALIZED
[3206:its-cluster-writer]: [07:45:59][STATE] INITIALIZED ---> BINDING
[3206:its-cluster-writer]: [07:45:59][STATE] BINDING ---> BOUND
[3205:its-clusterer]: [07:45:59][INFO] Dictionary ITSdictionary.bin is absent, ITSClusterer expects cluster patterns
[3205:its-clusterer]: [07:45:59][INFO] Clusterizer masks overflow pixels separated by < 406 BC and <= 0 in row/col
[3205:its-clusterer]: [07:45:59][INFO] Inclusive clusterization timing (w/o disk IO): Cpu: 0 Real: 0 s in 1 slots
[3205:its-clusterer]: [07:45:59][INFO] Threads output merging timing                : Cpu: 0 Real: 0 s in 1 slots
[3205:its-clusterer]: [07:45:59][STATE] INITIALIZING DEVICE ---> INITIALIZED
[3205:its-clusterer]: [07:45:59][STATE] INITIALIZED ---> BINDING
[3205:its-clusterer]: [07:45:59][STATE] BINDING ---> BOUND
[3205:its-clusterer]: [07:45:59][STATE] BOUND ---> CONNECTING
[3205:its-clusterer]: [07:45:59][STATE] CONNECTING ---> DEVICE READY
[3205:its-clusterer]: [07:45:59][STATE] DEVICE READY ---> INITIALIZING TASK
[3205:its-clusterer]: [07:45:59][STATE] INITIALIZING TASK ---> READY
[3205:its-clusterer]: [07:45:59][STATE] READY ---> RUNNING
[3205:its-clusterer]: [07:45:59][INFO] DEVICE: Running...
[3206:its-cluster-writer]: [07:45:59][STATE] BOUND ---> CONNECTING
[3206:its-cluster-writer]: [07:45:59][STATE] CONNECTING ---> DEVICE READY
[3206:its-cluster-writer]: [07:45:59][STATE] DEVICE READY ---> INITIALIZING TASK
[3206:its-cluster-writer]: [07:45:59][STATE] INITIALIZING TASK ---> READY
[3206:its-cluster-writer]: [07:45:59][STATE] READY ---> RUNNING
[3206:its-cluster-writer]: [07:45:59][INFO] DEVICE: Running...
[3208:its-track-writer]: 2021-05-20 07:45:59	Monitoring	[0;49mBuffering enabled (100)[0m
[3208:its-track-writer]: [07:45:59][INFO] 0: branch  ITSTrack set up
[3208:its-track-writer]: [07:45:59][INFO] 1: branch  ITSTrackClusIdx set up
[3204:its-digit-reader]: [07:45:59][STATE] INITIALIZING DEVICE ---> INITIALIZED
[3208:its-track-writer]: [07:45:59][INFO] 2: branch  Vertices set up
[3208:its-track-writer]: [07:45:59][INFO] 3: branch  VerticesROF set up
[3208:its-track-writer]: [07:45:59][INFO] 4: branch  ITSTracksROF set up
[3208:its-track-writer]: [07:45:59][INFO] 5: branch  ITSTrackMCTruth set up
[3208:its-track-writer]: [07:45:59][INFO] 6: branch  ITSTracksMC2ROF set up
[3208:its-track-writer]: [07:45:59][STATE] INITIALIZING DEVICE ---> INITIALIZED
[3208:its-track-writer]: [07:45:59][STATE] INITIALIZED ---> BINDING
[3208:its-track-writer]: [07:45:59][STATE] BINDING ---> BOUND
[3204:its-digit-reader]: [07:45:59][STATE] INITIALIZED ---> BINDING
[3204:its-digit-reader]: [07:45:59][STATE] BINDING ---> BOUND
[3208:its-track-writer]: [07:45:59][STATE] BOUND ---> CONNECTING
[3208:its-track-writer]: [07:45:59][STATE] CONNECTING ---> DEVICE READY
[3204:its-digit-reader]: [07:45:59][STATE] BOUND ---> CONNECTING
[3204:its-digit-reader]: [07:45:59][STATE] CONNECTING ---> DEVICE READY
[3208:its-track-writer]: [07:45:59][STATE] DEVICE READY ---> INITIALIZING TASK
[3208:its-track-writer]: [07:45:59][STATE] INITIALIZING TASK ---> READY
[3208:its-track-writer]: [07:45:59][STATE] READY ---> RUNNING
[3208:its-track-writer]: [07:45:59][INFO] DEVICE: Running...
[3204:its-digit-reader]: [07:45:59][STATE] DEVICE READY ---> INITIALIZING TASK
[3204:its-digit-reader]: [07:45:59][STATE] INITIALIZING TASK ---> READY
[3204:its-digit-reader]: [07:45:59][STATE] READY ---> RUNNING
[3204:its-digit-reader]: [07:45:59][INFO] DEVICE: Running...
[3207:its-tracker]: [07:46:00][INFO] MagneticField::Print: MagneticFieldMap:
[3207:its-tracker]: [07:46:00][INFO] MagneticField::Print: Solenoid (-1*)5 kG, Dipole ON (-1) 
[3207:its-tracker]: [07:46:00][INFO] MagneticField::Print: Machine B fields for p-p  beam (7000 GeV): QGrad: 22.0002 Dipole: 37.8781
[3207:its-tracker]: [07:46:00][INFO] MagneticField::Print: Uses Sol30_Dip6_Hole  of /cvmfs/alice.cern.ch/el7-x86_64/Packages/O2/nightly-20210129-1/share/Common/maps/mfchebKGI_sym.root
[3207:its-tracker]: Info in <TGeoGlobalMagField::SetField>: Global magnetic field set to <MagneticFieldMap>
[3207:its-tracker]: Info in <TGeoGlobalMagField::Lock>: Global magnetic field <MagneticFieldMap> is now locked
[3207:its-tracker]: [07:46:00][INFO] Loading geometry FAIRGeom from o2sim_geometry.root
[3207:its-tracker]: Info in <TGeoManager::CloseGeometry>: Geometry loaded from file...
[3207:its-tracker]: Info in <TGeoManager::SetTopVolume>: Top volume is cave. Master volume is cave
[3207:its-tracker]: Info in <TGeoNavigator::BuildCache>: --- Maximum geometry depth set to 100
[3207:its-tracker]: Info in <TGeoManager::CloseGeometry>: Voxelization retrieved from file
[3207:its-tracker]: Info in <TGeoManager::CountLevels>: max level = 9, max placements = 126
[3207:its-tracker]: Info in <TGeoManager::CloseGeometry>: 179840 nodes/ 399 volume UID's in FAIR geometry
[3207:its-tracker]: Info in <TGeoManager::CloseGeometry>: ----------------modeler ready----------------
[3207:its-tracker]: [07:46:01][INFO] Loading ITS T2L matrices from TGeo
[3204:its-digit-reader]: [07:46:01][INFO] ITSDigitReader pushed 2462642 digits, in 51 RO frames
[3207:its-tracker]: [07:46:01][WARN] It is faster to use 2D rotation for T2G instead of full Transform3D matrices
[3207:its-tracker]: [07:46:01][INFO] Loading ITS T2G matrices from TGeo
[3205:its-clusterer]: [07:46:01][INFO] ITSClusterer pulled 2462642 digits, in 51 RO frames
[3205:its-clusterer]: [07:46:01][INFO] ITSClusterer pulled 2476350 labels 
[3207:its-tracker]: [07:46:02][INFO] Loading ITS T2G rotation 2D matrices
[3207:its-tracker]: [07:46:02][INFO] Initializing tracker in sync. phase reconstruction with 1 passes
[3207:its-tracker]: [07:46:02][INFO] Not using lookup table for material budget approximation
[3207:its-tracker]: [07:46:02][INFO] Dictionary ITSdictionary.bin is absent, Tracker expects cluster patterns
[3207:its-tracker]: [07:46:02][STATE] INITIALIZING DEVICE ---> INITIALIZED
[3207:its-tracker]: [07:46:02][STATE] INITIALIZED ---> BINDING
[3207:its-tracker]: [07:46:02][STATE] BINDING ---> BOUND
[3207:its-tracker]: [07:46:02][STATE] BOUND ---> CONNECTING
[3207:its-tracker]: [07:46:02][STATE] CONNECTING ---> DEVICE READY
[3207:its-tracker]: [07:46:02][STATE] DEVICE READY ---> INITIALIZING TASK
[3207:its-tracker]: [07:46:02][STATE] INITIALIZING TASK ---> READY
[3207:its-tracker]: [07:46:02][STATE] READY ---> RUNNING
[3207:its-tracker]: [07:46:02][INFO] DEVICE: Running...
[3205:its-clusterer]: [07:46:02][INFO] ITSClusterer pushed 409340 clusters, in 51 RO frames
[3206:its-cluster-writer]: [07:46:02][INFO] ITSClusterWriter pulled 409340 clusters, in 51 RO frames
[3207:its-tracker]: [07:46:02][INFO] ITSTracker pulled 409340 clusters, 51 RO frames
[3207:its-tracker]: [07:46:02][INFO] 409340 MC label objects , in 20 MC events
[3207:its-tracker]: [07:46:02][INFO] ITSTracker RO: continuous=1
[3207:its-tracker]: [07:46:02][INFO] Loading ITS L2G matrices from TGeo
[3207:its-tracker]: [07:46:02][INFO] ROframe: 0, clusters loaded : 1283
[3207:its-tracker]:  - Vertexer initialisation completed in: 0.341771 ms
[3207:its-tracker]:  - Tracklet finding completed in: 0.010366 ms
[3207:its-tracker]:  - Adjacent tracklets validation completed in: 0.004918 ms
[3207:its-tracker]:  - Vertex finding completed in: 0.009096 ms
[3207:its-tracker]: [07:46:02][INFO] Found tracks: 0
[3207:its-tracker]: [07:46:02][INFO] ROframe: 1, clusters loaded : 1267
[3207:its-tracker]:  - Vertexer initialisation completed in: 0.323565 ms
[3207:its-tracker]:  - Tracklet finding completed in: 0.043094 ms
[3207:its-tracker]:  - Adjacent tracklets validation completed in: 0.000607 ms
[3207:its-tracker]:  - Vertex finding completed in: 0.00101 ms
[3207:its-tracker]: [07:46:02][INFO] Found tracks: 0
[3207:its-tracker]: [07:46:02][INFO] ROframe: 2, clusters loaded : 1323
[3207:its-tracker]:  - Vertexer initialisation completed in: 0.218504 ms
[3207:its-tracker]:  - Tracklet finding completed in: 0.002396 ms
[3207:its-tracker]:  - Adjacent tracklets validation completed in: 0.000525 ms
[3207:its-tracker]:  - Vertex finding completed in: 0.000441 ms
[3207:its-tracker]: [07:46:02][INFO] Found tracks: 0
[3207:its-tracker]: [07:46:02][INFO] ROframe: 3, clusters loaded : 1229
[3207:its-tracker]:  - Vertexer initialisation completed in: 0.245441 ms
[3207:its-tracker]:  - Tracklet finding completed in: 0.001686 ms
[3207:its-tracker]:  - Adjacent tracklets validation completed in: 0.000466 ms
[3207:its-tracker]:  - Vertex finding completed in: 0.000618 ms
[3207:its-tracker]: [07:46:02][INFO] Found tracks: 0
[3207:its-tracker]: [07:46:02][INFO] ROframe: 4, clusters loaded : 1245
[3207:its-tracker]:  - Vertexer initialisation completed in: 0.231136 ms
[3207:its-tracker]:  - Tracklet finding completed in: 0.001565 ms
[3207:its-tracker]:  - Adjacent tracklets validation completed in: 0.000306 ms
[3207:its-tracker]:  - Vertex finding completed in: 0.000415 ms
[3207:its-tracker]: [07:46:02][INFO] Found tracks: 0
[3207:its-tracker]: [07:46:02][INFO] ROframe: 5, clusters loaded : 1248
[3207:its-tracker]:  - Vertexer initialisation completed in: 0.23614 ms
[3207:its-tracker]:  - Tracklet finding completed in: 0.001574 ms
[3207:its-tracker]:  - Adjacent tracklets validation completed in: 0.000304 ms
[3207:its-tracker]:  - Vertex finding completed in: 0.000579 ms
[3207:its-tracker]: [07:46:02][INFO] Found tracks: 0
[3207:its-tracker]: [07:46:02][INFO] ROframe: 6, clusters loaded : 1259
[3207:its-tracker]:  - Vertexer initialisation completed in: 0.447399 ms
[3207:its-tracker]:  - Tracklet finding completed in: 0.002422 ms
[3207:its-tracker]:  - Adjacent tracklets validation completed in: 0.000497 ms
[3207:its-tracker]:  - Vertex finding completed in: 0.000835 ms
[3207:its-tracker]: [07:46:02][INFO] Found tracks: 0
[3207:its-tracker]: [07:46:02][INFO] ROframe: 7, clusters loaded : 1258
[3207:its-tracker]:  - Vertexer initialisation completed in: 0.378442 ms
[3207:its-tracker]:  - Tracklet finding completed in: 0.002131 ms
[3207:its-tracker]:  - Adjacent tracklets validation completed in: 0.000469 ms
[3207:its-tracker]:  - Vertex finding completed in: 0.000294 ms
[3207:its-tracker]: [07:46:02][INFO] Found tracks: 0
[3207:its-tracker]: [07:46:02][INFO] ROframe: 8, clusters loaded : 1247
[3207:its-tracker]:  - Vertexer initialisation completed in: 0.339679 ms
[3207:its-tracker]:  - Tracklet finding completed in: 0.004293 ms
[3207:its-tracker]:  - Adjacent tracklets validation completed in: 0.000352 ms
[3207:its-tracker]:  - Vertex finding completed in: 0.000385 ms
[3207:its-tracker]: [07:46:02][INFO] Found tracks: 0
[3207:its-tracker]: [07:46:02][INFO] ROframe: 9, clusters loaded : 24177
[3207:its-tracker]:  - Vertexer initialisation completed in: 1.8036 ms
[3207:its-tracker]:  - Tracklet finding completed in: 5.18326 ms
[3207:its-tracker]:  - Adjacent tracklets validation completed in: 1.00242 ms
[3207:its-tracker]:  - Vertex finding completed in: 0.275577 ms
[3207:its-tracker]: 		Found vertex with:   1153 contributors
[3207:its-tracker]:  - Context initialisation completed in: 4.13968 ms
[3207:its-tracker]:  - Tracklet finding completed in: 11.2614 ms
[3207:its-tracker]:  - Cell finding completed in: 5.00634 ms
[3207:its-tracker]:  - Neighbour finding completed in: 1.46581 ms
[3207:its-tracker]:  - Road finding completed in: 0.698177 ms
[3207:its-tracker]:  - Track finding completed in: 19.4994 ms
[3207:its-tracker]:  - Vertex processing completed in: 42.0708ms
[3207:its-tracker]:  - Context initialisation completed in: 0.502025 ms
[3207:its-tracker]:  - Tracklet finding completed in: 7.25191 ms
[3207:its-tracker]:  - Cell finding completed in: 1.96655 ms
[3207:its-tracker]:  - Neighbour finding completed in: 0.285 ms
[3207:its-tracker]:  - Road finding completed in: 0.00273 ms
[3207:its-tracker]:  - Track finding completed in: 0.000701 ms
[3207:its-tracker]:  - Vertex processing completed in: 10.0089ms
[3207:its-tracker]: [07:46:02][INFO] Found tracks: 980
[3207:its-tracker]: [07:46:02][INFO] ROframe: 10, clusters loaded : 20403
[3207:its-tracker]:  - Vertexer initialisation completed in: 1.27528 ms
[3207:its-tracker]:  - Tracklet finding completed in: 3.29823 ms
[3207:its-tracker]:  - Adjacent tracklets validation completed in: 0.607592 ms
[3207:its-tracker]:  - Vertex finding completed in: 0.169678 ms
[3207:its-tracker]: 		Found vertex with:    931 contributors
[3207:its-tracker]: 		Found vertex with:     81 contributors
[3207:its-tracker]:  - Context initialisation completed in: 2.16274 ms
[3207:its-tracker]:  - Tracklet finding completed in: 8.4973 ms
[3207:its-tracker]:  - Cell finding completed in: 3.59064 ms
[3207:its-tracker]:  - Neighbour finding completed in: 1.01032 ms
[3207:its-tracker]:  - Road finding completed in: 0.298005 ms
[3207:its-tracker]:  - Track finding completed in: 15.9475 ms
[3207:its-tracker]:  - Vertex processing completed in: 31.5065ms
[3207:its-tracker]:  - Context initialisation completed in: 0.381027 ms
[3207:its-tracker]:  - Tracklet finding completed in: 5.49272 ms
[3207:its-tracker]:  - Cell finding completed in: 0.745221 ms
[3207:its-tracker]:  - Neighbour finding completed in: 0.062434 ms
[3207:its-tracker]:  - Road finding completed in: 0.01815 ms
[3207:its-tracker]:  - Track finding completed in: 1.62462 ms
[3207:its-tracker]:  - Vertex processing completed in: 8.32416ms
[3207:its-tracker]:  - Context initialisation completed in: 0.086869 ms
[3207:its-tracker]:  - Tracklet finding completed in: 5.84793 ms
[3207:its-tracker]:  - Cell finding completed in: 1.22192 ms
[3207:its-tracker]:  - Neighbour finding completed in: 0.138497 ms
[3207:its-tracker]:  - Road finding completed in: 0.000937 ms
[3207:its-tracker]:  - Track finding completed in: 0.000556 ms
[3207:its-tracker]:  - Vertex processing completed in: 7.29671ms
[3207:its-tracker]:  - Context initialisation completed in: 0.093119 ms
[3207:its-tracker]:  - Tracklet finding completed in: 4.88553 ms
[3207:its-tracker]:  - Cell finding completed in: 0.448664 ms
[3207:its-tracker]:  - Neighbour finding completed in: 0.023388 ms
[3207:its-tracker]:  - Road finding completed in: 0.000494 ms
[3207:its-tracker]:  - Track finding completed in: 0.000532 ms
[3207:its-tracker]:  - Vertex processing completed in: 5.45173ms
[3207:its-tracker]: [07:46:03][INFO] Found tracks: 850
[3207:its-tracker]: [07:46:03][INFO] ROframe: 11, clusters loaded : 25324
[3207:its-tracker]:  - Vertexer initialisation completed in: 1.52401 ms
[3207:its-tracker]:  - Tracklet finding completed in: 4.46787 ms
[3207:its-tracker]:  - Adjacent tracklets validation completed in: 1.07297 ms
[3207:its-tracker]:  - Vertex finding completed in: 0.226669 ms
[3207:its-tracker]: 		Found vertex with:   1316 contributors
[3207:its-tracker]:  - Context initialisation completed in: 3.42543 ms
[3207:its-tracker]:  - Tracklet finding completed in: 16.5611 ms
[3207:its-tracker]:  - Cell finding completed in: 6.25042 ms
[3207:its-tracker]:  - Neighbour finding completed in: 1.50985 ms
[3207:its-tracker]:  - Road finding completed in: 0.301143 ms
[3207:its-tracker]:  - Track finding completed in: 18.1049 ms
[3207:its-tracker]:  - Vertex processing completed in: 46.1528ms
[3207:its-tracker]:  - Context initialisation completed in: 0.410099 ms
[3207:its-tracker]:  - Tracklet finding completed in: 8.21443 ms
[3207:its-tracker]:  - Cell finding completed in: 1.85732 ms
[3207:its-tracker]:  - Neighbour finding completed in: 0.249762 ms
[3207:its-tracker]:  - Road finding completed in: 0.002325 ms
[3207:its-tracker]:  - Track finding completed in: 0.000703 ms
[3207:its-tracker]:  - Vertex processing completed in: 10.7346ms
[3207:its-tracker]: [07:46:03][INFO] Found tracks: 1081
[3207:its-tracker]: [07:46:03][INFO] ROframe: 12, clusters loaded : 33811
[3207:its-tracker]:  - Vertexer initialisation completed in: 2.1606 ms
[3207:its-tracker]:  - Tracklet finding completed in: 9.86318 ms
[3207:its-tracker]:  - Adjacent tracklets validation completed in: 3.00815 ms
[3207:its-tracker]:  - Vertex finding completed in: 0.260721 ms
[3207:its-tracker]: 		Found vertex with:    481 contributors
[3207:its-tracker]: 		Found vertex with:    107 contributors
[3207:its-tracker]: 		Found vertex with:     44 contributors
[3207:its-tracker]:  - Context initialisation completed in: 4.65618 ms
[3207:its-tracker]:  - Tracklet finding completed in: 20.2428 ms
[3207:its-tracker]:  - Cell finding completed in: 5.15942 ms
[3207:its-tracker]:  - Neighbour finding completed in: 0.452327 ms
[3207:its-tracker]:  - Road finding completed in: 0.112444 ms
[3207:its-tracker]:  - Track finding completed in: 6.09833 ms
[3207:its-tracker]:  - Vertex processing completed in: 36.7215ms
[3207:its-tracker]:  - Context initialisation completed in: 0.174853 ms
[3207:its-tracker]:  - Tracklet finding completed in: 13.4179 ms
[3207:its-tracker]:  - Cell finding completed in: 4.4622 ms
[3207:its-tracker]:  - Neighbour finding completed in: 0.267237 ms
[3207:its-tracker]:  - Road finding completed in: 0.021231 ms
[3207:its-tracker]:  - Track finding completed in: 0.978294 ms
[3207:its-tracker]:  - Vertex processing completed in: 19.3217ms
[3207:its-tracker]:  - Context initialisation completed in: 0.187235 ms
[3207:its-tracker]:  - Tracklet finding completed in: 17.7653 ms
[3207:its-tracker]:  - Cell finding completed in: 3.14687 ms
[3207:its-tracker]:  - Neighbour finding completed in: 0.090141 ms
[3207:its-tracker]:  - Road finding completed in: 0.016768 ms
[3207:its-tracker]:  - Track finding completed in: 1.33596 ms
[3207:its-tracker]:  - Vertex processing completed in: 22.5423ms
[3207:its-tracker]:  - Context initialisation completed in: 0.215887 ms
[3207:its-tracker]:  - Tracklet finding completed in: 15.2636 ms
[3207:its-tracker]:  - Cell finding completed in: 3.3142 ms
[3207:its-tracker]:  - Neighbour finding completed in: 0.16349 ms
[3207:its-tracker]:  - Road finding completed in: 0.001956 ms
[3207:its-tracker]:  - Track finding completed in: 0.000896 ms
[3207:its-tracker]:  - Vertex processing completed in: 18.96ms
[3207:its-tracker]:  - Context initialisation completed in: 0.164072 ms
[3207:its-tracker]:  - Tracklet finding completed in: 14.6504 ms
[3207:its-tracker]:  - Cell finding completed in: 4.06286 ms
[3207:its-tracker]:  - Neighbour finding completed in: 0.261911 ms
[3207:its-tracker]:  - Road finding completed in: 0.002544 ms
[3207:its-tracker]:  - Track finding completed in: 0.000632 ms
[3207:its-tracker]:  - Vertex processing completed in: 19.1424ms
[3207:its-tracker]:  - Context initialisation completed in: 0.190563 ms
[3207:its-tracker]:  - Tracklet finding completed in: 16.773 ms
[3207:its-tracker]:  - Cell finding completed in: 2.54869 ms
[3207:its-tracker]:  - Neighbour finding completed in: 0.031112 ms
[3207:its-tracker]:  - Road finding completed in: 0.000567 ms
[3207:its-tracker]:  - Track finding completed in: 0.000817 ms
[3207:its-tracker]:  - Vertex processing completed in: 19.5447ms
[3207:its-tracker]: [07:46:03][INFO] Found tracks: 492
[3207:its-tracker]: [07:46:03][INFO] ROframe: 13, clusters loaded : 9102
[3207:its-tracker]:  - Vertexer initialisation completed in: 0.989842 ms
[3207:its-tracker]:  - Tracklet finding completed in: 0.656602 ms
[3207:its-tracker]:  - Adjacent tracklets validation completed in: 0.105265 ms
[3207:its-tracker]:  - Vertex finding completed in: 0.014315 ms
[3207:its-tracker]: 		Found vertex with:     14 contributors
[3207:its-tracker]:  - Context initialisation completed in: 1.90515 ms
[3207:its-tracker]:  - Tracklet finding completed in: 2.09186 ms
[3207:its-tracker]:  - Cell finding completed in: 0.470384 ms
[3207:its-tracker]:  - Neighbour finding completed in: 0.042128 ms
[3207:its-tracker]:  - Road finding completed in: 0.003195 ms
[3207:its-tracker]:  - Track finding completed in: 0.080592 ms
[3207:its-tracker]:  - Vertex processing completed in: 4.59331ms
[3207:its-tracker]:  - Context initialisation completed in: 0.039045 ms
[3207:its-tracker]:  - Tracklet finding completed in: 3.39444 ms
[3207:its-tracker]:  - Cell finding completed in: 0.438017 ms
[3207:its-tracker]:  - Neighbour finding completed in: 0.030323 ms
[3207:its-tracker]:  - Road finding completed in: 0.000961 ms
[3207:its-tracker]:  - Track finding completed in: 0.000506 ms
[3207:its-tracker]:  - Vertex processing completed in: 3.90329ms
[3207:its-tracker]: [07:46:03][INFO] Found tracks: 3
[3207:its-tracker]: [07:46:03][INFO] ROframe: 14, clusters loaded : 7908
[3207:its-tracker]:  - Vertexer initialisation completed in: 0.553271 ms
[3207:its-tracker]:  - Tracklet finding completed in: 0.465168 ms
[3207:its-tracker]:  - Adjacent tracklets validation completed in: 0.087677 ms
[3207:its-tracker]:  - Vertex finding completed in: 0.057341 ms
[3207:its-tracker]: 		Found vertex with:    359 contributors
[3207:its-tracker]:  - Context initialisation completed in: 1.64195 ms
[3207:its-tracker]:  - Tracklet finding completed in: 2.1033 ms
[3207:its-tracker]:  - Cell finding completed in: 0.561292 ms
[3207:its-tracker]:  - Neighbour finding completed in: 0.222953 ms
[3207:its-tracker]:  - Road finding completed in: 0.080046 ms
[3207:its-tracker]:  - Track finding completed in: 4.54263 ms
[3207:its-tracker]:  - Vertex processing completed in: 9.15218ms
[3207:its-tracker]:  - Context initialisation completed in: 0.08904 ms
[3207:its-tracker]:  - Tracklet finding completed in: 1.60078 ms
[3207:its-tracker]:  - Cell finding completed in: 0.266838 ms
[3207:its-tracker]:  - Neighbour finding completed in: 0.059074 ms
[3207:its-tracker]:  - Road finding completed in: 0.001005 ms
[3207:its-tracker]:  - Track finding completed in: 0.000593 ms
[3207:its-tracker]:  - Vertex processing completed in: 2.01733ms
[3207:its-tracker]: [07:46:03][INFO] Found tracks: 295
[3207:its-tracker]: [07:46:03][INFO] ROframe: 15, clusters loaded : 1227
[3207:its-tracker]:  - Vertexer initialisation completed in: 0.234643 ms
[3207:its-tracker]:  - Tracklet finding completed in: 0.002815 ms
[3207:its-tracker]:  - Adjacent tracklets validation completed in: 0.00096 ms
[3207:its-tracker]:  - Vertex finding completed in: 0.001004 ms
[3207:its-tracker]: [07:46:03][INFO] Found tracks: 0
[3207:its-tracker]: [07:46:03][INFO] ROframe: 16, clusters loaded : 1167
[3207:its-tracker]:  - Vertexer initialisation completed in: 0.248765 ms
[3207:its-tracker]:  - Tracklet finding completed in: 0.003588 ms
[3207:its-tracker]:  - Adjacent tracklets validation completed in: 0.00055 ms
[3207:its-tracker]:  - Vertex finding completed in: 0.000474 ms
[3207:its-tracker]: [07:46:03][INFO] Found tracks: 0
[3207:its-tracker]: [07:46:03][INFO] ROframe: 17, clusters loaded : 1231
[3207:its-tracker]:  - Vertexer initialisation completed in: 0.31265 ms
[3207:its-tracker]:  - Tracklet finding completed in: 0.001674 ms
[3207:its-tracker]:  - Adjacent tracklets validation completed in: 0.000346 ms
[3207:its-tracker]:  - Vertex finding completed in: 0.000435 ms
[3207:its-tracker]: [07:46:03][INFO] Found tracks: 0
[3207:its-tracker]: [07:46:03][INFO] ROframe: 18, clusters loaded : 33054
[3207:its-tracker]:  - Vertexer initialisation completed in: 2.32019 ms
[3207:its-tracker]:  - Tracklet finding completed in: 7.45195 ms
[3207:its-tracker]:  - Adjacent tracklets validation completed in: 2.02263 ms
[3207:its-tracker]:  - Vertex finding completed in: 0.281004 ms
[3207:its-tracker]: 		Found vertex with:   1718 contributors
[3207:its-tracker]:  - Context initialisation completed in: 2.86976 ms
[3207:its-tracker]:  - Tracklet finding completed in: 16.209 ms
[3207:its-tracker]:  - Cell finding completed in: 8.38369 ms
[3207:its-tracker]:  - Neighbour finding completed in: 1.25636 ms
[3207:its-tracker]:  - Road finding completed in: 0.394019 ms
[3207:its-tracker]:  - Track finding completed in: 20.9952 ms
[3207:its-tracker]:  - Vertex processing completed in: 50.1081ms
[3207:its-tracker]:  - Context initialisation completed in: 0.452961 ms
[3207:its-tracker]:  - Tracklet finding completed in: 10.5159 ms
[3207:its-tracker]:  - Cell finding completed in: 2.91194 ms
[3207:its-tracker]:  - Neighbour finding completed in: 0.302608 ms
[3207:its-tracker]:  - Road finding completed in: 0.002173 ms
[3207:its-tracker]:  - Track finding completed in: 0.000597 ms
[3207:its-tracker]:  - Vertex processing completed in: 14.1862ms
[3207:its-tracker]: [07:46:03][INFO] Found tracks: 1414
[3207:its-tracker]: [07:46:03][INFO] ROframe: 19, clusters loaded : 1220
[3207:its-tracker]:  - Vertexer initialisation completed in: 0.212287 ms
[3207:its-tracker]:  - Tracklet finding completed in: 0.002076 ms
[3207:its-tracker]:  - Adjacent tracklets validation completed in: 0.000557 ms
[3207:its-tracker]:  - Vertex finding completed in: 0.000898 ms
[3207:its-tracker]: [07:46:03][INFO] Found tracks: 0
[3207:its-tracker]: [07:46:03][INFO] ROframe: 20, clusters loaded : 28619
[3207:its-tracker]:  - Vertexer initialisation completed in: 1.82106 ms
[3207:its-tracker]:  - Tracklet finding completed in: 4.87225 ms
[3207:its-tracker]:  - Adjacent tracklets validation completed in: 1.16803 ms
[3207:its-tracker]:  - Vertex finding completed in: 0.234488 ms
[3207:its-tracker]: 		Found vertex with:   1440 contributors
[3207:its-tracker]:  - Context initialisation completed in: 2.41291 ms
[3207:its-tracker]:  - Tracklet finding completed in: 12.5641 ms
[3207:its-tracker]:  - Cell finding completed in: 6.27573 ms
[3207:its-tracker]:  - Neighbour finding completed in: 1.00128 ms
[3207:its-tracker]:  - Road finding completed in: 0.274967 ms
[3207:its-tracker]:  - Track finding completed in: 18.9424 ms
[3207:its-tracker]:  - Vertex processing completed in: 41.4713ms
[3207:its-tracker]:  - Context initialisation completed in: 0.391788 ms
[3207:its-tracker]:  - Tracklet finding completed in: 8.3159 ms
[3207:its-tracker]:  - Cell finding completed in: 2.17019 ms
[3207:its-tracker]:  - Neighbour finding completed in: 0.259061 ms
[3207:its-tracker]:  - Road finding completed in: 0.00236 ms
[3207:its-tracker]:  - Track finding completed in: 0.000537 ms
[3207:its-tracker]:  - Vertex processing completed in: 11.1398ms
[3207:its-tracker]: [07:46:03][INFO] Found tracks: 1246
[3207:its-tracker]: [07:46:03][INFO] ROframe: 21, clusters loaded : 1216
[3207:its-tracker]:  - Vertexer initialisation completed in: 0.21414 ms
[3207:its-tracker]:  - Tracklet finding completed in: 0.003227 ms
[3207:its-tracker]:  - Adjacent tracklets validation completed in: 0.000562 ms
[3207:its-tracker]:  - Vertex finding completed in: 0.001343 ms
[3207:its-tracker]: [07:46:03][INFO] Found tracks: 0
[3207:its-tracker]: [07:46:03][INFO] ROframe: 22, clusters loaded : 48523
[3207:its-tracker]:  - Vertexer initialisation completed in: 3.24024 ms
[3207:its-tracker]:  - Tracklet finding completed in: 17.4227 ms
[3207:its-tracker]:  - Adjacent tracklets validation completed in: 5.37126 ms
[3207:its-tracker]:  - Vertex finding completed in: 0.561191 ms
[3207:its-tracker]: 		Found vertex with:   1396 contributors
[3207:its-tracker]: 		Found vertex with:   1212 contributors
[3207:its-tracker]:  - Context initialisation completed in: 4.0417 ms
[3207:its-tracker]:  - Tracklet finding completed in: 29.6889 ms
[3207:its-tracker]:  - Cell finding completed in: 15.1959 ms
[3207:its-tracker]:  - Neighbour finding completed in: 1.1722 ms
[3207:its-tracker]:  - Road finding completed in: 0.484165 ms
[3207:its-tracker]:  - Track finding completed in: 18.6198 ms
[3207:its-tracker]:  - Vertex processing completed in: 69.2026ms
[3207:its-tracker]:  - Context initialisation completed in: 0.542886 ms
[3207:its-tracker]:  - Tracklet finding completed in: 23.4546 ms
[3207:its-tracker]:  - Cell finding completed in: 9.41606 ms
[3207:its-tracker]:  - Neighbour finding completed in: 0.797671 ms
[3207:its-tracker]:  - Road finding completed in: 0.438253 ms
[3207:its-tracker]:  - Track finding completed in: 15.6057 ms
[3207:its-tracker]:  - Vertex processing completed in: 50.2551ms
[3207:its-tracker]:  - Context initialisation completed in: 0.480532 ms
[3207:its-tracker]:  - Tracklet finding completed in: 17.8109 ms
[3207:its-tracker]:  - Cell finding completed in: 4.73626 ms
[3207:its-tracker]:  - Neighbour finding completed in: 0.26065 ms
[3207:its-tracker]:  - Road finding completed in: 0.001811 ms
[3207:its-tracker]:  - Track finding completed in: 0.00068 ms
[3207:its-tracker]:  - Vertex processing completed in: 23.2909ms
[3207:its-tracker]:  - Context initialisation completed in: 0.276626 ms
[3207:its-tracker]:  - Tracklet finding completed in: 17.9912 ms
[3207:its-tracker]:  - Cell finding completed in: 5.01761 ms
[3207:its-tracker]:  - Neighbour finding completed in: 0.464764 ms
[3207:its-tracker]:  - Road finding completed in: 0.003585 ms
[3207:its-tracker]:  - Track finding completed in: 0.000848 ms
[3207:its-tracker]:  - Vertex processing completed in: 23.7546ms
[3207:its-tracker]: [07:46:03][INFO] Found tracks: 2135
[3207:its-tracker]: [07:46:03][INFO] ROframe: 23, clusters loaded : 16591
[3207:its-tracker]:  - Vertexer initialisation completed in: 1.15065 ms
[3207:its-tracker]:  - Tracklet finding completed in: 2.12883 ms
[3207:its-tracker]:  - Adjacent tracklets validation completed in: 0.433233 ms
[3207:its-tracker]:  - Vertex finding completed in: 0.032846 ms
[3207:its-tracker]: 		Found vertex with:     88 contributors
[3207:its-tracker]:  - Context initialisation completed in: 2.22756 ms
[3207:its-tracker]:  - Tracklet finding completed in: 6.74516 ms
[3207:its-tracker]:  - Cell finding completed in: 1.41344 ms
[3207:its-tracker]:  - Neighbour finding completed in: 0.146771 ms
[3207:its-tracker]:  - Road finding completed in: 0.007707 ms
[3207:its-tracker]:  - Track finding completed in: 0.311977 ms
[3207:its-tracker]:  - Vertex processing completed in: 10.8526ms
[3207:its-tracker]:  - Context initialisation completed in: 0.072858 ms
[3207:its-tracker]:  - Tracklet finding completed in: 5.90484 ms
[3207:its-tracker]:  - Cell finding completed in: 1.31782 ms
[3207:its-tracker]:  - Neighbour finding completed in: 0.128453 ms
[3207:its-tracker]:  - Road finding completed in: 0.001647 ms
[3207:its-tracker]:  - Track finding completed in: 0.000863 ms
[3207:its-tracker]:  - Vertex processing completed in: 7.42648ms
[3207:its-tracker]: [07:46:03][INFO] Found tracks: 16
[3207:its-tracker]: [07:46:03][INFO] ROframe: 24, clusters loaded : 1290
[3207:its-tracker]:  - Vertexer initialisation completed in: 0.204701 ms
[3207:its-tracker]:  - Tracklet finding completed in: 0.004689 ms
[3207:its-tracker]:  - Adjacent tracklets validation completed in: 0.000604 ms
[3207:its-tracker]:  - Vertex finding completed in: 0.00112 ms
[3207:its-tracker]: [07:46:03][INFO] Found tracks: 0
[3207:its-tracker]: [07:46:03][INFO] ROframe: 25, clusters loaded : 1240
[3207:its-tracker]:  - Vertexer initialisation completed in: 0.214366 ms
[3207:its-tracker]:  - Tracklet finding completed in: 0.001949 ms
[3207:its-tracker]:  - Adjacent tracklets validation completed in: 0.000409 ms
[3207:its-tracker]:  - Vertex finding completed in: 0.000595 ms
[3207:its-tracker]: [07:46:03][INFO] Found tracks: 0
[3207:its-tracker]: [07:46:03][INFO] ROframe: 26, clusters loaded : 1288
[3207:its-tracker]:  - Vertexer initialisation completed in: 0.223857 ms
[3207:its-tracker]:  - Tracklet finding completed in: 0.003267 ms
[3207:its-tracker]:  - Adjacent tracklets validation completed in: 0.000402 ms
[3207:its-tracker]:  - Vertex finding completed in: 0.000519 ms
[3207:its-tracker]: [07:46:03][INFO] Found tracks: 0
[3207:its-tracker]: [07:46:03][INFO] ROframe: 27, clusters loaded : 1673
[3207:its-tracker]:  - Vertexer initialisation completed in: 0.222523 ms
[3207:its-tracker]:  - Tracklet finding completed in: 0.018755 ms
[3207:its-tracker]:  - Adjacent tracklets validation completed in: 0.00394 ms
[3207:its-tracker]:  - Vertex finding completed in: 0.014348 ms
[3207:its-tracker]: 		Found vertex with:     33 contributors
[3207:its-tracker]:  - Context initialisation completed in: 1.61937 ms
[3207:its-tracker]:  - Tracklet finding completed in: 0.367089 ms
[3207:its-tracker]:  - Cell finding completed in: 0.031181 ms
[3207:its-tracker]:  - Neighbour finding completed in: 0.021395 ms
[3207:its-tracker]:  - Road finding completed in: 0.006933 ms
[3207:its-tracker]:  - Track finding completed in: 0.438494 ms
[3207:its-tracker]:  - Vertex processing completed in: 2.48447ms
[3207:its-tracker]:  - Context initialisation completed in: 0.012868 ms
[3207:its-tracker]:  - Tracklet finding completed in: 0.313911 ms
[3207:its-tracker]:  - Cell finding completed in: 0.016064 ms
[3207:its-tracker]:  - Neighbour finding completed in: 0.005975 ms
[3207:its-tracker]:  - Road finding completed in: 0.000541 ms
[3207:its-tracker]:  - Track finding completed in: 0.000683 ms
[3207:its-tracker]:  - Vertex processing completed in: 0.350042ms
[3207:its-tracker]: [07:46:03][INFO] Found tracks: 21
[3207:its-tracker]: [07:46:03][INFO] ROframe: 28, clusters loaded : 1263
[3207:its-tracker]:  - Vertexer initialisation completed in: 0.241862 ms
[3207:its-tracker]:  - Tracklet finding completed in: 0.003676 ms
[3207:its-tracker]:  - Adjacent tracklets validation completed in: 0.000706 ms
[3207:its-tracker]:  - Vertex finding completed in: 0.00158 ms
[3207:its-tracker]: [07:46:03][INFO] Found tracks: 0
[3207:its-tracker]: [07:46:03][INFO] ROframe: 29, clusters loaded : 25193
[3207:its-tracker]:  - Vertexer initialisation completed in: 1.71199 ms
[3207:its-tracker]:  - Tracklet finding completed in: 4.31772 ms
[3207:its-tracker]:  - Adjacent tracklets validation completed in: 0.821396 ms
[3207:its-tracker]:  - Vertex finding completed in: 0.295941 ms
[3207:its-tracker]: 		Found vertex with:   1170 contributors
[3207:its-tracker]:  - Context initialisation completed in: 3.02903 ms
[3207:its-tracker]:  - Tracklet finding completed in: 10.0713 ms
[3207:its-tracker]:  - Cell finding completed in: 7.58225 ms
[3207:its-tracker]:  - Neighbour finding completed in: 1.4722 ms
[3207:its-tracker]:  - Road finding completed in: 0.463965 ms
[3207:its-tracker]:  - Track finding completed in: 18.9769 ms
[3207:its-tracker]:  - Vertex processing completed in: 41.5956ms
[3207:its-tracker]:  - Context initialisation completed in: 0.378312 ms
[3207:its-tracker]:  - Tracklet finding completed in: 8.43091 ms
[3207:its-tracker]:  - Cell finding completed in: 1.80025 ms
[3207:its-tracker]:  - Neighbour finding completed in: 0.214205 ms
[3207:its-tracker]:  - Road finding completed in: 0.002815 ms
[3207:its-tracker]:  - Track finding completed in: 0.000674 ms
[3207:its-tracker]:  - Vertex processing completed in: 10.8272ms
[3207:its-tracker]: [07:46:03][INFO] Found tracks: 1007
[3207:its-tracker]: [07:46:03][INFO] ROframe: 30, clusters loaded : 13218
[3207:its-tracker]:  - Vertexer initialisation completed in: 0.886955 ms
[3207:its-tracker]:  - Tracklet finding completed in: 1.26915 ms
[3207:its-tracker]:  - Adjacent tracklets validation completed in: 0.244953 ms
[3207:its-tracker]:  - Vertex finding completed in: 0.234662 ms
[3207:its-tracker]: 		Found vertex with:    640 contributors
[3207:its-tracker]:  - Context initialisation completed in: 1.97238 ms
[3207:its-tracker]:  - Tracklet finding completed in: 4.66025 ms
[3207:its-tracker]:  - Cell finding completed in: 1.75048 ms
[3207:its-tracker]:  - Neighbour finding completed in: 0.411088 ms
[3207:its-tracker]:  - Road finding completed in: 0.107522 ms
[3207:its-tracker]:  - Track finding completed in: 10.4803 ms
[3207:its-tracker]:  - Vertex processing completed in: 19.382ms
[3207:its-tracker]:  - Context initialisation completed in: 0.161561 ms
[3207:its-tracker]:  - Tracklet finding completed in: 2.81277 ms
[3207:its-tracker]:  - Cell finding completed in: 0.496407 ms
[3207:its-tracker]:  - Neighbour finding completed in: 0.0918 ms
[3207:its-tracker]:  - Road finding completed in: 0.000782 ms
[3207:its-tracker]:  - Track finding completed in: 0.000374 ms
[3207:its-tracker]:  - Vertex processing completed in: 3.5637ms
[3207:its-tracker]: [07:46:03][INFO] Found tracks: 536
[3207:its-tracker]: [07:46:03][INFO] ROframe: 31, clusters loaded : 1339
[3207:its-tracker]:  - Vertexer initialisation completed in: 0.149193 ms
[3207:its-tracker]:  - Tracklet finding completed in: 0.002182 ms
[3207:its-tracker]:  - Adjacent tracklets validation completed in: 0.000872 ms
[3207:its-tracker]:  - Vertex finding completed in: 0.000657 ms
[3207:its-tracker]: [07:46:03][INFO] Found tracks: 0
[3207:its-tracker]: [07:46:03][INFO] ROframe: 32, clusters loaded : 1262
[3207:its-tracker]:  - Vertexer initialisation completed in: 0.136396 ms
[3207:its-tracker]:  - Tracklet finding completed in: 0.001625 ms
[3207:its-tracker]:  - Adjacent tracklets validation completed in: 0.000328 ms
[3207:its-tracker]:  - Vertex finding completed in: 0.000324 ms
[3207:its-tracker]: [07:46:03][INFO] Found tracks: 0
[3207:its-tracker]: [07:46:03][INFO] ROframe: 33, clusters loaded : 1305
[3207:its-tracker]:  - Vertexer initialisation completed in: 0.318064 ms
[3207:its-tracker]:  - Tracklet finding completed in: 0.003332 ms
[3207:its-tracker]:  - Adjacent tracklets validation completed in: 0.000528 ms
[3207:its-tracker]:  - Vertex finding completed in: 0.000484 ms
[3207:its-tracker]: [07:46:03][INFO] Found tracks: 0
[3207:its-tracker]: [07:46:03][INFO] ROframe: 34, clusters loaded : 1194
[3207:its-tracker]:  - Vertexer initialisation completed in: 0.454869 ms
[3207:its-tracker]:  - Tracklet finding completed in: 0.002432 ms
[3207:its-tracker]:  - Adjacent tracklets validation completed in: 0.000379 ms
[3207:its-tracker]:  - Vertex finding completed in: 0.000503 ms
[3207:its-tracker]: [07:46:03][INFO] Found tracks: 0
[3207:its-tracker]: [07:46:03][INFO] ROframe: 35, clusters loaded : 1257
[3207:its-tracker]:  - Vertexer initialisation completed in: 0.385353 ms
[3207:its-tracker]:  - Tracklet finding completed in: 0.002128 ms
[3207:its-tracker]:  - Adjacent tracklets validation completed in: 0.000361 ms
[3207:its-tracker]:  - Vertex finding completed in: 0.000531 ms
[3207:its-tracker]: [07:46:03][INFO] Found tracks: 0
[3207:its-tracker]: [07:46:03][INFO] ROframe: 36, clusters loaded : 1253
[3207:its-tracker]:  - Vertexer initialisation completed in: 0.389294 ms
[3207:its-tracker]:  - Tracklet finding completed in: 0.003653 ms
[3207:its-tracker]:  - Adjacent tracklets validation completed in: 0.000631 ms
[3207:its-tracker]:  - Vertex finding completed in: 0.000511 ms
[3207:its-tracker]: [07:46:03][INFO] Found tracks: 0
[3207:its-tracker]: [07:46:03][INFO] ROframe: 37, clusters loaded : 2440
[3207:its-tracker]:  - Vertexer initialisation completed in: 0.418551 ms
[3207:its-tracker]:  - Tracklet finding completed in: 0.060332 ms
[3207:its-tracker]:  - Adjacent tracklets validation completed in: 0.011524 ms
[3207:its-tracker]:  - Vertex finding completed in: 0.01853 ms
[3207:its-tracker]: 		Found vertex with:     49 contributors
[3207:its-tracker]:  - Context initialisation completed in: 2.38623 ms
[3207:its-tracker]:  - Tracklet finding completed in: 0.819923 ms
[3207:its-tracker]:  - Cell finding completed in: 0.107156 ms
[3207:its-tracker]:  - Neighbour finding completed in: 0.056382 ms
[3207:its-tracker]:  - Road finding completed in: 0.016255 ms
[3207:its-tracker]:  - Track finding completed in: 1.09807 ms
[3207:its-tracker]:  - Vertex processing completed in: 4.48402ms
[3207:its-tracker]:  - Context initialisation completed in: 0.028098 ms
[3207:its-tracker]:  - Tracklet finding completed in: 0.619061 ms
[3207:its-tracker]:  - Cell finding completed in: 0.052745 ms
[3207:its-tracker]:  - Neighbour finding completed in: 0.013679 ms
[3207:its-tracker]:  - Road finding completed in: 0.000458 ms
[3207:its-tracker]:  - Track finding completed in: 0.000248 ms
[3207:its-tracker]:  - Vertex processing completed in: 0.714289ms
[3207:its-tracker]: [07:46:03][INFO] Found tracks: 48
[3207:its-tracker]: [07:46:03][INFO] ROframe: 38, clusters loaded : 2512
[3207:its-tracker]:  - Vertexer initialisation completed in: 0.276489 ms
[3207:its-tracker]:  - Tracklet finding completed in: 0.066942 ms
[3207:its-tracker]:  - Adjacent tracklets validation completed in: 0.027579 ms
[3207:its-tracker]:  - Vertex finding completed in: 0.011008 ms
[3207:its-tracker]: 		Found vertex with:     16 contributors
[3207:its-tracker]:  - Context initialisation completed in: 1.48639 ms
[3207:its-tracker]:  - Tracklet finding completed in: 0.49011 ms
[3207:its-tracker]:  - Cell finding completed in: 0.052275 ms
[3207:its-tracker]:  - Neighbour finding completed in: 0.02447 ms
[3207:its-tracker]:  - Road finding completed in: 0.00386 ms
[3207:its-tracker]:  - Track finding completed in: 0.168036 ms
[3207:its-tracker]:  - Vertex processing completed in: 2.22514ms
[3207:its-tracker]:  - Context initialisation completed in: 0.009515 ms
[3207:its-tracker]:  - Tracklet finding completed in: 0.54069 ms
[3207:its-tracker]:  - Cell finding completed in: 0.078167 ms
[3207:its-tracker]:  - Neighbour finding completed in: 0.026131 ms
[3207:its-tracker]:  - Road finding completed in: 0.000409 ms
[3207:its-tracker]:  - Track finding completed in: 0.000329 ms
[3207:its-tracker]:  - Vertex processing completed in: 0.655241ms
[3207:its-tracker]: [07:46:03][INFO] Found tracks: 4
[3207:its-tracker]: [07:46:03][INFO] ROframe: 39, clusters loaded : 1288
[3207:its-tracker]:  - Vertexer initialisation completed in: 0.421232 ms
[3207:its-tracker]:  - Tracklet finding completed in: 0.004092 ms
[3207:its-tracker]:  - Adjacent tracklets validation completed in: 0.0009 ms
[3207:its-tracker]:  - Vertex finding completed in: 0.001115 ms
[3207:its-tracker]: [07:46:03][INFO] Found tracks: 0
[3207:its-tracker]: [07:46:03][INFO] ROframe: 40, clusters loaded : 1295
[3207:its-tracker]:  - Vertexer initialisation completed in: 0.482373 ms
[3207:its-tracker]:  - Tracklet finding completed in: 0.002318 ms
[3207:its-tracker]:  - Adjacent tracklets validation completed in: 0.000523 ms
[3207:its-tracker]:  - Vertex finding completed in: 0.000686 ms
[3207:its-tracker]: [07:46:03][INFO] Found tracks: 0
[3207:its-tracker]: [07:46:03][INFO] ROframe: 41, clusters loaded : 51235
[3207:its-tracker]:  - Vertexer initialisation completed in: 3.8734 ms
[3207:its-tracker]:  - Tracklet finding completed in: 16.5496 ms
[3207:its-tracker]:  - Adjacent tracklets validation completed in: 7.36296 ms
[3207:its-tracker]:  - Vertex finding completed in: 0.732266 ms
[3207:its-tracker]: 		Found vertex with:   2760 contributors
[3207:its-tracker]:  - Context initialisation completed in: 4.22857 ms
[3207:its-tracker]:  - Tracklet finding completed in: 40.2481 ms
[3207:its-tracker]:  - Cell finding completed in: 26.8209 ms
[3207:its-tracker]:  - Neighbour finding completed in: 2.48999 ms
[3207:its-tracker]:  - Road finding completed in: 0.944933 ms
[3207:its-tracker]:  - Track finding completed in: 36.8989 ms
[3207:its-tracker]:  - Vertex processing completed in: 111.631ms
[3207:its-tracker]:  - Context initialisation completed in: 0.894117 ms
[3207:its-tracker]:  - Tracklet finding completed in: 20.0072 ms
[3207:its-tracker]:  - Cell finding completed in: 8.04029 ms
[3207:its-tracker]:  - Neighbour finding completed in: 0.536819 ms
[3207:its-tracker]:  - Road finding completed in: 0.003817 ms
[3207:its-tracker]:  - Track finding completed in: 0.000565 ms
[3207:its-tracker]:  - Vertex processing completed in: 29.4828ms
[3207:its-tracker]: [07:46:03][INFO] Found tracks: 2209
[3207:its-tracker]: [07:46:04][INFO] ROframe: 42, clusters loaded : 1288
[3207:its-tracker]:  - Vertexer initialisation completed in: 0.214956 ms
[3207:its-tracker]:  - Tracklet finding completed in: 0.00279 ms
[3207:its-tracker]:  - Adjacent tracklets validation completed in: 0.000515 ms
[3207:its-tracker]:  - Vertex finding completed in: 0.000975 ms
[3207:its-tracker]: [07:46:04][INFO] Found tracks: 0
[3207:its-tracker]: [07:46:04][INFO] ROframe: 43, clusters loaded : 1250
[3207:its-tracker]:  - Vertexer initialisation completed in: 0.235221 ms
[3207:its-tracker]:  - Tracklet finding completed in: 0.001952 ms
[3207:its-tracker]:  - Adjacent tracklets validation completed in: 0.000274 ms
[3207:its-tracker]:  - Vertex finding completed in: 0.000548 ms
[3207:its-tracker]: [07:46:04][INFO] Found tracks: 0
[3207:its-tracker]: [07:46:04][INFO] ROframe: 44, clusters loaded : 1276
[3207:its-tracker]:  - Vertexer initialisation completed in: 0.212413 ms
[3207:its-tracker]:  - Tracklet finding completed in: 0.001977 ms
[3207:its-tracker]:  - Adjacent tracklets validation completed in: 0.000418 ms
[3207:its-tracker]:  - Vertex finding completed in: 0.000529 ms
[3207:its-tracker]: [07:46:04][INFO] Found tracks: 0
[3207:its-tracker]: [07:46:04][INFO] ROframe: 45, clusters loaded : 1256
[3207:its-tracker]:  - Vertexer initialisation completed in: 0.301805 ms
[3207:its-tracker]:  - Tracklet finding completed in: 0.001663 ms
[3207:its-tracker]:  - Adjacent tracklets validation completed in: 0.000216 ms
[3207:its-tracker]:  - Vertex finding completed in: 0.000291 ms
[3207:its-tracker]: [07:46:04][INFO] Found tracks: 0
[3207:its-tracker]: [07:46:04][INFO] ROframe: 46, clusters loaded : 1299
[3207:its-tracker]:  - Vertexer initialisation completed in: 0.247974 ms
[3207:its-tracker]:  - Tracklet finding completed in: 0.008223 ms
[3207:its-tracker]:  - Adjacent tracklets validation completed in: 0.000303 ms
[3207:its-tracker]:  - Vertex finding completed in: 0.000333 ms
[3207:its-tracker]: [07:46:04][INFO] Found tracks: 0
[3207:its-tracker]: [07:46:04][INFO] ROframe: 47, clusters loaded : 1277
[3207:its-tracker]:  - Vertexer initialisation completed in: 0.226775 ms
[3207:its-tracker]:  - Tracklet finding completed in: 0.001209 ms
[3207:its-tracker]:  - Adjacent tracklets validation completed in: 0.0002 ms
[3207:its-tracker]:  - Vertex finding completed in: 0.000296 ms
[3207:its-tracker]: [07:46:04][INFO] Found tracks: 0
[3207:its-tracker]: [07:46:04][INFO] ROframe: 48, clusters loaded : 22680
[3207:its-tracker]:  - Vertexer initialisation completed in: 2.46519 ms
[3207:its-tracker]:  - Tracklet finding completed in: 3.60692 ms
[3207:its-tracker]:  - Adjacent tracklets validation completed in: 0.80512 ms
[3207:its-tracker]:  - Vertex finding completed in: 0.194641 ms
[3207:its-tracker]: 		Found vertex with:   1144 contributors
[3207:its-tracker]:  - Context initialisation completed in: 2.327 ms
[3207:its-tracker]:  - Tracklet finding completed in: 9.95599 ms
[3207:its-tracker]:  - Cell finding completed in: 3.84113 ms
[3207:its-tracker]:  - Neighbour finding completed in: 1.75183 ms
[3207:its-tracker]:  - Road finding completed in: 0.20031 ms
[3207:its-tracker]:  - Track finding completed in: 15.004 ms
[3207:its-tracker]:  - Vertex processing completed in: 33.0802ms
[3207:its-tracker]:  - Context initialisation completed in: 0.320552 ms
[3207:its-tracker]:  - Tracklet finding completed in: 6.98445 ms
[3207:its-tracker]:  - Cell finding completed in: 1.46626 ms
[3207:its-tracker]:  - Neighbour finding completed in: 0.211495 ms
[3207:its-tracker]:  - Road finding completed in: 0.001419 ms
[3207:its-tracker]:  - Track finding completed in: 0.000591 ms
[3207:its-tracker]:  - Vertex processing completed in: 8.98477ms
[3207:its-tracker]: [07:46:04][INFO] Found tracks: 971
[3207:its-tracker]: [07:46:04][INFO] ROframe: 49, clusters loaded : 1271
[3207:its-tracker]:  - Vertexer initialisation completed in: 0.239313 ms
[3207:its-tracker]:  - Tracklet finding completed in: 0.002428 ms
[3207:its-tracker]:  - Adjacent tracklets validation completed in: 0.000884 ms
[3207:its-tracker]:  - Vertex finding completed in: 0.001067 ms
[3207:its-tracker]: [07:46:04][INFO] Found tracks: 0
[3207:its-tracker]: [07:46:04][INFO] ROframe: 50, clusters loaded : 1266
[3207:its-tracker]:  - Vertexer initialisation completed in: 0.262741 ms
[3207:its-tracker]:  - Tracklet finding completed in: 0.004417 ms
[3207:its-tracker]:  - Adjacent tracklets validation completed in: 0.000499 ms
[3207:its-tracker]:  - Vertex finding completed in: 0.000772 ms
[3207:its-tracker]: [07:46:04][INFO] Found tracks: 0
[3207:its-tracker]: [07:46:04][INFO] ITSTracker pushed 13308 tracks
[3207:its-tracker]: [07:46:04][INFO] ITS CA-Tracker total timing: Cpu: 1.380e+00 Real: 1.394e+00 s in 1 slots
[3208:its-track-writer]: [07:46:04][INFO] ITSTrackWriter pulled 13308 tracks, in 51 RO frames
[INFO] Quitting
[INFO] QUIT_REQUESTED
[3205:its-clusterer]: [07:46:04][INFO] Received device shutdown request (signal 15).
[3205:its-clusterer]: [07:46:04][INFO] Waiting for graceful device shutdown. Hit Ctrl-C again to abort immediately.
[3208:its-track-writer]: [07:46:04][INFO] Received device shutdown request (signal 15).
[3208:its-track-writer]: [07:46:04][INFO] Waiting for graceful device shutdown. Hit Ctrl-C again to abort immediately.
[3204:its-digit-reader]: [07:46:04][INFO] Received device shutdown request (signal 15).
[3204:its-digit-reader]: [07:46:04][INFO] Waiting for graceful device shutdown. Hit Ctrl-C again to abort immediately.
[3204:its-digit-reader]: [07:46:04][STATE] RUNNING ---> READY
[3204:its-digit-reader]: [07:46:04][STATE] READY ---> RESETTING TASK
[3204:its-digit-reader]: [07:46:04][STATE] RESETTING TASK ---> DEVICE READY
[3204:its-digit-reader]: [07:46:04][STATE] DEVICE READY ---> RESETTING DEVICE
[3204:its-digit-reader]: [07:46:04][STATE] RESETTING DEVICE ---> IDLE
[3204:its-digit-reader]: [07:46:04][STATE] IDLE ---> EXITING
[3204:its-digit-reader]: [07:46:04][STATE] Exiting FairMQ state machine
[3207:its-tracker]: [07:46:04][INFO] Received device shutdown request (signal 15).
[3207:its-tracker]: [07:46:04][INFO] Waiting for graceful device shutdown. Hit Ctrl-C again to abort immediately.
[3206:its-cluster-writer]: [07:46:04][INFO] Received device shutdown request (signal 15).
[3206:its-cluster-writer]: [07:46:04][INFO] Waiting for graceful device shutdown. Hit Ctrl-C again to abort immediately.
[3203:internal-dpl-clock]: [07:46:04][INFO] Received device shutdown request (signal 15).
[3203:internal-dpl-clock]: [07:46:04][INFO] Waiting for graceful device shutdown. Hit Ctrl-C again to abort immediately.
[3207:its-tracker]: [07:46:04][STATE] RUNNING ---> READY
[3207:its-tracker]: [07:46:04][STATE] READY ---> RESETTING TASK
[3207:its-tracker]: [07:46:04][STATE] RESETTING TASK ---> DEVICE READY
[3207:its-tracker]: [07:46:04][STATE] DEVICE READY ---> RESETTING DEVICE
[3203:internal-dpl-clock]: [07:46:04][STATE] RUNNING ---> READY
[3205:its-clusterer]: [07:46:04][STATE] RUNNING ---> READY
[3205:its-clusterer]: [07:46:04][STATE] READY ---> RESETTING TASK
[3205:its-clusterer]: [07:46:04][STATE] RESETTING TASK ---> DEVICE READY
[3205:its-clusterer]: [07:46:04][STATE] DEVICE READY ---> RESETTING DEVICE
[3207:its-tracker]: [07:46:04][STATE] RESETTING DEVICE ---> IDLE
[3207:its-tracker]: [07:46:04][STATE] IDLE ---> EXITING
[3203:internal-dpl-clock]: [07:46:04][STATE] READY ---> RESETTING TASK
[3203:internal-dpl-clock]: [07:46:04][STATE] RESETTING TASK ---> DEVICE READY
[3203:internal-dpl-clock]: [07:46:04][STATE] DEVICE READY ---> RESETTING DEVICE
[3207:its-tracker]: [07:46:04][STATE] Exiting FairMQ state machine
[3203:internal-dpl-clock]: [07:46:04][STATE] RESETTING DEVICE ---> IDLE
[3203:internal-dpl-clock]: [07:46:04][STATE] IDLE ---> EXITING
[3203:internal-dpl-clock]: [07:46:04][STATE] Exiting FairMQ state machine
[3205:its-clusterer]: [07:46:04][STATE] RESETTING DEVICE ---> IDLE
[3205:its-clusterer]: [07:46:04][STATE] IDLE ---> EXITING
[3205:its-clusterer]: [07:46:04][STATE] Exiting FairMQ state machine
[3208:its-track-writer]: [07:46:05][STATE] RUNNING ---> READY
[3208:its-track-writer]: [07:46:05][STATE] READY ---> RESETTING TASK
[3208:its-track-writer]: [07:46:05][STATE] RESETTING TASK ---> DEVICE READY
[3208:its-track-writer]: [07:46:05][STATE] DEVICE READY ---> RESETTING DEVICE
[3206:its-cluster-writer]: [07:46:05][STATE] RUNNING ---> READY
[3208:its-track-writer]: [07:46:05][STATE] RESETTING DEVICE ---> IDLE
[3206:its-cluster-writer]: [07:46:05][STATE] READY ---> RESETTING TASK
[3206:its-cluster-writer]: [07:46:05][STATE] RESETTING TASK ---> DEVICE READY
[3206:its-cluster-writer]: [07:46:05][STATE] DEVICE READY ---> RESETTING DEVICE
[3208:its-track-writer]: [07:46:05][STATE] IDLE ---> EXITING
[3206:its-cluster-writer]: Cleaning up for shared memory id 'b672486d'...
[3206:its-cluster-writer]: No region counter found. No regions to cleanup.
[3206:its-cluster-writer]: Successfully removed 'fmq_b672486d_m_0'.
[3206:its-cluster-writer]: Successfully removed 'fmq_b672486d_mng'.
[3206:its-cluster-writer]: Successfully removed 'fmq_b672486d_mtx'.
[3206:its-cluster-writer]: Successfully removed 'fmq_b672486d_cv'.
[3208:its-track-writer]: [07:46:05][STATE] Exiting FairMQ state machine
[3206:its-cluster-writer]: [07:46:05][STATE] RESETTING DEVICE ---> IDLE
[3206:its-cluster-writer]: [07:46:05][STATE] IDLE ---> EXITING
[3206:its-cluster-writer]: [07:46:05][STATE] Exiting FairMQ state machine
[INFO] Dumping used configuration in dpl-config.json
