===============================
execute this script as follows:
./generate_its.sh system region nevents
where:
system = 1 -> pp
       = 2 -> Pb-Pb
region = 1 -> ITS only
       = 2 -> whole detector
===============================
will generate Pb-Pb events
will transport events in the ITS only
Will generate: 10 events
Moving to /eos/user/f/ftorales/its_data/alignment/lbnl_alice_alignment_tasks/2287089/1
/eos/user/f/ftorales/its_data/alignment/lbnl_alice_alignment_tasks/2287089/1

==============================================================================================
1. MC generation run
[INFO] Running with 6 sim workers 
[INFO] CREATING SIM SHARED MEM SEGMENT FOR 6 WORKERS
Spawning particle server on PID 996; Redirect output to o2sim_serverlog
Spawning sim worker 0 on PID 998; Redirect output to o2sim_workerlog0
Spawning hit merger on PID 999; Redirect output to o2sim_mergerlog
[INFO] DISTRIBUTING EVENT : 1
[INFO] EVENT FINISHED : 1
[INFO] DISTRIBUTING EVENT : 2
[INFO] EVENT FINISHED : 2
[INFO] DISTRIBUTING EVENT : 3
[INFO] EVENT FINISHED : 3
[INFO] DISTRIBUTING EVENT : 4
[INFO] EVENT FINISHED : 4
[INFO] DISTRIBUTING EVENT : 5
[INFO] EVENT FINISHED : 5
[INFO] DISTRIBUTING EVENT : 6
[INFO] EVENT FINISHED : 6
[INFO] DISTRIBUTING EVENT : 7
[INFO] EVENT FINISHED : 7
[INFO] DISTRIBUTING EVENT : 8
[INFO] EVENT FINISHED : 8
[INFO] DISTRIBUTING EVENT : 9
[INFO] EVENT FINISHED : 9
[INFO] DISTRIBUTING EVENT : 10
[INFO] EVENT FINISHED : 10
[INFO] Merger process 999 returned
[INFO] Simulation process took 80.4695 s
[INFO] SIMULATION RETURNED SUCCESFULLY

==============================================================================================
2. Hits to digits conversion
Run: 1621528534
Fill:      0
Period: 
LHC State: 
Start: Thu May 20 18:35:35 2021
End  : Thu May 20 18:35:36 2021
Beam0: Z:A =   0:  0, Energy = 0.000
Beam1: Z:A =   0:  0, Energy = 0.000
sqrt[s]    = 0.000
crossing angle (radian) = 0.000000e+00
magnet currents (A) L3 = -30000.000, Dipole = -6000
Detectors: Cont.RO Triggers
      ITS:    -       -    
[INFO] MC-TRUTH 1
[INFO] TPC: GEM setup - initialization from scratch
[INFO] TPC: GEM setup (polya) took 8.46
[INFO] TPC is in grp? no; is skipped? no
[INFO] ITS is in grp? yes; is skipped? no
[INFO] MFT is in grp? no; is skipped? no
[INFO] TOF is in grp? no; is skipped? no
[INFO] FT0 is in grp? no; is skipped? no
[INFO] FV0 is in grp? no; is skipped? no
[INFO] EMC is in grp? no; is skipped? no
[INFO] HMP is in grp? no; is skipped? no
[INFO] ZDC is in grp? no; is skipped? no
[INFO] TRD is in grp? no; is skipped? no
[INFO] MCH is in grp? no; is skipped? no
[INFO] MID is in grp? no; is skipped? no
[INFO] FDD is in grp? no; is skipped? no
[INFO] PHS is in grp? no; is skipped? no
[INFO] CPV is in grp? no; is skipped? no
[INFO] Initialising O2 Data Processing Layer
[INFO] O2 Data Processing Layer initialised. We brake for nobody.
[INFO] Optimised build. O2DEBUG / LOG(DEBUG) / LOGF(DEBUG) / assert statement will not be shown.
[INFO] Redeployment of configuration asked.
[INFO] Starting internal-dpl-clock on pid 2100
[INFO] Starting SimReader on pid 2101
[INFO] Starting ITSDigitizer on pid 2102
[INFO] Starting GRPUpdater on pid 2103
[INFO] Starting ITSDigitWriter on pid 2104
[INFO] Redeployment of configuration done.
[2101:SimReader]: [INFO] MC-TRUTH 1
[2100:internal-dpl-clock]: [INFO] MC-TRUTH 1
[2102:ITSDigitizer]: [INFO] MC-TRUTH 1
[2104:ITSDigitWriter]: [INFO] MC-TRUTH 1
[2103:GRPUpdater]: [INFO] MC-TRUTH 1
[2100:internal-dpl-clock]: [INFO] Spawing new device internal-dpl-clock in process with pid 2100
[2101:SimReader]: [INFO] Spawing new device SimReader in process with pid 2101
[2102:ITSDigitizer]: [INFO] Spawing new device ITSDigitizer in process with pid 2102
[2104:ITSDigitWriter]: [INFO] Spawing new device ITSDigitWriter in process with pid 2104
[2100:internal-dpl-clock]: [18:39:21][INFO] 
[2100:internal-dpl-clock]:       ______      _    _______  _________ 
[2100:internal-dpl-clock]:      / ____/___ _(_)_______   |/  /_  __ \    version 1.4.29
[2100:internal-dpl-clock]:     / /_  / __ `/ / ___/__  /|_/ /_  / / /    build RELWITHDEBINFO
[2100:internal-dpl-clock]:    / __/ / /_/ / / /    _  /  / / / /_/ /     https://github.com/FairRootGroup/FairMQ
[2100:internal-dpl-clock]:   /_/    \__,_/_/_/     /_/  /_/  \___\_\     LGPL-3.0  © 2012-2020 GSI
[2100:internal-dpl-clock]: 
[2101:SimReader]: [18:39:21][INFO] 
[2101:SimReader]:       ______      _    _______  _________ 
[2101:SimReader]:      / ____/___ _(_)_______   |/  /_  __ \    version 1.4.29
[2101:SimReader]:     / /_  / __ `/ / ___/__  /|_/ /_  / / /    build RELWITHDEBINFO
[2101:SimReader]:    / __/ / /_/ / / /    _  /  / / / /_/ /     https://github.com/FairRootGroup/FairMQ
[2101:SimReader]:   /_/    \__,_/_/_/     /_/  /_/  \___\_\     LGPL-3.0  © 2012-2020 GSI
[2101:SimReader]: 
[2102:ITSDigitizer]: [18:39:21][INFO] 
[2102:ITSDigitizer]:       ______      _    _______  _________ 
[2102:ITSDigitizer]:      / ____/___ _(_)_______   |/  /_  __ \    version 1.4.29
[2102:ITSDigitizer]:     / /_  / __ `/ / ___/__  /|_/ /_  / / /    build RELWITHDEBINFO
[2102:ITSDigitizer]:    / __/ / /_/ / / /    _  /  / / / /_/ /     https://github.com/FairRootGroup/FairMQ
[2102:ITSDigitizer]:   /_/    \__,_/_/_/     /_/  /_/  \___\_\     LGPL-3.0  © 2012-2020 GSI
[2102:ITSDigitizer]: 
[2104:ITSDigitWriter]: [18:39:21][INFO] 
[2104:ITSDigitWriter]:       ______      _    _______  _________ 
[2104:ITSDigitWriter]:      / ____/___ _(_)_______   |/  /_  __ \    version 1.4.29
[2104:ITSDigitWriter]:     / /_  / __ `/ / ___/__  /|_/ /_  / / /    build RELWITHDEBINFO
[2104:ITSDigitWriter]:    / __/ / /_/ / / /    _  /  / / / /_/ /     https://github.com/FairRootGroup/FairMQ
[2104:ITSDigitWriter]:   /_/    \__,_/_/_/     /_/  /_/  \___\_\     LGPL-3.0  © 2012-2020 GSI
[2104:ITSDigitWriter]: 
[2100:internal-dpl-clock]: [18:39:21][STATE] Starting FairMQ state machine --> IDLE
[2101:SimReader]: [18:39:21][STATE] Starting FairMQ state machine --> IDLE
[2102:ITSDigitizer]: [18:39:21][STATE] Starting FairMQ state machine --> IDLE
[2104:ITSDigitWriter]: [18:39:21][STATE] Starting FairMQ state machine --> IDLE
[2100:internal-dpl-clock]: 2021-05-20 18:39:21	Monitoring	[0;49mStdOut backend initialized[0m
[2101:SimReader]: 2021-05-20 18:39:21	Monitoring	[0;49mStdOut backend initialized[0m
[2100:internal-dpl-clock]: [18:39:21][STATE] IDLE ---> INITIALIZING DEVICE
[2101:SimReader]: [18:39:21][STATE] IDLE ---> INITIALIZING DEVICE
[2102:ITSDigitizer]: 2021-05-20 18:39:21	Monitoring	[0;49mStdOut backend initialized[0m
[2102:ITSDigitizer]: [18:39:21][STATE] IDLE ---> INITIALIZING DEVICE
[2104:ITSDigitWriter]: 2021-05-20 18:39:21	Monitoring	[0;49mStdOut backend initialized[0m
[2100:internal-dpl-clock]: 2021-05-20 18:39:21	Monitoring	[0;49mBuffering enabled (100)[0m
[2100:internal-dpl-clock]: [18:39:21][STATE] INITIALIZING DEVICE ---> INITIALIZED
[2100:internal-dpl-clock]: [18:39:21][STATE] INITIALIZED ---> BINDING
[2100:internal-dpl-clock]: [18:39:21][STATE] BINDING ---> BOUND
[2100:internal-dpl-clock]: [18:39:21][STATE] BOUND ---> CONNECTING
[2100:internal-dpl-clock]: [18:39:21][STATE] CONNECTING ---> DEVICE READY
[2100:internal-dpl-clock]: [18:39:21][STATE] DEVICE READY ---> INITIALIZING TASK
[2100:internal-dpl-clock]: [18:39:21][STATE] INITIALIZING TASK ---> READY
[2100:internal-dpl-clock]: [18:39:21][STATE] READY ---> RUNNING
[2100:internal-dpl-clock]: [18:39:21][INFO] DEVICE: Running...
[2101:SimReader]: 2021-05-20 18:39:21	Monitoring	[0;49mBuffering enabled (100)[0m
[2101:SimReader]: [18:39:21][INFO] adding o2sim
[2101:SimReader]: 
[2101:SimReader]: [18:39:21][INFO] INCONTEXTSTRING 
[2101:SimReader]: [18:39:21][INFO] Imposing hadronic interaction rate 50000Hz
[2101:SimReader]: [18:39:21][WARN] No bunch filling provided, impose default one
[2101:SimReader]: [18:39:21][INFO] Deducing mu=0.00771915 per BC from IR=50000 with 576 BCs
[2101:SimReader]: [18:39:21][INFO] InteractionSampler with 576 colliding BCs, mu(BC)= 0.00771915 -> total IR= 50000
[2101:SimReader]: [18:39:21][INFO] Current BCid:    0 Orbit:      1 |T in BC(ns): 0.000(0 coll left)
[2101:SimReader]: [18:39:21][INFO] setting up 1 chains
[2102:ITSDigitizer]: 2021-05-20 18:39:21	Monitoring	[0;49mBuffering enabled (100)[0m
[2102:ITSDigitizer]: [18:39:21][INFO] Initializing geometry service
[2102:ITSDigitizer]: [18:39:21][INFO] Loading geometry FAIRGeom from o2sim_geometry.root
[2103:GRPUpdater]: [INFO] Spawing new device GRPUpdater in process with pid 2103
[2103:GRPUpdater]: [18:39:21][INFO] 
[2103:GRPUpdater]:       ______      _    _______  _________ 
[2103:GRPUpdater]:      / ____/___ _(_)_______   |/  /_  __ \    version 1.4.29
[2103:GRPUpdater]:     / /_  / __ `/ / ___/__  /|_/ /_  / / /    build RELWITHDEBINFO
[2103:GRPUpdater]:    / __/ / /_/ / / /    _  /  / / / /_/ /     https://github.com/FairRootGroup/FairMQ
[2103:GRPUpdater]:   /_/    \__,_/_/_/     /_/  /_/  \___\_\     LGPL-3.0  © 2012-2020 GSI
[2103:GRPUpdater]: 
[2103:GRPUpdater]: [18:39:21][STATE] Starting FairMQ state machine --> IDLE
[2103:GRPUpdater]: 2021-05-20 18:39:21	Monitoring	[0;49mStdOut backend initialized[0m
[2103:GRPUpdater]: [18:39:21][STATE] IDLE ---> INITIALIZING DEVICE
[2103:GRPUpdater]: 2021-05-20 18:39:21	Monitoring	[0;49mBuffering enabled (100)[0m
[2103:GRPUpdater]: [18:39:21][STATE] INITIALIZING DEVICE ---> INITIALIZED
[2103:GRPUpdater]: [18:39:21][STATE] INITIALIZED ---> BINDING
[2103:GRPUpdater]: [18:39:21][STATE] BINDING ---> BOUND
[2103:GRPUpdater]: [18:39:21][STATE] BOUND ---> CONNECTING
[2103:GRPUpdater]: [18:39:21][STATE] CONNECTING ---> DEVICE READY
[2103:GRPUpdater]: [18:39:21][STATE] DEVICE READY ---> INITIALIZING TASK
[2103:GRPUpdater]: [18:39:21][STATE] INITIALIZING TASK ---> READY
[2103:GRPUpdater]: [18:39:21][STATE] READY ---> RUNNING
[2103:GRPUpdater]: [18:39:21][INFO] DEVICE: Running...
[2104:ITSDigitWriter]: [18:39:21][STATE] IDLE ---> INITIALIZING DEVICE
[2104:ITSDigitWriter]: 2021-05-20 18:39:21	Monitoring	[0;49mBuffering enabled (100)[0m
[2104:ITSDigitWriter]: [18:39:21][INFO] 0: branch  ITSDigitMCTruth set up
[2104:ITSDigitWriter]: [18:39:21][INFO] 1: branch  ITSDigitMC2ROF set up
[2104:ITSDigitWriter]: [18:39:21][INFO] 2: branch  ITSDigit set up
[2104:ITSDigitWriter]: [18:39:21][INFO] 3: branch  ITSDigitROF set up
[2104:ITSDigitWriter]: [18:39:21][STATE] INITIALIZING DEVICE ---> INITIALIZED
[2104:ITSDigitWriter]: [18:39:21][STATE] INITIALIZED ---> BINDING
[2104:ITSDigitWriter]: [18:39:21][STATE] BINDING ---> BOUND
[2104:ITSDigitWriter]: [18:39:21][STATE] BOUND ---> CONNECTING
[2104:ITSDigitWriter]: [18:39:21][STATE] CONNECTING ---> DEVICE READY
[2104:ITSDigitWriter]: [18:39:21][STATE] DEVICE READY ---> INITIALIZING TASK
[2104:ITSDigitWriter]: [18:39:21][STATE] INITIALIZING TASK ---> READY
[2104:ITSDigitWriter]: [18:39:21][STATE] READY ---> RUNNING
[2104:ITSDigitWriter]: [18:39:21][INFO] DEVICE: Running...
[2102:ITSDigitizer]: Info in <TGeoManager::CloseGeometry>: Geometry loaded from file...
[2102:ITSDigitizer]: Info in <TGeoManager::SetTopVolume>: Top volume is cave. Master volume is cave
[2102:ITSDigitizer]: Info in <TGeoNavigator::BuildCache>: --- Maximum geometry depth set to 100
[2102:ITSDigitizer]: Info in <TGeoManager::CloseGeometry>: Voxelization retrieved from file
[2102:ITSDigitizer]: Info in <TGeoManager::CountLevels>: max level = 9, max placements = 126
[2102:ITSDigitizer]: Info in <TGeoManager::CloseGeometry>: 179840 nodes/ 399 volume UID's in FAIR geometry
[2102:ITSDigitizer]: Info in <TGeoManager::CloseGeometry>: ----------------modeler ready----------------
[2102:ITSDigitizer]: [18:39:22][INFO] Initializing field service
[2101:SimReader]: [18:39:22][INFO] Automatic deduction of number of collisions ... will just take number of background entries 10
[2101:SimReader]: Summary of DigitizationContext --
[2101:SimReader]: Parts per collision 1
[2101:SimReader]: Collision parts taken from simulations specified by prefix:
[2101:SimReader]: Number of Collisions 10
[2101:SimReader]: Collision 0 TIME BCid:  964 Orbit:      1 |T in BC(ns): 0.087 (0 , 0)
[2101:SimReader]: Collision 1 TIME BCid: 1152 Orbit:      1 |T in BC(ns): -0.073 (0 , 1)
[2101:SimReader]: Collision 2 TIME BCid: 1244 Orbit:      1 |T in BC(ns): 0.054 (0 , 2)
[2101:SimReader]: Collision 3 TIME BCid: 1578 Orbit:      1 |T in BC(ns): -0.075 (0 , 3)
[2101:SimReader]: Collision 4 TIME BCid: 1986 Orbit:      1 |T in BC(ns): 0.052 (0 , 4)
[2101:SimReader]: Collision 5 TIME BCid: 2134 Orbit:      1 |T in BC(ns): 0.277 (0 , 5)
[2101:SimReader]: Collision 6 TIME BCid:  412 Orbit:      3 |T in BC(ns): 0.112 (0 , 6)
[2101:SimReader]: Collision 7 TIME BCid:  856 Orbit:      3 |T in BC(ns): 0.030 (0 , 7)
[2101:SimReader]: Collision 8 TIME BCid:  976 Orbit:      3 |T in BC(ns): 0.193 (0 , 8)
[2101:SimReader]: Collision 9 TIME BCid: 1162 Orbit:      3 |T in BC(ns): -0.228 (0 , 9)
[2101:SimReader]: [18:39:22][INFO] Initializing Spec ... have 10 times 
[2101:SimReader]: [18:39:22][INFO] Serializing Context for later reuse
[2102:ITSDigitizer]: [18:39:22][INFO] MagneticField::Print: MagneticFieldMap:
[2102:ITSDigitizer]: [18:39:22][INFO] MagneticField::Print: Solenoid (-1*)5 kG, Dipole ON (-1) 
[2102:ITSDigitizer]: [18:39:22][INFO] MagneticField::Print: Machine B fields for p-p  beam (7000 GeV): QGrad: 22.0002 Dipole: 37.8781
[2102:ITSDigitizer]: [18:39:22][INFO] MagneticField::Print: Uses Sol30_Dip6_Hole  of /cvmfs/alice.cern.ch/el7-x86_64/Packages/O2/nightly-20210129-1/share/Common/maps/mfchebKGI_sym.root
[2102:ITSDigitizer]: Info in <TGeoGlobalMagField::SetField>: Global magnetic field set to <MagneticFieldMap>
[2102:ITSDigitizer]: Info in <TGeoGlobalMagField::Lock>: Global magnetic field <MagneticFieldMap> is now locked
[2102:ITSDigitizer]: [18:39:22][INFO] Set Alpide charge threshold to 150, single hit will be accounted from 15 electrons
[2102:ITSDigitizer]: [18:39:22][INFO] ITS simulated in CONTINUOUS RO mode
[2101:SimReader]: [18:39:22][STATE] INITIALIZING DEVICE ---> INITIALIZED
[2101:SimReader]: [18:39:22][STATE] INITIALIZED ---> BINDING
[2101:SimReader]: [18:39:22][STATE] BINDING ---> BOUND
[2101:SimReader]: [18:39:22][STATE] BOUND ---> CONNECTING
[2101:SimReader]: [18:39:22][STATE] CONNECTING ---> DEVICE READY
[2101:SimReader]: [18:39:22][STATE] DEVICE READY ---> INITIALIZING TASK
[2101:SimReader]: [18:39:22][STATE] INITIALIZING TASK ---> READY
[2101:SimReader]: [18:39:22][STATE] READY ---> RUNNING
[2101:SimReader]: [18:39:22][INFO] DEVICE: Running...
[2101:SimReader]: [18:39:22][INFO] SENDING SOMETHING TO OTHERS
[2102:ITSDigitizer]: [18:39:22][INFO] Loading ITS L2G matrices from TGeo
[2102:ITSDigitizer]: Alpide response object of 40500 matrices to map chagre in xyz to 5x5 pixels
[2102:ITSDigitizer]: X(col) range: +0.000000e+00 : +1.462000e-03 | step: 5.000000e-05 | Nbins: 30
[2102:ITSDigitizer]: Y(row) range: +0.000000e+00 : +1.344000e-03 | step: 5.000000e-05 | Nbins: 27
[2102:ITSDigitizer]: Z(dpt) range: -2.000000e-03 : +2.500000e-03 | step: 8.999999e-05 | Nbins: 50
[2102:ITSDigitizer]: Alpide digitization params:
[2102:ITSDigitizer]: Continuous readout             : ON
[2102:ITSDigitizer]: Readout Frame Length(ns)       : 9880.510742
[2102:ITSDigitizer]: Strobe delay (ns)              : 99.803139
[2102:ITSDigitizer]: Strobe length (ns)             : 9780.708008
[2102:ITSDigitizer]: Threshold (N electrons)        : 150
[2102:ITSDigitizer]: Min N electrons to accoint     : 15
[2102:ITSDigitizer]: Number of charge sharing steps : 7
[2102:ITSDigitizer]: ELoss to N electrons factor    : 2.777778e+08
[2102:ITSDigitizer]: Noise level per pixel          : 1.000000e-07
[2102:ITSDigitizer]: Charge time-response:
[2102:ITSDigitizer]: o2::itsmft::AlpideSignalTrapezoid | Duration: 7500.0 MaxRiseTime: 1100.0 (RiseTime=0 at q=450.0) (ns)
[2102:ITSDigitizer]: [18:39:24][STATE] INITIALIZING DEVICE ---> INITIALIZED
[2102:ITSDigitizer]: [18:39:24][STATE] INITIALIZED ---> BINDING
[2102:ITSDigitizer]: [18:39:24][STATE] BINDING ---> BOUND
[2102:ITSDigitizer]: [18:39:24][STATE] BOUND ---> CONNECTING
[2102:ITSDigitizer]: [18:39:24][STATE] CONNECTING ---> DEVICE READY
[2102:ITSDigitizer]: [18:39:24][STATE] DEVICE READY ---> INITIALIZING TASK
[2102:ITSDigitizer]: [18:39:24][STATE] INITIALIZING TASK ---> READY
[2102:ITSDigitizer]: [18:39:24][STATE] READY ---> RUNNING
[2102:ITSDigitizer]: [18:39:24][INFO] DEVICE: Running...
[2102:ITSDigitizer]: [18:39:24][INFO] GOT 10 COLLISSION TIMES
[2102:ITSDigitizer]: [18:39:24][INFO] SIMCHAINS 1
[2102:ITSDigitizer]: [18:39:24][INFO]  CALLING ITS DIGITIZATION 
[2102:ITSDigitizer]: [18:39:25][INFO] Digitizing ITS hits of entry 0 from source 0 at time BCid:  964 Orbit:      1 |T in BC(ns): 0.087 ROFrame= 11) cont.mode: 1 Min/Max ROFrames 0/10
[2102:ITSDigitizer]: [18:39:25][INFO] Filling ITS digits output for RO frames 0:10
[2102:ITSDigitizer]: ROF: 0 | 1283 entries starting from 0
[2102:ITSDigitizer]: BCid:    0 Orbit:      0
[2102:ITSDigitizer]: ROF: 1 | 1267 entries starting from 1283
[2102:ITSDigitizer]: BCid:  396 Orbit:      0
[2102:ITSDigitizer]: ROF: 2 | 1323 entries starting from 2550
[2102:ITSDigitizer]: BCid:  792 Orbit:      0
[2102:ITSDigitizer]: ROF: 3 | 1229 entries starting from 3873
[2102:ITSDigitizer]: BCid: 1188 Orbit:      0
[2102:ITSDigitizer]: ROF: 4 | 1245 entries starting from 5102
[2102:ITSDigitizer]: BCid: 1584 Orbit:      0
[2102:ITSDigitizer]: ROF: 5 | 1248 entries starting from 6347
[2102:ITSDigitizer]: BCid: 1980 Orbit:      0
[2102:ITSDigitizer]: ROF: 6 | 1259 entries starting from 7595
[2102:ITSDigitizer]: BCid: 2376 Orbit:      0
[2102:ITSDigitizer]: ROF: 7 | 1258 entries starting from 8854
[2102:ITSDigitizer]: BCid: 2772 Orbit:      0
[2102:ITSDigitizer]: ROF: 8 | 1247 entries starting from 10112
[2102:ITSDigitizer]: BCid: 3168 Orbit:      0
[2102:ITSDigitizer]: ROF: 9 | 1249 entries starting from 11359
[2102:ITSDigitizer]: BCid:    0 Orbit:      1
[2102:ITSDigitizer]: ROF: 10 | 1258 entries starting from 12608
[2102:ITSDigitizer]: BCid:  396 Orbit:      1
[2102:ITSDigitizer]: [18:39:25][INFO] Added 13866 digits 
[2102:ITSDigitizer]: [18:39:25][INFO] Digitizing ITS hits of entry 1 from source 0 at time BCid: 1152 Orbit:      1 |T in BC(ns): -0.073 ROFrame= 11) cont.mode: 1 Min/Max ROFrames 11/13
[2102:ITSDigitizer]: [18:39:25][INFO] Digitizing ITS hits of entry 2 from source 0 at time BCid: 1244 Orbit:      1 |T in BC(ns): 0.054 ROFrame= 12) cont.mode: 1 Min/Max ROFrames 11/13
[2102:ITSDigitizer]: [18:39:25][INFO] Filling ITS digits output for RO frames 11:11
[2102:ITSDigitizer]: ROF: 11 | 102783 entries starting from 13866
[2102:ITSDigitizer]: BCid:  792 Orbit:      1
[2102:ITSDigitizer]: MCEventID: 0 ROFs: 11-13 Entry in ROFRecords: 11
[2102:ITSDigitizer]: MCEventID: 1 ROFs: 11-13 Entry in ROFRecords: 11
[2102:ITSDigitizer]: [18:39:25][INFO] Added 102783 digits 
[2102:ITSDigitizer]: [18:39:25][INFO] Digitizing ITS hits of entry 3 from source 0 at time BCid: 1578 Orbit:      1 |T in BC(ns): -0.075 ROFrame= 12) cont.mode: 1 Min/Max ROFrames 12/13
[2102:ITSDigitizer]: [18:39:25][INFO] Digitizing ITS hits of entry 4 from source 0 at time BCid: 1986 Orbit:      1 |T in BC(ns): 0.052 ROFrame= 14) cont.mode: 1 Min/Max ROFrames 12/13
[2102:ITSDigitizer]: [18:39:25][INFO] Filling ITS digits output for RO frames 12:13
[2102:ITSDigitizer]: ROF: 12 | 146145 entries starting from 116649
[2102:ITSDigitizer]: BCid: 1188 Orbit:      1
[2102:ITSDigitizer]: MCEventID: 2 ROFs: 12-13 Entry in ROFRecords: 12
[2102:ITSDigitizer]: MCEventID: 3 ROFs: 12-13 Entry in ROFRecords: 12
[2102:ITSDigitizer]: ROF: 13 | 2066 entries starting from 262794
[2102:ITSDigitizer]: BCid: 1584 Orbit:      1
[2102:ITSDigitizer]: [18:39:25][INFO] Added 148211 digits 
[2102:ITSDigitizer]: [18:39:25][INFO] Digitizing ITS hits of entry 5 from source 0 at time BCid: 2134 Orbit:      1 |T in BC(ns): 0.277 ROFrame= 14) cont.mode: 1 Min/Max ROFrames 14/15
[2102:ITSDigitizer]: [18:39:26][INFO] Digitizing ITS hits of entry 6 from source 0 at time BCid:  412 Orbit:      3 |T in BC(ns): 0.112 ROFrame= 28) cont.mode: 1 Min/Max ROFrames 14/27
[2102:ITSDigitizer]: [18:39:26][INFO] Filling ITS digits output for RO frames 14:27
[2102:ITSDigitizer]: ROF: 14 | 189379 entries starting from 264860
[2102:ITSDigitizer]: BCid: 1980 Orbit:      1
[2102:ITSDigitizer]: MCEventID: 4 ROFs: 14-15 Entry in ROFRecords: 14
[2102:ITSDigitizer]: MCEventID: 5 ROFs: 14-15 Entry in ROFRecords: 14
[2102:ITSDigitizer]: ROF: 15 | 145192 entries starting from 454239
[2102:ITSDigitizer]: BCid: 2376 Orbit:      1
[2102:ITSDigitizer]: ROF: 16 | 1344 entries starting from 599431
[2102:ITSDigitizer]: BCid: 2772 Orbit:      1
[2102:ITSDigitizer]: ROF: 17 | 1232 entries starting from 600775
[2102:ITSDigitizer]: BCid: 3168 Orbit:      1
[2102:ITSDigitizer]: ROF: 18 | 1300 entries starting from 602007
[2102:ITSDigitizer]: BCid:    0 Orbit:      2
[2102:ITSDigitizer]: ROF: 19 | 1311 entries starting from 603307
[2102:ITSDigitizer]: BCid:  396 Orbit:      2
[2102:ITSDigitizer]: ROF: 20 | 1282 entries starting from 604618
[2102:ITSDigitizer]: BCid:  792 Orbit:      2
[2102:ITSDigitizer]: ROF: 21 | 1244 entries starting from 605900
[2102:ITSDigitizer]: BCid: 1188 Orbit:      2
[2102:ITSDigitizer]: ROF: 22 | 1289 entries starting from 607144
[2102:ITSDigitizer]: BCid: 1584 Orbit:      2
[2102:ITSDigitizer]: ROF: 23 | 1285 entries starting from 608433
[2102:ITSDigitizer]: BCid: 1980 Orbit:      2
[2102:ITSDigitizer]: ROF: 24 | 1284 entries starting from 609718
[2102:ITSDigitizer]: BCid: 2376 Orbit:      2
[2102:ITSDigitizer]: ROF: 25 | 1287 entries starting from 611002
[2102:ITSDigitizer]: BCid: 2772 Orbit:      2
[2102:ITSDigitizer]: ROF: 26 | 1246 entries starting from 612289
[2102:ITSDigitizer]: BCid: 3168 Orbit:      2
[2102:ITSDigitizer]: ROF: 27 | 1242 entries starting from 613535
[2102:ITSDigitizer]: BCid:    0 Orbit:      3
[2102:ITSDigitizer]: [18:39:26][INFO] Added 349917 digits 
[2102:ITSDigitizer]: [18:39:26][INFO] Digitizing ITS hits of entry 7 from source 0 at time BCid:  856 Orbit:      3 |T in BC(ns): 0.030 ROFrame= 29) cont.mode: 1 Min/Max ROFrames 28/29
[2102:ITSDigitizer]: [18:39:26][INFO] Filling ITS digits output for RO frames 28:28
[2102:ITSDigitizer]: ROF: 28 | 13000 entries starting from 614777
[2102:ITSDigitizer]: BCid:  396 Orbit:      3
[2102:ITSDigitizer]: MCEventID: 6 ROFs: 28-29 Entry in ROFRecords: 28
[2102:ITSDigitizer]: [18:39:26][INFO] Added 13000 digits 
[2102:ITSDigitizer]: [18:39:26][INFO] Digitizing ITS hits of entry 8 from source 0 at time BCid:  976 Orbit:      3 |T in BC(ns): 0.193 ROFrame= 29) cont.mode: 1 Min/Max ROFrames 29/30
[2102:ITSDigitizer]: [18:39:26][INFO] Digitizing ITS hits of entry 9 from source 0 at time BCid: 1162 Orbit:      3 |T in BC(ns): -0.228 ROFrame= 29) cont.mode: 1 Min/Max ROFrames 29/30
[2102:ITSDigitizer]: [18:39:27][INFO] Filling ITS digits output for RO frames 29:31
[2102:ITSDigitizer]: ROF: 29 | 345401 entries starting from 627777
[2102:ITSDigitizer]: BCid:  792 Orbit:      3
[2102:ITSDigitizer]: MCEventID: 7 ROFs: 29-30 Entry in ROFRecords: 29
[2102:ITSDigitizer]: MCEventID: 8 ROFs: 29-30 Entry in ROFRecords: 29
[2102:ITSDigitizer]: MCEventID: 9 ROFs: 29-31 Entry in ROFRecords: 29
[2102:ITSDigitizer]: ROF: 30 | 173707 entries starting from 973178
[2102:ITSDigitizer]: BCid: 1188 Orbit:      3
[2102:ITSDigitizer]: ROF: 31 | 2028 entries starting from 1146885
[2102:ITSDigitizer]: BCid: 1584 Orbit:      3
[2102:ITSDigitizer]: [18:39:27][INFO] Added 521136 digits 
[2102:ITSDigitizer]: [18:39:27][INFO] ITS: Sending ROMode= 3 to GRPUpdater
[2102:ITSDigitizer]: [18:39:27][INFO] Digitization took 2.64s
[2104:ITSDigitWriter]: [18:39:27][INFO] WRITING 1154716 LABELS 
[2103:GRPUpdater]: [18:39:27][INFO] Updated GRP in o2sim_grp.root for detectors RO mode
[2104:ITSDigitWriter]: [18:39:27][INFO] RECEIVED DIGITS SIZE 1148913
[2103:GRPUpdater]: Run: 1621528534
[2103:GRPUpdater]: Fill:      0
[2103:GRPUpdater]: Period: 
[2103:GRPUpdater]: LHC State: 
[2103:GRPUpdater]: Start: Thu May 20 18:35:35 2021
[2103:GRPUpdater]: End  : Thu May 20 18:35:36 2021
[2103:GRPUpdater]: Beam0: Z:A =   0:  0, Energy = 0.000
[2103:GRPUpdater]: Beam1: Z:A =   0:  0, Energy = 0.000
[2103:GRPUpdater]: sqrt[s]    = 0.000
[2103:GRPUpdater]: crossing angle (radian) = 0.000000e+00
[2103:GRPUpdater]: magnet currents (A) L3 = -30000.000, Dipole = -6000
[2103:GRPUpdater]: Detectors: Cont.RO Triggers
[2103:GRPUpdater]:       ITS:    +       -    
[INFO] Quitting
[INFO] QUIT_REQUESTED
[2103:GRPUpdater]: [18:39:28][INFO] Received device shutdown request (signal 15).
[2103:GRPUpdater]: [18:39:28][INFO] Waiting for graceful device shutdown. Hit Ctrl-C again to abort immediately.
[2102:ITSDigitizer]: [18:39:28][INFO] Received device shutdown request (signal 15).
[2102:ITSDigitizer]: [18:39:28][INFO] Waiting for graceful device shutdown. Hit Ctrl-C again to abort immediately.
[2104:ITSDigitWriter]: [18:39:28][INFO] Received device shutdown request (signal 15).
[2104:ITSDigitWriter]: [18:39:28][INFO] Waiting for graceful device shutdown. Hit Ctrl-C again to abort immediately.
[2100:internal-dpl-clock]: [18:39:28][INFO] Received device shutdown request (signal 15).
[2100:internal-dpl-clock]: [18:39:28][INFO] Waiting for graceful device shutdown. Hit Ctrl-C again to abort immediately.
[2101:SimReader]: [18:39:28][INFO] Received device shutdown request (signal 15).
[2101:SimReader]: [18:39:28][INFO] Waiting for graceful device shutdown. Hit Ctrl-C again to abort immediately.
[2101:SimReader]: [18:39:28][STATE] RUNNING ---> READY
[2101:SimReader]: [18:39:28][STATE] READY ---> RESETTING TASK
[2101:SimReader]: [18:39:28][STATE] RESETTING TASK ---> DEVICE READY
[2101:SimReader]: [18:39:28][STATE] DEVICE READY ---> RESETTING DEVICE
[2101:SimReader]: [18:39:28][STATE] RESETTING DEVICE ---> IDLE
[2101:SimReader]: [18:39:28][STATE] IDLE ---> EXITING
[2101:SimReader]: [18:39:28][STATE] Exiting FairMQ state machine
[2102:ITSDigitizer]: [18:39:28][STATE] RUNNING ---> READY
[2103:GRPUpdater]: [18:39:28][STATE] RUNNING ---> READY
[2100:internal-dpl-clock]: [18:39:28][STATE] RUNNING ---> READY
[2100:internal-dpl-clock]: [18:39:28][STATE] READY ---> RESETTING TASK
[2103:GRPUpdater]: [18:39:28][STATE] READY ---> RESETTING TASK
[2103:GRPUpdater]: [18:39:28][STATE] RESETTING TASK ---> DEVICE READY
[2100:internal-dpl-clock]: [18:39:28][STATE] RESETTING TASK ---> DEVICE READY
[2102:ITSDigitizer]: [18:39:28][STATE] READY ---> RESETTING TASK
[2100:internal-dpl-clock]: [18:39:28][STATE] DEVICE READY ---> RESETTING DEVICE
[2102:ITSDigitizer]: [18:39:28][STATE] RESETTING TASK ---> DEVICE READY
[2103:GRPUpdater]: [18:39:28][STATE] DEVICE READY ---> RESETTING DEVICE
[2102:ITSDigitizer]: [18:39:28][STATE] DEVICE READY ---> RESETTING DEVICE
[2103:GRPUpdater]: [18:39:28][STATE] RESETTING DEVICE ---> IDLE
[2103:GRPUpdater]: [18:39:28][STATE] IDLE ---> EXITING
[2103:GRPUpdater]: [18:39:28][STATE] Exiting FairMQ state machine
[2100:internal-dpl-clock]: [18:39:28][STATE] RESETTING DEVICE ---> IDLE
[2100:internal-dpl-clock]: [18:39:28][STATE] IDLE ---> EXITING
[2100:internal-dpl-clock]: [18:39:28][STATE] Exiting FairMQ state machine
[2102:ITSDigitizer]: [18:39:28][STATE] RESETTING DEVICE ---> IDLE
[2102:ITSDigitizer]: [18:39:28][STATE] IDLE ---> EXITING
[2102:ITSDigitizer]: [18:39:28][STATE] Exiting FairMQ state machine
[2104:ITSDigitWriter]: [18:39:31][STATE] RUNNING ---> READY
[2104:ITSDigitWriter]: [18:39:31][STATE] READY ---> RESETTING TASK
[2104:ITSDigitWriter]: [18:39:31][STATE] RESETTING TASK ---> DEVICE READY
[2104:ITSDigitWriter]: [18:39:31][STATE] DEVICE READY ---> RESETTING DEVICE
[2104:ITSDigitWriter]: Cleaning up for shared memory id 'ca2969e8'...
[2104:ITSDigitWriter]: No region counter found. No regions to cleanup.
[2104:ITSDigitWriter]: Successfully removed 'fmq_ca2969e8_m_0'.
[2104:ITSDigitWriter]: Successfully removed 'fmq_ca2969e8_mng'.
[2104:ITSDigitWriter]: Successfully removed 'fmq_ca2969e8_mtx'.
[2104:ITSDigitWriter]: Successfully removed 'fmq_ca2969e8_cv'.
[2104:ITSDigitWriter]: [18:39:31][STATE] RESETTING DEVICE ---> IDLE
[2104:ITSDigitWriter]: [18:39:31][STATE] IDLE ---> EXITING
[2104:ITSDigitWriter]: [18:39:31][STATE] Exiting FairMQ state machine
[INFO] Dumping used configuration in dpl-config.json

==============================================================================================
3. Tracking
[INFO] Initialising O2 Data Processing Layer
[INFO] O2 Data Processing Layer initialised. We brake for nobody.
[INFO] Optimised build. O2DEBUG / LOG(DEBUG) / LOGF(DEBUG) / assert statement will not be shown.
[INFO] Redeployment of configuration asked.
[INFO] Starting internal-dpl-clock on pid 3183
[INFO] Starting its-digit-reader on pid 3184
[INFO] Starting its-clusterer on pid 3185
[INFO] Starting its-cluster-writer on pid 3186
[INFO] Starting its-tracker on pid 3187
[INFO] Starting its-track-writer on pid 3188
[INFO] Redeployment of configuration done.
[3188:its-track-writer]: [INFO] Spawing new device its-track-writer in process with pid 3188
[3184:its-digit-reader]: [INFO] Spawing new device its-digit-reader in process with pid 3184
[3186:its-cluster-writer]: [INFO] Spawing new device its-cluster-writer in process with pid 3186
[3187:its-tracker]: [INFO] Spawing new device its-tracker in process with pid 3187
[3185:its-clusterer]: [INFO] Spawing new device its-clusterer in process with pid 3185
[3183:internal-dpl-clock]: [INFO] Spawing new device internal-dpl-clock in process with pid 3183
[3184:its-digit-reader]: [18:42:01][INFO] 
[3184:its-digit-reader]:       ______      _    _______  _________ 
[3184:its-digit-reader]:      / ____/___ _(_)_______   |/  /_  __ \    version 1.4.29
[3184:its-digit-reader]:     / /_  / __ `/ / ___/__  /|_/ /_  / / /    build RELWITHDEBINFO
[3184:its-digit-reader]:    / __/ / /_/ / / /    _  /  / / / /_/ /     https://github.com/FairRootGroup/FairMQ
[3184:its-digit-reader]:   /_/    \__,_/_/_/     /_/  /_/  \___\_\     LGPL-3.0  © 2012-2020 GSI
[3184:its-digit-reader]: 
[3187:its-tracker]: [18:42:01][INFO] 
[3187:its-tracker]:       ______      _    _______  _________ 
[3187:its-tracker]:      / ____/___ _(_)_______   |/  /_  __ \    version 1.4.29
[3187:its-tracker]:     / /_  / __ `/ / ___/__  /|_/ /_  / / /    build RELWITHDEBINFO
[3187:its-tracker]:    / __/ / /_/ / / /    _  /  / / / /_/ /     https://github.com/FairRootGroup/FairMQ
[3187:its-tracker]:   /_/    \__,_/_/_/     /_/  /_/  \___\_\     LGPL-3.0  © 2012-2020 GSI
[3187:its-tracker]: 
[3186:its-cluster-writer]: [18:42:01][INFO] 
[3186:its-cluster-writer]:       ______      _    _______  _________ 
[3186:its-cluster-writer]:      / ____/___ _(_)_______   |/  /_  __ \    version 1.4.29
[3186:its-cluster-writer]:     / /_  / __ `/ / ___/__  /|_/ /_  / / /    build RELWITHDEBINFO
[3186:its-cluster-writer]:    / __/ / /_/ / / /    _  /  / / / /_/ /     https://github.com/FairRootGroup/FairMQ
[3186:its-cluster-writer]:   /_/    \__,_/_/_/     /_/  /_/  \___\_\     LGPL-3.0  © 2012-2020 GSI
[3186:its-cluster-writer]: 
[3188:its-track-writer]: [18:42:01][INFO] 
[3188:its-track-writer]:       ______      _    _______  _________ 
[3188:its-track-writer]:      / ____/___ _(_)_______   |/  /_  __ \    version 1.4.29
[3188:its-track-writer]:     / /_  / __ `/ / ___/__  /|_/ /_  / / /    build RELWITHDEBINFO
[3188:its-track-writer]:    / __/ / /_/ / / /    _  /  / / / /_/ /     https://github.com/FairRootGroup/FairMQ
[3188:its-track-writer]:   /_/    \__,_/_/_/     /_/  /_/  \___\_\     LGPL-3.0  © 2012-2020 GSI
[3188:its-track-writer]: 
[3184:its-digit-reader]: [18:42:01][STATE] Starting FairMQ state machine --> IDLE
[3186:its-cluster-writer]: [18:42:01][STATE] Starting FairMQ state machine --> IDLE
[3187:its-tracker]: [18:42:01][STATE] Starting FairMQ state machine --> IDLE
[3188:its-track-writer]: [18:42:01][STATE] Starting FairMQ state machine --> IDLE
[3188:its-track-writer]: 2021-05-20 18:42:01	Monitoring	[0;49mStdOut backend initialized[0m
[3183:internal-dpl-clock]: [18:42:01][INFO] 
[3183:internal-dpl-clock]:       ______      _    _______  _________ 
[3183:internal-dpl-clock]:      / ____/___ _(_)_______   |/  /_  __ \    version 1.4.29
[3183:internal-dpl-clock]:     / /_  / __ `/ / ___/__  /|_/ /_  / / /    build RELWITHDEBINFO
[3183:internal-dpl-clock]:    / __/ / /_/ / / /    _  /  / / / /_/ /     https://github.com/FairRootGroup/FairMQ
[3183:internal-dpl-clock]:   /_/    \__,_/_/_/     /_/  /_/  \___\_\     LGPL-3.0  © 2012-2020 GSI
[3183:internal-dpl-clock]: 
[3183:internal-dpl-clock]: [18:42:01][STATE] Starting FairMQ state machine --> IDLE
[3183:internal-dpl-clock]: 2021-05-20 18:42:01	Monitoring	[0;49mStdOut backend initialized[0m
[3184:its-digit-reader]: 2021-05-20 18:42:01	Monitoring	[0;49mStdOut backend initialized[0m
[3184:its-digit-reader]: [18:42:01][STATE] IDLE ---> INITIALIZING DEVICE
[3185:its-clusterer]: [18:42:01][INFO] 
[3185:its-clusterer]:       ______      _    _______  _________ 
[3185:its-clusterer]:      / ____/___ _(_)_______   |/  /_  __ \    version 1.4.29
[3185:its-clusterer]:     / /_  / __ `/ / ___/__  /|_/ /_  / / /    build RELWITHDEBINFO
[3185:its-clusterer]:    / __/ / /_/ / / /    _  /  / / / /_/ /     https://github.com/FairRootGroup/FairMQ
[3185:its-clusterer]:   /_/    \__,_/_/_/     /_/  /_/  \___\_\     LGPL-3.0  © 2012-2020 GSI
[3185:its-clusterer]: 
[3185:its-clusterer]: [18:42:01][STATE] Starting FairMQ state machine --> IDLE
[3185:its-clusterer]: 2021-05-20 18:42:01	Monitoring	[0;49mStdOut backend initialized[0m
[3186:its-cluster-writer]: 2021-05-20 18:42:01	Monitoring	[0;49mStdOut backend initialized[0m
[3186:its-cluster-writer]: [18:42:01][STATE] IDLE ---> INITIALIZING DEVICE
[3187:its-tracker]: 2021-05-20 18:42:01	Monitoring	[0;49mStdOut backend initialized[0m
[3188:its-track-writer]: [18:42:01][STATE] IDLE ---> INITIALIZING DEVICE
[3183:internal-dpl-clock]: [18:42:01][STATE] IDLE ---> INITIALIZING DEVICE
[3183:internal-dpl-clock]: 2021-05-20 18:42:01	Monitoring	[0;49mBuffering enabled (100)[0m
[3183:internal-dpl-clock]: [18:42:01][STATE] INITIALIZING DEVICE ---> INITIALIZED
[3183:internal-dpl-clock]: [18:42:01][STATE] INITIALIZED ---> BINDING
[3183:internal-dpl-clock]: [18:42:01][STATE] BINDING ---> BOUND
[3183:internal-dpl-clock]: [18:42:01][STATE] BOUND ---> CONNECTING
[3183:internal-dpl-clock]: [18:42:01][STATE] CONNECTING ---> DEVICE READY
[3183:internal-dpl-clock]: [18:42:01][STATE] DEVICE READY ---> INITIALIZING TASK
[3183:internal-dpl-clock]: [18:42:01][STATE] INITIALIZING TASK ---> READY
[3183:internal-dpl-clock]: [18:42:01][STATE] READY ---> RUNNING
[3183:internal-dpl-clock]: [18:42:01][INFO] DEVICE: Running...
[3184:its-digit-reader]: 2021-05-20 18:42:01	Monitoring	[0;49mBuffering enabled (100)[0m
[3185:its-clusterer]: [18:42:01][STATE] IDLE ---> INITIALIZING DEVICE
[3185:its-clusterer]: 2021-05-20 18:42:01	Monitoring	[0;49mBuffering enabled (100)[0m
[3185:its-clusterer]: [18:42:01][INFO] Dictionary ITSdictionary.bin is absent, ITSClusterer expects cluster patterns
[3185:its-clusterer]: [18:42:01][INFO] Clusterizer masks overflow pixels separated by < 406 BC and <= 0 in row/col
[3185:its-clusterer]: [18:42:01][INFO] Inclusive clusterization timing (w/o disk IO): Cpu: 0 Real: 0 s in 1 slots
[3185:its-clusterer]: [18:42:01][INFO] Threads output merging timing                : Cpu: 0 Real: 0 s in 1 slots
[3185:its-clusterer]: [18:42:01][STATE] INITIALIZING DEVICE ---> INITIALIZED
[3185:its-clusterer]: [18:42:01][STATE] INITIALIZED ---> BINDING
[3185:its-clusterer]: [18:42:01][STATE] BINDING ---> BOUND
[3185:its-clusterer]: [18:42:01][STATE] BOUND ---> CONNECTING
[3185:its-clusterer]: [18:42:01][STATE] CONNECTING ---> DEVICE READY
[3185:its-clusterer]: [18:42:01][STATE] DEVICE READY ---> INITIALIZING TASK
[3185:its-clusterer]: [18:42:01][STATE] INITIALIZING TASK ---> READY
[3185:its-clusterer]: [18:42:01][STATE] READY ---> RUNNING
[3185:its-clusterer]: [18:42:01][INFO] DEVICE: Running...
[3187:its-tracker]: [18:42:01][STATE] IDLE ---> INITIALIZING DEVICE
[3187:its-tracker]: 2021-05-20 18:42:01	Monitoring	[0;49mBuffering enabled (100)[0m
[3187:its-tracker]: [18:42:01][INFO] Created GPUReconstruction instance for device type CPU (1) 
[3184:its-digit-reader]: [18:42:01][STATE] INITIALIZING DEVICE ---> INITIALIZED
[3184:its-digit-reader]: [18:42:01][STATE] INITIALIZED ---> BINDING
[3184:its-digit-reader]: [18:42:01][STATE] BINDING ---> BOUND
[3184:its-digit-reader]: [18:42:01][STATE] BOUND ---> CONNECTING
[3184:its-digit-reader]: [18:42:01][STATE] CONNECTING ---> DEVICE READY
[3184:its-digit-reader]: [18:42:01][STATE] DEVICE READY ---> INITIALIZING TASK
[3184:its-digit-reader]: [18:42:01][STATE] INITIALIZING TASK ---> READY
[3184:its-digit-reader]: [18:42:01][STATE] READY ---> RUNNING
[3184:its-digit-reader]: [18:42:01][INFO] DEVICE: Running...
[3186:its-cluster-writer]: 2021-05-20 18:42:01	Monitoring	[0;49mBuffering enabled (100)[0m
[3186:its-cluster-writer]: [18:42:01][INFO] 0: branch  ITSClusterComp set up
[3186:its-cluster-writer]: [18:42:01][INFO] 1: branch  ITSClusterPatt set up
[3186:its-cluster-writer]: [18:42:01][INFO] 2: branch  ITSClustersROF set up
[3186:its-cluster-writer]: [18:42:01][INFO] 3: branch  ITSClusterMCTruth set up
[3186:its-cluster-writer]: [18:42:01][INFO] 4: branch  ITSClustersMC2ROF set up
[3186:its-cluster-writer]: [18:42:01][STATE] INITIALIZING DEVICE ---> INITIALIZED
[3186:its-cluster-writer]: [18:42:01][STATE] INITIALIZED ---> BINDING
[3186:its-cluster-writer]: [18:42:01][STATE] BINDING ---> BOUND
[3186:its-cluster-writer]: [18:42:01][STATE] BOUND ---> CONNECTING
[3186:its-cluster-writer]: [18:42:01][STATE] CONNECTING ---> DEVICE READY
[3186:its-cluster-writer]: [18:42:01][STATE] DEVICE READY ---> INITIALIZING TASK
[3186:its-cluster-writer]: [18:42:01][STATE] INITIALIZING TASK ---> READY
[3186:its-cluster-writer]: [18:42:01][STATE] READY ---> RUNNING
[3186:its-cluster-writer]: [18:42:01][INFO] DEVICE: Running...
[3188:its-track-writer]: 2021-05-20 18:42:01	Monitoring	[0;49mBuffering enabled (100)[0m
[3188:its-track-writer]: [18:42:01][INFO] 0: branch  ITSTrack set up
[3188:its-track-writer]: [18:42:01][INFO] 1: branch  ITSTrackClusIdx set up
[3188:its-track-writer]: [18:42:01][INFO] 2: branch  Vertices set up
[3188:its-track-writer]: [18:42:01][INFO] 3: branch  VerticesROF set up
[3188:its-track-writer]: [18:42:01][INFO] 4: branch  ITSTracksROF set up
[3188:its-track-writer]: [18:42:01][INFO] 5: branch  ITSTrackMCTruth set up
[3188:its-track-writer]: [18:42:01][INFO] 6: branch  ITSTracksMC2ROF set up
[3188:its-track-writer]: [18:42:01][STATE] INITIALIZING DEVICE ---> INITIALIZED
[3188:its-track-writer]: [18:42:01][STATE] INITIALIZED ---> BINDING
[3188:its-track-writer]: [18:42:01][STATE] BINDING ---> BOUND
[3188:its-track-writer]: [18:42:01][STATE] BOUND ---> CONNECTING
[3188:its-track-writer]: [18:42:01][STATE] CONNECTING ---> DEVICE READY
[3188:its-track-writer]: [18:42:01][STATE] DEVICE READY ---> INITIALIZING TASK
[3188:its-track-writer]: [18:42:01][STATE] INITIALIZING TASK ---> READY
[3188:its-track-writer]: [18:42:01][STATE] READY ---> RUNNING
[3188:its-track-writer]: [18:42:01][INFO] DEVICE: Running...
[3187:its-tracker]: [18:42:01][INFO] MagneticField::Print: MagneticFieldMap:
[3187:its-tracker]: [18:42:01][INFO] MagneticField::Print: Solenoid (-1*)5 kG, Dipole ON (-1) 
[3187:its-tracker]: [18:42:01][INFO] MagneticField::Print: Machine B fields for p-p  beam (7000 GeV): QGrad: 22.0002 Dipole: 37.8781
[3187:its-tracker]: [18:42:01][INFO] MagneticField::Print: Uses Sol30_Dip6_Hole  of /cvmfs/alice.cern.ch/el7-x86_64/Packages/O2/nightly-20210129-1/share/Common/maps/mfchebKGI_sym.root
[3187:its-tracker]: Info in <TGeoGlobalMagField::SetField>: Global magnetic field set to <MagneticFieldMap>
[3187:its-tracker]: Info in <TGeoGlobalMagField::Lock>: Global magnetic field <MagneticFieldMap> is now locked
[3187:its-tracker]: [18:42:01][INFO] Loading geometry FAIRGeom from o2sim_geometry.root
[3187:its-tracker]: Info in <TGeoManager::CloseGeometry>: Geometry loaded from file...
[3187:its-tracker]: Info in <TGeoManager::SetTopVolume>: Top volume is cave. Master volume is cave
[3187:its-tracker]: Info in <TGeoNavigator::BuildCache>: --- Maximum geometry depth set to 100
[3187:its-tracker]: Info in <TGeoManager::CloseGeometry>: Voxelization retrieved from file
[3187:its-tracker]: Info in <TGeoManager::CountLevels>: max level = 9, max placements = 126
[3187:its-tracker]: Info in <TGeoManager::CloseGeometry>: 179840 nodes/ 399 volume UID's in FAIR geometry
[3187:its-tracker]: Info in <TGeoManager::CloseGeometry>: ----------------modeler ready----------------
[3187:its-tracker]: [18:42:02][INFO] Loading ITS T2L matrices from TGeo
[3184:its-digit-reader]: [18:42:02][INFO] ITSDigitReader pushed 1148913 digits, in 32 RO frames
[3185:its-clusterer]: [18:42:02][INFO] ITSClusterer pulled 1148913 digits, in 32 RO frames
[3185:its-clusterer]: [18:42:02][INFO] ITSClusterer pulled 1154716 labels 
[3187:its-tracker]: [18:42:02][WARN] It is faster to use 2D rotation for T2G instead of full Transform3D matrices
[3187:its-tracker]: [18:42:02][INFO] Loading ITS T2G matrices from TGeo
[3185:its-clusterer]: [18:42:02][INFO] ITSClusterer pushed 202747 clusters, in 32 RO frames
[3186:its-cluster-writer]: [18:42:02][INFO] ITSClusterWriter pulled 202747 clusters, in 32 RO frames
[3187:its-tracker]: [18:42:03][INFO] Loading ITS T2G rotation 2D matrices
[3187:its-tracker]: [18:42:03][INFO] Initializing tracker in sync. phase reconstruction with 1 passes
[3187:its-tracker]: [18:42:03][INFO] Not using lookup table for material budget approximation
[3187:its-tracker]: [18:42:03][INFO] Dictionary ITSdictionary.bin is absent, Tracker expects cluster patterns
[3187:its-tracker]: [18:42:03][STATE] INITIALIZING DEVICE ---> INITIALIZED
[3187:its-tracker]: [18:42:03][STATE] INITIALIZED ---> BINDING
[3187:its-tracker]: [18:42:03][STATE] BINDING ---> BOUND
[3187:its-tracker]: [18:42:03][STATE] BOUND ---> CONNECTING
[3187:its-tracker]: [18:42:03][STATE] CONNECTING ---> DEVICE READY
[3187:its-tracker]: [18:42:03][STATE] DEVICE READY ---> INITIALIZING TASK
[3187:its-tracker]: [18:42:03][STATE] INITIALIZING TASK ---> READY
[3187:its-tracker]: [18:42:03][STATE] READY ---> RUNNING
[3187:its-tracker]: [18:42:03][INFO] DEVICE: Running...
[3187:its-tracker]: [18:42:03][INFO] ITSTracker pulled 202747 clusters, 32 RO frames
[3187:its-tracker]: [18:42:03][INFO] 202747 MC label objects , in 10 MC events
[3187:its-tracker]: [18:42:03][INFO] ITSTracker RO: continuous=1
[3187:its-tracker]: [18:42:03][INFO] Loading ITS L2G matrices from TGeo
[3187:its-tracker]: [18:42:03][INFO] ROframe: 0, clusters loaded : 1283
[3187:its-tracker]:  - Vertexer initialisation completed in: 0.216521 ms
[3187:its-tracker]:  - Tracklet finding completed in: 0.007795 ms
[3187:its-tracker]:  - Adjacent tracklets validation completed in: 0.003714 ms
[3187:its-tracker]:  - Vertex finding completed in: 0.007374 ms
[3187:its-tracker]: [18:42:03][INFO] Found tracks: 0
[3187:its-tracker]: [18:42:03][INFO] ROframe: 1, clusters loaded : 1267
[3187:its-tracker]:  - Vertexer initialisation completed in: 0.151382 ms
[3187:its-tracker]:  - Tracklet finding completed in: 0.026398 ms
[3187:its-tracker]:  - Adjacent tracklets validation completed in: 0.000553 ms
[3187:its-tracker]:  - Vertex finding completed in: 0.000395 ms
[3187:its-tracker]: [18:42:03][INFO] Found tracks: 0
[3187:its-tracker]: [18:42:03][INFO] ROframe: 2, clusters loaded : 1323
[3187:its-tracker]:  - Vertexer initialisation completed in: 0.128022 ms
[3187:its-tracker]:  - Tracklet finding completed in: 0.001121 ms
[3187:its-tracker]:  - Adjacent tracklets validation completed in: 0.000309 ms
[3187:its-tracker]:  - Vertex finding completed in: 0.000294 ms
[3187:its-tracker]: [18:42:03][INFO] Found tracks: 0
[3187:its-tracker]: [18:42:03][INFO] ROframe: 3, clusters loaded : 1229
[3187:its-tracker]:  - Vertexer initialisation completed in: 0.154932 ms
[3187:its-tracker]:  - Tracklet finding completed in: 0.000808 ms
[3187:its-tracker]:  - Adjacent tracklets validation completed in: 0.000158 ms
[3187:its-tracker]:  - Vertex finding completed in: 0.000103 ms
[3187:its-tracker]: [18:42:03][INFO] Found tracks: 0
[3187:its-tracker]: [18:42:03][INFO] ROframe: 4, clusters loaded : 1245
[3187:its-tracker]:  - Vertexer initialisation completed in: 0.126061 ms
[3187:its-tracker]:  - Tracklet finding completed in: 0.000715 ms
[3187:its-tracker]:  - Adjacent tracklets validation completed in: 0.000143 ms
[3187:its-tracker]:  - Vertex finding completed in: 0.000265 ms
[3187:its-tracker]: [18:42:03][INFO] Found tracks: 0
[3187:its-tracker]: [18:42:03][INFO] ROframe: 5, clusters loaded : 1248
[3187:its-tracker]:  - Vertexer initialisation completed in: 0.130685 ms
[3187:its-tracker]:  - Tracklet finding completed in: 0.000913 ms
[3187:its-tracker]:  - Adjacent tracklets validation completed in: 0.000233 ms
[3187:its-tracker]:  - Vertex finding completed in: 0.000257 ms
[3187:its-tracker]: [18:42:03][INFO] Found tracks: 0
[3187:its-tracker]: [18:42:03][INFO] ROframe: 6, clusters loaded : 1259
[3187:its-tracker]:  - Vertexer initialisation completed in: 0.123587 ms
[3187:its-tracker]:  - Tracklet finding completed in: 0.000913 ms
[3187:its-tracker]:  - Adjacent tracklets validation completed in: 0.000179 ms
[3187:its-tracker]:  - Vertex finding completed in: 0.000215 ms
[3187:its-tracker]: [18:42:03][INFO] Found tracks: 0
[3187:its-tracker]: [18:42:03][INFO] ROframe: 7, clusters loaded : 1258
[3187:its-tracker]:  - Vertexer initialisation completed in: 0.123945 ms
[3187:its-tracker]:  - Tracklet finding completed in: 0.000918 ms
[3187:its-tracker]:  - Adjacent tracklets validation completed in: 0.000179 ms
[3187:its-tracker]:  - Vertex finding completed in: 0.000233 ms
[3187:its-tracker]: [18:42:03][INFO] Found tracks: 0
[3187:its-tracker]: [18:42:03][INFO] ROframe: 8, clusters loaded : 1247
[3187:its-tracker]:  - Vertexer initialisation completed in: 0.112876 ms
[3187:its-tracker]:  - Tracklet finding completed in: 0.002931 ms
[3187:its-tracker]:  - Adjacent tracklets validation completed in: 0.000264 ms
[3187:its-tracker]:  - Vertex finding completed in: 0.000315 ms
[3187:its-tracker]: [18:42:03][INFO] Found tracks: 0
[3187:its-tracker]: [18:42:03][INFO] ROframe: 9, clusters loaded : 1249
[3187:its-tracker]:  - Vertexer initialisation completed in: 0.119145 ms
[3187:its-tracker]:  - Tracklet finding completed in: 0.001538 ms
[3187:its-tracker]:  - Adjacent tracklets validation completed in: 0.000154 ms
[3187:its-tracker]:  - Vertex finding completed in: 0.000174 ms
[3187:its-tracker]: [18:42:03][INFO] Found tracks: 0
[3187:its-tracker]: [18:42:03][INFO] ROframe: 10, clusters loaded : 1258
[3187:its-tracker]:  - Vertexer initialisation completed in: 0.112205 ms
[3187:its-tracker]:  - Tracklet finding completed in: 0.001129 ms
[3187:its-tracker]:  - Adjacent tracklets validation completed in: 0.000333 ms
[3187:its-tracker]:  - Vertex finding completed in: 0.000336 ms
[3187:its-tracker]: [18:42:03][INFO] Found tracks: 0
[3187:its-tracker]: [18:42:03][INFO] ROframe: 11, clusters loaded : 24244
[3187:its-tracker]:  - Vertexer initialisation completed in: 1.79127 ms
[3187:its-tracker]:  - Tracklet finding completed in: 4.94291 ms
[3187:its-tracker]:  - Adjacent tracklets validation completed in: 0.953928 ms
[3187:its-tracker]:  - Vertex finding completed in: 0.320803 ms
[3187:its-tracker]: 		Found vertex with:    672 contributors
[3187:its-tracker]: 		Found vertex with:    496 contributors
[3187:its-tracker]:  - Context initialisation completed in: 3.64216 ms
[3187:its-tracker]:  - Tracklet finding completed in: 10.6472 ms
[3187:its-tracker]:  - Cell finding completed in: 3.67262 ms
[3187:its-tracker]:  - Neighbour finding completed in: 0.561536 ms
[3187:its-tracker]:  - Road finding completed in: 0.252335 ms
[3187:its-tracker]:  - Track finding completed in: 9.24893 ms
[3187:its-tracker]:  - Vertex processing completed in: 28.0247ms
[3187:its-tracker]:  - Context initialisation completed in: 0.234568 ms
[3187:its-tracker]:  - Tracklet finding completed in: 7.79903 ms
[3187:its-tracker]:  - Cell finding completed in: 2.15808 ms
[3187:its-tracker]:  - Neighbour finding completed in: 0.325503 ms
[3187:its-tracker]:  - Road finding completed in: 0.084747 ms
[3187:its-tracker]:  - Track finding completed in: 6.57661 ms
[3187:its-tracker]:  - Vertex processing completed in: 17.1785ms
[3187:its-tracker]:  - Context initialisation completed in: 0.183301 ms
[3187:its-tracker]:  - Tracklet finding completed in: 6.53627 ms
[3187:its-tracker]:  - Cell finding completed in: 1.28701 ms
[3187:its-tracker]:  - Neighbour finding completed in: 0.132583 ms
[3187:its-tracker]:  - Road finding completed in: 0.001379 ms
[3187:its-tracker]:  - Track finding completed in: 0.000625 ms
[3187:its-tracker]:  - Vertex processing completed in: 8.14117ms
[3187:its-tracker]:  - Context initialisation completed in: 0.105119 ms
[3187:its-tracker]:  - Tracklet finding completed in: 6.37114 ms
[3187:its-tracker]:  - Cell finding completed in: 1.09782 ms
[3187:its-tracker]:  - Neighbour finding completed in: 0.096168 ms
[3187:its-tracker]:  - Road finding completed in: 0.000964 ms
[3187:its-tracker]:  - Track finding completed in: 0.000615 ms
[3187:its-tracker]:  - Vertex processing completed in: 7.67182ms
[3187:its-tracker]: [18:42:03][INFO] Found tracks: 968
[3187:its-tracker]: [18:42:03][INFO] ROframe: 12, clusters loaded : 11303
[3187:its-tracker]:  - Vertexer initialisation completed in: 0.720369 ms
[3187:its-tracker]:  - Tracklet finding completed in: 0.825636 ms
[3187:its-tracker]:  - Adjacent tracklets validation completed in: 0.177559 ms
[3187:its-tracker]:  - Vertex finding completed in: 0.08543 ms
[3187:its-tracker]: 		Found vertex with:    530 contributors
[3187:its-tracker]:  - Context initialisation completed in: 1.81072 ms
[3187:its-tracker]:  - Tracklet finding completed in: 3.33239 ms
[3187:its-tracker]:  - Cell finding completed in: 1.06359 ms
[3187:its-tracker]:  - Neighbour finding completed in: 0.350594 ms
[3187:its-tracker]:  - Road finding completed in: 0.093875 ms
[3187:its-tracker]:  - Track finding completed in: 7.43649 ms
[3187:its-tracker]:  - Vertex processing completed in: 14.0877ms
[3187:its-tracker]:  - Context initialisation completed in: 0.145719 ms
[3187:its-tracker]:  - Tracklet finding completed in: 2.2568 ms
[3187:its-tracker]:  - Cell finding completed in: 0.436301 ms
[3187:its-tracker]:  - Neighbour finding completed in: 0.091984 ms
[3187:its-tracker]:  - Road finding completed in: 0.001084 ms
[3187:its-tracker]:  - Track finding completed in: 0.000705 ms
[3187:its-tracker]:  - Vertex processing completed in: 2.93259ms
[3187:its-tracker]: [18:42:03][INFO] Found tracks: 467
[3187:its-tracker]: [18:42:03][INFO] ROframe: 13, clusters loaded : 1398
[3187:its-tracker]:  - Vertexer initialisation completed in: 0.245918 ms
[3187:its-tracker]:  - Tracklet finding completed in: 0.004316 ms
[3187:its-tracker]:  - Adjacent tracklets validation completed in: 0.000746 ms
[3187:its-tracker]:  - Vertex finding completed in: 0.00097 ms
[3187:its-tracker]: [18:42:03][INFO] Found tracks: 0
[3187:its-tracker]: [18:42:03][INFO] ROframe: 14, clusters loaded : 44527
[3187:its-tracker]:  - Vertexer initialisation completed in: 3.03182 ms
[3187:its-tracker]:  - Tracklet finding completed in: 15.2772 ms
[3187:its-tracker]:  - Adjacent tracklets validation completed in: 4.10884 ms
[3187:its-tracker]:  - Vertex finding completed in: 0.54603 ms
[3187:its-tracker]: 		Found vertex with:   1766 contributors
[3187:its-tracker]:  - Context initialisation completed in: 3.75468 ms
[3187:its-tracker]:  - Tracklet finding completed in: 26.4578 ms
[3187:its-tracker]:  - Cell finding completed in: 15.437 ms
[3187:its-tracker]:  - Neighbour finding completed in: 1.72767 ms
[3187:its-tracker]:  - Road finding completed in: 0.615602 ms
[3187:its-tracker]:  - Track finding completed in: 25.1698 ms
[3187:its-tracker]:  - Vertex processing completed in: 73.1625ms
[3187:its-tracker]:  - Context initialisation completed in: 0.69532 ms
[3187:its-tracker]:  - Tracklet finding completed in: 17.8065 ms
[3187:its-tracker]:  - Cell finding completed in: 6.5464 ms
[3187:its-tracker]:  - Neighbour finding completed in: 0.4348 ms
[3187:its-tracker]:  - Road finding completed in: 0.005538 ms
[3187:its-tracker]:  - Track finding completed in: 0.000656 ms
[3187:its-tracker]:  - Vertex processing completed in: 25.4892ms
[3187:its-tracker]: [18:42:03][INFO] Found tracks: 1542
[3187:its-tracker]: [18:42:03][INFO] ROframe: 15, clusters loaded : 1293
[3187:its-tracker]:  - Vertexer initialisation completed in: 0.275284 ms
[3187:its-tracker]:  - Tracklet finding completed in: 0.002931 ms
[3187:its-tracker]:  - Adjacent tracklets validation completed in: 0.000642 ms
[3187:its-tracker]:  - Vertex finding completed in: 0.001156 ms
[3187:its-tracker]: [18:42:03][INFO] Found tracks: 0
[3187:its-tracker]: [18:42:03][INFO] ROframe: 16, clusters loaded : 1344
[3187:its-tracker]:  - Vertexer initialisation completed in: 0.296243 ms
[3187:its-tracker]:  - Tracklet finding completed in: 0.000858 ms
[3187:its-tracker]:  - Adjacent tracklets validation completed in: 0.000319 ms
[3187:its-tracker]:  - Vertex finding completed in: 0.000209 ms
[3187:its-tracker]: [18:42:03][INFO] Found tracks: 0
[3187:its-tracker]: [18:42:03][INFO] ROframe: 17, clusters loaded : 1232
[3187:its-tracker]:  - Vertexer initialisation completed in: 0.211818 ms
[3187:its-tracker]:  - Tracklet finding completed in: 0.000908 ms
[3187:its-tracker]:  - Adjacent tracklets validation completed in: 0.000332 ms
[3187:its-tracker]:  - Vertex finding completed in: 0.00014 ms
[3187:its-tracker]: [18:42:03][INFO] Found tracks: 0
[3187:its-tracker]: [18:42:03][INFO] ROframe: 18, clusters loaded : 1300
[3187:its-tracker]:  - Vertexer initialisation completed in: 0.21216 ms
[3187:its-tracker]:  - Tracklet finding completed in: 0.00144 ms
[3187:its-tracker]:  - Adjacent tracklets validation completed in: 0.000343 ms
[3187:its-tracker]:  - Vertex finding completed in: 0.000243 ms
[3187:its-tracker]: [18:42:03][INFO] Found tracks: 0
[3187:its-tracker]: [18:42:03][INFO] ROframe: 19, clusters loaded : 1311
[3187:its-tracker]:  - Vertexer initialisation completed in: 0.242289 ms
[3187:its-tracker]:  - Tracklet finding completed in: 0.000829 ms
[3187:its-tracker]:  - Adjacent tracklets validation completed in: 0.000305 ms
[3187:its-tracker]:  - Vertex finding completed in: 0.000466 ms
[3187:its-tracker]: [18:42:03][INFO] Found tracks: 0
[3187:its-tracker]: [18:42:03][INFO] ROframe: 20, clusters loaded : 1282
[3187:its-tracker]:  - Vertexer initialisation completed in: 0.227513 ms
[3187:its-tracker]:  - Tracklet finding completed in: 0.001065 ms
[3187:its-tracker]:  - Adjacent tracklets validation completed in: 0.000365 ms
[3187:its-tracker]:  - Vertex finding completed in: 0.00042 ms
[3187:its-tracker]: [18:42:03][INFO] Found tracks: 0
[3187:its-tracker]: [18:42:03][INFO] ROframe: 21, clusters loaded : 1244
[3187:its-tracker]:  - Vertexer initialisation completed in: 0.221584 ms
[3187:its-tracker]:  - Tracklet finding completed in: 0.001325 ms
[3187:its-tracker]:  - Adjacent tracklets validation completed in: 0.000367 ms
[3187:its-tracker]:  - Vertex finding completed in: 0.000468 ms
[3187:its-tracker]: [18:42:03][INFO] Found tracks: 0
[3187:its-tracker]: [18:42:03][INFO] ROframe: 22, clusters loaded : 1289
[3187:its-tracker]:  - Vertexer initialisation completed in: 0.199385 ms
[3187:its-tracker]:  - Tracklet finding completed in: 0.001598 ms
[3187:its-tracker]:  - Adjacent tracklets validation completed in: 0.000475 ms
[3187:its-tracker]:  - Vertex finding completed in: 0.000493 ms
[3187:its-tracker]: [18:42:03][INFO] Found tracks: 0
[3187:its-tracker]: [18:42:03][INFO] ROframe: 23, clusters loaded : 1285
[3187:its-tracker]:  - Vertexer initialisation completed in: 0.241829 ms
[3187:its-tracker]:  - Tracklet finding completed in: 0.001562 ms
[3187:its-tracker]:  - Adjacent tracklets validation completed in: 0.000338 ms
[3187:its-tracker]:  - Vertex finding completed in: 0.000425 ms
[3187:its-tracker]: [18:42:03][INFO] Found tracks: 0
[3187:its-tracker]: [18:42:03][INFO] ROframe: 24, clusters loaded : 1284
[3187:its-tracker]:  - Vertexer initialisation completed in: 0.239054 ms
[3187:its-tracker]:  - Tracklet finding completed in: 0.001428 ms
[3187:its-tracker]:  - Adjacent tracklets validation completed in: 0.000416 ms
[3187:its-tracker]:  - Vertex finding completed in: 0.000515 ms
[3187:its-tracker]: [18:42:03][INFO] Found tracks: 0
[3187:its-tracker]: [18:42:03][INFO] ROframe: 25, clusters loaded : 1287
[3187:its-tracker]:  - Vertexer initialisation completed in: 0.225987 ms
[3187:its-tracker]:  - Tracklet finding completed in: 0.001894 ms
[3187:its-tracker]:  - Adjacent tracklets validation completed in: 0.000358 ms
[3187:its-tracker]:  - Vertex finding completed in: 0.000234 ms
[3187:its-tracker]: [18:42:03][INFO] Found tracks: 0
[3187:its-tracker]: [18:42:03][INFO] ROframe: 26, clusters loaded : 1246
[3187:its-tracker]:  - Vertexer initialisation completed in: 0.209566 ms
[3187:its-tracker]:  - Tracklet finding completed in: 0.000927 ms
[3187:its-tracker]:  - Adjacent tracklets validation completed in: 0.000285 ms
[3187:its-tracker]:  - Vertex finding completed in: 0.000127 ms
[3187:its-tracker]: [18:42:03][INFO] Found tracks: 0
[3187:its-tracker]: [18:42:03][INFO] ROframe: 27, clusters loaded : 1242
[3187:its-tracker]:  - Vertexer initialisation completed in: 0.24481 ms
[3187:its-tracker]:  - Tracklet finding completed in: 0.000851 ms
[3187:its-tracker]:  - Adjacent tracklets validation completed in: 0.000158 ms
[3187:its-tracker]:  - Vertex finding completed in: 0.000251 ms
[3187:its-tracker]: [18:42:03][INFO] Found tracks: 0
[3187:its-tracker]: [18:42:03][INFO] ROframe: 28, clusters loaded : 3998
[3187:its-tracker]:  - Vertexer initialisation completed in: 0.381761 ms
[3187:its-tracker]:  - Tracklet finding completed in: 0.126979 ms
[3187:its-tracker]:  - Adjacent tracklets validation completed in: 0.024256 ms
[3187:its-tracker]:  - Vertex finding completed in: 0.029406 ms
[3187:its-tracker]: 		Found vertex with:    131 contributors
[3187:its-tracker]:  - Context initialisation completed in: 1.65158 ms
[3187:its-tracker]:  - Tracklet finding completed in: 0.859896 ms
[3187:its-tracker]:  - Cell finding completed in: 0.189007 ms
[3187:its-tracker]:  - Neighbour finding completed in: 0.100005 ms
[3187:its-tracker]:  - Road finding completed in: 0.027853 ms
[3187:its-tracker]:  - Track finding completed in: 2.38499 ms
[3187:its-tracker]:  - Vertex processing completed in: 5.21334ms
[3187:its-tracker]:  - Context initialisation completed in: 0.036873 ms
[3187:its-tracker]:  - Tracklet finding completed in: 1.7099 ms
[3187:its-tracker]:  - Cell finding completed in: 0.064035 ms
[3187:its-tracker]:  - Neighbour finding completed in: 0.025719 ms
[3187:its-tracker]:  - Road finding completed in: 0.00029 ms
[3187:its-tracker]:  - Track finding completed in: 0.000342 ms
[3187:its-tracker]:  - Vertex processing completed in: 1.83716ms
[3187:its-tracker]: [18:42:03][INFO] Found tracks: 115
[3187:its-tracker]: [18:42:03][INFO] ROframe: 29, clusters loaded : 80466
[3187:its-tracker]:  - Vertexer initialisation completed in: 5.7543 ms
[3187:its-tracker]:  - Tracklet finding completed in: 48.5509 ms
[3187:its-tracker]:  - Adjacent tracklets validation completed in: 22.0906 ms
[3187:its-tracker]:  - Vertex finding completed in: 1.82579 ms
[3187:its-tracker]: 		Found vertex with:   2155 contributors
[3187:its-tracker]: 		Found vertex with:   1999 contributors
[3187:its-tracker]: 		Found vertex with:     46 contributors
[3187:its-tracker]:  - Context initialisation completed in: 6.45455 ms
[3187:its-tracker]:  - Tracklet finding completed in: 67.7077 ms
[3187:its-tracker]:  - Cell finding completed in: 47.9199 ms
[3187:its-tracker]:  - Neighbour finding completed in: 2.67955 ms
[3187:its-tracker]:  - Road finding completed in: 1.44073 ms
[3187:its-tracker]:  - Track finding completed in: 30.7424 ms
[3187:its-tracker]:  - Vertex processing completed in: 156.945ms
[3187:its-tracker]:  - Context initialisation completed in: 1.17944 ms
[3187:its-tracker]:  - Tracklet finding completed in: 50.518 ms
[3187:its-tracker]:  - Cell finding completed in: 29.225 ms
[3187:its-tracker]:  - Neighbour finding completed in: 1.92186 ms
[3187:its-tracker]:  - Road finding completed in: 1.05496 ms
[3187:its-tracker]:  - Track finding completed in: 21.2269 ms
[3187:its-tracker]:  - Vertex processing completed in: 105.126ms
[3187:its-tracker]:  - Context initialisation completed in: 0.875686 ms
[3187:its-tracker]:  - Tracklet finding completed in: 30.585 ms
[3187:its-tracker]:  - Cell finding completed in: 9.31463 ms
[3187:its-tracker]:  - Neighbour finding completed in: 0.064103 ms
[3187:its-tracker]:  - Road finding completed in: 0.008997 ms
[3187:its-tracker]:  - Track finding completed in: 1.47739 ms
[3187:its-tracker]:  - Vertex processing completed in: 42.3259ms
[3187:its-tracker]:  - Context initialisation completed in: 0.372891 ms
[3187:its-tracker]:  - Tracklet finding completed in: 37.9962 ms
[3187:its-tracker]:  - Cell finding completed in: 16.2116 ms
[3187:its-tracker]:  - Neighbour finding completed in: 0.638646 ms
[3187:its-tracker]:  - Road finding completed in: 0.004795 ms
[3187:its-tracker]:  - Track finding completed in: 0.000608 ms
[3187:its-tracker]:  - Vertex processing completed in: 55.2248ms
[3187:its-tracker]:  - Context initialisation completed in: 0.702142 ms
[3187:its-tracker]:  - Tracklet finding completed in: 43.2432 ms
[3187:its-tracker]:  - Cell finding completed in: 16.4258 ms
[3187:its-tracker]:  - Neighbour finding completed in: 0.603001 ms
[3187:its-tracker]:  - Road finding completed in: 0.004134 ms
[3187:its-tracker]:  - Track finding completed in: 0.000665 ms
[3187:its-tracker]:  - Vertex processing completed in: 60.9789ms
[3187:its-tracker]:  - Context initialisation completed in: 0.74697 ms
[3187:its-tracker]:  - Tracklet finding completed in: 42.595 ms
[3187:its-tracker]:  - Cell finding completed in: 12.7654 ms
[3187:its-tracker]:  - Neighbour finding completed in: 0.077412 ms
[3187:its-tracker]:  - Road finding completed in: 0.001877 ms
[3187:its-tracker]:  - Track finding completed in: 0.000648 ms
[3187:its-tracker]:  - Vertex processing completed in: 56.1872ms
[3187:its-tracker]: [18:42:03][INFO] Found tracks: 3516
[3187:its-tracker]: [18:42:04][INFO] ROframe: 30, clusters loaded : 4837
[3187:its-tracker]:  - Vertexer initialisation completed in: 0.379583 ms
[3187:its-tracker]:  - Tracklet finding completed in: 0.149244 ms
[3187:its-tracker]:  - Adjacent tracklets validation completed in: 0.017969 ms
[3187:its-tracker]:  - Vertex finding completed in: 0.002859 ms
[3187:its-tracker]: [18:42:04][INFO] Found tracks: 0
[3187:its-tracker]: [18:42:04][INFO] ROframe: 31, clusters loaded : 1469
[3187:its-tracker]:  - Vertexer initialisation completed in: 0.208673 ms
[3187:its-tracker]:  - Tracklet finding completed in: 0.003538 ms
[3187:its-tracker]:  - Adjacent tracklets validation completed in: 0.000469 ms
[3187:its-tracker]:  - Vertex finding completed in: 0.000634 ms
[3187:its-tracker]: [18:42:04][INFO] Found tracks: 0
[3187:its-tracker]: [18:42:04][INFO] ITSTracker pushed 6608 tracks
[3187:its-tracker]: [18:42:04][INFO] ITS CA-Tracker total timing: Cpu: 9.600e-01 Real: 9.717e-01 s in 1 slots
[3188:its-track-writer]: [18:42:04][INFO] ITSTrackWriter pulled 6608 tracks, in 32 RO frames
[INFO] Quitting
[INFO] QUIT_REQUESTED
[3183:internal-dpl-clock]: [18:42:04][INFO] Received device shutdown request (signal 15).
[3183:internal-dpl-clock]: [18:42:04][INFO] Waiting for graceful device shutdown. Hit Ctrl-C again to abort immediately.
[3184:its-digit-reader]: [18:42:04][INFO] Received device shutdown request (signal 15).
[3184:its-digit-reader]: [18:42:04][INFO] Waiting for graceful device shutdown. Hit Ctrl-C again to abort immediately.
[3188:its-track-writer]: [18:42:04][INFO] Received device shutdown request (signal 15).
[3188:its-track-writer]: [18:42:04][INFO] Waiting for graceful device shutdown. Hit Ctrl-C again to abort immediately.
[3186:its-cluster-writer]: [18:42:04][INFO] Received device shutdown request (signal 15).
[3186:its-cluster-writer]: [18:42:04][INFO] Waiting for graceful device shutdown. Hit Ctrl-C again to abort immediately.
[3187:its-tracker]: [18:42:04][INFO] Received device shutdown request (signal 15).
[3187:its-tracker]: [18:42:04][INFO] Waiting for graceful device shutdown. Hit Ctrl-C again to abort immediately.
[3184:its-digit-reader]: [18:42:04][STATE] RUNNING ---> READY
[3184:its-digit-reader]: [18:42:04][STATE] READY ---> RESETTING TASK
[3184:its-digit-reader]: [18:42:04][STATE] RESETTING TASK ---> DEVICE READY
[3184:its-digit-reader]: [18:42:04][STATE] DEVICE READY ---> RESETTING DEVICE
[3184:its-digit-reader]: [18:42:04][STATE] RESETTING DEVICE ---> IDLE
[3184:its-digit-reader]: [18:42:04][STATE] IDLE ---> EXITING
[3184:its-digit-reader]: [18:42:04][STATE] Exiting FairMQ state machine
[3185:its-clusterer]: [18:42:04][INFO] Received device shutdown request (signal 15).
[3185:its-clusterer]: [18:42:04][INFO] Waiting for graceful device shutdown. Hit Ctrl-C again to abort immediately.
[3185:its-clusterer]: [18:42:04][STATE] RUNNING ---> READY
[3187:its-tracker]: [18:42:04][STATE] RUNNING ---> READY
[3185:its-clusterer]: [18:42:04][STATE] READY ---> RESETTING TASK
[3185:its-clusterer]: [18:42:04][STATE] RESETTING TASK ---> DEVICE READY
[3185:its-clusterer]: [18:42:04][STATE] DEVICE READY ---> RESETTING DEVICE
[3187:its-tracker]: [18:42:04][STATE] READY ---> RESETTING TASK
[3187:its-tracker]: [18:42:04][STATE] RESETTING TASK ---> DEVICE READY
[3187:its-tracker]: [18:42:04][STATE] DEVICE READY ---> RESETTING DEVICE
[3183:internal-dpl-clock]: [18:42:04][STATE] RUNNING ---> READY
[3183:internal-dpl-clock]: [18:42:04][STATE] READY ---> RESETTING TASK
[3183:internal-dpl-clock]: [18:42:04][STATE] RESETTING TASK ---> DEVICE READY
[3183:internal-dpl-clock]: [18:42:04][STATE] DEVICE READY ---> RESETTING DEVICE
[3187:its-tracker]: [18:42:04][STATE] RESETTING DEVICE ---> IDLE
[3187:its-tracker]: [18:42:04][STATE] IDLE ---> EXITING
[3187:its-tracker]: [18:42:04][STATE] Exiting FairMQ state machine
[3183:internal-dpl-clock]: [18:42:04][STATE] RESETTING DEVICE ---> IDLE
[3183:internal-dpl-clock]: [18:42:04][STATE] IDLE ---> EXITING
[3185:its-clusterer]: [18:42:04][STATE] RESETTING DEVICE ---> IDLE
[3185:its-clusterer]: [18:42:04][STATE] IDLE ---> EXITING
[3183:internal-dpl-clock]: [18:42:04][STATE] Exiting FairMQ state machine
[3185:its-clusterer]: [18:42:04][STATE] Exiting FairMQ state machine
[3186:its-cluster-writer]: [18:42:05][STATE] RUNNING ---> READY
[3186:its-cluster-writer]: [18:42:05][STATE] READY ---> RESETTING TASK
[3186:its-cluster-writer]: [18:42:05][STATE] RESETTING TASK ---> DEVICE READY
[3186:its-cluster-writer]: [18:42:05][STATE] DEVICE READY ---> RESETTING DEVICE
[3186:its-cluster-writer]: [18:42:05][STATE] RESETTING DEVICE ---> IDLE
[3186:its-cluster-writer]: [18:42:05][STATE] IDLE ---> EXITING
[3186:its-cluster-writer]: [18:42:05][STATE] Exiting FairMQ state machine
[3188:its-track-writer]: [18:42:05][STATE] RUNNING ---> READY
[3188:its-track-writer]: [18:42:05][STATE] READY ---> RESETTING TASK
[3188:its-track-writer]: [18:42:05][STATE] RESETTING TASK ---> DEVICE READY
[3188:its-track-writer]: [18:42:05][STATE] DEVICE READY ---> RESETTING DEVICE
[3188:its-track-writer]: Cleaning up for shared memory id '614b662f'...
[3188:its-track-writer]: No region counter found. No regions to cleanup.
[3188:its-track-writer]: Successfully removed 'fmq_614b662f_m_0'.
[3188:its-track-writer]: Successfully removed 'fmq_614b662f_mng'.
[3188:its-track-writer]: Successfully removed 'fmq_614b662f_mtx'.
[3188:its-track-writer]: Successfully removed 'fmq_614b662f_cv'.
[3188:its-track-writer]: [18:42:05][STATE] RESETTING DEVICE ---> IDLE
[3188:its-track-writer]: [18:42:05][STATE] IDLE ---> EXITING
[3188:its-track-writer]: [18:42:05][STATE] Exiting FairMQ state machine
[INFO] Dumping used configuration in dpl-config.json
