===============================
execute this script as follows:
./generate_its.sh system region nevents
where:
system = 1 -> pp
       = 2 -> Pb-Pb
region = 1 -> ITS only
       = 2 -> whole detector
===============================
will generate Pb-Pb events
will transport events in the ITS only
Will generate: 10 events
Moving to /eos/user/f/ftorales/its_data/alignment/lbnl_alice_alignment_tasks/2287089/17
/eos/user/f/ftorales/its_data/alignment/lbnl_alice_alignment_tasks/2287089/17

==============================================================================================
1. MC generation run
[INFO] Running with 6 sim workers 
[INFO] CREATING SIM SHARED MEM SEGMENT FOR 6 WORKERS
Spawning particle server on PID 996; Redirect output to o2sim_serverlog
Spawning sim worker 0 on PID 998; Redirect output to o2sim_workerlog0
Spawning hit merger on PID 999; Redirect output to o2sim_mergerlog
[INFO] DISTRIBUTING EVENT : 1
[INFO] DISTRIBUTING EVENT : 2
[INFO] EVENT FINISHED : 2
[INFO] EVENT FINISHED : 1
[INFO] DISTRIBUTING EVENT : 3
[INFO] DISTRIBUTING EVENT : 4
[INFO] EVENT FINISHED : 3
[INFO] EVENT FINISHED : 4
[INFO] DISTRIBUTING EVENT : 5
[INFO] EVENT FINISHED : 5
[INFO] DISTRIBUTING EVENT : 6
[INFO] EVENT FINISHED : 6
[INFO] DISTRIBUTING EVENT : 7
[INFO] EVENT FINISHED : 7
[INFO] DISTRIBUTING EVENT : 8
[INFO] DISTRIBUTING EVENT : 9
[INFO] EVENT FINISHED : 8
[INFO] EVENT FINISHED : 9
[INFO] DISTRIBUTING EVENT : 10
[INFO] EVENT FINISHED : 10
[INFO] Merger process 999 returned
[INFO] Simulation process took 82.4408 s
[INFO] SIMULATION RETURNED SUCCESFULLY

==============================================================================================
2. Hits to digits conversion
Run: 1621527823
Fill:      0
Period: 
LHC State: 
Start: Thu May 20 18:23:45 2021
End  : Thu May 20 18:23:46 2021
Beam0: Z:A =   0:  0, Energy = 0.000
Beam1: Z:A =   0:  0, Energy = 0.000
sqrt[s]    = 0.000
crossing angle (radian) = 0.000000e+00
magnet currents (A) L3 = -30000.000, Dipole = -6000
Detectors: Cont.RO Triggers
      ITS:    -       -    
[INFO] MC-TRUTH 1
[INFO] TPC: GEM setup - initialization from scratch
[INFO] TPC: GEM setup (polya) took 8.68
[INFO] TPC is in grp? no; is skipped? no
[INFO] ITS is in grp? yes; is skipped? no
[INFO] MFT is in grp? no; is skipped? no
[INFO] TOF is in grp? no; is skipped? no
[INFO] FT0 is in grp? no; is skipped? no
[INFO] FV0 is in grp? no; is skipped? no
[INFO] EMC is in grp? no; is skipped? no
[INFO] HMP is in grp? no; is skipped? no
[INFO] ZDC is in grp? no; is skipped? no
[INFO] TRD is in grp? no; is skipped? no
[INFO] MCH is in grp? no; is skipped? no
[INFO] MID is in grp? no; is skipped? no
[INFO] FDD is in grp? no; is skipped? no
[INFO] PHS is in grp? no; is skipped? no
[INFO] CPV is in grp? no; is skipped? no
[INFO] Initialising O2 Data Processing Layer
[INFO] O2 Data Processing Layer initialised. We brake for nobody.
[INFO] Optimised build. O2DEBUG / LOG(DEBUG) / LOGF(DEBUG) / assert statement will not be shown.
[INFO] Redeployment of configuration asked.
[INFO] Starting internal-dpl-clock on pid 2100
[INFO] Starting SimReader on pid 2101
[INFO] Starting ITSDigitizer on pid 2102
[INFO] Starting GRPUpdater on pid 2103
[INFO] Starting ITSDigitWriter on pid 2104
[INFO] Redeployment of configuration done.
[2103:GRPUpdater]: [INFO] MC-TRUTH 1
[2100:internal-dpl-clock]: [INFO] MC-TRUTH 1
[2101:SimReader]: [INFO] MC-TRUTH 1
[2102:ITSDigitizer]: [INFO] MC-TRUTH 1
[2104:ITSDigitWriter]: [INFO] MC-TRUTH 1
[2101:SimReader]: [INFO] Spawing new device SimReader in process with pid 2101
[2102:ITSDigitizer]: [INFO] Spawing new device ITSDigitizer in process with pid 2102
[2100:internal-dpl-clock]: [INFO] Spawing new device internal-dpl-clock in process with pid 2100
[2103:GRPUpdater]: [INFO] Spawing new device GRPUpdater in process with pid 2103
[2100:internal-dpl-clock]: [18:27:00][INFO] 
[2100:internal-dpl-clock]:       ______      _    _______  _________ 
[2100:internal-dpl-clock]:      / ____/___ _(_)_______   |/  /_  __ \    version 1.4.29
[2100:internal-dpl-clock]:     / /_  / __ `/ / ___/__  /|_/ /_  / / /    build RELWITHDEBINFO
[2100:internal-dpl-clock]:    / __/ / /_/ / / /    _  /  / / / /_/ /     https://github.com/FairRootGroup/FairMQ
[2100:internal-dpl-clock]:   /_/    \__,_/_/_/     /_/  /_/  \___\_\     LGPL-3.0  © 2012-2020 GSI
[2100:internal-dpl-clock]: 
[2102:ITSDigitizer]: [18:27:00][INFO] 
[2102:ITSDigitizer]:       ______      _    _______  _________ 
[2102:ITSDigitizer]:      / ____/___ _(_)_______   |/  /_  __ \    version 1.4.29
[2102:ITSDigitizer]:     / /_  / __ `/ / ___/__  /|_/ /_  / / /    build RELWITHDEBINFO
[2102:ITSDigitizer]:    / __/ / /_/ / / /    _  /  / / / /_/ /     https://github.com/FairRootGroup/FairMQ
[2102:ITSDigitizer]:   /_/    \__,_/_/_/     /_/  /_/  \___\_\     LGPL-3.0  © 2012-2020 GSI
[2102:ITSDigitizer]: 
[2103:GRPUpdater]: [18:27:00][INFO] 
[2103:GRPUpdater]:       ______      _    _______  _________ 
[2103:GRPUpdater]:      / ____/___ _(_)_______   |/  /_  __ \    version 1.4.29
[2103:GRPUpdater]:     / /_  / __ `/ / ___/__  /|_/ /_  / / /    build RELWITHDEBINFO
[2103:GRPUpdater]:    / __/ / /_/ / / /    _  /  / / / /_/ /     https://github.com/FairRootGroup/FairMQ
[2103:GRPUpdater]:   /_/    \__,_/_/_/     /_/  /_/  \___\_\     LGPL-3.0  © 2012-2020 GSI
[2103:GRPUpdater]: 
[2100:internal-dpl-clock]: [18:27:00][STATE] Starting FairMQ state machine --> IDLE
[2101:SimReader]: [18:27:00][INFO] 
[2101:SimReader]:       ______      _    _______  _________ 
[2101:SimReader]:      / ____/___ _(_)_______   |/  /_  __ \    version 1.4.29
[2101:SimReader]:     / /_  / __ `/ / ___/__  /|_/ /_  / / /    build RELWITHDEBINFO
[2101:SimReader]:    / __/ / /_/ / / /    _  /  / / / /_/ /     https://github.com/FairRootGroup/FairMQ
[2101:SimReader]:   /_/    \__,_/_/_/     /_/  /_/  \___\_\     LGPL-3.0  © 2012-2020 GSI
[2101:SimReader]: 
[2102:ITSDigitizer]: [18:27:00][STATE] Starting FairMQ state machine --> IDLE
[2103:GRPUpdater]: [18:27:00][STATE] Starting FairMQ state machine --> IDLE
[2101:SimReader]: [18:27:00][STATE] Starting FairMQ state machine --> IDLE
[2104:ITSDigitWriter]: [INFO] Spawing new device ITSDigitWriter in process with pid 2104
[2101:SimReader]: 2021-05-20 18:27:00	Monitoring	[0;49mStdOut backend initialized[0m
[2102:ITSDigitizer]: 2021-05-20 18:27:00	Monitoring	[0;49mStdOut backend initialized[0m
[2100:internal-dpl-clock]: 2021-05-20 18:27:00	Monitoring	[0;49mStdOut backend initialized[0m
[2103:GRPUpdater]: 2021-05-20 18:27:00	Monitoring	[0;49mStdOut backend initialized[0m
[2100:internal-dpl-clock]: [18:27:00][STATE] IDLE ---> INITIALIZING DEVICE
[2100:internal-dpl-clock]: 2021-05-20 18:27:00	Monitoring	[0;49mBuffering enabled (100)[0m
[2100:internal-dpl-clock]: [18:27:00][STATE] INITIALIZING DEVICE ---> INITIALIZED
[2100:internal-dpl-clock]: [18:27:00][STATE] INITIALIZED ---> BINDING
[2100:internal-dpl-clock]: [18:27:00][STATE] BINDING ---> BOUND
[2100:internal-dpl-clock]: [18:27:00][STATE] BOUND ---> CONNECTING
[2100:internal-dpl-clock]: [18:27:00][STATE] CONNECTING ---> DEVICE READY
[2100:internal-dpl-clock]: [18:27:00][STATE] DEVICE READY ---> INITIALIZING TASK
[2100:internal-dpl-clock]: [18:27:00][STATE] INITIALIZING TASK ---> READY
[2100:internal-dpl-clock]: [18:27:00][STATE] READY ---> RUNNING
[2100:internal-dpl-clock]: [18:27:00][INFO] DEVICE: Running...
[2101:SimReader]: [18:27:00][STATE] IDLE ---> INITIALIZING DEVICE
[2101:SimReader]: 2021-05-20 18:27:00	Monitoring	[0;49mBuffering enabled (100)[0m
[2101:SimReader]: [18:27:00][INFO] adding o2sim
[2101:SimReader]: 
[2101:SimReader]: [18:27:00][INFO] INCONTEXTSTRING 
[2101:SimReader]: [18:27:00][INFO] Imposing hadronic interaction rate 50000Hz
[2101:SimReader]: [18:27:00][WARN] No bunch filling provided, impose default one
[2101:SimReader]: [18:27:00][INFO] Deducing mu=0.00771915 per BC from IR=50000 with 576 BCs
[2101:SimReader]: [18:27:00][INFO] InteractionSampler with 576 colliding BCs, mu(BC)= 0.00771915 -> total IR= 50000
[2101:SimReader]: [18:27:00][INFO] Current BCid:    0 Orbit:      1 |T in BC(ns): 0.000(0 coll left)
[2101:SimReader]: [18:27:00][INFO] setting up 1 chains
[2102:ITSDigitizer]: [18:27:00][STATE] IDLE ---> INITIALIZING DEVICE
[2102:ITSDigitizer]: 2021-05-20 18:27:00	Monitoring	[0;49mBuffering enabled (100)[0m
[2102:ITSDigitizer]: [18:27:00][INFO] Initializing geometry service
[2102:ITSDigitizer]: [18:27:00][INFO] Loading geometry FAIRGeom from o2sim_geometry.root
[2103:GRPUpdater]: [18:27:00][STATE] IDLE ---> INITIALIZING DEVICE
[2103:GRPUpdater]: 2021-05-20 18:27:00	Monitoring	[0;49mBuffering enabled (100)[0m
[2103:GRPUpdater]: [18:27:00][STATE] INITIALIZING DEVICE ---> INITIALIZED
[2103:GRPUpdater]: [18:27:00][STATE] INITIALIZED ---> BINDING
[2103:GRPUpdater]: [18:27:00][STATE] BINDING ---> BOUND
[2103:GRPUpdater]: [18:27:00][STATE] BOUND ---> CONNECTING
[2103:GRPUpdater]: [18:27:00][STATE] CONNECTING ---> DEVICE READY
[2103:GRPUpdater]: [18:27:00][STATE] DEVICE READY ---> INITIALIZING TASK
[2103:GRPUpdater]: [18:27:00][STATE] INITIALIZING TASK ---> READY
[2103:GRPUpdater]: [18:27:00][STATE] READY ---> RUNNING
[2103:GRPUpdater]: [18:27:00][INFO] DEVICE: Running...
[2104:ITSDigitWriter]: [18:27:00][INFO] 
[2104:ITSDigitWriter]:       ______      _    _______  _________ 
[2104:ITSDigitWriter]:      / ____/___ _(_)_______   |/  /_  __ \    version 1.4.29
[2104:ITSDigitWriter]:     / /_  / __ `/ / ___/__  /|_/ /_  / / /    build RELWITHDEBINFO
[2104:ITSDigitWriter]:    / __/ / /_/ / / /    _  /  / / / /_/ /     https://github.com/FairRootGroup/FairMQ
[2104:ITSDigitWriter]:   /_/    \__,_/_/_/     /_/  /_/  \___\_\     LGPL-3.0  © 2012-2020 GSI
[2104:ITSDigitWriter]: 
[2104:ITSDigitWriter]: [18:27:00][STATE] Starting FairMQ state machine --> IDLE
[2104:ITSDigitWriter]: 2021-05-20 18:27:00	Monitoring	[0;49mStdOut backend initialized[0m
[2104:ITSDigitWriter]: [18:27:00][STATE] IDLE ---> INITIALIZING DEVICE
[2104:ITSDigitWriter]: 2021-05-20 18:27:00	Monitoring	[0;49mBuffering enabled (100)[0m
[2104:ITSDigitWriter]: [18:27:00][INFO] 0: branch  ITSDigitMCTruth set up
[2104:ITSDigitWriter]: [18:27:00][INFO] 1: branch  ITSDigitMC2ROF set up
[2104:ITSDigitWriter]: [18:27:00][INFO] 2: branch  ITSDigit set up
[2104:ITSDigitWriter]: [18:27:00][INFO] 3: branch  ITSDigitROF set up
[2104:ITSDigitWriter]: [18:27:00][STATE] INITIALIZING DEVICE ---> INITIALIZED
[2104:ITSDigitWriter]: [18:27:00][STATE] INITIALIZED ---> BINDING
[2104:ITSDigitWriter]: [18:27:00][STATE] BINDING ---> BOUND
[2104:ITSDigitWriter]: [18:27:00][STATE] BOUND ---> CONNECTING
[2104:ITSDigitWriter]: [18:27:00][STATE] CONNECTING ---> DEVICE READY
[2104:ITSDigitWriter]: [18:27:00][STATE] DEVICE READY ---> INITIALIZING TASK
[2104:ITSDigitWriter]: [18:27:00][STATE] INITIALIZING TASK ---> READY
[2104:ITSDigitWriter]: [18:27:00][STATE] READY ---> RUNNING
[2104:ITSDigitWriter]: [18:27:00][INFO] DEVICE: Running...
[2102:ITSDigitizer]: Info in <TGeoManager::CloseGeometry>: Geometry loaded from file...
[2102:ITSDigitizer]: Info in <TGeoManager::SetTopVolume>: Top volume is cave. Master volume is cave
[2102:ITSDigitizer]: Info in <TGeoNavigator::BuildCache>: --- Maximum geometry depth set to 100
[2102:ITSDigitizer]: Info in <TGeoManager::CloseGeometry>: Voxelization retrieved from file
[2102:ITSDigitizer]: Info in <TGeoManager::CountLevels>: max level = 9, max placements = 126
[2102:ITSDigitizer]: Info in <TGeoManager::CloseGeometry>: 179840 nodes/ 399 volume UID's in FAIR geometry
[2102:ITSDigitizer]: Info in <TGeoManager::CloseGeometry>: ----------------modeler ready----------------
[2102:ITSDigitizer]: [18:27:01][INFO] Initializing field service
[2101:SimReader]: [18:27:01][INFO] Automatic deduction of number of collisions ... will just take number of background entries 10
[2101:SimReader]: Summary of DigitizationContext --
[2101:SimReader]: Parts per collision 1
[2101:SimReader]: Collision parts taken from simulations specified by prefix:
[2101:SimReader]: Number of Collisions 10
[2101:SimReader]: Collision 0 TIME BCid:  214 Orbit:      1 |T in BC(ns): -0.289 (0 , 0)
[2101:SimReader]: Collision 1 TIME BCid:  246 Orbit:      1 |T in BC(ns): 0.118 (0 , 1)
[2101:SimReader]: Collision 2 TIME BCid:  838 Orbit:      1 |T in BC(ns): 0.165 (0 , 2)
[2101:SimReader]: Collision 3 TIME BCid: 1224 Orbit:      1 |T in BC(ns): -0.032 (0 , 3)
[2101:SimReader]: Collision 4 TIME BCid: 1598 Orbit:      1 |T in BC(ns): -0.493 (0 , 4)
[2101:SimReader]: Collision 5 TIME BCid: 1820 Orbit:      1 |T in BC(ns): -0.286 (0 , 5)
[2101:SimReader]: Collision 6 TIME BCid: 2180 Orbit:      1 |T in BC(ns): 0.380 (0 , 6)
[2101:SimReader]: Collision 7 TIME BCid:   86 Orbit:      2 |T in BC(ns): -0.407 (0 , 7)
[2101:SimReader]: Collision 8 TIME BCid:  464 Orbit:      2 |T in BC(ns): -0.108 (0 , 8)
[2101:SimReader]: Collision 9 TIME BCid:  628 Orbit:      2 |T in BC(ns): -0.103 (0 , 9)
[2101:SimReader]: [18:27:01][INFO] Initializing Spec ... have 10 times 
[2101:SimReader]: [18:27:01][INFO] Serializing Context for later reuse
[2102:ITSDigitizer]: [18:27:01][INFO] MagneticField::Print: MagneticFieldMap:
[2102:ITSDigitizer]: [18:27:01][INFO] MagneticField::Print: Solenoid (-1*)5 kG, Dipole ON (-1) 
[2102:ITSDigitizer]: [18:27:01][INFO] MagneticField::Print: Machine B fields for p-p  beam (7000 GeV): QGrad: 22.0002 Dipole: 37.8781
[2102:ITSDigitizer]: [18:27:01][INFO] MagneticField::Print: Uses Sol30_Dip6_Hole  of /cvmfs/alice.cern.ch/el7-x86_64/Packages/O2/nightly-20210129-1/share/Common/maps/mfchebKGI_sym.root
[2102:ITSDigitizer]: Info in <TGeoGlobalMagField::SetField>: Global magnetic field set to <MagneticFieldMap>
[2102:ITSDigitizer]: Info in <TGeoGlobalMagField::Lock>: Global magnetic field <MagneticFieldMap> is now locked
[2102:ITSDigitizer]: [18:27:01][INFO] Set Alpide charge threshold to 150, single hit will be accounted from 15 electrons
[2102:ITSDigitizer]: [18:27:01][INFO] ITS simulated in CONTINUOUS RO mode
[2101:SimReader]: [18:27:01][STATE] INITIALIZING DEVICE ---> INITIALIZED
[2101:SimReader]: [18:27:01][STATE] INITIALIZED ---> BINDING
[2101:SimReader]: [18:27:01][STATE] BINDING ---> BOUND
[2101:SimReader]: [18:27:01][STATE] BOUND ---> CONNECTING
[2101:SimReader]: [18:27:01][STATE] CONNECTING ---> DEVICE READY
[2101:SimReader]: [18:27:01][STATE] DEVICE READY ---> INITIALIZING TASK
[2101:SimReader]: [18:27:01][STATE] INITIALIZING TASK ---> READY
[2101:SimReader]: [18:27:01][STATE] READY ---> RUNNING
[2101:SimReader]: [18:27:01][INFO] DEVICE: Running...
[2101:SimReader]: [18:27:01][INFO] SENDING SOMETHING TO OTHERS
[2102:ITSDigitizer]: [18:27:01][INFO] Loading ITS L2G matrices from TGeo
[2102:ITSDigitizer]: Alpide response object of 40500 matrices to map chagre in xyz to 5x5 pixels
[2102:ITSDigitizer]: X(col) range: +0.000000e+00 : +1.462000e-03 | step: 5.000000e-05 | Nbins: 30
[2102:ITSDigitizer]: Y(row) range: +0.000000e+00 : +1.344000e-03 | step: 5.000000e-05 | Nbins: 27
[2102:ITSDigitizer]: Z(dpt) range: -2.000000e-03 : +2.500000e-03 | step: 8.999999e-05 | Nbins: 50
[2102:ITSDigitizer]: Alpide digitization params:
[2102:ITSDigitizer]: Continuous readout             : ON
[2102:ITSDigitizer]: Readout Frame Length(ns)       : 9880.510742
[2102:ITSDigitizer]: Strobe delay (ns)              : 99.803139
[2102:ITSDigitizer]: Strobe length (ns)             : 9780.708008
[2102:ITSDigitizer]: Threshold (N electrons)        : 150
[2102:ITSDigitizer]: Min N electrons to accoint     : 15
[2102:ITSDigitizer]: Number of charge sharing steps : 7
[2102:ITSDigitizer]: ELoss to N electrons factor    : 2.777778e+08
[2102:ITSDigitizer]: Noise level per pixel          : 1.000000e-07
[2102:ITSDigitizer]: Charge time-response:
[2102:ITSDigitizer]: o2::itsmft::AlpideSignalTrapezoid | Duration: 7500.0 MaxRiseTime: 1100.0 (RiseTime=0 at q=450.0) (ns)
[2102:ITSDigitizer]: [18:27:02][STATE] INITIALIZING DEVICE ---> INITIALIZED
[2102:ITSDigitizer]: [18:27:02][STATE] INITIALIZED ---> BINDING
[2102:ITSDigitizer]: [18:27:02][STATE] BINDING ---> BOUND
[2102:ITSDigitizer]: [18:27:02][STATE] BOUND ---> CONNECTING
[2102:ITSDigitizer]: [18:27:02][STATE] CONNECTING ---> DEVICE READY
[2102:ITSDigitizer]: [18:27:02][STATE] DEVICE READY ---> INITIALIZING TASK
[2102:ITSDigitizer]: [18:27:02][STATE] INITIALIZING TASK ---> READY
[2102:ITSDigitizer]: [18:27:02][STATE] READY ---> RUNNING
[2102:ITSDigitizer]: [18:27:02][INFO] DEVICE: Running...
[2102:ITSDigitizer]: [18:27:02][INFO] GOT 10 COLLISSION TIMES
[2102:ITSDigitizer]: [18:27:02][INFO] SIMCHAINS 1
[2102:ITSDigitizer]: [18:27:02][INFO]  CALLING ITS DIGITIZATION 
[2102:ITSDigitizer]: [18:27:02][INFO] Digitizing ITS hits of entry 0 from source 0 at time BCid:  214 Orbit:      1 |T in BC(ns): -0.289 ROFrame= 9) cont.mode: 1 Min/Max ROFrames 0/8
[2102:ITSDigitizer]: [18:27:02][INFO] Filling ITS digits output for RO frames 0:8
[2102:ITSDigitizer]: ROF: 0 | 1283 entries starting from 0
[2102:ITSDigitizer]: BCid:    0 Orbit:      0
[2102:ITSDigitizer]: ROF: 1 | 1267 entries starting from 1283
[2102:ITSDigitizer]: BCid:  396 Orbit:      0
[2102:ITSDigitizer]: ROF: 2 | 1323 entries starting from 2550
[2102:ITSDigitizer]: BCid:  792 Orbit:      0
[2102:ITSDigitizer]: ROF: 3 | 1229 entries starting from 3873
[2102:ITSDigitizer]: BCid: 1188 Orbit:      0
[2102:ITSDigitizer]: ROF: 4 | 1245 entries starting from 5102
[2102:ITSDigitizer]: BCid: 1584 Orbit:      0
[2102:ITSDigitizer]: ROF: 5 | 1248 entries starting from 6347
[2102:ITSDigitizer]: BCid: 1980 Orbit:      0
[2102:ITSDigitizer]: ROF: 6 | 1259 entries starting from 7595
[2102:ITSDigitizer]: BCid: 2376 Orbit:      0
[2102:ITSDigitizer]: ROF: 7 | 1258 entries starting from 8854
[2102:ITSDigitizer]: BCid: 2772 Orbit:      0
[2102:ITSDigitizer]: ROF: 8 | 1247 entries starting from 10112
[2102:ITSDigitizer]: BCid: 3168 Orbit:      0
[2102:ITSDigitizer]: [18:27:02][INFO] Added 11359 digits 
[2102:ITSDigitizer]: [18:27:02][INFO] Digitizing ITS hits of entry 1 from source 0 at time BCid:  246 Orbit:      1 |T in BC(ns): 0.118 ROFrame= 9) cont.mode: 1 Min/Max ROFrames 9/10
[2102:ITSDigitizer]: [18:27:02][INFO] Digitizing ITS hits of entry 2 from source 0 at time BCid:  838 Orbit:      1 |T in BC(ns): 0.165 ROFrame= 11) cont.mode: 1 Min/Max ROFrames 9/10
[2102:ITSDigitizer]: [18:27:02][INFO] Filling ITS digits output for RO frames 9:10
[2102:ITSDigitizer]: ROF: 9 | 35688 entries starting from 11359
[2102:ITSDigitizer]: BCid:    0 Orbit:      1
[2102:ITSDigitizer]: MCEventID: 0 ROFs: 9-10 Entry in ROFRecords: 9
[2102:ITSDigitizer]: MCEventID: 1 ROFs: 9-10 Entry in ROFRecords: 9
[2102:ITSDigitizer]: ROF: 10 | 35720 entries starting from 47047
[2102:ITSDigitizer]: BCid:  396 Orbit:      1
[2102:ITSDigitizer]: [18:27:02][INFO] Added 71408 digits 
[2102:ITSDigitizer]: [18:27:02][INFO] Digitizing ITS hits of entry 3 from source 0 at time BCid: 1224 Orbit:      1 |T in BC(ns): -0.032 ROFrame= 12) cont.mode: 1 Min/Max ROFrames 11/11
[2102:ITSDigitizer]: [18:27:02][INFO] Filling ITS digits output for RO frames 11:11
[2102:ITSDigitizer]: ROF: 11 | 4880 entries starting from 82767
[2102:ITSDigitizer]: BCid:  792 Orbit:      1
[2102:ITSDigitizer]: MCEventID: 2 ROFs: 11-11 Entry in ROFRecords: 11
[2102:ITSDigitizer]: [18:27:02][INFO] Added 4880 digits 
[2102:ITSDigitizer]: [18:27:02][INFO] Digitizing ITS hits of entry 4 from source 0 at time BCid: 1598 Orbit:      1 |T in BC(ns): -0.493 ROFrame= 13) cont.mode: 1 Min/Max ROFrames 12/13
[2102:ITSDigitizer]: [18:27:02][INFO] Filling ITS digits output for RO frames 12:12
[2102:ITSDigitizer]: ROF: 12 | 28462 entries starting from 87647
[2102:ITSDigitizer]: BCid: 1188 Orbit:      1
[2102:ITSDigitizer]: MCEventID: 3 ROFs: 12-13 Entry in ROFRecords: 12
[2102:ITSDigitizer]: [18:27:02][INFO] Added 28462 digits 
[2102:ITSDigitizer]: [18:27:02][INFO] Digitizing ITS hits of entry 5 from source 0 at time BCid: 1820 Orbit:      1 |T in BC(ns): -0.286 ROFrame= 13) cont.mode: 1 Min/Max ROFrames 13/13
[2102:ITSDigitizer]: [18:27:03][INFO] Digitizing ITS hits of entry 6 from source 0 at time BCid: 2180 Orbit:      1 |T in BC(ns): 0.380 ROFrame= 14) cont.mode: 1 Min/Max ROFrames 13/14
[2102:ITSDigitizer]: [18:27:03][INFO] Filling ITS digits output for RO frames 13:13
[2102:ITSDigitizer]: ROF: 13 | 28301 entries starting from 116109
[2102:ITSDigitizer]: BCid: 1584 Orbit:      1
[2102:ITSDigitizer]: MCEventID: 4 ROFs: 13-13 Entry in ROFRecords: 13
[2102:ITSDigitizer]: MCEventID: 5 ROFs: 13-14 Entry in ROFRecords: 13
[2102:ITSDigitizer]: [18:27:03][INFO] Added 28301 digits 
[2102:ITSDigitizer]: [18:27:03][INFO] Digitizing ITS hits of entry 7 from source 0 at time BCid:   86 Orbit:      2 |T in BC(ns): -0.407 ROFrame= 18) cont.mode: 1 Min/Max ROFrames 14/17
[2102:ITSDigitizer]: [18:27:03][INFO] Filling ITS digits output for RO frames 14:17
[2102:ITSDigitizer]: ROF: 14 | 193048 entries starting from 144410
[2102:ITSDigitizer]: BCid: 1980 Orbit:      1
[2102:ITSDigitizer]: MCEventID: 6 ROFs: 14-16 Entry in ROFRecords: 14
[2102:ITSDigitizer]: ROF: 15 | 167379 entries starting from 337458
[2102:ITSDigitizer]: BCid: 2376 Orbit:      1
[2102:ITSDigitizer]: ROF: 16 | 1396 entries starting from 504837
[2102:ITSDigitizer]: BCid: 2772 Orbit:      1
[2102:ITSDigitizer]: ROF: 17 | 1223 entries starting from 506233
[2102:ITSDigitizer]: BCid: 3168 Orbit:      1
[2102:ITSDigitizer]: [18:27:03][INFO] Added 363046 digits 
[2102:ITSDigitizer]: [18:27:03][INFO] Digitizing ITS hits of entry 8 from source 0 at time BCid:  464 Orbit:      2 |T in BC(ns): -0.108 ROFrame= 19) cont.mode: 1 Min/Max ROFrames 18/18
[2102:ITSDigitizer]: [18:27:03][INFO] Filling ITS digits output for RO frames 18:18
[2102:ITSDigitizer]: ROF: 18 | 1526 entries starting from 507456
[2102:ITSDigitizer]: BCid:    0 Orbit:      2
[2102:ITSDigitizer]: MCEventID: 7 ROFs: 18-18 Entry in ROFRecords: 18
[2102:ITSDigitizer]: [18:27:03][INFO] Added 1526 digits 
[2102:ITSDigitizer]: [18:27:03][INFO] Digitizing ITS hits of entry 9 from source 0 at time BCid:  628 Orbit:      2 |T in BC(ns): -0.103 ROFrame= 19) cont.mode: 1 Min/Max ROFrames 19/19
[2102:ITSDigitizer]: [18:27:04][INFO] Filling ITS digits output for RO frames 19:21
[2102:ITSDigitizer]: ROF: 19 | 271877 entries starting from 508982
[2102:ITSDigitizer]: BCid:  396 Orbit:      2
[2102:ITSDigitizer]: MCEventID: 8 ROFs: 19-19 Entry in ROFRecords: 19
[2102:ITSDigitizer]: MCEventID: 9 ROFs: 19-21 Entry in ROFRecords: 19
[2102:ITSDigitizer]: ROF: 20 | 268483 entries starting from 780859
[2102:ITSDigitizer]: BCid:  792 Orbit:      2
[2102:ITSDigitizer]: ROF: 21 | 1555 entries starting from 1049342
[2102:ITSDigitizer]: BCid: 1188 Orbit:      2
[2102:ITSDigitizer]: [18:27:04][INFO] Added 541915 digits 
[2102:ITSDigitizer]: [18:27:04][INFO] ITS: Sending ROMode= 3 to GRPUpdater
[2102:ITSDigitizer]: [18:27:04][INFO] Digitization took 2s
[2104:ITSDigitWriter]: [18:27:04][INFO] WRITING 1056861 LABELS 
[2103:GRPUpdater]: [18:27:04][INFO] Updated GRP in o2sim_grp.root for detectors RO mode
[2103:GRPUpdater]: Run: 1621527823
[2103:GRPUpdater]: Fill:      0
[2103:GRPUpdater]: Period: 
[2103:GRPUpdater]: LHC State: 
[2103:GRPUpdater]: Start: Thu May 20 18:23:45 2021
[2103:GRPUpdater]: End  : Thu May 20 18:23:46 2021
[2103:GRPUpdater]: Beam0: Z:A =   0:  0, Energy = 0.000
[2103:GRPUpdater]: Beam1: Z:A =   0:  0, Energy = 0.000
[2103:GRPUpdater]: sqrt[s]    = 0.000
[2103:GRPUpdater]: crossing angle (radian) = 0.000000e+00
[2103:GRPUpdater]: magnet currents (A) L3 = -30000.000, Dipole = -6000
[2103:GRPUpdater]: Detectors: Cont.RO Triggers
[2103:GRPUpdater]:       ITS:    +       -    
[2104:ITSDigitWriter]: [18:27:04][INFO] RECEIVED DIGITS SIZE 1050897
[INFO] Quitting
[INFO] QUIT_REQUESTED
[2102:ITSDigitizer]: [18:27:05][INFO] Received device shutdown request (signal 15).
[2102:ITSDigitizer]: [18:27:05][INFO] Waiting for graceful device shutdown. Hit Ctrl-C again to abort immediately.
[2101:SimReader]: [18:27:05][INFO] Received device shutdown request (signal 15).
[2101:SimReader]: [18:27:05][INFO] Waiting for graceful device shutdown. Hit Ctrl-C again to abort immediately.
[2103:GRPUpdater]: [18:27:05][INFO] Received device shutdown request (signal 15).
[2103:GRPUpdater]: [18:27:05][INFO] Waiting for graceful device shutdown. Hit Ctrl-C again to abort immediately.
[2104:ITSDigitWriter]: [18:27:05][INFO] Received device shutdown request (signal 15).
[2104:ITSDigitWriter]: [18:27:05][INFO] Waiting for graceful device shutdown. Hit Ctrl-C again to abort immediately.
[2100:internal-dpl-clock]: [18:27:05][INFO] Received device shutdown request (signal 15).
[2100:internal-dpl-clock]: [18:27:05][INFO] Waiting for graceful device shutdown. Hit Ctrl-C again to abort immediately.
[2101:SimReader]: [18:27:05][STATE] RUNNING ---> READY
[2101:SimReader]: [18:27:05][STATE] READY ---> RESETTING TASK
[2101:SimReader]: [18:27:05][STATE] RESETTING TASK ---> DEVICE READY
[2101:SimReader]: [18:27:05][STATE] DEVICE READY ---> RESETTING DEVICE
[2101:SimReader]: [18:27:05][STATE] RESETTING DEVICE ---> IDLE
[2101:SimReader]: [18:27:05][STATE] IDLE ---> EXITING
[2101:SimReader]: [18:27:05][STATE] Exiting FairMQ state machine
[2103:GRPUpdater]: [18:27:05][STATE] RUNNING ---> READY
[2100:internal-dpl-clock]: [18:27:05][STATE] RUNNING ---> READY
[2103:GRPUpdater]: [18:27:05][STATE] READY ---> RESETTING TASK
[2103:GRPUpdater]: [18:27:05][STATE] RESETTING TASK ---> DEVICE READY
[2103:GRPUpdater]: [18:27:05][STATE] DEVICE READY ---> RESETTING DEVICE
[2102:ITSDigitizer]: [18:27:05][STATE] RUNNING ---> READY
[2100:internal-dpl-clock]: [18:27:05][STATE] READY ---> RESETTING TASK
[2100:internal-dpl-clock]: [18:27:05][STATE] RESETTING TASK ---> DEVICE READY
[2102:ITSDigitizer]: [18:27:05][STATE] READY ---> RESETTING TASK
[2102:ITSDigitizer]: [18:27:05][STATE] RESETTING TASK ---> DEVICE READY
[2102:ITSDigitizer]: [18:27:05][STATE] DEVICE READY ---> RESETTING DEVICE
[2100:internal-dpl-clock]: [18:27:05][STATE] DEVICE READY ---> RESETTING DEVICE
[2103:GRPUpdater]: [18:27:05][STATE] RESETTING DEVICE ---> IDLE
[2103:GRPUpdater]: [18:27:05][STATE] IDLE ---> EXITING
[2100:internal-dpl-clock]: [18:27:05][STATE] RESETTING DEVICE ---> IDLE
[2103:GRPUpdater]: [18:27:05][STATE] Exiting FairMQ state machine
[2100:internal-dpl-clock]: [18:27:05][STATE] IDLE ---> EXITING
[2100:internal-dpl-clock]: [18:27:05][STATE] Exiting FairMQ state machine
[2102:ITSDigitizer]: [18:27:05][STATE] RESETTING DEVICE ---> IDLE
[2102:ITSDigitizer]: [18:27:05][STATE] IDLE ---> EXITING
[2102:ITSDigitizer]: [18:27:05][STATE] Exiting FairMQ state machine
[2104:ITSDigitWriter]: [18:27:06][STATE] RUNNING ---> READY
[2104:ITSDigitWriter]: [18:27:06][STATE] READY ---> RESETTING TASK
[2104:ITSDigitWriter]: [18:27:06][STATE] RESETTING TASK ---> DEVICE READY
[2104:ITSDigitWriter]: [18:27:06][STATE] DEVICE READY ---> RESETTING DEVICE
[2104:ITSDigitWriter]: Cleaning up for shared memory id 'ca2969e8'...
[2104:ITSDigitWriter]: No region counter found. No regions to cleanup.
[2104:ITSDigitWriter]: Successfully removed 'fmq_ca2969e8_m_0'.
[2104:ITSDigitWriter]: Successfully removed 'fmq_ca2969e8_mng'.
[2104:ITSDigitWriter]: Successfully removed 'fmq_ca2969e8_mtx'.
[2104:ITSDigitWriter]: Successfully removed 'fmq_ca2969e8_cv'.
[2104:ITSDigitWriter]: [18:27:06][STATE] RESETTING DEVICE ---> IDLE
[2104:ITSDigitWriter]: [18:27:06][STATE] IDLE ---> EXITING
[2104:ITSDigitWriter]: [18:27:06][STATE] Exiting FairMQ state machine
[INFO] Dumping used configuration in dpl-config.json

==============================================================================================
3. Tracking
[INFO] Initialising O2 Data Processing Layer
[INFO] O2 Data Processing Layer initialised. We brake for nobody.
[INFO] Optimised build. O2DEBUG / LOG(DEBUG) / LOGF(DEBUG) / assert statement will not be shown.
[INFO] Redeployment of configuration asked.
[INFO] Starting internal-dpl-clock on pid 3184
[INFO] Starting its-digit-reader on pid 3185
[INFO] Starting its-clusterer on pid 3186
[INFO] Starting its-cluster-writer on pid 3187
[INFO] Starting its-tracker on pid 3188
[INFO] Starting its-track-writer on pid 3189
[INFO] Redeployment of configuration done.
[3189:its-track-writer]: [INFO] Spawing new device its-track-writer in process with pid 3189
[3184:internal-dpl-clock]: [INFO] Spawing new device internal-dpl-clock in process with pid 3184
[3184:internal-dpl-clock]: [18:29:06][INFO] 
[3184:internal-dpl-clock]:       ______      _    _______  _________ 
[3184:internal-dpl-clock]:      / ____/___ _(_)_______   |/  /_  __ \    version 1.4.29
[3184:internal-dpl-clock]:     / /_  / __ `/ / ___/__  /|_/ /_  / / /    build RELWITHDEBINFO
[3184:internal-dpl-clock]:    / __/ / /_/ / / /    _  /  / / / /_/ /     https://github.com/FairRootGroup/FairMQ
[3184:internal-dpl-clock]:   /_/    \__,_/_/_/     /_/  /_/  \___\_\     LGPL-3.0  © 2012-2020 GSI
[3184:internal-dpl-clock]: 
[3184:internal-dpl-clock]: [18:29:06][STATE] Starting FairMQ state machine --> IDLE
[3186:its-clusterer]: [INFO] Spawing new device its-clusterer in process with pid 3186
[3184:internal-dpl-clock]: 2021-05-20 18:29:06	Monitoring	[0;49mStdOut backend initialized[0m
[3189:its-track-writer]: [18:29:06][INFO] 
[3189:its-track-writer]:       ______      _    _______  _________ 
[3189:its-track-writer]:      / ____/___ _(_)_______   |/  /_  __ \    version 1.4.29
[3189:its-track-writer]:     / /_  / __ `/ / ___/__  /|_/ /_  / / /    build RELWITHDEBINFO
[3189:its-track-writer]:    / __/ / /_/ / / /    _  /  / / / /_/ /     https://github.com/FairRootGroup/FairMQ
[3189:its-track-writer]:   /_/    \__,_/_/_/     /_/  /_/  \___\_\     LGPL-3.0  © 2012-2020 GSI
[3189:its-track-writer]: 
[3184:internal-dpl-clock]: [18:29:06][STATE] IDLE ---> INITIALIZING DEVICE
[3188:its-tracker]: [INFO] Spawing new device its-tracker in process with pid 3188
[3189:its-track-writer]: [18:29:06][STATE] Starting FairMQ state machine --> IDLE
[3184:internal-dpl-clock]: 2021-05-20 18:29:06	Monitoring	[0;49mBuffering enabled (100)[0m
[3184:internal-dpl-clock]: [18:29:06][STATE] INITIALIZING DEVICE ---> INITIALIZED
[3184:internal-dpl-clock]: [18:29:06][STATE] INITIALIZED ---> BINDING
[3184:internal-dpl-clock]: [18:29:06][STATE] BINDING ---> BOUND
[3184:internal-dpl-clock]: [18:29:06][STATE] BOUND ---> CONNECTING
[3184:internal-dpl-clock]: [18:29:06][STATE] CONNECTING ---> DEVICE READY
[3184:internal-dpl-clock]: [18:29:06][STATE] DEVICE READY ---> INITIALIZING TASK
[3184:internal-dpl-clock]: [18:29:06][STATE] INITIALIZING TASK ---> READY
[3184:internal-dpl-clock]: [18:29:06][STATE] READY ---> RUNNING
[3184:internal-dpl-clock]: [18:29:06][INFO] DEVICE: Running...
[3185:its-digit-reader]: [INFO] Spawing new device its-digit-reader in process with pid 3185
[3186:its-clusterer]: [18:29:06][INFO] 
[3186:its-clusterer]:       ______      _    _______  _________ 
[3186:its-clusterer]:      / ____/___ _(_)_______   |/  /_  __ \    version 1.4.29
[3186:its-clusterer]:     / /_  / __ `/ / ___/__  /|_/ /_  / / /    build RELWITHDEBINFO
[3186:its-clusterer]:    / __/ / /_/ / / /    _  /  / / / /_/ /     https://github.com/FairRootGroup/FairMQ
[3186:its-clusterer]:   /_/    \__,_/_/_/     /_/  /_/  \___\_\     LGPL-3.0  © 2012-2020 GSI
[3186:its-clusterer]: 
[3186:its-clusterer]: [18:29:06][STATE] Starting FairMQ state machine --> IDLE
[3187:its-cluster-writer]: [INFO] Spawing new device its-cluster-writer in process with pid 3187
[3188:its-tracker]: [18:29:06][INFO] 
[3188:its-tracker]:       ______      _    _______  _________ 
[3188:its-tracker]:      / ____/___ _(_)_______   |/  /_  __ \    version 1.4.29
[3188:its-tracker]:     / /_  / __ `/ / ___/__  /|_/ /_  / / /    build RELWITHDEBINFO
[3188:its-tracker]:    / __/ / /_/ / / /    _  /  / / / /_/ /     https://github.com/FairRootGroup/FairMQ
[3188:its-tracker]:   /_/    \__,_/_/_/     /_/  /_/  \___\_\     LGPL-3.0  © 2012-2020 GSI
[3188:its-tracker]: 
[3188:its-tracker]: [18:29:06][STATE] Starting FairMQ state machine --> IDLE
[3188:its-tracker]: 2021-05-20 18:29:06	Monitoring	[0;49mStdOut backend initialized[0m
[3188:its-tracker]: [18:29:06][STATE] IDLE ---> INITIALIZING DEVICE
[3188:its-tracker]: 2021-05-20 18:29:06	Monitoring	[0;49mBuffering enabled (100)[0m
[3188:its-tracker]: [18:29:06][INFO] Created GPUReconstruction instance for device type CPU (1) 
[3189:its-track-writer]: 2021-05-20 18:29:06	Monitoring	[0;49mStdOut backend initialized[0m
[3185:its-digit-reader]: [18:29:06][INFO] 
[3185:its-digit-reader]:       ______      _    _______  _________ 
[3185:its-digit-reader]:      / ____/___ _(_)_______   |/  /_  __ \    version 1.4.29
[3185:its-digit-reader]:     / /_  / __ `/ / ___/__  /|_/ /_  / / /    build RELWITHDEBINFO
[3185:its-digit-reader]:    / __/ / /_/ / / /    _  /  / / / /_/ /     https://github.com/FairRootGroup/FairMQ
[3185:its-digit-reader]:   /_/    \__,_/_/_/     /_/  /_/  \___\_\     LGPL-3.0  © 2012-2020 GSI
[3185:its-digit-reader]: 
[3185:its-digit-reader]: [18:29:06][STATE] Starting FairMQ state machine --> IDLE
[3185:its-digit-reader]: 2021-05-20 18:29:06	Monitoring	[0;49mStdOut backend initialized[0m
[3185:its-digit-reader]: [18:29:06][STATE] IDLE ---> INITIALIZING DEVICE
[3186:its-clusterer]: 2021-05-20 18:29:06	Monitoring	[0;49mStdOut backend initialized[0m
[3186:its-clusterer]: [18:29:06][STATE] IDLE ---> INITIALIZING DEVICE
[3187:its-cluster-writer]: [18:29:06][INFO] 
[3187:its-cluster-writer]:       ______      _    _______  _________ 
[3187:its-cluster-writer]:      / ____/___ _(_)_______   |/  /_  __ \    version 1.4.29
[3187:its-cluster-writer]:     / /_  / __ `/ / ___/__  /|_/ /_  / / /    build RELWITHDEBINFO
[3187:its-cluster-writer]:    / __/ / /_/ / / /    _  /  / / / /_/ /     https://github.com/FairRootGroup/FairMQ
[3187:its-cluster-writer]:   /_/    \__,_/_/_/     /_/  /_/  \___\_\     LGPL-3.0  © 2012-2020 GSI
[3187:its-cluster-writer]: 
[3187:its-cluster-writer]: [18:29:06][STATE] Starting FairMQ state machine --> IDLE
[3187:its-cluster-writer]: 2021-05-20 18:29:06	Monitoring	[0;49mStdOut backend initialized[0m
[3187:its-cluster-writer]: [18:29:06][STATE] IDLE ---> INITIALIZING DEVICE
[3189:its-track-writer]: [18:29:06][STATE] IDLE ---> INITIALIZING DEVICE
[3185:its-digit-reader]: 2021-05-20 18:29:06	Monitoring	[0;49mBuffering enabled (100)[0m
[3186:its-clusterer]: 2021-05-20 18:29:06	Monitoring	[0;49mBuffering enabled (100)[0m
[3186:its-clusterer]: [18:29:06][INFO] Dictionary ITSdictionary.bin is absent, ITSClusterer expects cluster patterns
[3186:its-clusterer]: [18:29:06][INFO] Clusterizer masks overflow pixels separated by < 406 BC and <= 0 in row/col
[3186:its-clusterer]: [18:29:06][INFO] Inclusive clusterization timing (w/o disk IO): Cpu: 0 Real: 0 s in 1 slots
[3186:its-clusterer]: [18:29:06][INFO] Threads output merging timing                : Cpu: 0 Real: 0 s in 1 slots
[3186:its-clusterer]: [18:29:06][STATE] INITIALIZING DEVICE ---> INITIALIZED
[3186:its-clusterer]: [18:29:06][STATE] INITIALIZED ---> BINDING
[3186:its-clusterer]: [18:29:06][STATE] BINDING ---> BOUND
[3186:its-clusterer]: [18:29:06][STATE] BOUND ---> CONNECTING
[3186:its-clusterer]: [18:29:06][STATE] CONNECTING ---> DEVICE READY
[3186:its-clusterer]: [18:29:06][STATE] DEVICE READY ---> INITIALIZING TASK
[3186:its-clusterer]: [18:29:06][STATE] INITIALIZING TASK ---> READY
[3186:its-clusterer]: [18:29:06][STATE] READY ---> RUNNING
[3186:its-clusterer]: [18:29:06][INFO] DEVICE: Running...
[3185:its-digit-reader]: [18:29:06][STATE] INITIALIZING DEVICE ---> INITIALIZED
[3185:its-digit-reader]: [18:29:06][STATE] INITIALIZED ---> BINDING
[3185:its-digit-reader]: [18:29:06][STATE] BINDING ---> BOUND
[3185:its-digit-reader]: [18:29:06][STATE] BOUND ---> CONNECTING
[3185:its-digit-reader]: [18:29:06][STATE] CONNECTING ---> DEVICE READY
[3185:its-digit-reader]: [18:29:06][STATE] DEVICE READY ---> INITIALIZING TASK
[3185:its-digit-reader]: [18:29:06][STATE] INITIALIZING TASK ---> READY
[3185:its-digit-reader]: [18:29:06][STATE] READY ---> RUNNING
[3185:its-digit-reader]: [18:29:06][INFO] DEVICE: Running...
[3187:its-cluster-writer]: 2021-05-20 18:29:06	Monitoring	[0;49mBuffering enabled (100)[0m
[3187:its-cluster-writer]: [18:29:07][INFO] 0: branch  ITSClusterComp set up
[3187:its-cluster-writer]: [18:29:07][INFO] 1: branch  ITSClusterPatt set up
[3187:its-cluster-writer]: [18:29:07][INFO] 2: branch  ITSClustersROF set up
[3187:its-cluster-writer]: [18:29:07][INFO] 3: branch  ITSClusterMCTruth set up
[3187:its-cluster-writer]: [18:29:07][INFO] 4: branch  ITSClustersMC2ROF set up
[3187:its-cluster-writer]: [18:29:07][STATE] INITIALIZING DEVICE ---> INITIALIZED
[3187:its-cluster-writer]: [18:29:07][STATE] INITIALIZED ---> BINDING
[3187:its-cluster-writer]: [18:29:07][STATE] BINDING ---> BOUND
[3187:its-cluster-writer]: [18:29:07][STATE] BOUND ---> CONNECTING
[3187:its-cluster-writer]: [18:29:07][STATE] CONNECTING ---> DEVICE READY
[3187:its-cluster-writer]: [18:29:07][STATE] DEVICE READY ---> INITIALIZING TASK
[3187:its-cluster-writer]: [18:29:07][STATE] INITIALIZING TASK ---> READY
[3187:its-cluster-writer]: [18:29:07][STATE] READY ---> RUNNING
[3187:its-cluster-writer]: [18:29:07][INFO] DEVICE: Running...
[3188:its-tracker]: [18:29:07][INFO] MagneticField::Print: MagneticFieldMap:
[3188:its-tracker]: [18:29:07][INFO] MagneticField::Print: Solenoid (-1*)5 kG, Dipole ON (-1) 
[3188:its-tracker]: [18:29:07][INFO] MagneticField::Print: Machine B fields for p-p  beam (7000 GeV): QGrad: 22.0002 Dipole: 37.8781
[3188:its-tracker]: [18:29:07][INFO] MagneticField::Print: Uses Sol30_Dip6_Hole  of /cvmfs/alice.cern.ch/el7-x86_64/Packages/O2/nightly-20210129-1/share/Common/maps/mfchebKGI_sym.root
[3188:its-tracker]: Info in <TGeoGlobalMagField::SetField>: Global magnetic field set to <MagneticFieldMap>
[3188:its-tracker]: Info in <TGeoGlobalMagField::Lock>: Global magnetic field <MagneticFieldMap> is now locked
[3188:its-tracker]: [18:29:07][INFO] Loading geometry FAIRGeom from o2sim_geometry.root
[3189:its-track-writer]: 2021-05-20 18:29:06	Monitoring	[0;49mBuffering enabled (100)[0m
[3189:its-track-writer]: [18:29:07][INFO] 0: branch  ITSTrack set up
[3189:its-track-writer]: [18:29:07][INFO] 1: branch  ITSTrackClusIdx set up
[3189:its-track-writer]: [18:29:07][INFO] 2: branch  Vertices set up
[3189:its-track-writer]: [18:29:07][INFO] 3: branch  VerticesROF set up
[3189:its-track-writer]: [18:29:07][INFO] 4: branch  ITSTracksROF set up
[3189:its-track-writer]: [18:29:07][INFO] 5: branch  ITSTrackMCTruth set up
[3189:its-track-writer]: [18:29:07][INFO] 6: branch  ITSTracksMC2ROF set up
[3189:its-track-writer]: [18:29:07][STATE] INITIALIZING DEVICE ---> INITIALIZED
[3189:its-track-writer]: [18:29:07][STATE] INITIALIZED ---> BINDING
[3189:its-track-writer]: [18:29:07][STATE] BINDING ---> BOUND
[3189:its-track-writer]: [18:29:07][STATE] BOUND ---> CONNECTING
[3189:its-track-writer]: [18:29:07][STATE] CONNECTING ---> DEVICE READY
[3189:its-track-writer]: [18:29:07][STATE] DEVICE READY ---> INITIALIZING TASK
[3189:its-track-writer]: [18:29:07][STATE] INITIALIZING TASK ---> READY
[3189:its-track-writer]: [18:29:07][STATE] READY ---> RUNNING
[3189:its-track-writer]: [18:29:07][INFO] DEVICE: Running...
[3188:its-tracker]: Info in <TGeoManager::CloseGeometry>: Geometry loaded from file...
[3188:its-tracker]: Info in <TGeoManager::SetTopVolume>: Top volume is cave. Master volume is cave
[3188:its-tracker]: Info in <TGeoNavigator::BuildCache>: --- Maximum geometry depth set to 100
[3188:its-tracker]: Info in <TGeoManager::CloseGeometry>: Voxelization retrieved from file
[3188:its-tracker]: Info in <TGeoManager::CountLevels>: max level = 9, max placements = 126
[3188:its-tracker]: Info in <TGeoManager::CloseGeometry>: 179840 nodes/ 399 volume UID's in FAIR geometry
[3188:its-tracker]: Info in <TGeoManager::CloseGeometry>: ----------------modeler ready----------------
[3185:its-digit-reader]: [18:29:07][INFO] ITSDigitReader pushed 1050897 digits, in 22 RO frames
[3188:its-tracker]: [18:29:07][INFO] Loading ITS T2L matrices from TGeo
[3186:its-clusterer]: [18:29:07][INFO] ITSClusterer pulled 1050897 digits, in 22 RO frames
[3186:its-clusterer]: [18:29:07][INFO] ITSClusterer pulled 1056861 labels 
[3186:its-clusterer]: [18:29:08][INFO] ITSClusterer pushed 148601 clusters, in 22 RO frames
[3188:its-tracker]: [18:29:08][WARN] It is faster to use 2D rotation for T2G instead of full Transform3D matrices
[3188:its-tracker]: [18:29:08][INFO] Loading ITS T2G matrices from TGeo
[3187:its-cluster-writer]: [18:29:08][INFO] ITSClusterWriter pulled 148601 clusters, in 22 RO frames
[3188:its-tracker]: [18:29:08][INFO] Loading ITS T2G rotation 2D matrices
[3188:its-tracker]: [18:29:08][INFO] Initializing tracker in sync. phase reconstruction with 1 passes
[3188:its-tracker]: [18:29:08][INFO] Not using lookup table for material budget approximation
[3188:its-tracker]: [18:29:08][INFO] Dictionary ITSdictionary.bin is absent, Tracker expects cluster patterns
[3188:its-tracker]: [18:29:08][STATE] INITIALIZING DEVICE ---> INITIALIZED
[3188:its-tracker]: [18:29:08][STATE] INITIALIZED ---> BINDING
[3188:its-tracker]: [18:29:08][STATE] BINDING ---> BOUND
[3188:its-tracker]: [18:29:08][STATE] BOUND ---> CONNECTING
[3188:its-tracker]: [18:29:08][STATE] CONNECTING ---> DEVICE READY
[3188:its-tracker]: [18:29:08][STATE] DEVICE READY ---> INITIALIZING TASK
[3188:its-tracker]: [18:29:08][STATE] INITIALIZING TASK ---> READY
[3188:its-tracker]: [18:29:08][STATE] READY ---> RUNNING
[3188:its-tracker]: [18:29:08][INFO] DEVICE: Running...
[3188:its-tracker]: [18:29:08][INFO] ITSTracker pulled 148601 clusters, 22 RO frames
[3188:its-tracker]: [18:29:08][INFO] 148601 MC label objects , in 10 MC events
[3188:its-tracker]: [18:29:08][INFO] ITSTracker RO: continuous=1
[3188:its-tracker]: [18:29:08][INFO] Loading ITS L2G matrices from TGeo
[3188:its-tracker]: [18:29:08][INFO] ROframe: 0, clusters loaded : 1283
[3188:its-tracker]:  - Vertexer initialisation completed in: 0.155858 ms
[3188:its-tracker]:  - Tracklet finding completed in: 0.005886 ms
[3188:its-tracker]:  - Adjacent tracklets validation completed in: 0.003232 ms
[3188:its-tracker]:  - Vertex finding completed in: 0.005199 ms
[3188:its-tracker]: [18:29:08][INFO] Found tracks: 0
[3188:its-tracker]: [18:29:08][INFO] ROframe: 1, clusters loaded : 1267
[3188:its-tracker]:  - Vertexer initialisation completed in: 0.129506 ms
[3188:its-tracker]:  - Tracklet finding completed in: 0.01584 ms
[3188:its-tracker]:  - Adjacent tracklets validation completed in: 0.000208 ms
[3188:its-tracker]:  - Vertex finding completed in: 0.000213 ms
[3188:its-tracker]: [18:29:08][INFO] Found tracks: 0
[3188:its-tracker]: [18:29:08][INFO] ROframe: 2, clusters loaded : 1323
[3188:its-tracker]:  - Vertexer initialisation completed in: 0.142586 ms
[3188:its-tracker]:  - Tracklet finding completed in: 0.001192 ms
[3188:its-tracker]:  - Adjacent tracklets validation completed in: 0.000249 ms
[3188:its-tracker]:  - Vertex finding completed in: 8.4e-05 ms
[3188:its-tracker]: [18:29:08][INFO] Found tracks: 0
[3188:its-tracker]: [18:29:08][INFO] ROframe: 3, clusters loaded : 1229
[3188:its-tracker]:  - Vertexer initialisation completed in: 0.123466 ms
[3188:its-tracker]:  - Tracklet finding completed in: 0.000944 ms
[3188:its-tracker]:  - Adjacent tracklets validation completed in: 0.000183 ms
[3188:its-tracker]:  - Vertex finding completed in: 0.000192 ms
[3188:its-tracker]: [18:29:08][INFO] Found tracks: 0
[3188:its-tracker]: [18:29:08][INFO] ROframe: 4, clusters loaded : 1245
[3188:its-tracker]:  - Vertexer initialisation completed in: 0.121493 ms
[3188:its-tracker]:  - Tracklet finding completed in: 0.000809 ms
[3188:its-tracker]:  - Adjacent tracklets validation completed in: 0.000152 ms
[3188:its-tracker]:  - Vertex finding completed in: 0.000142 ms
[3188:its-tracker]: [18:29:08][INFO] Found tracks: 0
[3188:its-tracker]: [18:29:08][INFO] ROframe: 5, clusters loaded : 1248
[3188:its-tracker]:  - Vertexer initialisation completed in: 0.117897 ms
[3188:its-tracker]:  - Tracklet finding completed in: 0.00081 ms
[3188:its-tracker]:  - Adjacent tracklets validation completed in: 0.000133 ms
[3188:its-tracker]:  - Vertex finding completed in: 0.000149 ms
[3188:its-tracker]: [18:29:08][INFO] Found tracks: 0
[3188:its-tracker]: [18:29:08][INFO] ROframe: 6, clusters loaded : 1259
[3188:its-tracker]:  - Vertexer initialisation completed in: 0.122633 ms
[3188:its-tracker]:  - Tracklet finding completed in: 0.000988 ms
[3188:its-tracker]:  - Adjacent tracklets validation completed in: 0.000189 ms
[3188:its-tracker]:  - Vertex finding completed in: 0.000131 ms
[3188:its-tracker]: [18:29:08][INFO] Found tracks: 0
[3188:its-tracker]: [18:29:08][INFO] ROframe: 7, clusters loaded : 1258
[3188:its-tracker]:  - Vertexer initialisation completed in: 0.125615 ms
[3188:its-tracker]:  - Tracklet finding completed in: 0.000967 ms
[3188:its-tracker]:  - Adjacent tracklets validation completed in: 0.000145 ms
[3188:its-tracker]:  - Vertex finding completed in: 0.000137 ms
[3188:its-tracker]: [18:29:08][INFO] Found tracks: 0
[3188:its-tracker]: [18:29:08][INFO] ROframe: 8, clusters loaded : 1247
[3188:its-tracker]:  - Vertexer initialisation completed in: 0.13292 ms
[3188:its-tracker]:  - Tracklet finding completed in: 0.002631 ms
[3188:its-tracker]:  - Adjacent tracklets validation completed in: 0.0003 ms
[3188:its-tracker]:  - Vertex finding completed in: 0.000369 ms
[3188:its-tracker]: [18:29:08][INFO] Found tracks: 0
[3188:its-tracker]: [18:29:08][INFO] ROframe: 9, clusters loaded : 9097
[3188:its-tracker]:  - Vertexer initialisation completed in: 0.392323 ms
[3188:its-tracker]:  - Tracklet finding completed in: 0.533298 ms
[3188:its-tracker]:  - Adjacent tracklets validation completed in: 0.090109 ms
[3188:its-tracker]:  - Vertex finding completed in: 0.075187 ms
[3188:its-tracker]: 		Found vertex with:    314 contributors
[3188:its-tracker]: 		Found vertex with:    111 contributors
[3188:its-tracker]:  - Context initialisation completed in: 2.105 ms
[3188:its-tracker]:  - Tracklet finding completed in: 1.68795 ms
[3188:its-tracker]:  - Cell finding completed in: 0.465312 ms
[3188:its-tracker]:  - Neighbour finding completed in: 0.156746 ms
[3188:its-tracker]:  - Road finding completed in: 0.083517 ms
[3188:its-tracker]:  - Track finding completed in: 2.6729 ms
[3188:its-tracker]:  - Vertex processing completed in: 7.17142ms
[3188:its-tracker]:  - Context initialisation completed in: 0.069495 ms
[3188:its-tracker]:  - Tracklet finding completed in: 1.24574 ms
[3188:its-tracker]:  - Cell finding completed in: 0.176401 ms
[3188:its-tracker]:  - Neighbour finding completed in: 0.039899 ms
[3188:its-tracker]:  - Road finding completed in: 0.010731 ms
[3188:its-tracker]:  - Track finding completed in: 0.759012 ms
[3188:its-tracker]:  - Vertex processing completed in: 2.30127ms
[3188:its-tracker]:  - Context initialisation completed in: 0.023555 ms
[3188:its-tracker]:  - Tracklet finding completed in: 1.20583 ms
[3188:its-tracker]:  - Cell finding completed in: 0.165565 ms
[3188:its-tracker]:  - Neighbour finding completed in: 0.034486 ms
[3188:its-tracker]:  - Road finding completed in: 0.000398 ms
[3188:its-tracker]:  - Track finding completed in: 0.000194 ms
[3188:its-tracker]:  - Vertex processing completed in: 1.43002ms
[3188:its-tracker]:  - Context initialisation completed in: 0.024508 ms
[3188:its-tracker]:  - Tracklet finding completed in: 1.09868 ms
[3188:its-tracker]:  - Cell finding completed in: 0.110476 ms
[3188:its-tracker]:  - Neighbour finding completed in: 0.014225 ms
[3188:its-tracker]:  - Road finding completed in: 0.000221 ms
[3188:its-tracker]:  - Track finding completed in: 9.7e-05 ms
[3188:its-tracker]:  - Vertex processing completed in: 1.2482ms
[3188:its-tracker]: [18:29:08][INFO] Found tracks: 347
[3188:its-tracker]: [18:29:08][INFO] ROframe: 10, clusters loaded : 1255
[3188:its-tracker]:  - Vertexer initialisation completed in: 0.126453 ms
[3188:its-tracker]:  - Tracklet finding completed in: 0.001899 ms
[3188:its-tracker]:  - Adjacent tracklets validation completed in: 0.000376 ms
[3188:its-tracker]:  - Vertex finding completed in: 0.000495 ms
[3188:its-tracker]: [18:29:08][INFO] Found tracks: 0
[3188:its-tracker]: [18:29:08][INFO] ROframe: 11, clusters loaded : 2090
[3188:its-tracker]:  - Vertexer initialisation completed in: 0.140102 ms
[3188:its-tracker]:  - Tracklet finding completed in: 0.023452 ms
[3188:its-tracker]:  - Adjacent tracklets validation completed in: 0.00436 ms
[3188:its-tracker]:  - Vertex finding completed in: 0.010058 ms
[3188:its-tracker]: 		Found vertex with:     44 contributors
[3188:its-tracker]:  - Context initialisation completed in: 1.19232 ms
[3188:its-tracker]:  - Tracklet finding completed in: 0.226204 ms
[3188:its-tracker]:  - Cell finding completed in: 0.030687 ms
[3188:its-tracker]:  - Neighbour finding completed in: 0.020429 ms
[3188:its-tracker]:  - Road finding completed in: 0.004886 ms
[3188:its-tracker]:  - Track finding completed in: 0.281183 ms
[3188:its-tracker]:  - Vertex processing completed in: 1.75571ms
[3188:its-tracker]:  - Context initialisation completed in: 0.007981 ms
[3188:its-tracker]:  - Tracklet finding completed in: 0.188972 ms
[3188:its-tracker]:  - Cell finding completed in: 0.017707 ms
[3188:its-tracker]:  - Neighbour finding completed in: 0.00528 ms
[3188:its-tracker]:  - Road finding completed in: 0.000224 ms
[3188:its-tracker]:  - Track finding completed in: 0.00019 ms
[3188:its-tracker]:  - Vertex processing completed in: 0.220354ms
[3188:its-tracker]: [18:29:08][INFO] Found tracks: 33
[3188:its-tracker]: [18:29:08][INFO] ROframe: 12, clusters loaded : 7155
[3188:its-tracker]:  - Vertexer initialisation completed in: 0.333204 ms
[3188:its-tracker]:  - Tracklet finding completed in: 0.274154 ms
[3188:its-tracker]:  - Adjacent tracklets validation completed in: 0.060561 ms
[3188:its-tracker]:  - Vertex finding completed in: 0.032199 ms
[3188:its-tracker]: 		Found vertex with:    281 contributors
[3188:its-tracker]:  - Context initialisation completed in: 1.22801 ms
[3188:its-tracker]:  - Tracklet finding completed in: 1.25491 ms
[3188:its-tracker]:  - Cell finding completed in: 0.342499 ms
[3188:its-tracker]:  - Neighbour finding completed in: 0.167119 ms
[3188:its-tracker]:  - Road finding completed in: 0.03668 ms
[3188:its-tracker]:  - Track finding completed in: 2.34984 ms
[3188:its-tracker]:  - Vertex processing completed in: 5.37906ms
[3188:its-tracker]:  - Context initialisation completed in: 0.049379 ms
[3188:its-tracker]:  - Tracklet finding completed in: 0.895455 ms
[3188:its-tracker]:  - Cell finding completed in: 0.1535 ms
[3188:its-tracker]:  - Neighbour finding completed in: 0.036486 ms
[3188:its-tracker]:  - Road finding completed in: 0.000447 ms
[3188:its-tracker]:  - Track finding completed in: 0.000236 ms
[3188:its-tracker]:  - Vertex processing completed in: 1.1355ms
[3188:its-tracker]: [18:29:08][INFO] Found tracks: 253
[3188:its-tracker]: [18:29:08][INFO] ROframe: 13, clusters loaded : 7445
[3188:its-tracker]:  - Vertexer initialisation completed in: 0.328915 ms
[3188:its-tracker]:  - Tracklet finding completed in: 0.272724 ms
[3188:its-tracker]:  - Adjacent tracklets validation completed in: 0.064065 ms
[3188:its-tracker]:  - Vertex finding completed in: 0.036686 ms
[3188:its-tracker]: 		Found vertex with:    310 contributors
[3188:its-tracker]:  - Context initialisation completed in: 1.20667 ms
[3188:its-tracker]:  - Tracklet finding completed in: 1.28799 ms
[3188:its-tracker]:  - Cell finding completed in: 0.361699 ms
[3188:its-tracker]:  - Neighbour finding completed in: 0.151531 ms
[3188:its-tracker]:  - Road finding completed in: 0.035489 ms
[3188:its-tracker]:  - Track finding completed in: 2.50114 ms
[3188:its-tracker]:  - Vertex processing completed in: 5.54452ms
[3188:its-tracker]:  - Context initialisation completed in: 0.053684 ms
[3188:its-tracker]:  - Tracklet finding completed in: 0.89857 ms
[3188:its-tracker]:  - Cell finding completed in: 0.143727 ms
[3188:its-tracker]:  - Neighbour finding completed in: 0.036404 ms
[3188:its-tracker]:  - Road finding completed in: 0.000388 ms
[3188:its-tracker]:  - Track finding completed in: 0.000165 ms
[3188:its-tracker]:  - Vertex processing completed in: 1.13294ms
[3188:its-tracker]: [18:29:08][INFO] Found tracks: 280
[3188:its-tracker]: [18:29:08][INFO] ROframe: 14, clusters loaded : 39423
[3188:its-tracker]:  - Vertexer initialisation completed in: 1.8075 ms
[3188:its-tracker]:  - Tracklet finding completed in: 8.19296 ms
[3188:its-tracker]:  - Adjacent tracklets validation completed in: 1.92977 ms
[3188:its-tracker]:  - Vertex finding completed in: 0.287831 ms
[3188:its-tracker]: 		Found vertex with:   2105 contributors
[3188:its-tracker]:  - Context initialisation completed in: 2.68395 ms
[3188:its-tracker]:  - Tracklet finding completed in: 16.6225 ms
[3188:its-tracker]:  - Cell finding completed in: 8.752 ms
[3188:its-tracker]:  - Neighbour finding completed in: 1.06628 ms
[3188:its-tracker]:  - Road finding completed in: 0.479087 ms
[3188:its-tracker]:  - Track finding completed in: 17.9468 ms
[3188:its-tracker]:  - Vertex processing completed in: 47.5506ms
[3188:its-tracker]:  - Context initialisation completed in: 0.556922 ms
[3188:its-tracker]:  - Tracklet finding completed in: 11.1145 ms
[3188:its-tracker]:  - Cell finding completed in: 2.74548 ms
[3188:its-tracker]:  - Neighbour finding completed in: 0.285736 ms
[3188:its-tracker]:  - Road finding completed in: 0.001957 ms
[3188:its-tracker]:  - Track finding completed in: 0.000447 ms
[3188:its-tracker]:  - Vertex processing completed in: 14.705ms
[3188:its-tracker]: [18:29:08][INFO] Found tracks: 1737
[3188:its-tracker]: [18:29:08][INFO] ROframe: 15, clusters loaded : 1246
[3188:its-tracker]:  - Vertexer initialisation completed in: 0.147541 ms
[3188:its-tracker]:  - Tracklet finding completed in: 0.002017 ms
[3188:its-tracker]:  - Adjacent tracklets validation completed in: 0.000579 ms
[3188:its-tracker]:  - Vertex finding completed in: 0.000724 ms
[3188:its-tracker]: [18:29:08][INFO] Found tracks: 0
[3188:its-tracker]: [18:29:08][INFO] ROframe: 16, clusters loaded : 1293
[3188:its-tracker]:  - Vertexer initialisation completed in: 0.13151 ms
[3188:its-tracker]:  - Tracklet finding completed in: 0.00171 ms
[3188:its-tracker]:  - Adjacent tracklets validation completed in: 0.000287 ms
[3188:its-tracker]:  - Vertex finding completed in: 0.000134 ms
[3188:its-tracker]: [18:29:08][INFO] Found tracks: 0
[3188:its-tracker]: [18:29:08][INFO] ROframe: 17, clusters loaded : 1223
[3188:its-tracker]:  - Vertexer initialisation completed in: 0.125532 ms
[3188:its-tracker]:  - Tracklet finding completed in: 0.001223 ms
[3188:its-tracker]:  - Adjacent tracklets validation completed in: 0.000283 ms
[3188:its-tracker]:  - Vertex finding completed in: 0.000157 ms
[3188:its-tracker]: [18:29:08][INFO] Found tracks: 0
[3188:its-tracker]: [18:29:08][INFO] ROframe: 18, clusters loaded : 1323
[3188:its-tracker]:  - Vertexer initialisation completed in: 0.128781 ms
[3188:its-tracker]:  - Tracklet finding completed in: 0.003369 ms
[3188:its-tracker]:  - Adjacent tracklets validation completed in: 0.000555 ms
[3188:its-tracker]:  - Vertex finding completed in: 0.000181 ms
[3188:its-tracker]: [18:29:08][INFO] Found tracks: 0
[3188:its-tracker]: [18:29:08][INFO] ROframe: 19, clusters loaded : 63063
[3188:its-tracker]:  - Vertexer initialisation completed in: 2.85198 ms
[3188:its-tracker]:  - Tracklet finding completed in: 17.8839 ms
[3188:its-tracker]:  - Adjacent tracklets validation completed in: 6.26733 ms
[3188:its-tracker]:  - Vertex finding completed in: 0.627106 ms
[3188:its-tracker]: 		Found vertex with:   3347 contributors
[3188:its-tracker]: 		Found vertex with:     43 contributors
[3188:its-tracker]:  - Context initialisation completed in: 3.25704 ms
[3188:its-tracker]:  - Tracklet finding completed in: 34.4392 ms
[3188:its-tracker]:  - Cell finding completed in: 24.2322 ms
[3188:its-tracker]:  - Neighbour finding completed in: 2.02189 ms
[3188:its-tracker]:  - Road finding completed in: 0.766078 ms
[3188:its-tracker]:  - Track finding completed in: 32.716 ms
[3188:its-tracker]:  - Vertex processing completed in: 97.4325ms
[3188:its-tracker]:  - Context initialisation completed in: 0.867329 ms
[3188:its-tracker]:  - Tracklet finding completed in: 21.0028 ms
[3188:its-tracker]:  - Cell finding completed in: 3.45252 ms
[3188:its-tracker]:  - Neighbour finding completed in: 0.037322 ms
[3188:its-tracker]:  - Road finding completed in: 0.008343 ms
[3188:its-tracker]:  - Track finding completed in: 0.997561 ms
[3188:its-tracker]:  - Vertex processing completed in: 26.3658ms
[3188:its-tracker]:  - Context initialisation completed in: 0.224769 ms
[3188:its-tracker]:  - Tracklet finding completed in: 20.6017 ms
[3188:its-tracker]:  - Cell finding completed in: 7.10411 ms
[3188:its-tracker]:  - Neighbour finding completed in: 0.509934 ms
[3188:its-tracker]:  - Road finding completed in: 0.003009 ms
[3188:its-tracker]:  - Track finding completed in: 0.000447 ms
[3188:its-tracker]:  - Vertex processing completed in: 28.444ms
[3188:its-tracker]:  - Context initialisation completed in: 0.353744 ms
[3188:its-tracker]:  - Tracklet finding completed in: 20.7829 ms
[3188:its-tracker]:  - Cell finding completed in: 3.25461 ms
[3188:its-tracker]:  - Neighbour finding completed in: 0.017169 ms
[3188:its-tracker]:  - Road finding completed in: 0.000334 ms
[3188:its-tracker]:  - Track finding completed in: 0.000466 ms
[3188:its-tracker]:  - Vertex processing completed in: 24.4093ms
[3188:its-tracker]: [18:29:08][INFO] Found tracks: 2855
[3188:its-tracker]: [18:29:08][INFO] ROframe: 20, clusters loaded : 1270
[3188:its-tracker]:  - Vertexer initialisation completed in: 0.129018 ms
[3188:its-tracker]:  - Tracklet finding completed in: 0.001649 ms
[3188:its-tracker]:  - Adjacent tracklets validation completed in: 0.000473 ms
[3188:its-tracker]:  - Vertex finding completed in: 0.000776 ms
[3188:its-tracker]: [18:29:08][INFO] Found tracks: 0
[3188:its-tracker]: [18:29:08][INFO] ROframe: 21, clusters loaded : 1359
[3188:its-tracker]:  - Vertexer initialisation completed in: 0.116343 ms
[3188:its-tracker]:  - Tracklet finding completed in: 0.001096 ms
[3188:its-tracker]:  - Adjacent tracklets validation completed in: 0.000191 ms
[3188:its-tracker]:  - Vertex finding completed in: 0.000208 ms
[3188:its-tracker]: [18:29:08][INFO] Found tracks: 0
[3188:its-tracker]: [18:29:08][INFO] ITSTracker pushed 5505 tracks
[3188:its-tracker]: [18:29:08][INFO] ITS CA-Tracker total timing: Cpu: 4.600e-01 Real: 4.576e-01 s in 1 slots
[3189:its-track-writer]: [18:29:08][INFO] ITSTrackWriter pulled 5505 tracks, in 22 RO frames
[INFO] Quitting
[INFO] QUIT_REQUESTED
[3184:internal-dpl-clock]: [18:29:08][INFO] Received device shutdown request (signal 15).
[3184:internal-dpl-clock]: [18:29:08][INFO] Waiting for graceful device shutdown. Hit Ctrl-C again to abort immediately.
[3188:its-tracker]: [18:29:08][INFO] Received device shutdown request (signal 15).
[3188:its-tracker]: [18:29:08][INFO] Waiting for graceful device shutdown. Hit Ctrl-C again to abort immediately.
[3189:its-track-writer]: [18:29:08][INFO] Received device shutdown request (signal 15).
[3189:its-track-writer]: [18:29:08][INFO] Waiting for graceful device shutdown. Hit Ctrl-C again to abort immediately.
[3186:its-clusterer]: [18:29:08][INFO] Received device shutdown request (signal 15).
[3186:its-clusterer]: [18:29:08][INFO] Waiting for graceful device shutdown. Hit Ctrl-C again to abort immediately.
[3185:its-digit-reader]: [18:29:08][INFO] Received device shutdown request (signal 15).
[3185:its-digit-reader]: [18:29:08][INFO] Waiting for graceful device shutdown. Hit Ctrl-C again to abort immediately.
[3185:its-digit-reader]: [18:29:08][STATE] RUNNING ---> READY
[3185:its-digit-reader]: [18:29:08][STATE] READY ---> RESETTING TASK
[3185:its-digit-reader]: [18:29:08][STATE] RESETTING TASK ---> DEVICE READY
[3185:its-digit-reader]: [18:29:08][STATE] DEVICE READY ---> RESETTING DEVICE
[3187:its-cluster-writer]: [18:29:08][INFO] Received device shutdown request (signal 15).
[3187:its-cluster-writer]: [18:29:08][INFO] Waiting for graceful device shutdown. Hit Ctrl-C again to abort immediately.
[3185:its-digit-reader]: [18:29:08][STATE] RESETTING DEVICE ---> IDLE
[3185:its-digit-reader]: [18:29:08][STATE] IDLE ---> EXITING
[3185:its-digit-reader]: [18:29:08][STATE] Exiting FairMQ state machine
[3188:its-tracker]: [18:29:09][STATE] RUNNING ---> READY
[3184:internal-dpl-clock]: [18:29:09][STATE] RUNNING ---> READY
[3188:its-tracker]: [18:29:09][STATE] READY ---> RESETTING TASK
[3188:its-tracker]: [18:29:09][STATE] RESETTING TASK ---> DEVICE READY
[3188:its-tracker]: [18:29:09][STATE] DEVICE READY ---> RESETTING DEVICE
[3184:internal-dpl-clock]: [18:29:09][STATE] READY ---> RESETTING TASK
[3184:internal-dpl-clock]: [18:29:09][STATE] RESETTING TASK ---> DEVICE READY
[3184:internal-dpl-clock]: [18:29:09][STATE] DEVICE READY ---> RESETTING DEVICE
[3186:its-clusterer]: [18:29:09][STATE] RUNNING ---> READY
[3184:internal-dpl-clock]: [18:29:09][STATE] RESETTING DEVICE ---> IDLE
[3184:internal-dpl-clock]: [18:29:09][STATE] IDLE ---> EXITING
[3186:its-clusterer]: [18:29:09][STATE] READY ---> RESETTING TASK
[3186:its-clusterer]: [18:29:09][STATE] RESETTING TASK ---> DEVICE READY
[3186:its-clusterer]: [18:29:09][STATE] DEVICE READY ---> RESETTING DEVICE
[3184:internal-dpl-clock]: [18:29:09][STATE] Exiting FairMQ state machine
[3188:its-tracker]: [18:29:09][STATE] RESETTING DEVICE ---> IDLE
[3188:its-tracker]: [18:29:09][STATE] IDLE ---> EXITING
[3188:its-tracker]: [18:29:09][STATE] Exiting FairMQ state machine
[3186:its-clusterer]: [18:29:09][STATE] RESETTING DEVICE ---> IDLE
[3186:its-clusterer]: [18:29:09][STATE] IDLE ---> EXITING
[3186:its-clusterer]: [18:29:09][STATE] Exiting FairMQ state machine
[3187:its-cluster-writer]: [18:29:09][STATE] RUNNING ---> READY
[3187:its-cluster-writer]: [18:29:09][STATE] READY ---> RESETTING TASK
[3187:its-cluster-writer]: [18:29:09][STATE] RESETTING TASK ---> DEVICE READY
[3187:its-cluster-writer]: [18:29:09][STATE] DEVICE READY ---> RESETTING DEVICE
[3187:its-cluster-writer]: [18:29:09][STATE] RESETTING DEVICE ---> IDLE
[3187:its-cluster-writer]: [18:29:09][STATE] IDLE ---> EXITING
[3187:its-cluster-writer]: [18:29:09][STATE] Exiting FairMQ state machine
[3189:its-track-writer]: [18:29:09][STATE] RUNNING ---> READY
[3189:its-track-writer]: [18:29:09][STATE] READY ---> RESETTING TASK
[3189:its-track-writer]: [18:29:09][STATE] RESETTING TASK ---> DEVICE READY
[3189:its-track-writer]: [18:29:09][STATE] DEVICE READY ---> RESETTING DEVICE
[3189:its-track-writer]: Cleaning up for shared memory id '7eff8b2c'...
[3189:its-track-writer]: No region counter found. No regions to cleanup.
[3189:its-track-writer]: Successfully removed 'fmq_7eff8b2c_m_0'.
[3189:its-track-writer]: Successfully removed 'fmq_7eff8b2c_mng'.
[3189:its-track-writer]: Successfully removed 'fmq_7eff8b2c_mtx'.
[3189:its-track-writer]: Successfully removed 'fmq_7eff8b2c_cv'.
[3189:its-track-writer]: [18:29:09][STATE] RESETTING DEVICE ---> IDLE
[3189:its-track-writer]: [18:29:09][STATE] IDLE ---> EXITING
[3189:its-track-writer]: [18:29:09][STATE] Exiting FairMQ state machine
[INFO] Dumping used configuration in dpl-config.json
