===============================
execute this script as follows:
./generate_its.sh system region nevents
where:
system = 1 -> pp
       = 2 -> Pb-Pb
region = 1 -> ITS only
       = 2 -> whole detector
===============================
will generate Pb-Pb events
will transport events in the ITS only
Will generate: 20 events
Moving to /eos/user/f/ftorales/its_data/alignment/lbnl_alice_alignment_tasks/2284183/12
/eos/user/f/ftorales/its_data/alignment/lbnl_alice_alignment_tasks/2284183/12

==============================================================================================
1. MC generation run
[INFO] Running with 6 sim workers 
[INFO] CREATING SIM SHARED MEM SEGMENT FOR 6 WORKERS
Spawning particle server on PID 996; Redirect output to o2sim_serverlog
Spawning sim worker 0 on PID 998; Redirect output to o2sim_workerlog0
Spawning hit merger on PID 999; Redirect output to o2sim_mergerlog
[INFO] DISTRIBUTING EVENT : 1
[INFO] EVENT FINISHED : 1
[INFO] DISTRIBUTING EVENT : 2
[INFO] EVENT FINISHED : 2
[INFO] DISTRIBUTING EVENT : 3
[INFO] DISTRIBUTING EVENT : 4
[INFO] EVENT FINISHED : 3
[INFO] EVENT FINISHED : 4
[INFO] DISTRIBUTING EVENT : 5
[INFO] EVENT FINISHED : 5
[INFO] DISTRIBUTING EVENT : 6
[INFO] EVENT FINISHED : 6
[INFO] DISTRIBUTING EVENT : 7
[INFO] EVENT FINISHED : 7
[INFO] DISTRIBUTING EVENT : 8
[INFO] EVENT FINISHED : 8
[INFO] DISTRIBUTING EVENT : 9
[INFO] EVENT FINISHED : 9
[INFO] DISTRIBUTING EVENT : 10
[INFO] EVENT FINISHED : 10
[INFO] DISTRIBUTING EVENT : 11
[INFO] EVENT FINISHED : 11
[INFO] DISTRIBUTING EVENT : 12
[INFO] EVENT FINISHED : 12
[INFO] DISTRIBUTING EVENT : 13
[INFO] EVENT FINISHED : 13
[INFO] DISTRIBUTING EVENT : 14
[INFO] DISTRIBUTING EVENT : 15
[INFO] EVENT FINISHED : 14
[INFO] DISTRIBUTING EVENT : 16
[INFO] DISTRIBUTING EVENT : 17
[INFO] EVENT FINISHED : 17
[INFO] EVENT FINISHED : 16
[INFO] DISTRIBUTING EVENT : 18
[INFO] EVENT FINISHED : 15
[INFO] EVENT FINISHED : 18
[INFO] DISTRIBUTING EVENT : 19
[INFO] EVENT FINISHED : 19
[INFO] DISTRIBUTING EVENT : 20
[INFO] EVENT FINISHED : 20
[INFO] Merger process 999 returned
[INFO] Simulation process took 132.519 s
[INFO] SIMULATION RETURNED SUCCESFULLY

==============================================================================================
2. Hits to digits conversion
Run: 1621488957
Fill:      0
Period: 
LHC State: 
Start: Thu May 20 07:35:59 2021
End  : Thu May 20 07:36:01 2021
Beam0: Z:A =   0:  0, Energy = 0.000
Beam1: Z:A =   0:  0, Energy = 0.000
sqrt[s]    = 0.000
crossing angle (radian) = 0.000000e+00
magnet currents (A) L3 = -30000.000, Dipole = -6000
Detectors: Cont.RO Triggers
      ITS:    -       -    
[INFO] MC-TRUTH 1
[INFO] TPC: GEM setup - initialization from scratch
[INFO] TPC: GEM setup (polya) took 11.02
[INFO] TPC is in grp? no; is skipped? no
[INFO] ITS is in grp? yes; is skipped? no
[INFO] MFT is in grp? no; is skipped? no
[INFO] TOF is in grp? no; is skipped? no
[INFO] FT0 is in grp? no; is skipped? no
[INFO] FV0 is in grp? no; is skipped? no
[INFO] EMC is in grp? no; is skipped? no
[INFO] HMP is in grp? no; is skipped? no
[INFO] ZDC is in grp? no; is skipped? no
[INFO] TRD is in grp? no; is skipped? no
[INFO] MCH is in grp? no; is skipped? no
[INFO] MID is in grp? no; is skipped? no
[INFO] FDD is in grp? no; is skipped? no
[INFO] PHS is in grp? no; is skipped? no
[INFO] CPV is in grp? no; is skipped? no
[INFO] Initialising O2 Data Processing Layer
[INFO] O2 Data Processing Layer initialised. We brake for nobody.
[INFO] Optimised build. O2DEBUG / LOG(DEBUG) / LOGF(DEBUG) / assert statement will not be shown.
[INFO] Redeployment of configuration asked.
[INFO] Starting internal-dpl-clock on pid 2120
[INFO] Starting SimReader on pid 2121
[INFO] Starting ITSDigitizer on pid 2122
[INFO] Starting GRPUpdater on pid 2123
[INFO] Starting ITSDigitWriter on pid 2124
[INFO] Redeployment of configuration done.
[2123:GRPUpdater]: [INFO] MC-TRUTH 1
[2121:SimReader]: [INFO] MC-TRUTH 1
[2120:internal-dpl-clock]: [INFO] MC-TRUTH 1
[2124:ITSDigitWriter]: [INFO] MC-TRUTH 1
[2122:ITSDigitizer]: [INFO] MC-TRUTH 1
[2120:internal-dpl-clock]: [INFO] Spawing new device internal-dpl-clock in process with pid 2120
[2123:GRPUpdater]: [INFO] Spawing new device GRPUpdater in process with pid 2123
[2124:ITSDigitWriter]: [INFO] Spawing new device ITSDigitWriter in process with pid 2124
[2122:ITSDigitizer]: [INFO] Spawing new device ITSDigitizer in process with pid 2122
[2121:SimReader]: [INFO] Spawing new device SimReader in process with pid 2121
[2120:internal-dpl-clock]: [07:40:59][INFO] 
[2120:internal-dpl-clock]:       ______      _    _______  _________ 
[2120:internal-dpl-clock]:      / ____/___ _(_)_______   |/  /_  __ \    version 1.4.29
[2120:internal-dpl-clock]:     / /_  / __ `/ / ___/__  /|_/ /_  / / /    build RELWITHDEBINFO
[2120:internal-dpl-clock]:    / __/ / /_/ / / /    _  /  / / / /_/ /     https://github.com/FairRootGroup/FairMQ
[2120:internal-dpl-clock]:   /_/    \__,_/_/_/     /_/  /_/  \___\_\     LGPL-3.0  © 2012-2020 GSI
[2120:internal-dpl-clock]: 
[2120:internal-dpl-clock]: [07:40:59][STATE] Starting FairMQ state machine --> IDLE
[2121:SimReader]: [07:40:59][INFO] 
[2121:SimReader]:       ______      _    _______  _________ 
[2121:SimReader]:      / ____/___ _(_)_______   |/  /_  __ \    version 1.4.29
[2121:SimReader]:     / /_  / __ `/ / ___/__  /|_/ /_  / / /    build RELWITHDEBINFO
[2121:SimReader]:    / __/ / /_/ / / /    _  /  / / / /_/ /     https://github.com/FairRootGroup/FairMQ
[2121:SimReader]:   /_/    \__,_/_/_/     /_/  /_/  \___\_\     LGPL-3.0  © 2012-2020 GSI
[2121:SimReader]: 
[2121:SimReader]: [07:40:59][STATE] Starting FairMQ state machine --> IDLE
[2122:ITSDigitizer]: [07:40:59][INFO] 
[2122:ITSDigitizer]:       ______      _    _______  _________ 
[2122:ITSDigitizer]:      / ____/___ _(_)_______   |/  /_  __ \    version 1.4.29
[2122:ITSDigitizer]:     / /_  / __ `/ / ___/__  /|_/ /_  / / /    build RELWITHDEBINFO
[2122:ITSDigitizer]:    / __/ / /_/ / / /    _  /  / / / /_/ /     https://github.com/FairRootGroup/FairMQ
[2122:ITSDigitizer]:   /_/    \__,_/_/_/     /_/  /_/  \___\_\     LGPL-3.0  © 2012-2020 GSI
[2122:ITSDigitizer]: 
[2122:ITSDigitizer]: [07:40:59][STATE] Starting FairMQ state machine --> IDLE
[2123:GRPUpdater]: [07:40:59][INFO] 
[2123:GRPUpdater]:       ______      _    _______  _________ 
[2123:GRPUpdater]:      / ____/___ _(_)_______   |/  /_  __ \    version 1.4.29
[2123:GRPUpdater]:     / /_  / __ `/ / ___/__  /|_/ /_  / / /    build RELWITHDEBINFO
[2123:GRPUpdater]:    / __/ / /_/ / / /    _  /  / / / /_/ /     https://github.com/FairRootGroup/FairMQ
[2123:GRPUpdater]:   /_/    \__,_/_/_/     /_/  /_/  \___\_\     LGPL-3.0  © 2012-2020 GSI
[2123:GRPUpdater]: 
[2123:GRPUpdater]: [07:40:59][STATE] Starting FairMQ state machine --> IDLE
[2121:SimReader]: 2021-05-20 07:40:59	Monitoring	[0;49mStdOut backend initialized[0m
[2121:SimReader]: [07:40:59][STATE] IDLE ---> INITIALIZING DEVICE
[2122:ITSDigitizer]: 2021-05-20 07:40:59	Monitoring	[0;49mStdOut backend initialized[0m
[2120:internal-dpl-clock]: 2021-05-20 07:40:59	Monitoring	[0;49mStdOut backend initialized[0m
[2120:internal-dpl-clock]: [07:40:59][STATE] IDLE ---> INITIALIZING DEVICE
[2120:internal-dpl-clock]: 2021-05-20 07:40:59	Monitoring	[0;49mBuffering enabled (100)[0m
[2120:internal-dpl-clock]: [07:40:59][STATE] INITIALIZING DEVICE ---> INITIALIZED
[2120:internal-dpl-clock]: [07:40:59][STATE] INITIALIZED ---> BINDING
[2120:internal-dpl-clock]: [07:40:59][STATE] BINDING ---> BOUND
[2120:internal-dpl-clock]: [07:40:59][STATE] BOUND ---> CONNECTING
[2120:internal-dpl-clock]: [07:40:59][STATE] CONNECTING ---> DEVICE READY
[2120:internal-dpl-clock]: [07:40:59][STATE] DEVICE READY ---> INITIALIZING TASK
[2120:internal-dpl-clock]: [07:40:59][STATE] INITIALIZING TASK ---> READY
[2120:internal-dpl-clock]: [07:40:59][STATE] READY ---> RUNNING
[2120:internal-dpl-clock]: [07:40:59][INFO] DEVICE: Running...
[2121:SimReader]: 2021-05-20 07:40:59	Monitoring	[0;49mBuffering enabled (100)[0m
[2121:SimReader]: [07:40:59][INFO] adding o2sim
[2121:SimReader]: 
[2121:SimReader]: [07:40:59][INFO] INCONTEXTSTRING 
[2121:SimReader]: [07:40:59][INFO] Imposing hadronic interaction rate 50000Hz
[2121:SimReader]: [07:40:59][WARN] No bunch filling provided, impose default one
[2121:SimReader]: [07:40:59][INFO] Deducing mu=0.00771915 per BC from IR=50000 with 576 BCs
[2121:SimReader]: [07:40:59][INFO] InteractionSampler with 576 colliding BCs, mu(BC)= 0.00771915 -> total IR= 50000
[2121:SimReader]: [07:40:59][INFO] Current BCid:    0 Orbit:      1 |T in BC(ns): 0.000(0 coll left)
[2121:SimReader]: [07:40:59][INFO] setting up 1 chains
[2122:ITSDigitizer]: [07:40:59][STATE] IDLE ---> INITIALIZING DEVICE
[2122:ITSDigitizer]: 2021-05-20 07:40:59	Monitoring	[0;49mBuffering enabled (100)[0m
[2122:ITSDigitizer]: [07:40:59][INFO] Initializing geometry service
[2122:ITSDigitizer]: [07:40:59][INFO] Loading geometry FAIRGeom from o2sim_geometry.root
[2123:GRPUpdater]: 2021-05-20 07:40:59	Monitoring	[0;49mStdOut backend initialized[0m
[2123:GRPUpdater]: [07:40:59][STATE] IDLE ---> INITIALIZING DEVICE
[2123:GRPUpdater]: 2021-05-20 07:40:59	Monitoring	[0;49mBuffering enabled (100)[0m
[2123:GRPUpdater]: [07:40:59][STATE] INITIALIZING DEVICE ---> INITIALIZED
[2123:GRPUpdater]: [07:40:59][STATE] INITIALIZED ---> BINDING
[2123:GRPUpdater]: [07:40:59][STATE] BINDING ---> BOUND
[2123:GRPUpdater]: [07:40:59][STATE] BOUND ---> CONNECTING
[2123:GRPUpdater]: [07:40:59][STATE] CONNECTING ---> DEVICE READY
[2123:GRPUpdater]: [07:40:59][STATE] DEVICE READY ---> INITIALIZING TASK
[2123:GRPUpdater]: [07:40:59][STATE] INITIALIZING TASK ---> READY
[2123:GRPUpdater]: [07:40:59][STATE] READY ---> RUNNING
[2123:GRPUpdater]: [07:40:59][INFO] DEVICE: Running...
[2124:ITSDigitWriter]: [07:40:59][INFO] 
[2124:ITSDigitWriter]:       ______      _    _______  _________ 
[2124:ITSDigitWriter]:      / ____/___ _(_)_______   |/  /_  __ \    version 1.4.29
[2124:ITSDigitWriter]:     / /_  / __ `/ / ___/__  /|_/ /_  / / /    build RELWITHDEBINFO
[2124:ITSDigitWriter]:    / __/ / /_/ / / /    _  /  / / / /_/ /     https://github.com/FairRootGroup/FairMQ
[2124:ITSDigitWriter]:   /_/    \__,_/_/_/     /_/  /_/  \___\_\     LGPL-3.0  © 2012-2020 GSI
[2124:ITSDigitWriter]: 
[2124:ITSDigitWriter]: [07:40:59][STATE] Starting FairMQ state machine --> IDLE
[2124:ITSDigitWriter]: 2021-05-20 07:40:59	Monitoring	[0;49mStdOut backend initialized[0m
[2124:ITSDigitWriter]: [07:40:59][STATE] IDLE ---> INITIALIZING DEVICE
[2124:ITSDigitWriter]: 2021-05-20 07:40:59	Monitoring	[0;49mBuffering enabled (100)[0m
[2124:ITSDigitWriter]: [07:40:59][INFO] 0: branch  ITSDigitMCTruth set up
[2124:ITSDigitWriter]: [07:40:59][INFO] 1: branch  ITSDigitMC2ROF set up
[2124:ITSDigitWriter]: [07:40:59][INFO] 2: branch  ITSDigit set up
[2124:ITSDigitWriter]: [07:40:59][INFO] 3: branch  ITSDigitROF set up
[2124:ITSDigitWriter]: [07:40:59][STATE] INITIALIZING DEVICE ---> INITIALIZED
[2124:ITSDigitWriter]: [07:40:59][STATE] INITIALIZED ---> BINDING
[2124:ITSDigitWriter]: [07:40:59][STATE] BINDING ---> BOUND
[2124:ITSDigitWriter]: [07:40:59][STATE] BOUND ---> CONNECTING
[2124:ITSDigitWriter]: [07:40:59][STATE] CONNECTING ---> DEVICE READY
[2124:ITSDigitWriter]: [07:40:59][STATE] DEVICE READY ---> INITIALIZING TASK
[2124:ITSDigitWriter]: [07:40:59][STATE] INITIALIZING TASK ---> READY
[2124:ITSDigitWriter]: [07:40:59][STATE] READY ---> RUNNING
[2124:ITSDigitWriter]: [07:40:59][INFO] DEVICE: Running...
[2122:ITSDigitizer]: Info in <TGeoManager::CloseGeometry>: Geometry loaded from file...
[2122:ITSDigitizer]: Info in <TGeoManager::SetTopVolume>: Top volume is cave. Master volume is cave
[2122:ITSDigitizer]: Info in <TGeoNavigator::BuildCache>: --- Maximum geometry depth set to 100
[2122:ITSDigitizer]: Info in <TGeoManager::CloseGeometry>: Voxelization retrieved from file
[2122:ITSDigitizer]: Info in <TGeoManager::CountLevels>: max level = 9, max placements = 126
[2122:ITSDigitizer]: Info in <TGeoManager::CloseGeometry>: 179840 nodes/ 399 volume UID's in FAIR geometry
[2122:ITSDigitizer]: Info in <TGeoManager::CloseGeometry>: ----------------modeler ready----------------
[2122:ITSDigitizer]: [07:41:01][INFO] Initializing field service
[2122:ITSDigitizer]: [07:41:01][INFO] MagneticField::Print: MagneticFieldMap:
[2122:ITSDigitizer]: [07:41:01][INFO] MagneticField::Print: Solenoid (-1*)5 kG, Dipole ON (-1) 
[2122:ITSDigitizer]: [07:41:01][INFO] MagneticField::Print: Machine B fields for p-p  beam (7000 GeV): QGrad: 22.0002 Dipole: 37.8781
[2122:ITSDigitizer]: [07:41:01][INFO] MagneticField::Print: Uses Sol30_Dip6_Hole  of /cvmfs/alice.cern.ch/el7-x86_64/Packages/O2/nightly-20210129-1/share/Common/maps/mfchebKGI_sym.root
[2122:ITSDigitizer]: Info in <TGeoGlobalMagField::SetField>: Global magnetic field set to <MagneticFieldMap>
[2122:ITSDigitizer]: Info in <TGeoGlobalMagField::Lock>: Global magnetic field <MagneticFieldMap> is now locked
[2122:ITSDigitizer]: [07:41:01][INFO] Set Alpide charge threshold to 150, single hit will be accounted from 15 electrons
[2122:ITSDigitizer]: [07:41:01][INFO] ITS simulated in CONTINUOUS RO mode
[2122:ITSDigitizer]: [07:41:01][INFO] Loading ITS L2G matrices from TGeo
[2121:SimReader]: [07:41:01][INFO] Automatic deduction of number of collisions ... will just take number of background entries 20
[2121:SimReader]: Summary of DigitizationContext --
[2121:SimReader]: Parts per collision 1
[2121:SimReader]: Collision parts taken from simulations specified by prefix:
[2121:SimReader]: Number of Collisions 20
[2121:SimReader]: Collision 0 TIME BCid:  988 Orbit:      1 |T in BC(ns): -0.058 (0 , 0)
[2121:SimReader]: Collision 1 TIME BCid: 1946 Orbit:      1 |T in BC(ns): -0.059 (0 , 1)
[2121:SimReader]: Collision 2 TIME BCid: 2118 Orbit:      1 |T in BC(ns): -0.148 (0 , 2)
[2121:SimReader]: Collision 3 TIME BCid:   30 Orbit:      2 |T in BC(ns): -0.399 (0 , 3)
[2121:SimReader]: Collision 4 TIME BCid:  248 Orbit:      2 |T in BC(ns): 0.259 (0 , 4)
[2121:SimReader]: Collision 5 TIME BCid:  394 Orbit:      2 |T in BC(ns): 0.100 (0 , 5)
[2121:SimReader]: Collision 6 TIME BCid:  396 Orbit:      2 |T in BC(ns): 0.379 (0 , 6)
[2121:SimReader]: Collision 7 TIME BCid:  446 Orbit:      2 |T in BC(ns): 0.213 (0 , 7)
[2121:SimReader]: Collision 8 TIME BCid:  974 Orbit:      2 |T in BC(ns): -0.007 (0 , 8)
[2121:SimReader]: Collision 9 TIME BCid:   38 Orbit:      3 |T in BC(ns): -0.069 (0 , 9)
[2121:SimReader]: Collision 10 TIME BCid:  208 Orbit:      3 |T in BC(ns): -0.127 (0 , 10)
[2121:SimReader]: Collision 11 TIME BCid:  282 Orbit:      3 |T in BC(ns): -0.339 (0 , 11)
[2121:SimReader]: Collision 12 TIME BCid: 1364 Orbit:      3 |T in BC(ns): 0.130 (0 , 12)
[2121:SimReader]: Collision 13 TIME BCid:  272 Orbit:      4 |T in BC(ns): -0.128 (0 , 13)
[2121:SimReader]: Collision 14 TIME BCid:  578 Orbit:      4 |T in BC(ns): 0.281 (0 , 14)
[2121:SimReader]: Collision 15 TIME BCid:  584 Orbit:      4 |T in BC(ns): 0.037 (0 , 15)
[2121:SimReader]: Collision 16 TIME BCid: 1418 Orbit:      4 |T in BC(ns): -0.052 (0 , 16)
[2121:SimReader]: Collision 17 TIME BCid: 1562 Orbit:      4 |T in BC(ns): -0.194 (0 , 17)
[2121:SimReader]: Collision 18 TIME BCid: 2012 Orbit:      4 |T in BC(ns): -0.163 (0 , 18)
[2121:SimReader]: Collision 19 TIME BCid: 2150 Orbit:      4 |T in BC(ns): 0.139 (0 , 19)
[2121:SimReader]: [07:41:01][INFO] Initializing Spec ... have 20 times 
[2121:SimReader]: [07:41:01][INFO] Serializing Context for later reuse
[2121:SimReader]: [07:41:02][STATE] INITIALIZING DEVICE ---> INITIALIZED
[2121:SimReader]: [07:41:02][STATE] INITIALIZED ---> BINDING
[2121:SimReader]: [07:41:02][STATE] BINDING ---> BOUND
[2121:SimReader]: [07:41:02][STATE] BOUND ---> CONNECTING
[2121:SimReader]: [07:41:02][STATE] CONNECTING ---> DEVICE READY
[2121:SimReader]: [07:41:02][STATE] DEVICE READY ---> INITIALIZING TASK
[2121:SimReader]: [07:41:02][STATE] INITIALIZING TASK ---> READY
[2121:SimReader]: [07:41:02][STATE] READY ---> RUNNING
[2121:SimReader]: [07:41:02][INFO] DEVICE: Running...
[2121:SimReader]: [07:41:02][INFO] SENDING SOMETHING TO OTHERS
[2122:ITSDigitizer]: Alpide response object of 40500 matrices to map chagre in xyz to 5x5 pixels
[2122:ITSDigitizer]: X(col) range: +0.000000e+00 : +1.462000e-03 | step: 5.000000e-05 | Nbins: 30
[2122:ITSDigitizer]: Y(row) range: +0.000000e+00 : +1.344000e-03 | step: 5.000000e-05 | Nbins: 27
[2122:ITSDigitizer]: Z(dpt) range: -2.000000e-03 : +2.500000e-03 | step: 8.999999e-05 | Nbins: 50
[2122:ITSDigitizer]: Alpide digitization params:
[2122:ITSDigitizer]: Continuous readout             : ON
[2122:ITSDigitizer]: Readout Frame Length(ns)       : 9880.510742
[2122:ITSDigitizer]: Strobe delay (ns)              : 99.803139
[2122:ITSDigitizer]: Strobe length (ns)             : 9780.708008
[2122:ITSDigitizer]: Threshold (N electrons)        : 150
[2122:ITSDigitizer]: Min N electrons to accoint     : 15
[2122:ITSDigitizer]: Number of charge sharing steps : 7
[2122:ITSDigitizer]: ELoss to N electrons factor    : 2.777778e+08
[2122:ITSDigitizer]: Noise level per pixel          : 1.000000e-07
[2122:ITSDigitizer]: Charge time-response:
[2122:ITSDigitizer]: o2::itsmft::AlpideSignalTrapezoid | Duration: 7500.0 MaxRiseTime: 1100.0 (RiseTime=0 at q=450.0) (ns)
[2122:ITSDigitizer]: [07:41:03][STATE] INITIALIZING DEVICE ---> INITIALIZED
[2122:ITSDigitizer]: [07:41:03][STATE] INITIALIZED ---> BINDING
[2122:ITSDigitizer]: [07:41:03][STATE] BINDING ---> BOUND
[2122:ITSDigitizer]: [07:41:03][STATE] BOUND ---> CONNECTING
[2122:ITSDigitizer]: [07:41:03][STATE] CONNECTING ---> DEVICE READY
[2122:ITSDigitizer]: [07:41:03][STATE] DEVICE READY ---> INITIALIZING TASK
[2122:ITSDigitizer]: [07:41:03][STATE] INITIALIZING TASK ---> READY
[2122:ITSDigitizer]: [07:41:03][STATE] READY ---> RUNNING
[2122:ITSDigitizer]: [07:41:03][INFO] DEVICE: Running...
[2122:ITSDigitizer]: [07:41:03][INFO] GOT 20 COLLISSION TIMES
[2122:ITSDigitizer]: [07:41:03][INFO] SIMCHAINS 1
[2122:ITSDigitizer]: [07:41:03][INFO]  CALLING ITS DIGITIZATION 
[2122:ITSDigitizer]: [07:41:04][INFO] Digitizing ITS hits of entry 0 from source 0 at time BCid:  988 Orbit:      1 |T in BC(ns): -0.058 ROFrame= 11) cont.mode: 1 Min/Max ROFrames 0/10
[2122:ITSDigitizer]: [07:41:04][INFO] Filling ITS digits output for RO frames 0:10
[2122:ITSDigitizer]: ROF: 0 | 1283 entries starting from 0
[2122:ITSDigitizer]: BCid:    0 Orbit:      0
[2122:ITSDigitizer]: ROF: 1 | 1267 entries starting from 1283
[2122:ITSDigitizer]: BCid:  396 Orbit:      0
[2122:ITSDigitizer]: ROF: 2 | 1323 entries starting from 2550
[2122:ITSDigitizer]: BCid:  792 Orbit:      0
[2122:ITSDigitizer]: ROF: 3 | 1229 entries starting from 3873
[2122:ITSDigitizer]: BCid: 1188 Orbit:      0
[2122:ITSDigitizer]: ROF: 4 | 1245 entries starting from 5102
[2122:ITSDigitizer]: BCid: 1584 Orbit:      0
[2122:ITSDigitizer]: ROF: 5 | 1248 entries starting from 6347
[2122:ITSDigitizer]: BCid: 1980 Orbit:      0
[2122:ITSDigitizer]: ROF: 6 | 1259 entries starting from 7595
[2122:ITSDigitizer]: BCid: 2376 Orbit:      0
[2122:ITSDigitizer]: ROF: 7 | 1258 entries starting from 8854
[2122:ITSDigitizer]: BCid: 2772 Orbit:      0
[2122:ITSDigitizer]: ROF: 8 | 1247 entries starting from 10112
[2122:ITSDigitizer]: BCid: 3168 Orbit:      0
[2122:ITSDigitizer]: ROF: 9 | 1249 entries starting from 11359
[2122:ITSDigitizer]: BCid:    0 Orbit:      1
[2122:ITSDigitizer]: ROF: 10 | 1258 entries starting from 12608
[2122:ITSDigitizer]: BCid:  396 Orbit:      1
[2122:ITSDigitizer]: [07:41:04][INFO] Added 13866 digits 
[2122:ITSDigitizer]: [07:41:04][INFO] Digitizing ITS hits of entry 1 from source 0 at time BCid: 1946 Orbit:      1 |T in BC(ns): -0.059 ROFrame= 13) cont.mode: 1 Min/Max ROFrames 11/12
[2122:ITSDigitizer]: [07:41:04][INFO] Filling ITS digits output for RO frames 11:12
[2122:ITSDigitizer]: ROF: 11 | 32564 entries starting from 13866
[2122:ITSDigitizer]: BCid:  792 Orbit:      1
[2122:ITSDigitizer]: MCEventID: 0 ROFs: 11-12 Entry in ROFRecords: 11
[2122:ITSDigitizer]: ROF: 12 | 32566 entries starting from 46430
[2122:ITSDigitizer]: BCid: 1188 Orbit:      1
[2122:ITSDigitizer]: [07:41:04][INFO] Added 65130 digits 
[2122:ITSDigitizer]: [07:41:04][INFO] Digitizing ITS hits of entry 2 from source 0 at time BCid: 2118 Orbit:      1 |T in BC(ns): -0.148 ROFrame= 14) cont.mode: 1 Min/Max ROFrames 13/15
[2122:ITSDigitizer]: [07:41:04][INFO] Filling ITS digits output for RO frames 13:13
[2122:ITSDigitizer]: ROF: 13 | 43210 entries starting from 78996
[2122:ITSDigitizer]: BCid: 1584 Orbit:      1
[2122:ITSDigitizer]: MCEventID: 1 ROFs: 13-15 Entry in ROFRecords: 13
[2122:ITSDigitizer]: [07:41:04][INFO] Added 43210 digits 
[2122:ITSDigitizer]: [07:41:04][INFO] Digitizing ITS hits of entry 3 from source 0 at time BCid:   30 Orbit:      2 |T in BC(ns): -0.399 ROFrame= 18) cont.mode: 1 Min/Max ROFrames 14/17
[2122:ITSDigitizer]: [07:41:04][INFO] Filling ITS digits output for RO frames 14:17
[2122:ITSDigitizer]: ROF: 14 | 44078 entries starting from 122206
[2122:ITSDigitizer]: BCid: 1980 Orbit:      1
[2122:ITSDigitizer]: MCEventID: 2 ROFs: 14-15 Entry in ROFRecords: 14
[2122:ITSDigitizer]: ROF: 15 | 2053 entries starting from 166284
[2122:ITSDigitizer]: BCid: 2376 Orbit:      1
[2122:ITSDigitizer]: ROF: 16 | 1284 entries starting from 168337
[2122:ITSDigitizer]: BCid: 2772 Orbit:      1
[2122:ITSDigitizer]: ROF: 17 | 1287 entries starting from 169621
[2122:ITSDigitizer]: BCid: 3168 Orbit:      1
[2122:ITSDigitizer]: [07:41:04][INFO] Added 48702 digits 
[2122:ITSDigitizer]: [07:41:04][INFO] Digitizing ITS hits of entry 4 from source 0 at time BCid:  248 Orbit:      2 |T in BC(ns): 0.259 ROFrame= 18) cont.mode: 1 Min/Max ROFrames 18/19
[2122:ITSDigitizer]: [07:41:05][INFO] Digitizing ITS hits of entry 5 from source 0 at time BCid:  394 Orbit:      2 |T in BC(ns): 0.100 ROFrame= 18) cont.mode: 1 Min/Max ROFrames 18/20
[2122:ITSDigitizer]: [07:41:06][INFO] Digitizing ITS hits of entry 6 from source 0 at time BCid:  396 Orbit:      2 |T in BC(ns): 0.379 ROFrame= 19) cont.mode: 1 Min/Max ROFrames 18/20
[2122:ITSDigitizer]: [07:41:06][INFO] Filling ITS digits output for RO frames 18:18
[2122:ITSDigitizer]: ROF: 18 | 354476 entries starting from 170908
[2122:ITSDigitizer]: BCid:    0 Orbit:      2
[2122:ITSDigitizer]: MCEventID: 3 ROFs: 18-19 Entry in ROFRecords: 18
[2122:ITSDigitizer]: MCEventID: 4 ROFs: 18-20 Entry in ROFRecords: 18
[2122:ITSDigitizer]: MCEventID: 5 ROFs: 18-20 Entry in ROFRecords: 18
[2122:ITSDigitizer]: [07:41:06][INFO] Added 354476 digits 
[2122:ITSDigitizer]: [07:41:06][INFO] Digitizing ITS hits of entry 7 from source 0 at time BCid:  446 Orbit:      2 |T in BC(ns): 0.213 ROFrame= 19) cont.mode: 1 Min/Max ROFrames 19/20
[2122:ITSDigitizer]: [07:41:06][INFO] Digitizing ITS hits of entry 8 from source 0 at time BCid:  974 Orbit:      2 |T in BC(ns): -0.007 ROFrame= 20) cont.mode: 1 Min/Max ROFrames 19/20
[2122:ITSDigitizer]: [07:41:06][INFO] Filling ITS digits output for RO frames 19:19
[2122:ITSDigitizer]: ROF: 19 | 487504 entries starting from 525384
[2122:ITSDigitizer]: BCid:  396 Orbit:      2
[2122:ITSDigitizer]: MCEventID: 6 ROFs: 19-20 Entry in ROFRecords: 19
[2122:ITSDigitizer]: MCEventID: 7 ROFs: 19-20 Entry in ROFRecords: 19
[2122:ITSDigitizer]: [07:41:07][INFO] Added 487504 digits 
[2122:ITSDigitizer]: [07:41:07][INFO] Digitizing ITS hits of entry 9 from source 0 at time BCid:   38 Orbit:      3 |T in BC(ns): -0.069 ROFrame= 27) cont.mode: 1 Min/Max ROFrames 20/26
[2122:ITSDigitizer]: [07:41:07][INFO] Filling ITS digits output for RO frames 20:26
[2122:ITSDigitizer]: ROF: 20 | 77727 entries starting from 1012888
[2122:ITSDigitizer]: BCid:  792 Orbit:      2
[2122:ITSDigitizer]: MCEventID: 8 ROFs: 20-22 Entry in ROFRecords: 20
[2122:ITSDigitizer]: ROF: 21 | 76498 entries starting from 1090615
[2122:ITSDigitizer]: BCid: 1188 Orbit:      2
[2122:ITSDigitizer]: ROF: 22 | 1282 entries starting from 1167113
[2122:ITSDigitizer]: BCid: 1584 Orbit:      2
[2122:ITSDigitizer]: ROF: 23 | 1251 entries starting from 1168395
[2122:ITSDigitizer]: BCid: 1980 Orbit:      2
[2122:ITSDigitizer]: ROF: 24 | 1236 entries starting from 1169646
[2122:ITSDigitizer]: BCid: 2376 Orbit:      2
[2122:ITSDigitizer]: ROF: 25 | 1292 entries starting from 1170882
[2122:ITSDigitizer]: BCid: 2772 Orbit:      2
[2122:ITSDigitizer]: ROF: 26 | 1217 entries starting from 1172174
[2122:ITSDigitizer]: BCid: 3168 Orbit:      2
[2122:ITSDigitizer]: [07:41:07][INFO] Added 160503 digits 
[2122:ITSDigitizer]: [07:41:07][INFO] Digitizing ITS hits of entry 10 from source 0 at time BCid:  208 Orbit:      3 |T in BC(ns): -0.127 ROFrame= 27) cont.mode: 1 Min/Max ROFrames 27/28
[2122:ITSDigitizer]: [07:41:07][INFO] Digitizing ITS hits of entry 11 from source 0 at time BCid:  282 Orbit:      3 |T in BC(ns): -0.339 ROFrame= 27) cont.mode: 1 Min/Max ROFrames 27/28
[2122:ITSDigitizer]: [07:41:07][INFO] Digitizing ITS hits of entry 12 from source 0 at time BCid: 1364 Orbit:      3 |T in BC(ns): 0.130 ROFrame= 30) cont.mode: 1 Min/Max ROFrames 27/29
[2122:ITSDigitizer]: [07:41:07][INFO] Filling ITS digits output for RO frames 27:29
[2122:ITSDigitizer]: ROF: 27 | 141264 entries starting from 1173391
[2122:ITSDigitizer]: BCid:    0 Orbit:      3
[2122:ITSDigitizer]: MCEventID: 9 ROFs: 27-28 Entry in ROFRecords: 27
[2122:ITSDigitizer]: MCEventID: 10 ROFs: 27-28 Entry in ROFRecords: 27
[2122:ITSDigitizer]: MCEventID: 11 ROFs: 27-29 Entry in ROFRecords: 27
[2122:ITSDigitizer]: ROF: 28 | 50525 entries starting from 1314655
[2122:ITSDigitizer]: BCid:  396 Orbit:      3
[2122:ITSDigitizer]: ROF: 29 | 1381 entries starting from 1365180
[2122:ITSDigitizer]: BCid:  792 Orbit:      3
[2122:ITSDigitizer]: [07:41:08][INFO] Added 193170 digits 
[2122:ITSDigitizer]: [07:41:08][INFO] Digitizing ITS hits of entry 13 from source 0 at time BCid:  272 Orbit:      4 |T in BC(ns): -0.128 ROFrame= 36) cont.mode: 1 Min/Max ROFrames 30/35
[2122:ITSDigitizer]: [07:41:08][INFO] Filling ITS digits output for RO frames 30:35
[2122:ITSDigitizer]: ROF: 30 | 101370 entries starting from 1366561
[2122:ITSDigitizer]: BCid: 1188 Orbit:      3
[2122:ITSDigitizer]: MCEventID: 12 ROFs: 30-32 Entry in ROFRecords: 30
[2122:ITSDigitizer]: ROF: 31 | 101404 entries starting from 1467931
[2122:ITSDigitizer]: BCid: 1584 Orbit:      3
[2122:ITSDigitizer]: ROF: 32 | 1278 entries starting from 1569335
[2122:ITSDigitizer]: BCid: 1980 Orbit:      3
[2122:ITSDigitizer]: ROF: 33 | 1224 entries starting from 1570613
[2122:ITSDigitizer]: BCid: 2376 Orbit:      3
[2122:ITSDigitizer]: ROF: 34 | 1244 entries starting from 1571837
[2122:ITSDigitizer]: BCid: 2772 Orbit:      3
[2122:ITSDigitizer]: ROF: 35 | 1216 entries starting from 1573081
[2122:ITSDigitizer]: BCid: 3168 Orbit:      3
[2122:ITSDigitizer]: [07:41:08][INFO] Added 207736 digits 
[2122:ITSDigitizer]: [07:41:08][INFO] Digitizing ITS hits of entry 15 from source 0 at time BCid:  584 Orbit:      4 |T in BC(ns): 0.037 ROFrame= 37) cont.mode: 1 Min/Max ROFrames 36/37
[2122:ITSDigitizer]: [07:41:08][INFO] Filling ITS digits output for RO frames 36:36
[2122:ITSDigitizer]: ROF: 36 | 13035 entries starting from 1574297
[2122:ITSDigitizer]: BCid:    0 Orbit:      4
[2122:ITSDigitizer]: MCEventID: 13 ROFs: 36-37 Entry in ROFRecords: 36
[2122:ITSDigitizer]: [07:41:08][INFO] Added 13035 digits 
[2122:ITSDigitizer]: [07:41:08][INFO] Digitizing ITS hits of entry 16 from source 0 at time BCid: 1418 Orbit:      4 |T in BC(ns): -0.052 ROFrame= 39) cont.mode: 1 Min/Max ROFrames 37/38
[2122:ITSDigitizer]: [07:41:08][INFO] Filling ITS digits output for RO frames 37:38
[2122:ITSDigitizer]: ROF: 37 | 14138 entries starting from 1587332
[2122:ITSDigitizer]: BCid:  396 Orbit:      4
[2122:ITSDigitizer]: MCEventID: 15 ROFs: 37-38 Entry in ROFRecords: 37
[2122:ITSDigitizer]: ROF: 38 | 2416 entries starting from 1601470
[2122:ITSDigitizer]: BCid:  792 Orbit:      4
[2122:ITSDigitizer]: [07:41:08][INFO] Added 16554 digits 
[2122:ITSDigitizer]: [07:41:08][INFO] Digitizing ITS hits of entry 17 from source 0 at time BCid: 1562 Orbit:      4 |T in BC(ns): -0.194 ROFrame= 39) cont.mode: 1 Min/Max ROFrames 39/41
[2122:ITSDigitizer]: [07:41:08][INFO] Digitizing ITS hits of entry 18 from source 0 at time BCid: 2012 Orbit:      4 |T in BC(ns): -0.163 ROFrame= 41) cont.mode: 1 Min/Max ROFrames 39/41
[2122:ITSDigitizer]: [07:41:08][INFO] Filling ITS digits output for RO frames 39:40
[2122:ITSDigitizer]: ROF: 39 | 37944 entries starting from 1603886
[2122:ITSDigitizer]: BCid: 1188 Orbit:      4
[2122:ITSDigitizer]: MCEventID: 16 ROFs: 39-41 Entry in ROFRecords: 39
[2122:ITSDigitizer]: MCEventID: 17 ROFs: 39-41 Entry in ROFRecords: 39
[2122:ITSDigitizer]: ROF: 40 | 39874 entries starting from 1641830
[2122:ITSDigitizer]: BCid: 1584 Orbit:      4
[2122:ITSDigitizer]: [07:41:09][INFO] Added 77818 digits 
[2122:ITSDigitizer]: [07:41:09][INFO] Digitizing ITS hits of entry 19 from source 0 at time BCid: 2150 Orbit:      4 |T in BC(ns): 0.139 ROFrame= 41) cont.mode: 1 Min/Max ROFrames 41/42
[2122:ITSDigitizer]: [07:41:09][INFO] Filling ITS digits output for RO frames 41:42
[2122:ITSDigitizer]: ROF: 41 | 136995 entries starting from 1681704
[2122:ITSDigitizer]: BCid: 1980 Orbit:      4
[2122:ITSDigitizer]: MCEventID: 18 ROFs: 41-42 Entry in ROFRecords: 41
[2122:ITSDigitizer]: MCEventID: 19 ROFs: 41-42 Entry in ROFRecords: 41
[2122:ITSDigitizer]: ROF: 42 | 3739 entries starting from 1818699
[2122:ITSDigitizer]: BCid: 2376 Orbit:      4
[2122:ITSDigitizer]: [07:41:09][INFO] Added 140734 digits 
[2122:ITSDigitizer]: [07:41:09][INFO] ITS: Sending ROMode= 3 to GRPUpdater
[2122:ITSDigitizer]: [07:41:09][INFO] Digitization took 4.84s
[2124:ITSDigitWriter]: [07:41:09][INFO] WRITING 1832675 LABELS 
[2123:GRPUpdater]: [07:41:09][INFO] Updated GRP in o2sim_grp.root for detectors RO mode
[2123:GRPUpdater]: Run: 1621488957
[2123:GRPUpdater]: Fill:      0
[2123:GRPUpdater]: Period: 
[2123:GRPUpdater]: LHC State: 
[2123:GRPUpdater]: Start: Thu May 20 07:35:59 2021
[2123:GRPUpdater]: End  : Thu May 20 07:36:01 2021
[2123:GRPUpdater]: Beam0: Z:A =   0:  0, Energy = 0.000
[2123:GRPUpdater]: Beam1: Z:A =   0:  0, Energy = 0.000
[2123:GRPUpdater]: sqrt[s]    = 0.000
[2123:GRPUpdater]: crossing angle (radian) = 0.000000e+00
[2123:GRPUpdater]: magnet currents (A) L3 = -30000.000, Dipole = -6000
[2123:GRPUpdater]: Detectors: Cont.RO Triggers
[2123:GRPUpdater]:       ITS:    +       -    
[2124:ITSDigitWriter]: [07:41:09][INFO] RECEIVED DIGITS SIZE 1822438
[INFO] Quitting
[INFO] QUIT_REQUESTED
[2121:SimReader]: [07:41:10][INFO] Received device shutdown request (signal 15).
[2121:SimReader]: [07:41:10][INFO] Waiting for graceful device shutdown. Hit Ctrl-C again to abort immediately.
[2121:SimReader]: [07:41:10][STATE] RUNNING ---> READY
[2121:SimReader]: [07:41:10][STATE] READY ---> RESETTING TASK
[2121:SimReader]: [07:41:10][STATE] RESETTING TASK ---> DEVICE READY
[2121:SimReader]: [07:41:10][STATE] DEVICE READY ---> RESETTING DEVICE
[2121:SimReader]: [07:41:10][STATE] RESETTING DEVICE ---> IDLE
[2121:SimReader]: [07:41:10][STATE] IDLE ---> EXITING
[2121:SimReader]: [07:41:10][STATE] Exiting FairMQ state machine
[2122:ITSDigitizer]: [07:41:10][INFO] Received device shutdown request (signal 15).
[2122:ITSDigitizer]: [07:41:10][INFO] Waiting for graceful device shutdown. Hit Ctrl-C again to abort immediately.
[2124:ITSDigitWriter]: [07:41:10][INFO] Received device shutdown request (signal 15).
[2124:ITSDigitWriter]: [07:41:10][INFO] Waiting for graceful device shutdown. Hit Ctrl-C again to abort immediately.
[2123:GRPUpdater]: [07:41:10][INFO] Received device shutdown request (signal 15).
[2123:GRPUpdater]: [07:41:10][INFO] Waiting for graceful device shutdown. Hit Ctrl-C again to abort immediately.
[2120:internal-dpl-clock]: [07:41:10][INFO] Received device shutdown request (signal 15).
[2120:internal-dpl-clock]: [07:41:10][INFO] Waiting for graceful device shutdown. Hit Ctrl-C again to abort immediately.
[2120:internal-dpl-clock]: [07:41:10][STATE] RUNNING ---> READY
[2122:ITSDigitizer]: [07:41:10][STATE] RUNNING ---> READY
[2122:ITSDigitizer]: [07:41:10][STATE] READY ---> RESETTING TASK
[2122:ITSDigitizer]: [07:41:10][STATE] RESETTING TASK ---> DEVICE READY
[2122:ITSDigitizer]: [07:41:10][STATE] DEVICE READY ---> RESETTING DEVICE
[2123:GRPUpdater]: [07:41:10][STATE] RUNNING ---> READY
[2123:GRPUpdater]: [07:41:10][STATE] READY ---> RESETTING TASK
[2123:GRPUpdater]: [07:41:10][STATE] RESETTING TASK ---> DEVICE READY
[2123:GRPUpdater]: [07:41:10][STATE] DEVICE READY ---> RESETTING DEVICE
[2123:GRPUpdater]: [07:41:10][STATE] RESETTING DEVICE ---> IDLE
[2123:GRPUpdater]: [07:41:10][STATE] IDLE ---> EXITING
[2120:internal-dpl-clock]: [07:41:10][STATE] READY ---> RESETTING TASK
[2120:internal-dpl-clock]: [07:41:10][STATE] RESETTING TASK ---> DEVICE READY
[2123:GRPUpdater]: [07:41:10][STATE] Exiting FairMQ state machine
[2122:ITSDigitizer]: [07:41:10][STATE] RESETTING DEVICE ---> IDLE
[2120:internal-dpl-clock]: [07:41:10][STATE] DEVICE READY ---> RESETTING DEVICE
[2122:ITSDigitizer]: [07:41:10][STATE] IDLE ---> EXITING
[2120:internal-dpl-clock]: [07:41:10][STATE] RESETTING DEVICE ---> IDLE
[2120:internal-dpl-clock]: [07:41:10][STATE] IDLE ---> EXITING
[2120:internal-dpl-clock]: [07:41:10][STATE] Exiting FairMQ state machine
[2122:ITSDigitizer]: [07:41:10][STATE] Exiting FairMQ state machine
[2124:ITSDigitWriter]: [07:41:12][STATE] RUNNING ---> READY
[2124:ITSDigitWriter]: [07:41:12][STATE] READY ---> RESETTING TASK
[2124:ITSDigitWriter]: [07:41:12][STATE] RESETTING TASK ---> DEVICE READY
[2124:ITSDigitWriter]: [07:41:12][STATE] DEVICE READY ---> RESETTING DEVICE
[2124:ITSDigitWriter]: Cleaning up for shared memory id '9a79b5e0'...
[2124:ITSDigitWriter]: No region counter found. No regions to cleanup.
[2124:ITSDigitWriter]: Successfully removed 'fmq_9a79b5e0_m_0'.
[2124:ITSDigitWriter]: Successfully removed 'fmq_9a79b5e0_mng'.
[2124:ITSDigitWriter]: Successfully removed 'fmq_9a79b5e0_mtx'.
[2124:ITSDigitWriter]: Successfully removed 'fmq_9a79b5e0_cv'.
[2124:ITSDigitWriter]: [07:41:12][STATE] RESETTING DEVICE ---> IDLE
[2124:ITSDigitWriter]: [07:41:12][STATE] IDLE ---> EXITING
[2124:ITSDigitWriter]: [07:41:12][STATE] Exiting FairMQ state machine
[INFO] Dumping used configuration in dpl-config.json

==============================================================================================
3. Tracking
[INFO] Initialising O2 Data Processing Layer
[INFO] O2 Data Processing Layer initialised. We brake for nobody.
[INFO] Optimised build. O2DEBUG / LOG(DEBUG) / LOGF(DEBUG) / assert statement will not be shown.
[INFO] Redeployment of configuration asked.
[INFO] Starting internal-dpl-clock on pid 3203
[INFO] Starting its-digit-reader on pid 3204
[INFO] Starting its-clusterer on pid 3205
[INFO] Starting its-cluster-writer on pid 3206
[INFO] Starting its-tracker on pid 3207
[INFO] Starting its-track-writer on pid 3208
[INFO] Redeployment of configuration done.
[3207:its-tracker]: [INFO] Spawing new device its-tracker in process with pid 3207
[3208:its-track-writer]: [INFO] Spawing new device its-track-writer in process with pid 3208
[3207:its-tracker]: [07:44:16][INFO] 
[3207:its-tracker]:       ______      _    _______  _________ 
[3207:its-tracker]:      / ____/___ _(_)_______   |/  /_  __ \    version 1.4.29
[3207:its-tracker]:     / /_  / __ `/ / ___/__  /|_/ /_  / / /    build RELWITHDEBINFO
[3207:its-tracker]:    / __/ / /_/ / / /    _  /  / / / /_/ /     https://github.com/FairRootGroup/FairMQ
[3207:its-tracker]:   /_/    \__,_/_/_/     /_/  /_/  \___\_\     LGPL-3.0  © 2012-2020 GSI
[3207:its-tracker]: 
[3208:its-track-writer]: [07:44:16][INFO] 
[3208:its-track-writer]:       ______      _    _______  _________ 
[3208:its-track-writer]:      / ____/___ _(_)_______   |/  /_  __ \    version 1.4.29
[3208:its-track-writer]:     / /_  / __ `/ / ___/__  /|_/ /_  / / /    build RELWITHDEBINFO
[3208:its-track-writer]:    / __/ / /_/ / / /    _  /  / / / /_/ /     https://github.com/FairRootGroup/FairMQ
[3208:its-track-writer]:   /_/    \__,_/_/_/     /_/  /_/  \___\_\     LGPL-3.0  © 2012-2020 GSI
[3208:its-track-writer]: 
[3207:its-tracker]: [07:44:16][STATE] Starting FairMQ state machine --> IDLE
[3208:its-track-writer]: [07:44:16][STATE] Starting FairMQ state machine --> IDLE
[3207:its-tracker]: 2021-05-20 07:44:16	Monitoring	[0;49mStdOut backend initialized[0m
[3208:its-track-writer]: 2021-05-20 07:44:16	Monitoring	[0;49mStdOut backend initialized[0m
[3207:its-tracker]: [07:44:16][STATE] IDLE ---> INITIALIZING DEVICE
[3203:internal-dpl-clock]: [INFO] Spawing new device internal-dpl-clock in process with pid 3203
[3205:its-clusterer]: [INFO] Spawing new device its-clusterer in process with pid 3205
[3205:its-clusterer]: [07:44:16][INFO] 
[3205:its-clusterer]:       ______      _    _______  _________ 
[3205:its-clusterer]:      / ____/___ _(_)_______   |/  /_  __ \    version 1.4.29
[3205:its-clusterer]:     / /_  / __ `/ / ___/__  /|_/ /_  / / /    build RELWITHDEBINFO
[3205:its-clusterer]:    / __/ / /_/ / / /    _  /  / / / /_/ /     https://github.com/FairRootGroup/FairMQ
[3205:its-clusterer]:   /_/    \__,_/_/_/     /_/  /_/  \___\_\     LGPL-3.0  © 2012-2020 GSI
[3205:its-clusterer]: 
[3205:its-clusterer]: [07:44:16][STATE] Starting FairMQ state machine --> IDLE
[3205:its-clusterer]: 2021-05-20 07:44:16	Monitoring	[0;49mStdOut backend initialized[0m
[3205:its-clusterer]: [07:44:16][STATE] IDLE ---> INITIALIZING DEVICE
[3206:its-cluster-writer]: [INFO] Spawing new device its-cluster-writer in process with pid 3206
[3207:its-tracker]: 2021-05-20 07:44:16	Monitoring	[0;49mBuffering enabled (100)[0m
[3207:its-tracker]: [07:44:16][INFO] Created GPUReconstruction instance for device type CPU (1) 
[3208:its-track-writer]: [07:44:16][STATE] IDLE ---> INITIALIZING DEVICE
[3203:internal-dpl-clock]: [07:44:16][INFO] 
[3203:internal-dpl-clock]:       ______      _    _______  _________ 
[3203:internal-dpl-clock]:      / ____/___ _(_)_______   |/  /_  __ \    version 1.4.29
[3203:internal-dpl-clock]:     / /_  / __ `/ / ___/__  /|_/ /_  / / /    build RELWITHDEBINFO
[3203:internal-dpl-clock]:    / __/ / /_/ / / /    _  /  / / / /_/ /     https://github.com/FairRootGroup/FairMQ
[3203:internal-dpl-clock]:   /_/    \__,_/_/_/     /_/  /_/  \___\_\     LGPL-3.0  © 2012-2020 GSI
[3203:internal-dpl-clock]: 
[3203:internal-dpl-clock]: [07:44:16][STATE] Starting FairMQ state machine --> IDLE
[3203:internal-dpl-clock]: 2021-05-20 07:44:16	Monitoring	[0;49mStdOut backend initialized[0m
[3203:internal-dpl-clock]: [07:44:16][STATE] IDLE ---> INITIALIZING DEVICE
[3206:its-cluster-writer]: [07:44:16][INFO] 
[3206:its-cluster-writer]:       ______      _    _______  _________ 
[3206:its-cluster-writer]:      / ____/___ _(_)_______   |/  /_  __ \    version 1.4.29
[3206:its-cluster-writer]:     / /_  / __ `/ / ___/__  /|_/ /_  / / /    build RELWITHDEBINFO
[3206:its-cluster-writer]:    / __/ / /_/ / / /    _  /  / / / /_/ /     https://github.com/FairRootGroup/FairMQ
[3206:its-cluster-writer]:   /_/    \__,_/_/_/     /_/  /_/  \___\_\     LGPL-3.0  © 2012-2020 GSI
[3206:its-cluster-writer]: 
[3206:its-cluster-writer]: [07:44:16][STATE] Starting FairMQ state machine --> IDLE
[3206:its-cluster-writer]: 2021-05-20 07:44:16	Monitoring	[0;49mStdOut backend initialized[0m
[3206:its-cluster-writer]: [07:44:16][STATE] IDLE ---> INITIALIZING DEVICE
[3203:internal-dpl-clock]: 2021-05-20 07:44:16	Monitoring	[0;49mBuffering enabled (100)[0m
[3203:internal-dpl-clock]: [07:44:16][STATE] INITIALIZING DEVICE ---> INITIALIZED
[3203:internal-dpl-clock]: [07:44:16][STATE] INITIALIZED ---> BINDING
[3203:internal-dpl-clock]: [07:44:16][STATE] BINDING ---> BOUND
[3203:internal-dpl-clock]: [07:44:16][STATE] BOUND ---> CONNECTING
[3203:internal-dpl-clock]: [07:44:16][STATE] CONNECTING ---> DEVICE READY
[3203:internal-dpl-clock]: [07:44:16][STATE] DEVICE READY ---> INITIALIZING TASK
[3203:internal-dpl-clock]: [07:44:16][STATE] INITIALIZING TASK ---> READY
[3203:internal-dpl-clock]: [07:44:16][STATE] READY ---> RUNNING
[3203:internal-dpl-clock]: [07:44:16][INFO] DEVICE: Running...
[3204:its-digit-reader]: [INFO] Spawing new device its-digit-reader in process with pid 3204
[3205:its-clusterer]: 2021-05-20 07:44:16	Monitoring	[0;49mBuffering enabled (100)[0m
[3204:its-digit-reader]: [07:44:16][INFO] 
[3204:its-digit-reader]:       ______      _    _______  _________ 
[3204:its-digit-reader]:      / ____/___ _(_)_______   |/  /_  __ \    version 1.4.29
[3204:its-digit-reader]:     / /_  / __ `/ / ___/__  /|_/ /_  / / /    build RELWITHDEBINFO
[3204:its-digit-reader]:    / __/ / /_/ / / /    _  /  / / / /_/ /     https://github.com/FairRootGroup/FairMQ
[3204:its-digit-reader]:   /_/    \__,_/_/_/     /_/  /_/  \___\_\     LGPL-3.0  © 2012-2020 GSI
[3204:its-digit-reader]: 
[3204:its-digit-reader]: [07:44:16][STATE] Starting FairMQ state machine --> IDLE
[3204:its-digit-reader]: 2021-05-20 07:44:16	Monitoring	[0;49mStdOut backend initialized[0m
[3204:its-digit-reader]: [07:44:16][STATE] IDLE ---> INITIALIZING DEVICE
[3205:its-clusterer]: [07:44:16][INFO] Dictionary ITSdictionary.bin is absent, ITSClusterer expects cluster patterns
[3205:its-clusterer]: [07:44:16][INFO] Clusterizer masks overflow pixels separated by < 406 BC and <= 0 in row/col
[3205:its-clusterer]: [07:44:16][INFO] Inclusive clusterization timing (w/o disk IO): Cpu: 0 Real: 0 s in 1 slots
[3205:its-clusterer]: [07:44:16][INFO] Threads output merging timing                : Cpu: 0 Real: 0 s in 1 slots
[3205:its-clusterer]: [07:44:16][STATE] INITIALIZING DEVICE ---> INITIALIZED
[3205:its-clusterer]: [07:44:16][STATE] INITIALIZED ---> BINDING
[3205:its-clusterer]: [07:44:16][STATE] BINDING ---> BOUND
[3205:its-clusterer]: [07:44:16][STATE] BOUND ---> CONNECTING
[3205:its-clusterer]: [07:44:16][STATE] CONNECTING ---> DEVICE READY
[3205:its-clusterer]: [07:44:16][STATE] DEVICE READY ---> INITIALIZING TASK
[3205:its-clusterer]: [07:44:16][STATE] INITIALIZING TASK ---> READY
[3205:its-clusterer]: [07:44:16][STATE] READY ---> RUNNING
[3205:its-clusterer]: [07:44:16][INFO] DEVICE: Running...
[3204:its-digit-reader]: 2021-05-20 07:44:16	Monitoring	[0;49mBuffering enabled (100)[0m
[3208:its-track-writer]: 2021-05-20 07:44:16	Monitoring	[0;49mBuffering enabled (100)[0m
[3208:its-track-writer]: [07:44:16][INFO] 0: branch  ITSTrack set up
[3208:its-track-writer]: [07:44:16][INFO] 1: branch  ITSTrackClusIdx set up
[3208:its-track-writer]: [07:44:16][INFO] 2: branch  Vertices set up
[3208:its-track-writer]: [07:44:16][INFO] 3: branch  VerticesROF set up
[3208:its-track-writer]: [07:44:16][INFO] 4: branch  ITSTracksROF set up
[3208:its-track-writer]: [07:44:16][INFO] 5: branch  ITSTrackMCTruth set up
[3208:its-track-writer]: [07:44:16][INFO] 6: branch  ITSTracksMC2ROF set up
[3208:its-track-writer]: [07:44:16][STATE] INITIALIZING DEVICE ---> INITIALIZED
[3208:its-track-writer]: [07:44:16][STATE] INITIALIZED ---> BINDING
[3208:its-track-writer]: [07:44:16][STATE] BINDING ---> BOUND
[3208:its-track-writer]: [07:44:16][STATE] BOUND ---> CONNECTING
[3208:its-track-writer]: [07:44:16][STATE] CONNECTING ---> DEVICE READY
[3208:its-track-writer]: [07:44:16][STATE] DEVICE READY ---> INITIALIZING TASK
[3208:its-track-writer]: [07:44:16][STATE] INITIALIZING TASK ---> READY
[3208:its-track-writer]: [07:44:16][STATE] READY ---> RUNNING
[3208:its-track-writer]: [07:44:16][INFO] DEVICE: Running...
[3204:its-digit-reader]: [07:44:16][STATE] INITIALIZING DEVICE ---> INITIALIZED
[3204:its-digit-reader]: [07:44:16][STATE] INITIALIZED ---> BINDING
[3204:its-digit-reader]: [07:44:16][STATE] BINDING ---> BOUND
[3204:its-digit-reader]: [07:44:16][STATE] BOUND ---> CONNECTING
[3204:its-digit-reader]: [07:44:16][STATE] CONNECTING ---> DEVICE READY
[3204:its-digit-reader]: [07:44:16][STATE] DEVICE READY ---> INITIALIZING TASK
[3204:its-digit-reader]: [07:44:16][STATE] INITIALIZING TASK ---> READY
[3204:its-digit-reader]: [07:44:16][STATE] READY ---> RUNNING
[3204:its-digit-reader]: [07:44:16][INFO] DEVICE: Running...
[3206:its-cluster-writer]: 2021-05-20 07:44:16	Monitoring	[0;49mBuffering enabled (100)[0m
[3206:its-cluster-writer]: [07:44:16][INFO] 0: branch  ITSClusterComp set up
[3206:its-cluster-writer]: [07:44:16][INFO] 1: branch  ITSClusterPatt set up
[3206:its-cluster-writer]: [07:44:16][INFO] 2: branch  ITSClustersROF set up
[3206:its-cluster-writer]: [07:44:16][INFO] 3: branch  ITSClusterMCTruth set up
[3206:its-cluster-writer]: [07:44:16][INFO] 4: branch  ITSClustersMC2ROF set up
[3206:its-cluster-writer]: [07:44:16][STATE] INITIALIZING DEVICE ---> INITIALIZED
[3206:its-cluster-writer]: [07:44:16][STATE] INITIALIZED ---> BINDING
[3206:its-cluster-writer]: [07:44:16][STATE] BINDING ---> BOUND
[3206:its-cluster-writer]: [07:44:16][STATE] BOUND ---> CONNECTING
[3206:its-cluster-writer]: [07:44:16][STATE] CONNECTING ---> DEVICE READY
[3206:its-cluster-writer]: [07:44:16][STATE] DEVICE READY ---> INITIALIZING TASK
[3206:its-cluster-writer]: [07:44:16][STATE] INITIALIZING TASK ---> READY
[3206:its-cluster-writer]: [07:44:16][STATE] READY ---> RUNNING
[3206:its-cluster-writer]: [07:44:16][INFO] DEVICE: Running...
[3207:its-tracker]: [07:44:16][INFO] MagneticField::Print: MagneticFieldMap:
[3207:its-tracker]: [07:44:16][INFO] MagneticField::Print: Solenoid (-1*)5 kG, Dipole ON (-1) 
[3207:its-tracker]: [07:44:16][INFO] MagneticField::Print: Machine B fields for p-p  beam (7000 GeV): QGrad: 22.0002 Dipole: 37.8781
[3207:its-tracker]: [07:44:16][INFO] MagneticField::Print: Uses Sol30_Dip6_Hole  of /cvmfs/alice.cern.ch/el7-x86_64/Packages/O2/nightly-20210129-1/share/Common/maps/mfchebKGI_sym.root
[3207:its-tracker]: Info in <TGeoGlobalMagField::SetField>: Global magnetic field set to <MagneticFieldMap>
[3207:its-tracker]: Info in <TGeoGlobalMagField::Lock>: Global magnetic field <MagneticFieldMap> is now locked
[3207:its-tracker]: [07:44:16][INFO] Loading geometry FAIRGeom from o2sim_geometry.root
[3207:its-tracker]: Info in <TGeoManager::CloseGeometry>: Geometry loaded from file...
[3207:its-tracker]: Info in <TGeoManager::SetTopVolume>: Top volume is cave. Master volume is cave
[3207:its-tracker]: Info in <TGeoNavigator::BuildCache>: --- Maximum geometry depth set to 100
[3207:its-tracker]: Info in <TGeoManager::CloseGeometry>: Voxelization retrieved from file
[3207:its-tracker]: Info in <TGeoManager::CountLevels>: max level = 9, max placements = 126
[3207:its-tracker]: Info in <TGeoManager::CloseGeometry>: 179840 nodes/ 399 volume UID's in FAIR geometry
[3207:its-tracker]: Info in <TGeoManager::CloseGeometry>: ----------------modeler ready----------------
[3207:its-tracker]: [07:44:17][INFO] Loading ITS T2L matrices from TGeo
[3204:its-digit-reader]: [07:44:18][INFO] ITSDigitReader pushed 1822438 digits, in 43 RO frames
[3207:its-tracker]: [07:44:18][WARN] It is faster to use 2D rotation for T2G instead of full Transform3D matrices
[3207:its-tracker]: [07:44:18][INFO] Loading ITS T2G matrices from TGeo
[3205:its-clusterer]: [07:44:18][INFO] ITSClusterer pulled 1822438 digits, in 43 RO frames
[3205:its-clusterer]: [07:44:18][INFO] ITSClusterer pulled 1832675 labels 
[3207:its-tracker]: [07:44:18][INFO] Loading ITS T2G rotation 2D matrices
[3207:its-tracker]: [07:44:18][INFO] Initializing tracker in sync. phase reconstruction with 1 passes
[3207:its-tracker]: [07:44:18][INFO] Not using lookup table for material budget approximation
[3207:its-tracker]: [07:44:18][INFO] Dictionary ITSdictionary.bin is absent, Tracker expects cluster patterns
[3207:its-tracker]: [07:44:18][STATE] INITIALIZING DEVICE ---> INITIALIZED
[3207:its-tracker]: [07:44:18][STATE] INITIALIZED ---> BINDING
[3207:its-tracker]: [07:44:18][STATE] BINDING ---> BOUND
[3207:its-tracker]: [07:44:18][STATE] BOUND ---> CONNECTING
[3207:its-tracker]: [07:44:18][STATE] CONNECTING ---> DEVICE READY
[3207:its-tracker]: [07:44:18][STATE] DEVICE READY ---> INITIALIZING TASK
[3207:its-tracker]: [07:44:18][STATE] INITIALIZING TASK ---> READY
[3207:its-tracker]: [07:44:18][STATE] READY ---> RUNNING
[3207:its-tracker]: [07:44:18][INFO] DEVICE: Running...
[3205:its-clusterer]: [07:44:18][INFO] ITSClusterer pushed 321293 clusters, in 43 RO frames
[3206:its-cluster-writer]: [07:44:18][INFO] ITSClusterWriter pulled 321293 clusters, in 43 RO frames
[3207:its-tracker]: [07:44:19][INFO] ITSTracker pulled 321293 clusters, 43 RO frames
[3207:its-tracker]: [07:44:19][INFO] 321293 MC label objects , in 20 MC events
[3207:its-tracker]: [07:44:19][INFO] ITSTracker RO: continuous=1
[3207:its-tracker]: [07:44:19][INFO] Loading ITS L2G matrices from TGeo
[3207:its-tracker]: [07:44:19][INFO] ROframe: 0, clusters loaded : 1283
[3207:its-tracker]:  - Vertexer initialisation completed in: 0.191881 ms
[3207:its-tracker]:  - Tracklet finding completed in: 0.008367 ms
[3207:its-tracker]:  - Adjacent tracklets validation completed in: 0.005215 ms
[3207:its-tracker]:  - Vertex finding completed in: 0.009781 ms
[3207:its-tracker]: [07:44:19][INFO] Found tracks: 0
[3207:its-tracker]: [07:44:19][INFO] ROframe: 1, clusters loaded : 1267
[3207:its-tracker]:  - Vertexer initialisation completed in: 0.193279 ms
[3207:its-tracker]:  - Tracklet finding completed in: 0.026653 ms
[3207:its-tracker]:  - Adjacent tracklets validation completed in: 0.00041 ms
[3207:its-tracker]:  - Vertex finding completed in: 0.000443 ms
[3207:its-tracker]: [07:44:19][INFO] Found tracks: 0
[3207:its-tracker]: [07:44:19][INFO] ROframe: 2, clusters loaded : 1323
[3207:its-tracker]:  - Vertexer initialisation completed in: 0.190263 ms
[3207:its-tracker]:  - Tracklet finding completed in: 0.001643 ms
[3207:its-tracker]:  - Adjacent tracklets validation completed in: 0.000336 ms
[3207:its-tracker]:  - Vertex finding completed in: 0.00038 ms
[3207:its-tracker]: [07:44:19][INFO] Found tracks: 0
[3207:its-tracker]: [07:44:19][INFO] ROframe: 3, clusters loaded : 1229
[3207:its-tracker]:  - Vertexer initialisation completed in: 0.213624 ms
[3207:its-tracker]:  - Tracklet finding completed in: 0.00144 ms
[3207:its-tracker]:  - Adjacent tracklets validation completed in: 0.000289 ms
[3207:its-tracker]:  - Vertex finding completed in: 0.000315 ms
[3207:its-tracker]: [07:44:19][INFO] Found tracks: 0
[3207:its-tracker]: [07:44:19][INFO] ROframe: 4, clusters loaded : 1245
[3207:its-tracker]:  - Vertexer initialisation completed in: 0.191824 ms
[3207:its-tracker]:  - Tracklet finding completed in: 0.00135 ms
[3207:its-tracker]:  - Adjacent tracklets validation completed in: 0.000189 ms
[3207:its-tracker]:  - Vertex finding completed in: 0.0003 ms
[3207:its-tracker]: [07:44:19][INFO] Found tracks: 0
[3207:its-tracker]: [07:44:19][INFO] ROframe: 5, clusters loaded : 1248
[3207:its-tracker]:  - Vertexer initialisation completed in: 0.2058 ms
[3207:its-tracker]:  - Tracklet finding completed in: 0.001167 ms
[3207:its-tracker]:  - Adjacent tracklets validation completed in: 0.000279 ms
[3207:its-tracker]:  - Vertex finding completed in: 0.000363 ms
[3207:its-tracker]: [07:44:19][INFO] Found tracks: 0
[3207:its-tracker]: [07:44:19][INFO] ROframe: 6, clusters loaded : 1259
[3207:its-tracker]:  - Vertexer initialisation completed in: 0.195169 ms
[3207:its-tracker]:  - Tracklet finding completed in: 0.001867 ms
[3207:its-tracker]:  - Adjacent tracklets validation completed in: 0.000406 ms
[3207:its-tracker]:  - Vertex finding completed in: 0.000424 ms
[3207:its-tracker]: [07:44:19][INFO] Found tracks: 0
[3207:its-tracker]: [07:44:19][INFO] ROframe: 7, clusters loaded : 1258
[3207:its-tracker]:  - Vertexer initialisation completed in: 0.199716 ms
[3207:its-tracker]:  - Tracklet finding completed in: 0.001393 ms
[3207:its-tracker]:  - Adjacent tracklets validation completed in: 0.000256 ms
[3207:its-tracker]:  - Vertex finding completed in: 0.000321 ms
[3207:its-tracker]: [07:44:19][INFO] Found tracks: 0
[3207:its-tracker]: [07:44:19][INFO] ROframe: 8, clusters loaded : 1247
[3207:its-tracker]:  - Vertexer initialisation completed in: 0.179741 ms
[3207:its-tracker]:  - Tracklet finding completed in: 0.004216 ms
[3207:its-tracker]:  - Adjacent tracklets validation completed in: 0.000403 ms
[3207:its-tracker]:  - Vertex finding completed in: 0.000323 ms
[3207:its-tracker]: [07:44:19][INFO] Found tracks: 0
[3207:its-tracker]: [07:44:19][INFO] ROframe: 9, clusters loaded : 1249
[3207:its-tracker]:  - Vertexer initialisation completed in: 0.161151 ms
[3207:its-tracker]:  - Tracklet finding completed in: 0.001567 ms
[3207:its-tracker]:  - Adjacent tracklets validation completed in: 0.000328 ms
[3207:its-tracker]:  - Vertex finding completed in: 0.000311 ms
[3207:its-tracker]: [07:44:19][INFO] Found tracks: 0
[3207:its-tracker]: [07:44:19][INFO] ROframe: 10, clusters loaded : 1258
[3207:its-tracker]:  - Vertexer initialisation completed in: 0.115429 ms
[3207:its-tracker]:  - Tracklet finding completed in: 0.000878 ms
[3207:its-tracker]:  - Adjacent tracklets validation completed in: 0.000163 ms
[3207:its-tracker]:  - Vertex finding completed in: 0.000241 ms
[3207:its-tracker]: [07:44:19][INFO] Found tracks: 0
[3207:its-tracker]: [07:44:19][INFO] ROframe: 11, clusters loaded : 8533
[3207:its-tracker]:  - Vertexer initialisation completed in: 0.53261 ms
[3207:its-tracker]:  - Tracklet finding completed in: 0.589802 ms
[3207:its-tracker]:  - Adjacent tracklets validation completed in: 0.103063 ms
[3207:its-tracker]:  - Vertex finding completed in: 0.110528 ms
[3207:its-tracker]: 		Found vertex with:    394 contributors
[3207:its-tracker]:  - Context initialisation completed in: 2.41043 ms
[3207:its-tracker]:  - Tracklet finding completed in: 1.69779 ms
[3207:its-tracker]:  - Cell finding completed in: 0.61604 ms
[3207:its-tracker]:  - Neighbour finding completed in: 0.199308 ms
[3207:its-tracker]:  - Road finding completed in: 0.158141 ms
[3207:its-tracker]:  - Track finding completed in: 4.53699 ms
[3207:its-tracker]:  - Vertex processing completed in: 9.6187ms
[3207:its-tracker]:  - Context initialisation completed in: 0.066674 ms
[3207:its-tracker]:  - Tracklet finding completed in: 1.32182 ms
[3207:its-tracker]:  - Cell finding completed in: 0.242232 ms
[3207:its-tracker]:  - Neighbour finding completed in: 0.064464 ms
[3207:its-tracker]:  - Road finding completed in: 0.000754 ms
[3207:its-tracker]:  - Track finding completed in: 0.000341 ms
[3207:its-tracker]:  - Vertex processing completed in: 1.69628ms
[3207:its-tracker]: [07:44:19][INFO] Found tracks: 319
[3207:its-tracker]: [07:44:19][INFO] ROframe: 12, clusters loaded : 1251
[3207:its-tracker]:  - Vertexer initialisation completed in: 0.22246 ms
[3207:its-tracker]:  - Tracklet finding completed in: 0.002638 ms
[3207:its-tracker]:  - Adjacent tracklets validation completed in: 0.000828 ms
[3207:its-tracker]:  - Vertex finding completed in: 0.00087 ms
[3207:its-tracker]: [07:44:19][INFO] Found tracks: 0
[3207:its-tracker]: [07:44:19][INFO] ROframe: 13, clusters loaded : 10952
[3207:its-tracker]:  - Vertexer initialisation completed in: 0.471789 ms
[3207:its-tracker]:  - Tracklet finding completed in: 0.748671 ms
[3207:its-tracker]:  - Adjacent tracklets validation completed in: 0.144617 ms
[3207:its-tracker]:  - Vertex finding completed in: 0.094624 ms
[3207:its-tracker]: 		Found vertex with:    502 contributors
[3207:its-tracker]:  - Context initialisation completed in: 1.88717 ms
[3207:its-tracker]:  - Tracklet finding completed in: 2.45198 ms
[3207:its-tracker]:  - Cell finding completed in: 0.798071 ms
[3207:its-tracker]:  - Neighbour finding completed in: 0.257534 ms
[3207:its-tracker]:  - Road finding completed in: 0.069176 ms
[3207:its-tracker]:  - Track finding completed in: 5.43676 ms
[3207:its-tracker]:  - Vertex processing completed in: 10.9007ms
[3207:its-tracker]:  - Context initialisation completed in: 0.137071 ms
[3207:its-tracker]:  - Tracklet finding completed in: 2.15001 ms
[3207:its-tracker]:  - Cell finding completed in: 0.260809 ms
[3207:its-tracker]:  - Neighbour finding completed in: 0.054252 ms
[3207:its-tracker]:  - Road finding completed in: 0.000587 ms
[3207:its-tracker]:  - Track finding completed in: 0.000302 ms
[3207:its-tracker]:  - Vertex processing completed in: 2.60303ms
[3207:its-tracker]: [07:44:19][INFO] Found tracks: 464
[3207:its-tracker]: [07:44:19][INFO] ROframe: 14, clusters loaded : 1461
[3207:its-tracker]:  - Vertexer initialisation completed in: 0.129374 ms
[3207:its-tracker]:  - Tracklet finding completed in: 0.007542 ms
[3207:its-tracker]:  - Adjacent tracklets validation completed in: 0.001369 ms
[3207:its-tracker]:  - Vertex finding completed in: 0.004277 ms
[3207:its-tracker]: 		Found vertex with:      2 contributors
[3207:its-tracker]:  - Context initialisation completed in: 1.06391 ms
[3207:its-tracker]:  - Tracklet finding completed in: 0.114931 ms
[3207:its-tracker]:  - Cell finding completed in: 0.005631 ms
[3207:its-tracker]:  - Neighbour finding completed in: 0.003222 ms
[3207:its-tracker]:  - Road finding completed in: 0.00148 ms
[3207:its-tracker]:  - Track finding completed in: 0.039224 ms
[3207:its-tracker]:  - Vertex processing completed in: 1.2284ms
[3207:its-tracker]:  - Context initialisation completed in: 0.002895 ms
[3207:its-tracker]:  - Tracklet finding completed in: 0.118328 ms
[3207:its-tracker]:  - Cell finding completed in: 0.004014 ms
[3207:its-tracker]:  - Neighbour finding completed in: 0.00169 ms
[3207:its-tracker]:  - Road finding completed in: 0.000115 ms
[3207:its-tracker]:  - Track finding completed in: 0.000192 ms
[3207:its-tracker]:  - Vertex processing completed in: 0.127234ms
[3207:its-tracker]: [07:44:19][INFO] Found tracks: 4
[3207:its-tracker]: [07:44:19][INFO] ROframe: 15, clusters loaded : 1252
[3207:its-tracker]:  - Vertexer initialisation completed in: 0.119238 ms
[3207:its-tracker]:  - Tracklet finding completed in: 0.001081 ms
[3207:its-tracker]:  - Adjacent tracklets validation completed in: 0.000302 ms
[3207:its-tracker]:  - Vertex finding completed in: 0.000272 ms
[3207:its-tracker]: [07:44:19][INFO] Found tracks: 0
[3207:its-tracker]: [07:44:19][INFO] ROframe: 16, clusters loaded : 1284
[3207:its-tracker]:  - Vertexer initialisation completed in: 0.14216 ms
[3207:its-tracker]:  - Tracklet finding completed in: 0.001478 ms
[3207:its-tracker]:  - Adjacent tracklets validation completed in: 0.000163 ms
[3207:its-tracker]:  - Vertex finding completed in: 0.000243 ms
[3207:its-tracker]: [07:44:19][INFO] Found tracks: 0
[3207:its-tracker]: [07:44:19][INFO] ROframe: 17, clusters loaded : 1287
[3207:its-tracker]:  - Vertexer initialisation completed in: 0.119252 ms
[3207:its-tracker]:  - Tracklet finding completed in: 0.00123 ms
[3207:its-tracker]:  - Adjacent tracklets validation completed in: 0.000239 ms
[3207:its-tracker]:  - Vertex finding completed in: 0.000266 ms
[3207:its-tracker]: [07:44:19][INFO] Found tracks: 0
[3207:its-tracker]: [07:44:19][INFO] ROframe: 18, clusters loaded : 90217
[3207:its-tracker]:  - Vertexer initialisation completed in: 5.44794 ms
[3207:its-tracker]:  - Tracklet finding completed in: 47.4125 ms
[3207:its-tracker]:  - Adjacent tracklets validation completed in: 19.0405 ms
[3207:its-tracker]:  - Vertex finding completed in: 1.97821 ms
[3207:its-tracker]: 		Found vertex with:   3576 contributors
[3207:its-tracker]: 		Found vertex with:   1237 contributors
[3207:its-tracker]: 		Found vertex with:     36 contributors
[3207:its-tracker]:  - Context initialisation completed in: 5.35609 ms
[3207:its-tracker]:  - Tracklet finding completed in: 74.7124 ms
[3207:its-tracker]:  - Cell finding completed in: 64.2615 ms
[3207:its-tracker]:  - Neighbour finding completed in: 4.0088 ms
[3207:its-tracker]:  - Road finding completed in: 1.58439 ms
[3207:its-tracker]:  - Track finding completed in: 54.1404 ms
[3207:its-tracker]:  - Vertex processing completed in: 204.064ms
[3207:its-tracker]:  - Context initialisation completed in: 1.55807 ms
[3207:its-tracker]:  - Tracklet finding completed in: 60.2919 ms
[3207:its-tracker]:  - Cell finding completed in: 25.9959 ms
[3207:its-tracker]:  - Neighbour finding completed in: 1.3508 ms
[3207:its-tracker]:  - Road finding completed in: 0.366734 ms
[3207:its-tracker]:  - Track finding completed in: 19.4591 ms
[3207:its-tracker]:  - Vertex processing completed in: 109.023ms
[3207:its-tracker]:  - Context initialisation completed in: 0.664883 ms
[3207:its-tracker]:  - Tracklet finding completed in: 37.1347 ms
[3207:its-tracker]:  - Cell finding completed in: 10.086 ms
[3207:its-tracker]:  - Neighbour finding completed in: 0.039546 ms
[3207:its-tracker]:  - Road finding completed in: 0.007057 ms
[3207:its-tracker]:  - Track finding completed in: 1.29341 ms
[3207:its-tracker]:  - Vertex processing completed in: 49.2255ms
[3207:its-tracker]:  - Context initialisation completed in: 0.381399 ms
[3207:its-tracker]:  - Tracklet finding completed in: 41.4963 ms
[3207:its-tracker]:  - Cell finding completed in: 20.7155 ms
[3207:its-tracker]:  - Neighbour finding completed in: 1.03123 ms
[3207:its-tracker]:  - Road finding completed in: 0.004614 ms
[3207:its-tracker]:  - Track finding completed in: 0.000823 ms
[3207:its-tracker]:  - Vertex processing completed in: 63.6299ms
[3207:its-tracker]:  - Context initialisation completed in: 0.816189 ms
[3207:its-tracker]:  - Tracklet finding completed in: 53.3424 ms
[3207:its-tracker]:  - Cell finding completed in: 16.5035 ms
[3207:its-tracker]:  - Neighbour finding completed in: 0.476169 ms
[3207:its-tracker]:  - Road finding completed in: 0.002352 ms
[3207:its-tracker]:  - Track finding completed in: 0.00069 ms
[3207:its-tracker]:  - Vertex processing completed in: 71.1412ms
[3207:its-tracker]:  - Context initialisation completed in: 0.569383 ms
[3207:its-tracker]:  - Tracklet finding completed in: 52.1036 ms
[3207:its-tracker]:  - Cell finding completed in: 14.5178 ms
[3207:its-tracker]:  - Neighbour finding completed in: 0.036362 ms
[3207:its-tracker]:  - Road finding completed in: 0.00099 ms
[3207:its-tracker]:  - Track finding completed in: 0.00057 ms
[3207:its-tracker]:  - Vertex processing completed in: 67.2287ms
[3207:its-tracker]: [07:44:19][INFO] Found tracks: 4071
[3207:its-tracker]: [07:44:19][INFO] ROframe: 19, clusters loaded : 47415
[3207:its-tracker]:  - Vertexer initialisation completed in: 3.40273 ms
[3207:its-tracker]:  - Tracklet finding completed in: 15.0127 ms
[3207:its-tracker]:  - Adjacent tracklets validation completed in: 5.98203 ms
[3207:its-tracker]:  - Vertex finding completed in: 0.370428 ms
[3207:its-tracker]: 		Found vertex with:    766 contributors
[3207:its-tracker]: 		Found vertex with:    428 contributors
[3207:its-tracker]: 		Found vertex with:    262 contributors
[3207:its-tracker]:  - Context initialisation completed in: 3.42375 ms
[3207:its-tracker]:  - Tracklet finding completed in: 27.1822 ms
[3207:its-tracker]:  - Cell finding completed in: 9.4255 ms
[3207:its-tracker]:  - Neighbour finding completed in: 0.776689 ms
[3207:its-tracker]:  - Road finding completed in: 0.221905 ms
[3207:its-tracker]:  - Track finding completed in: 10.2696 ms
[3207:its-tracker]:  - Vertex processing completed in: 51.2997ms
[3207:its-tracker]:  - Context initialisation completed in: 0.361988 ms
[3207:its-tracker]:  - Tracklet finding completed in: 24.1179 ms
[3207:its-tracker]:  - Cell finding completed in: 7.57857 ms
[3207:its-tracker]:  - Neighbour finding completed in: 0.380889 ms
[3207:its-tracker]:  - Road finding completed in: 0.096809 ms
[3207:its-tracker]:  - Track finding completed in: 6.35971 ms
[3207:its-tracker]:  - Vertex processing completed in: 38.8958ms
[3207:its-tracker]:  - Context initialisation completed in: 0.294254 ms
[3207:its-tracker]:  - Tracklet finding completed in: 23.603 ms
[3207:its-tracker]:  - Cell finding completed in: 7.87931 ms
[3207:its-tracker]:  - Neighbour finding completed in: 0.590691 ms
[3207:its-tracker]:  - Road finding completed in: 0.082997 ms
[3207:its-tracker]:  - Track finding completed in: 4.6767 ms
[3207:its-tracker]:  - Vertex processing completed in: 37.1269ms
[3207:its-tracker]:  - Context initialisation completed in: 0.325152 ms
[3207:its-tracker]:  - Tracklet finding completed in: 21.4422 ms
[3207:its-tracker]:  - Cell finding completed in: 5.27056 ms
[3207:its-tracker]:  - Neighbour finding completed in: 0.20408 ms
[3207:its-tracker]:  - Road finding completed in: 0.001205 ms
[3207:its-tracker]:  - Track finding completed in: 0.000848 ms
[3207:its-tracker]:  - Vertex processing completed in: 27.2441ms
[3207:its-tracker]:  - Context initialisation completed in: 0.222671 ms
[3207:its-tracker]:  - Tracklet finding completed in: 21.4945 ms
[3207:its-tracker]:  - Cell finding completed in: 5.2321 ms
[3207:its-tracker]:  - Neighbour finding completed in: 0.137404 ms
[3207:its-tracker]:  - Road finding completed in: 0.001025 ms
[3207:its-tracker]:  - Track finding completed in: 0.000807 ms
[3207:its-tracker]:  - Vertex processing completed in: 27.0885ms
[3207:its-tracker]:  - Context initialisation completed in: 0.216772 ms
[3207:its-tracker]:  - Tracklet finding completed in: 22.1703 ms
[3207:its-tracker]:  - Cell finding completed in: 4.99306 ms
[3207:its-tracker]:  - Neighbour finding completed in: 0.25694 ms
[3207:its-tracker]:  - Road finding completed in: 0.001943 ms
[3207:its-tracker]:  - Track finding completed in: 0.000581 ms
[3207:its-tracker]:  - Vertex processing completed in: 27.6396ms
[3207:its-tracker]: [07:44:20][INFO] Found tracks: 1107
[3207:its-tracker]: [07:44:20][INFO] ROframe: 20, clusters loaded : 17039
[3207:its-tracker]:  - Vertexer initialisation completed in: 0.6948 ms
[3207:its-tracker]:  - Tracklet finding completed in: 1.07502 ms
[3207:its-tracker]:  - Adjacent tracklets validation completed in: 0.207985 ms
[3207:its-tracker]:  - Vertex finding completed in: 0.068844 ms
[3207:its-tracker]: 		Found vertex with:    666 contributors
[3207:its-tracker]:  - Context initialisation completed in: 1.57764 ms
[3207:its-tracker]:  - Tracklet finding completed in: 4.27853 ms
[3207:its-tracker]:  - Cell finding completed in: 1.45728 ms
[3207:its-tracker]:  - Neighbour finding completed in: 0.330049 ms
[3207:its-tracker]:  - Road finding completed in: 0.079447 ms
[3207:its-tracker]:  - Track finding completed in: 6.01608 ms
[3207:its-tracker]:  - Vertex processing completed in: 13.739ms
[3207:its-tracker]:  - Context initialisation completed in: 0.147163 ms
[3207:its-tracker]:  - Tracklet finding completed in: 3.0995 ms
[3207:its-tracker]:  - Cell finding completed in: 0.619153 ms
[3207:its-tracker]:  - Neighbour finding completed in: 0.093631 ms
[3207:its-tracker]:  - Road finding completed in: 0.0014 ms
[3207:its-tracker]:  - Track finding completed in: 0.000469 ms
[3207:its-tracker]:  - Vertex processing completed in: 3.96132ms
[3207:its-tracker]: [07:44:20][INFO] Found tracks: 611
[3207:its-tracker]: [07:44:20][INFO] ROframe: 21, clusters loaded : 1196
[3207:its-tracker]:  - Vertexer initialisation completed in: 0.14441 ms
[3207:its-tracker]:  - Tracklet finding completed in: 0.00138 ms
[3207:its-tracker]:  - Adjacent tracklets validation completed in: 0.000559 ms
[3207:its-tracker]:  - Vertex finding completed in: 0.00089 ms
[3207:its-tracker]: [07:44:20][INFO] Found tracks: 0
[3207:its-tracker]: [07:44:20][INFO] ROframe: 22, clusters loaded : 1270
[3207:its-tracker]:  - Vertexer initialisation completed in: 0.119202 ms
[3207:its-tracker]:  - Tracklet finding completed in: 0.000624 ms
[3207:its-tracker]:  - Adjacent tracklets validation completed in: 8.8e-05 ms
[3207:its-tracker]:  - Vertex finding completed in: 0.00026 ms
[3207:its-tracker]: [07:44:20][INFO] Found tracks: 0
[3207:its-tracker]: [07:44:20][INFO] ROframe: 23, clusters loaded : 1251
[3207:its-tracker]:  - Vertexer initialisation completed in: 0.150502 ms
[3207:its-tracker]:  - Tracklet finding completed in: 0.001084 ms
[3207:its-tracker]:  - Adjacent tracklets validation completed in: 0.000149 ms
[3207:its-tracker]:  - Vertex finding completed in: 0.000239 ms
[3207:its-tracker]: [07:44:20][INFO] Found tracks: 0
[3207:its-tracker]: [07:44:20][INFO] ROframe: 24, clusters loaded : 1236
[3207:its-tracker]:  - Vertexer initialisation completed in: 0.127104 ms
[3207:its-tracker]:  - Tracklet finding completed in: 0.000726 ms
[3207:its-tracker]:  - Adjacent tracklets validation completed in: 0.000131 ms
[3207:its-tracker]:  - Vertex finding completed in: 0.000243 ms
[3207:its-tracker]: [07:44:20][INFO] Found tracks: 0
[3207:its-tracker]: [07:44:20][INFO] ROframe: 25, clusters loaded : 1292
[3207:its-tracker]:  - Vertexer initialisation completed in: 0.131864 ms
[3207:its-tracker]:  - Tracklet finding completed in: 0.000932 ms
[3207:its-tracker]:  - Adjacent tracklets validation completed in: 0.000131 ms
[3207:its-tracker]:  - Vertex finding completed in: 0.000164 ms
[3207:its-tracker]: [07:44:20][INFO] Found tracks: 0
[3207:its-tracker]: [07:44:20][INFO] ROframe: 26, clusters loaded : 1217
[3207:its-tracker]:  - Vertexer initialisation completed in: 0.115536 ms
[3207:its-tracker]:  - Tracklet finding completed in: 0.000595 ms
[3207:its-tracker]:  - Adjacent tracklets validation completed in: 0.0001 ms
[3207:its-tracker]:  - Vertex finding completed in: 0.000193 ms
[3207:its-tracker]: [07:44:20][INFO] Found tracks: 0
[3207:its-tracker]: [07:44:20][INFO] ROframe: 27, clusters loaded : 32684
[3207:its-tracker]:  - Vertexer initialisation completed in: 1.3288 ms
[3207:its-tracker]:  - Tracklet finding completed in: 3.92604 ms
[3207:its-tracker]:  - Adjacent tracklets validation completed in: 1.04663 ms
[3207:its-tracker]:  - Vertex finding completed in: 0.346858 ms
[3207:its-tracker]: 		Found vertex with:   1006 contributors
[3207:its-tracker]: 		Found vertex with:    542 contributors
[3207:its-tracker]: 		Found vertex with:     43 contributors
[3207:its-tracker]:  - Context initialisation completed in: 2.02923 ms
[3207:its-tracker]:  - Tracklet finding completed in: 11.1246 ms
[3207:its-tracker]:  - Cell finding completed in: 4.43072 ms
[3207:its-tracker]:  - Neighbour finding completed in: 0.499798 ms
[3207:its-tracker]:  - Road finding completed in: 0.112482 ms
[3207:its-tracker]:  - Track finding completed in: 9.07919 ms
[3207:its-tracker]:  - Vertex processing completed in: 27.276ms
[3207:its-tracker]:  - Context initialisation completed in: 0.35959 ms
[3207:its-tracker]:  - Tracklet finding completed in: 10.3501 ms
[3207:its-tracker]:  - Cell finding completed in: 2.07456 ms
[3207:its-tracker]:  - Neighbour finding completed in: 0.236407 ms
[3207:its-tracker]:  - Road finding completed in: 0.060863 ms
[3207:its-tracker]:  - Track finding completed in: 6.8848 ms
[3207:its-tracker]:  - Vertex processing completed in: 19.9663ms
[3207:its-tracker]:  - Context initialisation completed in: 0.155326 ms
[3207:its-tracker]:  - Tracklet finding completed in: 8.61705 ms
[3207:its-tracker]:  - Cell finding completed in: 0.934357 ms
[3207:its-tracker]:  - Neighbour finding completed in: 0.037817 ms
[3207:its-tracker]:  - Road finding completed in: 0.012215 ms
[3207:its-tracker]:  - Track finding completed in: 0.918233 ms
[3207:its-tracker]:  - Vertex processing completed in: 10.675ms
[3207:its-tracker]:  - Context initialisation completed in: 0.070409 ms
[3207:its-tracker]:  - Tracklet finding completed in: 9.44768 ms
[3207:its-tracker]:  - Cell finding completed in: 1.70791 ms
[3207:its-tracker]:  - Neighbour finding completed in: 0.237007 ms
[3207:its-tracker]:  - Road finding completed in: 0.002016 ms
[3207:its-tracker]:  - Track finding completed in: 0.000834 ms
[3207:its-tracker]:  - Vertex processing completed in: 11.4659ms
[3207:its-tracker]:  - Context initialisation completed in: 0.165852 ms
[3207:its-tracker]:  - Tracklet finding completed in: 9.82473 ms
[3207:its-tracker]:  - Cell finding completed in: 1.5527 ms
[3207:its-tracker]:  - Neighbour finding completed in: 0.11967 ms
[3207:its-tracker]:  - Road finding completed in: 0.001184 ms
[3207:its-tracker]:  - Track finding completed in: 0.000759 ms
[3207:its-tracker]:  - Vertex processing completed in: 11.6649ms
[3207:its-tracker]:  - Context initialisation completed in: 0.126078 ms
[3207:its-tracker]:  - Tracklet finding completed in: 9.71655 ms
[3207:its-tracker]:  - Cell finding completed in: 1.14273 ms
[3207:its-tracker]:  - Neighbour finding completed in: 0.015866 ms
[3207:its-tracker]:  - Road finding completed in: 0.000935 ms
[3207:its-tracker]:  - Track finding completed in: 0.000634 ms
[3207:its-tracker]:  - Vertex processing completed in: 11.0028ms
[3207:its-tracker]: [07:44:20][INFO] Found tracks: 1392
[3207:its-tracker]: [07:44:20][INFO] ROframe: 28, clusters loaded : 1316
[3207:its-tracker]:  - Vertexer initialisation completed in: 0.21129 ms
[3207:its-tracker]:  - Tracklet finding completed in: 0.003074 ms
[3207:its-tracker]:  - Adjacent tracklets validation completed in: 0.000782 ms
[3207:its-tracker]:  - Vertex finding completed in: 0.001119 ms
[3207:its-tracker]: [07:44:20][INFO] Found tracks: 0
[3207:its-tracker]: [07:44:20][INFO] ROframe: 29, clusters loaded : 1311
[3207:its-tracker]:  - Vertexer initialisation completed in: 0.23277 ms
[3207:its-tracker]:  - Tracklet finding completed in: 0.00131 ms
[3207:its-tracker]:  - Adjacent tracklets validation completed in: 0.000365 ms
[3207:its-tracker]:  - Vertex finding completed in: 0.000422 ms
[3207:its-tracker]: [07:44:20][INFO] Found tracks: 0
[3207:its-tracker]: [07:44:20][INFO] ROframe: 30, clusters loaded : 24073
[3207:its-tracker]:  - Vertexer initialisation completed in: 1.47913 ms
[3207:its-tracker]:  - Tracklet finding completed in: 4.07171 ms
[3207:its-tracker]:  - Adjacent tracklets validation completed in: 0.97183 ms
[3207:its-tracker]:  - Vertex finding completed in: 0.252545 ms
[3207:its-tracker]: 		Found vertex with:   1252 contributors
[3207:its-tracker]:  - Context initialisation completed in: 2.40964 ms
[3207:its-tracker]:  - Tracklet finding completed in: 10.4801 ms
[3207:its-tracker]:  - Cell finding completed in: 4.22178 ms
[3207:its-tracker]:  - Neighbour finding completed in: 0.977068 ms
[3207:its-tracker]:  - Road finding completed in: 0.336399 ms
[3207:its-tracker]:  - Track finding completed in: 17.5082 ms
[3207:its-tracker]:  - Vertex processing completed in: 35.9332ms
[3207:its-tracker]:  - Context initialisation completed in: 0.354164 ms
[3207:its-tracker]:  - Tracklet finding completed in: 6.92848 ms
[3207:its-tracker]:  - Cell finding completed in: 1.50147 ms
[3207:its-tracker]:  - Neighbour finding completed in: 0.254813 ms
[3207:its-tracker]:  - Road finding completed in: 0.002069 ms
[3207:its-tracker]:  - Track finding completed in: 0.000631 ms
[3207:its-tracker]:  - Vertex processing completed in: 9.04163ms
[3207:its-tracker]: [07:44:20][INFO] Found tracks: 1004
[3207:its-tracker]: [07:44:20][INFO] ROframe: 31, clusters loaded : 1297
[3207:its-tracker]:  - Vertexer initialisation completed in: 0.208924 ms
[3207:its-tracker]:  - Tracklet finding completed in: 0.003668 ms
[3207:its-tracker]:  - Adjacent tracklets validation completed in: 0.000705 ms
[3207:its-tracker]:  - Vertex finding completed in: 0.001169 ms
[3207:its-tracker]: [07:44:20][INFO] Found tracks: 0
[3207:its-tracker]: [07:44:20][INFO] ROframe: 32, clusters loaded : 1253
[3207:its-tracker]:  - Vertexer initialisation completed in: 0.21466 ms
[3207:its-tracker]:  - Tracklet finding completed in: 0.00157 ms
[3207:its-tracker]:  - Adjacent tracklets validation completed in: 0.000402 ms
[3207:its-tracker]:  - Vertex finding completed in: 0.000436 ms
[3207:its-tracker]: [07:44:20][INFO] Found tracks: 0
[3207:its-tracker]: [07:44:20][INFO] ROframe: 33, clusters loaded : 1224
[3207:its-tracker]:  - Vertexer initialisation completed in: 0.213972 ms
[3207:its-tracker]:  - Tracklet finding completed in: 0.00134 ms
[3207:its-tracker]:  - Adjacent tracklets validation completed in: 0.000331 ms
[3207:its-tracker]:  - Vertex finding completed in: 0.000455 ms
[3207:its-tracker]: [07:44:20][INFO] Found tracks: 0
[3207:its-tracker]: [07:44:20][INFO] ROframe: 34, clusters loaded : 1244
[3207:its-tracker]:  - Vertexer initialisation completed in: 0.20515 ms
[3207:its-tracker]:  - Tracklet finding completed in: 0.00136 ms
[3207:its-tracker]:  - Adjacent tracklets validation completed in: 0.000308 ms
[3207:its-tracker]:  - Vertex finding completed in: 0.000286 ms
[3207:its-tracker]: [07:44:20][INFO] Found tracks: 0
[3207:its-tracker]: [07:44:20][INFO] ROframe: 35, clusters loaded : 1216
[3207:its-tracker]:  - Vertexer initialisation completed in: 0.211388 ms
[3207:its-tracker]:  - Tracklet finding completed in: 0.001976 ms
[3207:its-tracker]:  - Adjacent tracklets validation completed in: 0.000336 ms
[3207:its-tracker]:  - Vertex finding completed in: 0.000269 ms
[3207:its-tracker]: [07:44:20][INFO] Found tracks: 0
[3207:its-tracker]: [07:44:20][INFO] ROframe: 36, clusters loaded : 3970
[3207:its-tracker]:  - Vertexer initialisation completed in: 0.308275 ms
[3207:its-tracker]:  - Tracklet finding completed in: 0.130761 ms
[3207:its-tracker]:  - Adjacent tracklets validation completed in: 0.025446 ms
[3207:its-tracker]:  - Vertex finding completed in: 0.026668 ms
[3207:its-tracker]: 		Found vertex with:    131 contributors
[3207:its-tracker]:  - Context initialisation completed in: 1.56825 ms
[3207:its-tracker]:  - Tracklet finding completed in: 0.791736 ms
[3207:its-tracker]:  - Cell finding completed in: 0.159294 ms
[3207:its-tracker]:  - Neighbour finding completed in: 0.082976 ms
[3207:its-tracker]:  - Road finding completed in: 0.031578 ms
[3207:its-tracker]:  - Track finding completed in: 1.93444 ms
[3207:its-tracker]:  - Vertex processing completed in: 4.56827ms
[3207:its-tracker]:  - Context initialisation completed in: 0.033681 ms
[3207:its-tracker]:  - Tracklet finding completed in: 0.636995 ms
[3207:its-tracker]:  - Cell finding completed in: 0.089083 ms
[3207:its-tracker]:  - Neighbour finding completed in: 0.026828 ms
[3207:its-tracker]:  - Road finding completed in: 0.00046 ms
[3207:its-tracker]:  - Track finding completed in: 0.000316 ms
[3207:its-tracker]:  - Vertex processing completed in: 0.787363ms
[3207:its-tracker]: [07:44:20][INFO] Found tracks: 103
[3207:its-tracker]: [07:44:20][INFO] ROframe: 37, clusters loaded : 1545
[3207:its-tracker]:  - Vertexer initialisation completed in: 0.226033 ms
[3207:its-tracker]:  - Tracklet finding completed in: 0.012052 ms
[3207:its-tracker]:  - Adjacent tracklets validation completed in: 0.003004 ms
[3207:its-tracker]:  - Vertex finding completed in: 0.007732 ms
[3207:its-tracker]: 		Found vertex with:     11 contributors
[3207:its-tracker]:  - Context initialisation completed in: 1.38239 ms
[3207:its-tracker]:  - Tracklet finding completed in: 0.194562 ms
[3207:its-tracker]:  - Cell finding completed in: 0.016394 ms
[3207:its-tracker]:  - Neighbour finding completed in: 0.020264 ms
[3207:its-tracker]:  - Road finding completed in: 0.00443 ms
[3207:its-tracker]:  - Track finding completed in: 0.177467 ms
[3207:its-tracker]:  - Vertex processing completed in: 1.79551ms
[3207:its-tracker]:  - Context initialisation completed in: 0.006749 ms
[3207:its-tracker]:  - Tracklet finding completed in: 0.17494 ms
[3207:its-tracker]:  - Cell finding completed in: 0.009041 ms
[3207:its-tracker]:  - Neighbour finding completed in: 0.004255 ms
[3207:its-tracker]:  - Road finding completed in: 0.000186 ms
[3207:its-tracker]:  - Track finding completed in: 0.000309 ms
[3207:its-tracker]:  - Vertex processing completed in: 0.19548ms
[3207:its-tracker]: [07:44:20][INFO] Found tracks: 11
[3207:its-tracker]: [07:44:20][INFO] ROframe: 38, clusters loaded : 1302
[3207:its-tracker]:  - Vertexer initialisation completed in: 0.227637 ms
[3207:its-tracker]:  - Tracklet finding completed in: 0.002232 ms
[3207:its-tracker]:  - Adjacent tracklets validation completed in: 0.000492 ms
[3207:its-tracker]:  - Vertex finding completed in: 0.000458 ms
[3207:its-tracker]: [07:44:20][INFO] Found tracks: 0
[3207:its-tracker]: [07:44:20][INFO] ROframe: 39, clusters loaded : 10169
[3207:its-tracker]:  - Vertexer initialisation completed in: 0.647907 ms
[3207:its-tracker]:  - Tracklet finding completed in: 0.754404 ms
[3207:its-tracker]:  - Adjacent tracklets validation completed in: 0.15064 ms
[3207:its-tracker]:  - Vertex finding completed in: 0.084476 ms
[3207:its-tracker]: 		Found vertex with:    414 contributors
[3207:its-tracker]:  - Context initialisation completed in: 1.75866 ms
[3207:its-tracker]:  - Tracklet finding completed in: 2.95914 ms
[3207:its-tracker]:  - Cell finding completed in: 0.855423 ms
[3207:its-tracker]:  - Neighbour finding completed in: 0.321432 ms
[3207:its-tracker]:  - Road finding completed in: 0.105079 ms
[3207:its-tracker]:  - Track finding completed in: 5.58867 ms
[3207:its-tracker]:  - Vertex processing completed in: 11.5884ms
[3207:its-tracker]:  - Context initialisation completed in: 0.103741 ms
[3207:its-tracker]:  - Tracklet finding completed in: 2.20278 ms
[3207:its-tracker]:  - Cell finding completed in: 0.390179 ms
[3207:its-tracker]:  - Neighbour finding completed in: 0.085195 ms
[3207:its-tracker]:  - Road finding completed in: 0.001408 ms
[3207:its-tracker]:  - Track finding completed in: 0.000394 ms
[3207:its-tracker]:  - Vertex processing completed in: 2.7837ms
[3207:its-tracker]: [07:44:20][INFO] Found tracks: 341
[3207:its-tracker]: [07:44:20][INFO] ROframe: 40, clusters loaded : 3047
[3207:its-tracker]:  - Vertexer initialisation completed in: 0.286702 ms
[3207:its-tracker]:  - Tracklet finding completed in: 0.062579 ms
[3207:its-tracker]:  - Adjacent tracklets validation completed in: 0.007258 ms
[3207:its-tracker]:  - Vertex finding completed in: 0.006409 ms
[3207:its-tracker]: 		Found vertex with:      2 contributors
[3207:its-tracker]:  - Context initialisation completed in: 1.47579 ms
[3207:its-tracker]:  - Tracklet finding completed in: 0.444017 ms
[3207:its-tracker]:  - Cell finding completed in: 0.01582 ms
[3207:its-tracker]:  - Neighbour finding completed in: 0.001452 ms
[3207:its-tracker]:  - Road finding completed in: 0.000227 ms
[3207:its-tracker]:  - Track finding completed in: 0.000368 ms
[3207:its-tracker]:  - Vertex processing completed in: 1.93767ms
[3207:its-tracker]:  - Context initialisation completed in: 0.005398 ms
[3207:its-tracker]:  - Tracklet finding completed in: 0.448984 ms
[3207:its-tracker]:  - Cell finding completed in: 0.0232 ms
[3207:its-tracker]:  - Neighbour finding completed in: 0.001091 ms
[3207:its-tracker]:  - Road finding completed in: 0.00012 ms
[3207:its-tracker]:  - Track finding completed in: 0.00025 ms
[3207:its-tracker]:  - Vertex processing completed in: 0.479043ms
[3207:its-tracker]: [07:44:20][INFO] Found tracks: 0
[3207:its-tracker]: [07:44:20][INFO] ROframe: 41, clusters loaded : 32414
[3207:its-tracker]:  - Vertexer initialisation completed in: 1.98613 ms
[3207:its-tracker]:  - Tracklet finding completed in: 7.09445 ms
[3207:its-tracker]:  - Adjacent tracklets validation completed in: 2.11596 ms
[3207:its-tracker]:  - Vertex finding completed in: 0.311796 ms
[3207:its-tracker]: 		Found vertex with:   1623 contributors
[3207:its-tracker]:  - Context initialisation completed in: 2.7772 ms
[3207:its-tracker]:  - Tracklet finding completed in: 16.2758 ms
[3207:its-tracker]:  - Cell finding completed in: 7.59172 ms
[3207:its-tracker]:  - Neighbour finding completed in: 1.4066 ms
[3207:its-tracker]:  - Road finding completed in: 0.513296 ms
[3207:its-tracker]:  - Track finding completed in: 24.1232 ms
[3207:its-tracker]:  - Vertex processing completed in: 52.6878ms
[3207:its-tracker]:  - Context initialisation completed in: 0.462625 ms
[3207:its-tracker]:  - Tracklet finding completed in: 10.5392 ms
[3207:its-tracker]:  - Cell finding completed in: 2.65211 ms
[3207:its-tracker]:  - Neighbour finding completed in: 0.347646 ms
[3207:its-tracker]:  - Road finding completed in: 0.002299 ms
[3207:its-tracker]:  - Track finding completed in: 0.001056 ms
[3207:its-tracker]:  - Vertex processing completed in: 14.005ms
[3207:its-tracker]: [07:44:20][INFO] Found tracks: 1380
[3207:its-tracker]: [07:44:20][INFO] ROframe: 42, clusters loaded : 1209
[3207:its-tracker]:  - Vertexer initialisation completed in: 0.246069 ms
[3207:its-tracker]:  - Tracklet finding completed in: 0.002187 ms
[3207:its-tracker]:  - Adjacent tracklets validation completed in: 0.00081 ms
[3207:its-tracker]:  - Vertex finding completed in: 0.001073 ms
[3207:its-tracker]: [07:44:20][INFO] Found tracks: 0
[3207:its-tracker]: [07:44:20][INFO] ITSTracker pushed 10807 tracks
[3207:its-tracker]: [07:44:20][INFO] ITS CA-Tracker total timing: Cpu: 1.440e+00 Real: 1.441e+00 s in 1 slots
[3208:its-track-writer]: [07:44:20][INFO] ITSTrackWriter pulled 10807 tracks, in 43 RO frames
[INFO] Quitting
[INFO] QUIT_REQUESTED
[3204:its-digit-reader]: [07:44:20][INFO] Received device shutdown request (signal 15).
[3204:its-digit-reader]: [07:44:20][INFO] Waiting for graceful device shutdown. Hit Ctrl-C again to abort immediately.
[3204:its-digit-reader]: [07:44:20][STATE] RUNNING ---> READY
[3204:its-digit-reader]: [07:44:20][STATE] READY ---> RESETTING TASK
[3204:its-digit-reader]: [07:44:20][STATE] RESETTING TASK ---> DEVICE READY
[3204:its-digit-reader]: [07:44:20][STATE] DEVICE READY ---> RESETTING DEVICE
[3204:its-digit-reader]: [07:44:20][STATE] RESETTING DEVICE ---> IDLE
[3204:its-digit-reader]: [07:44:20][STATE] IDLE ---> EXITING
[3204:its-digit-reader]: [07:44:20][STATE] Exiting FairMQ state machine
[3208:its-track-writer]: [07:44:20][INFO] Received device shutdown request (signal 15).
[3208:its-track-writer]: [07:44:20][INFO] Waiting for graceful device shutdown. Hit Ctrl-C again to abort immediately.
[3207:its-tracker]: [07:44:20][INFO] Received device shutdown request (signal 15).
[3207:its-tracker]: [07:44:20][INFO] Waiting for graceful device shutdown. Hit Ctrl-C again to abort immediately.
[3205:its-clusterer]: [07:44:20][INFO] Received device shutdown request (signal 15).
[3205:its-clusterer]: [07:44:20][INFO] Waiting for graceful device shutdown. Hit Ctrl-C again to abort immediately.
[3206:its-cluster-writer]: [07:44:20][INFO] Received device shutdown request (signal 15).
[3206:its-cluster-writer]: [07:44:20][INFO] Waiting for graceful device shutdown. Hit Ctrl-C again to abort immediately.
[3203:internal-dpl-clock]: [07:44:20][INFO] Received device shutdown request (signal 15).
[3203:internal-dpl-clock]: [07:44:20][INFO] Waiting for graceful device shutdown. Hit Ctrl-C again to abort immediately.
[3205:its-clusterer]: [07:44:21][STATE] RUNNING ---> READY
[3207:its-tracker]: [07:44:21][STATE] RUNNING ---> READY
[3207:its-tracker]: [07:44:21][STATE] READY ---> RESETTING TASK
[3207:its-tracker]: [07:44:21][STATE] RESETTING TASK ---> DEVICE READY
[3207:its-tracker]: [07:44:21][STATE] DEVICE READY ---> RESETTING DEVICE
[3203:internal-dpl-clock]: [07:44:21][STATE] RUNNING ---> READY
[3203:internal-dpl-clock]: [07:44:21][STATE] READY ---> RESETTING TASK
[3203:internal-dpl-clock]: [07:44:21][STATE] RESETTING TASK ---> DEVICE READY
[3205:its-clusterer]: [07:44:21][STATE] READY ---> RESETTING TASK
[3205:its-clusterer]: [07:44:21][STATE] RESETTING TASK ---> DEVICE READY
[3203:internal-dpl-clock]: [07:44:21][STATE] DEVICE READY ---> RESETTING DEVICE
[3205:its-clusterer]: [07:44:21][STATE] DEVICE READY ---> RESETTING DEVICE
[3207:its-tracker]: [07:44:21][STATE] RESETTING DEVICE ---> IDLE
[3207:its-tracker]: [07:44:21][STATE] IDLE ---> EXITING
[3207:its-tracker]: [07:44:21][STATE] Exiting FairMQ state machine
[3205:its-clusterer]: [07:44:21][STATE] RESETTING DEVICE ---> IDLE
[3205:its-clusterer]: [07:44:21][STATE] IDLE ---> EXITING
[3205:its-clusterer]: [07:44:21][STATE] Exiting FairMQ state machine
[3203:internal-dpl-clock]: [07:44:21][STATE] RESETTING DEVICE ---> IDLE
[3203:internal-dpl-clock]: [07:44:21][STATE] IDLE ---> EXITING
[3203:internal-dpl-clock]: [07:44:21][STATE] Exiting FairMQ state machine
[3208:its-track-writer]: [07:44:22][STATE] RUNNING ---> READY
[3208:its-track-writer]: [07:44:22][STATE] READY ---> RESETTING TASK
[3208:its-track-writer]: [07:44:22][STATE] RESETTING TASK ---> DEVICE READY
[3208:its-track-writer]: [07:44:22][STATE] DEVICE READY ---> RESETTING DEVICE
[3208:its-track-writer]: [07:44:22][STATE] RESETTING DEVICE ---> IDLE
[3208:its-track-writer]: [07:44:22][STATE] IDLE ---> EXITING
[3206:its-cluster-writer]: [07:44:22][STATE] RUNNING ---> READY
[3206:its-cluster-writer]: [07:44:22][STATE] READY ---> RESETTING TASK
[3206:its-cluster-writer]: [07:44:22][STATE] RESETTING TASK ---> DEVICE READY
[3206:its-cluster-writer]: [07:44:22][STATE] DEVICE READY ---> RESETTING DEVICE
[3206:its-cluster-writer]: Cleaning up for shared memory id 'b672486d'...
[3208:its-track-writer]: [07:44:22][STATE] Exiting FairMQ state machine
[3206:its-cluster-writer]: No region counter found. No regions to cleanup.
[3206:its-cluster-writer]: Successfully removed 'fmq_b672486d_m_0'.
[3206:its-cluster-writer]: Successfully removed 'fmq_b672486d_mng'.
[3206:its-cluster-writer]: Successfully removed 'fmq_b672486d_mtx'.
[3206:its-cluster-writer]: Successfully removed 'fmq_b672486d_cv'.
[3206:its-cluster-writer]: [07:44:22][STATE] RESETTING DEVICE ---> IDLE
[3206:its-cluster-writer]: [07:44:22][STATE] IDLE ---> EXITING
[3206:its-cluster-writer]: [07:44:22][STATE] Exiting FairMQ state machine
[INFO] Dumping used configuration in dpl-config.json
