===============================
execute this script as follows:
./generate_its.sh system region nevents
where:
system = 1 -> pp
       = 2 -> Pb-Pb
region = 1 -> ITS only
       = 2 -> whole detector
===============================
will generate Pb-Pb events
will transport events in the ITS only
Will generate: 10 events
Moving to /eos/user/f/ftorales/its_data/alignment/lbnl_alice_alignment_tasks/2287089/0
/eos/user/f/ftorales/its_data/alignment/lbnl_alice_alignment_tasks/2287089/0

==============================================================================================
1. MC generation run
[INFO] Running with 6 sim workers 
[INFO] CREATING SIM SHARED MEM SEGMENT FOR 6 WORKERS
Spawning particle server on PID 996; Redirect output to o2sim_serverlog
Spawning sim worker 0 on PID 998; Redirect output to o2sim_workerlog0
Spawning hit merger on PID 999; Redirect output to o2sim_mergerlog
[INFO] DISTRIBUTING EVENT : 1
[INFO] EVENT FINISHED : 1
[INFO] DISTRIBUTING EVENT : 2
[INFO] EVENT FINISHED : 2
[INFO] DISTRIBUTING EVENT : 3
[INFO] EVENT FINISHED : 3
[INFO] DISTRIBUTING EVENT : 4
[INFO] EVENT FINISHED : 4
[INFO] DISTRIBUTING EVENT : 5
[INFO] DISTRIBUTING EVENT : 6
[INFO] EVENT FINISHED : 5
[INFO] EVENT FINISHED : 6
[INFO] DISTRIBUTING EVENT : 7
[INFO] DISTRIBUTING EVENT : 8
[INFO] EVENT FINISHED : 7
[INFO] DISTRIBUTING EVENT : 9
[INFO] EVENT FINISHED : 8
[INFO] DISTRIBUTING EVENT : 10
[INFO] EVENT FINISHED : 9
[INFO] EVENT FINISHED : 10
[INFO] Merger process 999 returned
[INFO] Simulation process took 76.2489 s
[INFO] SIMULATION RETURNED SUCCESFULLY

==============================================================================================
2. Hits to digits conversion
Run: 1621528491
Fill:      0
Period: 
LHC State: 
Start: Thu May 20 18:34:54 2021
End  : Thu May 20 18:34:54 2021
Beam0: Z:A =   0:  0, Energy = 0.000
Beam1: Z:A =   0:  0, Energy = 0.000
sqrt[s]    = 0.000
crossing angle (radian) = 0.000000e+00
magnet currents (A) L3 = -30000.000, Dipole = -6000
Detectors: Cont.RO Triggers
      ITS:    -       -    
[INFO] MC-TRUTH 1
[INFO] TPC: GEM setup - initialization from scratch
[INFO] TPC: GEM setup (polya) took 8.38
[INFO] TPC is in grp? no; is skipped? no
[INFO] ITS is in grp? yes; is skipped? no
[INFO] MFT is in grp? no; is skipped? no
[INFO] TOF is in grp? no; is skipped? no
[INFO] FT0 is in grp? no; is skipped? no
[INFO] FV0 is in grp? no; is skipped? no
[INFO] EMC is in grp? no; is skipped? no
[INFO] HMP is in grp? no; is skipped? no
[INFO] ZDC is in grp? no; is skipped? no
[INFO] TRD is in grp? no; is skipped? no
[INFO] MCH is in grp? no; is skipped? no
[INFO] MID is in grp? no; is skipped? no
[INFO] FDD is in grp? no; is skipped? no
[INFO] PHS is in grp? no; is skipped? no
[INFO] CPV is in grp? no; is skipped? no
[INFO] Initialising O2 Data Processing Layer
[INFO] O2 Data Processing Layer initialised. We brake for nobody.
[INFO] Optimised build. O2DEBUG / LOG(DEBUG) / LOGF(DEBUG) / assert statement will not be shown.
[INFO] Redeployment of configuration asked.
[INFO] Starting internal-dpl-clock on pid 2100
[INFO] Starting SimReader on pid 2101
[INFO] Starting ITSDigitizer on pid 2102
[INFO] Starting GRPUpdater on pid 2103
[INFO] Starting ITSDigitWriter on pid 2104
[INFO] Redeployment of configuration done.
[2100:internal-dpl-clock]: [INFO] MC-TRUTH 1
[2102:ITSDigitizer]: [INFO] MC-TRUTH 1
[2103:GRPUpdater]: [INFO] MC-TRUTH 1
[2104:ITSDigitWriter]: [INFO] MC-TRUTH 1
[2100:internal-dpl-clock]: [INFO] Spawing new device internal-dpl-clock in process with pid 2100
[2102:ITSDigitizer]: [INFO] Spawing new device ITSDigitizer in process with pid 2102
[2103:GRPUpdater]: [INFO] Spawing new device GRPUpdater in process with pid 2103
[2104:ITSDigitWriter]: [INFO] Spawing new device ITSDigitWriter in process with pid 2104
[2100:internal-dpl-clock]: [18:37:58][INFO] 
[2100:internal-dpl-clock]:       ______      _    _______  _________ 
[2100:internal-dpl-clock]:      / ____/___ _(_)_______   |/  /_  __ \    version 1.4.29
[2100:internal-dpl-clock]:     / /_  / __ `/ / ___/__  /|_/ /_  / / /    build RELWITHDEBINFO
[2100:internal-dpl-clock]:    / __/ / /_/ / / /    _  /  / / / /_/ /     https://github.com/FairRootGroup/FairMQ
[2100:internal-dpl-clock]:   /_/    \__,_/_/_/     /_/  /_/  \___\_\     LGPL-3.0  © 2012-2020 GSI
[2100:internal-dpl-clock]: 
[2102:ITSDigitizer]: [18:37:58][INFO] 
[2102:ITSDigitizer]:       ______      _    _______  _________ 
[2102:ITSDigitizer]:      / ____/___ _(_)_______   |/  /_  __ \    version 1.4.29
[2102:ITSDigitizer]:     / /_  / __ `/ / ___/__  /|_/ /_  / / /    build RELWITHDEBINFO
[2102:ITSDigitizer]:    / __/ / /_/ / / /    _  /  / / / /_/ /     https://github.com/FairRootGroup/FairMQ
[2102:ITSDigitizer]:   /_/    \__,_/_/_/     /_/  /_/  \___\_\     LGPL-3.0  © 2012-2020 GSI
[2102:ITSDigitizer]: 
[2103:GRPUpdater]: [18:37:58][INFO] 
[2103:GRPUpdater]:       ______      _    _______  _________ 
[2103:GRPUpdater]:      / ____/___ _(_)_______   |/  /_  __ \    version 1.4.29
[2103:GRPUpdater]:     / /_  / __ `/ / ___/__  /|_/ /_  / / /    build RELWITHDEBINFO
[2103:GRPUpdater]:    / __/ / /_/ / / /    _  /  / / / /_/ /     https://github.com/FairRootGroup/FairMQ
[2103:GRPUpdater]:   /_/    \__,_/_/_/     /_/  /_/  \___\_\     LGPL-3.0  © 2012-2020 GSI
[2103:GRPUpdater]: 
[2100:internal-dpl-clock]: [18:37:58][STATE] Starting FairMQ state machine --> IDLE
[2102:ITSDigitizer]: [18:37:58][STATE] Starting FairMQ state machine --> IDLE
[2103:GRPUpdater]: [18:37:58][STATE] Starting FairMQ state machine --> IDLE
[2104:ITSDigitWriter]: [18:37:58][INFO] 
[2104:ITSDigitWriter]:       ______      _    _______  _________ 
[2104:ITSDigitWriter]:      / ____/___ _(_)_______   |/  /_  __ \    version 1.4.29
[2104:ITSDigitWriter]:     / /_  / __ `/ / ___/__  /|_/ /_  / / /    build RELWITHDEBINFO
[2104:ITSDigitWriter]:    / __/ / /_/ / / /    _  /  / / / /_/ /     https://github.com/FairRootGroup/FairMQ
[2104:ITSDigitWriter]:   /_/    \__,_/_/_/     /_/  /_/  \___\_\     LGPL-3.0  © 2012-2020 GSI
[2104:ITSDigitWriter]: 
[2104:ITSDigitWriter]: [18:37:58][STATE] Starting FairMQ state machine --> IDLE
[2100:internal-dpl-clock]: 2021-05-20 18:37:58	Monitoring	[0;49mStdOut backend initialized[0m
[2100:internal-dpl-clock]: [18:37:58][STATE] IDLE ---> INITIALIZING DEVICE
[2102:ITSDigitizer]: 2021-05-20 18:37:58	Monitoring	[0;49mStdOut backend initialized[0m
[2102:ITSDigitizer]: [18:37:58][STATE] IDLE ---> INITIALIZING DEVICE
[2103:GRPUpdater]: 2021-05-20 18:37:58	Monitoring	[0;49mStdOut backend initialized[0m
[2100:internal-dpl-clock]: 2021-05-20 18:37:58	Monitoring	[0;49mBuffering enabled (100)[0m
[2100:internal-dpl-clock]: [18:37:58][STATE] INITIALIZING DEVICE ---> INITIALIZED
[2100:internal-dpl-clock]: [18:37:58][STATE] INITIALIZED ---> BINDING
[2100:internal-dpl-clock]: [18:37:58][STATE] BINDING ---> BOUND
[2100:internal-dpl-clock]: [18:37:58][STATE] BOUND ---> CONNECTING
[2100:internal-dpl-clock]: [18:37:58][STATE] CONNECTING ---> DEVICE READY
[2100:internal-dpl-clock]: [18:37:58][STATE] DEVICE READY ---> INITIALIZING TASK
[2100:internal-dpl-clock]: [18:37:58][STATE] INITIALIZING TASK ---> READY
[2100:internal-dpl-clock]: [18:37:58][STATE] READY ---> RUNNING
[2100:internal-dpl-clock]: [18:37:58][INFO] DEVICE: Running...
[2102:ITSDigitizer]: 2021-05-20 18:37:58	Monitoring	[0;49mBuffering enabled (100)[0m
[2102:ITSDigitizer]: [18:37:58][INFO] Initializing geometry service
[2102:ITSDigitizer]: [18:37:58][INFO] Loading geometry FAIRGeom from o2sim_geometry.root
[2103:GRPUpdater]: [18:37:58][STATE] IDLE ---> INITIALIZING DEVICE
[2103:GRPUpdater]: 2021-05-20 18:37:58	Monitoring	[0;49mBuffering enabled (100)[0m
[2103:GRPUpdater]: [18:37:58][STATE] INITIALIZING DEVICE ---> INITIALIZED
[2103:GRPUpdater]: [18:37:58][STATE] INITIALIZED ---> BINDING
[2103:GRPUpdater]: [18:37:58][STATE] BINDING ---> BOUND
[2103:GRPUpdater]: [18:37:58][STATE] BOUND ---> CONNECTING
[2103:GRPUpdater]: [18:37:58][STATE] CONNECTING ---> DEVICE READY
[2103:GRPUpdater]: [18:37:58][STATE] DEVICE READY ---> INITIALIZING TASK
[2103:GRPUpdater]: [18:37:58][STATE] INITIALIZING TASK ---> READY
[2103:GRPUpdater]: [18:37:58][STATE] READY ---> RUNNING
[2103:GRPUpdater]: [18:37:58][INFO] DEVICE: Running...
[2104:ITSDigitWriter]: 2021-05-20 18:37:58	Monitoring	[0;49mStdOut backend initialized[0m
[2104:ITSDigitWriter]: [18:37:58][STATE] IDLE ---> INITIALIZING DEVICE
[2101:SimReader]: [INFO] MC-TRUTH 1
[2101:SimReader]: [INFO] Spawing new device SimReader in process with pid 2101
[2101:SimReader]: [18:37:58][INFO] 
[2101:SimReader]:       ______      _    _______  _________ 
[2101:SimReader]:      / ____/___ _(_)_______   |/  /_  __ \    version 1.4.29
[2101:SimReader]:     / /_  / __ `/ / ___/__  /|_/ /_  / / /    build RELWITHDEBINFO
[2101:SimReader]:    / __/ / /_/ / / /    _  /  / / / /_/ /     https://github.com/FairRootGroup/FairMQ
[2101:SimReader]:   /_/    \__,_/_/_/     /_/  /_/  \___\_\     LGPL-3.0  © 2012-2020 GSI
[2101:SimReader]: 
[2101:SimReader]: [18:37:58][STATE] Starting FairMQ state machine --> IDLE
[2101:SimReader]: 2021-05-20 18:37:58	Monitoring	[0;49mStdOut backend initialized[0m
[2101:SimReader]: [18:37:58][STATE] IDLE ---> INITIALIZING DEVICE
[2101:SimReader]: 2021-05-20 18:37:58	Monitoring	[0;49mBuffering enabled (100)[0m
[2101:SimReader]: [18:37:58][INFO] adding o2sim
[2101:SimReader]: 
[2101:SimReader]: [18:37:58][INFO] INCONTEXTSTRING 
[2101:SimReader]: [18:37:58][INFO] Imposing hadronic interaction rate 50000Hz
[2101:SimReader]: [18:37:58][WARN] No bunch filling provided, impose default one
[2101:SimReader]: [18:37:58][INFO] Deducing mu=0.00771915 per BC from IR=50000 with 576 BCs
[2101:SimReader]: [18:37:58][INFO] InteractionSampler with 576 colliding BCs, mu(BC)= 0.00771915 -> total IR= 50000
[2101:SimReader]: [18:37:58][INFO] Current BCid:    0 Orbit:      1 |T in BC(ns): 0.000(0 coll left)
[2101:SimReader]: [18:37:58][INFO] setting up 1 chains
[2104:ITSDigitWriter]: 2021-05-20 18:37:58	Monitoring	[0;49mBuffering enabled (100)[0m
[2104:ITSDigitWriter]: [18:37:58][INFO] 0: branch  ITSDigitMCTruth set up
[2104:ITSDigitWriter]: [18:37:58][INFO] 1: branch  ITSDigitMC2ROF set up
[2104:ITSDigitWriter]: [18:37:58][INFO] 2: branch  ITSDigit set up
[2104:ITSDigitWriter]: [18:37:58][INFO] 3: branch  ITSDigitROF set up
[2104:ITSDigitWriter]: [18:37:58][STATE] INITIALIZING DEVICE ---> INITIALIZED
[2104:ITSDigitWriter]: [18:37:58][STATE] INITIALIZED ---> BINDING
[2104:ITSDigitWriter]: [18:37:58][STATE] BINDING ---> BOUND
[2104:ITSDigitWriter]: [18:37:58][STATE] BOUND ---> CONNECTING
[2104:ITSDigitWriter]: [18:37:58][STATE] CONNECTING ---> DEVICE READY
[2104:ITSDigitWriter]: [18:37:58][STATE] DEVICE READY ---> INITIALIZING TASK
[2104:ITSDigitWriter]: [18:37:58][STATE] INITIALIZING TASK ---> READY
[2104:ITSDigitWriter]: [18:37:58][STATE] READY ---> RUNNING
[2104:ITSDigitWriter]: [18:37:58][INFO] DEVICE: Running...
[2102:ITSDigitizer]: Info in <TGeoManager::CloseGeometry>: Geometry loaded from file...
[2102:ITSDigitizer]: Info in <TGeoManager::SetTopVolume>: Top volume is cave. Master volume is cave
[2102:ITSDigitizer]: Info in <TGeoNavigator::BuildCache>: --- Maximum geometry depth set to 100
[2102:ITSDigitizer]: Info in <TGeoManager::CloseGeometry>: Voxelization retrieved from file
[2102:ITSDigitizer]: Info in <TGeoManager::CountLevels>: max level = 9, max placements = 126
[2102:ITSDigitizer]: Info in <TGeoManager::CloseGeometry>: 179840 nodes/ 399 volume UID's in FAIR geometry
[2102:ITSDigitizer]: Info in <TGeoManager::CloseGeometry>: ----------------modeler ready----------------
[2102:ITSDigitizer]: [18:37:59][INFO] Initializing field service
[2101:SimReader]: [18:37:59][INFO] Automatic deduction of number of collisions ... will just take number of background entries 10
[2101:SimReader]: Summary of DigitizationContext --
[2101:SimReader]: Parts per collision 1
[2101:SimReader]: Collision parts taken from simulations specified by prefix:
[2101:SimReader]: Number of Collisions 10
[2101:SimReader]: Collision 0 TIME BCid:  984 Orbit:      1 |T in BC(ns): -0.170 (0 , 0)
[2101:SimReader]: Collision 1 TIME BCid: 1430 Orbit:      1 |T in BC(ns): -0.042 (0 , 1)
[2101:SimReader]: Collision 2 TIME BCid: 1586 Orbit:      1 |T in BC(ns): -0.420 (0 , 2)
[2101:SimReader]: Collision 3 TIME BCid: 1588 Orbit:      1 |T in BC(ns): -0.130 (0 , 3)
[2101:SimReader]: Collision 4 TIME BCid:   56 Orbit:      2 |T in BC(ns): -0.053 (0 , 4)
[2101:SimReader]: Collision 5 TIME BCid:  192 Orbit:      2 |T in BC(ns): -0.088 (0 , 5)
[2101:SimReader]: Collision 6 TIME BCid:  418 Orbit:      2 |T in BC(ns): -0.166 (0 , 6)
[2101:SimReader]: Collision 7 TIME BCid: 1014 Orbit:      2 |T in BC(ns): 0.237 (0 , 7)
[2101:SimReader]: Collision 8 TIME BCid: 1798 Orbit:      2 |T in BC(ns): 0.203 (0 , 8)
[2101:SimReader]: Collision 9 TIME BCid: 1996 Orbit:      2 |T in BC(ns): 0.504 (0 , 9)
[2101:SimReader]: [18:37:59][INFO] Initializing Spec ... have 10 times 
[2101:SimReader]: [18:37:59][INFO] Serializing Context for later reuse
[2102:ITSDigitizer]: [18:37:59][INFO] MagneticField::Print: MagneticFieldMap:
[2102:ITSDigitizer]: [18:37:59][INFO] MagneticField::Print: Solenoid (-1*)5 kG, Dipole ON (-1) 
[2102:ITSDigitizer]: [18:37:59][INFO] MagneticField::Print: Machine B fields for p-p  beam (7000 GeV): QGrad: 22.0002 Dipole: 37.8781
[2102:ITSDigitizer]: [18:37:59][INFO] MagneticField::Print: Uses Sol30_Dip6_Hole  of /cvmfs/alice.cern.ch/el7-x86_64/Packages/O2/nightly-20210129-1/share/Common/maps/mfchebKGI_sym.root
[2102:ITSDigitizer]: Info in <TGeoGlobalMagField::SetField>: Global magnetic field set to <MagneticFieldMap>
[2102:ITSDigitizer]: Info in <TGeoGlobalMagField::Lock>: Global magnetic field <MagneticFieldMap> is now locked
[2102:ITSDigitizer]: [18:37:59][INFO] Set Alpide charge threshold to 150, single hit will be accounted from 15 electrons
[2102:ITSDigitizer]: [18:37:59][INFO] ITS simulated in CONTINUOUS RO mode
[2101:SimReader]: [18:37:59][STATE] INITIALIZING DEVICE ---> INITIALIZED
[2101:SimReader]: [18:37:59][STATE] INITIALIZED ---> BINDING
[2101:SimReader]: [18:37:59][STATE] BINDING ---> BOUND
[2101:SimReader]: [18:37:59][STATE] BOUND ---> CONNECTING
[2101:SimReader]: [18:37:59][STATE] CONNECTING ---> DEVICE READY
[2101:SimReader]: [18:37:59][STATE] DEVICE READY ---> INITIALIZING TASK
[2101:SimReader]: [18:37:59][STATE] INITIALIZING TASK ---> READY
[2101:SimReader]: [18:37:59][STATE] READY ---> RUNNING
[2101:SimReader]: [18:37:59][INFO] DEVICE: Running...
[2101:SimReader]: [18:37:59][INFO] SENDING SOMETHING TO OTHERS
[2102:ITSDigitizer]: [18:37:59][INFO] Loading ITS L2G matrices from TGeo
[2102:ITSDigitizer]: Alpide response object of 40500 matrices to map chagre in xyz to 5x5 pixels
[2102:ITSDigitizer]: X(col) range: +0.000000e+00 : +1.462000e-03 | step: 5.000000e-05 | Nbins: 30
[2102:ITSDigitizer]: Y(row) range: +0.000000e+00 : +1.344000e-03 | step: 5.000000e-05 | Nbins: 27
[2102:ITSDigitizer]: Z(dpt) range: -2.000000e-03 : +2.500000e-03 | step: 8.999999e-05 | Nbins: 50
[2102:ITSDigitizer]: Alpide digitization params:
[2102:ITSDigitizer]: Continuous readout             : ON
[2102:ITSDigitizer]: Readout Frame Length(ns)       : 9880.510742
[2102:ITSDigitizer]: Strobe delay (ns)              : 99.803139
[2102:ITSDigitizer]: Strobe length (ns)             : 9780.708008
[2102:ITSDigitizer]: Threshold (N electrons)        : 150
[2102:ITSDigitizer]: Min N electrons to accoint     : 15
[2102:ITSDigitizer]: Number of charge sharing steps : 7
[2102:ITSDigitizer]: ELoss to N electrons factor    : 2.777778e+08
[2102:ITSDigitizer]: Noise level per pixel          : 1.000000e-07
[2102:ITSDigitizer]: Charge time-response:
[2102:ITSDigitizer]: o2::itsmft::AlpideSignalTrapezoid | Duration: 7500.0 MaxRiseTime: 1100.0 (RiseTime=0 at q=450.0) (ns)
[2102:ITSDigitizer]: [18:38:00][STATE] INITIALIZING DEVICE ---> INITIALIZED
[2102:ITSDigitizer]: [18:38:00][STATE] INITIALIZED ---> BINDING
[2102:ITSDigitizer]: [18:38:00][STATE] BINDING ---> BOUND
[2102:ITSDigitizer]: [18:38:00][STATE] BOUND ---> CONNECTING
[2102:ITSDigitizer]: [18:38:00][STATE] CONNECTING ---> DEVICE READY
[2102:ITSDigitizer]: [18:38:00][STATE] DEVICE READY ---> INITIALIZING TASK
[2102:ITSDigitizer]: [18:38:00][STATE] INITIALIZING TASK ---> READY
[2102:ITSDigitizer]: [18:38:00][STATE] READY ---> RUNNING
[2102:ITSDigitizer]: [18:38:00][INFO] DEVICE: Running...
[2102:ITSDigitizer]: [18:38:00][INFO] GOT 10 COLLISSION TIMES
[2102:ITSDigitizer]: [18:38:00][INFO] SIMCHAINS 1
[2102:ITSDigitizer]: [18:38:00][INFO]  CALLING ITS DIGITIZATION 
[2102:ITSDigitizer]: [18:38:01][INFO] Digitizing ITS hits of entry 0 from source 0 at time BCid:  984 Orbit:      1 |T in BC(ns): -0.170 ROFrame= 11) cont.mode: 1 Min/Max ROFrames 0/10
[2102:ITSDigitizer]: [18:38:01][INFO] Filling ITS digits output for RO frames 0:10
[2102:ITSDigitizer]: ROF: 0 | 1283 entries starting from 0
[2102:ITSDigitizer]: BCid:    0 Orbit:      0
[2102:ITSDigitizer]: ROF: 1 | 1267 entries starting from 1283
[2102:ITSDigitizer]: BCid:  396 Orbit:      0
[2102:ITSDigitizer]: ROF: 2 | 1323 entries starting from 2550
[2102:ITSDigitizer]: BCid:  792 Orbit:      0
[2102:ITSDigitizer]: ROF: 3 | 1229 entries starting from 3873
[2102:ITSDigitizer]: BCid: 1188 Orbit:      0
[2102:ITSDigitizer]: ROF: 4 | 1245 entries starting from 5102
[2102:ITSDigitizer]: BCid: 1584 Orbit:      0
[2102:ITSDigitizer]: ROF: 5 | 1248 entries starting from 6347
[2102:ITSDigitizer]: BCid: 1980 Orbit:      0
[2102:ITSDigitizer]: ROF: 6 | 1259 entries starting from 7595
[2102:ITSDigitizer]: BCid: 2376 Orbit:      0
[2102:ITSDigitizer]: ROF: 7 | 1258 entries starting from 8854
[2102:ITSDigitizer]: BCid: 2772 Orbit:      0
[2102:ITSDigitizer]: ROF: 8 | 1247 entries starting from 10112
[2102:ITSDigitizer]: BCid: 3168 Orbit:      0
[2102:ITSDigitizer]: ROF: 9 | 1249 entries starting from 11359
[2102:ITSDigitizer]: BCid:    0 Orbit:      1
[2102:ITSDigitizer]: ROF: 10 | 1258 entries starting from 12608
[2102:ITSDigitizer]: BCid:  396 Orbit:      1
[2102:ITSDigitizer]: [18:38:01][INFO] Added 13866 digits 
[2102:ITSDigitizer]: [18:38:01][INFO] Digitizing ITS hits of entry 1 from source 0 at time BCid: 1430 Orbit:      1 |T in BC(ns): -0.042 ROFrame= 12) cont.mode: 1 Min/Max ROFrames 11/12
[2102:ITSDigitizer]: [18:38:01][INFO] Filling ITS digits output for RO frames 11:11
[2102:ITSDigitizer]: ROF: 11 | 49615 entries starting from 13866
[2102:ITSDigitizer]: BCid:  792 Orbit:      1
[2102:ITSDigitizer]: MCEventID: 0 ROFs: 11-12 Entry in ROFRecords: 11
[2102:ITSDigitizer]: [18:38:01][INFO] Added 49615 digits 
[2102:ITSDigitizer]: [18:38:01][INFO] Digitizing ITS hits of entry 2 from source 0 at time BCid: 1586 Orbit:      1 |T in BC(ns): -0.420 ROFrame= 13) cont.mode: 1 Min/Max ROFrames 12/13
[2102:ITSDigitizer]: [18:38:01][INFO] Filling ITS digits output for RO frames 12:12
[2102:ITSDigitizer]: ROF: 12 | 59168 entries starting from 63481
[2102:ITSDigitizer]: BCid: 1188 Orbit:      1
[2102:ITSDigitizer]: MCEventID: 1 ROFs: 12-13 Entry in ROFRecords: 12
[2102:ITSDigitizer]: [18:38:01][INFO] Added 59168 digits 
[2102:ITSDigitizer]: [18:38:01][INFO] Digitizing ITS hits of entry 3 from source 0 at time BCid: 1588 Orbit:      1 |T in BC(ns): -0.130 ROFrame= 13) cont.mode: 1 Min/Max ROFrames 13/14
[2102:ITSDigitizer]: [18:38:01][INFO] Digitizing ITS hits of entry 4 from source 0 at time BCid:   56 Orbit:      2 |T in BC(ns): -0.053 ROFrame= 18) cont.mode: 1 Min/Max ROFrames 13/17
[2102:ITSDigitizer]: [18:38:01][INFO] Filling ITS digits output for RO frames 13:17
[2102:ITSDigitizer]: ROF: 13 | 208363 entries starting from 122649
[2102:ITSDigitizer]: BCid: 1584 Orbit:      1
[2102:ITSDigitizer]: MCEventID: 2 ROFs: 13-14 Entry in ROFRecords: 13
[2102:ITSDigitizer]: MCEventID: 3 ROFs: 13-14 Entry in ROFRecords: 13
[2102:ITSDigitizer]: ROF: 14 | 1867 entries starting from 331012
[2102:ITSDigitizer]: BCid: 1980 Orbit:      1
[2102:ITSDigitizer]: ROF: 15 | 1270 entries starting from 332879
[2102:ITSDigitizer]: BCid: 2376 Orbit:      1
[2102:ITSDigitizer]: ROF: 16 | 1222 entries starting from 334149
[2102:ITSDigitizer]: BCid: 2772 Orbit:      1
[2102:ITSDigitizer]: ROF: 17 | 1285 entries starting from 335371
[2102:ITSDigitizer]: BCid: 3168 Orbit:      1
[2102:ITSDigitizer]: [18:38:02][INFO] Added 214007 digits 
[2102:ITSDigitizer]: [18:38:02][INFO] Digitizing ITS hits of entry 5 from source 0 at time BCid:  192 Orbit:      2 |T in BC(ns): -0.088 ROFrame= 18) cont.mode: 1 Min/Max ROFrames 18/19
[2102:ITSDigitizer]: [18:38:02][INFO] Digitizing ITS hits of entry 6 from source 0 at time BCid:  418 Orbit:      2 |T in BC(ns): -0.166 ROFrame= 19) cont.mode: 1 Min/Max ROFrames 18/19
[2102:ITSDigitizer]: [18:38:02][INFO] Filling ITS digits output for RO frames 18:18
[2102:ITSDigitizer]: ROF: 18 | 326603 entries starting from 336656
[2102:ITSDigitizer]: BCid:    0 Orbit:      2
[2102:ITSDigitizer]: MCEventID: 4 ROFs: 18-19 Entry in ROFRecords: 18
[2102:ITSDigitizer]: MCEventID: 5 ROFs: 18-19 Entry in ROFRecords: 18
[2102:ITSDigitizer]: [18:38:02][INFO] Added 326603 digits 
[2102:ITSDigitizer]: [18:38:02][INFO] Digitizing ITS hits of entry 7 from source 0 at time BCid: 1014 Orbit:      2 |T in BC(ns): 0.237 ROFrame= 20) cont.mode: 1 Min/Max ROFrames 19/20
[2102:ITSDigitizer]: [18:38:02][INFO] Filling ITS digits output for RO frames 19:19
[2102:ITSDigitizer]: ROF: 19 | 184279 entries starting from 663259
[2102:ITSDigitizer]: BCid:  396 Orbit:      2
[2102:ITSDigitizer]: MCEventID: 6 ROFs: 19-20 Entry in ROFRecords: 19
[2102:ITSDigitizer]: [18:38:02][INFO] Added 184279 digits 
[2102:ITSDigitizer]: [18:38:02][INFO] Digitizing ITS hits of entry 8 from source 0 at time BCid: 1798 Orbit:      2 |T in BC(ns): 0.203 ROFrame= 22) cont.mode: 1 Min/Max ROFrames 20/21
[2102:ITSDigitizer]: [18:38:02][INFO] Filling ITS digits output for RO frames 20:21
[2102:ITSDigitizer]: ROF: 20 | 4115 entries starting from 847538
[2102:ITSDigitizer]: BCid:  792 Orbit:      2
[2102:ITSDigitizer]: MCEventID: 7 ROFs: 20-21 Entry in ROFRecords: 20
[2102:ITSDigitizer]: ROF: 21 | 3673 entries starting from 851653
[2102:ITSDigitizer]: BCid: 1188 Orbit:      2
[2102:ITSDigitizer]: [18:38:02][INFO] Added 7788 digits 
[2102:ITSDigitizer]: [18:38:02][INFO] Digitizing ITS hits of entry 9 from source 0 at time BCid: 1996 Orbit:      2 |T in BC(ns): 0.504 ROFrame= 23) cont.mode: 1 Min/Max ROFrames 22/23
[2102:ITSDigitizer]: [18:38:02][INFO] Filling ITS digits output for RO frames 22:22
[2102:ITSDigitizer]: ROF: 22 | 6597 entries starting from 855326
[2102:ITSDigitizer]: BCid: 1584 Orbit:      2
[2102:ITSDigitizer]: MCEventID: 8 ROFs: 22-23 Entry in ROFRecords: 22
[2102:ITSDigitizer]: [18:38:02][INFO] Added 6597 digits 
[2102:ITSDigitizer]: [18:38:02][INFO] Filling ITS digits output for RO frames 23:23
[2102:ITSDigitizer]: ROF: 23 | 42845 entries starting from 861923
[2102:ITSDigitizer]: BCid: 1980 Orbit:      2
[2102:ITSDigitizer]: MCEventID: 9 ROFs: 23-23 Entry in ROFRecords: 23
[2102:ITSDigitizer]: [18:38:02][INFO] Added 42845 digits 
[2102:ITSDigitizer]: [18:38:02][INFO] ITS: Sending ROMode= 3 to GRPUpdater
[2102:ITSDigitizer]: [18:38:02][INFO] Digitization took 2.03s
[2103:GRPUpdater]: [18:38:02][INFO] Updated GRP in o2sim_grp.root for detectors RO mode
[2104:ITSDigitWriter]: [18:38:02][INFO] WRITING 909917 LABELS 
[2104:ITSDigitWriter]: [18:38:03][INFO] RECEIVED DIGITS SIZE 904768
[2103:GRPUpdater]: Run: 1621528491
[2103:GRPUpdater]: Fill:      0
[2103:GRPUpdater]: Period: 
[2103:GRPUpdater]: LHC State: 
[2103:GRPUpdater]: Start: Thu May 20 18:34:54 2021
[2103:GRPUpdater]: End  : Thu May 20 18:34:54 2021
[2103:GRPUpdater]: Beam0: Z:A =   0:  0, Energy = 0.000
[2103:GRPUpdater]: Beam1: Z:A =   0:  0, Energy = 0.000
[2103:GRPUpdater]: sqrt[s]    = 0.000
[2103:GRPUpdater]: crossing angle (radian) = 0.000000e+00
[2103:GRPUpdater]: magnet currents (A) L3 = -30000.000, Dipole = -6000
[2103:GRPUpdater]: Detectors: Cont.RO Triggers
[2103:GRPUpdater]:       ITS:    +       -    
[INFO] Quitting
[INFO] QUIT_REQUESTED
[2101:SimReader]: [18:38:03][INFO] Received device shutdown request (signal 15).
[2101:SimReader]: [18:38:03][INFO] Waiting for graceful device shutdown. Hit Ctrl-C again to abort immediately.
[2101:SimReader]: [18:38:03][STATE] RUNNING ---> READY
[2101:SimReader]: [18:38:03][STATE] READY ---> RESETTING TASK
[2101:SimReader]: [18:38:03][STATE] RESETTING TASK ---> DEVICE READY
[2101:SimReader]: [18:38:03][STATE] DEVICE READY ---> RESETTING DEVICE
[2101:SimReader]: [18:38:03][STATE] RESETTING DEVICE ---> IDLE
[2101:SimReader]: [18:38:03][STATE] IDLE ---> EXITING
[2101:SimReader]: [18:38:03][STATE] Exiting FairMQ state machine
[2102:ITSDigitizer]: [18:38:03][INFO] Received device shutdown request (signal 15).
[2102:ITSDigitizer]: [18:38:03][INFO] Waiting for graceful device shutdown. Hit Ctrl-C again to abort immediately.
[2100:internal-dpl-clock]: [18:38:03][INFO] Received device shutdown request (signal 15).
[2100:internal-dpl-clock]: [18:38:03][INFO] Waiting for graceful device shutdown. Hit Ctrl-C again to abort immediately.
[2103:GRPUpdater]: [18:38:03][INFO] Received device shutdown request (signal 15).
[2103:GRPUpdater]: [18:38:03][INFO] Waiting for graceful device shutdown. Hit Ctrl-C again to abort immediately.
[2104:ITSDigitWriter]: [18:38:03][INFO] Received device shutdown request (signal 15).
[2104:ITSDigitWriter]: [18:38:03][INFO] Waiting for graceful device shutdown. Hit Ctrl-C again to abort immediately.
[2102:ITSDigitizer]: [18:38:03][STATE] RUNNING ---> READY
[2103:GRPUpdater]: [18:38:03][STATE] RUNNING ---> READY
[2100:internal-dpl-clock]: [18:38:03][STATE] RUNNING ---> READY
[2103:GRPUpdater]: [18:38:03][STATE] READY ---> RESETTING TASK
[2103:GRPUpdater]: [18:38:03][STATE] RESETTING TASK ---> DEVICE READY
[2100:internal-dpl-clock]: [18:38:03][STATE] READY ---> RESETTING TASK
[2103:GRPUpdater]: [18:38:03][STATE] DEVICE READY ---> RESETTING DEVICE
[2100:internal-dpl-clock]: [18:38:03][STATE] RESETTING TASK ---> DEVICE READY
[2100:internal-dpl-clock]: [18:38:03][STATE] DEVICE READY ---> RESETTING DEVICE
[2102:ITSDigitizer]: [18:38:03][STATE] READY ---> RESETTING TASK
[2102:ITSDigitizer]: [18:38:03][STATE] RESETTING TASK ---> DEVICE READY
[2102:ITSDigitizer]: [18:38:03][STATE] DEVICE READY ---> RESETTING DEVICE
[2103:GRPUpdater]: [18:38:03][STATE] RESETTING DEVICE ---> IDLE
[2100:internal-dpl-clock]: [18:38:03][STATE] RESETTING DEVICE ---> IDLE
[2103:GRPUpdater]: [18:38:03][STATE] IDLE ---> EXITING
[2100:internal-dpl-clock]: [18:38:03][STATE] IDLE ---> EXITING
[2100:internal-dpl-clock]: [18:38:03][STATE] Exiting FairMQ state machine
[2103:GRPUpdater]: [18:38:03][STATE] Exiting FairMQ state machine
[2102:ITSDigitizer]: [18:38:03][STATE] RESETTING DEVICE ---> IDLE
[2102:ITSDigitizer]: [18:38:03][STATE] IDLE ---> EXITING
[2102:ITSDigitizer]: [18:38:03][STATE] Exiting FairMQ state machine
[2104:ITSDigitWriter]: [18:38:04][STATE] RUNNING ---> READY
[2104:ITSDigitWriter]: [18:38:04][STATE] READY ---> RESETTING TASK
[2104:ITSDigitWriter]: [18:38:04][STATE] RESETTING TASK ---> DEVICE READY
[2104:ITSDigitWriter]: [18:38:04][STATE] DEVICE READY ---> RESETTING DEVICE
[2104:ITSDigitWriter]: Cleaning up for shared memory id 'ca2969e8'...
[2104:ITSDigitWriter]: No region counter found. No regions to cleanup.
[2104:ITSDigitWriter]: Successfully removed 'fmq_ca2969e8_m_0'.
[2104:ITSDigitWriter]: Successfully removed 'fmq_ca2969e8_mng'.
[2104:ITSDigitWriter]: Successfully removed 'fmq_ca2969e8_mtx'.
[2104:ITSDigitWriter]: Successfully removed 'fmq_ca2969e8_cv'.
[2104:ITSDigitWriter]: [18:38:04][STATE] RESETTING DEVICE ---> IDLE
[2104:ITSDigitWriter]: [18:38:04][STATE] IDLE ---> EXITING
[2104:ITSDigitWriter]: [18:38:04][STATE] Exiting FairMQ state machine
[INFO] Dumping used configuration in dpl-config.json

==============================================================================================
3. Tracking
[INFO] Initialising O2 Data Processing Layer
[INFO] O2 Data Processing Layer initialised. We brake for nobody.
[INFO] Optimised build. O2DEBUG / LOG(DEBUG) / LOGF(DEBUG) / assert statement will not be shown.
[INFO] Redeployment of configuration asked.
[INFO] Starting internal-dpl-clock on pid 3183
[INFO] Starting its-digit-reader on pid 3184
[INFO] Starting its-clusterer on pid 3185
[INFO] Starting its-cluster-writer on pid 3186
[INFO] Starting its-tracker on pid 3187
[INFO] Starting its-track-writer on pid 3188
[INFO] Redeployment of configuration done.
[3187:its-tracker]: [INFO] Spawing new device its-tracker in process with pid 3187
[3184:its-digit-reader]: [INFO] Spawing new device its-digit-reader in process with pid 3184
[3186:its-cluster-writer]: [INFO] Spawing new device its-cluster-writer in process with pid 3186
[3188:its-track-writer]: [INFO] Spawing new device its-track-writer in process with pid 3188
[3185:its-clusterer]: [INFO] Spawing new device its-clusterer in process with pid 3185
[3186:its-cluster-writer]: [18:40:01][INFO] 
[3186:its-cluster-writer]:       ______      _    _______  _________ 
[3186:its-cluster-writer]:      / ____/___ _(_)_______   |/  /_  __ \    version 1.4.29
[3186:its-cluster-writer]:     / /_  / __ `/ / ___/__  /|_/ /_  / / /    build RELWITHDEBINFO
[3186:its-cluster-writer]:    / __/ / /_/ / / /    _  /  / / / /_/ /     https://github.com/FairRootGroup/FairMQ
[3186:its-cluster-writer]:   /_/    \__,_/_/_/     /_/  /_/  \___\_\     LGPL-3.0  © 2012-2020 GSI
[3186:its-cluster-writer]: 
[3187:its-tracker]: [18:40:01][INFO] 
[3187:its-tracker]:       ______      _    _______  _________ 
[3187:its-tracker]:      / ____/___ _(_)_______   |/  /_  __ \    version 1.4.29
[3187:its-tracker]:     / /_  / __ `/ / ___/__  /|_/ /_  / / /    build RELWITHDEBINFO
[3187:its-tracker]:    / __/ / /_/ / / /    _  /  / / / /_/ /     https://github.com/FairRootGroup/FairMQ
[3187:its-tracker]:   /_/    \__,_/_/_/     /_/  /_/  \___\_\     LGPL-3.0  © 2012-2020 GSI
[3187:its-tracker]: 
[3187:its-tracker]: [18:40:01][STATE] Starting FairMQ state machine --> IDLE
[3184:its-digit-reader]: [18:40:01][INFO] 
[3184:its-digit-reader]:       ______      _    _______  _________ 
[3184:its-digit-reader]:      / ____/___ _(_)_______   |/  /_  __ \    version 1.4.29
[3184:its-digit-reader]:     / /_  / __ `/ / ___/__  /|_/ /_  / / /    build RELWITHDEBINFO
[3184:its-digit-reader]:    / __/ / /_/ / / /    _  /  / / / /_/ /     https://github.com/FairRootGroup/FairMQ
[3184:its-digit-reader]:   /_/    \__,_/_/_/     /_/  /_/  \___\_\     LGPL-3.0  © 2012-2020 GSI
[3184:its-digit-reader]: 
[3186:its-cluster-writer]: [18:40:01][STATE] Starting FairMQ state machine --> IDLE
[3184:its-digit-reader]: [18:40:01][STATE] Starting FairMQ state machine --> IDLE
[3188:its-track-writer]: [18:40:01][INFO] 
[3188:its-track-writer]:       ______      _    _______  _________ 
[3188:its-track-writer]:      / ____/___ _(_)_______   |/  /_  __ \    version 1.4.29
[3188:its-track-writer]:     / /_  / __ `/ / ___/__  /|_/ /_  / / /    build RELWITHDEBINFO
[3188:its-track-writer]:    / __/ / /_/ / / /    _  /  / / / /_/ /     https://github.com/FairRootGroup/FairMQ
[3188:its-track-writer]:   /_/    \__,_/_/_/     /_/  /_/  \___\_\     LGPL-3.0  © 2012-2020 GSI
[3188:its-track-writer]: 
[3188:its-track-writer]: [18:40:01][STATE] Starting FairMQ state machine --> IDLE
[3186:its-cluster-writer]: 2021-05-20 18:40:01	Monitoring	[0;49mStdOut backend initialized[0m
[3183:internal-dpl-clock]: [INFO] Spawing new device internal-dpl-clock in process with pid 3183
[3184:its-digit-reader]: 2021-05-20 18:40:01	Monitoring	[0;49mStdOut backend initialized[0m
[3184:its-digit-reader]: [18:40:01][STATE] IDLE ---> INITIALIZING DEVICE
[3185:its-clusterer]: [18:40:01][INFO] 
[3185:its-clusterer]:       ______      _    _______  _________ 
[3185:its-clusterer]:      / ____/___ _(_)_______   |/  /_  __ \    version 1.4.29
[3185:its-clusterer]:     / /_  / __ `/ / ___/__  /|_/ /_  / / /    build RELWITHDEBINFO
[3185:its-clusterer]:    / __/ / /_/ / / /    _  /  / / / /_/ /     https://github.com/FairRootGroup/FairMQ
[3185:its-clusterer]:   /_/    \__,_/_/_/     /_/  /_/  \___\_\     LGPL-3.0  © 2012-2020 GSI
[3185:its-clusterer]: 
[3185:its-clusterer]: [18:40:01][STATE] Starting FairMQ state machine --> IDLE
[3185:its-clusterer]: 2021-05-20 18:40:01	Monitoring	[0;49mStdOut backend initialized[0m
[3185:its-clusterer]: [18:40:01][STATE] IDLE ---> INITIALIZING DEVICE
[3186:its-cluster-writer]: [18:40:01][STATE] IDLE ---> INITIALIZING DEVICE
[3187:its-tracker]: 2021-05-20 18:40:01	Monitoring	[0;49mStdOut backend initialized[0m
[3187:its-tracker]: [18:40:01][STATE] IDLE ---> INITIALIZING DEVICE
[3187:its-tracker]: 2021-05-20 18:40:01	Monitoring	[0;49mBuffering enabled (100)[0m
[3187:its-tracker]: [18:40:01][INFO] Created GPUReconstruction instance for device type CPU (1) 
[3188:its-track-writer]: 2021-05-20 18:40:01	Monitoring	[0;49mStdOut backend initialized[0m
[3188:its-track-writer]: [18:40:01][STATE] IDLE ---> INITIALIZING DEVICE
[3183:internal-dpl-clock]: [18:40:01][INFO] 
[3183:internal-dpl-clock]:       ______      _    _______  _________ 
[3183:internal-dpl-clock]:      / ____/___ _(_)_______   |/  /_  __ \    version 1.4.29
[3183:internal-dpl-clock]:     / /_  / __ `/ / ___/__  /|_/ /_  / / /    build RELWITHDEBINFO
[3183:internal-dpl-clock]:    / __/ / /_/ / / /    _  /  / / / /_/ /     https://github.com/FairRootGroup/FairMQ
[3183:internal-dpl-clock]:   /_/    \__,_/_/_/     /_/  /_/  \___\_\     LGPL-3.0  © 2012-2020 GSI
[3183:internal-dpl-clock]: 
[3183:internal-dpl-clock]: [18:40:01][STATE] Starting FairMQ state machine --> IDLE
[3183:internal-dpl-clock]: 2021-05-20 18:40:01	Monitoring	[0;49mStdOut backend initialized[0m
[3183:internal-dpl-clock]: [18:40:01][STATE] IDLE ---> INITIALIZING DEVICE
[3183:internal-dpl-clock]: 2021-05-20 18:40:01	Monitoring	[0;49mBuffering enabled (100)[0m
[3183:internal-dpl-clock]: [18:40:01][STATE] INITIALIZING DEVICE ---> INITIALIZED
[3183:internal-dpl-clock]: [18:40:01][STATE] INITIALIZED ---> BINDING
[3183:internal-dpl-clock]: [18:40:01][STATE] BINDING ---> BOUND
[3183:internal-dpl-clock]: [18:40:01][STATE] BOUND ---> CONNECTING
[3183:internal-dpl-clock]: [18:40:01][STATE] CONNECTING ---> DEVICE READY
[3183:internal-dpl-clock]: [18:40:01][STATE] DEVICE READY ---> INITIALIZING TASK
[3183:internal-dpl-clock]: [18:40:01][STATE] INITIALIZING TASK ---> READY
[3183:internal-dpl-clock]: [18:40:01][STATE] READY ---> RUNNING
[3183:internal-dpl-clock]: [18:40:01][INFO] DEVICE: Running...
[3184:its-digit-reader]: 2021-05-20 18:40:01	Monitoring	[0;49mBuffering enabled (100)[0m
[3185:its-clusterer]: 2021-05-20 18:40:01	Monitoring	[0;49mBuffering enabled (100)[0m
[3185:its-clusterer]: [18:40:01][INFO] Dictionary ITSdictionary.bin is absent, ITSClusterer expects cluster patterns
[3185:its-clusterer]: [18:40:01][INFO] Clusterizer masks overflow pixels separated by < 406 BC and <= 0 in row/col
[3185:its-clusterer]: [18:40:01][INFO] Inclusive clusterization timing (w/o disk IO): Cpu: 0 Real: 0 s in 1 slots
[3185:its-clusterer]: [18:40:01][INFO] Threads output merging timing                : Cpu: 0 Real: 0 s in 1 slots
[3185:its-clusterer]: [18:40:01][STATE] INITIALIZING DEVICE ---> INITIALIZED
[3185:its-clusterer]: [18:40:01][STATE] INITIALIZED ---> BINDING
[3185:its-clusterer]: [18:40:01][STATE] BINDING ---> BOUND
[3185:its-clusterer]: [18:40:01][STATE] BOUND ---> CONNECTING
[3185:its-clusterer]: [18:40:01][STATE] CONNECTING ---> DEVICE READY
[3185:its-clusterer]: [18:40:01][STATE] DEVICE READY ---> INITIALIZING TASK
[3185:its-clusterer]: [18:40:01][STATE] INITIALIZING TASK ---> READY
[3185:its-clusterer]: [18:40:01][STATE] READY ---> RUNNING
[3185:its-clusterer]: [18:40:01][INFO] DEVICE: Running...
[3184:its-digit-reader]: [18:40:01][STATE] INITIALIZING DEVICE ---> INITIALIZED
[3184:its-digit-reader]: [18:40:01][STATE] INITIALIZED ---> BINDING
[3184:its-digit-reader]: [18:40:01][STATE] BINDING ---> BOUND
[3184:its-digit-reader]: [18:40:01][STATE] BOUND ---> CONNECTING
[3184:its-digit-reader]: [18:40:01][STATE] CONNECTING ---> DEVICE READY
[3184:its-digit-reader]: [18:40:01][STATE] DEVICE READY ---> INITIALIZING TASK
[3184:its-digit-reader]: [18:40:01][STATE] INITIALIZING TASK ---> READY
[3184:its-digit-reader]: [18:40:01][STATE] READY ---> RUNNING
[3184:its-digit-reader]: [18:40:01][INFO] DEVICE: Running...
[3188:its-track-writer]: 2021-05-20 18:40:01	Monitoring	[0;49mBuffering enabled (100)[0m
[3188:its-track-writer]: [18:40:01][INFO] 0: branch  ITSTrack set up
[3188:its-track-writer]: [18:40:01][INFO] 1: branch  ITSTrackClusIdx set up
[3188:its-track-writer]: [18:40:01][INFO] 2: branch  Vertices set up
[3188:its-track-writer]: [18:40:01][INFO] 3: branch  VerticesROF set up
[3188:its-track-writer]: [18:40:01][INFO] 4: branch  ITSTracksROF set up
[3188:its-track-writer]: [18:40:01][INFO] 5: branch  ITSTrackMCTruth set up
[3188:its-track-writer]: [18:40:01][INFO] 6: branch  ITSTracksMC2ROF set up
[3188:its-track-writer]: [18:40:01][STATE] INITIALIZING DEVICE ---> INITIALIZED
[3188:its-track-writer]: [18:40:01][STATE] INITIALIZED ---> BINDING
[3188:its-track-writer]: [18:40:01][STATE] BINDING ---> BOUND
[3188:its-track-writer]: [18:40:01][STATE] BOUND ---> CONNECTING
[3188:its-track-writer]: [18:40:01][STATE] CONNECTING ---> DEVICE READY
[3188:its-track-writer]: [18:40:01][STATE] DEVICE READY ---> INITIALIZING TASK
[3188:its-track-writer]: [18:40:01][STATE] INITIALIZING TASK ---> READY
[3188:its-track-writer]: [18:40:01][STATE] READY ---> RUNNING
[3188:its-track-writer]: [18:40:01][INFO] DEVICE: Running...
[3186:its-cluster-writer]: 2021-05-20 18:40:01	Monitoring	[0;49mBuffering enabled (100)[0m
[3186:its-cluster-writer]: [18:40:01][INFO] 0: branch  ITSClusterComp set up
[3186:its-cluster-writer]: [18:40:01][INFO] 1: branch  ITSClusterPatt set up
[3186:its-cluster-writer]: [18:40:01][INFO] 2: branch  ITSClustersROF set up
[3186:its-cluster-writer]: [18:40:01][INFO] 3: branch  ITSClusterMCTruth set up
[3186:its-cluster-writer]: [18:40:01][INFO] 4: branch  ITSClustersMC2ROF set up
[3186:its-cluster-writer]: [18:40:01][STATE] INITIALIZING DEVICE ---> INITIALIZED
[3186:its-cluster-writer]: [18:40:01][STATE] INITIALIZED ---> BINDING
[3187:its-tracker]: [18:40:01][INFO] MagneticField::Print: MagneticFieldMap:
[3187:its-tracker]: [18:40:01][INFO] MagneticField::Print: Solenoid (-1*)5 kG, Dipole ON (-1) 
[3187:its-tracker]: [18:40:01][INFO] MagneticField::Print: Machine B fields for p-p  beam (7000 GeV): QGrad: 22.0002 Dipole: 37.8781
[3187:its-tracker]: [18:40:01][INFO] MagneticField::Print: Uses Sol30_Dip6_Hole  of /cvmfs/alice.cern.ch/el7-x86_64/Packages/O2/nightly-20210129-1/share/Common/maps/mfchebKGI_sym.root
[3186:its-cluster-writer]: [18:40:01][STATE] BINDING ---> BOUND
[3186:its-cluster-writer]: [18:40:01][STATE] BOUND ---> CONNECTING
[3186:its-cluster-writer]: [18:40:01][STATE] CONNECTING ---> DEVICE READY
[3186:its-cluster-writer]: [18:40:01][STATE] DEVICE READY ---> INITIALIZING TASK
[3187:its-tracker]: Info in <TGeoGlobalMagField::SetField>: Global magnetic field set to <MagneticFieldMap>
[3187:its-tracker]: Info in <TGeoGlobalMagField::Lock>: Global magnetic field <MagneticFieldMap> is now locked
[3186:its-cluster-writer]: [18:40:01][STATE] INITIALIZING TASK ---> READY
[3186:its-cluster-writer]: [18:40:01][STATE] READY ---> RUNNING
[3187:its-tracker]: [18:40:01][INFO] Loading geometry FAIRGeom from o2sim_geometry.root
[3186:its-cluster-writer]: [18:40:01][INFO] DEVICE: Running...
[3187:its-tracker]: Info in <TGeoManager::CloseGeometry>: Geometry loaded from file...
[3187:its-tracker]: Info in <TGeoManager::SetTopVolume>: Top volume is cave. Master volume is cave
[3187:its-tracker]: Info in <TGeoNavigator::BuildCache>: --- Maximum geometry depth set to 100
[3187:its-tracker]: Info in <TGeoManager::CloseGeometry>: Voxelization retrieved from file
[3187:its-tracker]: Info in <TGeoManager::CountLevels>: max level = 9, max placements = 126
[3187:its-tracker]: Info in <TGeoManager::CloseGeometry>: 179840 nodes/ 399 volume UID's in FAIR geometry
[3187:its-tracker]: Info in <TGeoManager::CloseGeometry>: ----------------modeler ready----------------
[3187:its-tracker]: [18:40:02][INFO] Loading ITS T2L matrices from TGeo
[3184:its-digit-reader]: [18:40:02][INFO] ITSDigitReader pushed 904768 digits, in 24 RO frames
[3185:its-clusterer]: [18:40:02][INFO] ITSClusterer pulled 904768 digits, in 24 RO frames
[3185:its-clusterer]: [18:40:02][INFO] ITSClusterer pulled 909917 labels 
[3187:its-tracker]: [18:40:02][WARN] It is faster to use 2D rotation for T2G instead of full Transform3D matrices
[3187:its-tracker]: [18:40:02][INFO] Loading ITS T2G matrices from TGeo
[3185:its-clusterer]: [18:40:02][INFO] ITSClusterer pushed 190860 clusters, in 24 RO frames
[3186:its-cluster-writer]: [18:40:02][INFO] ITSClusterWriter pulled 190860 clusters, in 24 RO frames
[3187:its-tracker]: [18:40:02][INFO] Loading ITS T2G rotation 2D matrices
[3187:its-tracker]: [18:40:02][INFO] Initializing tracker in sync. phase reconstruction with 1 passes
[3187:its-tracker]: [18:40:02][INFO] Not using lookup table for material budget approximation
[3187:its-tracker]: [18:40:02][INFO] Dictionary ITSdictionary.bin is absent, Tracker expects cluster patterns
[3187:its-tracker]: [18:40:02][STATE] INITIALIZING DEVICE ---> INITIALIZED
[3187:its-tracker]: [18:40:02][STATE] INITIALIZED ---> BINDING
[3187:its-tracker]: [18:40:02][STATE] BINDING ---> BOUND
[3187:its-tracker]: [18:40:02][STATE] BOUND ---> CONNECTING
[3187:its-tracker]: [18:40:02][STATE] CONNECTING ---> DEVICE READY
[3187:its-tracker]: [18:40:02][STATE] DEVICE READY ---> INITIALIZING TASK
[3187:its-tracker]: [18:40:02][STATE] INITIALIZING TASK ---> READY
[3187:its-tracker]: [18:40:02][STATE] READY ---> RUNNING
[3187:its-tracker]: [18:40:02][INFO] DEVICE: Running...
[3187:its-tracker]: [18:40:02][INFO] ITSTracker pulled 190860 clusters, 24 RO frames
[3187:its-tracker]: [18:40:02][INFO] 190860 MC label objects , in 10 MC events
[3187:its-tracker]: [18:40:02][INFO] ITSTracker RO: continuous=1
[3187:its-tracker]: [18:40:02][INFO] Loading ITS L2G matrices from TGeo
[3187:its-tracker]: [18:40:02][INFO] ROframe: 0, clusters loaded : 1283
[3187:its-tracker]:  - Vertexer initialisation completed in: 0.17277 ms
[3187:its-tracker]:  - Tracklet finding completed in: 0.00564 ms
[3187:its-tracker]:  - Adjacent tracklets validation completed in: 0.003213 ms
[3187:its-tracker]:  - Vertex finding completed in: 0.00679 ms
[3187:its-tracker]: [18:40:02][INFO] Found tracks: 0
[3187:its-tracker]: [18:40:02][INFO] ROframe: 1, clusters loaded : 1267
[3187:its-tracker]:  - Vertexer initialisation completed in: 0.146221 ms
[3187:its-tracker]:  - Tracklet finding completed in: 0.021857 ms
[3187:its-tracker]:  - Adjacent tracklets validation completed in: 0.000621 ms
[3187:its-tracker]:  - Vertex finding completed in: 0.000389 ms
[3187:its-tracker]: [18:40:02][INFO] Found tracks: 0
[3187:its-tracker]: [18:40:02][INFO] ROframe: 2, clusters loaded : 1323
[3187:its-tracker]:  - Vertexer initialisation completed in: 0.117896 ms
[3187:its-tracker]:  - Tracklet finding completed in: 0.000677 ms
[3187:its-tracker]:  - Adjacent tracklets validation completed in: 0.000264 ms
[3187:its-tracker]:  - Vertex finding completed in: 0.000198 ms
[3187:its-tracker]: [18:40:02][INFO] Found tracks: 0
[3187:its-tracker]: [18:40:02][INFO] ROframe: 3, clusters loaded : 1229
[3187:its-tracker]:  - Vertexer initialisation completed in: 0.129106 ms
[3187:its-tracker]:  - Tracklet finding completed in: 0.00065 ms
[3187:its-tracker]:  - Adjacent tracklets validation completed in: 0.000119 ms
[3187:its-tracker]:  - Vertex finding completed in: 0.000213 ms
[3187:its-tracker]: [18:40:02][INFO] Found tracks: 0
[3187:its-tracker]: [18:40:02][INFO] ROframe: 4, clusters loaded : 1245
[3187:its-tracker]:  - Vertexer initialisation completed in: 0.121458 ms
[3187:its-tracker]:  - Tracklet finding completed in: 0.00072 ms
[3187:its-tracker]:  - Adjacent tracklets validation completed in: 0.000196 ms
[3187:its-tracker]:  - Vertex finding completed in: 0.000203 ms
[3187:its-tracker]: [18:40:02][INFO] Found tracks: 0
[3187:its-tracker]: [18:40:02][INFO] ROframe: 5, clusters loaded : 1248
[3187:its-tracker]:  - Vertexer initialisation completed in: 0.115284 ms
[3187:its-tracker]:  - Tracklet finding completed in: 0.000831 ms
[3187:its-tracker]:  - Adjacent tracklets validation completed in: 0.000271 ms
[3187:its-tracker]:  - Vertex finding completed in: 0.000286 ms
[3187:its-tracker]: [18:40:02][INFO] Found tracks: 0
[3187:its-tracker]: [18:40:02][INFO] ROframe: 6, clusters loaded : 1259
[3187:its-tracker]:  - Vertexer initialisation completed in: 0.120155 ms
[3187:its-tracker]:  - Tracklet finding completed in: 0.000802 ms
[3187:its-tracker]:  - Adjacent tracklets validation completed in: 0.000203 ms
[3187:its-tracker]:  - Vertex finding completed in: 0.000294 ms
[3187:its-tracker]: [18:40:02][INFO] Found tracks: 0
[3187:its-tracker]: [18:40:02][INFO] ROframe: 7, clusters loaded : 1258
[3187:its-tracker]:  - Vertexer initialisation completed in: 0.109301 ms
[3187:its-tracker]:  - Tracklet finding completed in: 0.000826 ms
[3187:its-tracker]:  - Adjacent tracklets validation completed in: 0.000128 ms
[3187:its-tracker]:  - Vertex finding completed in: 0.000224 ms
[3187:its-tracker]: [18:40:02][INFO] Found tracks: 0
[3187:its-tracker]: [18:40:02][INFO] ROframe: 8, clusters loaded : 1247
[3187:its-tracker]:  - Vertexer initialisation completed in: 0.107751 ms
[3187:its-tracker]:  - Tracklet finding completed in: 0.002374 ms
[3187:its-tracker]:  - Adjacent tracklets validation completed in: 0.000172 ms
[3187:its-tracker]:  - Vertex finding completed in: 0.000201 ms
[3187:its-tracker]: [18:40:02][INFO] Found tracks: 0
[3187:its-tracker]: [18:40:02][INFO] ROframe: 9, clusters loaded : 1249
[3187:its-tracker]:  - Vertexer initialisation completed in: 0.11006 ms
[3187:its-tracker]:  - Tracklet finding completed in: 0.001388 ms
[3187:its-tracker]:  - Adjacent tracklets validation completed in: 0.000175 ms
[3187:its-tracker]:  - Vertex finding completed in: 0.000218 ms
[3187:its-tracker]: [18:40:02][INFO] Found tracks: 0
[3187:its-tracker]: [18:40:02][INFO] ROframe: 10, clusters loaded : 1258
[3187:its-tracker]:  - Vertexer initialisation completed in: 0.110468 ms
[3187:its-tracker]:  - Tracklet finding completed in: 0.000793 ms
[3187:its-tracker]:  - Adjacent tracklets validation completed in: 0.000166 ms
[3187:its-tracker]:  - Vertex finding completed in: 0.000263 ms
[3187:its-tracker]: [18:40:02][INFO] Found tracks: 0
[3187:its-tracker]: [18:40:02][INFO] ROframe: 11, clusters loaded : 12329
[3187:its-tracker]:  - Vertexer initialisation completed in: 0.527244 ms
[3187:its-tracker]:  - Tracklet finding completed in: 0.91259 ms
[3187:its-tracker]:  - Adjacent tracklets validation completed in: 0.158738 ms
[3187:its-tracker]:  - Vertex finding completed in: 0.091336 ms
[3187:its-tracker]: 		Found vertex with:    597 contributors
[3187:its-tracker]:  - Context initialisation completed in: 2.5654 ms
[3187:its-tracker]:  - Tracklet finding completed in: 2.82854 ms
[3187:its-tracker]:  - Cell finding completed in: 1.09389 ms
[3187:its-tracker]:  - Neighbour finding completed in: 0.310507 ms
[3187:its-tracker]:  - Road finding completed in: 0.202256 ms
[3187:its-tracker]:  - Track finding completed in: 5.36799 ms
[3187:its-tracker]:  - Vertex processing completed in: 12.3686ms
[3187:its-tracker]:  - Context initialisation completed in: 0.112128 ms
[3187:its-tracker]:  - Tracklet finding completed in: 1.95474 ms
[3187:its-tracker]:  - Cell finding completed in: 0.408071 ms
[3187:its-tracker]:  - Neighbour finding completed in: 0.096074 ms
[3187:its-tracker]:  - Road finding completed in: 0.001448 ms
[3187:its-tracker]:  - Track finding completed in: 0.000357 ms
[3187:its-tracker]:  - Vertex processing completed in: 2.57282ms
[3187:its-tracker]: [18:40:02][INFO] Found tracks: 474
[3187:its-tracker]: [18:40:02][INFO] ROframe: 12, clusters loaded : 3423
[3187:its-tracker]:  - Vertexer initialisation completed in: 0.23758 ms
[3187:its-tracker]:  - Tracklet finding completed in: 0.116959 ms
[3187:its-tracker]:  - Adjacent tracklets validation completed in: 0.016527 ms
[3187:its-tracker]:  - Vertex finding completed in: 0.020952 ms
[3187:its-tracker]: 		Found vertex with:    101 contributors
[3187:its-tracker]:  - Context initialisation completed in: 1.16108 ms
[3187:its-tracker]:  - Tracklet finding completed in: 0.478913 ms
[3187:its-tracker]:  - Cell finding completed in: 0.097912 ms
[3187:its-tracker]:  - Neighbour finding completed in: 0.042421 ms
[3187:its-tracker]:  - Road finding completed in: 0.011132 ms
[3187:its-tracker]:  - Track finding completed in: 0.993986 ms
[3187:its-tracker]:  - Vertex processing completed in: 2.78544ms
[3187:its-tracker]:  - Context initialisation completed in: 0.022111 ms
[3187:its-tracker]:  - Tracklet finding completed in: 0.444476 ms
[3187:its-tracker]:  - Cell finding completed in: 0.04814 ms
[3187:its-tracker]:  - Neighbour finding completed in: 0.019131 ms
[3187:its-tracker]:  - Road finding completed in: 0.000367 ms
[3187:its-tracker]:  - Track finding completed in: 0.000258 ms
[3187:its-tracker]:  - Vertex processing completed in: 0.534483ms
[3187:its-tracker]: [18:40:02][INFO] Found tracks: 86
[3187:its-tracker]: [18:40:02][INFO] ROframe: 13, clusters loaded : 45709
[3187:its-tracker]:  - Vertexer initialisation completed in: 2.34548 ms
[3187:its-tracker]:  - Tracklet finding completed in: 10.7464 ms
[3187:its-tracker]:  - Adjacent tracklets validation completed in: 2.63707 ms
[3187:its-tracker]:  - Vertex finding completed in: 0.377606 ms
[3187:its-tracker]: 		Found vertex with:   2261 contributors
[3187:its-tracker]: 		Found vertex with:     95 contributors
[3187:its-tracker]:  - Context initialisation completed in: 2.51003 ms
[3187:its-tracker]:  - Tracklet finding completed in: 20.9773 ms
[3187:its-tracker]:  - Cell finding completed in: 12.6671 ms
[3187:its-tracker]:  - Neighbour finding completed in: 1.38302 ms
[3187:its-tracker]:  - Road finding completed in: 0.616769 ms
[3187:its-tracker]:  - Track finding completed in: 21.673 ms
[3187:its-tracker]:  - Vertex processing completed in: 59.8272ms
[3187:its-tracker]:  - Context initialisation completed in: 0.592338 ms
[3187:its-tracker]:  - Tracklet finding completed in: 12.623 ms
[3187:its-tracker]:  - Cell finding completed in: 2.34027 ms
[3187:its-tracker]:  - Neighbour finding completed in: 0.087276 ms
[3187:its-tracker]:  - Road finding completed in: 0.010967 ms
[3187:its-tracker]:  - Track finding completed in: 1.29439 ms
[3187:its-tracker]:  - Vertex processing completed in: 16.9483ms
[3187:its-tracker]:  - Context initialisation completed in: 0.17464 ms
[3187:its-tracker]:  - Tracklet finding completed in: 12.4805 ms
[3187:its-tracker]:  - Cell finding completed in: 4.04748 ms
[3187:its-tracker]:  - Neighbour finding completed in: 0.39313 ms
[3187:its-tracker]:  - Road finding completed in: 0.002473 ms
[3187:its-tracker]:  - Track finding completed in: 0.000892 ms
[3187:its-tracker]:  - Vertex processing completed in: 17.0991ms
[3187:its-tracker]:  - Context initialisation completed in: 0.282343 ms
[3187:its-tracker]:  - Tracklet finding completed in: 12.0345 ms
[3187:its-tracker]:  - Cell finding completed in: 2.0428 ms
[3187:its-tracker]:  - Neighbour finding completed in: 0.030634 ms
[3187:its-tracker]:  - Road finding completed in: 0.000517 ms
[3187:its-tracker]:  - Track finding completed in: 0.000924 ms
[3187:its-tracker]:  - Vertex processing completed in: 14.3917ms
[3187:its-tracker]: [18:40:03][INFO] Found tracks: 2032
[3187:its-tracker]: [18:40:03][INFO] ROframe: 14, clusters loaded : 1226
[3187:its-tracker]:  - Vertexer initialisation completed in: 0.198437 ms
[3187:its-tracker]:  - Tracklet finding completed in: 0.003238 ms
[3187:its-tracker]:  - Adjacent tracklets validation completed in: 0.000963 ms
[3187:its-tracker]:  - Vertex finding completed in: 0.00099 ms
[3187:its-tracker]: [18:40:03][INFO] Found tracks: 0
[3187:its-tracker]: [18:40:03][INFO] ROframe: 15, clusters loaded : 1270
[3187:its-tracker]:  - Vertexer initialisation completed in: 0.214759 ms
[3187:its-tracker]:  - Tracklet finding completed in: 0.001534 ms
[3187:its-tracker]:  - Adjacent tracklets validation completed in: 0.000439 ms
[3187:its-tracker]:  - Vertex finding completed in: 0.000462 ms
[3187:its-tracker]: [18:40:03][INFO] Found tracks: 0
[3187:its-tracker]: [18:40:03][INFO] ROframe: 16, clusters loaded : 1222
[3187:its-tracker]:  - Vertexer initialisation completed in: 0.213045 ms
[3187:its-tracker]:  - Tracklet finding completed in: 0.001036 ms
[3187:its-tracker]:  - Adjacent tracklets validation completed in: 0.000317 ms
[3187:its-tracker]:  - Vertex finding completed in: 0.000369 ms
[3187:its-tracker]: [18:40:03][INFO] Found tracks: 0
[3187:its-tracker]: [18:40:03][INFO] ROframe: 17, clusters loaded : 1285
[3187:its-tracker]:  - Vertexer initialisation completed in: 0.149434 ms
[3187:its-tracker]:  - Tracklet finding completed in: 0.001211 ms
[3187:its-tracker]:  - Adjacent tracklets validation completed in: 0.00031 ms
[3187:its-tracker]:  - Vertex finding completed in: 0.000329 ms
[3187:its-tracker]: [18:40:03][INFO] Found tracks: 0
[3187:its-tracker]: [18:40:03][INFO] ROframe: 18, clusters loaded : 69229
[3187:its-tracker]:  - Vertexer initialisation completed in: 2.95385 ms
[3187:its-tracker]:  - Tracklet finding completed in: 18.3948 ms
[3187:its-tracker]:  - Adjacent tracklets validation completed in: 5.68794 ms
[3187:its-tracker]:  - Vertex finding completed in: 0.557668 ms
[3187:its-tracker]: 		Found vertex with:   1893 contributors
[3187:its-tracker]: 		Found vertex with:    777 contributors
[3187:its-tracker]:  - Context initialisation completed in: 3.23512 ms
[3187:its-tracker]:  - Tracklet finding completed in: 36.7062 ms
[3187:its-tracker]:  - Cell finding completed in: 30.8917 ms
[3187:its-tracker]:  - Neighbour finding completed in: 1.49403 ms
[3187:its-tracker]:  - Road finding completed in: 0.382405 ms
[3187:its-tracker]:  - Track finding completed in: 18.4825 ms
[3187:its-tracker]:  - Vertex processing completed in: 91.192ms
[3187:its-tracker]:  - Context initialisation completed in: 0.689625 ms
[3187:its-tracker]:  - Tracklet finding completed in: 27.1227 ms
[3187:its-tracker]:  - Cell finding completed in: 10.8499 ms
[3187:its-tracker]:  - Neighbour finding completed in: 0.533613 ms
[3187:its-tracker]:  - Road finding completed in: 0.091261 ms
[3187:its-tracker]:  - Track finding completed in: 7.42305 ms
[3187:its-tracker]:  - Vertex processing completed in: 46.7101ms
[3187:its-tracker]:  - Context initialisation completed in: 0.41841 ms
[3187:its-tracker]:  - Tracklet finding completed in: 25.0672 ms
[3187:its-tracker]:  - Cell finding completed in: 9.95894 ms
[3187:its-tracker]:  - Neighbour finding completed in: 0.446542 ms
[3187:its-tracker]:  - Road finding completed in: 0.00572 ms
[3187:its-tracker]:  - Track finding completed in: 0.000612 ms
[3187:its-tracker]:  - Vertex processing completed in: 35.8974ms
[3187:its-tracker]:  - Context initialisation completed in: 0.380561 ms
[3187:its-tracker]:  - Tracklet finding completed in: 25.5513 ms
[3187:its-tracker]:  - Cell finding completed in: 10.5273 ms
[3187:its-tracker]:  - Neighbour finding completed in: 0.268021 ms
[3187:its-tracker]:  - Road finding completed in: 0.00257 ms
[3187:its-tracker]:  - Track finding completed in: 0.000489 ms
[3187:its-tracker]:  - Vertex processing completed in: 36.7302ms
[3187:its-tracker]: [18:40:03][INFO] Found tracks: 2386
[3187:its-tracker]: [18:40:03][INFO] ROframe: 19, clusters loaded : 26233
[3187:its-tracker]:  - Vertexer initialisation completed in: 1.69737 ms
[3187:its-tracker]:  - Tracklet finding completed in: 3.53347 ms
[3187:its-tracker]:  - Adjacent tracklets validation completed in: 0.639982 ms
[3187:its-tracker]:  - Vertex finding completed in: 0.139706 ms
[3187:its-tracker]: 		Found vertex with:   1289 contributors
[3187:its-tracker]:  - Context initialisation completed in: 1.67373 ms
[3187:its-tracker]:  - Tracklet finding completed in: 8.13807 ms
[3187:its-tracker]:  - Cell finding completed in: 3.92302 ms
[3187:its-tracker]:  - Neighbour finding completed in: 0.554543 ms
[3187:its-tracker]:  - Road finding completed in: 0.15204 ms
[3187:its-tracker]:  - Track finding completed in: 10.8591 ms
[3187:its-tracker]:  - Vertex processing completed in: 25.3004ms
[3187:its-tracker]:  - Context initialisation completed in: 0.288609 ms
[3187:its-tracker]:  - Tracklet finding completed in: 5.6633 ms
[3187:its-tracker]:  - Cell finding completed in: 1.44881 ms
[3187:its-tracker]:  - Neighbour finding completed in: 0.159442 ms
[3187:its-tracker]:  - Road finding completed in: 0.001219 ms
[3187:its-tracker]:  - Track finding completed in: 0.000454 ms
[3187:its-tracker]:  - Vertex processing completed in: 7.56183ms
[3187:its-tracker]: [18:40:03][INFO] Found tracks: 1095
[3187:its-tracker]: [18:40:03][INFO] ROframe: 20, clusters loaded : 1790
[3187:its-tracker]:  - Vertexer initialisation completed in: 0.142594 ms
[3187:its-tracker]:  - Tracklet finding completed in: 0.018233 ms
[3187:its-tracker]:  - Adjacent tracklets validation completed in: 0.003214 ms
[3187:its-tracker]:  - Vertex finding completed in: 0.0084 ms
[3187:its-tracker]: 		Found vertex with:     28 contributors
[3187:its-tracker]:  - Context initialisation completed in: 1.13369 ms
[3187:its-tracker]:  - Tracklet finding completed in: 0.199074 ms
[3187:its-tracker]:  - Cell finding completed in: 0.019112 ms
[3187:its-tracker]:  - Neighbour finding completed in: 0.00963 ms
[3187:its-tracker]:  - Road finding completed in: 0.005235 ms
[3187:its-tracker]:  - Track finding completed in: 0.213896 ms
[3187:its-tracker]:  - Vertex processing completed in: 1.58064ms
[3187:its-tracker]:  - Context initialisation completed in: 0.005671 ms
[3187:its-tracker]:  - Tracklet finding completed in: 0.143356 ms
[3187:its-tracker]:  - Cell finding completed in: 0.01005 ms
[3187:its-tracker]:  - Neighbour finding completed in: 0.003959 ms
[3187:its-tracker]:  - Road finding completed in: 0.000161 ms
[3187:its-tracker]:  - Track finding completed in: 9.8e-05 ms
[3187:its-tracker]:  - Vertex processing completed in: 0.163295ms
[3187:its-tracker]: [18:40:03][INFO] Found tracks: 20
[3187:its-tracker]: [18:40:03][INFO] ROframe: 21, clusters loaded : 1281
[3187:its-tracker]:  - Vertexer initialisation completed in: 0.146252 ms
[3187:its-tracker]:  - Tracklet finding completed in: 0.001112 ms
[3187:its-tracker]:  - Adjacent tracklets validation completed in: 0.000528 ms
[3187:its-tracker]:  - Vertex finding completed in: 0.000701 ms
[3187:its-tracker]: [18:40:03][INFO] Found tracks: 0
[3187:its-tracker]: [18:40:03][INFO] ROframe: 22, clusters loaded : 2503
[3187:its-tracker]:  - Vertexer initialisation completed in: 0.150895 ms
[3187:its-tracker]:  - Tracklet finding completed in: 0.037005 ms
[3187:its-tracker]:  - Adjacent tracklets validation completed in: 0.007289 ms
[3187:its-tracker]:  - Vertex finding completed in: 0.01238 ms
[3187:its-tracker]: 		Found vertex with:     78 contributors
[3187:its-tracker]:  - Context initialisation completed in: 0.998257 ms
[3187:its-tracker]:  - Tracklet finding completed in: 0.296507 ms
[3187:its-tracker]:  - Cell finding completed in: 0.045261 ms
[3187:its-tracker]:  - Neighbour finding completed in: 0.029447 ms
[3187:its-tracker]:  - Road finding completed in: 0.00915 ms
[3187:its-tracker]:  - Track finding completed in: 0.490352 ms
[3187:its-tracker]:  - Vertex processing completed in: 1.86897ms
[3187:its-tracker]:  - Context initialisation completed in: 0.012497 ms
[3187:its-tracker]:  - Tracklet finding completed in: 0.223326 ms
[3187:its-tracker]:  - Cell finding completed in: 0.022908 ms
[3187:its-tracker]:  - Neighbour finding completed in: 0.008042 ms
[3187:its-tracker]:  - Road finding completed in: 0.000209 ms
[3187:its-tracker]:  - Track finding completed in: 0.000257 ms
[3187:its-tracker]:  - Vertex processing completed in: 0.267239ms
[3187:its-tracker]: [18:40:03][INFO] Found tracks: 60
[3187:its-tracker]: [18:40:03][INFO] ROframe: 23, clusters loaded : 9494
[3187:its-tracker]:  - Vertexer initialisation completed in: 0.422475 ms
[3187:its-tracker]:  - Tracklet finding completed in: 0.419956 ms
[3187:its-tracker]:  - Adjacent tracklets validation completed in: 0.094085 ms
[3187:its-tracker]:  - Vertex finding completed in: 0.057869 ms
[3187:its-tracker]: 		Found vertex with:    453 contributors
[3187:its-tracker]:  - Context initialisation completed in: 1.15672 ms
[3187:its-tracker]:  - Tracklet finding completed in: 1.76214 ms
[3187:its-tracker]:  - Cell finding completed in: 0.560351 ms
[3187:its-tracker]:  - Neighbour finding completed in: 0.16284 ms
[3187:its-tracker]:  - Road finding completed in: 0.040345 ms
[3187:its-tracker]:  - Track finding completed in: 3.31342 ms
[3187:its-tracker]:  - Vertex processing completed in: 6.99581ms
[3187:its-tracker]:  - Context initialisation completed in: 0.079055 ms
[3187:its-tracker]:  - Tracklet finding completed in: 1.24609 ms
[3187:its-tracker]:  - Cell finding completed in: 0.216092 ms
[3187:its-tracker]:  - Neighbour finding completed in: 0.046641 ms
[3187:its-tracker]:  - Road finding completed in: 0.000516 ms
[3187:its-tracker]:  - Track finding completed in: 0.000219 ms
[3187:its-tracker]:  - Vertex processing completed in: 1.58861ms
[3187:its-tracker]: [18:40:03][INFO] Found tracks: 367
[3187:its-tracker]: [18:40:03][INFO] ITSTracker pushed 6520 tracks
[3187:its-tracker]: [18:40:03][INFO] ITS CA-Tracker total timing: Cpu: 5.900e-01 Real: 5.860e-01 s in 1 slots
[3188:its-track-writer]: [18:40:03][INFO] ITSTrackWriter pulled 6520 tracks, in 24 RO frames
[INFO] Quitting
[INFO] QUIT_REQUESTED
[3183:internal-dpl-clock]: [18:40:03][INFO] Received device shutdown request (signal 15).
[3183:internal-dpl-clock]: [18:40:03][INFO] Waiting for graceful device shutdown. Hit Ctrl-C again to abort immediately.
[3187:its-tracker]: [18:40:03][INFO] Received device shutdown request (signal 15).
[3187:its-tracker]: [18:40:03][INFO] Waiting for graceful device shutdown. Hit Ctrl-C again to abort immediately.
[3186:its-cluster-writer]: [18:40:03][INFO] Received device shutdown request (signal 15).
[3186:its-cluster-writer]: [18:40:03][INFO] Waiting for graceful device shutdown. Hit Ctrl-C again to abort immediately.
[3184:its-digit-reader]: [18:40:03][INFO] Received device shutdown request (signal 15).
[3184:its-digit-reader]: [18:40:03][INFO] Waiting for graceful device shutdown. Hit Ctrl-C again to abort immediately.
[3188:its-track-writer]: [18:40:03][INFO] Received device shutdown request (signal 15).
[3188:its-track-writer]: [18:40:03][INFO] Waiting for graceful device shutdown. Hit Ctrl-C again to abort immediately.
[3185:its-clusterer]: [18:40:03][INFO] Received device shutdown request (signal 15).
[3185:its-clusterer]: [18:40:03][INFO] Waiting for graceful device shutdown. Hit Ctrl-C again to abort immediately.
[3184:its-digit-reader]: [18:40:03][STATE] RUNNING ---> READY
[3184:its-digit-reader]: [18:40:03][STATE] READY ---> RESETTING TASK
[3184:its-digit-reader]: [18:40:03][STATE] RESETTING TASK ---> DEVICE READY
[3184:its-digit-reader]: [18:40:03][STATE] DEVICE READY ---> RESETTING DEVICE
[3184:its-digit-reader]: [18:40:03][STATE] RESETTING DEVICE ---> IDLE
[3184:its-digit-reader]: [18:40:03][STATE] IDLE ---> EXITING
[3184:its-digit-reader]: [18:40:03][STATE] Exiting FairMQ state machine
[3183:internal-dpl-clock]: [18:40:03][STATE] RUNNING ---> READY
[3187:its-tracker]: [18:40:03][STATE] RUNNING ---> READY
[3183:internal-dpl-clock]: [18:40:03][STATE] READY ---> RESETTING TASK
[3183:internal-dpl-clock]: [18:40:03][STATE] RESETTING TASK ---> DEVICE READY
[3183:internal-dpl-clock]: [18:40:03][STATE] DEVICE READY ---> RESETTING DEVICE
[3187:its-tracker]: [18:40:03][STATE] READY ---> RESETTING TASK
[3187:its-tracker]: [18:40:03][STATE] RESETTING TASK ---> DEVICE READY
[3187:its-tracker]: [18:40:03][STATE] DEVICE READY ---> RESETTING DEVICE
[3185:its-clusterer]: [18:40:03][STATE] RUNNING ---> READY
[3185:its-clusterer]: [18:40:03][STATE] READY ---> RESETTING TASK
[3185:its-clusterer]: [18:40:03][STATE] RESETTING TASK ---> DEVICE READY
[3185:its-clusterer]: [18:40:03][STATE] DEVICE READY ---> RESETTING DEVICE
[3183:internal-dpl-clock]: [18:40:03][STATE] RESETTING DEVICE ---> IDLE
[3183:internal-dpl-clock]: [18:40:03][STATE] IDLE ---> EXITING
[3187:its-tracker]: [18:40:03][STATE] RESETTING DEVICE ---> IDLE
[3183:internal-dpl-clock]: [18:40:03][STATE] Exiting FairMQ state machine
[3187:its-tracker]: [18:40:03][STATE] IDLE ---> EXITING
[3187:its-tracker]: [18:40:03][STATE] Exiting FairMQ state machine
[3185:its-clusterer]: [18:40:03][STATE] RESETTING DEVICE ---> IDLE
[3185:its-clusterer]: [18:40:03][STATE] IDLE ---> EXITING
[3185:its-clusterer]: [18:40:03][STATE] Exiting FairMQ state machine
[3188:its-track-writer]: [18:40:05][STATE] RUNNING ---> READY
[3186:its-cluster-writer]: [18:40:05][STATE] RUNNING ---> READY
[3188:its-track-writer]: [18:40:05][STATE] READY ---> RESETTING TASK
[3186:its-cluster-writer]: [18:40:05][STATE] READY ---> RESETTING TASK
[3188:its-track-writer]: [18:40:05][STATE] RESETTING TASK ---> DEVICE READY
[3186:its-cluster-writer]: [18:40:05][STATE] RESETTING TASK ---> DEVICE READY
[3186:its-cluster-writer]: [18:40:05][STATE] DEVICE READY ---> RESETTING DEVICE
[3188:its-track-writer]: [18:40:05][STATE] DEVICE READY ---> RESETTING DEVICE
[3188:its-track-writer]: Cleaning up for shared memory id '614b662f'...
[3186:its-cluster-writer]: [18:40:05][STATE] RESETTING DEVICE ---> IDLE
[3186:its-cluster-writer]: [18:40:05][STATE] IDLE ---> EXITING
[3188:its-track-writer]: No region counter found. No regions to cleanup.
[3188:its-track-writer]: Successfully removed 'fmq_614b662f_m_0'.
[3188:its-track-writer]: Successfully removed 'fmq_614b662f_mng'.
[3188:its-track-writer]: Successfully removed 'fmq_614b662f_mtx'.
[3188:its-track-writer]: Successfully removed 'fmq_614b662f_cv'.
[3186:its-cluster-writer]: [18:40:05][STATE] Exiting FairMQ state machine
[3188:its-track-writer]: [18:40:05][STATE] RESETTING DEVICE ---> IDLE
[3188:its-track-writer]: [18:40:05][STATE] IDLE ---> EXITING
[3188:its-track-writer]: [18:40:05][STATE] Exiting FairMQ state machine
[INFO] Dumping used configuration in dpl-config.json
