===============================
execute this script as follows:
./generate_its.sh system region nevents
where:
system = 1 -> pp
       = 2 -> Pb-Pb
region = 1 -> ITS only
       = 2 -> whole detector
===============================
will generate Pb-Pb events
will transport events in the ITS only
Will generate: 10 events
Moving to /eos/user/f/ftorales/its_data/alignment/lbnl_alice_alignment_tasks/2287089/18
/eos/user/f/ftorales/its_data/alignment/lbnl_alice_alignment_tasks/2287089/18

==============================================================================================
1. MC generation run
[INFO] Running with 6 sim workers 
[INFO] CREATING SIM SHARED MEM SEGMENT FOR 6 WORKERS
Spawning particle server on PID 996; Redirect output to o2sim_serverlog
Spawning sim worker 0 on PID 998; Redirect output to o2sim_workerlog0
Spawning hit merger on PID 999; Redirect output to o2sim_mergerlog
[INFO] DISTRIBUTING EVENT : 1
[INFO] DISTRIBUTING EVENT : 2
[INFO] EVENT FINISHED : 1
[INFO] DISTRIBUTING EVENT : 3
[INFO] EVENT FINISHED : 2
[INFO] EVENT FINISHED : 3
[INFO] DISTRIBUTING EVENT : 4
[INFO] EVENT FINISHED : 4
[INFO] DISTRIBUTING EVENT : 5
[INFO] DISTRIBUTING EVENT : 6
[INFO] EVENT FINISHED : 5
[INFO] DISTRIBUTING EVENT : 7
[INFO] EVENT FINISHED : 6
[INFO] EVENT FINISHED : 7
[INFO] DISTRIBUTING EVENT : 8
[INFO] EVENT FINISHED : 8
[INFO] DISTRIBUTING EVENT : 9
[INFO] EVENT FINISHED : 9
[INFO] DISTRIBUTING EVENT : 10
[INFO] EVENT FINISHED : 10
[INFO] Merger process 999 returned
[INFO] Simulation process took 66.3586 s
[INFO] SIMULATION RETURNED SUCCESFULLY

==============================================================================================
2. Hits to digits conversion
Run: 1621527818
Fill:      0
Period: 
LHC State: 
Start: Thu May 20 18:23:40 2021
End  : Thu May 20 18:23:40 2021
Beam0: Z:A =   0:  0, Energy = 0.000
Beam1: Z:A =   0:  0, Energy = 0.000
sqrt[s]    = 0.000
crossing angle (radian) = 0.000000e+00
magnet currents (A) L3 = -30000.000, Dipole = -6000
Detectors: Cont.RO Triggers
      ITS:    -       -    
[INFO] MC-TRUTH 1
[INFO] TPC: GEM setup - initialization from scratch
[INFO] TPC: GEM setup (polya) took 7.77
[INFO] TPC is in grp? no; is skipped? no
[INFO] ITS is in grp? yes; is skipped? no
[INFO] MFT is in grp? no; is skipped? no
[INFO] TOF is in grp? no; is skipped? no
[INFO] FT0 is in grp? no; is skipped? no
[INFO] FV0 is in grp? no; is skipped? no
[INFO] EMC is in grp? no; is skipped? no
[INFO] HMP is in grp? no; is skipped? no
[INFO] ZDC is in grp? no; is skipped? no
[INFO] TRD is in grp? no; is skipped? no
[INFO] MCH is in grp? no; is skipped? no
[INFO] MID is in grp? no; is skipped? no
[INFO] FDD is in grp? no; is skipped? no
[INFO] PHS is in grp? no; is skipped? no
[INFO] CPV is in grp? no; is skipped? no
[INFO] Initialising O2 Data Processing Layer
[INFO] O2 Data Processing Layer initialised. We brake for nobody.
[INFO] Optimised build. O2DEBUG / LOG(DEBUG) / LOGF(DEBUG) / assert statement will not be shown.
[INFO] Redeployment of configuration asked.
[INFO] Starting internal-dpl-clock on pid 2100
[INFO] Starting SimReader on pid 2101
[INFO] Starting ITSDigitizer on pid 2102
[INFO] Starting GRPUpdater on pid 2103
[INFO] Starting ITSDigitWriter on pid 2104
[INFO] Redeployment of configuration done.
[2101:SimReader]: [INFO] MC-TRUTH 1
[2104:ITSDigitWriter]: [INFO] MC-TRUTH 1
[2100:internal-dpl-clock]: [INFO] MC-TRUTH 1
[2102:ITSDigitizer]: [INFO] MC-TRUTH 1
[2103:GRPUpdater]: [INFO] MC-TRUTH 1
[2104:ITSDigitWriter]: [INFO] Spawing new device ITSDigitWriter in process with pid 2104
[2102:ITSDigitizer]: [INFO] Spawing new device ITSDigitizer in process with pid 2102
[2101:SimReader]: [INFO] Spawing new device SimReader in process with pid 2101
[2103:GRPUpdater]: [INFO] Spawing new device GRPUpdater in process with pid 2103
[2100:internal-dpl-clock]: [INFO] Spawing new device internal-dpl-clock in process with pid 2100
[2102:ITSDigitizer]: [18:26:31][INFO] 
[2102:ITSDigitizer]:       ______      _    _______  _________ 
[2102:ITSDigitizer]:      / ____/___ _(_)_______   |/  /_  __ \    version 1.4.29
[2102:ITSDigitizer]:     / /_  / __ `/ / ___/__  /|_/ /_  / / /    build RELWITHDEBINFO
[2102:ITSDigitizer]:    / __/ / /_/ / / /    _  /  / / / /_/ /     https://github.com/FairRootGroup/FairMQ
[2102:ITSDigitizer]:   /_/    \__,_/_/_/     /_/  /_/  \___\_\     LGPL-3.0  © 2012-2020 GSI
[2102:ITSDigitizer]: 
[2104:ITSDigitWriter]: [18:26:31][INFO] 
[2104:ITSDigitWriter]:       ______      _    _______  _________ 
[2104:ITSDigitWriter]:      / ____/___ _(_)_______   |/  /_  __ \    version 1.4.29
[2104:ITSDigitWriter]:     / /_  / __ `/ / ___/__  /|_/ /_  / / /    build RELWITHDEBINFO
[2104:ITSDigitWriter]:    / __/ / /_/ / / /    _  /  / / / /_/ /     https://github.com/FairRootGroup/FairMQ
[2104:ITSDigitWriter]:   /_/    \__,_/_/_/     /_/  /_/  \___\_\     LGPL-3.0  © 2012-2020 GSI
[2104:ITSDigitWriter]: 
[2101:SimReader]: [18:26:31][INFO] 
[2101:SimReader]:       ______      _    _______  _________ 
[2101:SimReader]:      / ____/___ _(_)_______   |/  /_  __ \    version 1.4.29
[2101:SimReader]:     / /_  / __ `/ / ___/__  /|_/ /_  / / /    build RELWITHDEBINFO
[2101:SimReader]:    / __/ / /_/ / / /    _  /  / / / /_/ /     https://github.com/FairRootGroup/FairMQ
[2101:SimReader]:   /_/    \__,_/_/_/     /_/  /_/  \___\_\     LGPL-3.0  © 2012-2020 GSI
[2101:SimReader]: 
[2103:GRPUpdater]: [18:26:31][INFO] 
[2103:GRPUpdater]:       ______      _    _______  _________ 
[2103:GRPUpdater]:      / ____/___ _(_)_______   |/  /_  __ \    version 1.4.29
[2103:GRPUpdater]:     / /_  / __ `/ / ___/__  /|_/ /_  / / /    build RELWITHDEBINFO
[2103:GRPUpdater]:    / __/ / /_/ / / /    _  /  / / / /_/ /     https://github.com/FairRootGroup/FairMQ
[2103:GRPUpdater]:   /_/    \__,_/_/_/     /_/  /_/  \___\_\     LGPL-3.0  © 2012-2020 GSI
[2103:GRPUpdater]: 
[2102:ITSDigitizer]: [18:26:31][STATE] Starting FairMQ state machine --> IDLE
[2104:ITSDigitWriter]: [18:26:31][STATE] Starting FairMQ state machine --> IDLE
[2103:GRPUpdater]: [18:26:31][STATE] Starting FairMQ state machine --> IDLE
[2101:SimReader]: [18:26:31][STATE] Starting FairMQ state machine --> IDLE
[2100:internal-dpl-clock]: [18:26:31][INFO] 
[2100:internal-dpl-clock]:       ______      _    _______  _________ 
[2100:internal-dpl-clock]:      / ____/___ _(_)_______   |/  /_  __ \    version 1.4.29
[2100:internal-dpl-clock]:     / /_  / __ `/ / ___/__  /|_/ /_  / / /    build RELWITHDEBINFO
[2100:internal-dpl-clock]:    / __/ / /_/ / / /    _  /  / / / /_/ /     https://github.com/FairRootGroup/FairMQ
[2100:internal-dpl-clock]:   /_/    \__,_/_/_/     /_/  /_/  \___\_\     LGPL-3.0  © 2012-2020 GSI
[2100:internal-dpl-clock]: 
[2100:internal-dpl-clock]: [18:26:31][STATE] Starting FairMQ state machine --> IDLE
[2102:ITSDigitizer]: 2021-05-20 18:26:31	Monitoring	[0;49mStdOut backend initialized[0m
[2104:ITSDigitWriter]: 2021-05-20 18:26:31	Monitoring	[0;49mStdOut backend initialized[0m
[2101:SimReader]: 2021-05-20 18:26:31	Monitoring	[0;49mStdOut backend initialized[0m
[2102:ITSDigitizer]: [18:26:31][STATE] IDLE ---> INITIALIZING DEVICE
[2103:GRPUpdater]: 2021-05-20 18:26:31	Monitoring	[0;49mStdOut backend initialized[0m
[2104:ITSDigitWriter]: [18:26:31][STATE] IDLE ---> INITIALIZING DEVICE
[2100:internal-dpl-clock]: 2021-05-20 18:26:31	Monitoring	[0;49mStdOut backend initialized[0m
[2100:internal-dpl-clock]: [18:26:31][STATE] IDLE ---> INITIALIZING DEVICE
[2100:internal-dpl-clock]: 2021-05-20 18:26:31	Monitoring	[0;49mBuffering enabled (100)[0m
[2100:internal-dpl-clock]: [18:26:31][STATE] INITIALIZING DEVICE ---> INITIALIZED
[2100:internal-dpl-clock]: [18:26:31][STATE] INITIALIZED ---> BINDING
[2100:internal-dpl-clock]: [18:26:31][STATE] BINDING ---> BOUND
[2100:internal-dpl-clock]: [18:26:31][STATE] BOUND ---> CONNECTING
[2100:internal-dpl-clock]: [18:26:31][STATE] CONNECTING ---> DEVICE READY
[2100:internal-dpl-clock]: [18:26:31][STATE] DEVICE READY ---> INITIALIZING TASK
[2100:internal-dpl-clock]: [18:26:31][STATE] INITIALIZING TASK ---> READY
[2100:internal-dpl-clock]: [18:26:31][STATE] READY ---> RUNNING
[2100:internal-dpl-clock]: [18:26:31][INFO] DEVICE: Running...
[2101:SimReader]: [18:26:31][STATE] IDLE ---> INITIALIZING DEVICE
[2101:SimReader]: 2021-05-20 18:26:31	Monitoring	[0;49mBuffering enabled (100)[0m
[2101:SimReader]: [18:26:31][INFO] adding o2sim
[2101:SimReader]: 
[2101:SimReader]: [18:26:31][INFO] INCONTEXTSTRING 
[2101:SimReader]: [18:26:31][INFO] Imposing hadronic interaction rate 50000Hz
[2101:SimReader]: [18:26:31][WARN] No bunch filling provided, impose default one
[2101:SimReader]: [18:26:31][INFO] Deducing mu=0.00771915 per BC from IR=50000 with 576 BCs
[2101:SimReader]: [18:26:31][INFO] InteractionSampler with 576 colliding BCs, mu(BC)= 0.00771915 -> total IR= 50000
[2101:SimReader]: [18:26:31][INFO] Current BCid:    0 Orbit:      1 |T in BC(ns): 0.000(0 coll left)
[2101:SimReader]: [18:26:31][INFO] setting up 1 chains
[2102:ITSDigitizer]: 2021-05-20 18:26:31	Monitoring	[0;49mBuffering enabled (100)[0m
[2102:ITSDigitizer]: [18:26:31][INFO] Initializing geometry service
[2102:ITSDigitizer]: [18:26:31][INFO] Loading geometry FAIRGeom from o2sim_geometry.root
[2103:GRPUpdater]: [18:26:31][STATE] IDLE ---> INITIALIZING DEVICE
[2103:GRPUpdater]: 2021-05-20 18:26:31	Monitoring	[0;49mBuffering enabled (100)[0m
[2103:GRPUpdater]: [18:26:31][STATE] INITIALIZING DEVICE ---> INITIALIZED
[2103:GRPUpdater]: [18:26:31][STATE] INITIALIZED ---> BINDING
[2103:GRPUpdater]: [18:26:31][STATE] BINDING ---> BOUND
[2103:GRPUpdater]: [18:26:31][STATE] BOUND ---> CONNECTING
[2103:GRPUpdater]: [18:26:31][STATE] CONNECTING ---> DEVICE READY
[2103:GRPUpdater]: [18:26:31][STATE] DEVICE READY ---> INITIALIZING TASK
[2103:GRPUpdater]: [18:26:31][STATE] INITIALIZING TASK ---> READY
[2103:GRPUpdater]: [18:26:31][STATE] READY ---> RUNNING
[2103:GRPUpdater]: [18:26:31][INFO] DEVICE: Running...
[2104:ITSDigitWriter]: 2021-05-20 18:26:31	Monitoring	[0;49mBuffering enabled (100)[0m
[2104:ITSDigitWriter]: [18:26:31][INFO] 0: branch  ITSDigitMCTruth set up
[2104:ITSDigitWriter]: [18:26:31][INFO] 1: branch  ITSDigitMC2ROF set up
[2104:ITSDigitWriter]: [18:26:31][INFO] 2: branch  ITSDigit set up
[2104:ITSDigitWriter]: [18:26:31][INFO] 3: branch  ITSDigitROF set up
[2104:ITSDigitWriter]: [18:26:31][STATE] INITIALIZING DEVICE ---> INITIALIZED
[2104:ITSDigitWriter]: [18:26:31][STATE] INITIALIZED ---> BINDING
[2104:ITSDigitWriter]: [18:26:31][STATE] BINDING ---> BOUND
[2104:ITSDigitWriter]: [18:26:31][STATE] BOUND ---> CONNECTING
[2104:ITSDigitWriter]: [18:26:31][STATE] CONNECTING ---> DEVICE READY
[2104:ITSDigitWriter]: [18:26:31][STATE] DEVICE READY ---> INITIALIZING TASK
[2104:ITSDigitWriter]: [18:26:31][STATE] INITIALIZING TASK ---> READY
[2104:ITSDigitWriter]: [18:26:31][STATE] READY ---> RUNNING
[2104:ITSDigitWriter]: [18:26:31][INFO] DEVICE: Running...
[2102:ITSDigitizer]: Info in <TGeoManager::CloseGeometry>: Geometry loaded from file...
[2102:ITSDigitizer]: Info in <TGeoManager::SetTopVolume>: Top volume is cave. Master volume is cave
[2102:ITSDigitizer]: Info in <TGeoNavigator::BuildCache>: --- Maximum geometry depth set to 100
[2102:ITSDigitizer]: Info in <TGeoManager::CloseGeometry>: Voxelization retrieved from file
[2102:ITSDigitizer]: Info in <TGeoManager::CountLevels>: max level = 9, max placements = 126
[2102:ITSDigitizer]: Info in <TGeoManager::CloseGeometry>: 179840 nodes/ 399 volume UID's in FAIR geometry
[2102:ITSDigitizer]: Info in <TGeoManager::CloseGeometry>: ----------------modeler ready----------------
[2102:ITSDigitizer]: [18:26:32][INFO] Initializing field service
[2101:SimReader]: [18:26:32][INFO] Automatic deduction of number of collisions ... will just take number of background entries 10
[2101:SimReader]: Summary of DigitizationContext --
[2101:SimReader]: Parts per collision 1
[2101:SimReader]: Collision parts taken from simulations specified by prefix:
[2101:SimReader]: Number of Collisions 10
[2101:SimReader]: Collision 0 TIME BCid:   34 Orbit:      1 |T in BC(ns): 0.118 (0 , 0)
[2101:SimReader]: Collision 1 TIME BCid:   38 Orbit:      1 |T in BC(ns): 0.191 (0 , 1)
[2101:SimReader]: Collision 2 TIME BCid:   82 Orbit:      1 |T in BC(ns): 0.182 (0 , 2)
[2101:SimReader]: Collision 3 TIME BCid: 1050 Orbit:      1 |T in BC(ns): -0.224 (0 , 3)
[2101:SimReader]: Collision 4 TIME BCid: 1216 Orbit:      1 |T in BC(ns): -0.364 (0 , 4)
[2101:SimReader]: Collision 5 TIME BCid: 1436 Orbit:      1 |T in BC(ns): -0.092 (0 , 5)
[2101:SimReader]: Collision 6 TIME BCid: 1436 Orbit:      1 |T in BC(ns): 0.119 (0 , 6)
[2101:SimReader]: Collision 7 TIME BCid:  234 Orbit:      2 |T in BC(ns): -0.031 (0 , 7)
[2101:SimReader]: Collision 8 TIME BCid:  246 Orbit:      2 |T in BC(ns): 0.108 (0 , 8)
[2101:SimReader]: Collision 9 TIME BCid:  426 Orbit:      2 |T in BC(ns): 0.075 (0 , 9)
[2101:SimReader]: [18:26:32][INFO] Initializing Spec ... have 10 times 
[2101:SimReader]: [18:26:32][INFO] Serializing Context for later reuse
[2102:ITSDigitizer]: [18:26:32][INFO] MagneticField::Print: MagneticFieldMap:
[2102:ITSDigitizer]: [18:26:32][INFO] MagneticField::Print: Solenoid (-1*)5 kG, Dipole ON (-1) 
[2102:ITSDigitizer]: [18:26:32][INFO] MagneticField::Print: Machine B fields for p-p  beam (7000 GeV): QGrad: 22.0002 Dipole: 37.8781
[2102:ITSDigitizer]: [18:26:32][INFO] MagneticField::Print: Uses Sol30_Dip6_Hole  of /cvmfs/alice.cern.ch/el7-x86_64/Packages/O2/nightly-20210129-1/share/Common/maps/mfchebKGI_sym.root
[2102:ITSDigitizer]: Info in <TGeoGlobalMagField::SetField>: Global magnetic field set to <MagneticFieldMap>
[2102:ITSDigitizer]: Info in <TGeoGlobalMagField::Lock>: Global magnetic field <MagneticFieldMap> is now locked
[2102:ITSDigitizer]: [18:26:32][INFO] Set Alpide charge threshold to 150, single hit will be accounted from 15 electrons
[2102:ITSDigitizer]: [18:26:32][INFO] ITS simulated in CONTINUOUS RO mode
[2101:SimReader]: [18:26:32][STATE] INITIALIZING DEVICE ---> INITIALIZED
[2101:SimReader]: [18:26:32][STATE] INITIALIZED ---> BINDING
[2101:SimReader]: [18:26:32][STATE] BINDING ---> BOUND
[2101:SimReader]: [18:26:32][STATE] BOUND ---> CONNECTING
[2101:SimReader]: [18:26:32][STATE] CONNECTING ---> DEVICE READY
[2101:SimReader]: [18:26:32][STATE] DEVICE READY ---> INITIALIZING TASK
[2101:SimReader]: [18:26:32][STATE] INITIALIZING TASK ---> READY
[2101:SimReader]: [18:26:32][STATE] READY ---> RUNNING
[2101:SimReader]: [18:26:32][INFO] DEVICE: Running...
[2101:SimReader]: [18:26:32][INFO] SENDING SOMETHING TO OTHERS
[2102:ITSDigitizer]: [18:26:32][INFO] Loading ITS L2G matrices from TGeo
[2102:ITSDigitizer]: Alpide response object of 40500 matrices to map chagre in xyz to 5x5 pixels
[2102:ITSDigitizer]: X(col) range: +0.000000e+00 : +1.462000e-03 | step: 5.000000e-05 | Nbins: 30
[2102:ITSDigitizer]: Y(row) range: +0.000000e+00 : +1.344000e-03 | step: 5.000000e-05 | Nbins: 27
[2102:ITSDigitizer]: Z(dpt) range: -2.000000e-03 : +2.500000e-03 | step: 8.999999e-05 | Nbins: 50
[2102:ITSDigitizer]: Alpide digitization params:
[2102:ITSDigitizer]: Continuous readout             : ON
[2102:ITSDigitizer]: Readout Frame Length(ns)       : 9880.510742
[2102:ITSDigitizer]: Strobe delay (ns)              : 99.803139
[2102:ITSDigitizer]: Strobe length (ns)             : 9780.708008
[2102:ITSDigitizer]: Threshold (N electrons)        : 150
[2102:ITSDigitizer]: Min N electrons to accoint     : 15
[2102:ITSDigitizer]: Number of charge sharing steps : 7
[2102:ITSDigitizer]: ELoss to N electrons factor    : 2.777778e+08
[2102:ITSDigitizer]: Noise level per pixel          : 1.000000e-07
[2102:ITSDigitizer]: Charge time-response:
[2102:ITSDigitizer]: o2::itsmft::AlpideSignalTrapezoid | Duration: 7500.0 MaxRiseTime: 1100.0 (RiseTime=0 at q=450.0) (ns)
[2102:ITSDigitizer]: [18:26:33][STATE] INITIALIZING DEVICE ---> INITIALIZED
[2102:ITSDigitizer]: [18:26:33][STATE] INITIALIZED ---> BINDING
[2102:ITSDigitizer]: [18:26:33][STATE] BINDING ---> BOUND
[2102:ITSDigitizer]: [18:26:33][STATE] BOUND ---> CONNECTING
[2102:ITSDigitizer]: [18:26:33][STATE] CONNECTING ---> DEVICE READY
[2102:ITSDigitizer]: [18:26:33][STATE] DEVICE READY ---> INITIALIZING TASK
[2102:ITSDigitizer]: [18:26:33][STATE] INITIALIZING TASK ---> READY
[2102:ITSDigitizer]: [18:26:33][STATE] READY ---> RUNNING
[2102:ITSDigitizer]: [18:26:33][INFO] DEVICE: Running...
[2102:ITSDigitizer]: [18:26:33][INFO] GOT 10 COLLISSION TIMES
[2102:ITSDigitizer]: [18:26:33][INFO] SIMCHAINS 1
[2102:ITSDigitizer]: [18:26:33][INFO]  CALLING ITS DIGITIZATION 
[2102:ITSDigitizer]: [18:26:33][INFO] Digitizing ITS hits of entry 0 from source 0 at time BCid:   34 Orbit:      1 |T in BC(ns): 0.118 ROFrame= 9) cont.mode: 1 Min/Max ROFrames 0/8
[2102:ITSDigitizer]: [18:26:33][INFO] Filling ITS digits output for RO frames 0:8
[2102:ITSDigitizer]: ROF: 0 | 1283 entries starting from 0
[2102:ITSDigitizer]: BCid:    0 Orbit:      0
[2102:ITSDigitizer]: ROF: 1 | 1267 entries starting from 1283
[2102:ITSDigitizer]: BCid:  396 Orbit:      0
[2102:ITSDigitizer]: ROF: 2 | 1323 entries starting from 2550
[2102:ITSDigitizer]: BCid:  792 Orbit:      0
[2102:ITSDigitizer]: ROF: 3 | 1229 entries starting from 3873
[2102:ITSDigitizer]: BCid: 1188 Orbit:      0
[2102:ITSDigitizer]: ROF: 4 | 1245 entries starting from 5102
[2102:ITSDigitizer]: BCid: 1584 Orbit:      0
[2102:ITSDigitizer]: ROF: 5 | 1248 entries starting from 6347
[2102:ITSDigitizer]: BCid: 1980 Orbit:      0
[2102:ITSDigitizer]: ROF: 6 | 1259 entries starting from 7595
[2102:ITSDigitizer]: BCid: 2376 Orbit:      0
[2102:ITSDigitizer]: ROF: 7 | 1258 entries starting from 8854
[2102:ITSDigitizer]: BCid: 2772 Orbit:      0
[2102:ITSDigitizer]: ROF: 8 | 1247 entries starting from 10112
[2102:ITSDigitizer]: BCid: 3168 Orbit:      0
[2102:ITSDigitizer]: [18:26:33][INFO] Added 11359 digits 
[2102:ITSDigitizer]: [18:26:33][INFO] Digitizing ITS hits of entry 1 from source 0 at time BCid:   38 Orbit:      1 |T in BC(ns): 0.191 ROFrame= 9) cont.mode: 1 Min/Max ROFrames 9/10
[2102:ITSDigitizer]: [18:26:33][INFO] Digitizing ITS hits of entry 2 from source 0 at time BCid:   82 Orbit:      1 |T in BC(ns): 0.182 ROFrame= 9) cont.mode: 1 Min/Max ROFrames 9/10
[2102:ITSDigitizer]: [18:26:33][INFO] Digitizing ITS hits of entry 3 from source 0 at time BCid: 1050 Orbit:      1 |T in BC(ns): -0.224 ROFrame= 11) cont.mode: 1 Min/Max ROFrames 9/10
[2102:ITSDigitizer]: [18:26:33][INFO] Filling ITS digits output for RO frames 9:10
[2102:ITSDigitizer]: ROF: 9 | 146685 entries starting from 11359
[2102:ITSDigitizer]: BCid:    0 Orbit:      1
[2102:ITSDigitizer]: MCEventID: 0 ROFs: 9-10 Entry in ROFRecords: 9
[2102:ITSDigitizer]: MCEventID: 1 ROFs: 9-10 Entry in ROFRecords: 9
[2102:ITSDigitizer]: MCEventID: 2 ROFs: 9-10 Entry in ROFRecords: 9
[2102:ITSDigitizer]: ROF: 10 | 2490 entries starting from 158044
[2102:ITSDigitizer]: BCid:  396 Orbit:      1
[2102:ITSDigitizer]: [18:26:33][INFO] Added 149175 digits 
[2102:ITSDigitizer]: [18:26:33][INFO] Digitizing ITS hits of entry 4 from source 0 at time BCid: 1216 Orbit:      1 |T in BC(ns): -0.364 ROFrame= 12) cont.mode: 1 Min/Max ROFrames 11/12
[2102:ITSDigitizer]: [18:26:33][INFO] Filling ITS digits output for RO frames 11:11
[2102:ITSDigitizer]: ROF: 11 | 2174 entries starting from 160534
[2102:ITSDigitizer]: BCid:  792 Orbit:      1
[2102:ITSDigitizer]: MCEventID: 3 ROFs: 11-12 Entry in ROFRecords: 11
[2102:ITSDigitizer]: [18:26:33][INFO] Added 2174 digits 
[2102:ITSDigitizer]: [18:26:33][INFO] Digitizing ITS hits of entry 5 from source 0 at time BCid: 1436 Orbit:      1 |T in BC(ns): -0.092 ROFrame= 12) cont.mode: 1 Min/Max ROFrames 12/13
[2102:ITSDigitizer]: [18:26:34][INFO] Digitizing ITS hits of entry 6 from source 0 at time BCid: 1436 Orbit:      1 |T in BC(ns): 0.119 ROFrame= 12) cont.mode: 1 Min/Max ROFrames 12/13
[2102:ITSDigitizer]: [18:26:34][INFO] Digitizing ITS hits of entry 7 from source 0 at time BCid:  234 Orbit:      2 |T in BC(ns): -0.031 ROFrame= 18) cont.mode: 1 Min/Max ROFrames 12/17
[2102:ITSDigitizer]: [18:26:34][INFO] Filling ITS digits output for RO frames 12:17
[2102:ITSDigitizer]: ROF: 12 | 60497 entries starting from 162708
[2102:ITSDigitizer]: BCid: 1188 Orbit:      1
[2102:ITSDigitizer]: MCEventID: 4 ROFs: 12-13 Entry in ROFRecords: 12
[2102:ITSDigitizer]: MCEventID: 5 ROFs: 12-13 Entry in ROFRecords: 12
[2102:ITSDigitizer]: MCEventID: 6 ROFs: 12-13 Entry in ROFRecords: 12
[2102:ITSDigitizer]: ROF: 13 | 55457 entries starting from 223205
[2102:ITSDigitizer]: BCid: 1584 Orbit:      1
[2102:ITSDigitizer]: ROF: 14 | 1263 entries starting from 278662
[2102:ITSDigitizer]: BCid: 1980 Orbit:      1
[2102:ITSDigitizer]: ROF: 15 | 1278 entries starting from 279925
[2102:ITSDigitizer]: BCid: 2376 Orbit:      1
[2102:ITSDigitizer]: ROF: 16 | 1268 entries starting from 281203
[2102:ITSDigitizer]: BCid: 2772 Orbit:      1
[2102:ITSDigitizer]: ROF: 17 | 1331 entries starting from 282471
[2102:ITSDigitizer]: BCid: 3168 Orbit:      1
[2102:ITSDigitizer]: [18:26:34][INFO] Added 121094 digits 
[2102:ITSDigitizer]: [18:26:34][INFO] Digitizing ITS hits of entry 8 from source 0 at time BCid:  246 Orbit:      2 |T in BC(ns): 0.108 ROFrame= 18) cont.mode: 1 Min/Max ROFrames 18/20
[2102:ITSDigitizer]: [18:26:34][INFO] Digitizing ITS hits of entry 9 from source 0 at time BCid:  426 Orbit:      2 |T in BC(ns): 0.075 ROFrame= 19) cont.mode: 1 Min/Max ROFrames 18/20
[2102:ITSDigitizer]: [18:26:34][INFO] Filling ITS digits output for RO frames 18:18
[2102:ITSDigitizer]: ROF: 18 | 201029 entries starting from 283802
[2102:ITSDigitizer]: BCid:    0 Orbit:      2
[2102:ITSDigitizer]: MCEventID: 7 ROFs: 18-20 Entry in ROFRecords: 18
[2102:ITSDigitizer]: MCEventID: 8 ROFs: 18-20 Entry in ROFRecords: 18
[2102:ITSDigitizer]: [18:26:34][INFO] Added 201029 digits 
[2102:ITSDigitizer]: [18:26:34][INFO] Filling ITS digits output for RO frames 19:20
[2102:ITSDigitizer]: ROF: 19 | 268546 entries starting from 484831
[2102:ITSDigitizer]: BCid:  396 Orbit:      2
[2102:ITSDigitizer]: MCEventID: 9 ROFs: 19-20 Entry in ROFRecords: 19
[2102:ITSDigitizer]: ROF: 20 | 2189 entries starting from 753377
[2102:ITSDigitizer]: BCid:  792 Orbit:      2
[2102:ITSDigitizer]: [18:26:34][INFO] Added 270735 digits 
[2102:ITSDigitizer]: [18:26:34][INFO] ITS: Sending ROMode= 3 to GRPUpdater
[2102:ITSDigitizer]: [18:26:34][INFO] Digitization took 1.51s
[2104:ITSDigitWriter]: [18:26:34][INFO] WRITING 759773 LABELS 
[2103:GRPUpdater]: [18:26:34][INFO] Updated GRP in o2sim_grp.root for detectors RO mode
[2103:GRPUpdater]: Run: 1621527818
[2103:GRPUpdater]: Fill:      0
[2103:GRPUpdater]: Period: 
[2103:GRPUpdater]: LHC State: 
[2103:GRPUpdater]: Start: Thu May 20 18:23:40 2021
[2103:GRPUpdater]: End  : Thu May 20 18:23:40 2021
[2103:GRPUpdater]: Beam0: Z:A =   0:  0, Energy = 0.000
[2103:GRPUpdater]: Beam1: Z:A =   0:  0, Energy = 0.000
[2103:GRPUpdater]: sqrt[s]    = 0.000
[2103:GRPUpdater]: crossing angle (radian) = 0.000000e+00
[2103:GRPUpdater]: magnet currents (A) L3 = -30000.000, Dipole = -6000
[2103:GRPUpdater]: Detectors: Cont.RO Triggers
[2103:GRPUpdater]:       ITS:    +       -    
[2104:ITSDigitWriter]: [18:26:35][INFO] RECEIVED DIGITS SIZE 755566
[INFO] Quitting
[INFO] QUIT_REQUESTED
[2104:ITSDigitWriter]: [18:26:35][INFO] Received device shutdown request (signal 15).
[2104:ITSDigitWriter]: [18:26:35][INFO] Waiting for graceful device shutdown. Hit Ctrl-C again to abort immediately.
[2102:ITSDigitizer]: [18:26:35][INFO] Received device shutdown request (signal 15).
[2102:ITSDigitizer]: [18:26:35][INFO] Waiting for graceful device shutdown. Hit Ctrl-C again to abort immediately.
[2103:GRPUpdater]: [18:26:35][INFO] Received device shutdown request (signal 15).
[2103:GRPUpdater]: [18:26:35][INFO] Waiting for graceful device shutdown. Hit Ctrl-C again to abort immediately.
[2101:SimReader]: [18:26:35][INFO] Received device shutdown request (signal 15).
[2101:SimReader]: [18:26:35][INFO] Waiting for graceful device shutdown. Hit Ctrl-C again to abort immediately.
[2100:internal-dpl-clock]: [18:26:35][INFO] Received device shutdown request (signal 15).
[2100:internal-dpl-clock]: [18:26:35][INFO] Waiting for graceful device shutdown. Hit Ctrl-C again to abort immediately.
[2101:SimReader]: [18:26:35][STATE] RUNNING ---> READY
[2101:SimReader]: [18:26:35][STATE] READY ---> RESETTING TASK
[2101:SimReader]: [18:26:35][STATE] RESETTING TASK ---> DEVICE READY
[2101:SimReader]: [18:26:35][STATE] DEVICE READY ---> RESETTING DEVICE
[2101:SimReader]: [18:26:35][STATE] RESETTING DEVICE ---> IDLE
[2101:SimReader]: [18:26:35][STATE] IDLE ---> EXITING
[2101:SimReader]: [18:26:35][STATE] Exiting FairMQ state machine
[2100:internal-dpl-clock]: [18:26:35][STATE] RUNNING ---> READY
[2100:internal-dpl-clock]: [18:26:35][STATE] READY ---> RESETTING TASK
[2100:internal-dpl-clock]: [18:26:35][STATE] RESETTING TASK ---> DEVICE READY
[2100:internal-dpl-clock]: [18:26:35][STATE] DEVICE READY ---> RESETTING DEVICE
[2100:internal-dpl-clock]: [18:26:35][STATE] RESETTING DEVICE ---> IDLE
[2100:internal-dpl-clock]: [18:26:35][STATE] IDLE ---> EXITING
[2100:internal-dpl-clock]: [18:26:35][STATE] Exiting FairMQ state machine
[2102:ITSDigitizer]: [18:26:35][STATE] RUNNING ---> READY
[2103:GRPUpdater]: [18:26:35][STATE] RUNNING ---> READY
[2103:GRPUpdater]: [18:26:35][STATE] READY ---> RESETTING TASK
[2103:GRPUpdater]: [18:26:35][STATE] RESETTING TASK ---> DEVICE READY
[2103:GRPUpdater]: [18:26:35][STATE] DEVICE READY ---> RESETTING DEVICE
[2102:ITSDigitizer]: [18:26:35][STATE] READY ---> RESETTING TASK
[2102:ITSDigitizer]: [18:26:35][STATE] RESETTING TASK ---> DEVICE READY
[2102:ITSDigitizer]: [18:26:35][STATE] DEVICE READY ---> RESETTING DEVICE
[2103:GRPUpdater]: [18:26:35][STATE] RESETTING DEVICE ---> IDLE
[2103:GRPUpdater]: [18:26:35][STATE] IDLE ---> EXITING
[2103:GRPUpdater]: [18:26:35][STATE] Exiting FairMQ state machine
[2102:ITSDigitizer]: [18:26:35][STATE] RESETTING DEVICE ---> IDLE
[2102:ITSDigitizer]: [18:26:35][STATE] IDLE ---> EXITING
[2102:ITSDigitizer]: [18:26:35][STATE] Exiting FairMQ state machine
[2104:ITSDigitWriter]: [18:26:36][STATE] RUNNING ---> READY
[2104:ITSDigitWriter]: [18:26:36][STATE] READY ---> RESETTING TASK
[2104:ITSDigitWriter]: [18:26:36][STATE] RESETTING TASK ---> DEVICE READY
[2104:ITSDigitWriter]: [18:26:36][STATE] DEVICE READY ---> RESETTING DEVICE
[2104:ITSDigitWriter]: Cleaning up for shared memory id 'ca2969e8'...
[2104:ITSDigitWriter]: No region counter found. No regions to cleanup.
[2104:ITSDigitWriter]: Successfully removed 'fmq_ca2969e8_m_0'.
[2104:ITSDigitWriter]: Successfully removed 'fmq_ca2969e8_mng'.
[2104:ITSDigitWriter]: Successfully removed 'fmq_ca2969e8_mtx'.
[2104:ITSDigitWriter]: Successfully removed 'fmq_ca2969e8_cv'.
[2104:ITSDigitWriter]: [18:26:36][STATE] RESETTING DEVICE ---> IDLE
[2104:ITSDigitWriter]: [18:26:36][STATE] IDLE ---> EXITING
[2104:ITSDigitWriter]: [18:26:36][STATE] Exiting FairMQ state machine
[INFO] Dumping used configuration in dpl-config.json

==============================================================================================
3. Tracking
[INFO] Initialising O2 Data Processing Layer
[INFO] O2 Data Processing Layer initialised. We brake for nobody.
[INFO] Optimised build. O2DEBUG / LOG(DEBUG) / LOGF(DEBUG) / assert statement will not be shown.
[INFO] Redeployment of configuration asked.
[INFO] Starting internal-dpl-clock on pid 3183
[INFO] Starting its-digit-reader on pid 3184
[INFO] Starting its-clusterer on pid 3185
[INFO] Starting its-cluster-writer on pid 3186
[INFO] Starting its-tracker on pid 3187
[INFO] Starting its-track-writer on pid 3188
[INFO] Redeployment of configuration done.
[3187:its-tracker]: [INFO] Spawing new device its-tracker in process with pid 3187
[3186:its-cluster-writer]: [INFO] Spawing new device its-cluster-writer in process with pid 3186
[3184:its-digit-reader]: [INFO] Spawing new device its-digit-reader in process with pid 3184
[3187:its-tracker]: [18:28:28][INFO] 
[3187:its-tracker]:       ______      _    _______  _________ 
[3187:its-tracker]:      / ____/___ _(_)_______   |/  /_  __ \    version 1.4.29
[3187:its-tracker]:     / /_  / __ `/ / ___/__  /|_/ /_  / / /    build RELWITHDEBINFO
[3187:its-tracker]:    / __/ / /_/ / / /    _  /  / / / /_/ /     https://github.com/FairRootGroup/FairMQ
[3187:its-tracker]:   /_/    \__,_/_/_/     /_/  /_/  \___\_\     LGPL-3.0  © 2012-2020 GSI
[3187:its-tracker]: 
[3187:its-tracker]: [18:28:28][STATE] Starting FairMQ state machine --> IDLE
[3186:its-cluster-writer]: [18:28:28][INFO] 
[3186:its-cluster-writer]:       ______      _    _______  _________ 
[3186:its-cluster-writer]:      / ____/___ _(_)_______   |/  /_  __ \    version 1.4.29
[3186:its-cluster-writer]:     / /_  / __ `/ / ___/__  /|_/ /_  / / /    build RELWITHDEBINFO
[3186:its-cluster-writer]:    / __/ / /_/ / / /    _  /  / / / /_/ /     https://github.com/FairRootGroup/FairMQ
[3186:its-cluster-writer]:   /_/    \__,_/_/_/     /_/  /_/  \___\_\     LGPL-3.0  © 2012-2020 GSI
[3186:its-cluster-writer]: 
[3186:its-cluster-writer]: [18:28:28][STATE] Starting FairMQ state machine --> IDLE
[3183:internal-dpl-clock]: [INFO] Spawing new device internal-dpl-clock in process with pid 3183
[3187:its-tracker]: 2021-05-20 18:28:28	Monitoring	[0;49mStdOut backend initialized[0m
[3184:its-digit-reader]: [18:28:28][INFO] 
[3184:its-digit-reader]:       ______      _    _______  _________ 
[3184:its-digit-reader]:      / ____/___ _(_)_______   |/  /_  __ \    version 1.4.29
[3184:its-digit-reader]:     / /_  / __ `/ / ___/__  /|_/ /_  / / /    build RELWITHDEBINFO
[3184:its-digit-reader]:    / __/ / /_/ / / /    _  /  / / / /_/ /     https://github.com/FairRootGroup/FairMQ
[3184:its-digit-reader]:   /_/    \__,_/_/_/     /_/  /_/  \___\_\     LGPL-3.0  © 2012-2020 GSI
[3184:its-digit-reader]: 
[3184:its-digit-reader]: [18:28:28][STATE] Starting FairMQ state machine --> IDLE
[3185:its-clusterer]: [INFO] Spawing new device its-clusterer in process with pid 3185
[3186:its-cluster-writer]: 2021-05-20 18:28:28	Monitoring	[0;49mStdOut backend initialized[0m
[3188:its-track-writer]: [INFO] Spawing new device its-track-writer in process with pid 3188
[3183:internal-dpl-clock]: [18:28:28][INFO] 
[3183:internal-dpl-clock]:       ______      _    _______  _________ 
[3183:internal-dpl-clock]:      / ____/___ _(_)_______   |/  /_  __ \    version 1.4.29
[3183:internal-dpl-clock]:     / /_  / __ `/ / ___/__  /|_/ /_  / / /    build RELWITHDEBINFO
[3183:internal-dpl-clock]:    / __/ / /_/ / / /    _  /  / / / /_/ /     https://github.com/FairRootGroup/FairMQ
[3183:internal-dpl-clock]:   /_/    \__,_/_/_/     /_/  /_/  \___\_\     LGPL-3.0  © 2012-2020 GSI
[3183:internal-dpl-clock]: 
[3183:internal-dpl-clock]: [18:28:28][STATE] Starting FairMQ state machine --> IDLE
[3184:its-digit-reader]: 2021-05-20 18:28:28	Monitoring	[0;49mStdOut backend initialized[0m
[3184:its-digit-reader]: [18:28:28][STATE] IDLE ---> INITIALIZING DEVICE
[3185:its-clusterer]: [18:28:28][INFO] 
[3185:its-clusterer]:       ______      _    _______  _________ 
[3185:its-clusterer]:      / ____/___ _(_)_______   |/  /_  __ \    version 1.4.29
[3185:its-clusterer]:     / /_  / __ `/ / ___/__  /|_/ /_  / / /    build RELWITHDEBINFO
[3185:its-clusterer]:    / __/ / /_/ / / /    _  /  / / / /_/ /     https://github.com/FairRootGroup/FairMQ
[3185:its-clusterer]:   /_/    \__,_/_/_/     /_/  /_/  \___\_\     LGPL-3.0  © 2012-2020 GSI
[3185:its-clusterer]: 
[3185:its-clusterer]: [18:28:28][STATE] Starting FairMQ state machine --> IDLE
[3185:its-clusterer]: 2021-05-20 18:28:28	Monitoring	[0;49mStdOut backend initialized[0m
[3186:its-cluster-writer]: [18:28:28][STATE] IDLE ---> INITIALIZING DEVICE
[3187:its-tracker]: [18:28:28][STATE] IDLE ---> INITIALIZING DEVICE
[3187:its-tracker]: 2021-05-20 18:28:28	Monitoring	[0;49mBuffering enabled (100)[0m
[3187:its-tracker]: [18:28:28][INFO] Created GPUReconstruction instance for device type CPU (1) 
[3188:its-track-writer]: [18:28:28][INFO] 
[3188:its-track-writer]:       ______      _    _______  _________ 
[3188:its-track-writer]:      / ____/___ _(_)_______   |/  /_  __ \    version 1.4.29
[3188:its-track-writer]:     / /_  / __ `/ / ___/__  /|_/ /_  / / /    build RELWITHDEBINFO
[3188:its-track-writer]:    / __/ / /_/ / / /    _  /  / / / /_/ /     https://github.com/FairRootGroup/FairMQ
[3188:its-track-writer]:   /_/    \__,_/_/_/     /_/  /_/  \___\_\     LGPL-3.0  © 2012-2020 GSI
[3188:its-track-writer]: 
[3188:its-track-writer]: [18:28:28][STATE] Starting FairMQ state machine --> IDLE
[3188:its-track-writer]: 2021-05-20 18:28:28	Monitoring	[0;49mStdOut backend initialized[0m
[3188:its-track-writer]: [18:28:28][STATE] IDLE ---> INITIALIZING DEVICE
[3183:internal-dpl-clock]: 2021-05-20 18:28:28	Monitoring	[0;49mStdOut backend initialized[0m
[3183:internal-dpl-clock]: [18:28:28][STATE] IDLE ---> INITIALIZING DEVICE
[3183:internal-dpl-clock]: 2021-05-20 18:28:28	Monitoring	[0;49mBuffering enabled (100)[0m
[3183:internal-dpl-clock]: [18:28:28][STATE] INITIALIZING DEVICE ---> INITIALIZED
[3183:internal-dpl-clock]: [18:28:28][STATE] INITIALIZED ---> BINDING
[3183:internal-dpl-clock]: [18:28:28][STATE] BINDING ---> BOUND
[3183:internal-dpl-clock]: [18:28:28][STATE] BOUND ---> CONNECTING
[3183:internal-dpl-clock]: [18:28:28][STATE] CONNECTING ---> DEVICE READY
[3183:internal-dpl-clock]: [18:28:28][STATE] DEVICE READY ---> INITIALIZING TASK
[3183:internal-dpl-clock]: [18:28:28][STATE] INITIALIZING TASK ---> READY
[3183:internal-dpl-clock]: [18:28:28][STATE] READY ---> RUNNING
[3183:internal-dpl-clock]: [18:28:28][INFO] DEVICE: Running...
[3184:its-digit-reader]: 2021-05-20 18:28:28	Monitoring	[0;49mBuffering enabled (100)[0m
[3185:its-clusterer]: [18:28:28][STATE] IDLE ---> INITIALIZING DEVICE
[3185:its-clusterer]: 2021-05-20 18:28:28	Monitoring	[0;49mBuffering enabled (100)[0m
[3185:its-clusterer]: [18:28:28][INFO] Dictionary ITSdictionary.bin is absent, ITSClusterer expects cluster patterns
[3185:its-clusterer]: [18:28:28][INFO] Clusterizer masks overflow pixels separated by < 406 BC and <= 0 in row/col
[3185:its-clusterer]: [18:28:28][INFO] Inclusive clusterization timing (w/o disk IO): Cpu: 0 Real: 0 s in 1 slots
[3185:its-clusterer]: [18:28:28][INFO] Threads output merging timing                : Cpu: 0 Real: 0 s in 1 slots
[3185:its-clusterer]: [18:28:28][STATE] INITIALIZING DEVICE ---> INITIALIZED
[3185:its-clusterer]: [18:28:28][STATE] INITIALIZED ---> BINDING
[3185:its-clusterer]: [18:28:28][STATE] BINDING ---> BOUND
[3185:its-clusterer]: [18:28:28][STATE] BOUND ---> CONNECTING
[3185:its-clusterer]: [18:28:28][STATE] CONNECTING ---> DEVICE READY
[3185:its-clusterer]: [18:28:28][STATE] DEVICE READY ---> INITIALIZING TASK
[3185:its-clusterer]: [18:28:28][STATE] INITIALIZING TASK ---> READY
[3185:its-clusterer]: [18:28:28][STATE] READY ---> RUNNING
[3185:its-clusterer]: [18:28:28][INFO] DEVICE: Running...
[3186:its-cluster-writer]: 2021-05-20 18:28:28	Monitoring	[0;49mBuffering enabled (100)[0m
[3186:its-cluster-writer]: [18:28:28][INFO] 0: branch  ITSClusterComp set up
[3186:its-cluster-writer]: [18:28:28][INFO] 1: branch  ITSClusterPatt set up
[3186:its-cluster-writer]: [18:28:28][INFO] 2: branch  ITSClustersROF set up
[3186:its-cluster-writer]: [18:28:28][INFO] 3: branch  ITSClusterMCTruth set up
[3186:its-cluster-writer]: [18:28:28][INFO] 4: branch  ITSClustersMC2ROF set up
[3186:its-cluster-writer]: [18:28:28][STATE] INITIALIZING DEVICE ---> INITIALIZED
[3186:its-cluster-writer]: [18:28:28][STATE] INITIALIZED ---> BINDING
[3184:its-digit-reader]: [18:28:28][STATE] INITIALIZING DEVICE ---> INITIALIZED
[3184:its-digit-reader]: [18:28:28][STATE] INITIALIZED ---> BINDING
[3186:its-cluster-writer]: [18:28:28][STATE] BINDING ---> BOUND
[3186:its-cluster-writer]: [18:28:28][STATE] BOUND ---> CONNECTING
[3186:its-cluster-writer]: [18:28:28][STATE] CONNECTING ---> DEVICE READY
[3186:its-cluster-writer]: [18:28:28][STATE] DEVICE READY ---> INITIALIZING TASK
[3184:its-digit-reader]: [18:28:28][STATE] BINDING ---> BOUND
[3184:its-digit-reader]: [18:28:28][STATE] BOUND ---> CONNECTING
[3186:its-cluster-writer]: [18:28:28][STATE] INITIALIZING TASK ---> READY
[3186:its-cluster-writer]: [18:28:28][STATE] READY ---> RUNNING
[3186:its-cluster-writer]: [18:28:28][INFO] DEVICE: Running...
[3184:its-digit-reader]: [18:28:28][STATE] CONNECTING ---> DEVICE READY
[3184:its-digit-reader]: [18:28:28][STATE] DEVICE READY ---> INITIALIZING TASK
[3184:its-digit-reader]: [18:28:28][STATE] INITIALIZING TASK ---> READY
[3184:its-digit-reader]: [18:28:28][STATE] READY ---> RUNNING
[3184:its-digit-reader]: [18:28:28][INFO] DEVICE: Running...
[3188:its-track-writer]: 2021-05-20 18:28:28	Monitoring	[0;49mBuffering enabled (100)[0m
[3188:its-track-writer]: [18:28:28][INFO] 0: branch  ITSTrack set up
[3188:its-track-writer]: [18:28:28][INFO] 1: branch  ITSTrackClusIdx set up
[3188:its-track-writer]: [18:28:28][INFO] 2: branch  Vertices set up
[3188:its-track-writer]: [18:28:28][INFO] 3: branch  VerticesROF set up
[3188:its-track-writer]: [18:28:28][INFO] 4: branch  ITSTracksROF set up
[3188:its-track-writer]: [18:28:28][INFO] 5: branch  ITSTrackMCTruth set up
[3188:its-track-writer]: [18:28:28][INFO] 6: branch  ITSTracksMC2ROF set up
[3188:its-track-writer]: [18:28:28][STATE] INITIALIZING DEVICE ---> INITIALIZED
[3188:its-track-writer]: [18:28:28][STATE] INITIALIZED ---> BINDING
[3188:its-track-writer]: [18:28:28][STATE] BINDING ---> BOUND
[3188:its-track-writer]: [18:28:28][STATE] BOUND ---> CONNECTING
[3188:its-track-writer]: [18:28:28][STATE] CONNECTING ---> DEVICE READY
[3188:its-track-writer]: [18:28:28][STATE] DEVICE READY ---> INITIALIZING TASK
[3188:its-track-writer]: [18:28:28][STATE] INITIALIZING TASK ---> READY
[3188:its-track-writer]: [18:28:28][STATE] READY ---> RUNNING
[3188:its-track-writer]: [18:28:28][INFO] DEVICE: Running...
[3187:its-tracker]: [18:28:28][INFO] MagneticField::Print: MagneticFieldMap:
[3187:its-tracker]: [18:28:28][INFO] MagneticField::Print: Solenoid (-1*)5 kG, Dipole ON (-1) 
[3187:its-tracker]: [18:28:28][INFO] MagneticField::Print: Machine B fields for p-p  beam (7000 GeV): QGrad: 22.0002 Dipole: 37.8781
[3187:its-tracker]: [18:28:28][INFO] MagneticField::Print: Uses Sol30_Dip6_Hole  of /cvmfs/alice.cern.ch/el7-x86_64/Packages/O2/nightly-20210129-1/share/Common/maps/mfchebKGI_sym.root
[3187:its-tracker]: Info in <TGeoGlobalMagField::SetField>: Global magnetic field set to <MagneticFieldMap>
[3187:its-tracker]: Info in <TGeoGlobalMagField::Lock>: Global magnetic field <MagneticFieldMap> is now locked
[3187:its-tracker]: [18:28:28][INFO] Loading geometry FAIRGeom from o2sim_geometry.root
[3187:its-tracker]: Info in <TGeoManager::CloseGeometry>: Geometry loaded from file...
[3187:its-tracker]: Info in <TGeoManager::SetTopVolume>: Top volume is cave. Master volume is cave
[3187:its-tracker]: Info in <TGeoNavigator::BuildCache>: --- Maximum geometry depth set to 100
[3187:its-tracker]: Info in <TGeoManager::CloseGeometry>: Voxelization retrieved from file
[3187:its-tracker]: Info in <TGeoManager::CountLevels>: max level = 9, max placements = 126
[3187:its-tracker]: Info in <TGeoManager::CloseGeometry>: 179840 nodes/ 399 volume UID's in FAIR geometry
[3187:its-tracker]: Info in <TGeoManager::CloseGeometry>: ----------------modeler ready----------------
[3184:its-digit-reader]: [18:28:28][INFO] ITSDigitReader pushed 755566 digits, in 21 RO frames
[3187:its-tracker]: [18:28:28][INFO] Loading ITS T2L matrices from TGeo
[3185:its-clusterer]: [18:28:28][INFO] ITSClusterer pulled 755566 digits, in 21 RO frames
[3185:its-clusterer]: [18:28:28][INFO] ITSClusterer pulled 759773 labels 
[3185:its-clusterer]: [18:28:29][INFO] ITSClusterer pushed 134174 clusters, in 21 RO frames
[3186:its-cluster-writer]: [18:28:29][INFO] ITSClusterWriter pulled 134174 clusters, in 21 RO frames
[3187:its-tracker]: [18:28:29][WARN] It is faster to use 2D rotation for T2G instead of full Transform3D matrices
[3187:its-tracker]: [18:28:29][INFO] Loading ITS T2G matrices from TGeo
[3187:its-tracker]: [18:28:29][INFO] Loading ITS T2G rotation 2D matrices
[3187:its-tracker]: [18:28:29][INFO] Initializing tracker in sync. phase reconstruction with 1 passes
[3187:its-tracker]: [18:28:29][INFO] Not using lookup table for material budget approximation
[3187:its-tracker]: [18:28:29][INFO] Dictionary ITSdictionary.bin is absent, Tracker expects cluster patterns
[3187:its-tracker]: [18:28:29][STATE] INITIALIZING DEVICE ---> INITIALIZED
[3187:its-tracker]: [18:28:29][STATE] INITIALIZED ---> BINDING
[3187:its-tracker]: [18:28:29][STATE] BINDING ---> BOUND
[3187:its-tracker]: [18:28:29][STATE] BOUND ---> CONNECTING
[3187:its-tracker]: [18:28:29][STATE] CONNECTING ---> DEVICE READY
[3187:its-tracker]: [18:28:29][STATE] DEVICE READY ---> INITIALIZING TASK
[3187:its-tracker]: [18:28:29][STATE] INITIALIZING TASK ---> READY
[3187:its-tracker]: [18:28:29][STATE] READY ---> RUNNING
[3187:its-tracker]: [18:28:29][INFO] DEVICE: Running...
[3187:its-tracker]: [18:28:29][INFO] ITSTracker pulled 134174 clusters, 21 RO frames
[3187:its-tracker]: [18:28:29][INFO] 134174 MC label objects , in 10 MC events
[3187:its-tracker]: [18:28:29][INFO] ITSTracker RO: continuous=1
[3187:its-tracker]: [18:28:29][INFO] Loading ITS L2G matrices from TGeo
[3187:its-tracker]: [18:28:29][INFO] ROframe: 0, clusters loaded : 1283
[3187:its-tracker]:  - Vertexer initialisation completed in: 0.148551 ms
[3187:its-tracker]:  - Tracklet finding completed in: 0.004408 ms
[3187:its-tracker]:  - Adjacent tracklets validation completed in: 0.003039 ms
[3187:its-tracker]:  - Vertex finding completed in: 0.00496 ms
[3187:its-tracker]: [18:28:29][INFO] Found tracks: 0
[3187:its-tracker]: [18:28:29][INFO] ROframe: 1, clusters loaded : 1267
[3187:its-tracker]:  - Vertexer initialisation completed in: 0.143571 ms
[3187:its-tracker]:  - Tracklet finding completed in: 0.015096 ms
[3187:its-tracker]:  - Adjacent tracklets validation completed in: 0.000234 ms
[3187:its-tracker]:  - Vertex finding completed in: 0.000217 ms
[3187:its-tracker]: [18:28:29][INFO] Found tracks: 0
[3187:its-tracker]: [18:28:29][INFO] ROframe: 2, clusters loaded : 1323
[3187:its-tracker]:  - Vertexer initialisation completed in: 0.112488 ms
[3187:its-tracker]:  - Tracklet finding completed in: 0.000674 ms
[3187:its-tracker]:  - Adjacent tracklets validation completed in: 0.000152 ms
[3187:its-tracker]:  - Vertex finding completed in: 0.000113 ms
[3187:its-tracker]: [18:28:29][INFO] Found tracks: 0
[3187:its-tracker]: [18:28:29][INFO] ROframe: 3, clusters loaded : 1229
[3187:its-tracker]:  - Vertexer initialisation completed in: 0.125704 ms
[3187:its-tracker]:  - Tracklet finding completed in: 0.000696 ms
[3187:its-tracker]:  - Adjacent tracklets validation completed in: 0.000181 ms
[3187:its-tracker]:  - Vertex finding completed in: 0.000143 ms
[3187:its-tracker]: [18:28:29][INFO] Found tracks: 0
[3187:its-tracker]: [18:28:29][INFO] ROframe: 4, clusters loaded : 1245
[3187:its-tracker]:  - Vertexer initialisation completed in: 0.120217 ms
[3187:its-tracker]:  - Tracklet finding completed in: 0.000483 ms
[3187:its-tracker]:  - Adjacent tracklets validation completed in: 4.9e-05 ms
[3187:its-tracker]:  - Vertex finding completed in: 0.000101 ms
[3187:its-tracker]: [18:28:29][INFO] Found tracks: 0
[3187:its-tracker]: [18:28:29][INFO] ROframe: 5, clusters loaded : 1248
[3187:its-tracker]:  - Vertexer initialisation completed in: 0.110051 ms
[3187:its-tracker]:  - Tracklet finding completed in: 0.000521 ms
[3187:its-tracker]:  - Adjacent tracklets validation completed in: 5.1e-05 ms
[3187:its-tracker]:  - Vertex finding completed in: 6.3e-05 ms
[3187:its-tracker]: [18:28:29][INFO] Found tracks: 0
[3187:its-tracker]: [18:28:29][INFO] ROframe: 6, clusters loaded : 1259
[3187:its-tracker]:  - Vertexer initialisation completed in: 0.118287 ms
[3187:its-tracker]:  - Tracklet finding completed in: 0.000693 ms
[3187:its-tracker]:  - Adjacent tracklets validation completed in: 9.8e-05 ms
[3187:its-tracker]:  - Vertex finding completed in: 7.3e-05 ms
[3187:its-tracker]: [18:28:29][INFO] Found tracks: 0
[3187:its-tracker]: [18:28:29][INFO] ROframe: 7, clusters loaded : 1258
[3187:its-tracker]:  - Vertexer initialisation completed in: 0.1065 ms
[3187:its-tracker]:  - Tracklet finding completed in: 0.000705 ms
[3187:its-tracker]:  - Adjacent tracklets validation completed in: 8.9e-05 ms
[3187:its-tracker]:  - Vertex finding completed in: 0.000118 ms
[3187:its-tracker]: [18:28:29][INFO] Found tracks: 0
[3187:its-tracker]: [18:28:29][INFO] ROframe: 8, clusters loaded : 1247
[3187:its-tracker]:  - Vertexer initialisation completed in: 0.105917 ms
[3187:its-tracker]:  - Tracklet finding completed in: 0.002169 ms
[3187:its-tracker]:  - Adjacent tracklets validation completed in: 0.000123 ms
[3187:its-tracker]:  - Vertex finding completed in: 0.000116 ms
[3187:its-tracker]: [18:28:29][INFO] Found tracks: 0
[3187:its-tracker]: [18:28:29][INFO] ROframe: 9, clusters loaded : 34377
[3187:its-tracker]:  - Vertexer initialisation completed in: 1.61214 ms
[3187:its-tracker]:  - Tracklet finding completed in: 5.67503 ms
[3187:its-tracker]:  - Adjacent tracklets validation completed in: 1.17356 ms
[3187:its-tracker]:  - Vertex finding completed in: 0.277054 ms
[3187:its-tracker]: 		Found vertex with:    861 contributors
[3187:its-tracker]: 		Found vertex with:    429 contributors
[3187:its-tracker]:  - Context initialisation completed in: 2.74967 ms
[3187:its-tracker]:  - Tracklet finding completed in: 12.2818 ms
[3187:its-tracker]:  - Cell finding completed in: 5.13503 ms
[3187:its-tracker]:  - Neighbour finding completed in: 0.550169 ms
[3187:its-tracker]:  - Road finding completed in: 0.25093 ms
[3187:its-tracker]:  - Track finding completed in: 8.02819 ms
[3187:its-tracker]:  - Vertex processing completed in: 28.9958ms
[3187:its-tracker]:  - Context initialisation completed in: 0.237168 ms
[3187:its-tracker]:  - Tracklet finding completed in: 9.43048 ms
[3187:its-tracker]:  - Cell finding completed in: 2.24134 ms
[3187:its-tracker]:  - Neighbour finding completed in: 0.173127 ms
[3187:its-tracker]:  - Road finding completed in: 0.040813 ms
[3187:its-tracker]:  - Track finding completed in: 3.59538 ms
[3187:its-tracker]:  - Vertex processing completed in: 15.7183ms
[3187:its-tracker]:  - Context initialisation completed in: 0.133691 ms
[3187:its-tracker]:  - Tracklet finding completed in: 8.65409 ms
[3187:its-tracker]:  - Cell finding completed in: 2.16958 ms
[3187:its-tracker]:  - Neighbour finding completed in: 0.133544 ms
[3187:its-tracker]:  - Road finding completed in: 0.002207 ms
[3187:its-tracker]:  - Track finding completed in: 0.000486 ms
[3187:its-tracker]:  - Vertex processing completed in: 11.0936ms
[3187:its-tracker]:  - Context initialisation completed in: 0.110252 ms
[3187:its-tracker]:  - Tracklet finding completed in: 8.33436 ms
[3187:its-tracker]:  - Cell finding completed in: 1.44706 ms
[3187:its-tracker]:  - Neighbour finding completed in: 0.052839 ms
[3187:its-tracker]:  - Road finding completed in: 0.000561 ms
[3187:its-tracker]:  - Track finding completed in: 0.000338 ms
[3187:its-tracker]:  - Vertex processing completed in: 9.94542ms
[3187:its-tracker]: [18:28:29][INFO] Found tracks: 1189
[3187:its-tracker]: [18:28:29][INFO] ROframe: 10, clusters loaded : 1278
[3187:its-tracker]:  - Vertexer initialisation completed in: 0.129476 ms
[3187:its-tracker]:  - Tracklet finding completed in: 0.001823 ms
[3187:its-tracker]:  - Adjacent tracklets validation completed in: 0.000471 ms
[3187:its-tracker]:  - Vertex finding completed in: 0.000557 ms
[3187:its-tracker]: [18:28:29][INFO] Found tracks: 0
[3187:its-tracker]: [18:28:29][INFO] ROframe: 11, clusters loaded : 1428
[3187:its-tracker]:  - Vertexer initialisation completed in: 0.126181 ms
[3187:its-tracker]:  - Tracklet finding completed in: 0.007678 ms
[3187:its-tracker]:  - Adjacent tracklets validation completed in: 0.001221 ms
[3187:its-tracker]:  - Vertex finding completed in: 0.004745 ms
[3187:its-tracker]: 		Found vertex with:     10 contributors
[3187:its-tracker]:  - Context initialisation completed in: 0.932517 ms
[3187:its-tracker]:  - Tracklet finding completed in: 0.12301 ms
[3187:its-tracker]:  - Cell finding completed in: 0.009222 ms
[3187:its-tracker]:  - Neighbour finding completed in: 0.005847 ms
[3187:its-tracker]:  - Road finding completed in: 0.003046 ms
[3187:its-tracker]:  - Track finding completed in: 0.152462 ms
[3187:its-tracker]:  - Vertex processing completed in: 1.2261ms
[3187:its-tracker]:  - Context initialisation completed in: 0.003764 ms
[3187:its-tracker]:  - Tracklet finding completed in: 0.093613 ms
[3187:its-tracker]:  - Cell finding completed in: 0.004989 ms
[3187:its-tracker]:  - Neighbour finding completed in: 0.001721 ms
[3187:its-tracker]:  - Road finding completed in: 9.8e-05 ms
[3187:its-tracker]:  - Track finding completed in: 0.000126 ms
[3187:its-tracker]:  - Vertex processing completed in: 0.104311ms
[3187:its-tracker]: [18:28:29][INFO] Found tracks: 11
[3187:its-tracker]: [18:28:29][INFO] ROframe: 12, clusters loaded : 14492
[3187:its-tracker]:  - Vertexer initialisation completed in: 0.602068 ms
[3187:its-tracker]:  - Tracklet finding completed in: 0.884829 ms
[3187:its-tracker]:  - Adjacent tracklets validation completed in: 0.170306 ms
[3187:its-tracker]:  - Vertex finding completed in: 0.087601 ms
[3187:its-tracker]: 		Found vertex with:    321 contributors
[3187:its-tracker]: 		Found vertex with:    305 contributors
[3187:its-tracker]: 		Found vertex with:     43 contributors
[3187:its-tracker]:  - Context initialisation completed in: 1.24108 ms
[3187:its-tracker]:  - Tracklet finding completed in: 3.08436 ms
[3187:its-tracker]:  - Cell finding completed in: 0.805745 ms
[3187:its-tracker]:  - Neighbour finding completed in: 0.131434 ms
[3187:its-tracker]:  - Road finding completed in: 0.045914 ms
[3187:its-tracker]:  - Track finding completed in: 2.4186 ms
[3187:its-tracker]:  - Vertex processing completed in: 7.72712ms
[3187:its-tracker]:  - Context initialisation completed in: 0.062201 ms
[3187:its-tracker]:  - Tracklet finding completed in: 2.66079 ms
[3187:its-tracker]:  - Cell finding completed in: 0.589024 ms
[3187:its-tracker]:  - Neighbour finding completed in: 0.110208 ms
[3187:its-tracker]:  - Road finding completed in: 0.027843 ms
[3187:its-tracker]:  - Track finding completed in: 2.36404 ms
[3187:its-tracker]:  - Vertex processing completed in: 5.8141ms
[3187:its-tracker]:  - Context initialisation completed in: 0.05742 ms
[3187:its-tracker]:  - Tracklet finding completed in: 2.13712 ms
[3187:its-tracker]:  - Cell finding completed in: 0.205258 ms
[3187:its-tracker]:  - Neighbour finding completed in: 0.015832 ms
[3187:its-tracker]:  - Road finding completed in: 0.004581 ms
[3187:its-tracker]:  - Track finding completed in: 0.398916 ms
[3187:its-tracker]:  - Vertex processing completed in: 2.81912ms
[3187:its-tracker]:  - Context initialisation completed in: 0.020678 ms
[3187:its-tracker]:  - Tracklet finding completed in: 2.1355 ms
[3187:its-tracker]:  - Cell finding completed in: 0.322241 ms
[3187:its-tracker]:  - Neighbour finding completed in: 0.041401 ms
[3187:its-tracker]:  - Road finding completed in: 0.000397 ms
[3187:its-tracker]:  - Track finding completed in: 0.000221 ms
[3187:its-tracker]:  - Vertex processing completed in: 2.52044ms
[3187:its-tracker]:  - Context initialisation completed in: 0.028295 ms
[3187:its-tracker]:  - Tracklet finding completed in: 2.11349 ms
[3187:its-tracker]:  - Cell finding completed in: 0.273908 ms
[3187:its-tracker]:  - Neighbour finding completed in: 0.029747 ms
[3187:its-tracker]:  - Road finding completed in: 0.000323 ms
[3187:its-tracker]:  - Track finding completed in: 0.000192 ms
[3187:its-tracker]:  - Vertex processing completed in: 2.44595ms
[3187:its-tracker]:  - Context initialisation completed in: 0.025275 ms
[3187:its-tracker]:  - Tracklet finding completed in: 2.04879 ms
[3187:its-tracker]:  - Cell finding completed in: 0.165357 ms
[3187:its-tracker]:  - Neighbour finding completed in: 0.006096 ms
[3187:its-tracker]:  - Road finding completed in: 0.000195 ms
[3187:its-tracker]:  - Track finding completed in: 0.000145 ms
[3187:its-tracker]:  - Vertex processing completed in: 2.24586ms
[3187:its-tracker]: [18:28:29][INFO] Found tracks: 558
[3187:its-tracker]: [18:28:29][INFO] ROframe: 13, clusters loaded : 1321
[3187:its-tracker]:  - Vertexer initialisation completed in: 0.133113 ms
[3187:its-tracker]:  - Tracklet finding completed in: 0.001261 ms
[3187:its-tracker]:  - Adjacent tracklets validation completed in: 0.000478 ms
[3187:its-tracker]:  - Vertex finding completed in: 0.000423 ms
[3187:its-tracker]: [18:28:29][INFO] Found tracks: 0
[3187:its-tracker]: [18:28:29][INFO] ROframe: 14, clusters loaded : 1263
[3187:its-tracker]:  - Vertexer initialisation completed in: 0.113714 ms
[3187:its-tracker]:  - Tracklet finding completed in: 0.000837 ms
[3187:its-tracker]:  - Adjacent tracklets validation completed in: 9.8e-05 ms
[3187:its-tracker]:  - Vertex finding completed in: 3.7e-05 ms
[3187:its-tracker]: [18:28:29][INFO] Found tracks: 0
[3187:its-tracker]: [18:28:29][INFO] ROframe: 15, clusters loaded : 1278
[3187:its-tracker]:  - Vertexer initialisation completed in: 0.140412 ms
[3187:its-tracker]:  - Tracklet finding completed in: 0.000535 ms
[3187:its-tracker]:  - Adjacent tracklets validation completed in: 0.000126 ms
[3187:its-tracker]:  - Vertex finding completed in: 6.2e-05 ms
[3187:its-tracker]: [18:28:29][INFO] Found tracks: 0
[3187:its-tracker]: [18:28:29][INFO] ROframe: 16, clusters loaded : 1268
[3187:its-tracker]:  - Vertexer initialisation completed in: 0.115248 ms
[3187:its-tracker]:  - Tracklet finding completed in: 0.000425 ms
[3187:its-tracker]:  - Adjacent tracklets validation completed in: 8.2e-05 ms
[3187:its-tracker]:  - Vertex finding completed in: 0.000105 ms
[3187:its-tracker]: [18:28:29][INFO] Found tracks: 0
[3187:its-tracker]: [18:28:29][INFO] ROframe: 17, clusters loaded : 1331
[3187:its-tracker]:  - Vertexer initialisation completed in: 0.122252 ms
[3187:its-tracker]:  - Tracklet finding completed in: 0.000741 ms
[3187:its-tracker]:  - Adjacent tracklets validation completed in: 0.000162 ms
[3187:its-tracker]:  - Vertex finding completed in: 6.4e-05 ms
[3187:its-tracker]: [18:28:29][INFO] Found tracks: 0
[3187:its-tracker]: [18:28:29][INFO] ROframe: 18, clusters loaded : 46790
[3187:its-tracker]:  - Vertexer initialisation completed in: 2.38283 ms
[3187:its-tracker]:  - Tracklet finding completed in: 10.0054 ms
[3187:its-tracker]:  - Adjacent tracklets validation completed in: 2.52602 ms
[3187:its-tracker]:  - Vertex finding completed in: 0.462949 ms
[3187:its-tracker]: 		Found vertex with:   1436 contributors
[3187:its-tracker]: 		Found vertex with:    966 contributors
[3187:its-tracker]:  - Context initialisation completed in: 2.20136 ms
[3187:its-tracker]:  - Tracklet finding completed in: 19.9429 ms
[3187:its-tracker]:  - Cell finding completed in: 10.5744 ms
[3187:its-tracker]:  - Neighbour finding completed in: 0.774905 ms
[3187:its-tracker]:  - Road finding completed in: 0.219228 ms
[3187:its-tracker]:  - Track finding completed in: 11.3418 ms
[3187:its-tracker]:  - Vertex processing completed in: 45.0545ms
[3187:its-tracker]:  - Context initialisation completed in: 0.353349 ms
[3187:its-tracker]:  - Tracklet finding completed in: 15.1817 ms
[3187:its-tracker]:  - Cell finding completed in: 5.64655 ms
[3187:its-tracker]:  - Neighbour finding completed in: 0.401677 ms
[3187:its-tracker]:  - Road finding completed in: 0.097335 ms
[3187:its-tracker]:  - Track finding completed in: 8.09189 ms
[3187:its-tracker]:  - Vertex processing completed in: 29.7725ms
[3187:its-tracker]:  - Context initialisation completed in: 0.282057 ms
[3187:its-tracker]:  - Tracklet finding completed in: 12.5689 ms
[3187:its-tracker]:  - Cell finding completed in: 3.56667 ms
[3187:its-tracker]:  - Neighbour finding completed in: 0.196339 ms
[3187:its-tracker]:  - Road finding completed in: 0.001557 ms
[3187:its-tracker]:  - Track finding completed in: 0.000297 ms
[3187:its-tracker]:  - Vertex processing completed in: 16.6158ms
[3187:its-tracker]:  - Context initialisation completed in: 0.180792 ms
[3187:its-tracker]:  - Tracklet finding completed in: 12.4255 ms
[3187:its-tracker]:  - Cell finding completed in: 3.13707 ms
[3187:its-tracker]:  - Neighbour finding completed in: 0.123785 ms
[3187:its-tracker]:  - Road finding completed in: 0.001196 ms
[3187:its-tracker]:  - Track finding completed in: 0.000287 ms
[3187:its-tracker]:  - Vertex processing completed in: 15.8686ms
[3187:its-tracker]: [18:28:29][INFO] Found tracks: 1954
[3187:its-tracker]: [18:28:29][INFO] ROframe: 19, clusters loaded : 16624
[3187:its-tracker]:  - Vertexer initialisation completed in: 0.722961 ms
[3187:its-tracker]:  - Tracklet finding completed in: 1.14703 ms
[3187:its-tracker]:  - Adjacent tracklets validation completed in: 0.215085 ms
[3187:its-tracker]:  - Vertex finding completed in: 0.081039 ms
[3187:its-tracker]: 		Found vertex with:    777 contributors
[3187:its-tracker]:  - Context initialisation completed in: 1.33007 ms
[3187:its-tracker]:  - Tracklet finding completed in: 3.95602 ms
[3187:its-tracker]:  - Cell finding completed in: 1.46328 ms
[3187:its-tracker]:  - Neighbour finding completed in: 0.301855 ms
[3187:its-tracker]:  - Road finding completed in: 0.081364 ms
[3187:its-tracker]:  - Track finding completed in: 5.80635 ms
[3187:its-tracker]:  - Vertex processing completed in: 12.9389ms
[3187:its-tracker]:  - Context initialisation completed in: 0.136316 ms
[3187:its-tracker]:  - Tracklet finding completed in: 2.80897 ms
[3187:its-tracker]:  - Cell finding completed in: 0.602583 ms
[3187:its-tracker]:  - Neighbour finding completed in: 0.085038 ms
[3187:its-tracker]:  - Road finding completed in: 0.000676 ms
[3187:its-tracker]:  - Track finding completed in: 0.000229 ms
[3187:its-tracker]:  - Vertex processing completed in: 3.63381ms
[3187:its-tracker]: [18:28:29][INFO] Found tracks: 642
[3187:its-tracker]: [18:28:29][INFO] ROframe: 20, clusters loaded : 1365
[3187:its-tracker]:  - Vertexer initialisation completed in: 0.130072 ms
[3187:its-tracker]:  - Tracklet finding completed in: 0.001819 ms
[3187:its-tracker]:  - Adjacent tracklets validation completed in: 0.000598 ms
[3187:its-tracker]:  - Vertex finding completed in: 0.000554 ms
[3187:its-tracker]: [18:28:29][INFO] Found tracks: 0
[3187:its-tracker]: [18:28:29][INFO] ITSTracker pushed 4354 tracks
[3187:its-tracker]: [18:28:29][INFO] ITS CA-Tracker total timing: Cpu: 3.700e-01 Real: 3.721e-01 s in 1 slots
[3188:its-track-writer]: [18:28:29][INFO] ITSTrackWriter pulled 4354 tracks, in 21 RO frames
[INFO] Quitting
[INFO] QUIT_REQUESTED
[3187:its-tracker]: [18:28:29][INFO] Received device shutdown request (signal 15).
[3187:its-tracker]: [18:28:29][INFO] Waiting for graceful device shutdown. Hit Ctrl-C again to abort immediately.
[3186:its-cluster-writer]: [18:28:29][INFO] Received device shutdown request (signal 15).
[3186:its-cluster-writer]: [18:28:29][INFO] Waiting for graceful device shutdown. Hit Ctrl-C again to abort immediately.
[3184:its-digit-reader]: [18:28:29][INFO] Received device shutdown request (signal 15).
[3184:its-digit-reader]: [18:28:29][INFO] Waiting for graceful device shutdown. Hit Ctrl-C again to abort immediately.
[3188:its-track-writer]: [18:28:29][INFO] Received device shutdown request (signal 15).
[3188:its-track-writer]: [18:28:29][INFO] Waiting for graceful device shutdown. Hit Ctrl-C again to abort immediately.
[3183:internal-dpl-clock]: [18:28:29][INFO] Received device shutdown request (signal 15).
[3183:internal-dpl-clock]: [18:28:29][INFO] Waiting for graceful device shutdown. Hit Ctrl-C again to abort immediately.
[3185:its-clusterer]: [18:28:29][INFO] Received device shutdown request (signal 15).
[3185:its-clusterer]: [18:28:29][INFO] Waiting for graceful device shutdown. Hit Ctrl-C again to abort immediately.
[3184:its-digit-reader]: [18:28:29][STATE] RUNNING ---> READY
[3184:its-digit-reader]: [18:28:29][STATE] READY ---> RESETTING TASK
[3184:its-digit-reader]: [18:28:29][STATE] RESETTING TASK ---> DEVICE READY
[3184:its-digit-reader]: [18:28:29][STATE] DEVICE READY ---> RESETTING DEVICE
[3184:its-digit-reader]: [18:28:29][STATE] RESETTING DEVICE ---> IDLE
[3184:its-digit-reader]: [18:28:29][STATE] IDLE ---> EXITING
[3184:its-digit-reader]: [18:28:29][STATE] Exiting FairMQ state machine
[3183:internal-dpl-clock]: [18:28:30][STATE] RUNNING ---> READY
[3183:internal-dpl-clock]: [18:28:30][STATE] READY ---> RESETTING TASK
[3183:internal-dpl-clock]: [18:28:30][STATE] RESETTING TASK ---> DEVICE READY
[3183:internal-dpl-clock]: [18:28:30][STATE] DEVICE READY ---> RESETTING DEVICE
[3183:internal-dpl-clock]: [18:28:30][STATE] RESETTING DEVICE ---> IDLE
[3183:internal-dpl-clock]: [18:28:30][STATE] IDLE ---> EXITING
[3183:internal-dpl-clock]: [18:28:30][STATE] Exiting FairMQ state machine
[3185:its-clusterer]: [18:28:30][STATE] RUNNING ---> READY
[3185:its-clusterer]: [18:28:30][STATE] READY ---> RESETTING TASK
[3185:its-clusterer]: [18:28:30][STATE] RESETTING TASK ---> DEVICE READY
[3185:its-clusterer]: [18:28:30][STATE] DEVICE READY ---> RESETTING DEVICE
[3187:its-tracker]: [18:28:30][STATE] RUNNING ---> READY
[3187:its-tracker]: [18:28:30][STATE] READY ---> RESETTING TASK
[3187:its-tracker]: [18:28:30][STATE] RESETTING TASK ---> DEVICE READY
[3187:its-tracker]: [18:28:30][STATE] DEVICE READY ---> RESETTING DEVICE
[3187:its-tracker]: [18:28:30][STATE] RESETTING DEVICE ---> IDLE
[3187:its-tracker]: [18:28:30][STATE] IDLE ---> EXITING
[3187:its-tracker]: [18:28:30][STATE] Exiting FairMQ state machine
[3185:its-clusterer]: [18:28:30][STATE] RESETTING DEVICE ---> IDLE
[3185:its-clusterer]: [18:28:30][STATE] IDLE ---> EXITING
[3185:its-clusterer]: [18:28:30][STATE] Exiting FairMQ state machine
[3188:its-track-writer]: [18:28:30][STATE] RUNNING ---> READY
[3188:its-track-writer]: [18:28:30][STATE] READY ---> RESETTING TASK
[3188:its-track-writer]: [18:28:30][STATE] RESETTING TASK ---> DEVICE READY
[3188:its-track-writer]: [18:28:30][STATE] DEVICE READY ---> RESETTING DEVICE
[3188:its-track-writer]: [18:28:30][STATE] RESETTING DEVICE ---> IDLE
[3188:its-track-writer]: [18:28:30][STATE] IDLE ---> EXITING
[3186:its-cluster-writer]: [18:28:30][STATE] RUNNING ---> READY
[3186:its-cluster-writer]: [18:28:30][STATE] READY ---> RESETTING TASK
[3186:its-cluster-writer]: [18:28:30][STATE] RESETTING TASK ---> DEVICE READY
[3186:its-cluster-writer]: [18:28:30][STATE] DEVICE READY ---> RESETTING DEVICE
[3188:its-track-writer]: [18:28:30][STATE] Exiting FairMQ state machine
[3186:its-cluster-writer]: Cleaning up for shared memory id '614b662f'...
[3186:its-cluster-writer]: No region counter found. No regions to cleanup.
[3186:its-cluster-writer]: Successfully removed 'fmq_614b662f_m_0'.
[3186:its-cluster-writer]: Successfully removed 'fmq_614b662f_mng'.
[3186:its-cluster-writer]: Successfully removed 'fmq_614b662f_mtx'.
[3186:its-cluster-writer]: Successfully removed 'fmq_614b662f_cv'.
[3186:its-cluster-writer]: [18:28:30][STATE] RESETTING DEVICE ---> IDLE
[3186:its-cluster-writer]: [18:28:30][STATE] IDLE ---> EXITING
[3186:its-cluster-writer]: [18:28:30][STATE] Exiting FairMQ state machine
[INFO] Dumping used configuration in dpl-config.json
