===============================
execute this script as follows:
./generate_its.sh system region nevents
where:
system = 1 -> pp
       = 2 -> Pb-Pb
region = 1 -> ITS only
       = 2 -> whole detector
===============================
will generate Pb-Pb events
will transport events in the ITS only
Will generate: 10 events
Moving to /eos/user/f/ftorales/its_data/alignment/lbnl_alice_alignment_tasks/2287089/5
/eos/user/f/ftorales/its_data/alignment/lbnl_alice_alignment_tasks/2287089/5

==============================================================================================
1. MC generation run
[INFO] Running with 6 sim workers 
[INFO] CREATING SIM SHARED MEM SEGMENT FOR 6 WORKERS
Spawning particle server on PID 996; Redirect output to o2sim_serverlog
Spawning sim worker 0 on PID 998; Redirect output to o2sim_workerlog0
Spawning hit merger on PID 999; Redirect output to o2sim_mergerlog
[INFO] DISTRIBUTING EVENT : 1
[INFO] EVENT FINISHED : 1
[INFO] DISTRIBUTING EVENT : 2
[INFO] EVENT FINISHED : 2
[INFO] DISTRIBUTING EVENT : 3
[INFO] EVENT FINISHED : 3
[INFO] DISTRIBUTING EVENT : 4
[INFO] DISTRIBUTING EVENT : 5
[INFO] EVENT FINISHED : 5
[INFO] EVENT FINISHED : 4
[INFO] DISTRIBUTING EVENT : 6
[INFO] EVENT FINISHED : 6
[INFO] DISTRIBUTING EVENT : 7
[INFO] EVENT FINISHED : 7
[INFO] DISTRIBUTING EVENT : 8
[INFO] EVENT FINISHED : 8
[INFO] DISTRIBUTING EVENT : 9
[INFO] EVENT FINISHED : 9
[INFO] DISTRIBUTING EVENT : 10
[INFO] EVENT FINISHED : 10
[INFO] Merger process 999 returned
[INFO] Simulation process took 83.211 s
[INFO] SIMULATION RETURNED SUCCESFULLY

==============================================================================================
2. Hits to digits conversion
Run: 1621528977
Fill:      0
Period: 
LHC State: 
Start: Thu May 20 18:42:59 2021
End  : Thu May 20 18:42:59 2021
Beam0: Z:A =   0:  0, Energy = 0.000
Beam1: Z:A =   0:  0, Energy = 0.000
sqrt[s]    = 0.000
crossing angle (radian) = 0.000000e+00
magnet currents (A) L3 = -30000.000, Dipole = -6000
Detectors: Cont.RO Triggers
      ITS:    -       -    
[INFO] MC-TRUTH 1
[INFO] TPC: GEM setup - initialization from scratch
[INFO] TPC: GEM setup (polya) took 8.79
[INFO] TPC is in grp? no; is skipped? no
[INFO] ITS is in grp? yes; is skipped? no
[INFO] MFT is in grp? no; is skipped? no
[INFO] TOF is in grp? no; is skipped? no
[INFO] FT0 is in grp? no; is skipped? no
[INFO] FV0 is in grp? no; is skipped? no
[INFO] EMC is in grp? no; is skipped? no
[INFO] HMP is in grp? no; is skipped? no
[INFO] ZDC is in grp? no; is skipped? no
[INFO] TRD is in grp? no; is skipped? no
[INFO] MCH is in grp? no; is skipped? no
[INFO] MID is in grp? no; is skipped? no
[INFO] FDD is in grp? no; is skipped? no
[INFO] PHS is in grp? no; is skipped? no
[INFO] CPV is in grp? no; is skipped? no
[INFO] Initialising O2 Data Processing Layer
[INFO] O2 Data Processing Layer initialised. We brake for nobody.
[INFO] Optimised build. O2DEBUG / LOG(DEBUG) / LOGF(DEBUG) / assert statement will not be shown.
[INFO] Redeployment of configuration asked.
[INFO] Starting internal-dpl-clock on pid 2100
[INFO] Starting SimReader on pid 2101
[INFO] Starting ITSDigitizer on pid 2102
[INFO] Starting GRPUpdater on pid 2103
[INFO] Starting ITSDigitWriter on pid 2104
[INFO] Redeployment of configuration done.
[2100:internal-dpl-clock]: [INFO] MC-TRUTH 1
[2101:SimReader]: [INFO] MC-TRUTH 1
[2103:GRPUpdater]: [INFO] MC-TRUTH 1
[2100:internal-dpl-clock]: [INFO] Spawing new device internal-dpl-clock in process with pid 2100
[2103:GRPUpdater]: [INFO] Spawing new device GRPUpdater in process with pid 2103
[2101:SimReader]: [INFO] Spawing new device SimReader in process with pid 2101
[2104:ITSDigitWriter]: [INFO] MC-TRUTH 1
[2102:ITSDigitizer]: [INFO] MC-TRUTH 1
[2102:ITSDigitizer]: [INFO] Spawing new device ITSDigitizer in process with pid 2102
[2104:ITSDigitWriter]: [INFO] Spawing new device ITSDigitWriter in process with pid 2104
[2103:GRPUpdater]: [18:46:44][INFO] 
[2103:GRPUpdater]:       ______      _    _______  _________ 
[2103:GRPUpdater]:      / ____/___ _(_)_______   |/  /_  __ \    version 1.4.29
[2103:GRPUpdater]:     / /_  / __ `/ / ___/__  /|_/ /_  / / /    build RELWITHDEBINFO
[2103:GRPUpdater]:    / __/ / /_/ / / /    _  /  / / / /_/ /     https://github.com/FairRootGroup/FairMQ
[2103:GRPUpdater]:   /_/    \__,_/_/_/     /_/  /_/  \___\_\     LGPL-3.0  © 2012-2020 GSI
[2103:GRPUpdater]: 
[2104:ITSDigitWriter]: [18:46:44][INFO] 
[2104:ITSDigitWriter]:       ______      _    _______  _________ 
[2104:ITSDigitWriter]:      / ____/___ _(_)_______   |/  /_  __ \    version 1.4.29
[2104:ITSDigitWriter]:     / /_  / __ `/ / ___/__  /|_/ /_  / / /    build RELWITHDEBINFO
[2104:ITSDigitWriter]:    / __/ / /_/ / / /    _  /  / / / /_/ /     https://github.com/FairRootGroup/FairMQ
[2104:ITSDigitWriter]:   /_/    \__,_/_/_/     /_/  /_/  \___\_\     LGPL-3.0  © 2012-2020 GSI
[2104:ITSDigitWriter]: 
[2102:ITSDigitizer]: [18:46:44][INFO] 
[2102:ITSDigitizer]:       ______      _    _______  _________ 
[2102:ITSDigitizer]:      / ____/___ _(_)_______   |/  /_  __ \    version 1.4.29
[2102:ITSDigitizer]:     / /_  / __ `/ / ___/__  /|_/ /_  / / /    build RELWITHDEBINFO
[2102:ITSDigitizer]:    / __/ / /_/ / / /    _  /  / / / /_/ /     https://github.com/FairRootGroup/FairMQ
[2102:ITSDigitizer]:   /_/    \__,_/_/_/     /_/  /_/  \___\_\     LGPL-3.0  © 2012-2020 GSI
[2102:ITSDigitizer]: 
[2103:GRPUpdater]: [18:46:44][STATE] Starting FairMQ state machine --> IDLE
[2104:ITSDigitWriter]: [18:46:44][STATE] Starting FairMQ state machine --> IDLE
[2102:ITSDigitizer]: [18:46:44][STATE] Starting FairMQ state machine --> IDLE
[2100:internal-dpl-clock]: [18:46:44][INFO] 
[2100:internal-dpl-clock]:       ______      _    _______  _________ 
[2100:internal-dpl-clock]:      / ____/___ _(_)_______   |/  /_  __ \    version 1.4.29
[2100:internal-dpl-clock]:     / /_  / __ `/ / ___/__  /|_/ /_  / / /    build RELWITHDEBINFO
[2100:internal-dpl-clock]:    / __/ / /_/ / / /    _  /  / / / /_/ /     https://github.com/FairRootGroup/FairMQ
[2100:internal-dpl-clock]:   /_/    \__,_/_/_/     /_/  /_/  \___\_\     LGPL-3.0  © 2012-2020 GSI
[2100:internal-dpl-clock]: 
[2100:internal-dpl-clock]: [18:46:44][STATE] Starting FairMQ state machine --> IDLE
[2102:ITSDigitizer]: 2021-05-20 18:46:44	Monitoring	[0;49mStdOut backend initialized[0m
[2104:ITSDigitWriter]: 2021-05-20 18:46:44	Monitoring	[0;49mStdOut backend initialized[0m
[2103:GRPUpdater]: 2021-05-20 18:46:44	Monitoring	[0;49mStdOut backend initialized[0m
[2100:internal-dpl-clock]: 2021-05-20 18:46:44	Monitoring	[0;49mStdOut backend initialized[0m
[2100:internal-dpl-clock]: [18:46:44][STATE] IDLE ---> INITIALIZING DEVICE
[2100:internal-dpl-clock]: 2021-05-20 18:46:44	Monitoring	[0;49mBuffering enabled (100)[0m
[2100:internal-dpl-clock]: [18:46:44][STATE] INITIALIZING DEVICE ---> INITIALIZED
[2100:internal-dpl-clock]: [18:46:44][STATE] INITIALIZED ---> BINDING
[2100:internal-dpl-clock]: [18:46:44][STATE] BINDING ---> BOUND
[2100:internal-dpl-clock]: [18:46:44][STATE] BOUND ---> CONNECTING
[2100:internal-dpl-clock]: [18:46:44][STATE] CONNECTING ---> DEVICE READY
[2100:internal-dpl-clock]: [18:46:44][STATE] DEVICE READY ---> INITIALIZING TASK
[2100:internal-dpl-clock]: [18:46:44][STATE] INITIALIZING TASK ---> READY
[2100:internal-dpl-clock]: [18:46:44][STATE] READY ---> RUNNING
[2100:internal-dpl-clock]: [18:46:44][INFO] DEVICE: Running...
[2101:SimReader]: [18:46:44][INFO] 
[2101:SimReader]:       ______      _    _______  _________ 
[2101:SimReader]:      / ____/___ _(_)_______   |/  /_  __ \    version 1.4.29
[2101:SimReader]:     / /_  / __ `/ / ___/__  /|_/ /_  / / /    build RELWITHDEBINFO
[2101:SimReader]:    / __/ / /_/ / / /    _  /  / / / /_/ /     https://github.com/FairRootGroup/FairMQ
[2101:SimReader]:   /_/    \__,_/_/_/     /_/  /_/  \___\_\     LGPL-3.0  © 2012-2020 GSI
[2101:SimReader]: 
[2101:SimReader]: [18:46:44][STATE] Starting FairMQ state machine --> IDLE
[2101:SimReader]: 2021-05-20 18:46:44	Monitoring	[0;49mStdOut backend initialized[0m
[2101:SimReader]: [18:46:44][STATE] IDLE ---> INITIALIZING DEVICE
[2101:SimReader]: 2021-05-20 18:46:44	Monitoring	[0;49mBuffering enabled (100)[0m
[2101:SimReader]: [18:46:44][INFO] adding o2sim
[2101:SimReader]: 
[2101:SimReader]: [18:46:44][INFO] INCONTEXTSTRING 
[2101:SimReader]: [18:46:44][INFO] Imposing hadronic interaction rate 50000Hz
[2101:SimReader]: [18:46:44][WARN] No bunch filling provided, impose default one
[2101:SimReader]: [18:46:44][INFO] Deducing mu=0.00771915 per BC from IR=50000 with 576 BCs
[2102:ITSDigitizer]: [18:46:44][STATE] IDLE ---> INITIALIZING DEVICE
[2102:ITSDigitizer]: 2021-05-20 18:46:44	Monitoring	[0;49mBuffering enabled (100)[0m
[2102:ITSDigitizer]: [18:46:44][INFO] Initializing geometry service
[2102:ITSDigitizer]: [18:46:44][INFO] Loading geometry FAIRGeom from o2sim_geometry.root
[2103:GRPUpdater]: [18:46:44][STATE] IDLE ---> INITIALIZING DEVICE
[2103:GRPUpdater]: 2021-05-20 18:46:44	Monitoring	[0;49mBuffering enabled (100)[0m
[2103:GRPUpdater]: [18:46:44][STATE] INITIALIZING DEVICE ---> INITIALIZED
[2103:GRPUpdater]: [18:46:44][STATE] INITIALIZED ---> BINDING
[2103:GRPUpdater]: [18:46:44][STATE] BINDING ---> BOUND
[2103:GRPUpdater]: [18:46:44][STATE] BOUND ---> CONNECTING
[2103:GRPUpdater]: [18:46:44][STATE] CONNECTING ---> DEVICE READY
[2103:GRPUpdater]: [18:46:44][STATE] DEVICE READY ---> INITIALIZING TASK
[2103:GRPUpdater]: [18:46:44][STATE] INITIALIZING TASK ---> READY
[2103:GRPUpdater]: [18:46:44][STATE] READY ---> RUNNING
[2103:GRPUpdater]: [18:46:44][INFO] DEVICE: Running...
[2104:ITSDigitWriter]: [18:46:44][STATE] IDLE ---> INITIALIZING DEVICE
[2101:SimReader]: [18:46:44][INFO] InteractionSampler with 576 colliding BCs, mu(BC)= 0.00771915 -> total IR= 50000
[2101:SimReader]: [18:46:44][INFO] Current BCid:    0 Orbit:      1 |T in BC(ns): 0.000(0 coll left)
[2101:SimReader]: [18:46:44][INFO] setting up 1 chains
[2104:ITSDigitWriter]: 2021-05-20 18:46:44	Monitoring	[0;49mBuffering enabled (100)[0m
[2104:ITSDigitWriter]: [18:46:45][INFO] 0: branch  ITSDigitMCTruth set up
[2104:ITSDigitWriter]: [18:46:45][INFO] 1: branch  ITSDigitMC2ROF set up
[2104:ITSDigitWriter]: [18:46:45][INFO] 2: branch  ITSDigit set up
[2104:ITSDigitWriter]: [18:46:45][INFO] 3: branch  ITSDigitROF set up
[2104:ITSDigitWriter]: [18:46:45][STATE] INITIALIZING DEVICE ---> INITIALIZED
[2104:ITSDigitWriter]: [18:46:45][STATE] INITIALIZED ---> BINDING
[2104:ITSDigitWriter]: [18:46:45][STATE] BINDING ---> BOUND
[2104:ITSDigitWriter]: [18:46:45][STATE] BOUND ---> CONNECTING
[2104:ITSDigitWriter]: [18:46:45][STATE] CONNECTING ---> DEVICE READY
[2104:ITSDigitWriter]: [18:46:45][STATE] DEVICE READY ---> INITIALIZING TASK
[2104:ITSDigitWriter]: [18:46:45][STATE] INITIALIZING TASK ---> READY
[2104:ITSDigitWriter]: [18:46:45][STATE] READY ---> RUNNING
[2104:ITSDigitWriter]: [18:46:45][INFO] DEVICE: Running...
[2102:ITSDigitizer]: Info in <TGeoManager::CloseGeometry>: Geometry loaded from file...
[2102:ITSDigitizer]: Info in <TGeoManager::SetTopVolume>: Top volume is cave. Master volume is cave
[2102:ITSDigitizer]: Info in <TGeoNavigator::BuildCache>: --- Maximum geometry depth set to 100
[2102:ITSDigitizer]: Info in <TGeoManager::CloseGeometry>: Voxelization retrieved from file
[2102:ITSDigitizer]: Info in <TGeoManager::CountLevels>: max level = 9, max placements = 126
[2102:ITSDigitizer]: Info in <TGeoManager::CloseGeometry>: 179840 nodes/ 399 volume UID's in FAIR geometry
[2102:ITSDigitizer]: Info in <TGeoManager::CloseGeometry>: ----------------modeler ready----------------
[2102:ITSDigitizer]: [18:46:45][INFO] Initializing field service
[2101:SimReader]: [18:46:45][INFO] Automatic deduction of number of collisions ... will just take number of background entries 10
[2101:SimReader]: Summary of DigitizationContext --
[2101:SimReader]: Parts per collision 1
[2101:SimReader]: Collision parts taken from simulations specified by prefix:
[2101:SimReader]: Number of Collisions 10
[2101:SimReader]: Collision 0 TIME BCid: 1022 Orbit:      1 |T in BC(ns): -0.025 (0 , 0)
[2101:SimReader]: Collision 1 TIME BCid:   64 Orbit:      2 |T in BC(ns): 0.088 (0 , 1)
[2101:SimReader]: Collision 2 TIME BCid: 1004 Orbit:      2 |T in BC(ns): 0.055 (0 , 2)
[2101:SimReader]: Collision 3 TIME BCid: 1972 Orbit:      2 |T in BC(ns): -0.136 (0 , 3)
[2101:SimReader]: Collision 4 TIME BCid:  590 Orbit:      3 |T in BC(ns): 0.087 (0 , 4)
[2101:SimReader]: Collision 5 TIME BCid: 1388 Orbit:      3 |T in BC(ns): 0.113 (0 , 5)
[2101:SimReader]: Collision 6 TIME BCid: 2148 Orbit:      3 |T in BC(ns): 0.044 (0 , 6)
[2101:SimReader]: Collision 7 TIME BCid:  438 Orbit:      4 |T in BC(ns): -0.259 (0 , 7)
[2101:SimReader]: Collision 8 TIME BCid:  804 Orbit:      4 |T in BC(ns): -0.062 (0 , 8)
[2101:SimReader]: Collision 9 TIME BCid: 1240 Orbit:      4 |T in BC(ns): -0.047 (0 , 9)
[2101:SimReader]: [18:46:45][INFO] Initializing Spec ... have 10 times 
[2101:SimReader]: [18:46:45][INFO] Serializing Context for later reuse
[2102:ITSDigitizer]: [18:46:45][INFO] MagneticField::Print: MagneticFieldMap:
[2102:ITSDigitizer]: [18:46:45][INFO] MagneticField::Print: Solenoid (-1*)5 kG, Dipole ON (-1) 
[2102:ITSDigitizer]: [18:46:45][INFO] MagneticField::Print: Machine B fields for p-p  beam (7000 GeV): QGrad: 22.0002 Dipole: 37.8781
[2102:ITSDigitizer]: [18:46:45][INFO] MagneticField::Print: Uses Sol30_Dip6_Hole  of /cvmfs/alice.cern.ch/el7-x86_64/Packages/O2/nightly-20210129-1/share/Common/maps/mfchebKGI_sym.root
[2102:ITSDigitizer]: Info in <TGeoGlobalMagField::SetField>: Global magnetic field set to <MagneticFieldMap>
[2102:ITSDigitizer]: Info in <TGeoGlobalMagField::Lock>: Global magnetic field <MagneticFieldMap> is now locked
[2102:ITSDigitizer]: [18:46:45][INFO] Set Alpide charge threshold to 150, single hit will be accounted from 15 electrons
[2102:ITSDigitizer]: [18:46:45][INFO] ITS simulated in CONTINUOUS RO mode
[2102:ITSDigitizer]: [18:46:46][INFO] Loading ITS L2G matrices from TGeo
[2101:SimReader]: [18:46:46][STATE] INITIALIZING DEVICE ---> INITIALIZED
[2101:SimReader]: [18:46:46][STATE] INITIALIZED ---> BINDING
[2101:SimReader]: [18:46:46][STATE] BINDING ---> BOUND
[2101:SimReader]: [18:46:46][STATE] BOUND ---> CONNECTING
[2101:SimReader]: [18:46:46][STATE] CONNECTING ---> DEVICE READY
[2101:SimReader]: [18:46:46][STATE] DEVICE READY ---> INITIALIZING TASK
[2101:SimReader]: [18:46:46][STATE] INITIALIZING TASK ---> READY
[2101:SimReader]: [18:46:46][STATE] READY ---> RUNNING
[2101:SimReader]: [18:46:46][INFO] DEVICE: Running...
[2101:SimReader]: [18:46:46][INFO] SENDING SOMETHING TO OTHERS
[2102:ITSDigitizer]: Alpide response object of 40500 matrices to map chagre in xyz to 5x5 pixels
[2102:ITSDigitizer]: X(col) range: +0.000000e+00 : +1.462000e-03 | step: 5.000000e-05 | Nbins: 30
[2102:ITSDigitizer]: Y(row) range: +0.000000e+00 : +1.344000e-03 | step: 5.000000e-05 | Nbins: 27
[2102:ITSDigitizer]: Z(dpt) range: -2.000000e-03 : +2.500000e-03 | step: 8.999999e-05 | Nbins: 50
[2102:ITSDigitizer]: Alpide digitization params:
[2102:ITSDigitizer]: Continuous readout             : ON
[2102:ITSDigitizer]: Readout Frame Length(ns)       : 9880.510742
[2102:ITSDigitizer]: Strobe delay (ns)              : 99.803139
[2102:ITSDigitizer]: Strobe length (ns)             : 9780.708008
[2102:ITSDigitizer]: Threshold (N electrons)        : 150
[2102:ITSDigitizer]: Min N electrons to accoint     : 15
[2102:ITSDigitizer]: Number of charge sharing steps : 7
[2102:ITSDigitizer]: ELoss to N electrons factor    : 2.777778e+08
[2102:ITSDigitizer]: Noise level per pixel          : 1.000000e-07
[2102:ITSDigitizer]: Charge time-response:
[2102:ITSDigitizer]: o2::itsmft::AlpideSignalTrapezoid | Duration: 7500.0 MaxRiseTime: 1100.0 (RiseTime=0 at q=450.0) (ns)
[2102:ITSDigitizer]: [18:46:47][STATE] INITIALIZING DEVICE ---> INITIALIZED
[2102:ITSDigitizer]: [18:46:47][STATE] INITIALIZED ---> BINDING
[2102:ITSDigitizer]: [18:46:47][STATE] BINDING ---> BOUND
[2102:ITSDigitizer]: [18:46:47][STATE] BOUND ---> CONNECTING
[2102:ITSDigitizer]: [18:46:47][STATE] CONNECTING ---> DEVICE READY
[2102:ITSDigitizer]: [18:46:47][STATE] DEVICE READY ---> INITIALIZING TASK
[2102:ITSDigitizer]: [18:46:47][STATE] INITIALIZING TASK ---> READY
[2102:ITSDigitizer]: [18:46:47][STATE] READY ---> RUNNING
[2102:ITSDigitizer]: [18:46:47][INFO] DEVICE: Running...
[2102:ITSDigitizer]: [18:46:47][INFO] GOT 10 COLLISSION TIMES
[2102:ITSDigitizer]: [18:46:47][INFO] SIMCHAINS 1
[2102:ITSDigitizer]: [18:46:47][INFO]  CALLING ITS DIGITIZATION 
[2102:ITSDigitizer]: [18:46:48][INFO] Digitizing ITS hits of entry 0 from source 0 at time BCid: 1022 Orbit:      1 |T in BC(ns): -0.025 ROFrame= 11) cont.mode: 1 Min/Max ROFrames 0/10
[2102:ITSDigitizer]: [18:46:48][INFO] Filling ITS digits output for RO frames 0:10
[2102:ITSDigitizer]: ROF: 0 | 1283 entries starting from 0
[2102:ITSDigitizer]: BCid:    0 Orbit:      0
[2102:ITSDigitizer]: ROF: 1 | 1267 entries starting from 1283
[2102:ITSDigitizer]: BCid:  396 Orbit:      0
[2102:ITSDigitizer]: ROF: 2 | 1323 entries starting from 2550
[2102:ITSDigitizer]: BCid:  792 Orbit:      0
[2102:ITSDigitizer]: ROF: 3 | 1229 entries starting from 3873
[2102:ITSDigitizer]: BCid: 1188 Orbit:      0
[2102:ITSDigitizer]: ROF: 4 | 1245 entries starting from 5102
[2102:ITSDigitizer]: BCid: 1584 Orbit:      0
[2102:ITSDigitizer]: ROF: 5 | 1248 entries starting from 6347
[2102:ITSDigitizer]: BCid: 1980 Orbit:      0
[2102:ITSDigitizer]: ROF: 6 | 1259 entries starting from 7595
[2102:ITSDigitizer]: BCid: 2376 Orbit:      0
[2102:ITSDigitizer]: ROF: 7 | 1258 entries starting from 8854
[2102:ITSDigitizer]: BCid: 2772 Orbit:      0
[2102:ITSDigitizer]: ROF: 8 | 1247 entries starting from 10112
[2102:ITSDigitizer]: BCid: 3168 Orbit:      0
[2102:ITSDigitizer]: ROF: 9 | 1249 entries starting from 11359
[2102:ITSDigitizer]: BCid:    0 Orbit:      1
[2102:ITSDigitizer]: ROF: 10 | 1258 entries starting from 12608
[2102:ITSDigitizer]: BCid:  396 Orbit:      1
[2102:ITSDigitizer]: [18:46:48][INFO] Added 13866 digits 
[2102:ITSDigitizer]: [18:46:48][INFO] Digitizing ITS hits of entry 1 from source 0 at time BCid:   64 Orbit:      2 |T in BC(ns): 0.088 ROFrame= 18) cont.mode: 1 Min/Max ROFrames 11/17
[2102:ITSDigitizer]: [18:46:48][INFO] Filling ITS digits output for RO frames 11:17
[2102:ITSDigitizer]: ROF: 11 | 1982 entries starting from 13866
[2102:ITSDigitizer]: BCid:  792 Orbit:      1
[2102:ITSDigitizer]: MCEventID: 0 ROFs: 11-12 Entry in ROFRecords: 11
[2102:ITSDigitizer]: ROF: 12 | 1992 entries starting from 15848
[2102:ITSDigitizer]: BCid: 1188 Orbit:      1
[2102:ITSDigitizer]: ROF: 13 | 1228 entries starting from 17840
[2102:ITSDigitizer]: BCid: 1584 Orbit:      1
[2102:ITSDigitizer]: ROF: 14 | 1192 entries starting from 19068
[2102:ITSDigitizer]: BCid: 1980 Orbit:      1
[2102:ITSDigitizer]: ROF: 15 | 1284 entries starting from 20260
[2102:ITSDigitizer]: BCid: 2376 Orbit:      1
[2102:ITSDigitizer]: ROF: 16 | 1244 entries starting from 21544
[2102:ITSDigitizer]: BCid: 2772 Orbit:      1
[2102:ITSDigitizer]: ROF: 17 | 1251 entries starting from 22788
[2102:ITSDigitizer]: BCid: 3168 Orbit:      1
[2102:ITSDigitizer]: [18:46:48][INFO] Added 10173 digits 
[2102:ITSDigitizer]: [18:46:48][INFO] Digitizing ITS hits of entry 2 from source 0 at time BCid: 1004 Orbit:      2 |T in BC(ns): 0.055 ROFrame= 20) cont.mode: 1 Min/Max ROFrames 18/19
[2102:ITSDigitizer]: [18:46:48][INFO] Filling ITS digits output for RO frames 18:19
[2102:ITSDigitizer]: ROF: 18 | 2388 entries starting from 24039
[2102:ITSDigitizer]: BCid:    0 Orbit:      2
[2102:ITSDigitizer]: MCEventID: 1 ROFs: 18-18 Entry in ROFRecords: 18
[2102:ITSDigitizer]: ROF: 19 | 1301 entries starting from 26427
[2102:ITSDigitizer]: BCid:  396 Orbit:      2
[2102:ITSDigitizer]: [18:46:48][INFO] Added 3689 digits 
[2102:ITSDigitizer]: [18:46:48][INFO] Digitizing ITS hits of entry 3 from source 0 at time BCid: 1972 Orbit:      2 |T in BC(ns): -0.136 ROFrame= 22) cont.mode: 1 Min/Max ROFrames 20/21
[2102:ITSDigitizer]: [18:46:48][INFO] Filling ITS digits output for RO frames 20:21
[2102:ITSDigitizer]: ROF: 20 | 4843 entries starting from 27728
[2102:ITSDigitizer]: BCid:  792 Orbit:      2
[2102:ITSDigitizer]: MCEventID: 2 ROFs: 20-21 Entry in ROFRecords: 20
[2102:ITSDigitizer]: ROF: 21 | 4810 entries starting from 32571
[2102:ITSDigitizer]: BCid: 1188 Orbit:      2
[2102:ITSDigitizer]: [18:46:48][INFO] Added 9653 digits 
[2102:ITSDigitizer]: [18:46:48][INFO] Digitizing ITS hits of entry 4 from source 0 at time BCid:  590 Orbit:      3 |T in BC(ns): 0.087 ROFrame= 28) cont.mode: 1 Min/Max ROFrames 22/27
[2102:ITSDigitizer]: [18:46:48][INFO] Filling ITS digits output for RO frames 22:27
[2102:ITSDigitizer]: ROF: 22 | 7534 entries starting from 37381
[2102:ITSDigitizer]: BCid: 1584 Orbit:      2
[2102:ITSDigitizer]: MCEventID: 3 ROFs: 22-23 Entry in ROFRecords: 22
[2102:ITSDigitizer]: ROF: 23 | 9281 entries starting from 44915
[2102:ITSDigitizer]: BCid: 1980 Orbit:      2
[2102:ITSDigitizer]: ROF: 24 | 1275 entries starting from 54196
[2102:ITSDigitizer]: BCid: 2376 Orbit:      2
[2102:ITSDigitizer]: ROF: 25 | 1246 entries starting from 55471
[2102:ITSDigitizer]: BCid: 2772 Orbit:      2
[2102:ITSDigitizer]: ROF: 26 | 1274 entries starting from 56717
[2102:ITSDigitizer]: BCid: 3168 Orbit:      2
[2102:ITSDigitizer]: ROF: 27 | 1238 entries starting from 57991
[2102:ITSDigitizer]: BCid:    0 Orbit:      3
[2102:ITSDigitizer]: [18:46:48][INFO] Added 21848 digits 
[2102:ITSDigitizer]: [18:46:48][INFO] Digitizing ITS hits of entry 5 from source 0 at time BCid: 1388 Orbit:      3 |T in BC(ns): 0.113 ROFrame= 30) cont.mode: 1 Min/Max ROFrames 28/30
[2102:ITSDigitizer]: [18:46:48][INFO] Filling ITS digits output for RO frames 28:29
[2102:ITSDigitizer]: ROF: 28 | 124909 entries starting from 59229
[2102:ITSDigitizer]: BCid:  396 Orbit:      3
[2102:ITSDigitizer]: MCEventID: 4 ROFs: 28-30 Entry in ROFRecords: 28
[2102:ITSDigitizer]: ROF: 29 | 124994 entries starting from 184138
[2102:ITSDigitizer]: BCid:  792 Orbit:      3
[2102:ITSDigitizer]: [18:46:48][INFO] Added 249903 digits 
[2102:ITSDigitizer]: [18:46:48][INFO] Digitizing ITS hits of entry 6 from source 0 at time BCid: 2148 Orbit:      3 |T in BC(ns): 0.044 ROFrame= 32) cont.mode: 1 Min/Max ROFrames 30/31
[2102:ITSDigitizer]: [18:46:48][INFO] Filling ITS digits output for RO frames 30:31
[2102:ITSDigitizer]: ROF: 30 | 8075 entries starting from 309132
[2102:ITSDigitizer]: BCid: 1188 Orbit:      3
[2102:ITSDigitizer]: MCEventID: 5 ROFs: 30-31 Entry in ROFRecords: 30
[2102:ITSDigitizer]: ROF: 31 | 8095 entries starting from 317207
[2102:ITSDigitizer]: BCid: 1584 Orbit:      3
[2102:ITSDigitizer]: [18:46:49][INFO] Added 16170 digits 
[2102:ITSDigitizer]: [18:46:49][INFO] Digitizing ITS hits of entry 7 from source 0 at time BCid:  438 Orbit:      4 |T in BC(ns): -0.259 ROFrame= 37) cont.mode: 1 Min/Max ROFrames 32/36
[2102:ITSDigitizer]: [18:46:49][INFO] Filling ITS digits output for RO frames 32:36
[2102:ITSDigitizer]: ROF: 32 | 66819 entries starting from 325302
[2102:ITSDigitizer]: BCid: 1980 Orbit:      3
[2102:ITSDigitizer]: MCEventID: 6 ROFs: 32-34 Entry in ROFRecords: 32
[2102:ITSDigitizer]: ROF: 33 | 66811 entries starting from 392121
[2102:ITSDigitizer]: BCid: 2376 Orbit:      3
[2102:ITSDigitizer]: ROF: 34 | 1305 entries starting from 458932
[2102:ITSDigitizer]: BCid: 2772 Orbit:      3
[2102:ITSDigitizer]: ROF: 35 | 1291 entries starting from 460237
[2102:ITSDigitizer]: BCid: 3168 Orbit:      3
[2102:ITSDigitizer]: ROF: 36 | 1226 entries starting from 461528
[2102:ITSDigitizer]: BCid:    0 Orbit:      4
[2102:ITSDigitizer]: [18:46:49][INFO] Added 137452 digits 
[2102:ITSDigitizer]: [18:46:49][INFO] Digitizing ITS hits of entry 8 from source 0 at time BCid:  804 Orbit:      4 |T in BC(ns): -0.062 ROFrame= 38) cont.mode: 1 Min/Max ROFrames 37/38
[2102:ITSDigitizer]: [18:46:49][INFO] Filling ITS digits output for RO frames 37:37
[2102:ITSDigitizer]: ROF: 37 | 5918 entries starting from 462754
[2102:ITSDigitizer]: BCid:  396 Orbit:      4
[2102:ITSDigitizer]: MCEventID: 7 ROFs: 37-37 Entry in ROFRecords: 37
[2102:ITSDigitizer]: [18:46:49][INFO] Added 5918 digits 
[2102:ITSDigitizer]: [18:46:49][INFO] Digitizing ITS hits of entry 9 from source 0 at time BCid: 1240 Orbit:      4 |T in BC(ns): -0.047 ROFrame= 39) cont.mode: 1 Min/Max ROFrames 38/39
[2102:ITSDigitizer]: [18:46:49][INFO] Filling ITS digits output for RO frames 38:38
[2102:ITSDigitizer]: ROF: 38 | 135907 entries starting from 468672
[2102:ITSDigitizer]: BCid:  792 Orbit:      4
[2102:ITSDigitizer]: MCEventID: 8 ROFs: 38-39 Entry in ROFRecords: 38
[2102:ITSDigitizer]: [18:46:50][INFO] Added 135907 digits 
[2102:ITSDigitizer]: [18:46:50][INFO] Filling ITS digits output for RO frames 39:40
[2102:ITSDigitizer]: ROF: 39 | 104066 entries starting from 604579
[2102:ITSDigitizer]: BCid: 1188 Orbit:      4
[2102:ITSDigitizer]: MCEventID: 9 ROFs: 39-40 Entry in ROFRecords: 39
[2102:ITSDigitizer]: ROF: 40 | 1883 entries starting from 708645
[2102:ITSDigitizer]: BCid: 1584 Orbit:      4
[2102:ITSDigitizer]: [18:46:50][INFO] Added 105949 digits 
[2102:ITSDigitizer]: [18:46:50][INFO] ITS: Sending ROMode= 3 to GRPUpdater
[2102:ITSDigitizer]: [18:46:50][INFO] Digitization took 2.02s
[2104:ITSDigitWriter]: [18:46:50][INFO] WRITING 714243 LABELS 
[2103:GRPUpdater]: [18:46:50][INFO] Updated GRP in o2sim_grp.root for detectors RO mode
[2103:GRPUpdater]: Run: 1621528977
[2103:GRPUpdater]: Fill:      0
[2103:GRPUpdater]: Period: 
[2103:GRPUpdater]: LHC State: 
[2103:GRPUpdater]: Start: Thu May 20 18:42:59 2021
[2103:GRPUpdater]: End  : Thu May 20 18:42:59 2021
[2103:GRPUpdater]: Beam0: Z:A =   0:  0, Energy = 0.000
[2103:GRPUpdater]: Beam1: Z:A =   0:  0, Energy = 0.000
[2103:GRPUpdater]: sqrt[s]    = 0.000
[2103:GRPUpdater]: crossing angle (radian) = 0.000000e+00
[2103:GRPUpdater]: magnet currents (A) L3 = -30000.000, Dipole = -6000
[2103:GRPUpdater]: Detectors: Cont.RO Triggers
[2103:GRPUpdater]:       ITS:    +       -    
[2104:ITSDigitWriter]: [18:46:50][INFO] RECEIVED DIGITS SIZE 710528
[INFO] Quitting
[INFO] QUIT_REQUESTED
[2102:ITSDigitizer]: [18:46:50][INFO] Received device shutdown request (signal 15).
[2102:ITSDigitizer]: [18:46:50][INFO] Waiting for graceful device shutdown. Hit Ctrl-C again to abort immediately.
[2100:internal-dpl-clock]: [18:46:50][INFO] Received device shutdown request (signal 15).
[2100:internal-dpl-clock]: [18:46:50][INFO] Waiting for graceful device shutdown. Hit Ctrl-C again to abort immediately.
[2104:ITSDigitWriter]: [18:46:50][INFO] Received device shutdown request (signal 15).
[2104:ITSDigitWriter]: [18:46:50][INFO] Waiting for graceful device shutdown. Hit Ctrl-C again to abort immediately.
[2101:SimReader]: [18:46:50][INFO] Received device shutdown request (signal 15).
[2101:SimReader]: [18:46:50][INFO] Waiting for graceful device shutdown. Hit Ctrl-C again to abort immediately.
[2103:GRPUpdater]: [18:46:50][INFO] Received device shutdown request (signal 15).
[2103:GRPUpdater]: [18:46:50][INFO] Waiting for graceful device shutdown. Hit Ctrl-C again to abort immediately.
[2101:SimReader]: [18:46:50][STATE] RUNNING ---> READY
[2101:SimReader]: [18:46:50][STATE] READY ---> RESETTING TASK
[2101:SimReader]: [18:46:50][STATE] RESETTING TASK ---> DEVICE READY
[2101:SimReader]: [18:46:50][STATE] DEVICE READY ---> RESETTING DEVICE
[2101:SimReader]: [18:46:50][STATE] RESETTING DEVICE ---> IDLE
[2101:SimReader]: [18:46:50][STATE] IDLE ---> EXITING
[2101:SimReader]: [18:46:50][STATE] Exiting FairMQ state machine
[2100:internal-dpl-clock]: [18:46:50][STATE] RUNNING ---> READY
[2100:internal-dpl-clock]: [18:46:50][STATE] READY ---> RESETTING TASK
[2102:ITSDigitizer]: [18:46:50][STATE] RUNNING ---> READY
[2100:internal-dpl-clock]: [18:46:50][STATE] RESETTING TASK ---> DEVICE READY
[2100:internal-dpl-clock]: [18:46:50][STATE] DEVICE READY ---> RESETTING DEVICE
[2102:ITSDigitizer]: [18:46:50][STATE] READY ---> RESETTING TASK
[2102:ITSDigitizer]: [18:46:50][STATE] RESETTING TASK ---> DEVICE READY
[2102:ITSDigitizer]: [18:46:50][STATE] DEVICE READY ---> RESETTING DEVICE
[2103:GRPUpdater]: [18:46:50][STATE] RUNNING ---> READY
[2103:GRPUpdater]: [18:46:50][STATE] READY ---> RESETTING TASK
[2103:GRPUpdater]: [18:46:50][STATE] RESETTING TASK ---> DEVICE READY
[2103:GRPUpdater]: [18:46:50][STATE] DEVICE READY ---> RESETTING DEVICE
[2103:GRPUpdater]: [18:46:50][STATE] RESETTING DEVICE ---> IDLE
[2103:GRPUpdater]: [18:46:50][STATE] IDLE ---> EXITING
[2102:ITSDigitizer]: [18:46:50][STATE] RESETTING DEVICE ---> IDLE
[2102:ITSDigitizer]: [18:46:50][STATE] IDLE ---> EXITING
[2103:GRPUpdater]: [18:46:50][STATE] Exiting FairMQ state machine
[2100:internal-dpl-clock]: [18:46:50][STATE] RESETTING DEVICE ---> IDLE
[2100:internal-dpl-clock]: [18:46:50][STATE] IDLE ---> EXITING
[2100:internal-dpl-clock]: [18:46:50][STATE] Exiting FairMQ state machine
[2102:ITSDigitizer]: [18:46:50][STATE] Exiting FairMQ state machine
[2104:ITSDigitWriter]: [18:46:52][STATE] RUNNING ---> READY
[2104:ITSDigitWriter]: [18:46:52][STATE] READY ---> RESETTING TASK
[2104:ITSDigitWriter]: [18:46:52][STATE] RESETTING TASK ---> DEVICE READY
[2104:ITSDigitWriter]: [18:46:52][STATE] DEVICE READY ---> RESETTING DEVICE
[2104:ITSDigitWriter]: Cleaning up for shared memory id 'ca2969e8'...
[2104:ITSDigitWriter]: No region counter found. No regions to cleanup.
[2104:ITSDigitWriter]: Successfully removed 'fmq_ca2969e8_m_0'.
[2104:ITSDigitWriter]: Successfully removed 'fmq_ca2969e8_mng'.
[2104:ITSDigitWriter]: Successfully removed 'fmq_ca2969e8_mtx'.
[2104:ITSDigitWriter]: Successfully removed 'fmq_ca2969e8_cv'.
[2104:ITSDigitWriter]: [18:46:52][STATE] RESETTING DEVICE ---> IDLE
[2104:ITSDigitWriter]: [18:46:52][STATE] IDLE ---> EXITING
[2104:ITSDigitWriter]: [18:46:52][STATE] Exiting FairMQ state machine
[INFO] Dumping used configuration in dpl-config.json

==============================================================================================
3. Tracking
[INFO] Initialising O2 Data Processing Layer
[INFO] O2 Data Processing Layer initialised. We brake for nobody.
[INFO] Optimised build. O2DEBUG / LOG(DEBUG) / LOGF(DEBUG) / assert statement will not be shown.
[INFO] Redeployment of configuration asked.
[INFO] Starting internal-dpl-clock on pid 3183
[INFO] Starting its-digit-reader on pid 3184
[INFO] Starting its-clusterer on pid 3185
[INFO] Starting its-cluster-writer on pid 3186
[INFO] Starting its-tracker on pid 3187
[INFO] Starting its-track-writer on pid 3188
[INFO] Redeployment of configuration done.
[3183:internal-dpl-clock]: [INFO] Spawing new device internal-dpl-clock in process with pid 3183
[3188:its-track-writer]: [INFO] Spawing new device its-track-writer in process with pid 3188
[3185:its-clusterer]: [INFO] Spawing new device its-clusterer in process with pid 3185
[3185:its-clusterer]: [18:49:25][INFO] 
[3185:its-clusterer]:       ______      _    _______  _________ 
[3185:its-clusterer]:      / ____/___ _(_)_______   |/  /_  __ \    version 1.4.29
[3185:its-clusterer]:     / /_  / __ `/ / ___/__  /|_/ /_  / / /    build RELWITHDEBINFO
[3185:its-clusterer]:    / __/ / /_/ / / /    _  /  / / / /_/ /     https://github.com/FairRootGroup/FairMQ
[3185:its-clusterer]:   /_/    \__,_/_/_/     /_/  /_/  \___\_\     LGPL-3.0  © 2012-2020 GSI
[3185:its-clusterer]: 
[3185:its-clusterer]: [18:49:25][STATE] Starting FairMQ state machine --> IDLE
[3183:internal-dpl-clock]: [18:49:25][INFO] 
[3183:internal-dpl-clock]:       ______      _    _______  _________ 
[3183:internal-dpl-clock]:      / ____/___ _(_)_______   |/  /_  __ \    version 1.4.29
[3183:internal-dpl-clock]:     / /_  / __ `/ / ___/__  /|_/ /_  / / /    build RELWITHDEBINFO
[3183:internal-dpl-clock]:    / __/ / /_/ / / /    _  /  / / / /_/ /     https://github.com/FairRootGroup/FairMQ
[3183:internal-dpl-clock]:   /_/    \__,_/_/_/     /_/  /_/  \___\_\     LGPL-3.0  © 2012-2020 GSI
[3183:internal-dpl-clock]: 
[3183:internal-dpl-clock]: [18:49:25][STATE] Starting FairMQ state machine --> IDLE
[3183:internal-dpl-clock]: 2021-05-20 18:49:25	Monitoring	[0;49mStdOut backend initialized[0m
[3185:its-clusterer]: 2021-05-20 18:49:25	Monitoring	[0;49mStdOut backend initialized[0m
[3185:its-clusterer]: [18:49:25][STATE] IDLE ---> INITIALIZING DEVICE
[3183:internal-dpl-clock]: [18:49:25][STATE] IDLE ---> INITIALIZING DEVICE
[3183:internal-dpl-clock]: 2021-05-20 18:49:25	Monitoring	[0;49mBuffering enabled (100)[0m
[3183:internal-dpl-clock]: [18:49:25][STATE] INITIALIZING DEVICE ---> INITIALIZED
[3183:internal-dpl-clock]: [18:49:25][STATE] INITIALIZED ---> BINDING
[3183:internal-dpl-clock]: [18:49:25][STATE] BINDING ---> BOUND
[3183:internal-dpl-clock]: [18:49:25][STATE] BOUND ---> CONNECTING
[3183:internal-dpl-clock]: [18:49:25][STATE] CONNECTING ---> DEVICE READY
[3183:internal-dpl-clock]: [18:49:25][STATE] DEVICE READY ---> INITIALIZING TASK
[3183:internal-dpl-clock]: [18:49:25][STATE] INITIALIZING TASK ---> READY
[3183:internal-dpl-clock]: [18:49:25][STATE] READY ---> RUNNING
[3183:internal-dpl-clock]: [18:49:25][INFO] DEVICE: Running...
[3184:its-digit-reader]: [INFO] Spawing new device its-digit-reader in process with pid 3184
[3184:its-digit-reader]: [18:49:25][INFO] 
[3184:its-digit-reader]:       ______      _    _______  _________ 
[3184:its-digit-reader]:      / ____/___ _(_)_______   |/  /_  __ \    version 1.4.29
[3184:its-digit-reader]:     / /_  / __ `/ / ___/__  /|_/ /_  / / /    build RELWITHDEBINFO
[3184:its-digit-reader]:    / __/ / /_/ / / /    _  /  / / / /_/ /     https://github.com/FairRootGroup/FairMQ
[3184:its-digit-reader]:   /_/    \__,_/_/_/     /_/  /_/  \___\_\     LGPL-3.0  © 2012-2020 GSI
[3184:its-digit-reader]: 
[3184:its-digit-reader]: [18:49:25][STATE] Starting FairMQ state machine --> IDLE
[3184:its-digit-reader]: 2021-05-20 18:49:25	Monitoring	[0;49mStdOut backend initialized[0m
[3184:its-digit-reader]: [18:49:25][STATE] IDLE ---> INITIALIZING DEVICE
[3185:its-clusterer]: 2021-05-20 18:49:25	Monitoring	[0;49mBuffering enabled (100)[0m
[3186:its-cluster-writer]: [INFO] Spawing new device its-cluster-writer in process with pid 3186
[3186:its-cluster-writer]: [18:49:25][INFO] 
[3186:its-cluster-writer]:       ______      _    _______  _________ 
[3186:its-cluster-writer]:      / ____/___ _(_)_______   |/  /_  __ \    version 1.4.29
[3186:its-cluster-writer]:     / /_  / __ `/ / ___/__  /|_/ /_  / / /    build RELWITHDEBINFO
[3186:its-cluster-writer]:    / __/ / /_/ / / /    _  /  / / / /_/ /     https://github.com/FairRootGroup/FairMQ
[3186:its-cluster-writer]:   /_/    \__,_/_/_/     /_/  /_/  \___\_\     LGPL-3.0  © 2012-2020 GSI
[3186:its-cluster-writer]: 
[3186:its-cluster-writer]: [18:49:25][STATE] Starting FairMQ state machine --> IDLE
[3186:its-cluster-writer]: 2021-05-20 18:49:25	Monitoring	[0;49mStdOut backend initialized[0m
[3186:its-cluster-writer]: [18:49:25][STATE] IDLE ---> INITIALIZING DEVICE
[3187:its-tracker]: [INFO] Spawing new device its-tracker in process with pid 3187
[3187:its-tracker]: [18:49:25][INFO] 
[3187:its-tracker]:       ______      _    _______  _________ 
[3187:its-tracker]:      / ____/___ _(_)_______   |/  /_  __ \    version 1.4.29
[3187:its-tracker]:     / /_  / __ `/ / ___/__  /|_/ /_  / / /    build RELWITHDEBINFO
[3187:its-tracker]:    / __/ / /_/ / / /    _  /  / / / /_/ /     https://github.com/FairRootGroup/FairMQ
[3187:its-tracker]:   /_/    \__,_/_/_/     /_/  /_/  \___\_\     LGPL-3.0  © 2012-2020 GSI
[3187:its-tracker]: 
[3187:its-tracker]: [18:49:25][STATE] Starting FairMQ state machine --> IDLE
[3188:its-track-writer]: [18:49:25][INFO] 
[3188:its-track-writer]:       ______      _    _______  _________ 
[3188:its-track-writer]:      / ____/___ _(_)_______   |/  /_  __ \    version 1.4.29
[3188:its-track-writer]:     / /_  / __ `/ / ___/__  /|_/ /_  / / /    build RELWITHDEBINFO
[3188:its-track-writer]:    / __/ / /_/ / / /    _  /  / / / /_/ /     https://github.com/FairRootGroup/FairMQ
[3188:its-track-writer]:   /_/    \__,_/_/_/     /_/  /_/  \___\_\     LGPL-3.0  © 2012-2020 GSI
[3188:its-track-writer]: 
[3188:its-track-writer]: [18:49:25][STATE] Starting FairMQ state machine --> IDLE
[3188:its-track-writer]: 2021-05-20 18:49:25	Monitoring	[0;49mStdOut backend initialized[0m
[3188:its-track-writer]: [18:49:25][STATE] IDLE ---> INITIALIZING DEVICE
[3184:its-digit-reader]: 2021-05-20 18:49:25	Monitoring	[0;49mBuffering enabled (100)[0m
[3185:its-clusterer]: [18:49:25][INFO] Dictionary ITSdictionary.bin is absent, ITSClusterer expects cluster patterns
[3185:its-clusterer]: [18:49:25][INFO] Clusterizer masks overflow pixels separated by < 406 BC and <= 0 in row/col
[3185:its-clusterer]: [18:49:25][INFO] Inclusive clusterization timing (w/o disk IO): Cpu: 0 Real: 0 s in 1 slots
[3185:its-clusterer]: [18:49:25][INFO] Threads output merging timing                : Cpu: 0 Real: 0 s in 1 slots
[3185:its-clusterer]: [18:49:25][STATE] INITIALIZING DEVICE ---> INITIALIZED
[3185:its-clusterer]: [18:49:25][STATE] INITIALIZED ---> BINDING
[3185:its-clusterer]: [18:49:25][STATE] BINDING ---> BOUND
[3185:its-clusterer]: [18:49:25][STATE] BOUND ---> CONNECTING
[3185:its-clusterer]: [18:49:25][STATE] CONNECTING ---> DEVICE READY
[3185:its-clusterer]: [18:49:25][STATE] DEVICE READY ---> INITIALIZING TASK
[3185:its-clusterer]: [18:49:25][STATE] INITIALIZING TASK ---> READY
[3185:its-clusterer]: [18:49:25][STATE] READY ---> RUNNING
[3185:its-clusterer]: [18:49:25][INFO] DEVICE: Running...
[3187:its-tracker]: 2021-05-20 18:49:25	Monitoring	[0;49mStdOut backend initialized[0m
[3187:its-tracker]: [18:49:25][STATE] IDLE ---> INITIALIZING DEVICE
[3187:its-tracker]: 2021-05-20 18:49:25	Monitoring	[0;49mBuffering enabled (100)[0m
[3187:its-tracker]: [18:49:25][INFO] Created GPUReconstruction instance for device type CPU (1) 
[3188:its-track-writer]: 2021-05-20 18:49:25	Monitoring	[0;49mBuffering enabled (100)[0m
[3188:its-track-writer]: [18:49:25][INFO] 0: branch  ITSTrack set up
[3184:its-digit-reader]: [18:49:25][STATE] INITIALIZING DEVICE ---> INITIALIZED
[3184:its-digit-reader]: [18:49:25][STATE] INITIALIZED ---> BINDING
[3184:its-digit-reader]: [18:49:25][STATE] BINDING ---> BOUND
[3184:its-digit-reader]: [18:49:25][STATE] BOUND ---> CONNECTING
[3184:its-digit-reader]: [18:49:25][STATE] CONNECTING ---> DEVICE READY
[3188:its-track-writer]: [18:49:25][INFO] 1: branch  ITSTrackClusIdx set up
[3184:its-digit-reader]: [18:49:25][STATE] DEVICE READY ---> INITIALIZING TASK
[3184:its-digit-reader]: [18:49:25][STATE] INITIALIZING TASK ---> READY
[3184:its-digit-reader]: [18:49:25][STATE] READY ---> RUNNING
[3184:its-digit-reader]: [18:49:25][INFO] DEVICE: Running...
[3188:its-track-writer]: [18:49:25][INFO] 2: branch  Vertices set up
[3188:its-track-writer]: [18:49:25][INFO] 3: branch  VerticesROF set up
[3188:its-track-writer]: [18:49:25][INFO] 4: branch  ITSTracksROF set up
[3188:its-track-writer]: [18:49:25][INFO] 5: branch  ITSTrackMCTruth set up
[3188:its-track-writer]: [18:49:25][INFO] 6: branch  ITSTracksMC2ROF set up
[3188:its-track-writer]: [18:49:25][STATE] INITIALIZING DEVICE ---> INITIALIZED
[3188:its-track-writer]: [18:49:25][STATE] INITIALIZED ---> BINDING
[3188:its-track-writer]: [18:49:25][STATE] BINDING ---> BOUND
[3188:its-track-writer]: [18:49:25][STATE] BOUND ---> CONNECTING
[3188:its-track-writer]: [18:49:25][STATE] CONNECTING ---> DEVICE READY
[3188:its-track-writer]: [18:49:25][STATE] DEVICE READY ---> INITIALIZING TASK
[3188:its-track-writer]: [18:49:25][STATE] INITIALIZING TASK ---> READY
[3188:its-track-writer]: [18:49:25][STATE] READY ---> RUNNING
[3188:its-track-writer]: [18:49:25][INFO] DEVICE: Running...
[3186:its-cluster-writer]: 2021-05-20 18:49:25	Monitoring	[0;49mBuffering enabled (100)[0m
[3186:its-cluster-writer]: [18:49:25][INFO] 0: branch  ITSClusterComp set up
[3186:its-cluster-writer]: [18:49:25][INFO] 1: branch  ITSClusterPatt set up
[3186:its-cluster-writer]: [18:49:25][INFO] 2: branch  ITSClustersROF set up
[3186:its-cluster-writer]: [18:49:25][INFO] 3: branch  ITSClusterMCTruth set up
[3186:its-cluster-writer]: [18:49:25][INFO] 4: branch  ITSClustersMC2ROF set up
[3186:its-cluster-writer]: [18:49:25][STATE] INITIALIZING DEVICE ---> INITIALIZED
[3186:its-cluster-writer]: [18:49:25][STATE] INITIALIZED ---> BINDING
[3186:its-cluster-writer]: [18:49:25][STATE] BINDING ---> BOUND
[3186:its-cluster-writer]: [18:49:25][STATE] BOUND ---> CONNECTING
[3186:its-cluster-writer]: [18:49:25][STATE] CONNECTING ---> DEVICE READY
[3186:its-cluster-writer]: [18:49:25][STATE] DEVICE READY ---> INITIALIZING TASK
[3186:its-cluster-writer]: [18:49:25][STATE] INITIALIZING TASK ---> READY
[3186:its-cluster-writer]: [18:49:25][STATE] READY ---> RUNNING
[3186:its-cluster-writer]: [18:49:25][INFO] DEVICE: Running...
[3187:its-tracker]: [18:49:26][INFO] MagneticField::Print: MagneticFieldMap:
[3187:its-tracker]: [18:49:26][INFO] MagneticField::Print: Solenoid (-1*)5 kG, Dipole ON (-1) 
[3187:its-tracker]: [18:49:26][INFO] MagneticField::Print: Machine B fields for p-p  beam (7000 GeV): QGrad: 22.0002 Dipole: 37.8781
[3187:its-tracker]: [18:49:26][INFO] MagneticField::Print: Uses Sol30_Dip6_Hole  of /cvmfs/alice.cern.ch/el7-x86_64/Packages/O2/nightly-20210129-1/share/Common/maps/mfchebKGI_sym.root
[3187:its-tracker]: Info in <TGeoGlobalMagField::SetField>: Global magnetic field set to <MagneticFieldMap>
[3187:its-tracker]: Info in <TGeoGlobalMagField::Lock>: Global magnetic field <MagneticFieldMap> is now locked
[3187:its-tracker]: [18:49:26][INFO] Loading geometry FAIRGeom from o2sim_geometry.root
[3187:its-tracker]: Info in <TGeoManager::CloseGeometry>: Geometry loaded from file...
[3187:its-tracker]: Info in <TGeoManager::SetTopVolume>: Top volume is cave. Master volume is cave
[3187:its-tracker]: Info in <TGeoNavigator::BuildCache>: --- Maximum geometry depth set to 100
[3187:its-tracker]: Info in <TGeoManager::CloseGeometry>: Voxelization retrieved from file
[3187:its-tracker]: Info in <TGeoManager::CountLevels>: max level = 9, max placements = 126
[3187:its-tracker]: Info in <TGeoManager::CloseGeometry>: 179840 nodes/ 399 volume UID's in FAIR geometry
[3187:its-tracker]: Info in <TGeoManager::CloseGeometry>: ----------------modeler ready----------------
[3187:its-tracker]: [18:49:27][INFO] Loading ITS T2L matrices from TGeo
[3184:its-digit-reader]: [18:49:27][INFO] ITSDigitReader pushed 710528 digits, in 41 RO frames
[3185:its-clusterer]: [18:49:27][INFO] ITSClusterer pulled 710528 digits, in 41 RO frames
[3185:its-clusterer]: [18:49:27][INFO] ITSClusterer pulled 714243 labels 
[3187:its-tracker]: [18:49:27][WARN] It is faster to use 2D rotation for T2G instead of full Transform3D matrices
[3187:its-tracker]: [18:49:27][INFO] Loading ITS T2G matrices from TGeo
[3185:its-clusterer]: [18:49:27][INFO] ITSClusterer pushed 156301 clusters, in 41 RO frames
[3186:its-cluster-writer]: [18:49:27][INFO] ITSClusterWriter pulled 156301 clusters, in 41 RO frames
[3187:its-tracker]: [18:49:27][INFO] Loading ITS T2G rotation 2D matrices
[3187:its-tracker]: [18:49:27][INFO] Initializing tracker in sync. phase reconstruction with 1 passes
[3187:its-tracker]: [18:49:27][INFO] Not using lookup table for material budget approximation
[3187:its-tracker]: [18:49:27][INFO] Dictionary ITSdictionary.bin is absent, Tracker expects cluster patterns
[3187:its-tracker]: [18:49:27][STATE] INITIALIZING DEVICE ---> INITIALIZED
[3187:its-tracker]: [18:49:27][STATE] INITIALIZED ---> BINDING
[3187:its-tracker]: [18:49:27][STATE] BINDING ---> BOUND
[3187:its-tracker]: [18:49:27][STATE] BOUND ---> CONNECTING
[3187:its-tracker]: [18:49:27][STATE] CONNECTING ---> DEVICE READY
[3187:its-tracker]: [18:49:27][STATE] DEVICE READY ---> INITIALIZING TASK
[3187:its-tracker]: [18:49:27][STATE] INITIALIZING TASK ---> READY
[3187:its-tracker]: [18:49:27][STATE] READY ---> RUNNING
[3187:its-tracker]: [18:49:27][INFO] DEVICE: Running...
[3187:its-tracker]: [18:49:27][INFO] ITSTracker pulled 156301 clusters, 41 RO frames
[3187:its-tracker]: [18:49:27][INFO] 156301 MC label objects , in 10 MC events
[3187:its-tracker]: [18:49:27][INFO] ITSTracker RO: continuous=1
[3187:its-tracker]: [18:49:27][INFO] Loading ITS L2G matrices from TGeo
[3187:its-tracker]: [18:49:28][INFO] ROframe: 0, clusters loaded : 1283
[3187:its-tracker]:  - Vertexer initialisation completed in: 0.243896 ms
[3187:its-tracker]:  - Tracklet finding completed in: 0.009126 ms
[3187:its-tracker]:  - Adjacent tracklets validation completed in: 0.004917 ms
[3187:its-tracker]:  - Vertex finding completed in: 0.010278 ms
[3187:its-tracker]: [18:49:28][INFO] Found tracks: 0
[3187:its-tracker]: [18:49:28][INFO] ROframe: 1, clusters loaded : 1267
[3187:its-tracker]:  - Vertexer initialisation completed in: 0.201459 ms
[3187:its-tracker]:  - Tracklet finding completed in: 0.044172 ms
[3187:its-tracker]:  - Adjacent tracklets validation completed in: 0.000883 ms
[3187:its-tracker]:  - Vertex finding completed in: 0.000674 ms
[3187:its-tracker]: [18:49:28][INFO] Found tracks: 0
[3187:its-tracker]: [18:49:28][INFO] ROframe: 2, clusters loaded : 1323
[3187:its-tracker]:  - Vertexer initialisation completed in: 0.209339 ms
[3187:its-tracker]:  - Tracklet finding completed in: 0.002529 ms
[3187:its-tracker]:  - Adjacent tracklets validation completed in: 0.00043 ms
[3187:its-tracker]:  - Vertex finding completed in: 0.000616 ms
[3187:its-tracker]: [18:49:28][INFO] Found tracks: 0
[3187:its-tracker]: [18:49:28][INFO] ROframe: 3, clusters loaded : 1229
[3187:its-tracker]:  - Vertexer initialisation completed in: 0.173716 ms
[3187:its-tracker]:  - Tracklet finding completed in: 0.00129 ms
[3187:its-tracker]:  - Adjacent tracklets validation completed in: 0.000358 ms
[3187:its-tracker]:  - Vertex finding completed in: 0.000469 ms
[3187:its-tracker]: [18:49:28][INFO] Found tracks: 0
[3187:its-tracker]: [18:49:28][INFO] ROframe: 4, clusters loaded : 1245
[3187:its-tracker]:  - Vertexer initialisation completed in: 0.239189 ms
[3187:its-tracker]:  - Tracklet finding completed in: 0.001552 ms
[3187:its-tracker]:  - Adjacent tracklets validation completed in: 0.000327 ms
[3187:its-tracker]:  - Vertex finding completed in: 0.000482 ms
[3187:its-tracker]: [18:49:28][INFO] Found tracks: 0
[3187:its-tracker]: [18:49:28][INFO] ROframe: 5, clusters loaded : 1248
[3187:its-tracker]:  - Vertexer initialisation completed in: 0.125385 ms
[3187:its-tracker]:  - Tracklet finding completed in: 0.001023 ms
[3187:its-tracker]:  - Adjacent tracklets validation completed in: 0.000334 ms
[3187:its-tracker]:  - Vertex finding completed in: 0.000383 ms
[3187:its-tracker]: [18:49:28][INFO] Found tracks: 0
[3187:its-tracker]: [18:49:28][INFO] ROframe: 6, clusters loaded : 1259
[3187:its-tracker]:  - Vertexer initialisation completed in: 0.212283 ms
[3187:its-tracker]:  - Tracklet finding completed in: 0.001844 ms
[3187:its-tracker]:  - Adjacent tracklets validation completed in: 0.000523 ms
[3187:its-tracker]:  - Vertex finding completed in: 0.000522 ms
[3187:its-tracker]: [18:49:28][INFO] Found tracks: 0
[3187:its-tracker]: [18:49:28][INFO] ROframe: 7, clusters loaded : 1258
[3187:its-tracker]:  - Vertexer initialisation completed in: 0.152371 ms
[3187:its-tracker]:  - Tracklet finding completed in: 0.001238 ms
[3187:its-tracker]:  - Adjacent tracklets validation completed in: 0.00035 ms
[3187:its-tracker]:  - Vertex finding completed in: 0.000463 ms
[3187:its-tracker]: [18:49:28][INFO] Found tracks: 0
[3187:its-tracker]: [18:49:28][INFO] ROframe: 8, clusters loaded : 1247
[3187:its-tracker]:  - Vertexer initialisation completed in: 0.178112 ms
[3187:its-tracker]:  - Tracklet finding completed in: 0.004663 ms
[3187:its-tracker]:  - Adjacent tracklets validation completed in: 0.000478 ms
[3187:its-tracker]:  - Vertex finding completed in: 0.000495 ms
[3187:its-tracker]: [18:49:28][INFO] Found tracks: 0
[3187:its-tracker]: [18:49:28][INFO] ROframe: 9, clusters loaded : 1249
[3187:its-tracker]:  - Vertexer initialisation completed in: 0.174819 ms
[3187:its-tracker]:  - Tracklet finding completed in: 0.002189 ms
[3187:its-tracker]:  - Adjacent tracklets validation completed in: 0.00041 ms
[3187:its-tracker]:  - Vertex finding completed in: 0.000471 ms
[3187:its-tracker]: [18:49:28][INFO] Found tracks: 0
[3187:its-tracker]: [18:49:28][INFO] ROframe: 10, clusters loaded : 1258
[3187:its-tracker]:  - Vertexer initialisation completed in: 0.1206 ms
[3187:its-tracker]:  - Tracklet finding completed in: 0.001164 ms
[3187:its-tracker]:  - Adjacent tracklets validation completed in: 0.000354 ms
[3187:its-tracker]:  - Vertex finding completed in: 0.000433 ms
[3187:its-tracker]: [18:49:28][INFO] Found tracks: 0
[3187:its-tracker]: [18:49:28][INFO] ROframe: 11, clusters loaded : 1407
[3187:its-tracker]:  - Vertexer initialisation completed in: 0.12113 ms
[3187:its-tracker]:  - Tracklet finding completed in: 0.006904 ms
[3187:its-tracker]:  - Adjacent tracklets validation completed in: 0.002441 ms
[3187:its-tracker]:  - Vertex finding completed in: 0.034226 ms
[3187:its-tracker]: 		Found vertex with:     10 contributors
[3187:its-tracker]:  - Context initialisation completed in: 2.36811 ms
[3187:its-tracker]:  - Tracklet finding completed in: 0.149704 ms
[3187:its-tracker]:  - Cell finding completed in: 0.008333 ms
[3187:its-tracker]:  - Neighbour finding completed in: 0.007238 ms
[3187:its-tracker]:  - Road finding completed in: 0.012404 ms
[3187:its-tracker]:  - Track finding completed in: 0.964867 ms
[3187:its-tracker]:  - Vertex processing completed in: 3.51065ms
[3187:its-tracker]:  - Context initialisation completed in: 0.0073 ms
[3187:its-tracker]:  - Tracklet finding completed in: 0.197813 ms
[3187:its-tracker]:  - Cell finding completed in: 0.006045 ms
[3187:its-tracker]:  - Neighbour finding completed in: 0.003787 ms
[3187:its-tracker]:  - Road finding completed in: 0.000298 ms
[3187:its-tracker]:  - Track finding completed in: 0.000236 ms
[3187:its-tracker]:  - Vertex processing completed in: 0.215479ms
[3187:its-tracker]: [18:49:28][INFO] Found tracks: 8
[3187:its-tracker]: [18:49:28][INFO] ROframe: 12, clusters loaded : 1238
[3187:its-tracker]:  - Vertexer initialisation completed in: 0.23151 ms
[3187:its-tracker]:  - Tracklet finding completed in: 0.001695 ms
[3187:its-tracker]:  - Adjacent tracklets validation completed in: 0.000589 ms
[3187:its-tracker]:  - Vertex finding completed in: 0.000918 ms
[3187:its-tracker]: [18:49:28][INFO] Found tracks: 0
[3187:its-tracker]: [18:49:28][INFO] ROframe: 13, clusters loaded : 1228
[3187:its-tracker]:  - Vertexer initialisation completed in: 0.202985 ms
[3187:its-tracker]:  - Tracklet finding completed in: 0.001243 ms
[3187:its-tracker]:  - Adjacent tracklets validation completed in: 0.000445 ms
[3187:its-tracker]:  - Vertex finding completed in: 0.000303 ms
[3187:its-tracker]: [18:49:28][INFO] Found tracks: 0
[3187:its-tracker]: [18:49:28][INFO] ROframe: 14, clusters loaded : 1192
[3187:its-tracker]:  - Vertexer initialisation completed in: 0.236062 ms
[3187:its-tracker]:  - Tracklet finding completed in: 0.001115 ms
[3187:its-tracker]:  - Adjacent tracklets validation completed in: 0.000447 ms
[3187:its-tracker]:  - Vertex finding completed in: 0.000348 ms
[3187:its-tracker]: [18:49:28][INFO] Found tracks: 0
[3187:its-tracker]: [18:49:28][INFO] ROframe: 15, clusters loaded : 1284
[3187:its-tracker]:  - Vertexer initialisation completed in: 0.233675 ms
[3187:its-tracker]:  - Tracklet finding completed in: 0.001594 ms
[3187:its-tracker]:  - Adjacent tracklets validation completed in: 0.000379 ms
[3187:its-tracker]:  - Vertex finding completed in: 0.000325 ms
[3187:its-tracker]: [18:49:28][INFO] Found tracks: 0
[3187:its-tracker]: [18:49:28][INFO] ROframe: 16, clusters loaded : 1244
[3187:its-tracker]:  - Vertexer initialisation completed in: 0.225834 ms
[3187:its-tracker]:  - Tracklet finding completed in: 0.00106 ms
[3187:its-tracker]:  - Adjacent tracklets validation completed in: 0.000417 ms
[3187:its-tracker]:  - Vertex finding completed in: 0.000498 ms
[3187:its-tracker]: [18:49:28][INFO] Found tracks: 0
[3187:its-tracker]: [18:49:28][INFO] ROframe: 17, clusters loaded : 1251
[3187:its-tracker]:  - Vertexer initialisation completed in: 0.202074 ms
[3187:its-tracker]:  - Tracklet finding completed in: 0.001132 ms
[3187:its-tracker]:  - Adjacent tracklets validation completed in: 0.000417 ms
[3187:its-tracker]:  - Vertex finding completed in: 0.000332 ms
[3187:its-tracker]: [18:49:28][INFO] Found tracks: 0
[3187:its-tracker]: [18:49:28][INFO] ROframe: 18, clusters loaded : 1537
[3187:its-tracker]:  - Vertexer initialisation completed in: 0.215274 ms
[3187:its-tracker]:  - Tracklet finding completed in: 0.014148 ms
[3187:its-tracker]:  - Adjacent tracklets validation completed in: 0.002248 ms
[3187:its-tracker]:  - Vertex finding completed in: 0.018884 ms
[3187:its-tracker]: 		Found vertex with:     14 contributors
[3187:its-tracker]:  - Context initialisation completed in: 1.51015 ms
[3187:its-tracker]:  - Tracklet finding completed in: 0.229187 ms
[3187:its-tracker]:  - Cell finding completed in: 0.015462 ms
[3187:its-tracker]:  - Neighbour finding completed in: 0.091677 ms
[3187:its-tracker]:  - Road finding completed in: 0.006013 ms
[3187:its-tracker]:  - Track finding completed in: 0.193108 ms
[3187:its-tracker]:  - Vertex processing completed in: 2.0456ms
[3187:its-tracker]:  - Context initialisation completed in: 0.007619 ms
[3187:its-tracker]:  - Tracklet finding completed in: 0.193012 ms
[3187:its-tracker]:  - Cell finding completed in: 0.007373 ms
[3187:its-tracker]:  - Neighbour finding completed in: 0.003626 ms
[3187:its-tracker]:  - Road finding completed in: 0.000205 ms
[3187:its-tracker]:  - Track finding completed in: 0.0002 ms
[3187:its-tracker]:  - Vertex processing completed in: 0.212035ms
[3187:its-tracker]: [18:49:28][INFO] Found tracks: 13
[3187:its-tracker]: [18:49:28][INFO] ROframe: 19, clusters loaded : 1301
[3187:its-tracker]:  - Vertexer initialisation completed in: 0.24823 ms
[3187:its-tracker]:  - Tracklet finding completed in: 0.002626 ms
[3187:its-tracker]:  - Adjacent tracklets validation completed in: 0.000627 ms
[3187:its-tracker]:  - Vertex finding completed in: 0.000595 ms
[3187:its-tracker]: [18:49:28][INFO] Found tracks: 0
[3187:its-tracker]: [18:49:28][INFO] ROframe: 20, clusters loaded : 2096
[3187:its-tracker]:  - Vertexer initialisation completed in: 0.250791 ms
[3187:its-tracker]:  - Tracklet finding completed in: 0.037703 ms
[3187:its-tracker]:  - Adjacent tracklets validation completed in: 0.008962 ms
[3187:its-tracker]:  - Vertex finding completed in: 0.011426 ms
[3187:its-tracker]: 		Found vertex with:     37 contributors
[3187:its-tracker]:  - Context initialisation completed in: 2.66015 ms
[3187:its-tracker]:  - Tracklet finding completed in: 0.354996 ms
[3187:its-tracker]:  - Cell finding completed in: 0.041655 ms
[3187:its-tracker]:  - Neighbour finding completed in: 0.050813 ms
[3187:its-tracker]:  - Road finding completed in: 0.009646 ms
[3187:its-tracker]:  - Track finding completed in: 0.421008 ms
[3187:its-tracker]:  - Vertex processing completed in: 3.53826ms
[3187:its-tracker]:  - Context initialisation completed in: 0.013398 ms
[3187:its-tracker]:  - Tracklet finding completed in: 0.273587 ms
[3187:its-tracker]:  - Cell finding completed in: 0.024455 ms
[3187:its-tracker]:  - Neighbour finding completed in: 0.011225 ms
[3187:its-tracker]:  - Road finding completed in: 0.000288 ms
[3187:its-tracker]:  - Track finding completed in: 0.000216 ms
[3187:its-tracker]:  - Vertex processing completed in: 0.323169ms
[3187:its-tracker]: [18:49:28][INFO] Found tracks: 31
[3187:its-tracker]: [18:49:28][INFO] ROframe: 21, clusters loaded : 1231
[3187:its-tracker]:  - Vertexer initialisation completed in: 0.283313 ms
[3187:its-tracker]:  - Tracklet finding completed in: 0.001614 ms
[3187:its-tracker]:  - Adjacent tracklets validation completed in: 0.000764 ms
[3187:its-tracker]:  - Vertex finding completed in: 0.000721 ms
[3187:its-tracker]: [18:49:28][INFO] Found tracks: 0
[3187:its-tracker]: [18:49:28][INFO] ROframe: 22, clusters loaded : 3146
[3187:its-tracker]:  - Vertexer initialisation completed in: 0.31071 ms
[3187:its-tracker]:  - Tracklet finding completed in: 0.091959 ms
[3187:its-tracker]:  - Adjacent tracklets validation completed in: 0.020176 ms
[3187:its-tracker]:  - Vertex finding completed in: 0.022166 ms
[3187:its-tracker]: 		Found vertex with:    122 contributors
[3187:its-tracker]:  - Context initialisation completed in: 1.57586 ms
[3187:its-tracker]:  - Tracklet finding completed in: 0.590152 ms
[3187:its-tracker]:  - Cell finding completed in: 0.115415 ms
[3187:its-tracker]:  - Neighbour finding completed in: 0.078594 ms
[3187:its-tracker]:  - Road finding completed in: 0.026997 ms
[3187:its-tracker]:  - Track finding completed in: 1.55041 ms
[3187:its-tracker]:  - Vertex processing completed in: 3.93743ms
[3187:its-tracker]:  - Context initialisation completed in: 0.028184 ms
[3187:its-tracker]:  - Tracklet finding completed in: 0.427139 ms
[3187:its-tracker]:  - Cell finding completed in: 0.038228 ms
[3187:its-tracker]:  - Neighbour finding completed in: 0.011717 ms
[3187:its-tracker]:  - Road finding completed in: 0.000364 ms
[3187:its-tracker]:  - Track finding completed in: 0.000265 ms
[3187:its-tracker]:  - Vertex processing completed in: 0.505897ms
[3187:its-tracker]: [18:49:28][INFO] Found tracks: 101
[3187:its-tracker]: [18:49:28][INFO] ROframe: 23, clusters loaded : 2649
[3187:its-tracker]:  - Vertexer initialisation completed in: 0.275236 ms
[3187:its-tracker]:  - Tracklet finding completed in: 0.056549 ms
[3187:its-tracker]:  - Adjacent tracklets validation completed in: 0.008102 ms
[3187:its-tracker]:  - Vertex finding completed in: 0.00819 ms
[3187:its-tracker]: 		Found vertex with:      9 contributors
[3187:its-tracker]:  - Context initialisation completed in: 1.57686 ms
[3187:its-tracker]:  - Tracklet finding completed in: 0.412704 ms
[3187:its-tracker]:  - Cell finding completed in: 0.034339 ms
[3187:its-tracker]:  - Neighbour finding completed in: 0.009802 ms
[3187:its-tracker]:  - Road finding completed in: 0.001328 ms
[3187:its-tracker]:  - Track finding completed in: 0.020557 ms
[3187:its-tracker]:  - Vertex processing completed in: 2.05559ms
[3187:its-tracker]:  - Context initialisation completed in: 0.007553 ms
[3187:its-tracker]:  - Tracklet finding completed in: 0.403464 ms
[3187:its-tracker]:  - Cell finding completed in: 0.045804 ms
[3187:its-tracker]:  - Neighbour finding completed in: 0.00855 ms
[3187:its-tracker]:  - Road finding completed in: 0.000229 ms
[3187:its-tracker]:  - Track finding completed in: 0.000214 ms
[3187:its-tracker]:  - Vertex processing completed in: 0.465814ms
[3187:its-tracker]: [18:49:28][INFO] Found tracks: 1
[3187:its-tracker]: [18:49:28][INFO] ROframe: 24, clusters loaded : 1275
[3187:its-tracker]:  - Vertexer initialisation completed in: 0.216562 ms
[3187:its-tracker]:  - Tracklet finding completed in: 0.001946 ms
[3187:its-tracker]:  - Adjacent tracklets validation completed in: 0.000609 ms
[3187:its-tracker]:  - Vertex finding completed in: 0.000681 ms
[3187:its-tracker]: [18:49:28][INFO] Found tracks: 0
[3187:its-tracker]: [18:49:28][INFO] ROframe: 25, clusters loaded : 1246
[3187:its-tracker]:  - Vertexer initialisation completed in: 0.227603 ms
[3187:its-tracker]:  - Tracklet finding completed in: 0.001072 ms
[3187:its-tracker]:  - Adjacent tracklets validation completed in: 0.000403 ms
[3187:its-tracker]:  - Vertex finding completed in: 0.000501 ms
[3187:its-tracker]: [18:49:28][INFO] Found tracks: 0
[3187:its-tracker]: [18:49:28][INFO] ROframe: 26, clusters loaded : 1274
[3187:its-tracker]:  - Vertexer initialisation completed in: 0.225008 ms
[3187:its-tracker]:  - Tracklet finding completed in: 0.002721 ms
[3187:its-tracker]:  - Adjacent tracklets validation completed in: 0.000438 ms
[3187:its-tracker]:  - Vertex finding completed in: 0.000343 ms
[3187:its-tracker]: [18:49:28][INFO] Found tracks: 0
[3187:its-tracker]: [18:49:28][INFO] ROframe: 27, clusters loaded : 1238
[3187:its-tracker]:  - Vertexer initialisation completed in: 0.219634 ms
[3187:its-tracker]:  - Tracklet finding completed in: 0.001528 ms
[3187:its-tracker]:  - Adjacent tracklets validation completed in: 0.000398 ms
[3187:its-tracker]:  - Vertex finding completed in: 0.000439 ms
[3187:its-tracker]: [18:49:28][INFO] Found tracks: 0
[3187:its-tracker]: [18:49:28][INFO] ROframe: 28, clusters loaded : 29357
[3187:its-tracker]:  - Vertexer initialisation completed in: 2.07084 ms
[3187:its-tracker]:  - Tracklet finding completed in: 6.63418 ms
[3187:its-tracker]:  - Adjacent tracklets validation completed in: 1.08225 ms
[3187:its-tracker]:  - Vertex finding completed in: 0.187481 ms
[3187:its-tracker]: 		Found vertex with:   1475 contributors
[3187:its-tracker]:  - Context initialisation completed in: 2.36067 ms
[3187:its-tracker]:  - Tracklet finding completed in: 10.9464 ms
[3187:its-tracker]:  - Cell finding completed in: 5.66256 ms
[3187:its-tracker]:  - Neighbour finding completed in: 0.693392 ms
[3187:its-tracker]:  - Road finding completed in: 0.509662 ms
[3187:its-tracker]:  - Track finding completed in: 14.0487 ms
[3187:its-tracker]:  - Vertex processing completed in: 34.2214ms
[3187:its-tracker]:  - Context initialisation completed in: 0.429328 ms
[3187:its-tracker]:  - Tracklet finding completed in: 9.1635 ms
[3187:its-tracker]:  - Cell finding completed in: 2.45809 ms
[3187:its-tracker]:  - Neighbour finding completed in: 0.285226 ms
[3187:its-tracker]:  - Road finding completed in: 0.002294 ms
[3187:its-tracker]:  - Track finding completed in: 0.000482 ms
[3187:its-tracker]:  - Vertex processing completed in: 12.3389ms
[3187:its-tracker]: [18:49:28][INFO] Found tracks: 1260
[3187:its-tracker]: [18:49:28][INFO] ROframe: 29, clusters loaded : 1323
[3187:its-tracker]:  - Vertexer initialisation completed in: 0.22649 ms
[3187:its-tracker]:  - Tracklet finding completed in: 0.002074 ms
[3187:its-tracker]:  - Adjacent tracklets validation completed in: 0.000642 ms
[3187:its-tracker]:  - Vertex finding completed in: 0.001759 ms
[3187:its-tracker]: [18:49:28][INFO] Found tracks: 0
[3187:its-tracker]: [18:49:28][INFO] ROframe: 30, clusters loaded : 2797
[3187:its-tracker]:  - Vertexer initialisation completed in: 0.277272 ms
[3187:its-tracker]:  - Tracklet finding completed in: 0.067387 ms
[3187:its-tracker]:  - Adjacent tracklets validation completed in: 0.023506 ms
[3187:its-tracker]:  - Vertex finding completed in: 0.027555 ms
[3187:its-tracker]: 		Found vertex with:     74 contributors
[3187:its-tracker]:  - Context initialisation completed in: 1.55506 ms
[3187:its-tracker]:  - Tracklet finding completed in: 0.56475 ms
[3187:its-tracker]:  - Cell finding completed in: 0.096269 ms
[3187:its-tracker]:  - Neighbour finding completed in: 0.052486 ms
[3187:its-tracker]:  - Road finding completed in: 0.020477 ms
[3187:its-tracker]:  - Track finding completed in: 1.33836 ms
[3187:its-tracker]:  - Vertex processing completed in: 3.6274ms
[3187:its-tracker]:  - Context initialisation completed in: 0.024005 ms
[3187:its-tracker]:  - Tracklet finding completed in: 0.366427 ms
[3187:its-tracker]:  - Cell finding completed in: 0.032626 ms
[3187:its-tracker]:  - Neighbour finding completed in: 0.014003 ms
[3187:its-tracker]:  - Road finding completed in: 0.00025 ms
[3187:its-tracker]:  - Track finding completed in: 0.000256 ms
[3187:its-tracker]:  - Vertex processing completed in: 0.437567ms
[3187:its-tracker]: [18:49:28][INFO] Found tracks: 88
[3187:its-tracker]: [18:49:28][INFO] ROframe: 31, clusters loaded : 1253
[3187:its-tracker]:  - Vertexer initialisation completed in: 0.273999 ms
[3187:its-tracker]:  - Tracklet finding completed in: 0.001877 ms
[3187:its-tracker]:  - Adjacent tracklets validation completed in: 0.000532 ms
[3187:its-tracker]:  - Vertex finding completed in: 0.000927 ms
[3187:its-tracker]: [18:49:28][INFO] Found tracks: 0
[3187:its-tracker]: [18:49:28][INFO] ROframe: 32, clusters loaded : 16389
[3187:its-tracker]:  - Vertexer initialisation completed in: 1.03504 ms
[3187:its-tracker]:  - Tracklet finding completed in: 1.91333 ms
[3187:its-tracker]:  - Adjacent tracklets validation completed in: 0.368035 ms
[3187:its-tracker]:  - Vertex finding completed in: 0.142875 ms
[3187:its-tracker]: 		Found vertex with:    777 contributors
[3187:its-tracker]:  - Context initialisation completed in: 2.0128 ms
[3187:its-tracker]:  - Tracklet finding completed in: 5.93547 ms
[3187:its-tracker]:  - Cell finding completed in: 2.17124 ms
[3187:its-tracker]:  - Neighbour finding completed in: 0.542032 ms
[3187:its-tracker]:  - Road finding completed in: 0.14013 ms
[3187:its-tracker]:  - Track finding completed in: 10.42 ms
[3187:its-tracker]:  - Vertex processing completed in: 21.2216ms
[3187:its-tracker]:  - Context initialisation completed in: 0.207711 ms
[3187:its-tracker]:  - Tracklet finding completed in: 3.98745 ms
[3187:its-tracker]:  - Cell finding completed in: 0.82393 ms
[3187:its-tracker]:  - Neighbour finding completed in: 0.121604 ms
[3187:its-tracker]:  - Road finding completed in: 0.001377 ms
[3187:its-tracker]:  - Track finding completed in: 0.000406 ms
[3187:its-tracker]:  - Vertex processing completed in: 5.14247ms
[3187:its-tracker]: [18:49:28][INFO] Found tracks: 675
[3187:its-tracker]: [18:49:28][INFO] ROframe: 33, clusters loaded : 1281
[3187:its-tracker]:  - Vertexer initialisation completed in: 0.228575 ms
[3187:its-tracker]:  - Tracklet finding completed in: 0.001775 ms
[3187:its-tracker]:  - Adjacent tracklets validation completed in: 0.000633 ms
[3187:its-tracker]:  - Vertex finding completed in: 0.000952 ms
[3187:its-tracker]: [18:49:28][INFO] Found tracks: 0
[3187:its-tracker]: [18:49:28][INFO] ROframe: 34, clusters loaded : 1293
[3187:its-tracker]:  - Vertexer initialisation completed in: 0.224122 ms
[3187:its-tracker]:  - Tracklet finding completed in: 0.001582 ms
[3187:its-tracker]:  - Adjacent tracklets validation completed in: 0.000459 ms
[3187:its-tracker]:  - Vertex finding completed in: 0.000593 ms
[3187:its-tracker]: [18:49:28][INFO] Found tracks: 0
[3187:its-tracker]: [18:49:28][INFO] ROframe: 35, clusters loaded : 1291
[3187:its-tracker]:  - Vertexer initialisation completed in: 0.248895 ms
[3187:its-tracker]:  - Tracklet finding completed in: 0.001524 ms
[3187:its-tracker]:  - Adjacent tracklets validation completed in: 0.000366 ms
[3187:its-tracker]:  - Vertex finding completed in: 0.000505 ms
[3187:its-tracker]: [18:49:28][INFO] Found tracks: 0
[3187:its-tracker]: [18:49:28][INFO] ROframe: 36, clusters loaded : 1226
[3187:its-tracker]:  - Vertexer initialisation completed in: 0.205827 ms
[3187:its-tracker]:  - Tracklet finding completed in: 0.001365 ms
[3187:its-tracker]:  - Adjacent tracklets validation completed in: 0.000281 ms
[3187:its-tracker]:  - Vertex finding completed in: 0.000319 ms
[3187:its-tracker]: [18:49:28][INFO] Found tracks: 0
[3187:its-tracker]: [18:49:28][INFO] ROframe: 37, clusters loaded : 2239
[3187:its-tracker]:  - Vertexer initialisation completed in: 0.240026 ms
[3187:its-tracker]:  - Tracklet finding completed in: 0.035706 ms
[3187:its-tracker]:  - Adjacent tracklets validation completed in: 0.006621 ms
[3187:its-tracker]:  - Vertex finding completed in: 0.01112 ms
[3187:its-tracker]: 		Found vertex with:     24 contributors
[3187:its-tracker]:  - Context initialisation completed in: 1.47963 ms
[3187:its-tracker]:  - Tracklet finding completed in: 0.441852 ms
[3187:its-tracker]:  - Cell finding completed in: 0.04463 ms
[3187:its-tracker]:  - Neighbour finding completed in: 0.022171 ms
[3187:its-tracker]:  - Road finding completed in: 0.008789 ms
[3187:its-tracker]:  - Track finding completed in: 0.502281 ms
[3187:its-tracker]:  - Vertex processing completed in: 2.49936ms
[3187:its-tracker]:  - Context initialisation completed in: 0.011891 ms
[3187:its-tracker]:  - Tracklet finding completed in: 0.330223 ms
[3187:its-tracker]:  - Cell finding completed in: 0.024123 ms
[3187:its-tracker]:  - Neighbour finding completed in: 0.006648 ms
[3187:its-tracker]:  - Road finding completed in: 0.000303 ms
[3187:its-tracker]:  - Track finding completed in: 0.000191 ms
[3187:its-tracker]:  - Vertex processing completed in: 0.373379ms
[3187:its-tracker]: [18:49:28][INFO] Found tracks: 31
[3187:its-tracker]: [18:49:28][INFO] ROframe: 38, clusters loaded : 32192
[3187:its-tracker]:  - Vertexer initialisation completed in: 2.12146 ms
[3187:its-tracker]:  - Tracklet finding completed in: 7.55109 ms
[3187:its-tracker]:  - Adjacent tracklets validation completed in: 1.85844 ms
[3187:its-tracker]:  - Vertex finding completed in: 0.314093 ms
[3187:its-tracker]: 		Found vertex with:   1661 contributors
[3187:its-tracker]:  - Context initialisation completed in: 2.68132 ms
[3187:its-tracker]:  - Tracklet finding completed in: 17.0498 ms
[3187:its-tracker]:  - Cell finding completed in: 8.85174 ms
[3187:its-tracker]:  - Neighbour finding completed in: 1.34998 ms
[3187:its-tracker]:  - Road finding completed in: 0.458125 ms
[3187:its-tracker]:  - Track finding completed in: 23.0272 ms
[3187:its-tracker]:  - Vertex processing completed in: 53.4181ms
[3187:its-tracker]:  - Context initialisation completed in: 0.500487 ms
[3187:its-tracker]:  - Tracklet finding completed in: 10.3559 ms
[3187:its-tracker]:  - Cell finding completed in: 2.89927 ms
[3187:its-tracker]:  - Neighbour finding completed in: 0.341363 ms
[3187:its-tracker]:  - Road finding completed in: 0.002535 ms
[3187:its-tracker]:  - Track finding completed in: 0.000531 ms
[3187:its-tracker]:  - Vertex processing completed in: 14.1001ms
[3187:its-tracker]: [18:49:28][INFO] Found tracks: 1431
[3187:its-tracker]: [18:49:28][INFO] ROframe: 39, clusters loaded : 24684
[3187:its-tracker]:  - Vertexer initialisation completed in: 1.64666 ms
[3187:its-tracker]:  - Tracklet finding completed in: 4.13511 ms
[3187:its-tracker]:  - Adjacent tracklets validation completed in: 0.953925 ms
[3187:its-tracker]:  - Vertex finding completed in: 0.392853 ms
[3187:its-tracker]: 		Found vertex with:   1237 contributors
[3187:its-tracker]:  - Context initialisation completed in: 2.52394 ms
[3187:its-tracker]:  - Tracklet finding completed in: 11.1229 ms
[3187:its-tracker]:  - Cell finding completed in: 5.08105 ms
[3187:its-tracker]:  - Neighbour finding completed in: 0.90978 ms
[3187:its-tracker]:  - Road finding completed in: 0.285601 ms
[3187:its-tracker]:  - Track finding completed in: 17.0693 ms
[3187:its-tracker]:  - Vertex processing completed in: 36.9925ms
[3187:its-tracker]:  - Context initialisation completed in: 0.371303 ms
[3187:its-tracker]:  - Tracklet finding completed in: 7.30137 ms
[3187:its-tracker]:  - Cell finding completed in: 1.91868 ms
[3187:its-tracker]:  - Neighbour finding completed in: 0.250102 ms
[3187:its-tracker]:  - Road finding completed in: 0.001932 ms
[3187:its-tracker]:  - Track finding completed in: 0.000464 ms
[3187:its-tracker]:  - Vertex processing completed in: 9.84385ms
[3187:its-tracker]: [18:49:28][INFO] Found tracks: 1044
[3187:its-tracker]: [18:49:28][INFO] ROframe: 40, clusters loaded : 1273
[3187:its-tracker]:  - Vertexer initialisation completed in: 0.259715 ms
[3187:its-tracker]:  - Tracklet finding completed in: 0.002909 ms
[3187:its-tracker]:  - Adjacent tracklets validation completed in: 0.000786 ms
[3187:its-tracker]:  - Vertex finding completed in: 0.000924 ms
[3187:its-tracker]: [18:49:28][INFO] Found tracks: 0
[3187:its-tracker]: [18:49:28][INFO] ITSTracker pushed 4683 tracks
[3187:its-tracker]: [18:49:28][INFO] ITS CA-Tracker total timing: Cpu: 4.200e-01 Real: 4.196e-01 s in 1 slots
[3188:its-track-writer]: [18:49:28][INFO] ITSTrackWriter pulled 4683 tracks, in 41 RO frames
[INFO] Quitting
[INFO] QUIT_REQUESTED
[3184:its-digit-reader]: [18:49:28][INFO] Received device shutdown request (signal 15).
[3184:its-digit-reader]: [18:49:28][INFO] Waiting for graceful device shutdown. Hit Ctrl-C again to abort immediately.
[3186:its-cluster-writer]: [18:49:28][INFO] Received device shutdown request (signal 15).
[3186:its-cluster-writer]: [18:49:28][INFO] Waiting for graceful device shutdown. Hit Ctrl-C again to abort immediately.
[3184:its-digit-reader]: [18:49:28][STATE] RUNNING ---> READY
[3184:its-digit-reader]: [18:49:28][STATE] READY ---> RESETTING TASK
[3184:its-digit-reader]: [18:49:28][STATE] RESETTING TASK ---> DEVICE READY
[3184:its-digit-reader]: [18:49:28][STATE] DEVICE READY ---> RESETTING DEVICE
[3187:its-tracker]: [18:49:28][INFO] Received device shutdown request (signal 15).
[3187:its-tracker]: [18:49:28][INFO] Waiting for graceful device shutdown. Hit Ctrl-C again to abort immediately.
[3184:its-digit-reader]: [18:49:28][STATE] RESETTING DEVICE ---> IDLE
[3184:its-digit-reader]: [18:49:28][STATE] IDLE ---> EXITING
[3184:its-digit-reader]: [18:49:28][STATE] Exiting FairMQ state machine
[3185:its-clusterer]: [18:49:28][INFO] Received device shutdown request (signal 15).
[3185:its-clusterer]: [18:49:28][INFO] Waiting for graceful device shutdown. Hit Ctrl-C again to abort immediately.
[3183:internal-dpl-clock]: [18:49:28][INFO] Received device shutdown request (signal 15).
[3183:internal-dpl-clock]: [18:49:28][INFO] Waiting for graceful device shutdown. Hit Ctrl-C again to abort immediately.
[3188:its-track-writer]: [18:49:28][INFO] Received device shutdown request (signal 15).
[3188:its-track-writer]: [18:49:28][INFO] Waiting for graceful device shutdown. Hit Ctrl-C again to abort immediately.
[3185:its-clusterer]: [18:49:28][STATE] RUNNING ---> READY
[3187:its-tracker]: [18:49:28][STATE] RUNNING ---> READY
[3187:its-tracker]: [18:49:28][STATE] READY ---> RESETTING TASK
[3187:its-tracker]: [18:49:28][STATE] RESETTING TASK ---> DEVICE READY
[3187:its-tracker]: [18:49:28][STATE] DEVICE READY ---> RESETTING DEVICE
[3185:its-clusterer]: [18:49:28][STATE] READY ---> RESETTING TASK
[3185:its-clusterer]: [18:49:28][STATE] RESETTING TASK ---> DEVICE READY
[3183:internal-dpl-clock]: [18:49:28][STATE] RUNNING ---> READY
[3185:its-clusterer]: [18:49:28][STATE] DEVICE READY ---> RESETTING DEVICE
[3183:internal-dpl-clock]: [18:49:28][STATE] READY ---> RESETTING TASK
[3183:internal-dpl-clock]: [18:49:28][STATE] RESETTING TASK ---> DEVICE READY
[3187:its-tracker]: [18:49:28][STATE] RESETTING DEVICE ---> IDLE
[3187:its-tracker]: [18:49:28][STATE] IDLE ---> EXITING
[3183:internal-dpl-clock]: [18:49:28][STATE] DEVICE READY ---> RESETTING DEVICE
[3187:its-tracker]: [18:49:28][STATE] Exiting FairMQ state machine
[3183:internal-dpl-clock]: [18:49:28][STATE] RESETTING DEVICE ---> IDLE
[3183:internal-dpl-clock]: [18:49:28][STATE] IDLE ---> EXITING
[3183:internal-dpl-clock]: [18:49:28][STATE] Exiting FairMQ state machine
[3185:its-clusterer]: [18:49:28][STATE] RESETTING DEVICE ---> IDLE
[3185:its-clusterer]: [18:49:28][STATE] IDLE ---> EXITING
[3185:its-clusterer]: [18:49:28][STATE] Exiting FairMQ state machine
[3186:its-cluster-writer]: [18:49:29][STATE] RUNNING ---> READY
[3186:its-cluster-writer]: [18:49:29][STATE] READY ---> RESETTING TASK
[3186:its-cluster-writer]: [18:49:29][STATE] RESETTING TASK ---> DEVICE READY
[3186:its-cluster-writer]: [18:49:29][STATE] DEVICE READY ---> RESETTING DEVICE
[3186:its-cluster-writer]: [18:49:29][STATE] RESETTING DEVICE ---> IDLE
[3186:its-cluster-writer]: [18:49:29][STATE] IDLE ---> EXITING
[3186:its-cluster-writer]: [18:49:29][STATE] Exiting FairMQ state machine
[3188:its-track-writer]: [18:49:29][STATE] RUNNING ---> READY
[3188:its-track-writer]: [18:49:29][STATE] READY ---> RESETTING TASK
[3188:its-track-writer]: [18:49:29][STATE] RESETTING TASK ---> DEVICE READY
[3188:its-track-writer]: [18:49:29][STATE] DEVICE READY ---> RESETTING DEVICE
[3188:its-track-writer]: Cleaning up for shared memory id '614b662f'...
[3188:its-track-writer]: No region counter found. No regions to cleanup.
[3188:its-track-writer]: Successfully removed 'fmq_614b662f_m_0'.
[3188:its-track-writer]: Successfully removed 'fmq_614b662f_mng'.
[3188:its-track-writer]: Successfully removed 'fmq_614b662f_mtx'.
[3188:its-track-writer]: Successfully removed 'fmq_614b662f_cv'.
[3188:its-track-writer]: [18:49:29][STATE] RESETTING DEVICE ---> IDLE
[3188:its-track-writer]: [18:49:29][STATE] IDLE ---> EXITING
[3188:its-track-writer]: [18:49:29][STATE] Exiting FairMQ state machine
[INFO] Dumping used configuration in dpl-config.json
