===============================
execute this script as follows:
./generate_its.sh system region nevents
where:
system = 1 -> pp
       = 2 -> Pb-Pb
region = 1 -> ITS only
       = 2 -> whole detector
===============================
will generate Pb-Pb events
will transport events in the ITS only
Will generate: 20 events
Moving to /eos/user/f/ftorales/its_data/alignment/lbnl_alice_alignment_tasks/2284183/0
/eos/user/f/ftorales/its_data/alignment/lbnl_alice_alignment_tasks/2284183/0

==============================================================================================
1. MC generation run
[INFO] Running with 6 sim workers 
[INFO] CREATING SIM SHARED MEM SEGMENT FOR 6 WORKERS
Spawning particle server on PID 996; Redirect output to o2sim_serverlog
Spawning sim worker 0 on PID 998; Redirect output to o2sim_workerlog0
Spawning hit merger on PID 999; Redirect output to o2sim_mergerlog
[INFO] DISTRIBUTING EVENT : 1
[INFO] EVENT FINISHED : 1
[INFO] DISTRIBUTING EVENT : 2
[INFO] EVENT FINISHED : 2
[INFO] DISTRIBUTING EVENT : 3
[INFO] EVENT FINISHED : 3
[INFO] DISTRIBUTING EVENT : 4
[INFO] EVENT FINISHED : 4
[INFO] DISTRIBUTING EVENT : 5
[INFO] DISTRIBUTING EVENT : 6
[INFO] EVENT FINISHED : 5
[INFO] DISTRIBUTING EVENT : 7
[INFO] EVENT FINISHED : 6
[INFO] EVENT FINISHED : 7
[INFO] DISTRIBUTING EVENT : 8
[INFO] DISTRIBUTING EVENT : 9
[INFO] EVENT FINISHED : 9
[INFO] EVENT FINISHED : 8
[INFO] DISTRIBUTING EVENT : 10
[INFO] DISTRIBUTING EVENT : 11
[INFO] EVENT FINISHED : 11
[INFO] DISTRIBUTING EVENT : 12
[INFO] EVENT FINISHED : 10
[INFO] DISTRIBUTING EVENT : 13
[INFO] EVENT FINISHED : 12
[INFO] DISTRIBUTING EVENT : 14
[INFO] EVENT FINISHED : 14
[INFO] DISTRIBUTING EVENT : 15
[INFO] EVENT FINISHED : 13
[INFO] EVENT FINISHED : 15
[INFO] DISTRIBUTING EVENT : 16
[INFO] DISTRIBUTING EVENT : 17
[INFO] EVENT FINISHED : 17
[INFO] DISTRIBUTING EVENT : 18
[INFO] EVENT FINISHED : 16
[INFO] DISTRIBUTING EVENT : 19
[INFO] EVENT FINISHED : 18
[INFO] DISTRIBUTING EVENT : 20
[INFO] EVENT FINISHED : 19
[INFO] EVENT FINISHED : 20
[INFO] Merger process 999 returned
[INFO] Simulation process took 99.1469 s
[INFO] SIMULATION RETURNED SUCCESFULLY

==============================================================================================
2. Hits to digits conversion
Run: 1621488734
Fill:      0
Period: 
LHC State: 
Start: Thu May 20 07:32:16 2021
End  : Thu May 20 07:32:17 2021
Beam0: Z:A =   0:  0, Energy = 0.000
Beam1: Z:A =   0:  0, Energy = 0.000
sqrt[s]    = 0.000
crossing angle (radian) = 0.000000e+00
magnet currents (A) L3 = -30000.000, Dipole = -6000
Detectors: Cont.RO Triggers
      ITS:    -       -    
[INFO] MC-TRUTH 1
[INFO] TPC: GEM setup - initialization from scratch
[INFO] TPC: GEM setup (polya) took 8.01
[INFO] TPC is in grp? no; is skipped? no
[INFO] ITS is in grp? yes; is skipped? no
[INFO] MFT is in grp? no; is skipped? no
[INFO] TOF is in grp? no; is skipped? no
[INFO] FT0 is in grp? no; is skipped? no
[INFO] FV0 is in grp? no; is skipped? no
[INFO] EMC is in grp? no; is skipped? no
[INFO] HMP is in grp? no; is skipped? no
[INFO] ZDC is in grp? no; is skipped? no
[INFO] TRD is in grp? no; is skipped? no
[INFO] MCH is in grp? no; is skipped? no
[INFO] MID is in grp? no; is skipped? no
[INFO] FDD is in grp? no; is skipped? no
[INFO] PHS is in grp? no; is skipped? no
[INFO] CPV is in grp? no; is skipped? no
[INFO] Initialising O2 Data Processing Layer
[INFO] O2 Data Processing Layer initialised. We brake for nobody.
[INFO] Optimised build. O2DEBUG / LOG(DEBUG) / LOGF(DEBUG) / assert statement will not be shown.
[INFO] Redeployment of configuration asked.
[INFO] Starting internal-dpl-clock on pid 2120
[INFO] Starting SimReader on pid 2121
[INFO] Starting ITSDigitizer on pid 2122
[INFO] Starting GRPUpdater on pid 2123
[INFO] Starting ITSDigitWriter on pid 2124
[INFO] Redeployment of configuration done.
[2122:ITSDigitizer]: [INFO] MC-TRUTH 1
[2123:GRPUpdater]: [INFO] MC-TRUTH 1
[2122:ITSDigitizer]: [INFO] Spawing new device ITSDigitizer in process with pid 2122
[2123:GRPUpdater]: [INFO] Spawing new device GRPUpdater in process with pid 2123
[2122:ITSDigitizer]: [07:35:40][INFO] 
[2122:ITSDigitizer]:       ______      _    _______  _________ 
[2122:ITSDigitizer]:      / ____/___ _(_)_______   |/  /_  __ \    version 1.4.29
[2122:ITSDigitizer]:     / /_  / __ `/ / ___/__  /|_/ /_  / / /    build RELWITHDEBINFO
[2122:ITSDigitizer]:    / __/ / /_/ / / /    _  /  / / / /_/ /     https://github.com/FairRootGroup/FairMQ
[2122:ITSDigitizer]:   /_/    \__,_/_/_/     /_/  /_/  \___\_\     LGPL-3.0  © 2012-2020 GSI
[2122:ITSDigitizer]: 
[2123:GRPUpdater]: [07:35:40][INFO] 
[2123:GRPUpdater]:       ______      _    _______  _________ 
[2123:GRPUpdater]:      / ____/___ _(_)_______   |/  /_  __ \    version 1.4.29
[2123:GRPUpdater]:     / /_  / __ `/ / ___/__  /|_/ /_  / / /    build RELWITHDEBINFO
[2123:GRPUpdater]:    / __/ / /_/ / / /    _  /  / / / /_/ /     https://github.com/FairRootGroup/FairMQ
[2123:GRPUpdater]:   /_/    \__,_/_/_/     /_/  /_/  \___\_\     LGPL-3.0  © 2012-2020 GSI
[2123:GRPUpdater]: 
[2122:ITSDigitizer]: [07:35:40][STATE] Starting FairMQ state machine --> IDLE
[2123:GRPUpdater]: [07:35:40][STATE] Starting FairMQ state machine --> IDLE
[2122:ITSDigitizer]: 2021-05-20 07:35:40	Monitoring	[0;49mStdOut backend initialized[0m
[2123:GRPUpdater]: 2021-05-20 07:35:40	Monitoring	[0;49mStdOut backend initialized[0m
[2122:ITSDigitizer]: [07:35:40][STATE] IDLE ---> INITIALIZING DEVICE
[2122:ITSDigitizer]: 2021-05-20 07:35:40	Monitoring	[0;49mBuffering enabled (100)[0m
[2122:ITSDigitizer]: [07:35:40][INFO] Initializing geometry service
[2122:ITSDigitizer]: [07:35:40][INFO] Loading geometry FAIRGeom from o2sim_geometry.root
[2123:GRPUpdater]: [07:35:40][STATE] IDLE ---> INITIALIZING DEVICE
[2123:GRPUpdater]: 2021-05-20 07:35:40	Monitoring	[0;49mBuffering enabled (100)[0m
[2123:GRPUpdater]: [07:35:40][STATE] INITIALIZING DEVICE ---> INITIALIZED
[2123:GRPUpdater]: [07:35:40][STATE] INITIALIZED ---> BINDING
[2123:GRPUpdater]: [07:35:40][STATE] BINDING ---> BOUND
[2123:GRPUpdater]: [07:35:40][STATE] BOUND ---> CONNECTING
[2123:GRPUpdater]: [07:35:40][STATE] CONNECTING ---> DEVICE READY
[2123:GRPUpdater]: [07:35:40][STATE] DEVICE READY ---> INITIALIZING TASK
[2123:GRPUpdater]: [07:35:40][STATE] INITIALIZING TASK ---> READY
[2123:GRPUpdater]: [07:35:40][STATE] READY ---> RUNNING
[2123:GRPUpdater]: [07:35:40][INFO] DEVICE: Running...
[2120:internal-dpl-clock]: [INFO] MC-TRUTH 1
[2120:internal-dpl-clock]: [INFO] Spawing new device internal-dpl-clock in process with pid 2120
[2120:internal-dpl-clock]: [07:35:40][INFO] 
[2120:internal-dpl-clock]:       ______      _    _______  _________ 
[2120:internal-dpl-clock]:      / ____/___ _(_)_______   |/  /_  __ \    version 1.4.29
[2120:internal-dpl-clock]:     / /_  / __ `/ / ___/__  /|_/ /_  / / /    build RELWITHDEBINFO
[2120:internal-dpl-clock]:    / __/ / /_/ / / /    _  /  / / / /_/ /     https://github.com/FairRootGroup/FairMQ
[2120:internal-dpl-clock]:   /_/    \__,_/_/_/     /_/  /_/  \___\_\     LGPL-3.0  © 2012-2020 GSI
[2120:internal-dpl-clock]: 
[2120:internal-dpl-clock]: [07:35:40][STATE] Starting FairMQ state machine --> IDLE
[2120:internal-dpl-clock]: 2021-05-20 07:35:40	Monitoring	[0;49mStdOut backend initialized[0m
[2120:internal-dpl-clock]: [07:35:40][STATE] IDLE ---> INITIALIZING DEVICE
[2120:internal-dpl-clock]: 2021-05-20 07:35:40	Monitoring	[0;49mBuffering enabled (100)[0m
[2120:internal-dpl-clock]: [07:35:40][STATE] INITIALIZING DEVICE ---> INITIALIZED
[2120:internal-dpl-clock]: [07:35:40][STATE] INITIALIZED ---> BINDING
[2120:internal-dpl-clock]: [07:35:40][STATE] BINDING ---> BOUND
[2120:internal-dpl-clock]: [07:35:40][STATE] BOUND ---> CONNECTING
[2120:internal-dpl-clock]: [07:35:40][STATE] CONNECTING ---> DEVICE READY
[2120:internal-dpl-clock]: [07:35:40][STATE] DEVICE READY ---> INITIALIZING TASK
[2120:internal-dpl-clock]: [07:35:40][STATE] INITIALIZING TASK ---> READY
[2120:internal-dpl-clock]: [07:35:40][STATE] READY ---> RUNNING
[2120:internal-dpl-clock]: [07:35:40][INFO] DEVICE: Running...
[2121:SimReader]: [INFO] MC-TRUTH 1
[2121:SimReader]: [INFO] Spawing new device SimReader in process with pid 2121
[2121:SimReader]: [07:35:40][INFO] 
[2121:SimReader]:       ______      _    _______  _________ 
[2121:SimReader]:      / ____/___ _(_)_______   |/  /_  __ \    version 1.4.29
[2121:SimReader]:     / /_  / __ `/ / ___/__  /|_/ /_  / / /    build RELWITHDEBINFO
[2121:SimReader]:    / __/ / /_/ / / /    _  /  / / / /_/ /     https://github.com/FairRootGroup/FairMQ
[2121:SimReader]:   /_/    \__,_/_/_/     /_/  /_/  \___\_\     LGPL-3.0  © 2012-2020 GSI
[2121:SimReader]: 
[2121:SimReader]: [07:35:40][STATE] Starting FairMQ state machine --> IDLE
[2121:SimReader]: 2021-05-20 07:35:40	Monitoring	[0;49mStdOut backend initialized[0m
[2121:SimReader]: [07:35:40][STATE] IDLE ---> INITIALIZING DEVICE
[2121:SimReader]: 2021-05-20 07:35:40	Monitoring	[0;49mBuffering enabled (100)[0m
[2121:SimReader]: [07:35:40][INFO] adding o2sim
[2121:SimReader]: 
[2121:SimReader]: [07:35:40][INFO] INCONTEXTSTRING 
[2121:SimReader]: [07:35:40][INFO] Imposing hadronic interaction rate 50000Hz
[2121:SimReader]: [07:35:40][WARN] No bunch filling provided, impose default one
[2121:SimReader]: [07:35:40][INFO] Deducing mu=0.00771915 per BC from IR=50000 with 576 BCs
[2121:SimReader]: [07:35:40][INFO] InteractionSampler with 576 colliding BCs, mu(BC)= 0.00771915 -> total IR= 50000
[2121:SimReader]: [07:35:40][INFO] Current BCid:    0 Orbit:      1 |T in BC(ns): 0.000(0 coll left)
[2121:SimReader]: [07:35:40][INFO] setting up 1 chains
[2124:ITSDigitWriter]: [INFO] MC-TRUTH 1
[2124:ITSDigitWriter]: [INFO] Spawing new device ITSDigitWriter in process with pid 2124
[2124:ITSDigitWriter]: [07:35:40][INFO] 
[2124:ITSDigitWriter]:       ______      _    _______  _________ 
[2124:ITSDigitWriter]:      / ____/___ _(_)_______   |/  /_  __ \    version 1.4.29
[2124:ITSDigitWriter]:     / /_  / __ `/ / ___/__  /|_/ /_  / / /    build RELWITHDEBINFO
[2124:ITSDigitWriter]:    / __/ / /_/ / / /    _  /  / / / /_/ /     https://github.com/FairRootGroup/FairMQ
[2124:ITSDigitWriter]:   /_/    \__,_/_/_/     /_/  /_/  \___\_\     LGPL-3.0  © 2012-2020 GSI
[2124:ITSDigitWriter]: 
[2124:ITSDigitWriter]: [07:35:40][STATE] Starting FairMQ state machine --> IDLE
[2124:ITSDigitWriter]: 2021-05-20 07:35:40	Monitoring	[0;49mStdOut backend initialized[0m
[2124:ITSDigitWriter]: [07:35:40][STATE] IDLE ---> INITIALIZING DEVICE
[2124:ITSDigitWriter]: 2021-05-20 07:35:40	Monitoring	[0;49mBuffering enabled (100)[0m
[2124:ITSDigitWriter]: [07:35:40][INFO] 0: branch  ITSDigitMCTruth set up
[2124:ITSDigitWriter]: [07:35:40][INFO] 1: branch  ITSDigitMC2ROF set up
[2124:ITSDigitWriter]: [07:35:40][INFO] 2: branch  ITSDigit set up
[2124:ITSDigitWriter]: [07:35:40][INFO] 3: branch  ITSDigitROF set up
[2124:ITSDigitWriter]: [07:35:40][STATE] INITIALIZING DEVICE ---> INITIALIZED
[2124:ITSDigitWriter]: [07:35:40][STATE] INITIALIZED ---> BINDING
[2124:ITSDigitWriter]: [07:35:40][STATE] BINDING ---> BOUND
[2124:ITSDigitWriter]: [07:35:40][STATE] BOUND ---> CONNECTING
[2124:ITSDigitWriter]: [07:35:40][STATE] CONNECTING ---> DEVICE READY
[2124:ITSDigitWriter]: [07:35:40][STATE] DEVICE READY ---> INITIALIZING TASK
[2124:ITSDigitWriter]: [07:35:40][STATE] INITIALIZING TASK ---> READY
[2124:ITSDigitWriter]: [07:35:40][STATE] READY ---> RUNNING
[2124:ITSDigitWriter]: [07:35:40][INFO] DEVICE: Running...
[2122:ITSDigitizer]: Info in <TGeoManager::CloseGeometry>: Geometry loaded from file...
[2122:ITSDigitizer]: Info in <TGeoManager::SetTopVolume>: Top volume is cave. Master volume is cave
[2122:ITSDigitizer]: Info in <TGeoNavigator::BuildCache>: --- Maximum geometry depth set to 100
[2122:ITSDigitizer]: Info in <TGeoManager::CloseGeometry>: Voxelization retrieved from file
[2122:ITSDigitizer]: Info in <TGeoManager::CountLevels>: max level = 9, max placements = 126
[2122:ITSDigitizer]: Info in <TGeoManager::CloseGeometry>: 179840 nodes/ 399 volume UID's in FAIR geometry
[2122:ITSDigitizer]: Info in <TGeoManager::CloseGeometry>: ----------------modeler ready----------------
[2122:ITSDigitizer]: [07:35:41][INFO] Initializing field service
[2122:ITSDigitizer]: [07:35:41][INFO] MagneticField::Print: MagneticFieldMap:
[2122:ITSDigitizer]: [07:35:41][INFO] MagneticField::Print: Solenoid (-1*)5 kG, Dipole ON (-1) 
[2122:ITSDigitizer]: [07:35:41][INFO] MagneticField::Print: Machine B fields for p-p  beam (7000 GeV): QGrad: 22.0002 Dipole: 37.8781
[2122:ITSDigitizer]: [07:35:41][INFO] MagneticField::Print: Uses Sol30_Dip6_Hole  of /cvmfs/alice.cern.ch/el7-x86_64/Packages/O2/nightly-20210129-1/share/Common/maps/mfchebKGI_sym.root
[2122:ITSDigitizer]: Info in <TGeoGlobalMagField::SetField>: Global magnetic field set to <MagneticFieldMap>
[2122:ITSDigitizer]: Info in <TGeoGlobalMagField::Lock>: Global magnetic field <MagneticFieldMap> is now locked
[2122:ITSDigitizer]: [07:35:41][INFO] Set Alpide charge threshold to 150, single hit will be accounted from 15 electrons
[2122:ITSDigitizer]: [07:35:41][INFO] ITS simulated in CONTINUOUS RO mode
[2122:ITSDigitizer]: [07:35:41][INFO] Loading ITS L2G matrices from TGeo
[2121:SimReader]: [07:35:41][INFO] Automatic deduction of number of collisions ... will just take number of background entries 20
[2121:SimReader]: Summary of DigitizationContext --
[2121:SimReader]: Parts per collision 1
[2121:SimReader]: Collision parts taken from simulations specified by prefix:
[2121:SimReader]: Number of Collisions 20
[2121:SimReader]: Collision 0 TIME BCid: 1364 Orbit:      1 |T in BC(ns): -0.270 (0 , 0)
[2121:SimReader]: Collision 1 TIME BCid: 1394 Orbit:      1 |T in BC(ns): 0.482 (0 , 1)
[2121:SimReader]: Collision 2 TIME BCid:  640 Orbit:      2 |T in BC(ns): -0.069 (0 , 2)
[2121:SimReader]: Collision 3 TIME BCid: 1616 Orbit:      2 |T in BC(ns): 0.229 (0 , 3)
[2121:SimReader]: Collision 4 TIME BCid: 1760 Orbit:      2 |T in BC(ns): -0.097 (0 , 4)
[2121:SimReader]: Collision 5 TIME BCid: 2202 Orbit:      2 |T in BC(ns): -0.036 (0 , 5)
[2121:SimReader]: Collision 6 TIME BCid:  420 Orbit:      3 |T in BC(ns): -0.285 (0 , 6)
[2121:SimReader]: Collision 7 TIME BCid: 1364 Orbit:      3 |T in BC(ns): -0.207 (0 , 7)
[2121:SimReader]: Collision 8 TIME BCid: 1378 Orbit:      3 |T in BC(ns): 0.063 (0 , 8)
[2121:SimReader]: Collision 9 TIME BCid: 1422 Orbit:      3 |T in BC(ns): 0.321 (0 , 9)
[2121:SimReader]: Collision 10 TIME BCid: 1970 Orbit:      3 |T in BC(ns): 0.065 (0 , 10)
[2121:SimReader]: Collision 11 TIME BCid: 2138 Orbit:      3 |T in BC(ns): 0.327 (0 , 11)
[2121:SimReader]: Collision 12 TIME BCid:    4 Orbit:      4 |T in BC(ns): 0.604 (0 , 12)
[2121:SimReader]: Collision 13 TIME BCid:  840 Orbit:      4 |T in BC(ns): 0.143 (0 , 13)
[2121:SimReader]: Collision 14 TIME BCid: 1010 Orbit:      4 |T in BC(ns): 0.045 (0 , 14)
[2121:SimReader]: Collision 15 TIME BCid: 1018 Orbit:      4 |T in BC(ns): -0.363 (0 , 15)
[2121:SimReader]: Collision 16 TIME BCid:   44 Orbit:      5 |T in BC(ns): 0.168 (0 , 16)
[2121:SimReader]: Collision 17 TIME BCid:   64 Orbit:      5 |T in BC(ns): -0.268 (0 , 17)
[2121:SimReader]: Collision 18 TIME BCid:  230 Orbit:      5 |T in BC(ns): 0.012 (0 , 18)
[2121:SimReader]: Collision 19 TIME BCid:  414 Orbit:      5 |T in BC(ns): -0.136 (0 , 19)
[2121:SimReader]: [07:35:41][INFO] Initializing Spec ... have 20 times 
[2121:SimReader]: [07:35:41][INFO] Serializing Context for later reuse
[2121:SimReader]: [07:35:41][STATE] INITIALIZING DEVICE ---> INITIALIZED
[2121:SimReader]: [07:35:41][STATE] INITIALIZED ---> BINDING
[2121:SimReader]: [07:35:41][STATE] BINDING ---> BOUND
[2121:SimReader]: [07:35:41][STATE] BOUND ---> CONNECTING
[2121:SimReader]: [07:35:41][STATE] CONNECTING ---> DEVICE READY
[2121:SimReader]: [07:35:41][STATE] DEVICE READY ---> INITIALIZING TASK
[2121:SimReader]: [07:35:41][STATE] INITIALIZING TASK ---> READY
[2121:SimReader]: [07:35:41][STATE] READY ---> RUNNING
[2121:SimReader]: [07:35:41][INFO] DEVICE: Running...
[2121:SimReader]: [07:35:42][INFO] SENDING SOMETHING TO OTHERS
[2122:ITSDigitizer]: Alpide response object of 40500 matrices to map chagre in xyz to 5x5 pixels
[2122:ITSDigitizer]: X(col) range: +0.000000e+00 : +1.462000e-03 | step: 5.000000e-05 | Nbins: 30
[2122:ITSDigitizer]: Y(row) range: +0.000000e+00 : +1.344000e-03 | step: 5.000000e-05 | Nbins: 27
[2122:ITSDigitizer]: Z(dpt) range: -2.000000e-03 : +2.500000e-03 | step: 8.999999e-05 | Nbins: 50
[2122:ITSDigitizer]: Alpide digitization params:
[2122:ITSDigitizer]: Continuous readout             : ON
[2122:ITSDigitizer]: Readout Frame Length(ns)       : 9880.510742
[2122:ITSDigitizer]: Strobe delay (ns)              : 99.803139
[2122:ITSDigitizer]: Strobe length (ns)             : 9780.708008
[2122:ITSDigitizer]: Threshold (N electrons)        : 150
[2122:ITSDigitizer]: Min N electrons to accoint     : 15
[2122:ITSDigitizer]: Number of charge sharing steps : 7
[2122:ITSDigitizer]: ELoss to N electrons factor    : 2.777778e+08
[2122:ITSDigitizer]: Noise level per pixel          : 1.000000e-07
[2122:ITSDigitizer]: Charge time-response:
[2122:ITSDigitizer]: o2::itsmft::AlpideSignalTrapezoid | Duration: 7500.0 MaxRiseTime: 1100.0 (RiseTime=0 at q=450.0) (ns)
[2122:ITSDigitizer]: [07:35:42][STATE] INITIALIZING DEVICE ---> INITIALIZED
[2122:ITSDigitizer]: [07:35:42][STATE] INITIALIZED ---> BINDING
[2122:ITSDigitizer]: [07:35:42][STATE] BINDING ---> BOUND
[2122:ITSDigitizer]: [07:35:42][STATE] BOUND ---> CONNECTING
[2122:ITSDigitizer]: [07:35:42][STATE] CONNECTING ---> DEVICE READY
[2122:ITSDigitizer]: [07:35:42][STATE] DEVICE READY ---> INITIALIZING TASK
[2122:ITSDigitizer]: [07:35:42][STATE] INITIALIZING TASK ---> READY
[2122:ITSDigitizer]: [07:35:42][STATE] READY ---> RUNNING
[2122:ITSDigitizer]: [07:35:42][INFO] DEVICE: Running...
[2122:ITSDigitizer]: [07:35:42][INFO] GOT 20 COLLISSION TIMES
[2122:ITSDigitizer]: [07:35:42][INFO] SIMCHAINS 1
[2122:ITSDigitizer]: [07:35:42][INFO]  CALLING ITS DIGITIZATION 
[2122:ITSDigitizer]: [07:35:43][INFO] Digitizing ITS hits of entry 0 from source 0 at time BCid: 1364 Orbit:      1 |T in BC(ns): -0.270 ROFrame= 12) cont.mode: 1 Min/Max ROFrames 0/11
[2122:ITSDigitizer]: [07:35:43][INFO] Filling ITS digits output for RO frames 0:11
[2122:ITSDigitizer]: ROF: 0 | 1283 entries starting from 0
[2122:ITSDigitizer]: BCid:    0 Orbit:      0
[2122:ITSDigitizer]: ROF: 1 | 1267 entries starting from 1283
[2122:ITSDigitizer]: BCid:  396 Orbit:      0
[2122:ITSDigitizer]: ROF: 2 | 1323 entries starting from 2550
[2122:ITSDigitizer]: BCid:  792 Orbit:      0
[2122:ITSDigitizer]: ROF: 3 | 1229 entries starting from 3873
[2122:ITSDigitizer]: BCid: 1188 Orbit:      0
[2122:ITSDigitizer]: ROF: 4 | 1245 entries starting from 5102
[2122:ITSDigitizer]: BCid: 1584 Orbit:      0
[2122:ITSDigitizer]: ROF: 5 | 1248 entries starting from 6347
[2122:ITSDigitizer]: BCid: 1980 Orbit:      0
[2122:ITSDigitizer]: ROF: 6 | 1259 entries starting from 7595
[2122:ITSDigitizer]: BCid: 2376 Orbit:      0
[2122:ITSDigitizer]: ROF: 7 | 1258 entries starting from 8854
[2122:ITSDigitizer]: BCid: 2772 Orbit:      0
[2122:ITSDigitizer]: ROF: 8 | 1247 entries starting from 10112
[2122:ITSDigitizer]: BCid: 3168 Orbit:      0
[2122:ITSDigitizer]: ROF: 9 | 1249 entries starting from 11359
[2122:ITSDigitizer]: BCid:    0 Orbit:      1
[2122:ITSDigitizer]: ROF: 10 | 1258 entries starting from 12608
[2122:ITSDigitizer]: BCid:  396 Orbit:      1
[2122:ITSDigitizer]: ROF: 11 | 1259 entries starting from 13866
[2122:ITSDigitizer]: BCid:  792 Orbit:      1
[2122:ITSDigitizer]: [07:35:43][INFO] Added 15125 digits 
[2122:ITSDigitizer]: [07:35:43][INFO] Digitizing ITS hits of entry 1 from source 0 at time BCid: 1394 Orbit:      1 |T in BC(ns): 0.482 ROFrame= 12) cont.mode: 1 Min/Max ROFrames 12/14
[2122:ITSDigitizer]: [07:35:43][INFO] Digitizing ITS hits of entry 2 from source 0 at time BCid:  640 Orbit:      2 |T in BC(ns): -0.069 ROFrame= 19) cont.mode: 1 Min/Max ROFrames 12/18
[2122:ITSDigitizer]: [07:35:43][INFO] Filling ITS digits output for RO frames 12:18
[2122:ITSDigitizer]: ROF: 12 | 190611 entries starting from 15125
[2122:ITSDigitizer]: BCid: 1188 Orbit:      1
[2122:ITSDigitizer]: MCEventID: 0 ROFs: 12-14 Entry in ROFRecords: 12
[2122:ITSDigitizer]: MCEventID: 1 ROFs: 12-14 Entry in ROFRecords: 12
[2122:ITSDigitizer]: ROF: 13 | 190642 entries starting from 205736
[2122:ITSDigitizer]: BCid: 1584 Orbit:      1
[2122:ITSDigitizer]: ROF: 14 | 1308 entries starting from 396378
[2122:ITSDigitizer]: BCid: 1980 Orbit:      1
[2122:ITSDigitizer]: ROF: 15 | 1330 entries starting from 397686
[2122:ITSDigitizer]: BCid: 2376 Orbit:      1
[2122:ITSDigitizer]: ROF: 16 | 1231 entries starting from 399016
[2122:ITSDigitizer]: BCid: 2772 Orbit:      1
[2122:ITSDigitizer]: ROF: 17 | 1282 entries starting from 400247
[2122:ITSDigitizer]: BCid: 3168 Orbit:      1
[2122:ITSDigitizer]: ROF: 18 | 1229 entries starting from 401529
[2122:ITSDigitizer]: BCid:    0 Orbit:      2
[2122:ITSDigitizer]: [07:35:43][INFO] Added 387633 digits 
[2122:ITSDigitizer]: [07:35:43][INFO] Digitizing ITS hits of entry 3 from source 0 at time BCid: 1616 Orbit:      2 |T in BC(ns): 0.229 ROFrame= 22) cont.mode: 1 Min/Max ROFrames 19/21
[2122:ITSDigitizer]: [07:35:43][INFO] Filling ITS digits output for RO frames 19:21
[2122:ITSDigitizer]: ROF: 19 | 59051 entries starting from 402758
[2122:ITSDigitizer]: BCid:  396 Orbit:      2
[2122:ITSDigitizer]: MCEventID: 2 ROFs: 19-20 Entry in ROFRecords: 19
[2122:ITSDigitizer]: ROF: 20 | 59116 entries starting from 461809
[2122:ITSDigitizer]: BCid:  792 Orbit:      2
[2122:ITSDigitizer]: ROF: 21 | 1233 entries starting from 520925
[2122:ITSDigitizer]: BCid: 1188 Orbit:      2
[2122:ITSDigitizer]: [07:35:44][INFO] Added 119400 digits 
[2122:ITSDigitizer]: [07:35:44][INFO] Digitizing ITS hits of entry 4 from source 0 at time BCid: 1760 Orbit:      2 |T in BC(ns): -0.097 ROFrame= 22) cont.mode: 1 Min/Max ROFrames 22/23
[2122:ITSDigitizer]: [07:35:44][INFO] Digitizing ITS hits of entry 5 from source 0 at time BCid: 2202 Orbit:      2 |T in BC(ns): -0.036 ROFrame= 23) cont.mode: 1 Min/Max ROFrames 22/23
[2122:ITSDigitizer]: [07:35:44][INFO] Filling ITS digits output for RO frames 22:22
[2122:ITSDigitizer]: ROF: 22 | 379181 entries starting from 522158
[2122:ITSDigitizer]: BCid: 1584 Orbit:      2
[2122:ITSDigitizer]: MCEventID: 3 ROFs: 22-23 Entry in ROFRecords: 22
[2122:ITSDigitizer]: MCEventID: 4 ROFs: 22-23 Entry in ROFRecords: 22
[2122:ITSDigitizer]: [07:35:44][INFO] Added 379181 digits 
[2122:ITSDigitizer]: [07:35:44][INFO] Digitizing ITS hits of entry 6 from source 0 at time BCid:  420 Orbit:      3 |T in BC(ns): -0.285 ROFrame= 28) cont.mode: 1 Min/Max ROFrames 23/27
[2122:ITSDigitizer]: [07:35:44][INFO] Filling ITS digits output for RO frames 23:27
[2122:ITSDigitizer]: ROF: 23 | 238153 entries starting from 901339
[2122:ITSDigitizer]: BCid: 1980 Orbit:      2
[2122:ITSDigitizer]: MCEventID: 5 ROFs: 23-25 Entry in ROFRecords: 23
[2122:ITSDigitizer]: ROF: 24 | 75348 entries starting from 1139492
[2122:ITSDigitizer]: BCid: 2376 Orbit:      2
[2122:ITSDigitizer]: ROF: 25 | 1312 entries starting from 1214840
[2122:ITSDigitizer]: BCid: 2772 Orbit:      2
[2122:ITSDigitizer]: ROF: 26 | 1310 entries starting from 1216152
[2122:ITSDigitizer]: BCid: 3168 Orbit:      2
[2122:ITSDigitizer]: ROF: 27 | 1267 entries starting from 1217462
[2122:ITSDigitizer]: BCid:    0 Orbit:      3
[2122:ITSDigitizer]: [07:35:45][INFO] Added 317390 digits 
[2122:ITSDigitizer]: [07:35:45][INFO] Digitizing ITS hits of entry 7 from source 0 at time BCid: 1364 Orbit:      3 |T in BC(ns): -0.207 ROFrame= 30) cont.mode: 1 Min/Max ROFrames 28/29
[2122:ITSDigitizer]: [07:35:45][INFO] Filling ITS digits output for RO frames 28:29
[2122:ITSDigitizer]: ROF: 28 | 16640 entries starting from 1218729
[2122:ITSDigitizer]: BCid:  396 Orbit:      3
[2122:ITSDigitizer]: MCEventID: 6 ROFs: 28-29 Entry in ROFRecords: 28
[2122:ITSDigitizer]: ROF: 29 | 1327 entries starting from 1235369
[2122:ITSDigitizer]: BCid:  792 Orbit:      3
[2122:ITSDigitizer]: [07:35:45][INFO] Added 17967 digits 
[2122:ITSDigitizer]: [07:35:45][INFO] Digitizing ITS hits of entry 8 from source 0 at time BCid: 1378 Orbit:      3 |T in BC(ns): 0.063 ROFrame= 30) cont.mode: 1 Min/Max ROFrames 30/31
[2122:ITSDigitizer]: [07:35:45][INFO] Digitizing ITS hits of entry 9 from source 0 at time BCid: 1422 Orbit:      3 |T in BC(ns): 0.321 ROFrame= 30) cont.mode: 1 Min/Max ROFrames 30/32
[2122:ITSDigitizer]: [07:35:45][INFO] Digitizing ITS hits of entry 10 from source 0 at time BCid: 1970 Orbit:      3 |T in BC(ns): 0.065 ROFrame= 31) cont.mode: 1 Min/Max ROFrames 30/32
[2122:ITSDigitizer]: [07:35:45][INFO] Filling ITS digits output for RO frames 30:30
[2122:ITSDigitizer]: ROF: 30 | 157514 entries starting from 1236696
[2122:ITSDigitizer]: BCid: 1188 Orbit:      3
[2122:ITSDigitizer]: MCEventID: 7 ROFs: 30-31 Entry in ROFRecords: 30
[2122:ITSDigitizer]: MCEventID: 8 ROFs: 30-32 Entry in ROFRecords: 30
[2122:ITSDigitizer]: MCEventID: 9 ROFs: 30-31 Entry in ROFRecords: 30
[2122:ITSDigitizer]: [07:35:45][INFO] Added 157514 digits 
[2122:ITSDigitizer]: [07:35:45][INFO] Digitizing ITS hits of entry 11 from source 0 at time BCid: 2138 Orbit:      3 |T in BC(ns): 0.327 ROFrame= 32) cont.mode: 1 Min/Max ROFrames 31/33
[2122:ITSDigitizer]: [07:35:45][INFO] Filling ITS digits output for RO frames 31:31
[2122:ITSDigitizer]: ROF: 31 | 272727 entries starting from 1394210
[2122:ITSDigitizer]: BCid: 1584 Orbit:      3
[2122:ITSDigitizer]: MCEventID: 10 ROFs: 31-33 Entry in ROFRecords: 31
[2122:ITSDigitizer]: [07:35:45][INFO] Added 272727 digits 
[2122:ITSDigitizer]: [07:35:45][INFO] Digitizing ITS hits of entry 12 from source 0 at time BCid:    4 Orbit:      4 |T in BC(ns): 0.604 ROFrame= 36) cont.mode: 1 Min/Max ROFrames 32/35
[2122:ITSDigitizer]: [07:35:45][INFO] Filling ITS digits output for RO frames 32:35
[2122:ITSDigitizer]: ROF: 32 | 152925 entries starting from 1666937
[2122:ITSDigitizer]: BCid: 1980 Orbit:      3
[2122:ITSDigitizer]: MCEventID: 11 ROFs: 32-33 Entry in ROFRecords: 32
[2122:ITSDigitizer]: ROF: 33 | 8470 entries starting from 1819862
[2122:ITSDigitizer]: BCid: 2376 Orbit:      3
[2122:ITSDigitizer]: ROF: 34 | 1285 entries starting from 1828332
[2122:ITSDigitizer]: BCid: 2772 Orbit:      3
[2122:ITSDigitizer]: ROF: 35 | 1237 entries starting from 1829617
[2122:ITSDigitizer]: BCid: 3168 Orbit:      3
[2122:ITSDigitizer]: [07:35:46][INFO] Added 163917 digits 
[2122:ITSDigitizer]: [07:35:46][INFO] Digitizing ITS hits of entry 13 from source 0 at time BCid:  840 Orbit:      4 |T in BC(ns): 0.143 ROFrame= 38) cont.mode: 1 Min/Max ROFrames 36/37
[2122:ITSDigitizer]: [07:35:46][INFO] Filling ITS digits output for RO frames 36:37
[2122:ITSDigitizer]: ROF: 36 | 2748 entries starting from 1830854
[2122:ITSDigitizer]: BCid:    0 Orbit:      4
[2122:ITSDigitizer]: MCEventID: 12 ROFs: 36-36 Entry in ROFRecords: 36
[2122:ITSDigitizer]: ROF: 37 | 1289 entries starting from 1833602
[2122:ITSDigitizer]: BCid:  396 Orbit:      4
[2122:ITSDigitizer]: [07:35:46][INFO] Added 4037 digits 
[2122:ITSDigitizer]: [07:35:46][INFO] Digitizing ITS hits of entry 14 from source 0 at time BCid: 1010 Orbit:      4 |T in BC(ns): 0.045 ROFrame= 38) cont.mode: 1 Min/Max ROFrames 38/39
[2122:ITSDigitizer]: [07:35:46][INFO] Digitizing ITS hits of entry 15 from source 0 at time BCid: 1018 Orbit:      4 |T in BC(ns): -0.363 ROFrame= 38) cont.mode: 1 Min/Max ROFrames 38/40
[2122:ITSDigitizer]: [07:35:46][INFO] Digitizing ITS hits of entry 16 from source 0 at time BCid:   44 Orbit:      5 |T in BC(ns): 0.168 ROFrame= 45) cont.mode: 1 Min/Max ROFrames 38/44
[2122:ITSDigitizer]: [07:35:46][INFO] Filling ITS digits output for RO frames 38:44
[2122:ITSDigitizer]: ROF: 38 | 118972 entries starting from 1834891
[2122:ITSDigitizer]: BCid:  792 Orbit:      4
[2122:ITSDigitizer]: MCEventID: 13 ROFs: 38-39 Entry in ROFRecords: 38
[2122:ITSDigitizer]: MCEventID: 14 ROFs: 38-40 Entry in ROFRecords: 38
[2122:ITSDigitizer]: MCEventID: 15 ROFs: 38-39 Entry in ROFRecords: 38
[2122:ITSDigitizer]: ROF: 39 | 56401 entries starting from 1953863
[2122:ITSDigitizer]: BCid: 1188 Orbit:      4
[2122:ITSDigitizer]: ROF: 40 | 1302 entries starting from 2010264
[2122:ITSDigitizer]: BCid: 1584 Orbit:      4
[2122:ITSDigitizer]: ROF: 41 | 1215 entries starting from 2011566
[2122:ITSDigitizer]: BCid: 1980 Orbit:      4
[2122:ITSDigitizer]: ROF: 42 | 1283 entries starting from 2012781
[2122:ITSDigitizer]: BCid: 2376 Orbit:      4
[2122:ITSDigitizer]: ROF: 43 | 1261 entries starting from 2014064
[2122:ITSDigitizer]: BCid: 2772 Orbit:      4
[2122:ITSDigitizer]: ROF: 44 | 1271 entries starting from 2015325
[2122:ITSDigitizer]: BCid: 3168 Orbit:      4
[2122:ITSDigitizer]: [07:35:46][INFO] Added 181705 digits 
[2122:ITSDigitizer]: [07:35:46][INFO] Digitizing ITS hits of entry 17 from source 0 at time BCid:   64 Orbit:      5 |T in BC(ns): -0.268 ROFrame= 45) cont.mode: 1 Min/Max ROFrames 45/46
[2122:ITSDigitizer]: [07:35:46][INFO] Digitizing ITS hits of entry 18 from source 0 at time BCid:  230 Orbit:      5 |T in BC(ns): 0.012 ROFrame= 45) cont.mode: 1 Min/Max ROFrames 45/46
[2122:ITSDigitizer]: [07:35:46][INFO] Digitizing ITS hits of entry 19 from source 0 at time BCid:  414 Orbit:      5 |T in BC(ns): -0.136 ROFrame= 46) cont.mode: 1 Min/Max ROFrames 45/46
[2122:ITSDigitizer]: [07:35:46][INFO] Filling ITS digits output for RO frames 45:45
[2122:ITSDigitizer]: ROF: 45 | 179055 entries starting from 2016596
[2122:ITSDigitizer]: BCid:    0 Orbit:      5
[2122:ITSDigitizer]: MCEventID: 16 ROFs: 45-46 Entry in ROFRecords: 45
[2122:ITSDigitizer]: MCEventID: 17 ROFs: 45-46 Entry in ROFRecords: 45
[2122:ITSDigitizer]: MCEventID: 18 ROFs: 45-46 Entry in ROFRecords: 45
[2122:ITSDigitizer]: [07:35:46][INFO] Added 179055 digits 
[2122:ITSDigitizer]: [07:35:46][INFO] Filling ITS digits output for RO frames 46:46
[2122:ITSDigitizer]: ROF: 46 | 6854 entries starting from 2195651
[2122:ITSDigitizer]: BCid:  396 Orbit:      5
[2122:ITSDigitizer]: MCEventID: 19 ROFs: 46-46 Entry in ROFRecords: 46
[2122:ITSDigitizer]: [07:35:46][INFO] Added 6854 digits 
[2122:ITSDigitizer]: [07:35:46][INFO] ITS: Sending ROMode= 3 to GRPUpdater
[2122:ITSDigitizer]: [07:35:46][INFO] Digitization took 3.89s
[2124:ITSDigitWriter]: [07:35:46][INFO] WRITING 2214411 LABELS 
[2123:GRPUpdater]: [07:35:46][INFO] Updated GRP in o2sim_grp.root for detectors RO mode
[2123:GRPUpdater]: Run: 1621488734
[2123:GRPUpdater]: Fill:      0
[2123:GRPUpdater]: Period: 
[2123:GRPUpdater]: LHC State: 
[2123:GRPUpdater]: Start: Thu May 20 07:32:16 2021
[2123:GRPUpdater]: End  : Thu May 20 07:32:17 2021
[2123:GRPUpdater]: Beam0: Z:A =   0:  0, Energy = 0.000
[2123:GRPUpdater]: Beam1: Z:A =   0:  0, Energy = 0.000
[2123:GRPUpdater]: sqrt[s]    = 0.000
[2123:GRPUpdater]: crossing angle (radian) = 0.000000e+00
[2123:GRPUpdater]: magnet currents (A) L3 = -30000.000, Dipole = -6000
[2123:GRPUpdater]: Detectors: Cont.RO Triggers
[2123:GRPUpdater]:       ITS:    +       -    
[2124:ITSDigitWriter]: [07:35:47][INFO] RECEIVED DIGITS SIZE 2202505
[INFO] Quitting
[INFO] QUIT_REQUESTED
[2124:ITSDigitWriter]: [07:35:47][INFO] Received device shutdown request (signal 15).
[2124:ITSDigitWriter]: [07:35:47][INFO] Waiting for graceful device shutdown. Hit Ctrl-C again to abort immediately.
[2120:internal-dpl-clock]: [07:35:47][INFO] Received device shutdown request (signal 15).
[2120:internal-dpl-clock]: [07:35:47][INFO] Waiting for graceful device shutdown. Hit Ctrl-C again to abort immediately.
[2121:SimReader]: [07:35:47][INFO] Received device shutdown request (signal 15).
[2121:SimReader]: [07:35:47][INFO] Waiting for graceful device shutdown. Hit Ctrl-C again to abort immediately.
[2122:ITSDigitizer]: [07:35:47][INFO] Received device shutdown request (signal 15).
[2122:ITSDigitizer]: [07:35:47][INFO] Waiting for graceful device shutdown. Hit Ctrl-C again to abort immediately.
[2121:SimReader]: [07:35:47][STATE] RUNNING ---> READY
[2121:SimReader]: [07:35:47][STATE] READY ---> RESETTING TASK
[2121:SimReader]: [07:35:47][STATE] RESETTING TASK ---> DEVICE READY
[2121:SimReader]: [07:35:47][STATE] DEVICE READY ---> RESETTING DEVICE
[2121:SimReader]: [07:35:47][STATE] RESETTING DEVICE ---> IDLE
[2121:SimReader]: [07:35:47][STATE] IDLE ---> EXITING
[2121:SimReader]: [07:35:47][STATE] Exiting FairMQ state machine
[2123:GRPUpdater]: [07:35:47][INFO] Received device shutdown request (signal 15).
[2123:GRPUpdater]: [07:35:47][INFO] Waiting for graceful device shutdown. Hit Ctrl-C again to abort immediately.
[2122:ITSDigitizer]: [07:35:48][STATE] RUNNING ---> READY
[2123:GRPUpdater]: [07:35:48][STATE] RUNNING ---> READY
[2120:internal-dpl-clock]: [07:35:48][STATE] RUNNING ---> READY
[2120:internal-dpl-clock]: [07:35:48][STATE] READY ---> RESETTING TASK
[2122:ITSDigitizer]: [07:35:48][STATE] READY ---> RESETTING TASK
[2120:internal-dpl-clock]: [07:35:48][STATE] RESETTING TASK ---> DEVICE READY
[2123:GRPUpdater]: [07:35:48][STATE] READY ---> RESETTING TASK
[2120:internal-dpl-clock]: [07:35:48][STATE] DEVICE READY ---> RESETTING DEVICE
[2122:ITSDigitizer]: [07:35:48][STATE] RESETTING TASK ---> DEVICE READY
[2123:GRPUpdater]: [07:35:48][STATE] RESETTING TASK ---> DEVICE READY
[2122:ITSDigitizer]: [07:35:48][STATE] DEVICE READY ---> RESETTING DEVICE
[2123:GRPUpdater]: [07:35:48][STATE] DEVICE READY ---> RESETTING DEVICE
[2123:GRPUpdater]: [07:35:48][STATE] RESETTING DEVICE ---> IDLE
[2120:internal-dpl-clock]: [07:35:48][STATE] RESETTING DEVICE ---> IDLE
[2123:GRPUpdater]: [07:35:48][STATE] IDLE ---> EXITING
[2120:internal-dpl-clock]: [07:35:48][STATE] IDLE ---> EXITING
[2123:GRPUpdater]: [07:35:48][STATE] Exiting FairMQ state machine
[2120:internal-dpl-clock]: [07:35:48][STATE] Exiting FairMQ state machine
[2122:ITSDigitizer]: [07:35:48][STATE] RESETTING DEVICE ---> IDLE
[2122:ITSDigitizer]: [07:35:48][STATE] IDLE ---> EXITING
[2122:ITSDigitizer]: [07:35:48][STATE] Exiting FairMQ state machine
[2124:ITSDigitWriter]: [07:35:49][STATE] RUNNING ---> READY
[2124:ITSDigitWriter]: [07:35:49][STATE] READY ---> RESETTING TASK
[2124:ITSDigitWriter]: [07:35:49][STATE] RESETTING TASK ---> DEVICE READY
[2124:ITSDigitWriter]: [07:35:49][STATE] DEVICE READY ---> RESETTING DEVICE
[2124:ITSDigitWriter]: Cleaning up for shared memory id '9a79b5e0'...
[2124:ITSDigitWriter]: No region counter found. No regions to cleanup.
[2124:ITSDigitWriter]: Successfully removed 'fmq_9a79b5e0_m_0'.
[2124:ITSDigitWriter]: Successfully removed 'fmq_9a79b5e0_mng'.
[2124:ITSDigitWriter]: Successfully removed 'fmq_9a79b5e0_mtx'.
[2124:ITSDigitWriter]: Successfully removed 'fmq_9a79b5e0_cv'.
[2124:ITSDigitWriter]: [07:35:49][STATE] RESETTING DEVICE ---> IDLE
[2124:ITSDigitWriter]: [07:35:49][STATE] IDLE ---> EXITING
[2124:ITSDigitWriter]: [07:35:49][STATE] Exiting FairMQ state machine
[INFO] Dumping used configuration in dpl-config.json

==============================================================================================
3. Tracking
[INFO] Initialising O2 Data Processing Layer
[INFO] O2 Data Processing Layer initialised. We brake for nobody.
[INFO] Optimised build. O2DEBUG / LOG(DEBUG) / LOGF(DEBUG) / assert statement will not be shown.
[INFO] Redeployment of configuration asked.
[INFO] Starting internal-dpl-clock on pid 3203
[INFO] Starting its-digit-reader on pid 3204
[INFO] Starting its-clusterer on pid 3205
[INFO] Starting its-cluster-writer on pid 3206
[INFO] Starting its-tracker on pid 3207
[INFO] Starting its-track-writer on pid 3208
[INFO] Redeployment of configuration done.
[3203:internal-dpl-clock]: [INFO] Spawing new device internal-dpl-clock in process with pid 3203
[3203:internal-dpl-clock]: [07:37:37][INFO] 
[3203:internal-dpl-clock]:       ______      _    _______  _________ 
[3203:internal-dpl-clock]:      / ____/___ _(_)_______   |/  /_  __ \    version 1.4.29
[3203:internal-dpl-clock]:     / /_  / __ `/ / ___/__  /|_/ /_  / / /    build RELWITHDEBINFO
[3203:internal-dpl-clock]:    / __/ / /_/ / / /    _  /  / / / /_/ /     https://github.com/FairRootGroup/FairMQ
[3203:internal-dpl-clock]:   /_/    \__,_/_/_/     /_/  /_/  \___\_\     LGPL-3.0  © 2012-2020 GSI
[3203:internal-dpl-clock]: 
[3203:internal-dpl-clock]: [07:37:37][STATE] Starting FairMQ state machine --> IDLE
[3203:internal-dpl-clock]: 2021-05-20 07:37:37	Monitoring	[0;49mStdOut backend initialized[0m
[3203:internal-dpl-clock]: [07:37:37][STATE] IDLE ---> INITIALIZING DEVICE
[3203:internal-dpl-clock]: 2021-05-20 07:37:37	Monitoring	[0;49mBuffering enabled (100)[0m
[3203:internal-dpl-clock]: [07:37:37][STATE] INITIALIZING DEVICE ---> INITIALIZED
[3203:internal-dpl-clock]: [07:37:37][STATE] INITIALIZED ---> BINDING
[3203:internal-dpl-clock]: [07:37:37][STATE] BINDING ---> BOUND
[3203:internal-dpl-clock]: [07:37:37][STATE] BOUND ---> CONNECTING
[3203:internal-dpl-clock]: [07:37:37][STATE] CONNECTING ---> DEVICE READY
[3203:internal-dpl-clock]: [07:37:37][STATE] DEVICE READY ---> INITIALIZING TASK
[3203:internal-dpl-clock]: [07:37:37][STATE] INITIALIZING TASK ---> READY
[3203:internal-dpl-clock]: [07:37:37][STATE] READY ---> RUNNING
[3203:internal-dpl-clock]: [07:37:37][INFO] DEVICE: Running...
[3207:its-tracker]: [INFO] Spawing new device its-tracker in process with pid 3207
[3207:its-tracker]: [07:37:37][INFO] 
[3207:its-tracker]:       ______      _    _______  _________ 
[3207:its-tracker]:      / ____/___ _(_)_______   |/  /_  __ \    version 1.4.29
[3207:its-tracker]:     / /_  / __ `/ / ___/__  /|_/ /_  / / /    build RELWITHDEBINFO
[3207:its-tracker]:    / __/ / /_/ / / /    _  /  / / / /_/ /     https://github.com/FairRootGroup/FairMQ
[3207:its-tracker]:   /_/    \__,_/_/_/     /_/  /_/  \___\_\     LGPL-3.0  © 2012-2020 GSI
[3207:its-tracker]: 
[3207:its-tracker]: [07:37:37][STATE] Starting FairMQ state machine --> IDLE
[3207:its-tracker]: 2021-05-20 07:37:37	Monitoring	[0;49mStdOut backend initialized[0m
[3207:its-tracker]: [07:37:37][STATE] IDLE ---> INITIALIZING DEVICE
[3207:its-tracker]: 2021-05-20 07:37:37	Monitoring	[0;49mBuffering enabled (100)[0m
[3207:its-tracker]: [07:37:37][INFO] Created GPUReconstruction instance for device type CPU (1) 
[3205:its-clusterer]: [INFO] Spawing new device its-clusterer in process with pid 3205
[3205:its-clusterer]: [07:37:37][INFO] 
[3205:its-clusterer]:       ______      _    _______  _________ 
[3205:its-clusterer]:      / ____/___ _(_)_______   |/  /_  __ \    version 1.4.29
[3205:its-clusterer]:     / /_  / __ `/ / ___/__  /|_/ /_  / / /    build RELWITHDEBINFO
[3205:its-clusterer]:    / __/ / /_/ / / /    _  /  / / / /_/ /     https://github.com/FairRootGroup/FairMQ
[3205:its-clusterer]:   /_/    \__,_/_/_/     /_/  /_/  \___\_\     LGPL-3.0  © 2012-2020 GSI
[3205:its-clusterer]: 
[3205:its-clusterer]: [07:37:37][STATE] Starting FairMQ state machine --> IDLE
[3205:its-clusterer]: 2021-05-20 07:37:37	Monitoring	[0;49mStdOut backend initialized[0m
[3205:its-clusterer]: [07:37:37][STATE] IDLE ---> INITIALIZING DEVICE
[3204:its-digit-reader]: [INFO] Spawing new device its-digit-reader in process with pid 3204
[3204:its-digit-reader]: [07:37:37][INFO] 
[3204:its-digit-reader]:       ______      _    _______  _________ 
[3204:its-digit-reader]:      / ____/___ _(_)_______   |/  /_  __ \    version 1.4.29
[3204:its-digit-reader]:     / /_  / __ `/ / ___/__  /|_/ /_  / / /    build RELWITHDEBINFO
[3204:its-digit-reader]:    / __/ / /_/ / / /    _  /  / / / /_/ /     https://github.com/FairRootGroup/FairMQ
[3204:its-digit-reader]:   /_/    \__,_/_/_/     /_/  /_/  \___\_\     LGPL-3.0  © 2012-2020 GSI
[3204:its-digit-reader]: 
[3204:its-digit-reader]: [07:37:37][STATE] Starting FairMQ state machine --> IDLE
[3204:its-digit-reader]: 2021-05-20 07:37:37	Monitoring	[0;49mStdOut backend initialized[0m
[3205:its-clusterer]: 2021-05-20 07:37:37	Monitoring	[0;49mBuffering enabled (100)[0m
[3206:its-cluster-writer]: [INFO] Spawing new device its-cluster-writer in process with pid 3206
[3206:its-cluster-writer]: [07:37:37][INFO] 
[3206:its-cluster-writer]:       ______      _    _______  _________ 
[3206:its-cluster-writer]:      / ____/___ _(_)_______   |/  /_  __ \    version 1.4.29
[3206:its-cluster-writer]:     / /_  / __ `/ / ___/__  /|_/ /_  / / /    build RELWITHDEBINFO
[3206:its-cluster-writer]:    / __/ / /_/ / / /    _  /  / / / /_/ /     https://github.com/FairRootGroup/FairMQ
[3206:its-cluster-writer]:   /_/    \__,_/_/_/     /_/  /_/  \___\_\     LGPL-3.0  © 2012-2020 GSI
[3206:its-cluster-writer]: 
[3206:its-cluster-writer]: [07:37:37][STATE] Starting FairMQ state machine --> IDLE
[3206:its-cluster-writer]: 2021-05-20 07:37:37	Monitoring	[0;49mStdOut backend initialized[0m
[3204:its-digit-reader]: [07:37:37][STATE] IDLE ---> INITIALIZING DEVICE
[3205:its-clusterer]: [07:37:37][INFO] Dictionary ITSdictionary.bin is absent, ITSClusterer expects cluster patterns
[3205:its-clusterer]: [07:37:37][INFO] Clusterizer masks overflow pixels separated by < 406 BC and <= 0 in row/col
[3205:its-clusterer]: [07:37:37][INFO] Inclusive clusterization timing (w/o disk IO): Cpu: 0 Real: 0 s in 1 slots
[3205:its-clusterer]: [07:37:37][INFO] Threads output merging timing                : Cpu: 0 Real: 0 s in 1 slots
[3206:its-cluster-writer]: [07:37:37][STATE] IDLE ---> INITIALIZING DEVICE
[3208:its-track-writer]: [INFO] Spawing new device its-track-writer in process with pid 3208
[3208:its-track-writer]: [07:37:37][INFO] 
[3208:its-track-writer]:       ______      _    _______  _________ 
[3208:its-track-writer]:      / ____/___ _(_)_______   |/  /_  __ \    version 1.4.29
[3208:its-track-writer]:     / /_  / __ `/ / ___/__  /|_/ /_  / / /    build RELWITHDEBINFO
[3208:its-track-writer]:    / __/ / /_/ / / /    _  /  / / / /_/ /     https://github.com/FairRootGroup/FairMQ
[3208:its-track-writer]:   /_/    \__,_/_/_/     /_/  /_/  \___\_\     LGPL-3.0  © 2012-2020 GSI
[3208:its-track-writer]: 
[3208:its-track-writer]: [07:37:37][STATE] Starting FairMQ state machine --> IDLE
[3205:its-clusterer]: [07:37:37][STATE] INITIALIZING DEVICE ---> INITIALIZED
[3205:its-clusterer]: [07:37:37][STATE] INITIALIZED ---> BINDING
[3205:its-clusterer]: [07:37:37][STATE] BINDING ---> BOUND
[3205:its-clusterer]: [07:37:37][STATE] BOUND ---> CONNECTING
[3205:its-clusterer]: [07:37:37][STATE] CONNECTING ---> DEVICE READY
[3205:its-clusterer]: [07:37:37][STATE] DEVICE READY ---> INITIALIZING TASK
[3205:its-clusterer]: [07:37:37][STATE] INITIALIZING TASK ---> READY
[3205:its-clusterer]: [07:37:37][STATE] READY ---> RUNNING
[3205:its-clusterer]: [07:37:37][INFO] DEVICE: Running...
[3208:its-track-writer]: 2021-05-20 07:37:37	Monitoring	[0;49mStdOut backend initialized[0m
[3208:its-track-writer]: [07:37:37][STATE] IDLE ---> INITIALIZING DEVICE
[3204:its-digit-reader]: 2021-05-20 07:37:37	Monitoring	[0;49mBuffering enabled (100)[0m
[3204:its-digit-reader]: [07:37:37][STATE] INITIALIZING DEVICE ---> INITIALIZED
[3204:its-digit-reader]: [07:37:37][STATE] INITIALIZED ---> BINDING
[3204:its-digit-reader]: [07:37:37][STATE] BINDING ---> BOUND
[3204:its-digit-reader]: [07:37:37][STATE] BOUND ---> CONNECTING
[3204:its-digit-reader]: [07:37:37][STATE] CONNECTING ---> DEVICE READY
[3204:its-digit-reader]: [07:37:37][STATE] DEVICE READY ---> INITIALIZING TASK
[3204:its-digit-reader]: [07:37:37][STATE] INITIALIZING TASK ---> READY
[3204:its-digit-reader]: [07:37:37][STATE] READY ---> RUNNING
[3204:its-digit-reader]: [07:37:37][INFO] DEVICE: Running...
[3206:its-cluster-writer]: 2021-05-20 07:37:37	Monitoring	[0;49mBuffering enabled (100)[0m
[3206:its-cluster-writer]: [07:37:37][INFO] 0: branch  ITSClusterComp set up
[3206:its-cluster-writer]: [07:37:37][INFO] 1: branch  ITSClusterPatt set up
[3206:its-cluster-writer]: [07:37:37][INFO] 2: branch  ITSClustersROF set up
[3206:its-cluster-writer]: [07:37:37][INFO] 3: branch  ITSClusterMCTruth set up
[3206:its-cluster-writer]: [07:37:37][INFO] 4: branch  ITSClustersMC2ROF set up
[3206:its-cluster-writer]: [07:37:37][STATE] INITIALIZING DEVICE ---> INITIALIZED
[3206:its-cluster-writer]: [07:37:37][STATE] INITIALIZED ---> BINDING
[3206:its-cluster-writer]: [07:37:37][STATE] BINDING ---> BOUND
[3206:its-cluster-writer]: [07:37:37][STATE] BOUND ---> CONNECTING
[3206:its-cluster-writer]: [07:37:37][STATE] CONNECTING ---> DEVICE READY
[3206:its-cluster-writer]: [07:37:37][STATE] DEVICE READY ---> INITIALIZING TASK
[3206:its-cluster-writer]: [07:37:37][STATE] INITIALIZING TASK ---> READY
[3206:its-cluster-writer]: [07:37:37][STATE] READY ---> RUNNING
[3206:its-cluster-writer]: [07:37:37][INFO] DEVICE: Running...
[3207:its-tracker]: [07:37:37][INFO] MagneticField::Print: MagneticFieldMap:
[3207:its-tracker]: [07:37:37][INFO] MagneticField::Print: Solenoid (-1*)5 kG, Dipole ON (-1) 
[3207:its-tracker]: [07:37:37][INFO] MagneticField::Print: Machine B fields for p-p  beam (7000 GeV): QGrad: 22.0002 Dipole: 37.8781
[3207:its-tracker]: [07:37:37][INFO] MagneticField::Print: Uses Sol30_Dip6_Hole  of /cvmfs/alice.cern.ch/el7-x86_64/Packages/O2/nightly-20210129-1/share/Common/maps/mfchebKGI_sym.root
[3207:its-tracker]: Info in <TGeoGlobalMagField::SetField>: Global magnetic field set to <MagneticFieldMap>
[3207:its-tracker]: Info in <TGeoGlobalMagField::Lock>: Global magnetic field <MagneticFieldMap> is now locked
[3207:its-tracker]: [07:37:37][INFO] Loading geometry FAIRGeom from o2sim_geometry.root
[3208:its-track-writer]: 2021-05-20 07:37:37	Monitoring	[0;49mBuffering enabled (100)[0m
[3208:its-track-writer]: [07:37:37][INFO] 0: branch  ITSTrack set up
[3208:its-track-writer]: [07:37:38][INFO] 1: branch  ITSTrackClusIdx set up
[3208:its-track-writer]: [07:37:38][INFO] 2: branch  Vertices set up
[3208:its-track-writer]: [07:37:38][INFO] 3: branch  VerticesROF set up
[3208:its-track-writer]: [07:37:38][INFO] 4: branch  ITSTracksROF set up
[3208:its-track-writer]: [07:37:38][INFO] 5: branch  ITSTrackMCTruth set up
[3208:its-track-writer]: [07:37:38][INFO] 6: branch  ITSTracksMC2ROF set up
[3208:its-track-writer]: [07:37:38][STATE] INITIALIZING DEVICE ---> INITIALIZED
[3208:its-track-writer]: [07:37:38][STATE] INITIALIZED ---> BINDING
[3208:its-track-writer]: [07:37:38][STATE] BINDING ---> BOUND
[3208:its-track-writer]: [07:37:38][STATE] BOUND ---> CONNECTING
[3208:its-track-writer]: [07:37:38][STATE] CONNECTING ---> DEVICE READY
[3208:its-track-writer]: [07:37:38][STATE] DEVICE READY ---> INITIALIZING TASK
[3208:its-track-writer]: [07:37:38][STATE] INITIALIZING TASK ---> READY
[3208:its-track-writer]: [07:37:38][STATE] READY ---> RUNNING
[3208:its-track-writer]: [07:37:38][INFO] DEVICE: Running...
[3207:its-tracker]: Info in <TGeoManager::CloseGeometry>: Geometry loaded from file...
[3207:its-tracker]: Info in <TGeoManager::SetTopVolume>: Top volume is cave. Master volume is cave
[3207:its-tracker]: Info in <TGeoNavigator::BuildCache>: --- Maximum geometry depth set to 100
[3207:its-tracker]: Info in <TGeoManager::CloseGeometry>: Voxelization retrieved from file
[3207:its-tracker]: Info in <TGeoManager::CountLevels>: max level = 9, max placements = 126
[3207:its-tracker]: Info in <TGeoManager::CloseGeometry>: 179840 nodes/ 399 volume UID's in FAIR geometry
[3207:its-tracker]: Info in <TGeoManager::CloseGeometry>: ----------------modeler ready----------------
[3207:its-tracker]: [07:37:38][INFO] Loading ITS T2L matrices from TGeo
[3207:its-tracker]: [07:37:38][WARN] It is faster to use 2D rotation for T2G instead of full Transform3D matrices
[3207:its-tracker]: [07:37:38][INFO] Loading ITS T2G matrices from TGeo
[3207:its-tracker]: [07:37:38][INFO] Loading ITS T2G rotation 2D matrices
[3207:its-tracker]: [07:37:38][INFO] Initializing tracker in sync. phase reconstruction with 1 passes
[3207:its-tracker]: [07:37:38][INFO] Not using lookup table for material budget approximation
[3207:its-tracker]: [07:37:38][INFO] Dictionary ITSdictionary.bin is absent, Tracker expects cluster patterns
[3207:its-tracker]: [07:37:38][STATE] INITIALIZING DEVICE ---> INITIALIZED
[3207:its-tracker]: [07:37:38][STATE] INITIALIZED ---> BINDING
[3207:its-tracker]: [07:37:38][STATE] BINDING ---> BOUND
[3207:its-tracker]: [07:37:38][STATE] BOUND ---> CONNECTING
[3207:its-tracker]: [07:37:38][STATE] CONNECTING ---> DEVICE READY
[3207:its-tracker]: [07:37:38][STATE] DEVICE READY ---> INITIALIZING TASK
[3207:its-tracker]: [07:37:38][STATE] INITIALIZING TASK ---> READY
[3207:its-tracker]: [07:37:38][STATE] READY ---> RUNNING
[3207:its-tracker]: [07:37:38][INFO] DEVICE: Running...
[3204:its-digit-reader]: [07:37:38][INFO] ITSDigitReader pushed 2202505 digits, in 47 RO frames
[3205:its-clusterer]: [07:37:39][INFO] ITSClusterer pulled 2202505 digits, in 47 RO frames
[3205:its-clusterer]: [07:37:39][INFO] ITSClusterer pulled 2214411 labels 
[3205:its-clusterer]: [07:37:39][INFO] ITSClusterer pushed 379701 clusters, in 47 RO frames
[3206:its-cluster-writer]: [07:37:39][INFO] ITSClusterWriter pulled 379701 clusters, in 47 RO frames
[3207:its-tracker]: [07:37:39][INFO] ITSTracker pulled 379701 clusters, 47 RO frames
[3207:its-tracker]: [07:37:39][INFO] 379701 MC label objects , in 20 MC events
[3207:its-tracker]: [07:37:39][INFO] ITSTracker RO: continuous=1
[3207:its-tracker]: [07:37:39][INFO] Loading ITS L2G matrices from TGeo
[3207:its-tracker]: [07:37:39][INFO] ROframe: 0, clusters loaded : 1283
[3207:its-tracker]:  - Vertexer initialisation completed in: 0.148792 ms
[3207:its-tracker]:  - Tracklet finding completed in: 0.004657 ms
[3207:its-tracker]:  - Adjacent tracklets validation completed in: 0.00296 ms
[3207:its-tracker]:  - Vertex finding completed in: 0.005542 ms
[3207:its-tracker]: [07:37:39][INFO] Found tracks: 0
[3207:its-tracker]: [07:37:39][INFO] ROframe: 1, clusters loaded : 1267
[3207:its-tracker]:  - Vertexer initialisation completed in: 0.141663 ms
[3207:its-tracker]:  - Tracklet finding completed in: 0.013956 ms
[3207:its-tracker]:  - Adjacent tracklets validation completed in: 0.00026 ms
[3207:its-tracker]:  - Vertex finding completed in: 0.000213 ms
[3207:its-tracker]: [07:37:39][INFO] Found tracks: 0
[3207:its-tracker]: [07:37:39][INFO] ROframe: 2, clusters loaded : 1323
[3207:its-tracker]:  - Vertexer initialisation completed in: 0.113708 ms
[3207:its-tracker]:  - Tracklet finding completed in: 0.000703 ms
[3207:its-tracker]:  - Adjacent tracklets validation completed in: 0.000223 ms
[3207:its-tracker]:  - Vertex finding completed in: 8.3e-05 ms
[3207:its-tracker]: [07:37:39][INFO] Found tracks: 0
[3207:its-tracker]: [07:37:39][INFO] ROframe: 3, clusters loaded : 1229
[3207:its-tracker]:  - Vertexer initialisation completed in: 0.123929 ms
[3207:its-tracker]:  - Tracklet finding completed in: 0.000619 ms
[3207:its-tracker]:  - Adjacent tracklets validation completed in: 0.000183 ms
[3207:its-tracker]:  - Vertex finding completed in: 8.9e-05 ms
[3207:its-tracker]: [07:37:39][INFO] Found tracks: 0
[3207:its-tracker]: [07:37:39][INFO] ROframe: 4, clusters loaded : 1245
[3207:its-tracker]:  - Vertexer initialisation completed in: 0.110427 ms
[3207:its-tracker]:  - Tracklet finding completed in: 0.000478 ms
[3207:its-tracker]:  - Adjacent tracklets validation completed in: 0.000158 ms
[3207:its-tracker]:  - Vertex finding completed in: 0.000168 ms
[3207:its-tracker]: [07:37:39][INFO] Found tracks: 0
[3207:its-tracker]: [07:37:39][INFO] ROframe: 5, clusters loaded : 1248
[3207:its-tracker]:  - Vertexer initialisation completed in: 0.103348 ms
[3207:its-tracker]:  - Tracklet finding completed in: 0.000419 ms
[3207:its-tracker]:  - Adjacent tracklets validation completed in: 0.000123 ms
[3207:its-tracker]:  - Vertex finding completed in: 7.7e-05 ms
[3207:its-tracker]: [07:37:39][INFO] Found tracks: 0
[3207:its-tracker]: [07:37:39][INFO] ROframe: 6, clusters loaded : 1259
[3207:its-tracker]:  - Vertexer initialisation completed in: 0.11777 ms
[3207:its-tracker]:  - Tracklet finding completed in: 0.000686 ms
[3207:its-tracker]:  - Adjacent tracklets validation completed in: 0.000168 ms
[3207:its-tracker]:  - Vertex finding completed in: 0.000121 ms
[3207:its-tracker]: [07:37:39][INFO] Found tracks: 0
[3207:its-tracker]: [07:37:39][INFO] ROframe: 7, clusters loaded : 1258
[3207:its-tracker]:  - Vertexer initialisation completed in: 0.106883 ms
[3207:its-tracker]:  - Tracklet finding completed in: 0.00069 ms
[3207:its-tracker]:  - Adjacent tracklets validation completed in: 0.000188 ms
[3207:its-tracker]:  - Vertex finding completed in: 9.4e-05 ms
[3207:its-tracker]: [07:37:39][INFO] Found tracks: 0
[3207:its-tracker]: [07:37:39][INFO] ROframe: 8, clusters loaded : 1247
[3207:its-tracker]:  - Vertexer initialisation completed in: 0.105859 ms
[3207:its-tracker]:  - Tracklet finding completed in: 0.001904 ms
[3207:its-tracker]:  - Adjacent tracklets validation completed in: 0.000198 ms
[3207:its-tracker]:  - Vertex finding completed in: 0.000108 ms
[3207:its-tracker]: [07:37:39][INFO] Found tracks: 0
[3207:its-tracker]: [07:37:39][INFO] ROframe: 9, clusters loaded : 1249
[3207:its-tracker]:  - Vertexer initialisation completed in: 0.09871 ms
[3207:its-tracker]:  - Tracklet finding completed in: 0.000947 ms
[3207:its-tracker]:  - Adjacent tracklets validation completed in: 0.000153 ms
[3207:its-tracker]:  - Vertex finding completed in: 0.000135 ms
[3207:its-tracker]: [07:37:39][INFO] Found tracks: 0
[3207:its-tracker]: [07:37:39][INFO] ROframe: 10, clusters loaded : 1258
[3207:its-tracker]:  - Vertexer initialisation completed in: 0.100414 ms
[3207:its-tracker]:  - Tracklet finding completed in: 0.000681 ms
[3207:its-tracker]:  - Adjacent tracklets validation completed in: 0.000147 ms
[3207:its-tracker]:  - Vertex finding completed in: 8.7e-05 ms
[3207:its-tracker]: [07:37:39][INFO] Found tracks: 0
[3207:its-tracker]: [07:37:39][INFO] ROframe: 11, clusters loaded : 1259
[3207:its-tracker]:  - Vertexer initialisation completed in: 0.108459 ms
[3207:its-tracker]:  - Tracklet finding completed in: 0.000751 ms
[3207:its-tracker]:  - Adjacent tracklets validation completed in: 0.000148 ms
[3207:its-tracker]:  - Vertex finding completed in: 0.000128 ms
[3207:its-tracker]: [07:37:39][INFO] Found tracks: 0
[3207:its-tracker]: [07:37:39][INFO] ROframe: 12, clusters loaded : 44517
[3207:its-tracker]:  - Vertexer initialisation completed in: 2.08119 ms
[3207:its-tracker]:  - Tracklet finding completed in: 8.93524 ms
[3207:its-tracker]:  - Adjacent tracklets validation completed in: 2.04013 ms
[3207:its-tracker]:  - Vertex finding completed in: 0.325619 ms
[3207:its-tracker]: 		Found vertex with:   2016 contributors
[3207:its-tracker]: 		Found vertex with:    282 contributors
[3207:its-tracker]:  - Context initialisation completed in: 2.64426 ms
[3207:its-tracker]:  - Tracklet finding completed in: 17.5555 ms
[3207:its-tracker]:  - Cell finding completed in: 9.97852 ms
[3207:its-tracker]:  - Neighbour finding completed in: 1.03329 ms
[3207:its-tracker]:  - Road finding completed in: 0.494495 ms
[3207:its-tracker]:  - Track finding completed in: 16.2373 ms
[3207:its-tracker]:  - Vertex processing completed in: 47.9434ms
[3207:its-tracker]:  - Context initialisation completed in: 0.38816 ms
[3207:its-tracker]:  - Tracklet finding completed in: 11.1148 ms
[3207:its-tracker]:  - Cell finding completed in: 2.31928 ms
[3207:its-tracker]:  - Neighbour finding completed in: 0.114561 ms
[3207:its-tracker]:  - Road finding completed in: 0.025126 ms
[3207:its-tracker]:  - Track finding completed in: 2.19587 ms
[3207:its-tracker]:  - Vertex processing completed in: 16.1578ms
[3207:its-tracker]:  - Context initialisation completed in: 0.130333 ms
[3207:its-tracker]:  - Tracklet finding completed in: 10.6923 ms
[3207:its-tracker]:  - Cell finding completed in: 3.09886 ms
[3207:its-tracker]:  - Neighbour finding completed in: 0.22379 ms
[3207:its-tracker]:  - Road finding completed in: 0.001465 ms
[3207:its-tracker]:  - Track finding completed in: 0.000171 ms
[3207:its-tracker]:  - Vertex processing completed in: 14.1469ms
[3207:its-tracker]:  - Context initialisation completed in: 0.162989 ms
[3207:its-tracker]:  - Tracklet finding completed in: 10.4306 ms
[3207:its-tracker]:  - Cell finding completed in: 1.80984 ms
[3207:its-tracker]:  - Neighbour finding completed in: 0.044766 ms
[3207:its-tracker]:  - Road finding completed in: 0.000411 ms
[3207:its-tracker]:  - Track finding completed in: 0.000103 ms
[3207:its-tracker]:  - Vertex processing completed in: 12.4487ms
[3207:its-tracker]: [07:37:39][INFO] Found tracks: 1892
[3207:its-tracker]: [07:37:39][INFO] ROframe: 13, clusters loaded : 1250
[3207:its-tracker]:  - Vertexer initialisation completed in: 0.124784 ms
[3207:its-tracker]:  - Tracklet finding completed in: 0.001621 ms
[3207:its-tracker]:  - Adjacent tracklets validation completed in: 0.000395 ms
[3207:its-tracker]:  - Vertex finding completed in: 0.000505 ms
[3207:its-tracker]: [07:37:39][INFO] Found tracks: 0
[3207:its-tracker]: [07:37:39][INFO] ROframe: 14, clusters loaded : 1264
[3207:its-tracker]:  - Vertexer initialisation completed in: 0.10979 ms
[3207:its-tracker]:  - Tracklet finding completed in: 0.000623 ms
[3207:its-tracker]:  - Adjacent tracklets validation completed in: 0.000209 ms
[3207:its-tracker]:  - Vertex finding completed in: 0.00013 ms
[3207:its-tracker]: [07:37:39][INFO] Found tracks: 0
[3207:its-tracker]: [07:37:39][INFO] ROframe: 15, clusters loaded : 1330
[3207:its-tracker]:  - Vertexer initialisation completed in: 0.114581 ms
[3207:its-tracker]:  - Tracklet finding completed in: 0.000717 ms
[3207:its-tracker]:  - Adjacent tracklets validation completed in: 0.000223 ms
[3207:its-tracker]:  - Vertex finding completed in: 0.000125 ms
[3207:its-tracker]: [07:37:39][INFO] Found tracks: 0
[3207:its-tracker]: [07:37:39][INFO] ROframe: 16, clusters loaded : 1231
[3207:its-tracker]:  - Vertexer initialisation completed in: 0.114114 ms
[3207:its-tracker]:  - Tracklet finding completed in: 0.000581 ms
[3207:its-tracker]:  - Adjacent tracklets validation completed in: 0.00017 ms
[3207:its-tracker]:  - Vertex finding completed in: 0.000123 ms
[3207:its-tracker]: [07:37:39][INFO] Found tracks: 0
[3207:its-tracker]: [07:37:39][INFO] ROframe: 17, clusters loaded : 1282
[3207:its-tracker]:  - Vertexer initialisation completed in: 0.108401 ms
[3207:its-tracker]:  - Tracklet finding completed in: 0.000453 ms
[3207:its-tracker]:  - Adjacent tracklets validation completed in: 0.000163 ms
[3207:its-tracker]:  - Vertex finding completed in: 9.3e-05 ms
[3207:its-tracker]: [07:37:39][INFO] Found tracks: 0
[3207:its-tracker]: [07:37:39][INFO] ROframe: 18, clusters loaded : 1229
[3207:its-tracker]:  - Vertexer initialisation completed in: 0.116465 ms
[3207:its-tracker]:  - Tracklet finding completed in: 0.001073 ms
[3207:its-tracker]:  - Adjacent tracklets validation completed in: 0.000201 ms
[3207:its-tracker]:  - Vertex finding completed in: 0.000101 ms
[3207:its-tracker]: [07:37:39][INFO] Found tracks: 0
[3207:its-tracker]: [07:37:39][INFO] ROframe: 19, clusters loaded : 14397
[3207:its-tracker]:  - Vertexer initialisation completed in: 0.534329 ms
[3207:its-tracker]:  - Tracklet finding completed in: 0.790541 ms
[3207:its-tracker]:  - Adjacent tracklets validation completed in: 0.154819 ms
[3207:its-tracker]:  - Vertex finding completed in: 0.065457 ms
[3207:its-tracker]: 		Found vertex with:    667 contributors
[3207:its-tracker]:  - Context initialisation completed in: 1.14809 ms
[3207:its-tracker]:  - Tracklet finding completed in: 2.96332 ms
[3207:its-tracker]:  - Cell finding completed in: 1.08061 ms
[3207:its-tracker]:  - Neighbour finding completed in: 0.288002 ms
[3207:its-tracker]:  - Road finding completed in: 0.064473 ms
[3207:its-tracker]:  - Track finding completed in: 4.41485 ms
[3207:its-tracker]:  - Vertex processing completed in: 9.95934ms
[3207:its-tracker]:  - Context initialisation completed in: 0.107995 ms
[3207:its-tracker]:  - Tracklet finding completed in: 1.98907 ms
[3207:its-tracker]:  - Cell finding completed in: 0.417002 ms
[3207:its-tracker]:  - Neighbour finding completed in: 0.066715 ms
[3207:its-tracker]:  - Road finding completed in: 0.000598 ms
[3207:its-tracker]:  - Track finding completed in: 0.000143 ms
[3207:its-tracker]:  - Vertex processing completed in: 2.58152ms
[3207:its-tracker]: [07:37:39][INFO] Found tracks: 588
[3207:its-tracker]: [07:37:39][INFO] ROframe: 20, clusters loaded : 1265
[3207:its-tracker]:  - Vertexer initialisation completed in: 0.119386 ms
[3207:its-tracker]:  - Tracklet finding completed in: 0.000559 ms
[3207:its-tracker]:  - Adjacent tracklets validation completed in: 0.000252 ms
[3207:its-tracker]:  - Vertex finding completed in: 0.000162 ms
[3207:its-tracker]: [07:37:39][INFO] Found tracks: 0
[3207:its-tracker]: [07:37:39][INFO] ROframe: 21, clusters loaded : 1233
[3207:its-tracker]:  - Vertexer initialisation completed in: 0.115723 ms
[3207:its-tracker]:  - Tracklet finding completed in: 0.000566 ms
[3207:its-tracker]:  - Adjacent tracklets validation completed in: 0.000207 ms
[3207:its-tracker]:  - Vertex finding completed in: 0.000127 ms
[3207:its-tracker]: [07:37:39][INFO] Found tracks: 0
[3207:its-tracker]: [07:37:39][INFO] ROframe: 22, clusters loaded : 83931
[3207:its-tracker]:  - Vertexer initialisation completed in: 3.32517 ms
[3207:its-tracker]:  - Tracklet finding completed in: 25.6716 ms
[3207:its-tracker]:  - Adjacent tracklets validation completed in: 10.0208 ms
[3207:its-tracker]:  - Vertex finding completed in: 0.951195 ms
[3207:its-tracker]: 		Found vertex with:   2580 contributors
[3207:its-tracker]: 		Found vertex with:   1382 contributors
[3207:its-tracker]:  - Context initialisation completed in: 3.56793 ms
[3207:its-tracker]:  - Tracklet finding completed in: 43.9261 ms
[3207:its-tracker]:  - Cell finding completed in: 33.0159 ms
[3207:its-tracker]:  - Neighbour finding completed in: 3.71311 ms
[3207:its-tracker]:  - Road finding completed in: 0.876472 ms
[3207:its-tracker]:  - Track finding completed in: 21.5894 ms
[3207:its-tracker]:  - Vertex processing completed in: 106.689ms
[3207:its-tracker]:  - Context initialisation completed in: 1.14921 ms
[3207:its-tracker]:  - Tracklet finding completed in: 37.3468 ms
[3207:its-tracker]:  - Cell finding completed in: 18.2354 ms
[3207:its-tracker]:  - Neighbour finding completed in: 0.820827 ms
[3207:its-tracker]:  - Road finding completed in: 0.224541 ms
[3207:its-tracker]:  - Track finding completed in: 11.9474 ms
[3207:its-tracker]:  - Vertex processing completed in: 69.7241ms
[3207:its-tracker]:  - Context initialisation completed in: 0.556004 ms
[3207:its-tracker]:  - Tracklet finding completed in: 29.2773 ms
[3207:its-tracker]:  - Cell finding completed in: 11.4935 ms
[3207:its-tracker]:  - Neighbour finding completed in: 0.390109 ms
[3207:its-tracker]:  - Road finding completed in: 0.002277 ms
[3207:its-tracker]:  - Track finding completed in: 0.000245 ms
[3207:its-tracker]:  - Vertex processing completed in: 41.7194ms
[3207:its-tracker]:  - Context initialisation completed in: 0.419233 ms
[3207:its-tracker]:  - Tracklet finding completed in: 30.5635 ms
[3207:its-tracker]:  - Cell finding completed in: 9.98446 ms
[3207:its-tracker]:  - Neighbour finding completed in: 0.269337 ms
[3207:its-tracker]:  - Road finding completed in: 0.002816 ms
[3207:its-tracker]:  - Track finding completed in: 0.000258 ms
[3207:its-tracker]:  - Vertex processing completed in: 41.2396ms
[3207:its-tracker]: [07:37:40][INFO] Found tracks: 3397
[3207:its-tracker]: [07:37:40][INFO] ROframe: 23, clusters loaded : 18195
[3207:its-tracker]:  - Vertexer initialisation completed in: 0.86525 ms
[3207:its-tracker]:  - Tracklet finding completed in: 1.37695 ms
[3207:its-tracker]:  - Adjacent tracklets validation completed in: 0.256263 ms
[3207:its-tracker]:  - Vertex finding completed in: 0.090809 ms
[3207:its-tracker]: 		Found vertex with:    923 contributors
[3207:its-tracker]:  - Context initialisation completed in: 1.34812 ms
[3207:its-tracker]:  - Tracklet finding completed in: 4.21392 ms
[3207:its-tracker]:  - Cell finding completed in: 1.63528 ms
[3207:its-tracker]:  - Neighbour finding completed in: 0.315973 ms
[3207:its-tracker]:  - Road finding completed in: 0.078949 ms
[3207:its-tracker]:  - Track finding completed in: 6.25444 ms
[3207:its-tracker]:  - Vertex processing completed in: 13.8467ms
[3207:its-tracker]:  - Context initialisation completed in: 0.172619 ms
[3207:its-tracker]:  - Tracklet finding completed in: 3.16647 ms
[3207:its-tracker]:  - Cell finding completed in: 0.677683 ms
[3207:its-tracker]:  - Neighbour finding completed in: 0.103882 ms
[3207:its-tracker]:  - Road finding completed in: 0.001204 ms
[3207:its-tracker]:  - Track finding completed in: 0.000462 ms
[3207:its-tracker]:  - Vertex processing completed in: 4.12232ms
[3207:its-tracker]: [07:37:40][INFO] Found tracks: 752
[3207:its-tracker]: [07:37:40][INFO] ROframe: 24, clusters loaded : 1294
[3207:its-tracker]:  - Vertexer initialisation completed in: 0.125404 ms
[3207:its-tracker]:  - Tracklet finding completed in: 0.001731 ms
[3207:its-tracker]:  - Adjacent tracklets validation completed in: 0.00059 ms
[3207:its-tracker]:  - Vertex finding completed in: 0.000653 ms
[3207:its-tracker]: [07:37:40][INFO] Found tracks: 0
[3207:its-tracker]: [07:37:40][INFO] ROframe: 25, clusters loaded : 1288
[3207:its-tracker]:  - Vertexer initialisation completed in: 0.119991 ms
[3207:its-tracker]:  - Tracklet finding completed in: 0.000462 ms
[3207:its-tracker]:  - Adjacent tracklets validation completed in: 0.000143 ms
[3207:its-tracker]:  - Vertex finding completed in: 8.1e-05 ms
[3207:its-tracker]: [07:37:40][INFO] Found tracks: 0
[3207:its-tracker]: [07:37:40][INFO] ROframe: 26, clusters loaded : 1310
[3207:its-tracker]:  - Vertexer initialisation completed in: 0.121147 ms
[3207:its-tracker]:  - Tracklet finding completed in: 0.000576 ms
[3207:its-tracker]:  - Adjacent tracklets validation completed in: 0.000155 ms
[3207:its-tracker]:  - Vertex finding completed in: 5.9e-05 ms
[3207:its-tracker]: [07:37:40][INFO] Found tracks: 0
[3207:its-tracker]: [07:37:40][INFO] ROframe: 27, clusters loaded : 1267
[3207:its-tracker]:  - Vertexer initialisation completed in: 0.124054 ms
[3207:its-tracker]:  - Tracklet finding completed in: 0.000912 ms
[3207:its-tracker]:  - Adjacent tracklets validation completed in: 0.000131 ms
[3207:its-tracker]:  - Vertex finding completed in: 8.2e-05 ms
[3207:its-tracker]: [07:37:40][INFO] Found tracks: 0
[3207:its-tracker]: [07:37:40][INFO] ROframe: 28, clusters loaded : 4386
[3207:its-tracker]:  - Vertexer initialisation completed in: 0.210617 ms
[3207:its-tracker]:  - Tracklet finding completed in: 0.105175 ms
[3207:its-tracker]:  - Adjacent tracklets validation completed in: 0.019145 ms
[3207:its-tracker]:  - Vertex finding completed in: 0.015579 ms
[3207:its-tracker]: 		Found vertex with:    123 contributors
[3207:its-tracker]:  - Context initialisation completed in: 1.31147 ms
[3207:its-tracker]:  - Tracklet finding completed in: 0.634941 ms
[3207:its-tracker]:  - Cell finding completed in: 0.125673 ms
[3207:its-tracker]:  - Neighbour finding completed in: 0.051572 ms
[3207:its-tracker]:  - Road finding completed in: 0.015441 ms
[3207:its-tracker]:  - Track finding completed in: 1.41322 ms
[3207:its-tracker]:  - Vertex processing completed in: 3.55231ms
[3207:its-tracker]:  - Context initialisation completed in: 0.041634 ms
[3207:its-tracker]:  - Tracklet finding completed in: 0.603579 ms
[3207:its-tracker]:  - Cell finding completed in: 0.05958 ms
[3207:its-tracker]:  - Neighbour finding completed in: 0.015736 ms
[3207:its-tracker]:  - Road finding completed in: 0.000251 ms
[3207:its-tracker]:  - Track finding completed in: 0.000281 ms
[3207:its-tracker]:  - Vertex processing completed in: 0.721061ms
[3207:its-tracker]: [07:37:40][INFO] Found tracks: 127
[3207:its-tracker]: [07:37:40][INFO] ROframe: 29, clusters loaded : 1205
[3207:its-tracker]:  - Vertexer initialisation completed in: 0.124745 ms
[3207:its-tracker]:  - Tracklet finding completed in: 0.000903 ms
[3207:its-tracker]:  - Adjacent tracklets validation completed in: 0.000393 ms
[3207:its-tracker]:  - Vertex finding completed in: 0.000177 ms
[3207:its-tracker]: [07:37:40][INFO] Found tracks: 0
[3207:its-tracker]: [07:37:40][INFO] ROframe: 30, clusters loaded : 37183
[3207:its-tracker]:  - Vertexer initialisation completed in: 1.91667 ms
[3207:its-tracker]:  - Tracklet finding completed in: 6.29757 ms
[3207:its-tracker]:  - Adjacent tracklets validation completed in: 1.49482 ms
[3207:its-tracker]:  - Vertex finding completed in: 0.268339 ms
[3207:its-tracker]: 		Found vertex with:   1933 contributors
[3207:its-tracker]:  - Context initialisation completed in: 2.05088 ms
[3207:its-tracker]:  - Tracklet finding completed in: 14.2927 ms
[3207:its-tracker]:  - Cell finding completed in: 7.93451 ms
[3207:its-tracker]:  - Neighbour finding completed in: 0.936232 ms
[3207:its-tracker]:  - Road finding completed in: 0.320077 ms
[3207:its-tracker]:  - Track finding completed in: 19.1307 ms
[3207:its-tracker]:  - Vertex processing completed in: 44.665ms
[3207:its-tracker]:  - Context initialisation completed in: 0.403218 ms
[3207:its-tracker]:  - Tracklet finding completed in: 9.00401 ms
[3207:its-tracker]:  - Cell finding completed in: 2.61832 ms
[3207:its-tracker]:  - Neighbour finding completed in: 0.230264 ms
[3207:its-tracker]:  - Road finding completed in: 0.001978 ms
[3207:its-tracker]:  - Track finding completed in: 0.000533 ms
[3207:its-tracker]:  - Vertex processing completed in: 12.2583ms
[3207:its-tracker]: [07:37:40][INFO] Found tracks: 1623
[3207:its-tracker]: [07:37:40][INFO] ROframe: 31, clusters loaded : 34107
[3207:its-tracker]:  - Vertexer initialisation completed in: 1.51795 ms
[3207:its-tracker]:  - Tracklet finding completed in: 4.64238 ms
[3207:its-tracker]:  - Adjacent tracklets validation completed in: 1.23301 ms
[3207:its-tracker]:  - Vertex finding completed in: 0.225516 ms
[3207:its-tracker]: 		Found vertex with:   1746 contributors
[3207:its-tracker]:  - Context initialisation completed in: 1.92171 ms
[3207:its-tracker]:  - Tracklet finding completed in: 11.9049 ms
[3207:its-tracker]:  - Cell finding completed in: 6.43172 ms
[3207:its-tracker]:  - Neighbour finding completed in: 0.750493 ms
[3207:its-tracker]:  - Road finding completed in: 0.22551 ms
[3207:its-tracker]:  - Track finding completed in: 14.403 ms
[3207:its-tracker]:  - Vertex processing completed in: 35.6373ms
[3207:its-tracker]:  - Context initialisation completed in: 0.34656 ms
[3207:its-tracker]:  - Tracklet finding completed in: 8.11443 ms
[3207:its-tracker]:  - Cell finding completed in: 2.31294 ms
[3207:its-tracker]:  - Neighbour finding completed in: 0.214793 ms
[3207:its-tracker]:  - Road finding completed in: 0.001686 ms
[3207:its-tracker]:  - Track finding completed in: 0.000489 ms
[3207:its-tracker]:  - Vertex processing completed in: 10.9909ms
[3207:its-tracker]: [07:37:40][INFO] Found tracks: 1409
[3207:its-tracker]: [07:37:40][INFO] ROframe: 32, clusters loaded : 25742
[3207:its-tracker]:  - Vertexer initialisation completed in: 1.23183 ms
[3207:its-tracker]:  - Tracklet finding completed in: 3.0945 ms
[3207:its-tracker]:  - Adjacent tracklets validation completed in: 0.670363 ms
[3207:its-tracker]:  - Vertex finding completed in: 0.045959 ms
[3207:its-tracker]: 		Found vertex with:     95 contributors
[3207:its-tracker]:  - Context initialisation completed in: 1.65427 ms
[3207:its-tracker]:  - Tracklet finding completed in: 7.20834 ms
[3207:its-tracker]:  - Cell finding completed in: 2.01302 ms
[3207:its-tracker]:  - Neighbour finding completed in: 0.080739 ms
[3207:its-tracker]:  - Road finding completed in: 0.012949 ms
[3207:its-tracker]:  - Track finding completed in: 0.779261 ms
[3207:its-tracker]:  - Vertex processing completed in: 11.7486ms
[3207:its-tracker]:  - Context initialisation completed in: 0.066466 ms
[3207:its-tracker]:  - Tracklet finding completed in: 6.95915 ms
[3207:its-tracker]:  - Cell finding completed in: 1.80125 ms
[3207:its-tracker]:  - Neighbour finding completed in: 0.054625 ms
[3207:its-tracker]:  - Road finding completed in: 0.00139 ms
[3207:its-tracker]:  - Track finding completed in: 0.000428 ms
[3207:its-tracker]:  - Vertex processing completed in: 8.88331ms
[3207:its-tracker]: [07:37:40][INFO] Found tracks: 70
[3207:its-tracker]: [07:37:40][INFO] ROframe: 33, clusters loaded : 1338
[3207:its-tracker]:  - Vertexer initialisation completed in: 0.136918 ms
[3207:its-tracker]:  - Tracklet finding completed in: 0.00346 ms
[3207:its-tracker]:  - Adjacent tracklets validation completed in: 0.000832 ms
[3207:its-tracker]:  - Vertex finding completed in: 0.00095 ms
[3207:its-tracker]: [07:37:40][INFO] Found tracks: 0
[3207:its-tracker]: [07:37:40][INFO] ROframe: 34, clusters loaded : 1285
[3207:its-tracker]:  - Vertexer initialisation completed in: 0.122112 ms
[3207:its-tracker]:  - Tracklet finding completed in: 0.00045 ms
[3207:its-tracker]:  - Adjacent tracklets validation completed in: 0.000115 ms
[3207:its-tracker]:  - Vertex finding completed in: 0.000177 ms
[3207:its-tracker]: [07:37:40][INFO] Found tracks: 0
[3207:its-tracker]: [07:37:40][INFO] ROframe: 35, clusters loaded : 1237
[3207:its-tracker]:  - Vertexer initialisation completed in: 0.13316 ms
[3207:its-tracker]:  - Tracklet finding completed in: 0.000852 ms
[3207:its-tracker]:  - Adjacent tracklets validation completed in: 0.000173 ms
[3207:its-tracker]:  - Vertex finding completed in: 4.6e-05 ms
[3207:its-tracker]: [07:37:40][INFO] Found tracks: 0
[3207:its-tracker]: [07:37:40][INFO] ROframe: 36, clusters loaded : 1547
[3207:its-tracker]:  - Vertexer initialisation completed in: 0.125398 ms
[3207:its-tracker]:  - Tracklet finding completed in: 0.009163 ms
[3207:its-tracker]:  - Adjacent tracklets validation completed in: 0.002274 ms
[3207:its-tracker]:  - Vertex finding completed in: 0.008761 ms
[3207:its-tracker]: 		Found vertex with:     21 contributors
[3207:its-tracker]:  - Context initialisation completed in: 0.95983 ms
[3207:its-tracker]:  - Tracklet finding completed in: 0.158293 ms
[3207:its-tracker]:  - Cell finding completed in: 0.011609 ms
[3207:its-tracker]:  - Neighbour finding completed in: 0.008071 ms
[3207:its-tracker]:  - Road finding completed in: 0.004228 ms
[3207:its-tracker]:  - Track finding completed in: 0.207672 ms
[3207:its-tracker]:  - Vertex processing completed in: 1.3497ms
[3207:its-tracker]:  - Context initialisation completed in: 0.005073 ms
[3207:its-tracker]:  - Tracklet finding completed in: 0.111762 ms
[3207:its-tracker]:  - Cell finding completed in: 0.00568 ms
[3207:its-tracker]:  - Neighbour finding completed in: 0.001772 ms
[3207:its-tracker]:  - Road finding completed in: 0.000107 ms
[3207:its-tracker]:  - Track finding completed in: 0.000103 ms
[3207:its-tracker]:  - Vertex processing completed in: 0.124497ms
[3207:its-tracker]: [07:37:40][INFO] Found tracks: 15
[3207:its-tracker]: [07:37:40][INFO] ROframe: 37, clusters loaded : 1289
[3207:its-tracker]:  - Vertexer initialisation completed in: 0.128563 ms
[3207:its-tracker]:  - Tracklet finding completed in: 0.000777 ms
[3207:its-tracker]:  - Adjacent tracklets validation completed in: 0.000207 ms
[3207:its-tracker]:  - Vertex finding completed in: 0.000302 ms
[3207:its-tracker]: [07:37:40][INFO] Found tracks: 0
[3207:its-tracker]: [07:37:40][INFO] ROframe: 38, clusters loaded : 28086
[3207:its-tracker]:  - Vertexer initialisation completed in: 1.20405 ms
[3207:its-tracker]:  - Tracklet finding completed in: 3.06945 ms
[3207:its-tracker]:  - Adjacent tracklets validation completed in: 0.715684 ms
[3207:its-tracker]:  - Vertex finding completed in: 0.192454 ms
[3207:its-tracker]: 		Found vertex with:    729 contributors
[3207:its-tracker]: 		Found vertex with:    637 contributors
[3207:its-tracker]:  - Context initialisation completed in: 1.64351 ms
[3207:its-tracker]:  - Tracklet finding completed in: 8.67325 ms
[3207:its-tracker]:  - Cell finding completed in: 3.34549 ms
[3207:its-tracker]:  - Neighbour finding completed in: 0.347533 ms
[3207:its-tracker]:  - Road finding completed in: 0.077461 ms
[3207:its-tracker]:  - Track finding completed in: 6.35203 ms
[3207:its-tracker]:  - Vertex processing completed in: 20.4393ms
[3207:its-tracker]:  - Context initialisation completed in: 0.177292 ms
[3207:its-tracker]:  - Tracklet finding completed in: 7.07395 ms
[3207:its-tracker]:  - Cell finding completed in: 2.04067 ms
[3207:its-tracker]:  - Neighbour finding completed in: 0.242674 ms
[3207:its-tracker]:  - Road finding completed in: 0.065567 ms
[3207:its-tracker]:  - Track finding completed in: 5.33286 ms
[3207:its-tracker]:  - Vertex processing completed in: 14.933ms
[3207:its-tracker]:  - Context initialisation completed in: 0.151054 ms
[3207:its-tracker]:  - Tracklet finding completed in: 5.84941 ms
[3207:its-tracker]:  - Cell finding completed in: 1.18131 ms
[3207:its-tracker]:  - Neighbour finding completed in: 0.10249 ms
[3207:its-tracker]:  - Road finding completed in: 0.001192 ms
[3207:its-tracker]:  - Track finding completed in: 0.000705 ms
[3207:its-tracker]:  - Vertex processing completed in: 7.28616ms
[3207:its-tracker]:  - Context initialisation completed in: 0.08273 ms
[3207:its-tracker]:  - Tracklet finding completed in: 5.63183 ms
[3207:its-tracker]:  - Cell finding completed in: 0.990168 ms
[3207:its-tracker]:  - Neighbour finding completed in: 0.07086 ms
[3207:its-tracker]:  - Road finding completed in: 0.000673 ms
[3207:its-tracker]:  - Track finding completed in: 0.000487 ms
[3207:its-tracker]:  - Vertex processing completed in: 6.77674ms
[3207:its-tracker]: [07:37:40][INFO] Found tracks: 1175
[3207:its-tracker]: [07:37:40][INFO] ROframe: 39, clusters loaded : 1286
[3207:its-tracker]:  - Vertexer initialisation completed in: 0.13749 ms
[3207:its-tracker]:  - Tracklet finding completed in: 0.001943 ms
[3207:its-tracker]:  - Adjacent tracklets validation completed in: 0.000593 ms
[3207:its-tracker]:  - Vertex finding completed in: 0.000486 ms
[3207:its-tracker]: [07:37:40][INFO] Found tracks: 0
[3207:its-tracker]: [07:37:40][INFO] ROframe: 40, clusters loaded : 1297
[3207:its-tracker]:  - Vertexer initialisation completed in: 0.122401 ms
[3207:its-tracker]:  - Tracklet finding completed in: 0.000596 ms
[3207:its-tracker]:  - Adjacent tracklets validation completed in: 0.000143 ms
[3207:its-tracker]:  - Vertex finding completed in: 0.000142 ms
[3207:its-tracker]: [07:37:40][INFO] Found tracks: 0
[3207:its-tracker]: [07:37:40][INFO] ROframe: 41, clusters loaded : 1215
[3207:its-tracker]:  - Vertexer initialisation completed in: 0.136894 ms
[3207:its-tracker]:  - Tracklet finding completed in: 0.001868 ms
[3207:its-tracker]:  - Adjacent tracklets validation completed in: 0.00021 ms
[3207:its-tracker]:  - Vertex finding completed in: 5.5e-05 ms
[3207:its-tracker]: [07:37:40][INFO] Found tracks: 0
[3207:its-tracker]: [07:37:40][INFO] ROframe: 42, clusters loaded : 1283
[3207:its-tracker]:  - Vertexer initialisation completed in: 0.130455 ms
[3207:its-tracker]:  - Tracklet finding completed in: 0.000681 ms
[3207:its-tracker]:  - Adjacent tracklets validation completed in: 0.000133 ms
[3207:its-tracker]:  - Vertex finding completed in: 7.3e-05 ms
[3207:its-tracker]: [07:37:40][INFO] Found tracks: 0
[3207:its-tracker]: [07:37:40][INFO] ROframe: 43, clusters loaded : 1261
[3207:its-tracker]:  - Vertexer initialisation completed in: 0.118495 ms
[3207:its-tracker]:  - Tracklet finding completed in: 0.00092 ms
[3207:its-tracker]:  - Adjacent tracklets validation completed in: 0.000148 ms
[3207:its-tracker]:  - Vertex finding completed in: 5.4e-05 ms
[3207:its-tracker]: [07:37:40][INFO] Found tracks: 0
[3207:its-tracker]: [07:37:40][INFO] ROframe: 44, clusters loaded : 1271
[3207:its-tracker]:  - Vertexer initialisation completed in: 0.119811 ms
[3207:its-tracker]:  - Tracklet finding completed in: 0.000794 ms
[3207:its-tracker]:  - Adjacent tracklets validation completed in: 9.7e-05 ms
[3207:its-tracker]:  - Vertex finding completed in: 5.3e-05 ms
[3207:its-tracker]: [07:37:40][INFO] Found tracks: 0
[3207:its-tracker]: [07:37:40][INFO] ROframe: 45, clusters loaded : 41933
[3207:its-tracker]:  - Vertexer initialisation completed in: 1.85906 ms
[3207:its-tracker]:  - Tracklet finding completed in: 6.30367 ms
[3207:its-tracker]:  - Adjacent tracklets validation completed in: 1.9318 ms
[3207:its-tracker]:  - Vertex finding completed in: 0.374047 ms
[3207:its-tracker]: 		Found vertex with:   1974 contributors
[3207:its-tracker]: 		Found vertex with:     41 contributors
[3207:its-tracker]:  - Context initialisation completed in: 2.13109 ms
[3207:its-tracker]:  - Tracklet finding completed in: 16.483 ms
[3207:its-tracker]:  - Cell finding completed in: 9.94634 ms
[3207:its-tracker]:  - Neighbour finding completed in: 0.974471 ms
[3207:its-tracker]:  - Road finding completed in: 0.330681 ms
[3207:its-tracker]:  - Track finding completed in: 17.4738 ms
[3207:its-tracker]:  - Vertex processing completed in: 47.3394ms
[3207:its-tracker]:  - Context initialisation completed in: 0.447847 ms
[3207:its-tracker]:  - Tracklet finding completed in: 11.1837 ms
[3207:its-tracker]:  - Cell finding completed in: 2.00323 ms
[3207:its-tracker]:  - Neighbour finding completed in: 0.029933 ms
[3207:its-tracker]:  - Road finding completed in: 0.005448 ms
[3207:its-tracker]:  - Track finding completed in: 0.744719 ms
[3207:its-tracker]:  - Vertex processing completed in: 14.4149ms
[3207:its-tracker]:  - Context initialisation completed in: 0.112199 ms
[3207:its-tracker]:  - Tracklet finding completed in: 11.3721 ms
[3207:its-tracker]:  - Cell finding completed in: 3.83092 ms
[3207:its-tracker]:  - Neighbour finding completed in: 0.288205 ms
[3207:its-tracker]:  - Road finding completed in: 0.002368 ms
[3207:its-tracker]:  - Track finding completed in: 0.000657 ms
[3207:its-tracker]:  - Vertex processing completed in: 15.6064ms
[3207:its-tracker]:  - Context initialisation completed in: 0.190862 ms
[3207:its-tracker]:  - Tracklet finding completed in: 10.9799 ms
[3207:its-tracker]:  - Cell finding completed in: 1.85128 ms
[3207:its-tracker]:  - Neighbour finding completed in: 0.014537 ms
[3207:its-tracker]:  - Road finding completed in: 0.000349 ms
[3207:its-tracker]:  - Track finding completed in: 0.000534 ms
[3207:its-tracker]:  - Vertex processing completed in: 13.0375ms
[3207:its-tracker]: [07:37:40][INFO] Found tracks: 1643
[3207:its-tracker]: [07:37:40][INFO] ROframe: 46, clusters loaded : 1342
[3207:its-tracker]:  - Vertexer initialisation completed in: 0.132873 ms
[3207:its-tracker]:  - Tracklet finding completed in: 0.013278 ms
[3207:its-tracker]:  - Adjacent tracklets validation completed in: 0.001631 ms
[3207:its-tracker]:  - Vertex finding completed in: 0.007077 ms
[3207:its-tracker]: 		Found vertex with:      8 contributors
[3207:its-tracker]:  - Context initialisation completed in: 1.0172 ms
[3207:its-tracker]:  - Tracklet finding completed in: 0.115841 ms
[3207:its-tracker]:  - Cell finding completed in: 0.004709 ms
[3207:its-tracker]:  - Neighbour finding completed in: 0.003942 ms
[3207:its-tracker]:  - Road finding completed in: 0.001616 ms
[3207:its-tracker]:  - Track finding completed in: 0.107197 ms
[3207:its-tracker]:  - Vertex processing completed in: 1.25051ms
[3207:its-tracker]:  - Context initialisation completed in: 0.002286 ms
[3207:its-tracker]:  - Tracklet finding completed in: 0.083661 ms
[3207:its-tracker]:  - Cell finding completed in: 0.001296 ms
[3207:its-tracker]:  - Neighbour finding completed in: 0.000328 ms
[3207:its-tracker]:  - Road finding completed in: 6.9e-05 ms
[3207:its-tracker]:  - Track finding completed in: 9.6e-05 ms
[3207:its-tracker]:  - Vertex processing completed in: 0.087736ms
[3207:its-tracker]: [07:37:40][INFO] Found tracks: 3
[3207:its-tracker]: [07:37:40][INFO] ITSTracker pushed 12694 tracks
[3207:its-tracker]: [07:37:40][INFO] ITS CA-Tracker total timing: Cpu: 9.300e-01 Real: 9.270e-01 s in 1 slots
[3208:its-track-writer]: [07:37:40][INFO] ITSTrackWriter pulled 12694 tracks, in 47 RO frames
[INFO] Quitting
[INFO] QUIT_REQUESTED
[3203:internal-dpl-clock]: [07:37:40][INFO] Received device shutdown request (signal 15).
[3203:internal-dpl-clock]: [07:37:40][INFO] Waiting for graceful device shutdown. Hit Ctrl-C again to abort immediately.
[3207:its-tracker]: [07:37:40][INFO] Received device shutdown request (signal 15).
[3207:its-tracker]: [07:37:40][INFO] Waiting for graceful device shutdown. Hit Ctrl-C again to abort immediately.
[3205:its-clusterer]: [07:37:40][INFO] Received device shutdown request (signal 15).
[3205:its-clusterer]: [07:37:40][INFO] Waiting for graceful device shutdown. Hit Ctrl-C again to abort immediately.
[3204:its-digit-reader]: [07:37:40][INFO] Received device shutdown request (signal 15).
[3204:its-digit-reader]: [07:37:40][INFO] Waiting for graceful device shutdown. Hit Ctrl-C again to abort immediately.
[3206:its-cluster-writer]: [07:37:40][INFO] Received device shutdown request (signal 15).
[3206:its-cluster-writer]: [07:37:40][INFO] Waiting for graceful device shutdown. Hit Ctrl-C again to abort immediately.
[3208:its-track-writer]: [07:37:40][INFO] Received device shutdown request (signal 15).
[3208:its-track-writer]: [07:37:40][INFO] Waiting for graceful device shutdown. Hit Ctrl-C again to abort immediately.
[3204:its-digit-reader]: [07:37:40][STATE] RUNNING ---> READY
[3204:its-digit-reader]: [07:37:40][STATE] READY ---> RESETTING TASK
[3204:its-digit-reader]: [07:37:40][STATE] RESETTING TASK ---> DEVICE READY
[3204:its-digit-reader]: [07:37:40][STATE] DEVICE READY ---> RESETTING DEVICE
[3204:its-digit-reader]: [07:37:40][STATE] RESETTING DEVICE ---> IDLE
[3204:its-digit-reader]: [07:37:40][STATE] IDLE ---> EXITING
[3204:its-digit-reader]: [07:37:40][STATE] Exiting FairMQ state machine
[3203:internal-dpl-clock]: [07:37:41][STATE] RUNNING ---> READY
[3207:its-tracker]: [07:37:41][STATE] RUNNING ---> READY
[3205:its-clusterer]: [07:37:41][STATE] RUNNING ---> READY
[3203:internal-dpl-clock]: [07:37:41][STATE] READY ---> RESETTING TASK
[3205:its-clusterer]: [07:37:41][STATE] READY ---> RESETTING TASK
[3207:its-tracker]: [07:37:41][STATE] READY ---> RESETTING TASK
[3205:its-clusterer]: [07:37:41][STATE] RESETTING TASK ---> DEVICE READY
[3207:its-tracker]: [07:37:41][STATE] RESETTING TASK ---> DEVICE READY
[3203:internal-dpl-clock]: [07:37:41][STATE] RESETTING TASK ---> DEVICE READY
[3205:its-clusterer]: [07:37:41][STATE] DEVICE READY ---> RESETTING DEVICE
[3203:internal-dpl-clock]: [07:37:41][STATE] DEVICE READY ---> RESETTING DEVICE
[3207:its-tracker]: [07:37:41][STATE] DEVICE READY ---> RESETTING DEVICE
[3203:internal-dpl-clock]: [07:37:41][STATE] RESETTING DEVICE ---> IDLE
[3203:internal-dpl-clock]: [07:37:41][STATE] IDLE ---> EXITING
[3203:internal-dpl-clock]: [07:37:41][STATE] Exiting FairMQ state machine
[3207:its-tracker]: [07:37:41][STATE] RESETTING DEVICE ---> IDLE
[3207:its-tracker]: [07:37:41][STATE] IDLE ---> EXITING
[3207:its-tracker]: [07:37:41][STATE] Exiting FairMQ state machine
[3205:its-clusterer]: [07:37:41][STATE] RESETTING DEVICE ---> IDLE
[3205:its-clusterer]: [07:37:41][STATE] IDLE ---> EXITING
[3205:its-clusterer]: [07:37:41][STATE] Exiting FairMQ state machine
[3206:its-cluster-writer]: [07:37:42][STATE] RUNNING ---> READY
[3206:its-cluster-writer]: [07:37:42][STATE] READY ---> RESETTING TASK
[3206:its-cluster-writer]: [07:37:42][STATE] RESETTING TASK ---> DEVICE READY
[3206:its-cluster-writer]: [07:37:42][STATE] DEVICE READY ---> RESETTING DEVICE
[3206:its-cluster-writer]: [07:37:42][STATE] RESETTING DEVICE ---> IDLE
[3206:its-cluster-writer]: [07:37:42][STATE] IDLE ---> EXITING
[3206:its-cluster-writer]: [07:37:42][STATE] Exiting FairMQ state machine
[3208:its-track-writer]: [07:37:42][STATE] RUNNING ---> READY
[3208:its-track-writer]: [07:37:42][STATE] READY ---> RESETTING TASK
[3208:its-track-writer]: [07:37:42][STATE] RESETTING TASK ---> DEVICE READY
[3208:its-track-writer]: [07:37:42][STATE] DEVICE READY ---> RESETTING DEVICE
[3208:its-track-writer]: Cleaning up for shared memory id 'b672486d'...
[3208:its-track-writer]: No region counter found. No regions to cleanup.
[3208:its-track-writer]: Successfully removed 'fmq_b672486d_m_0'.
[3208:its-track-writer]: Successfully removed 'fmq_b672486d_mng'.
[3208:its-track-writer]: Successfully removed 'fmq_b672486d_mtx'.
[3208:its-track-writer]: Successfully removed 'fmq_b672486d_cv'.
[3208:its-track-writer]: [07:37:42][STATE] RESETTING DEVICE ---> IDLE
[3208:its-track-writer]: [07:37:42][STATE] IDLE ---> EXITING
[3208:its-track-writer]: [07:37:42][STATE] Exiting FairMQ state machine
[INFO] Dumping used configuration in dpl-config.json
