===============================
execute this script as follows:
./generate_its.sh system region nevents
where:
system = 1 -> pp
       = 2 -> Pb-Pb
region = 1 -> ITS only
       = 2 -> whole detector
===============================
will generate Pb-Pb events
will transport events in the ITS only
Will generate: 10 events
Moving to /eos/user/f/ftorales/its_data/alignment/lbnl_alice_alignment_tasks/2287089/7
/eos/user/f/ftorales/its_data/alignment/lbnl_alice_alignment_tasks/2287089/7

==============================================================================================
1. MC generation run
[INFO] Running with 6 sim workers 
[INFO] CREATING SIM SHARED MEM SEGMENT FOR 6 WORKERS
Spawning particle server on PID 996; Redirect output to o2sim_serverlog
Spawning sim worker 0 on PID 998; Redirect output to o2sim_workerlog0
Spawning hit merger on PID 999; Redirect output to o2sim_mergerlog
[INFO] DISTRIBUTING EVENT : 1
[INFO] DISTRIBUTING EVENT : 2
[INFO] EVENT FINISHED : 1
[INFO] EVENT FINISHED : 2
[INFO] DISTRIBUTING EVENT : 3
[INFO] DISTRIBUTING EVENT : 4
[INFO] EVENT FINISHED : 3
[INFO] DISTRIBUTING EVENT : 5
[INFO] EVENT FINISHED : 4
[INFO] EVENT FINISHED : 5
[INFO] DISTRIBUTING EVENT : 6
[INFO] EVENT FINISHED : 6
[INFO] DISTRIBUTING EVENT : 7
[INFO] DISTRIBUTING EVENT : 8
[INFO] EVENT FINISHED : 7
[INFO] EVENT FINISHED : 8
[INFO] DISTRIBUTING EVENT : 9
[INFO] EVENT FINISHED : 9
[INFO] DISTRIBUTING EVENT : 10
[INFO] EVENT FINISHED : 10
[INFO] Merger process 999 returned
[INFO] Simulation process took 85.5054 s
[INFO] SIMULATION RETURNED SUCCESFULLY

==============================================================================================
2. Hits to digits conversion
Run: 1621528937
Fill:      0
Period: 
LHC State: 
Start: Thu May 20 18:42:19 2021
End  : Thu May 20 18:42:19 2021
Beam0: Z:A =   0:  0, Energy = 0.000
Beam1: Z:A =   0:  0, Energy = 0.000
sqrt[s]    = 0.000
crossing angle (radian) = 0.000000e+00
magnet currents (A) L3 = -30000.000, Dipole = -6000
Detectors: Cont.RO Triggers
      ITS:    -       -    
[INFO] MC-TRUTH 1
[INFO] TPC: GEM setup - initialization from scratch
[INFO] TPC: GEM setup (polya) took 7.82
[INFO] TPC is in grp? no; is skipped? no
[INFO] ITS is in grp? yes; is skipped? no
[INFO] MFT is in grp? no; is skipped? no
[INFO] TOF is in grp? no; is skipped? no
[INFO] FT0 is in grp? no; is skipped? no
[INFO] FV0 is in grp? no; is skipped? no
[INFO] EMC is in grp? no; is skipped? no
[INFO] HMP is in grp? no; is skipped? no
[INFO] ZDC is in grp? no; is skipped? no
[INFO] TRD is in grp? no; is skipped? no
[INFO] MCH is in grp? no; is skipped? no
[INFO] MID is in grp? no; is skipped? no
[INFO] FDD is in grp? no; is skipped? no
[INFO] PHS is in grp? no; is skipped? no
[INFO] CPV is in grp? no; is skipped? no
[INFO] Initialising O2 Data Processing Layer
[INFO] O2 Data Processing Layer initialised. We brake for nobody.
[INFO] Optimised build. O2DEBUG / LOG(DEBUG) / LOGF(DEBUG) / assert statement will not be shown.
[INFO] Redeployment of configuration asked.
[INFO] Starting internal-dpl-clock on pid 2100
[INFO] Starting SimReader on pid 2101
[INFO] Starting ITSDigitizer on pid 2102
[INFO] Starting GRPUpdater on pid 2103
[INFO] Starting ITSDigitWriter on pid 2104
[INFO] Redeployment of configuration done.
[2102:ITSDigitizer]: [INFO] MC-TRUTH 1
[2103:GRPUpdater]: [INFO] MC-TRUTH 1
[2103:GRPUpdater]: [INFO] Spawing new device GRPUpdater in process with pid 2103
[2102:ITSDigitizer]: [INFO] Spawing new device ITSDigitizer in process with pid 2102
[2103:GRPUpdater]: [18:45:45][INFO] 
[2103:GRPUpdater]:       ______      _    _______  _________ 
[2103:GRPUpdater]:      / ____/___ _(_)_______   |/  /_  __ \    version 1.4.29
[2103:GRPUpdater]:     / /_  / __ `/ / ___/__  /|_/ /_  / / /    build RELWITHDEBINFO
[2103:GRPUpdater]:    / __/ / /_/ / / /    _  /  / / / /_/ /     https://github.com/FairRootGroup/FairMQ
[2103:GRPUpdater]:   /_/    \__,_/_/_/     /_/  /_/  \___\_\     LGPL-3.0  © 2012-2020 GSI
[2103:GRPUpdater]: 
[2102:ITSDigitizer]: [18:45:45][INFO] 
[2102:ITSDigitizer]:       ______      _    _______  _________ 
[2102:ITSDigitizer]:      / ____/___ _(_)_______   |/  /_  __ \    version 1.4.29
[2102:ITSDigitizer]:     / /_  / __ `/ / ___/__  /|_/ /_  / / /    build RELWITHDEBINFO
[2102:ITSDigitizer]:    / __/ / /_/ / / /    _  /  / / / /_/ /     https://github.com/FairRootGroup/FairMQ
[2102:ITSDigitizer]:   /_/    \__,_/_/_/     /_/  /_/  \___\_\     LGPL-3.0  © 2012-2020 GSI
[2102:ITSDigitizer]: 
[2103:GRPUpdater]: [18:45:45][STATE] Starting FairMQ state machine --> IDLE
[2102:ITSDigitizer]: [18:45:45][STATE] Starting FairMQ state machine --> IDLE
[2100:internal-dpl-clock]: [INFO] MC-TRUTH 1
[2103:GRPUpdater]: 2021-05-20 18:45:45	Monitoring	[0;49mStdOut backend initialized[0m
[2102:ITSDigitizer]: 2021-05-20 18:45:45	Monitoring	[0;49mStdOut backend initialized[0m
[2103:GRPUpdater]: [18:45:45][STATE] IDLE ---> INITIALIZING DEVICE
[2100:internal-dpl-clock]: [INFO] Spawing new device internal-dpl-clock in process with pid 2100
[2100:internal-dpl-clock]: [18:45:45][INFO] 
[2100:internal-dpl-clock]:       ______      _    _______  _________ 
[2100:internal-dpl-clock]:      / ____/___ _(_)_______   |/  /_  __ \    version 1.4.29
[2100:internal-dpl-clock]:     / /_  / __ `/ / ___/__  /|_/ /_  / / /    build RELWITHDEBINFO
[2100:internal-dpl-clock]:    / __/ / /_/ / / /    _  /  / / / /_/ /     https://github.com/FairRootGroup/FairMQ
[2100:internal-dpl-clock]:   /_/    \__,_/_/_/     /_/  /_/  \___\_\     LGPL-3.0  © 2012-2020 GSI
[2100:internal-dpl-clock]: 
[2100:internal-dpl-clock]: [18:45:45][STATE] Starting FairMQ state machine --> IDLE
[2100:internal-dpl-clock]: 2021-05-20 18:45:45	Monitoring	[0;49mStdOut backend initialized[0m
[2100:internal-dpl-clock]: [18:45:45][STATE] IDLE ---> INITIALIZING DEVICE
[2100:internal-dpl-clock]: 2021-05-20 18:45:45	Monitoring	[0;49mBuffering enabled (100)[0m
[2100:internal-dpl-clock]: [18:45:45][STATE] INITIALIZING DEVICE ---> INITIALIZED
[2100:internal-dpl-clock]: [18:45:45][STATE] INITIALIZED ---> BINDING
[2100:internal-dpl-clock]: [18:45:45][STATE] BINDING ---> BOUND
[2100:internal-dpl-clock]: [18:45:45][STATE] BOUND ---> CONNECTING
[2100:internal-dpl-clock]: [18:45:45][STATE] CONNECTING ---> DEVICE READY
[2100:internal-dpl-clock]: [18:45:45][STATE] DEVICE READY ---> INITIALIZING TASK
[2100:internal-dpl-clock]: [18:45:45][STATE] INITIALIZING TASK ---> READY
[2100:internal-dpl-clock]: [18:45:45][STATE] READY ---> RUNNING
[2100:internal-dpl-clock]: [18:45:45][INFO] DEVICE: Running...
[2101:SimReader]: [INFO] MC-TRUTH 1
[2102:ITSDigitizer]: [18:45:45][STATE] IDLE ---> INITIALIZING DEVICE
[2102:ITSDigitizer]: 2021-05-20 18:45:45	Monitoring	[0;49mBuffering enabled (100)[0m
[2102:ITSDigitizer]: [18:45:45][INFO] Initializing geometry service
[2102:ITSDigitizer]: [18:45:45][INFO] Loading geometry FAIRGeom from o2sim_geometry.root
[2103:GRPUpdater]: 2021-05-20 18:45:45	Monitoring	[0;49mBuffering enabled (100)[0m
[2103:GRPUpdater]: [18:45:45][STATE] INITIALIZING DEVICE ---> INITIALIZED
[2103:GRPUpdater]: [18:45:45][STATE] INITIALIZED ---> BINDING
[2103:GRPUpdater]: [18:45:45][STATE] BINDING ---> BOUND
[2103:GRPUpdater]: [18:45:45][STATE] BOUND ---> CONNECTING
[2103:GRPUpdater]: [18:45:45][STATE] CONNECTING ---> DEVICE READY
[2103:GRPUpdater]: [18:45:45][STATE] DEVICE READY ---> INITIALIZING TASK
[2103:GRPUpdater]: [18:45:45][STATE] INITIALIZING TASK ---> READY
[2103:GRPUpdater]: [18:45:45][STATE] READY ---> RUNNING
[2103:GRPUpdater]: [18:45:45][INFO] DEVICE: Running...
[2104:ITSDigitWriter]: [INFO] MC-TRUTH 1
[2101:SimReader]: [INFO] Spawing new device SimReader in process with pid 2101
[2101:SimReader]: [18:45:45][INFO] 
[2101:SimReader]:       ______      _    _______  _________ 
[2101:SimReader]:      / ____/___ _(_)_______   |/  /_  __ \    version 1.4.29
[2101:SimReader]:     / /_  / __ `/ / ___/__  /|_/ /_  / / /    build RELWITHDEBINFO
[2101:SimReader]:    / __/ / /_/ / / /    _  /  / / / /_/ /     https://github.com/FairRootGroup/FairMQ
[2101:SimReader]:   /_/    \__,_/_/_/     /_/  /_/  \___\_\     LGPL-3.0  © 2012-2020 GSI
[2101:SimReader]: 
[2101:SimReader]: [18:45:45][STATE] Starting FairMQ state machine --> IDLE
[2101:SimReader]: 2021-05-20 18:45:45	Monitoring	[0;49mStdOut backend initialized[0m
[2101:SimReader]: [18:45:45][STATE] IDLE ---> INITIALIZING DEVICE
[2104:ITSDigitWriter]: [INFO] Spawing new device ITSDigitWriter in process with pid 2104
[2104:ITSDigitWriter]: [18:45:45][INFO] 
[2104:ITSDigitWriter]:       ______      _    _______  _________ 
[2104:ITSDigitWriter]:      / ____/___ _(_)_______   |/  /_  __ \    version 1.4.29
[2104:ITSDigitWriter]:     / /_  / __ `/ / ___/__  /|_/ /_  / / /    build RELWITHDEBINFO
[2104:ITSDigitWriter]:    / __/ / /_/ / / /    _  /  / / / /_/ /     https://github.com/FairRootGroup/FairMQ
[2104:ITSDigitWriter]:   /_/    \__,_/_/_/     /_/  /_/  \___\_\     LGPL-3.0  © 2012-2020 GSI
[2104:ITSDigitWriter]: 
[2101:SimReader]: 2021-05-20 18:45:45	Monitoring	[0;49mBuffering enabled (100)[0m
[2101:SimReader]: [18:45:45][INFO] adding o2sim
[2101:SimReader]: 
[2101:SimReader]: [18:45:45][INFO] INCONTEXTSTRING 
[2101:SimReader]: [18:45:45][INFO] Imposing hadronic interaction rate 50000Hz
[2101:SimReader]: [18:45:45][WARN] No bunch filling provided, impose default one
[2101:SimReader]: [18:45:45][INFO] Deducing mu=0.00771915 per BC from IR=50000 with 576 BCs
[2101:SimReader]: [18:45:45][INFO] InteractionSampler with 576 colliding BCs, mu(BC)= 0.00771915 -> total IR= 50000
[2101:SimReader]: [18:45:45][INFO] Current BCid:    0 Orbit:      1 |T in BC(ns): 0.000(0 coll left)
[2101:SimReader]: [18:45:45][INFO] setting up 1 chains
[2104:ITSDigitWriter]: [18:45:45][STATE] Starting FairMQ state machine --> IDLE
[2104:ITSDigitWriter]: 2021-05-20 18:45:45	Monitoring	[0;49mStdOut backend initialized[0m
[2104:ITSDigitWriter]: [18:45:45][STATE] IDLE ---> INITIALIZING DEVICE
[2104:ITSDigitWriter]: 2021-05-20 18:45:45	Monitoring	[0;49mBuffering enabled (100)[0m
[2104:ITSDigitWriter]: [18:45:45][INFO] 0: branch  ITSDigitMCTruth set up
[2104:ITSDigitWriter]: [18:45:45][INFO] 1: branch  ITSDigitMC2ROF set up
[2104:ITSDigitWriter]: [18:45:45][INFO] 2: branch  ITSDigit set up
[2104:ITSDigitWriter]: [18:45:45][INFO] 3: branch  ITSDigitROF set up
[2104:ITSDigitWriter]: [18:45:45][STATE] INITIALIZING DEVICE ---> INITIALIZED
[2104:ITSDigitWriter]: [18:45:45][STATE] INITIALIZED ---> BINDING
[2104:ITSDigitWriter]: [18:45:45][STATE] BINDING ---> BOUND
[2104:ITSDigitWriter]: [18:45:45][STATE] BOUND ---> CONNECTING
[2104:ITSDigitWriter]: [18:45:45][STATE] CONNECTING ---> DEVICE READY
[2104:ITSDigitWriter]: [18:45:45][STATE] DEVICE READY ---> INITIALIZING TASK
[2104:ITSDigitWriter]: [18:45:45][STATE] INITIALIZING TASK ---> READY
[2104:ITSDigitWriter]: [18:45:45][STATE] READY ---> RUNNING
[2104:ITSDigitWriter]: [18:45:45][INFO] DEVICE: Running...
[2102:ITSDigitizer]: Info in <TGeoManager::CloseGeometry>: Geometry loaded from file...
[2102:ITSDigitizer]: Info in <TGeoManager::SetTopVolume>: Top volume is cave. Master volume is cave
[2102:ITSDigitizer]: Info in <TGeoNavigator::BuildCache>: --- Maximum geometry depth set to 100
[2102:ITSDigitizer]: Info in <TGeoManager::CloseGeometry>: Voxelization retrieved from file
[2102:ITSDigitizer]: Info in <TGeoManager::CountLevels>: max level = 9, max placements = 126
[2102:ITSDigitizer]: Info in <TGeoManager::CloseGeometry>: 179840 nodes/ 399 volume UID's in FAIR geometry
[2102:ITSDigitizer]: Info in <TGeoManager::CloseGeometry>: ----------------modeler ready----------------
[2102:ITSDigitizer]: [18:45:46][INFO] Initializing field service
[2102:ITSDigitizer]: [18:45:46][INFO] MagneticField::Print: MagneticFieldMap:
[2102:ITSDigitizer]: [18:45:46][INFO] MagneticField::Print: Solenoid (-1*)5 kG, Dipole ON (-1) 
[2102:ITSDigitizer]: [18:45:46][INFO] MagneticField::Print: Machine B fields for p-p  beam (7000 GeV): QGrad: 22.0002 Dipole: 37.8781
[2102:ITSDigitizer]: [18:45:46][INFO] MagneticField::Print: Uses Sol30_Dip6_Hole  of /cvmfs/alice.cern.ch/el7-x86_64/Packages/O2/nightly-20210129-1/share/Common/maps/mfchebKGI_sym.root
[2102:ITSDigitizer]: Info in <TGeoGlobalMagField::SetField>: Global magnetic field set to <MagneticFieldMap>
[2102:ITSDigitizer]: Info in <TGeoGlobalMagField::Lock>: Global magnetic field <MagneticFieldMap> is now locked
[2102:ITSDigitizer]: [18:45:46][INFO] Set Alpide charge threshold to 150, single hit will be accounted from 15 electrons
[2102:ITSDigitizer]: [18:45:46][INFO] ITS simulated in CONTINUOUS RO mode
[2101:SimReader]: [18:45:46][INFO] Automatic deduction of number of collisions ... will just take number of background entries 10
[2101:SimReader]: Summary of DigitizationContext --
[2101:SimReader]: Parts per collision 1
[2101:SimReader]: Collision parts taken from simulations specified by prefix:
[2101:SimReader]: Number of Collisions 10
[2101:SimReader]: Collision 0 TIME BCid: 1418 Orbit:      1 |T in BC(ns): -0.093 (0 , 0)
[2101:SimReader]: Collision 1 TIME BCid: 1972 Orbit:      1 |T in BC(ns): 0.146 (0 , 1)
[2101:SimReader]: Collision 2 TIME BCid:  588 Orbit:      2 |T in BC(ns): 0.107 (0 , 2)
[2101:SimReader]: Collision 3 TIME BCid:  644 Orbit:      2 |T in BC(ns): 0.013 (0 , 3)
[2101:SimReader]: Collision 4 TIME BCid: 1990 Orbit:      2 |T in BC(ns): 0.003 (0 , 4)
[2101:SimReader]: Collision 5 TIME BCid:   36 Orbit:      3 |T in BC(ns): -0.241 (0 , 5)
[2101:SimReader]: Collision 6 TIME BCid: 1400 Orbit:      3 |T in BC(ns): 0.368 (0 , 6)
[2101:SimReader]: Collision 7 TIME BCid:  822 Orbit:      4 |T in BC(ns): 0.147 (0 , 7)
[2101:SimReader]: Collision 8 TIME BCid: 1014 Orbit:      4 |T in BC(ns): 0.215 (0 , 8)
[2101:SimReader]: Collision 9 TIME BCid: 1404 Orbit:      4 |T in BC(ns): -0.308 (0 , 9)
[2101:SimReader]: [18:45:46][INFO] Initializing Spec ... have 10 times 
[2101:SimReader]: [18:45:46][INFO] Serializing Context for later reuse
[2102:ITSDigitizer]: [18:45:46][INFO] Loading ITS L2G matrices from TGeo
[2101:SimReader]: [18:45:46][STATE] INITIALIZING DEVICE ---> INITIALIZED
[2101:SimReader]: [18:45:46][STATE] INITIALIZED ---> BINDING
[2101:SimReader]: [18:45:46][STATE] BINDING ---> BOUND
[2101:SimReader]: [18:45:46][STATE] BOUND ---> CONNECTING
[2101:SimReader]: [18:45:46][STATE] CONNECTING ---> DEVICE READY
[2101:SimReader]: [18:45:46][STATE] DEVICE READY ---> INITIALIZING TASK
[2101:SimReader]: [18:45:46][STATE] INITIALIZING TASK ---> READY
[2101:SimReader]: [18:45:46][STATE] READY ---> RUNNING
[2101:SimReader]: [18:45:46][INFO] DEVICE: Running...
[2101:SimReader]: [18:45:46][INFO] SENDING SOMETHING TO OTHERS
[2102:ITSDigitizer]: Alpide response object of 40500 matrices to map chagre in xyz to 5x5 pixels
[2102:ITSDigitizer]: X(col) range: +0.000000e+00 : +1.462000e-03 | step: 5.000000e-05 | Nbins: 30
[2102:ITSDigitizer]: Y(row) range: +0.000000e+00 : +1.344000e-03 | step: 5.000000e-05 | Nbins: 27
[2102:ITSDigitizer]: Z(dpt) range: -2.000000e-03 : +2.500000e-03 | step: 8.999999e-05 | Nbins: 50
[2102:ITSDigitizer]: Alpide digitization params:
[2102:ITSDigitizer]: Continuous readout             : ON
[2102:ITSDigitizer]: Readout Frame Length(ns)       : 9880.510742
[2102:ITSDigitizer]: Strobe delay (ns)              : 99.803139
[2102:ITSDigitizer]: Strobe length (ns)             : 9780.708008
[2102:ITSDigitizer]: Threshold (N electrons)        : 150
[2102:ITSDigitizer]: Min N electrons to accoint     : 15
[2102:ITSDigitizer]: Number of charge sharing steps : 7
[2102:ITSDigitizer]: ELoss to N electrons factor    : 2.777778e+08
[2102:ITSDigitizer]: Noise level per pixel          : 1.000000e-07
[2102:ITSDigitizer]: Charge time-response:
[2102:ITSDigitizer]: o2::itsmft::AlpideSignalTrapezoid | Duration: 7500.0 MaxRiseTime: 1100.0 (RiseTime=0 at q=450.0) (ns)
[2102:ITSDigitizer]: [18:45:47][STATE] INITIALIZING DEVICE ---> INITIALIZED
[2102:ITSDigitizer]: [18:45:47][STATE] INITIALIZED ---> BINDING
[2102:ITSDigitizer]: [18:45:47][STATE] BINDING ---> BOUND
[2102:ITSDigitizer]: [18:45:47][STATE] BOUND ---> CONNECTING
[2102:ITSDigitizer]: [18:45:47][STATE] CONNECTING ---> DEVICE READY
[2102:ITSDigitizer]: [18:45:47][STATE] DEVICE READY ---> INITIALIZING TASK
[2102:ITSDigitizer]: [18:45:47][STATE] INITIALIZING TASK ---> READY
[2102:ITSDigitizer]: [18:45:47][STATE] READY ---> RUNNING
[2102:ITSDigitizer]: [18:45:47][INFO] DEVICE: Running...
[2102:ITSDigitizer]: [18:45:47][INFO] GOT 10 COLLISSION TIMES
[2102:ITSDigitizer]: [18:45:47][INFO] SIMCHAINS 1
[2102:ITSDigitizer]: [18:45:47][INFO]  CALLING ITS DIGITIZATION 
[2102:ITSDigitizer]: [18:45:47][INFO] Digitizing ITS hits of entry 0 from source 0 at time BCid: 1418 Orbit:      1 |T in BC(ns): -0.093 ROFrame= 12) cont.mode: 1 Min/Max ROFrames 0/11
[2102:ITSDigitizer]: [18:45:47][INFO] Filling ITS digits output for RO frames 0:11
[2102:ITSDigitizer]: ROF: 0 | 1283 entries starting from 0
[2102:ITSDigitizer]: BCid:    0 Orbit:      0
[2102:ITSDigitizer]: ROF: 1 | 1267 entries starting from 1283
[2102:ITSDigitizer]: BCid:  396 Orbit:      0
[2102:ITSDigitizer]: ROF: 2 | 1323 entries starting from 2550
[2102:ITSDigitizer]: BCid:  792 Orbit:      0
[2102:ITSDigitizer]: ROF: 3 | 1229 entries starting from 3873
[2102:ITSDigitizer]: BCid: 1188 Orbit:      0
[2102:ITSDigitizer]: ROF: 4 | 1245 entries starting from 5102
[2102:ITSDigitizer]: BCid: 1584 Orbit:      0
[2102:ITSDigitizer]: ROF: 5 | 1248 entries starting from 6347
[2102:ITSDigitizer]: BCid: 1980 Orbit:      0
[2102:ITSDigitizer]: ROF: 6 | 1259 entries starting from 7595
[2102:ITSDigitizer]: BCid: 2376 Orbit:      0
[2102:ITSDigitizer]: ROF: 7 | 1258 entries starting from 8854
[2102:ITSDigitizer]: BCid: 2772 Orbit:      0
[2102:ITSDigitizer]: ROF: 8 | 1247 entries starting from 10112
[2102:ITSDigitizer]: BCid: 3168 Orbit:      0
[2102:ITSDigitizer]: ROF: 9 | 1249 entries starting from 11359
[2102:ITSDigitizer]: BCid:    0 Orbit:      1
[2102:ITSDigitizer]: ROF: 10 | 1258 entries starting from 12608
[2102:ITSDigitizer]: BCid:  396 Orbit:      1
[2102:ITSDigitizer]: ROF: 11 | 1259 entries starting from 13866
[2102:ITSDigitizer]: BCid:  792 Orbit:      1
[2102:ITSDigitizer]: [18:45:47][INFO] Added 15125 digits 
[2102:ITSDigitizer]: [18:45:47][INFO] Digitizing ITS hits of entry 1 from source 0 at time BCid: 1972 Orbit:      1 |T in BC(ns): 0.146 ROFrame= 13) cont.mode: 1 Min/Max ROFrames 12/13
[2102:ITSDigitizer]: [18:45:47][INFO] Filling ITS digits output for RO frames 12:12
[2102:ITSDigitizer]: ROF: 12 | 15379 entries starting from 15125
[2102:ITSDigitizer]: BCid: 1188 Orbit:      1
[2102:ITSDigitizer]: MCEventID: 0 ROFs: 12-13 Entry in ROFRecords: 12
[2102:ITSDigitizer]: [18:45:47][INFO] Added 15379 digits 
[2102:ITSDigitizer]: [18:45:47][INFO] Digitizing ITS hits of entry 2 from source 0 at time BCid:  588 Orbit:      2 |T in BC(ns): 0.107 ROFrame= 19) cont.mode: 1 Min/Max ROFrames 13/18
[2102:ITSDigitizer]: [18:45:47][INFO] Filling ITS digits output for RO frames 13:18
[2102:ITSDigitizer]: ROF: 13 | 51883 entries starting from 30504
[2102:ITSDigitizer]: BCid: 1584 Orbit:      1
[2102:ITSDigitizer]: MCEventID: 1 ROFs: 13-15 Entry in ROFRecords: 13
[2102:ITSDigitizer]: ROF: 14 | 48983 entries starting from 82387
[2102:ITSDigitizer]: BCid: 1980 Orbit:      1
[2102:ITSDigitizer]: ROF: 15 | 1343 entries starting from 131370
[2102:ITSDigitizer]: BCid: 2376 Orbit:      1
[2102:ITSDigitizer]: ROF: 16 | 1302 entries starting from 132713
[2102:ITSDigitizer]: BCid: 2772 Orbit:      1
[2102:ITSDigitizer]: ROF: 17 | 1214 entries starting from 134015
[2102:ITSDigitizer]: BCid: 3168 Orbit:      1
[2102:ITSDigitizer]: ROF: 18 | 1282 entries starting from 135229
[2102:ITSDigitizer]: BCid:    0 Orbit:      2
[2102:ITSDigitizer]: [18:45:47][INFO] Added 106007 digits 
[2102:ITSDigitizer]: [18:45:47][INFO] Digitizing ITS hits of entry 3 from source 0 at time BCid:  644 Orbit:      2 |T in BC(ns): 0.013 ROFrame= 19) cont.mode: 1 Min/Max ROFrames 19/20
[2102:ITSDigitizer]: [18:45:47][INFO] Digitizing ITS hits of entry 4 from source 0 at time BCid: 1990 Orbit:      2 |T in BC(ns): 0.003 ROFrame= 23) cont.mode: 1 Min/Max ROFrames 19/22
[2102:ITSDigitizer]: [18:45:47][INFO] Filling ITS digits output for RO frames 19:22
[2102:ITSDigitizer]: ROF: 19 | 12355 entries starting from 136511
[2102:ITSDigitizer]: BCid:  396 Orbit:      2
[2102:ITSDigitizer]: MCEventID: 2 ROFs: 19-20 Entry in ROFRecords: 19
[2102:ITSDigitizer]: MCEventID: 3 ROFs: 19-20 Entry in ROFRecords: 19
[2102:ITSDigitizer]: ROF: 20 | 12355 entries starting from 148866
[2102:ITSDigitizer]: BCid:  792 Orbit:      2
[2102:ITSDigitizer]: ROF: 21 | 1245 entries starting from 161221
[2102:ITSDigitizer]: BCid: 1188 Orbit:      2
[2102:ITSDigitizer]: ROF: 22 | 1289 entries starting from 162466
[2102:ITSDigitizer]: BCid: 1584 Orbit:      2
[2102:ITSDigitizer]: [18:45:47][INFO] Added 27244 digits 
[2102:ITSDigitizer]: [18:45:47][INFO] Digitizing ITS hits of entry 5 from source 0 at time BCid:   36 Orbit:      3 |T in BC(ns): -0.241 ROFrame= 27) cont.mode: 1 Min/Max ROFrames 23/26
[2102:ITSDigitizer]: [18:45:47][INFO] Filling ITS digits output for RO frames 23:26
[2102:ITSDigitizer]: ROF: 23 | 7946 entries starting from 163755
[2102:ITSDigitizer]: BCid: 1980 Orbit:      2
[2102:ITSDigitizer]: MCEventID: 4 ROFs: 23-24 Entry in ROFRecords: 23
[2102:ITSDigitizer]: ROF: 24 | 1338 entries starting from 171701
[2102:ITSDigitizer]: BCid: 2376 Orbit:      2
[2102:ITSDigitizer]: ROF: 25 | 1234 entries starting from 173039
[2102:ITSDigitizer]: BCid: 2772 Orbit:      2
[2102:ITSDigitizer]: ROF: 26 | 1245 entries starting from 174273
[2102:ITSDigitizer]: BCid: 3168 Orbit:      2
[2102:ITSDigitizer]: [18:45:47][INFO] Added 11763 digits 
[2102:ITSDigitizer]: [18:45:47][INFO] Digitizing ITS hits of entry 6 from source 0 at time BCid: 1400 Orbit:      3 |T in BC(ns): 0.368 ROFrame= 30) cont.mode: 1 Min/Max ROFrames 27/29
[2102:ITSDigitizer]: [18:45:47][INFO] Filling ITS digits output for RO frames 27:29
[2102:ITSDigitizer]: ROF: 27 | 95038 entries starting from 175518
[2102:ITSDigitizer]: BCid:    0 Orbit:      3
[2102:ITSDigitizer]: MCEventID: 5 ROFs: 27-28 Entry in ROFRecords: 27
[2102:ITSDigitizer]: ROF: 28 | 1723 entries starting from 270556
[2102:ITSDigitizer]: BCid:  396 Orbit:      3
[2102:ITSDigitizer]: ROF: 29 | 1268 entries starting from 272279
[2102:ITSDigitizer]: BCid:  792 Orbit:      3
[2102:ITSDigitizer]: [18:45:48][INFO] Added 98029 digits 
[2102:ITSDigitizer]: [18:45:48][INFO] Digitizing ITS hits of entry 7 from source 0 at time BCid:  822 Orbit:      4 |T in BC(ns): 0.147 ROFrame= 38) cont.mode: 1 Min/Max ROFrames 30/37
[2102:ITSDigitizer]: [18:45:48][INFO] Filling ITS digits output for RO frames 30:37
[2102:ITSDigitizer]: ROF: 30 | 296789 entries starting from 273547
[2102:ITSDigitizer]: BCid: 1188 Orbit:      3
[2102:ITSDigitizer]: MCEventID: 6 ROFs: 30-32 Entry in ROFRecords: 30
[2102:ITSDigitizer]: ROF: 31 | 296826 entries starting from 570336
[2102:ITSDigitizer]: BCid: 1584 Orbit:      3
[2102:ITSDigitizer]: ROF: 32 | 1422 entries starting from 867162
[2102:ITSDigitizer]: BCid: 1980 Orbit:      3
[2102:ITSDigitizer]: ROF: 33 | 1245 entries starting from 868584
[2102:ITSDigitizer]: BCid: 2376 Orbit:      3
[2102:ITSDigitizer]: ROF: 34 | 1259 entries starting from 869829
[2102:ITSDigitizer]: BCid: 2772 Orbit:      3
[2102:ITSDigitizer]: ROF: 35 | 1242 entries starting from 871088
[2102:ITSDigitizer]: BCid: 3168 Orbit:      3
[2102:ITSDigitizer]: ROF: 36 | 1257 entries starting from 872330
[2102:ITSDigitizer]: BCid:    0 Orbit:      4
[2102:ITSDigitizer]: ROF: 37 | 1187 entries starting from 873587
[2102:ITSDigitizer]: BCid:  396 Orbit:      4
[2102:ITSDigitizer]: [18:45:48][INFO] Added 601227 digits 
[2102:ITSDigitizer]: [18:45:48][INFO] Digitizing ITS hits of entry 8 from source 0 at time BCid: 1014 Orbit:      4 |T in BC(ns): 0.215 ROFrame= 38) cont.mode: 1 Min/Max ROFrames 38/39
[2102:ITSDigitizer]: [18:45:49][INFO] Digitizing ITS hits of entry 9 from source 0 at time BCid: 1404 Orbit:      4 |T in BC(ns): -0.308 ROFrame= 39) cont.mode: 1 Min/Max ROFrames 38/40
[2102:ITSDigitizer]: [18:45:49][INFO] Filling ITS digits output for RO frames 38:38
[2102:ITSDigitizer]: ROF: 38 | 184503 entries starting from 874774
[2102:ITSDigitizer]: BCid:  792 Orbit:      4
[2102:ITSDigitizer]: MCEventID: 7 ROFs: 38-39 Entry in ROFRecords: 38
[2102:ITSDigitizer]: MCEventID: 8 ROFs: 38-40 Entry in ROFRecords: 38
[2102:ITSDigitizer]: [18:45:49][INFO] Added 184503 digits 
[2102:ITSDigitizer]: [18:45:49][INFO] Filling ITS digits output for RO frames 39:41
[2102:ITSDigitizer]: ROF: 39 | 368879 entries starting from 1059277
[2102:ITSDigitizer]: BCid: 1188 Orbit:      4
[2102:ITSDigitizer]: MCEventID: 9 ROFs: 39-41 Entry in ROFRecords: 39
[2102:ITSDigitizer]: ROF: 40 | 227945 entries starting from 1428156
[2102:ITSDigitizer]: BCid: 1584 Orbit:      4
[2102:ITSDigitizer]: ROF: 41 | 1310 entries starting from 1656101
[2102:ITSDigitizer]: BCid: 1980 Orbit:      4
[2102:ITSDigitizer]: [18:45:50][INFO] Added 598134 digits 
[2102:ITSDigitizer]: [18:45:50][INFO] ITS: Sending ROMode= 3 to GRPUpdater
[2102:ITSDigitizer]: [18:45:50][INFO] Digitization took 2.86s
[2104:ITSDigitWriter]: [18:45:50][INFO] WRITING 1667599 LABELS 
[2103:GRPUpdater]: [18:45:50][INFO] Updated GRP in o2sim_grp.root for detectors RO mode
[2103:GRPUpdater]: Run: 1621528937
[2103:GRPUpdater]: Fill:      0
[2103:GRPUpdater]: Period: 
[2103:GRPUpdater]: LHC State: 
[2103:GRPUpdater]: Start: Thu May 20 18:42:19 2021
[2103:GRPUpdater]: End  : Thu May 20 18:42:19 2021
[2103:GRPUpdater]: Beam0: Z:A =   0:  0, Energy = 0.000
[2103:GRPUpdater]: Beam1: Z:A =   0:  0, Energy = 0.000
[2103:GRPUpdater]: sqrt[s]    = 0.000
[2103:GRPUpdater]: crossing angle (radian) = 0.000000e+00
[2103:GRPUpdater]: magnet currents (A) L3 = -30000.000, Dipole = -6000
[2103:GRPUpdater]: Detectors: Cont.RO Triggers
[2103:GRPUpdater]:       ITS:    +       -    
[2104:ITSDigitWriter]: [18:45:50][INFO] RECEIVED DIGITS SIZE 1657411
[INFO] Quitting
[INFO] QUIT_REQUESTED
[2102:ITSDigitizer]: [18:45:50][INFO] Received device shutdown request (signal 15).
[2102:ITSDigitizer]: [18:45:50][INFO] Waiting for graceful device shutdown. Hit Ctrl-C again to abort immediately.
[2103:GRPUpdater]: [18:45:50][INFO] Received device shutdown request (signal 15).
[2103:GRPUpdater]: [18:45:50][INFO] Waiting for graceful device shutdown. Hit Ctrl-C again to abort immediately.
[2100:internal-dpl-clock]: [18:45:50][INFO] Received device shutdown request (signal 15).
[2100:internal-dpl-clock]: [18:45:50][INFO] Waiting for graceful device shutdown. Hit Ctrl-C again to abort immediately.
[2101:SimReader]: [18:45:50][INFO] Received device shutdown request (signal 15).
[2101:SimReader]: [18:45:50][INFO] Waiting for graceful device shutdown. Hit Ctrl-C again to abort immediately.
[2104:ITSDigitWriter]: [18:45:50][INFO] Received device shutdown request (signal 15).
[2104:ITSDigitWriter]: [18:45:50][INFO] Waiting for graceful device shutdown. Hit Ctrl-C again to abort immediately.
[2101:SimReader]: [18:45:50][STATE] RUNNING ---> READY
[2101:SimReader]: [18:45:50][STATE] READY ---> RESETTING TASK
[2101:SimReader]: [18:45:50][STATE] RESETTING TASK ---> DEVICE READY
[2101:SimReader]: [18:45:50][STATE] DEVICE READY ---> RESETTING DEVICE
[2101:SimReader]: [18:45:50][STATE] RESETTING DEVICE ---> IDLE
[2101:SimReader]: [18:45:50][STATE] IDLE ---> EXITING
[2101:SimReader]: [18:45:50][STATE] Exiting FairMQ state machine
[2102:ITSDigitizer]: [18:45:51][STATE] RUNNING ---> READY
[2100:internal-dpl-clock]: [18:45:51][STATE] RUNNING ---> READY
[2102:ITSDigitizer]: [18:45:51][STATE] READY ---> RESETTING TASK
[2102:ITSDigitizer]: [18:45:51][STATE] RESETTING TASK ---> DEVICE READY
[2100:internal-dpl-clock]: [18:45:51][STATE] READY ---> RESETTING TASK
[2100:internal-dpl-clock]: [18:45:51][STATE] RESETTING TASK ---> DEVICE READY
[2102:ITSDigitizer]: [18:45:51][STATE] DEVICE READY ---> RESETTING DEVICE
[2103:GRPUpdater]: [18:45:51][STATE] RUNNING ---> READY
[2103:GRPUpdater]: [18:45:51][STATE] READY ---> RESETTING TASK
[2103:GRPUpdater]: [18:45:51][STATE] RESETTING TASK ---> DEVICE READY
[2103:GRPUpdater]: [18:45:51][STATE] DEVICE READY ---> RESETTING DEVICE
[2100:internal-dpl-clock]: [18:45:51][STATE] DEVICE READY ---> RESETTING DEVICE
[2103:GRPUpdater]: [18:45:51][STATE] RESETTING DEVICE ---> IDLE
[2103:GRPUpdater]: [18:45:51][STATE] IDLE ---> EXITING
[2102:ITSDigitizer]: [18:45:51][STATE] RESETTING DEVICE ---> IDLE
[2102:ITSDigitizer]: [18:45:51][STATE] IDLE ---> EXITING
[2103:GRPUpdater]: [18:45:51][STATE] Exiting FairMQ state machine
[2100:internal-dpl-clock]: [18:45:51][STATE] RESETTING DEVICE ---> IDLE
[2100:internal-dpl-clock]: [18:45:51][STATE] IDLE ---> EXITING
[2100:internal-dpl-clock]: [18:45:51][STATE] Exiting FairMQ state machine
[2102:ITSDigitizer]: [18:45:51][STATE] Exiting FairMQ state machine
[2104:ITSDigitWriter]: [18:45:52][STATE] RUNNING ---> READY
[2104:ITSDigitWriter]: [18:45:52][STATE] READY ---> RESETTING TASK
[2104:ITSDigitWriter]: [18:45:52][STATE] RESETTING TASK ---> DEVICE READY
[2104:ITSDigitWriter]: [18:45:52][STATE] DEVICE READY ---> RESETTING DEVICE
[2104:ITSDigitWriter]: Cleaning up for shared memory id 'ca2969e8'...
[2104:ITSDigitWriter]: No region counter found. No regions to cleanup.
[2104:ITSDigitWriter]: Successfully removed 'fmq_ca2969e8_m_0'.
[2104:ITSDigitWriter]: Successfully removed 'fmq_ca2969e8_mng'.
[2104:ITSDigitWriter]: Successfully removed 'fmq_ca2969e8_mtx'.
[2104:ITSDigitWriter]: Successfully removed 'fmq_ca2969e8_cv'.
[2104:ITSDigitWriter]: [18:45:52][STATE] RESETTING DEVICE ---> IDLE
[2104:ITSDigitWriter]: [18:45:52][STATE] IDLE ---> EXITING
[2104:ITSDigitWriter]: [18:45:52][STATE] Exiting FairMQ state machine
[INFO] Dumping used configuration in dpl-config.json

==============================================================================================
3. Tracking
[INFO] Initialising O2 Data Processing Layer
[INFO] O2 Data Processing Layer initialised. We brake for nobody.
[INFO] Optimised build. O2DEBUG / LOG(DEBUG) / LOGF(DEBUG) / assert statement will not be shown.
[INFO] Redeployment of configuration asked.
[INFO] Starting internal-dpl-clock on pid 3183
[INFO] Starting its-digit-reader on pid 3184
[INFO] Starting its-clusterer on pid 3185
[INFO] Starting its-cluster-writer on pid 3186
[INFO] Starting its-tracker on pid 3187
[INFO] Starting its-track-writer on pid 3188
[INFO] Redeployment of configuration done.
[3183:internal-dpl-clock]: [INFO] Spawing new device internal-dpl-clock in process with pid 3183
[3188:its-track-writer]: [INFO] Spawing new device its-track-writer in process with pid 3188
[3185:its-clusterer]: [INFO] Spawing new device its-clusterer in process with pid 3185
[3187:its-tracker]: [INFO] Spawing new device its-tracker in process with pid 3187
[3186:its-cluster-writer]: [INFO] Spawing new device its-cluster-writer in process with pid 3186
[3183:internal-dpl-clock]: [18:47:51][INFO] 
[3183:internal-dpl-clock]:       ______      _    _______  _________ 
[3183:internal-dpl-clock]:      / ____/___ _(_)_______   |/  /_  __ \    version 1.4.29
[3183:internal-dpl-clock]:     / /_  / __ `/ / ___/__  /|_/ /_  / / /    build RELWITHDEBINFO
[3183:internal-dpl-clock]:    / __/ / /_/ / / /    _  /  / / / /_/ /     https://github.com/FairRootGroup/FairMQ
[3183:internal-dpl-clock]:   /_/    \__,_/_/_/     /_/  /_/  \___\_\     LGPL-3.0  © 2012-2020 GSI
[3183:internal-dpl-clock]: 
[3185:its-clusterer]: [18:47:51][INFO] 
[3185:its-clusterer]:       ______      _    _______  _________ 
[3185:its-clusterer]:      / ____/___ _(_)_______   |/  /_  __ \    version 1.4.29
[3185:its-clusterer]:     / /_  / __ `/ / ___/__  /|_/ /_  / / /    build RELWITHDEBINFO
[3185:its-clusterer]:    / __/ / /_/ / / /    _  /  / / / /_/ /     https://github.com/FairRootGroup/FairMQ
[3185:its-clusterer]:   /_/    \__,_/_/_/     /_/  /_/  \___\_\     LGPL-3.0  © 2012-2020 GSI
[3185:its-clusterer]: 
[3186:its-cluster-writer]: [18:47:51][INFO] 
[3186:its-cluster-writer]:       ______      _    _______  _________ 
[3186:its-cluster-writer]:      / ____/___ _(_)_______   |/  /_  __ \    version 1.4.29
[3186:its-cluster-writer]:     / /_  / __ `/ / ___/__  /|_/ /_  / / /    build RELWITHDEBINFO
[3186:its-cluster-writer]:    / __/ / /_/ / / /    _  /  / / / /_/ /     https://github.com/FairRootGroup/FairMQ
[3186:its-cluster-writer]:   /_/    \__,_/_/_/     /_/  /_/  \___\_\     LGPL-3.0  © 2012-2020 GSI
[3186:its-cluster-writer]: 
[3187:its-tracker]: [18:47:51][INFO] 
[3187:its-tracker]:       ______      _    _______  _________ 
[3187:its-tracker]:      / ____/___ _(_)_______   |/  /_  __ \    version 1.4.29
[3187:its-tracker]:     / /_  / __ `/ / ___/__  /|_/ /_  / / /    build RELWITHDEBINFO
[3187:its-tracker]:    / __/ / /_/ / / /    _  /  / / / /_/ /     https://github.com/FairRootGroup/FairMQ
[3187:its-tracker]:   /_/    \__,_/_/_/     /_/  /_/  \___\_\     LGPL-3.0  © 2012-2020 GSI
[3187:its-tracker]: 
[3183:internal-dpl-clock]: [18:47:51][STATE] Starting FairMQ state machine --> IDLE
[3186:its-cluster-writer]: [18:47:51][STATE] Starting FairMQ state machine --> IDLE
[3188:its-track-writer]: [18:47:51][INFO] 
[3188:its-track-writer]:       ______      _    _______  _________ 
[3188:its-track-writer]:      / ____/___ _(_)_______   |/  /_  __ \    version 1.4.29
[3188:its-track-writer]:     / /_  / __ `/ / ___/__  /|_/ /_  / / /    build RELWITHDEBINFO
[3188:its-track-writer]:    / __/ / /_/ / / /    _  /  / / / /_/ /     https://github.com/FairRootGroup/FairMQ
[3188:its-track-writer]:   /_/    \__,_/_/_/     /_/  /_/  \___\_\     LGPL-3.0  © 2012-2020 GSI
[3188:its-track-writer]: 
[3185:its-clusterer]: [18:47:51][STATE] Starting FairMQ state machine --> IDLE
[3187:its-tracker]: [18:47:51][STATE] Starting FairMQ state machine --> IDLE
[3188:its-track-writer]: [18:47:51][STATE] Starting FairMQ state machine --> IDLE
[3184:its-digit-reader]: [INFO] Spawing new device its-digit-reader in process with pid 3184
[3183:internal-dpl-clock]: 2021-05-20 18:47:51	Monitoring	[0;49mStdOut backend initialized[0m
[3183:internal-dpl-clock]: [18:47:51][STATE] IDLE ---> INITIALIZING DEVICE
[3185:its-clusterer]: 2021-05-20 18:47:51	Monitoring	[0;49mStdOut backend initialized[0m
[3186:its-cluster-writer]: 2021-05-20 18:47:51	Monitoring	[0;49mStdOut backend initialized[0m
[3186:its-cluster-writer]: [18:47:51][STATE] IDLE ---> INITIALIZING DEVICE
[3187:its-tracker]: 2021-05-20 18:47:51	Monitoring	[0;49mStdOut backend initialized[0m
[3188:its-track-writer]: 2021-05-20 18:47:51	Monitoring	[0;49mStdOut backend initialized[0m
[3183:internal-dpl-clock]: 2021-05-20 18:47:51	Monitoring	[0;49mBuffering enabled (100)[0m
[3183:internal-dpl-clock]: [18:47:51][STATE] INITIALIZING DEVICE ---> INITIALIZED
[3183:internal-dpl-clock]: [18:47:51][STATE] INITIALIZED ---> BINDING
[3183:internal-dpl-clock]: [18:47:51][STATE] BINDING ---> BOUND
[3183:internal-dpl-clock]: [18:47:51][STATE] BOUND ---> CONNECTING
[3183:internal-dpl-clock]: [18:47:51][STATE] CONNECTING ---> DEVICE READY
[3183:internal-dpl-clock]: [18:47:51][STATE] DEVICE READY ---> INITIALIZING TASK
[3183:internal-dpl-clock]: [18:47:51][STATE] INITIALIZING TASK ---> READY
[3183:internal-dpl-clock]: [18:47:51][STATE] READY ---> RUNNING
[3183:internal-dpl-clock]: [18:47:51][INFO] DEVICE: Running...
[3184:its-digit-reader]: [18:47:51][INFO] 
[3184:its-digit-reader]:       ______      _    _______  _________ 
[3184:its-digit-reader]:      / ____/___ _(_)_______   |/  /_  __ \    version 1.4.29
[3184:its-digit-reader]:     / /_  / __ `/ / ___/__  /|_/ /_  / / /    build RELWITHDEBINFO
[3184:its-digit-reader]:    / __/ / /_/ / / /    _  /  / / / /_/ /     https://github.com/FairRootGroup/FairMQ
[3184:its-digit-reader]:   /_/    \__,_/_/_/     /_/  /_/  \___\_\     LGPL-3.0  © 2012-2020 GSI
[3184:its-digit-reader]: 
[3184:its-digit-reader]: [18:47:51][STATE] Starting FairMQ state machine --> IDLE
[3184:its-digit-reader]: 2021-05-20 18:47:51	Monitoring	[0;49mStdOut backend initialized[0m
[3184:its-digit-reader]: [18:47:51][STATE] IDLE ---> INITIALIZING DEVICE
[3184:its-digit-reader]: 2021-05-20 18:47:51	Monitoring	[0;49mBuffering enabled (100)[0m
[3185:its-clusterer]: [18:47:51][STATE] IDLE ---> INITIALIZING DEVICE
[3185:its-clusterer]: 2021-05-20 18:47:51	Monitoring	[0;49mBuffering enabled (100)[0m
[3185:its-clusterer]: [18:47:51][INFO] Dictionary ITSdictionary.bin is absent, ITSClusterer expects cluster patterns
[3185:its-clusterer]: [18:47:51][INFO] Clusterizer masks overflow pixels separated by < 406 BC and <= 0 in row/col
[3185:its-clusterer]: [18:47:51][INFO] Inclusive clusterization timing (w/o disk IO): Cpu: 0 Real: 0 s in 1 slots
[3185:its-clusterer]: [18:47:51][INFO] Threads output merging timing                : Cpu: 0 Real: 0 s in 1 slots
[3185:its-clusterer]: [18:47:51][STATE] INITIALIZING DEVICE ---> INITIALIZED
[3185:its-clusterer]: [18:47:51][STATE] INITIALIZED ---> BINDING
[3185:its-clusterer]: [18:47:51][STATE] BINDING ---> BOUND
[3185:its-clusterer]: [18:47:51][STATE] BOUND ---> CONNECTING
[3185:its-clusterer]: [18:47:51][STATE] CONNECTING ---> DEVICE READY
[3185:its-clusterer]: [18:47:51][STATE] DEVICE READY ---> INITIALIZING TASK
[3185:its-clusterer]: [18:47:51][STATE] INITIALIZING TASK ---> READY
[3185:its-clusterer]: [18:47:51][STATE] READY ---> RUNNING
[3185:its-clusterer]: [18:47:51][INFO] DEVICE: Running...
[3187:its-tracker]: [18:47:51][STATE] IDLE ---> INITIALIZING DEVICE
[3187:its-tracker]: 2021-05-20 18:47:51	Monitoring	[0;49mBuffering enabled (100)[0m
[3187:its-tracker]: [18:47:51][INFO] Created GPUReconstruction instance for device type CPU (1) 
[3188:its-track-writer]: [18:47:51][STATE] IDLE ---> INITIALIZING DEVICE
[3184:its-digit-reader]: [18:47:51][STATE] INITIALIZING DEVICE ---> INITIALIZED
[3184:its-digit-reader]: [18:47:51][STATE] INITIALIZED ---> BINDING
[3184:its-digit-reader]: [18:47:51][STATE] BINDING ---> BOUND
[3184:its-digit-reader]: [18:47:51][STATE] BOUND ---> CONNECTING
[3184:its-digit-reader]: [18:47:51][STATE] CONNECTING ---> DEVICE READY
[3184:its-digit-reader]: [18:47:51][STATE] DEVICE READY ---> INITIALIZING TASK
[3184:its-digit-reader]: [18:47:51][STATE] INITIALIZING TASK ---> READY
[3184:its-digit-reader]: [18:47:51][STATE] READY ---> RUNNING
[3184:its-digit-reader]: [18:47:51][INFO] DEVICE: Running...
[3188:its-track-writer]: 2021-05-20 18:47:51	Monitoring	[0;49mBuffering enabled (100)[0m
[3188:its-track-writer]: [18:47:51][INFO] 0: branch  ITSTrack set up
[3188:its-track-writer]: [18:47:51][INFO] 1: branch  ITSTrackClusIdx set up
[3188:its-track-writer]: [18:47:51][INFO] 2: branch  Vertices set up
[3188:its-track-writer]: [18:47:51][INFO] 3: branch  VerticesROF set up
[3188:its-track-writer]: [18:47:51][INFO] 4: branch  ITSTracksROF set up
[3188:its-track-writer]: [18:47:51][INFO] 5: branch  ITSTrackMCTruth set up
[3188:its-track-writer]: [18:47:51][INFO] 6: branch  ITSTracksMC2ROF set up
[3188:its-track-writer]: [18:47:51][STATE] INITIALIZING DEVICE ---> INITIALIZED
[3188:its-track-writer]: [18:47:51][STATE] INITIALIZED ---> BINDING
[3188:its-track-writer]: [18:47:51][STATE] BINDING ---> BOUND
[3188:its-track-writer]: [18:47:51][STATE] BOUND ---> CONNECTING
[3188:its-track-writer]: [18:47:51][STATE] CONNECTING ---> DEVICE READY
[3188:its-track-writer]: [18:47:51][STATE] DEVICE READY ---> INITIALIZING TASK
[3188:its-track-writer]: [18:47:51][STATE] INITIALIZING TASK ---> READY
[3188:its-track-writer]: [18:47:51][STATE] READY ---> RUNNING
[3188:its-track-writer]: [18:47:51][INFO] DEVICE: Running...
[3186:its-cluster-writer]: 2021-05-20 18:47:51	Monitoring	[0;49mBuffering enabled (100)[0m
[3186:its-cluster-writer]: [18:47:51][INFO] 0: branch  ITSClusterComp set up
[3186:its-cluster-writer]: [18:47:51][INFO] 1: branch  ITSClusterPatt set up
[3186:its-cluster-writer]: [18:47:51][INFO] 2: branch  ITSClustersROF set up
[3186:its-cluster-writer]: [18:47:51][INFO] 3: branch  ITSClusterMCTruth set up
[3186:its-cluster-writer]: [18:47:51][INFO] 4: branch  ITSClustersMC2ROF set up
[3186:its-cluster-writer]: [18:47:51][STATE] INITIALIZING DEVICE ---> INITIALIZED
[3186:its-cluster-writer]: [18:47:51][STATE] INITIALIZED ---> BINDING
[3186:its-cluster-writer]: [18:47:51][STATE] BINDING ---> BOUND
[3186:its-cluster-writer]: [18:47:51][STATE] BOUND ---> CONNECTING
[3186:its-cluster-writer]: [18:47:51][STATE] CONNECTING ---> DEVICE READY
[3186:its-cluster-writer]: [18:47:51][STATE] DEVICE READY ---> INITIALIZING TASK
[3186:its-cluster-writer]: [18:47:51][STATE] INITIALIZING TASK ---> READY
[3186:its-cluster-writer]: [18:47:51][STATE] READY ---> RUNNING
[3186:its-cluster-writer]: [18:47:51][INFO] DEVICE: Running...
[3187:its-tracker]: [18:47:51][INFO] MagneticField::Print: MagneticFieldMap:
[3187:its-tracker]: [18:47:51][INFO] MagneticField::Print: Solenoid (-1*)5 kG, Dipole ON (-1) 
[3187:its-tracker]: [18:47:51][INFO] MagneticField::Print: Machine B fields for p-p  beam (7000 GeV): QGrad: 22.0002 Dipole: 37.8781
[3187:its-tracker]: [18:47:51][INFO] MagneticField::Print: Uses Sol30_Dip6_Hole  of /cvmfs/alice.cern.ch/el7-x86_64/Packages/O2/nightly-20210129-1/share/Common/maps/mfchebKGI_sym.root
[3187:its-tracker]: Info in <TGeoGlobalMagField::SetField>: Global magnetic field set to <MagneticFieldMap>
[3187:its-tracker]: Info in <TGeoGlobalMagField::Lock>: Global magnetic field <MagneticFieldMap> is now locked
[3187:its-tracker]: [18:47:51][INFO] Loading geometry FAIRGeom from o2sim_geometry.root
[3187:its-tracker]: Info in <TGeoManager::CloseGeometry>: Geometry loaded from file...
[3187:its-tracker]: Info in <TGeoManager::SetTopVolume>: Top volume is cave. Master volume is cave
[3187:its-tracker]: Info in <TGeoNavigator::BuildCache>: --- Maximum geometry depth set to 100
[3187:its-tracker]: Info in <TGeoManager::CloseGeometry>: Voxelization retrieved from file
[3187:its-tracker]: Info in <TGeoManager::CountLevels>: max level = 9, max placements = 126
[3187:its-tracker]: Info in <TGeoManager::CloseGeometry>: 179840 nodes/ 399 volume UID's in FAIR geometry
[3187:its-tracker]: Info in <TGeoManager::CloseGeometry>: ----------------modeler ready----------------
[3187:its-tracker]: [18:47:52][INFO] Loading ITS T2L matrices from TGeo
[3184:its-digit-reader]: [18:47:52][INFO] ITSDigitReader pushed 1657411 digits, in 42 RO frames
[3187:its-tracker]: [18:47:52][WARN] It is faster to use 2D rotation for T2G instead of full Transform3D matrices
[3187:its-tracker]: [18:47:52][INFO] Loading ITS T2G matrices from TGeo
[3185:its-clusterer]: [18:47:52][INFO] ITSClusterer pulled 1657411 digits, in 42 RO frames
[3185:its-clusterer]: [18:47:52][INFO] ITSClusterer pulled 1667599 labels 
[3185:its-clusterer]: [18:47:52][INFO] ITSClusterer pushed 255446 clusters, in 42 RO frames
[3187:its-tracker]: [18:47:52][INFO] Loading ITS T2G rotation 2D matrices
[3187:its-tracker]: [18:47:52][INFO] Initializing tracker in sync. phase reconstruction with 1 passes
[3187:its-tracker]: [18:47:52][INFO] Not using lookup table for material budget approximation
[3187:its-tracker]: [18:47:52][INFO] Dictionary ITSdictionary.bin is absent, Tracker expects cluster patterns
[3187:its-tracker]: [18:47:52][STATE] INITIALIZING DEVICE ---> INITIALIZED
[3187:its-tracker]: [18:47:52][STATE] INITIALIZED ---> BINDING
[3187:its-tracker]: [18:47:52][STATE] BINDING ---> BOUND
[3187:its-tracker]: [18:47:52][STATE] BOUND ---> CONNECTING
[3187:its-tracker]: [18:47:52][STATE] CONNECTING ---> DEVICE READY
[3187:its-tracker]: [18:47:52][STATE] DEVICE READY ---> INITIALIZING TASK
[3187:its-tracker]: [18:47:52][STATE] INITIALIZING TASK ---> READY
[3187:its-tracker]: [18:47:52][STATE] READY ---> RUNNING
[3187:its-tracker]: [18:47:52][INFO] DEVICE: Running...
[3186:its-cluster-writer]: [18:47:52][INFO] ITSClusterWriter pulled 255446 clusters, in 42 RO frames
[3187:its-tracker]: [18:47:52][INFO] ITSTracker pulled 255446 clusters, 42 RO frames
[3187:its-tracker]: [18:47:52][INFO] 255446 MC label objects , in 10 MC events
[3187:its-tracker]: [18:47:52][INFO] ITSTracker RO: continuous=1
[3187:its-tracker]: [18:47:52][INFO] Loading ITS L2G matrices from TGeo
[3187:its-tracker]: [18:47:52][INFO] ROframe: 0, clusters loaded : 1283
[3187:its-tracker]:  - Vertexer initialisation completed in: 0.237028 ms
[3187:its-tracker]:  - Tracklet finding completed in: 0.009177 ms
[3187:its-tracker]:  - Adjacent tracklets validation completed in: 0.004316 ms
[3187:its-tracker]:  - Vertex finding completed in: 0.00909 ms
[3187:its-tracker]: [18:47:52][INFO] Found tracks: 0
[3187:its-tracker]: [18:47:52][INFO] ROframe: 1, clusters loaded : 1267
[3187:its-tracker]:  - Vertexer initialisation completed in: 0.236564 ms
[3187:its-tracker]:  - Tracklet finding completed in: 0.029065 ms
[3187:its-tracker]:  - Adjacent tracklets validation completed in: 0.000391 ms
[3187:its-tracker]:  - Vertex finding completed in: 0.000535 ms
[3187:its-tracker]: [18:47:52][INFO] Found tracks: 0
[3187:its-tracker]: [18:47:52][INFO] ROframe: 2, clusters loaded : 1323
[3187:its-tracker]:  - Vertexer initialisation completed in: 0.204813 ms
[3187:its-tracker]:  - Tracklet finding completed in: 0.001566 ms
[3187:its-tracker]:  - Adjacent tracklets validation completed in: 0.000378 ms
[3187:its-tracker]:  - Vertex finding completed in: 0.000432 ms
[3187:its-tracker]: [18:47:52][INFO] Found tracks: 0
[3187:its-tracker]: [18:47:52][INFO] ROframe: 3, clusters loaded : 1229
[3187:its-tracker]:  - Vertexer initialisation completed in: 0.202266 ms
[3187:its-tracker]:  - Tracklet finding completed in: 0.002059 ms
[3187:its-tracker]:  - Adjacent tracklets validation completed in: 0.000362 ms
[3187:its-tracker]:  - Vertex finding completed in: 0.000473 ms
[3187:its-tracker]: [18:47:52][INFO] Found tracks: 0
[3187:its-tracker]: [18:47:52][INFO] ROframe: 4, clusters loaded : 1245
[3187:its-tracker]:  - Vertexer initialisation completed in: 0.233488 ms
[3187:its-tracker]:  - Tracklet finding completed in: 0.001663 ms
[3187:its-tracker]:  - Adjacent tracklets validation completed in: 0.00037 ms
[3187:its-tracker]:  - Vertex finding completed in: 0.000456 ms
[3187:its-tracker]: [18:47:52][INFO] Found tracks: 0
[3187:its-tracker]: [18:47:52][INFO] ROframe: 5, clusters loaded : 1248
[3187:its-tracker]:  - Vertexer initialisation completed in: 0.186354 ms
[3187:its-tracker]:  - Tracklet finding completed in: 0.001487 ms
[3187:its-tracker]:  - Adjacent tracklets validation completed in: 0.000395 ms
[3187:its-tracker]:  - Vertex finding completed in: 0.000459 ms
[3187:its-tracker]: [18:47:52][INFO] Found tracks: 0
[3187:its-tracker]: [18:47:52][INFO] ROframe: 6, clusters loaded : 1259
[3187:its-tracker]:  - Vertexer initialisation completed in: 0.220591 ms
[3187:its-tracker]:  - Tracklet finding completed in: 0.001634 ms
[3187:its-tracker]:  - Adjacent tracklets validation completed in: 0.000351 ms
[3187:its-tracker]:  - Vertex finding completed in: 0.000504 ms
[3187:its-tracker]: [18:47:52][INFO] Found tracks: 0
[3187:its-tracker]: [18:47:52][INFO] ROframe: 7, clusters loaded : 1258
[3187:its-tracker]:  - Vertexer initialisation completed in: 0.185435 ms
[3187:its-tracker]:  - Tracklet finding completed in: 0.001675 ms
[3187:its-tracker]:  - Adjacent tracklets validation completed in: 0.000452 ms
[3187:its-tracker]:  - Vertex finding completed in: 0.000469 ms
[3187:its-tracker]: [18:47:52][INFO] Found tracks: 0
[3187:its-tracker]: [18:47:52][INFO] ROframe: 8, clusters loaded : 1247
[3187:its-tracker]:  - Vertexer initialisation completed in: 0.186227 ms
[3187:its-tracker]:  - Tracklet finding completed in: 0.015889 ms
[3187:its-tracker]:  - Adjacent tracklets validation completed in: 0.000491 ms
[3187:its-tracker]:  - Vertex finding completed in: 0.000428 ms
[3187:its-tracker]: [18:47:52][INFO] Found tracks: 0
[3187:its-tracker]: [18:47:52][INFO] ROframe: 9, clusters loaded : 1249
[3187:its-tracker]:  - Vertexer initialisation completed in: 0.184133 ms
[3187:its-tracker]:  - Tracklet finding completed in: 0.002096 ms
[3187:its-tracker]:  - Adjacent tracklets validation completed in: 0.000356 ms
[3187:its-tracker]:  - Vertex finding completed in: 0.000412 ms
[3187:its-tracker]: [18:47:52][INFO] Found tracks: 0
[3187:its-tracker]: [18:47:52][INFO] ROframe: 10, clusters loaded : 1258
[3187:its-tracker]:  - Vertexer initialisation completed in: 0.213483 ms
[3187:its-tracker]:  - Tracklet finding completed in: 0.001883 ms
[3187:its-tracker]:  - Adjacent tracklets validation completed in: 0.000406 ms
[3187:its-tracker]:  - Vertex finding completed in: 0.00066 ms
[3187:its-tracker]: [18:47:52][INFO] Found tracks: 0
[3187:its-tracker]: [18:47:52][INFO] ROframe: 11, clusters loaded : 1259
[3187:its-tracker]:  - Vertexer initialisation completed in: 0.203094 ms
[3187:its-tracker]:  - Tracklet finding completed in: 0.00192 ms
[3187:its-tracker]:  - Adjacent tracklets validation completed in: 0.000407 ms
[3187:its-tracker]:  - Vertex finding completed in: 0.000473 ms
[3187:its-tracker]: [18:47:52][INFO] Found tracks: 0
[3187:its-tracker]: [18:47:52][INFO] ROframe: 12, clusters loaded : 4440
[3187:its-tracker]:  - Vertexer initialisation completed in: 0.286851 ms
[3187:its-tracker]:  - Tracklet finding completed in: 0.144347 ms
[3187:its-tracker]:  - Adjacent tracklets validation completed in: 0.047964 ms
[3187:its-tracker]:  - Vertex finding completed in: 0.065528 ms
[3187:its-tracker]: 		Found vertex with:    174 contributors
[3187:its-tracker]:  - Context initialisation completed in: 2.26767 ms
[3187:its-tracker]:  - Tracklet finding completed in: 0.791274 ms
[3187:its-tracker]:  - Cell finding completed in: 0.191105 ms
[3187:its-tracker]:  - Neighbour finding completed in: 0.105521 ms
[3187:its-tracker]:  - Road finding completed in: 0.0962 ms
[3187:its-tracker]:  - Track finding completed in: 2.09821 ms
[3187:its-tracker]:  - Vertex processing completed in: 5.54998ms
[3187:its-tracker]:  - Context initialisation completed in: 0.029834 ms
[3187:its-tracker]:  - Tracklet finding completed in: 0.567854 ms
[3187:its-tracker]:  - Cell finding completed in: 0.062973 ms
[3187:its-tracker]:  - Neighbour finding completed in: 0.026399 ms
[3187:its-tracker]:  - Road finding completed in: 0.000344 ms
[3187:its-tracker]:  - Track finding completed in: 0.000243 ms
[3187:its-tracker]:  - Vertex processing completed in: 0.687647ms
[3187:its-tracker]: [18:47:52][INFO] Found tracks: 150
[3187:its-tracker]: [18:47:52][INFO] ROframe: 13, clusters loaded : 12383
[3187:its-tracker]:  - Vertexer initialisation completed in: 0.708522 ms
[3187:its-tracker]:  - Tracklet finding completed in: 0.970386 ms
[3187:its-tracker]:  - Adjacent tracklets validation completed in: 0.193704 ms
[3187:its-tracker]:  - Vertex finding completed in: 0.073859 ms
[3187:its-tracker]: 		Found vertex with:    570 contributors
[3187:its-tracker]:  - Context initialisation completed in: 1.69349 ms
[3187:its-tracker]:  - Tracklet finding completed in: 2.75211 ms
[3187:its-tracker]:  - Cell finding completed in: 1.06578 ms
[3187:its-tracker]:  - Neighbour finding completed in: 0.377753 ms
[3187:its-tracker]:  - Road finding completed in: 0.138636 ms
[3187:its-tracker]:  - Track finding completed in: 4.33609 ms
[3187:its-tracker]:  - Vertex processing completed in: 10.3639ms
[3187:its-tracker]:  - Context initialisation completed in: 0.109659 ms
[3187:its-tracker]:  - Tracklet finding completed in: 2.01136 ms
[3187:its-tracker]:  - Cell finding completed in: 0.418888 ms
[3187:its-tracker]:  - Neighbour finding completed in: 0.077073 ms
[3187:its-tracker]:  - Road finding completed in: 0.000869 ms
[3187:its-tracker]:  - Track finding completed in: 0.000353 ms
[3187:its-tracker]:  - Vertex processing completed in: 2.6182ms
[3187:its-tracker]: [18:47:52][INFO] Found tracks: 465
[3187:its-tracker]: [18:47:52][INFO] ROframe: 14, clusters loaded : 9726
[3187:its-tracker]:  - Vertexer initialisation completed in: 0.558541 ms
[3187:its-tracker]:  - Tracklet finding completed in: 0.633248 ms
[3187:its-tracker]:  - Adjacent tracklets validation completed in: 0.101723 ms
[3187:its-tracker]:  - Vertex finding completed in: 0.018038 ms
[3187:its-tracker]: 		Found vertex with:     49 contributors
[3187:its-tracker]:  - Context initialisation completed in: 1.48006 ms
[3187:its-tracker]:  - Tracklet finding completed in: 1.78384 ms
[3187:its-tracker]:  - Cell finding completed in: 0.41859 ms
[3187:its-tracker]:  - Neighbour finding completed in: 0.052009 ms
[3187:its-tracker]:  - Road finding completed in: 0.005017 ms
[3187:its-tracker]:  - Track finding completed in: 0.192491 ms
[3187:its-tracker]:  - Vertex processing completed in: 3.93201ms
[3187:its-tracker]:  - Context initialisation completed in: 0.038448 ms
[3187:its-tracker]:  - Tracklet finding completed in: 1.89856 ms
[3187:its-tracker]:  - Cell finding completed in: 0.372195 ms
[3187:its-tracker]:  - Neighbour finding completed in: 0.067446 ms
[3187:its-tracker]:  - Road finding completed in: 0.000556 ms
[3187:its-tracker]:  - Track finding completed in: 0.000273 ms
[3187:its-tracker]:  - Vertex processing completed in: 2.37748ms
[3187:its-tracker]: [18:47:52][INFO] Found tracks: 13
[3187:its-tracker]: [18:47:52][INFO] ROframe: 15, clusters loaded : 1235
[3187:its-tracker]:  - Vertexer initialisation completed in: 0.239921 ms
[3187:its-tracker]:  - Tracklet finding completed in: 0.002199 ms
[3187:its-tracker]:  - Adjacent tracklets validation completed in: 0.000523 ms
[3187:its-tracker]:  - Vertex finding completed in: 0.000836 ms
[3187:its-tracker]: [18:47:52][INFO] Found tracks: 0
[3187:its-tracker]: [18:47:52][INFO] ROframe: 16, clusters loaded : 1302
[3187:its-tracker]:  - Vertexer initialisation completed in: 0.182719 ms
[3187:its-tracker]:  - Tracklet finding completed in: 0.001531 ms
[3187:its-tracker]:  - Adjacent tracklets validation completed in: 0.000504 ms
[3187:its-tracker]:  - Vertex finding completed in: 0.000502 ms
[3187:its-tracker]: [18:47:52][INFO] Found tracks: 0
[3187:its-tracker]: [18:47:52][INFO] ROframe: 17, clusters loaded : 1214
[3187:its-tracker]:  - Vertexer initialisation completed in: 0.16897 ms
[3187:its-tracker]:  - Tracklet finding completed in: 0.00172 ms
[3187:its-tracker]:  - Adjacent tracklets validation completed in: 0.000415 ms
[3187:its-tracker]:  - Vertex finding completed in: 0.000505 ms
[3187:its-tracker]: [18:47:52][INFO] Found tracks: 0
[3187:its-tracker]: [18:47:52][INFO] ROframe: 18, clusters loaded : 1282
[3187:its-tracker]:  - Vertexer initialisation completed in: 0.224348 ms
[3187:its-tracker]:  - Tracklet finding completed in: 0.001777 ms
[3187:its-tracker]:  - Adjacent tracklets validation completed in: 0.000447 ms
[3187:its-tracker]:  - Vertex finding completed in: 0.000591 ms
[3187:its-tracker]: [18:47:52][INFO] Found tracks: 0
[3187:its-tracker]: [18:47:52][INFO] ROframe: 19, clusters loaded : 3730
[3187:its-tracker]:  - Vertexer initialisation completed in: 0.266823 ms
[3187:its-tracker]:  - Tracklet finding completed in: 0.13098 ms
[3187:its-tracker]:  - Adjacent tracklets validation completed in: 0.021757 ms
[3187:its-tracker]:  - Vertex finding completed in: 0.031156 ms
[3187:its-tracker]: 		Found vertex with:    132 contributors
[3187:its-tracker]:  - Context initialisation completed in: 1.32093 ms
[3187:its-tracker]:  - Tracklet finding completed in: 0.569477 ms
[3187:its-tracker]:  - Cell finding completed in: 0.122546 ms
[3187:its-tracker]:  - Neighbour finding completed in: 0.062612 ms
[3187:its-tracker]:  - Road finding completed in: 0.026275 ms
[3187:its-tracker]:  - Track finding completed in: 1.21393 ms
[3187:its-tracker]:  - Vertex processing completed in: 3.31576ms
[3187:its-tracker]:  - Context initialisation completed in: 0.023977 ms
[3187:its-tracker]:  - Tracklet finding completed in: 0.407373 ms
[3187:its-tracker]:  - Cell finding completed in: 0.062631 ms
[3187:its-tracker]:  - Neighbour finding completed in: 0.020181 ms
[3187:its-tracker]:  - Road finding completed in: 0.000344 ms
[3187:its-tracker]:  - Track finding completed in: 0.000257 ms
[3187:its-tracker]:  - Vertex processing completed in: 0.514763ms
[3187:its-tracker]: [18:47:52][INFO] Found tracks: 116
[3187:its-tracker]: [18:47:52][INFO] ROframe: 20, clusters loaded : 1224
[3187:its-tracker]:  - Vertexer initialisation completed in: 0.195417 ms
[3187:its-tracker]:  - Tracklet finding completed in: 0.001727 ms
[3187:its-tracker]:  - Adjacent tracklets validation completed in: 0.000451 ms
[3187:its-tracker]:  - Vertex finding completed in: 0.000529 ms
[3187:its-tracker]: [18:47:52][INFO] Found tracks: 0
[3187:its-tracker]: [18:47:52][INFO] ROframe: 21, clusters loaded : 1245
[3187:its-tracker]:  - Vertexer initialisation completed in: 0.218415 ms
[3187:its-tracker]:  - Tracklet finding completed in: 0.001211 ms
[3187:its-tracker]:  - Adjacent tracklets validation completed in: 0.000396 ms
[3187:its-tracker]:  - Vertex finding completed in: 0.0005 ms
[3187:its-tracker]: [18:47:52][INFO] Found tracks: 0
[3187:its-tracker]: [18:47:52][INFO] ROframe: 22, clusters loaded : 1289
[3187:its-tracker]:  - Vertexer initialisation completed in: 0.173661 ms
[3187:its-tracker]:  - Tracklet finding completed in: 0.001406 ms
[3187:its-tracker]:  - Adjacent tracklets validation completed in: 0.000445 ms
[3187:its-tracker]:  - Vertex finding completed in: 0.000484 ms
[3187:its-tracker]: [18:47:52][INFO] Found tracks: 0
[3187:its-tracker]: [18:47:52][INFO] ROframe: 23, clusters loaded : 2824
[3187:its-tracker]:  - Vertexer initialisation completed in: 0.243907 ms
[3187:its-tracker]:  - Tracklet finding completed in: 0.060957 ms
[3187:its-tracker]:  - Adjacent tracklets validation completed in: 0.011459 ms
[3187:its-tracker]:  - Vertex finding completed in: 0.016719 ms
[3187:its-tracker]: 		Found vertex with:     79 contributors
[3187:its-tracker]:  - Context initialisation completed in: 1.24537 ms
[3187:its-tracker]:  - Tracklet finding completed in: 0.417701 ms
[3187:its-tracker]:  - Cell finding completed in: 0.053987 ms
[3187:its-tracker]:  - Neighbour finding completed in: 0.046273 ms
[3187:its-tracker]:  - Road finding completed in: 0.012436 ms
[3187:its-tracker]:  - Track finding completed in: 0.628362 ms
[3187:its-tracker]:  - Vertex processing completed in: 2.40413ms
[3187:its-tracker]:  - Context initialisation completed in: 0.030497 ms
[3187:its-tracker]:  - Tracklet finding completed in: 0.375966 ms
[3187:its-tracker]:  - Cell finding completed in: 0.041683 ms
[3187:its-tracker]:  - Neighbour finding completed in: 0.01588 ms
[3187:its-tracker]:  - Road finding completed in: 0.000302 ms
[3187:its-tracker]:  - Track finding completed in: 0.000486 ms
[3187:its-tracker]:  - Vertex processing completed in: 0.464814ms
[3187:its-tracker]: [18:47:52][INFO] Found tracks: 59
[3187:its-tracker]: [18:47:52][INFO] ROframe: 24, clusters loaded : 1280
[3187:its-tracker]:  - Vertexer initialisation completed in: 0.214128 ms
[3187:its-tracker]:  - Tracklet finding completed in: 0.002229 ms
[3187:its-tracker]:  - Adjacent tracklets validation completed in: 0.000452 ms
[3187:its-tracker]:  - Vertex finding completed in: 0.000491 ms
[3187:its-tracker]: [18:47:52][INFO] Found tracks: 0
[3187:its-tracker]: [18:47:52][INFO] ROframe: 25, clusters loaded : 1234
[3187:its-tracker]:  - Vertexer initialisation completed in: 0.223946 ms
[3187:its-tracker]:  - Tracklet finding completed in: 0.001807 ms
[3187:its-tracker]:  - Adjacent tracklets validation completed in: 0.000389 ms
[3187:its-tracker]:  - Vertex finding completed in: 0.000438 ms
[3187:its-tracker]: [18:47:52][INFO] Found tracks: 0
[3187:its-tracker]: [18:47:52][INFO] ROframe: 26, clusters loaded : 1245
[3187:its-tracker]:  - Vertexer initialisation completed in: 0.158383 ms
[3187:its-tracker]:  - Tracklet finding completed in: 0.00111 ms
[3187:its-tracker]:  - Adjacent tracklets validation completed in: 0.000355 ms
[3187:its-tracker]:  - Vertex finding completed in: 0.000629 ms
[3187:its-tracker]: [18:47:52][INFO] Found tracks: 0
[3187:its-tracker]: [18:47:52][INFO] ROframe: 27, clusters loaded : 22181
[3187:its-tracker]:  - Vertexer initialisation completed in: 1.09801 ms
[3187:its-tracker]:  - Tracklet finding completed in: 2.72147 ms
[3187:its-tracker]:  - Adjacent tracklets validation completed in: 0.508786 ms
[3187:its-tracker]:  - Vertex finding completed in: 0.141173 ms
[3187:its-tracker]: 		Found vertex with:   1144 contributors
[3187:its-tracker]:  - Context initialisation completed in: 1.82161 ms
[3187:its-tracker]:  - Tracklet finding completed in: 6.70075 ms
[3187:its-tracker]:  - Cell finding completed in: 3.02521 ms
[3187:its-tracker]:  - Neighbour finding completed in: 0.576034 ms
[3187:its-tracker]:  - Road finding completed in: 0.322906 ms
[3187:its-tracker]:  - Track finding completed in: 9.42315 ms
[3187:its-tracker]:  - Vertex processing completed in: 21.8697ms
[3187:its-tracker]:  - Context initialisation completed in: 0.253641 ms
[3187:its-tracker]:  - Tracklet finding completed in: 4.55302 ms
[3187:its-tracker]:  - Cell finding completed in: 1.18753 ms
[3187:its-tracker]:  - Neighbour finding completed in: 0.206955 ms
[3187:its-tracker]:  - Road finding completed in: 0.001398 ms
[3187:its-tracker]:  - Track finding completed in: 0.000453 ms
[3187:its-tracker]:  - Vertex processing completed in: 6.20299ms
[3187:its-tracker]: [18:47:52][INFO] Found tracks: 905
[3187:its-tracker]: [18:47:52][INFO] ROframe: 28, clusters loaded : 1195
[3187:its-tracker]:  - Vertexer initialisation completed in: 0.206812 ms
[3187:its-tracker]:  - Tracklet finding completed in: 0.003217 ms
[3187:its-tracker]:  - Adjacent tracklets validation completed in: 0.000716 ms
[3187:its-tracker]:  - Vertex finding completed in: 0.000957 ms
[3187:its-tracker]: [18:47:52][INFO] Found tracks: 0
[3187:its-tracker]: [18:47:52][INFO] ROframe: 29, clusters loaded : 1268
[3187:its-tracker]:  - Vertexer initialisation completed in: 0.153003 ms
[3187:its-tracker]:  - Tracklet finding completed in: 0.001278 ms
[3187:its-tracker]:  - Adjacent tracklets validation completed in: 0.000439 ms
[3187:its-tracker]:  - Vertex finding completed in: 0.000541 ms
[3187:its-tracker]: [18:47:52][INFO] Found tracks: 0
[3187:its-tracker]: [18:47:52][INFO] ROframe: 30, clusters loaded : 66152
[3187:its-tracker]:  - Vertexer initialisation completed in: 3.23708 ms
[3187:its-tracker]:  - Tracklet finding completed in: 20.3521 ms
[3187:its-tracker]:  - Adjacent tracklets validation completed in: 5.92192 ms
[3187:its-tracker]:  - Vertex finding completed in: 0.577598 ms
[3187:its-tracker]: 		Found vertex with:   3220 contributors
[3187:its-tracker]:  - Context initialisation completed in: 3.46978 ms
[3187:its-tracker]:  - Tracklet finding completed in: 37.5234 ms
[3187:its-tracker]:  - Cell finding completed in: 30.6667 ms
[3187:its-tracker]:  - Neighbour finding completed in: 2.15709 ms
[3187:its-tracker]:  - Road finding completed in: 1.36086 ms
[3187:its-tracker]:  - Track finding completed in: 30.9599 ms
[3187:its-tracker]:  - Vertex processing completed in: 106.138ms
[3187:its-tracker]:  - Context initialisation completed in: 0.960505 ms
[3187:its-tracker]:  - Tracklet finding completed in: 22.2013 ms
[3187:its-tracker]:  - Cell finding completed in: 10.1292 ms
[3187:its-tracker]:  - Neighbour finding completed in: 0.930335 ms
[3187:its-tracker]:  - Road finding completed in: 0.007868 ms
[3187:its-tracker]:  - Track finding completed in: 0.000512 ms
[3187:its-tracker]:  - Vertex processing completed in: 34.2296ms
[3187:its-tracker]: [18:47:53][INFO] Found tracks: 2847
[3187:its-tracker]: [18:47:53][INFO] ROframe: 31, clusters loaded : 1288
[3187:its-tracker]:  - Vertexer initialisation completed in: 0.235699 ms
[3187:its-tracker]:  - Tracklet finding completed in: 0.002085 ms
[3187:its-tracker]:  - Adjacent tracklets validation completed in: 0.00066 ms
[3187:its-tracker]:  - Vertex finding completed in: 0.001048 ms
[3187:its-tracker]: [18:47:53][INFO] Found tracks: 0
[3187:its-tracker]: [18:47:53][INFO] ROframe: 32, clusters loaded : 1285
[3187:its-tracker]:  - Vertexer initialisation completed in: 0.219168 ms
[3187:its-tracker]:  - Tracklet finding completed in: 0.001155 ms
[3187:its-tracker]:  - Adjacent tracklets validation completed in: 0.000492 ms
[3187:its-tracker]:  - Vertex finding completed in: 0.000602 ms
[3187:its-tracker]: [18:47:53][INFO] Found tracks: 0
[3187:its-tracker]: [18:47:53][INFO] ROframe: 33, clusters loaded : 1245
[3187:its-tracker]:  - Vertexer initialisation completed in: 0.219088 ms
[3187:its-tracker]:  - Tracklet finding completed in: 0.003188 ms
[3187:its-tracker]:  - Adjacent tracklets validation completed in: 0.000682 ms
[3187:its-tracker]:  - Vertex finding completed in: 0.000409 ms
[3187:its-tracker]: [18:47:53][INFO] Found tracks: 0
[3187:its-tracker]: [18:47:53][INFO] ROframe: 34, clusters loaded : 1259
[3187:its-tracker]:  - Vertexer initialisation completed in: 0.214465 ms
[3187:its-tracker]:  - Tracklet finding completed in: 0.000948 ms
[3187:its-tracker]:  - Adjacent tracklets validation completed in: 0.000411 ms
[3187:its-tracker]:  - Vertex finding completed in: 0.000189 ms
[3187:its-tracker]: [18:47:53][INFO] Found tracks: 0
[3187:its-tracker]: [18:47:53][INFO] ROframe: 35, clusters loaded : 1242
[3187:its-tracker]:  - Vertexer initialisation completed in: 0.238236 ms
[3187:its-tracker]:  - Tracklet finding completed in: 0.002267 ms
[3187:its-tracker]:  - Adjacent tracklets validation completed in: 0.000412 ms
[3187:its-tracker]:  - Vertex finding completed in: 0.000186 ms
[3187:its-tracker]: [18:47:53][INFO] Found tracks: 0
[3187:its-tracker]: [18:47:53][INFO] ROframe: 36, clusters loaded : 1257
[3187:its-tracker]:  - Vertexer initialisation completed in: 0.198746 ms
[3187:its-tracker]:  - Tracklet finding completed in: 0.000979 ms
[3187:its-tracker]:  - Adjacent tracklets validation completed in: 0.000341 ms
[3187:its-tracker]:  - Vertex finding completed in: 0.000319 ms
[3187:its-tracker]: [18:47:53][INFO] Found tracks: 0
[3187:its-tracker]: [18:47:53][INFO] ROframe: 37, clusters loaded : 1187
[3187:its-tracker]:  - Vertexer initialisation completed in: 0.256147 ms
[3187:its-tracker]:  - Tracklet finding completed in: 0.001338 ms
[3187:its-tracker]:  - Adjacent tracklets validation completed in: 0.000359 ms
[3187:its-tracker]:  - Vertex finding completed in: 0.000424 ms
[3187:its-tracker]: [18:47:53][INFO] Found tracks: 0
[3187:its-tracker]: [18:47:53][INFO] ROframe: 38, clusters loaded : 43170
[3187:its-tracker]:  - Vertexer initialisation completed in: 2.71032 ms
[3187:its-tracker]:  - Tracklet finding completed in: 9.65912 ms
[3187:its-tracker]:  - Adjacent tracklets validation completed in: 2.06337 ms
[3187:its-tracker]:  - Vertex finding completed in: 0.316964 ms
[3187:its-tracker]: 		Found vertex with:   1733 contributors
[3187:its-tracker]: 		Found vertex with:    555 contributors
[3187:its-tracker]:  - Context initialisation completed in: 2.34811 ms
[3187:its-tracker]:  - Tracklet finding completed in: 16.8032 ms
[3187:its-tracker]:  - Cell finding completed in: 9.2341 ms
[3187:its-tracker]:  - Neighbour finding completed in: 0.843296 ms
[3187:its-tracker]:  - Road finding completed in: 0.237235 ms
[3187:its-tracker]:  - Track finding completed in: 14.3156 ms
[3187:its-tracker]:  - Vertex processing completed in: 43.7816ms
[3187:its-tracker]:  - Context initialisation completed in: 0.431456 ms
[3187:its-tracker]:  - Tracklet finding completed in: 12.2605 ms
[3187:its-tracker]:  - Cell finding completed in: 3.2876 ms
[3187:its-tracker]:  - Neighbour finding completed in: 0.249749 ms
[3187:its-tracker]:  - Road finding completed in: 0.073418 ms
[3187:its-tracker]:  - Track finding completed in: 5.24082 ms
[3187:its-tracker]:  - Vertex processing completed in: 21.5436ms
[3187:its-tracker]:  - Context initialisation completed in: 0.218838 ms
[3187:its-tracker]:  - Tracklet finding completed in: 11.3302 ms
[3187:its-tracker]:  - Cell finding completed in: 3.14012 ms
[3187:its-tracker]:  - Neighbour finding completed in: 0.229709 ms
[3187:its-tracker]:  - Road finding completed in: 0.001445 ms
[3187:its-tracker]:  - Track finding completed in: 0.001038 ms
[3187:its-tracker]:  - Vertex processing completed in: 14.9213ms
[3187:its-tracker]:  - Context initialisation completed in: 0.178355 ms
[3187:its-tracker]:  - Tracklet finding completed in: 10.795 ms
[3187:its-tracker]:  - Cell finding completed in: 2.04253 ms
[3187:its-tracker]:  - Neighbour finding completed in: 0.079255 ms
[3187:its-tracker]:  - Road finding completed in: 0.000738 ms
[3187:its-tracker]:  - Track finding completed in: 0.00042 ms
[3187:its-tracker]:  - Vertex processing completed in: 13.0963ms
[3187:its-tracker]: [18:47:53][INFO] Found tracks: 1916
[3187:its-tracker]: [18:47:53][INFO] ROframe: 39, clusters loaded : 49374
[3187:its-tracker]:  - Vertexer initialisation completed in: 1.99534 ms
[3187:its-tracker]:  - Tracklet finding completed in: 7.39949 ms
[3187:its-tracker]:  - Adjacent tracklets validation completed in: 2.28066 ms
[3187:its-tracker]:  - Vertex finding completed in: 0.329918 ms
[3187:its-tracker]: 		Found vertex with:   2147 contributors
[3187:its-tracker]:  - Context initialisation completed in: 2.40397 ms
[3187:its-tracker]:  - Tracklet finding completed in: 21.4293 ms
[3187:its-tracker]:  - Cell finding completed in: 15.2647 ms
[3187:its-tracker]:  - Neighbour finding completed in: 1.24839 ms
[3187:its-tracker]:  - Road finding completed in: 0.362981 ms
[3187:its-tracker]:  - Track finding completed in: 19.6137 ms
[3187:its-tracker]:  - Vertex processing completed in: 60.3231ms
[3187:its-tracker]:  - Context initialisation completed in: 0.596843 ms
[3187:its-tracker]:  - Tracklet finding completed in: 14.2878 ms
[3187:its-tracker]:  - Cell finding completed in: 5.11029 ms
[3187:its-tracker]:  - Neighbour finding completed in: 0.349126 ms
[3187:its-tracker]:  - Road finding completed in: 0.00377 ms
[3187:its-tracker]:  - Track finding completed in: 0.000645 ms
[3187:its-tracker]:  - Vertex processing completed in: 20.3484ms
[3187:its-tracker]: [18:47:53][INFO] Found tracks: 1937
[3187:its-tracker]: [18:47:53][INFO] ROframe: 40, clusters loaded : 1311
[3187:its-tracker]:  - Vertexer initialisation completed in: 0.144531 ms
[3187:its-tracker]:  - Tracklet finding completed in: 0.002154 ms
[3187:its-tracker]:  - Adjacent tracklets validation completed in: 0.000844 ms
[3187:its-tracker]:  - Vertex finding completed in: 0.001629 ms
[3187:its-tracker]: [18:47:53][INFO] Found tracks: 0
[3187:its-tracker]: [18:47:53][INFO] ROframe: 41, clusters loaded : 1254
[3187:its-tracker]:  - Vertexer initialisation completed in: 0.140979 ms
[3187:its-tracker]:  - Tracklet finding completed in: 0.000947 ms
[3187:its-tracker]:  - Adjacent tracklets validation completed in: 0.000169 ms
[3187:its-tracker]:  - Vertex finding completed in: 7.2e-05 ms
[3187:its-tracker]: [18:47:53][INFO] Found tracks: 0
[3187:its-tracker]: [18:47:53][INFO] ITSTracker pushed 8408 tracks
[3187:its-tracker]: [18:47:53][INFO] ITS CA-Tracker total timing: Cpu: 6.300e-01 Real: 6.221e-01 s in 1 slots
[3188:its-track-writer]: [18:47:53][INFO] ITSTrackWriter pulled 8408 tracks, in 42 RO frames
[INFO] Quitting
[INFO] QUIT_REQUESTED
[3183:internal-dpl-clock]: [18:47:53][INFO] Received device shutdown request (signal 15).
[3183:internal-dpl-clock]: [18:47:53][INFO] Waiting for graceful device shutdown. Hit Ctrl-C again to abort immediately.
[3186:its-cluster-writer]: [18:47:53][INFO] Received device shutdown request (signal 15).
[3186:its-cluster-writer]: [18:47:53][INFO] Waiting for graceful device shutdown. Hit Ctrl-C again to abort immediately.
[3188:its-track-writer]: [18:47:53][INFO] Received device shutdown request (signal 15).
[3188:its-track-writer]: [18:47:53][INFO] Waiting for graceful device shutdown. Hit Ctrl-C again to abort immediately.
[3185:its-clusterer]: [18:47:53][INFO] Received device shutdown request (signal 15).
[3185:its-clusterer]: [18:47:53][INFO] Waiting for graceful device shutdown. Hit Ctrl-C again to abort immediately.
[3187:its-tracker]: [18:47:53][INFO] Received device shutdown request (signal 15).
[3187:its-tracker]: [18:47:53][INFO] Waiting for graceful device shutdown. Hit Ctrl-C again to abort immediately.
[3184:its-digit-reader]: [18:47:53][INFO] Received device shutdown request (signal 15).
[3184:its-digit-reader]: [18:47:53][INFO] Waiting for graceful device shutdown. Hit Ctrl-C again to abort immediately.
[3184:its-digit-reader]: [18:47:53][STATE] RUNNING ---> READY
[3184:its-digit-reader]: [18:47:53][STATE] READY ---> RESETTING TASK
[3184:its-digit-reader]: [18:47:53][STATE] RESETTING TASK ---> DEVICE READY
[3184:its-digit-reader]: [18:47:53][STATE] DEVICE READY ---> RESETTING DEVICE
[3184:its-digit-reader]: [18:47:53][STATE] RESETTING DEVICE ---> IDLE
[3184:its-digit-reader]: [18:47:53][STATE] IDLE ---> EXITING
[3184:its-digit-reader]: [18:47:53][STATE] Exiting FairMQ state machine
[3183:internal-dpl-clock]: [18:47:53][STATE] RUNNING ---> READY
[3185:its-clusterer]: [18:47:53][STATE] RUNNING ---> READY
[3183:internal-dpl-clock]: [18:47:53][STATE] READY ---> RESETTING TASK
[3183:internal-dpl-clock]: [18:47:53][STATE] RESETTING TASK ---> DEVICE READY
[3183:internal-dpl-clock]: [18:47:53][STATE] DEVICE READY ---> RESETTING DEVICE
[3185:its-clusterer]: [18:47:53][STATE] READY ---> RESETTING TASK
[3185:its-clusterer]: [18:47:53][STATE] RESETTING TASK ---> DEVICE READY
[3185:its-clusterer]: [18:47:53][STATE] DEVICE READY ---> RESETTING DEVICE
[3187:its-tracker]: [18:47:53][STATE] RUNNING ---> READY
[3187:its-tracker]: [18:47:53][STATE] READY ---> RESETTING TASK
[3187:its-tracker]: [18:47:53][STATE] RESETTING TASK ---> DEVICE READY
[3187:its-tracker]: [18:47:53][STATE] DEVICE READY ---> RESETTING DEVICE
[3183:internal-dpl-clock]: [18:47:53][STATE] RESETTING DEVICE ---> IDLE
[3183:internal-dpl-clock]: [18:47:53][STATE] IDLE ---> EXITING
[3183:internal-dpl-clock]: [18:47:53][STATE] Exiting FairMQ state machine
[3187:its-tracker]: [18:47:53][STATE] RESETTING DEVICE ---> IDLE
[3187:its-tracker]: [18:47:53][STATE] IDLE ---> EXITING
[3187:its-tracker]: [18:47:53][STATE] Exiting FairMQ state machine
[3185:its-clusterer]: [18:47:53][STATE] RESETTING DEVICE ---> IDLE
[3185:its-clusterer]: [18:47:53][STATE] IDLE ---> EXITING
[3185:its-clusterer]: [18:47:53][STATE] Exiting FairMQ state machine
[3188:its-track-writer]: [18:47:54][STATE] RUNNING ---> READY
[3188:its-track-writer]: [18:47:54][STATE] READY ---> RESETTING TASK
[3188:its-track-writer]: [18:47:54][STATE] RESETTING TASK ---> DEVICE READY
[3188:its-track-writer]: [18:47:54][STATE] DEVICE READY ---> RESETTING DEVICE
[3188:its-track-writer]: [18:47:54][STATE] RESETTING DEVICE ---> IDLE
[3188:its-track-writer]: [18:47:54][STATE] IDLE ---> EXITING
[3188:its-track-writer]: [18:47:54][STATE] Exiting FairMQ state machine
[3186:its-cluster-writer]: [18:47:54][STATE] RUNNING ---> READY
[3186:its-cluster-writer]: [18:47:54][STATE] READY ---> RESETTING TASK
[3186:its-cluster-writer]: [18:47:54][STATE] RESETTING TASK ---> DEVICE READY
[3186:its-cluster-writer]: [18:47:54][STATE] DEVICE READY ---> RESETTING DEVICE
[3186:its-cluster-writer]: Cleaning up for shared memory id '614b662f'...
[3186:its-cluster-writer]: No region counter found. No regions to cleanup.
[3186:its-cluster-writer]: Successfully removed 'fmq_614b662f_m_0'.
[3186:its-cluster-writer]: Successfully removed 'fmq_614b662f_mng'.
[3186:its-cluster-writer]: Successfully removed 'fmq_614b662f_mtx'.
[3186:its-cluster-writer]: Successfully removed 'fmq_614b662f_cv'.
[3186:its-cluster-writer]: [18:47:54][STATE] RESETTING DEVICE ---> IDLE
[3186:its-cluster-writer]: [18:47:54][STATE] IDLE ---> EXITING
[3186:its-cluster-writer]: [18:47:54][STATE] Exiting FairMQ state machine
[INFO] Dumping used configuration in dpl-config.json
