===============================
execute this script as follows:
./generate_its.sh system region nevents
where:
system = 1 -> pp
       = 2 -> Pb-Pb
region = 1 -> ITS only
       = 2 -> whole detector
===============================
will generate Pb-Pb events
will transport events in the ITS only
Will generate: 10 events
Moving to /eos/user/f/ftorales/its_data/alignment/lbnl_alice_alignment_tasks/2287089/19
/eos/user/f/ftorales/its_data/alignment/lbnl_alice_alignment_tasks/2287089/19

==============================================================================================
1. MC generation run
[INFO] Running with 6 sim workers 
[INFO] CREATING SIM SHARED MEM SEGMENT FOR 6 WORKERS
Spawning particle server on PID 996; Redirect output to o2sim_serverlog
Spawning sim worker 0 on PID 998; Redirect output to o2sim_workerlog0
Spawning hit merger on PID 999; Redirect output to o2sim_mergerlog
[INFO] DISTRIBUTING EVENT : 1
[INFO] EVENT FINISHED : 1
[INFO] DISTRIBUTING EVENT : 2
[INFO] DISTRIBUTING EVENT : 3
[INFO] DISTRIBUTING EVENT : 4
[INFO] EVENT FINISHED : 2
[INFO] EVENT FINISHED : 3
[INFO] DISTRIBUTING EVENT : 5
[INFO] EVENT FINISHED : 4
[INFO] EVENT FINISHED : 5
[INFO] DISTRIBUTING EVENT : 6
[INFO] EVENT FINISHED : 6
[INFO] DISTRIBUTING EVENT : 7
[INFO] DISTRIBUTING EVENT : 8
[INFO] EVENT FINISHED : 7
[INFO] EVENT FINISHED : 8
[INFO] DISTRIBUTING EVENT : 9
[INFO] DISTRIBUTING EVENT : 10
[INFO] EVENT FINISHED : 9
[INFO] EVENT FINISHED : 10
[INFO] Merger process 999 returned
[INFO] Simulation process took 80.9682 s
[INFO] SIMULATION RETURNED SUCCESFULLY

==============================================================================================
2. Hits to digits conversion
Run: 1621529202
Fill:      0
Period: 
LHC State: 
Start: Thu May 20 18:46:45 2021
End  : Thu May 20 18:46:45 2021
Beam0: Z:A =   0:  0, Energy = 0.000
Beam1: Z:A =   0:  0, Energy = 0.000
sqrt[s]    = 0.000
crossing angle (radian) = 0.000000e+00
magnet currents (A) L3 = -30000.000, Dipole = -6000
Detectors: Cont.RO Triggers
      ITS:    -       -    
[INFO] MC-TRUTH 1
[INFO] TPC: GEM setup - initialization from scratch
[INFO] TPC: GEM setup (polya) took 8.44
[INFO] TPC is in grp? no; is skipped? no
[INFO] ITS is in grp? yes; is skipped? no
[INFO] MFT is in grp? no; is skipped? no
[INFO] TOF is in grp? no; is skipped? no
[INFO] FT0 is in grp? no; is skipped? no
[INFO] FV0 is in grp? no; is skipped? no
[INFO] EMC is in grp? no; is skipped? no
[INFO] HMP is in grp? no; is skipped? no
[INFO] ZDC is in grp? no; is skipped? no
[INFO] TRD is in grp? no; is skipped? no
[INFO] MCH is in grp? no; is skipped? no
[INFO] MID is in grp? no; is skipped? no
[INFO] FDD is in grp? no; is skipped? no
[INFO] PHS is in grp? no; is skipped? no
[INFO] CPV is in grp? no; is skipped? no
[INFO] Initialising O2 Data Processing Layer
[INFO] O2 Data Processing Layer initialised. We brake for nobody.
[INFO] Optimised build. O2DEBUG / LOG(DEBUG) / LOGF(DEBUG) / assert statement will not be shown.
[INFO] Redeployment of configuration asked.
[INFO] Starting internal-dpl-clock on pid 2100
[INFO] Starting SimReader on pid 2101
[INFO] Starting ITSDigitizer on pid 2102
[INFO] Starting GRPUpdater on pid 2103
[INFO] Starting ITSDigitWriter on pid 2104
[INFO] Redeployment of configuration done.
[2101:SimReader]: [INFO] MC-TRUTH 1
[2104:ITSDigitWriter]: [INFO] MC-TRUTH 1
[2100:internal-dpl-clock]: [INFO] MC-TRUTH 1
[2103:GRPUpdater]: [INFO] MC-TRUTH 1
[2101:SimReader]: [INFO] Spawing new device SimReader in process with pid 2101
[2104:ITSDigitWriter]: [INFO] Spawing new device ITSDigitWriter in process with pid 2104
[2100:internal-dpl-clock]: [INFO] Spawing new device internal-dpl-clock in process with pid 2100
[2103:GRPUpdater]: [INFO] Spawing new device GRPUpdater in process with pid 2103
[2103:GRPUpdater]: [18:50:27][INFO] 
[2103:GRPUpdater]:       ______      _    _______  _________ 
[2103:GRPUpdater]:      / ____/___ _(_)_______   |/  /_  __ \    version 1.4.29
[2103:GRPUpdater]:     / /_  / __ `/ / ___/__  /|_/ /_  / / /    build RELWITHDEBINFO
[2103:GRPUpdater]:    / __/ / /_/ / / /    _  /  / / / /_/ /     https://github.com/FairRootGroup/FairMQ
[2103:GRPUpdater]:   /_/    \__,_/_/_/     /_/  /_/  \___\_\     LGPL-3.0  © 2012-2020 GSI
[2103:GRPUpdater]: 
[2101:SimReader]: [18:50:27][INFO] 
[2101:SimReader]:       ______      _    _______  _________ 
[2101:SimReader]:      / ____/___ _(_)_______   |/  /_  __ \    version 1.4.29
[2101:SimReader]:     / /_  / __ `/ / ___/__  /|_/ /_  / / /    build RELWITHDEBINFO
[2101:SimReader]:    / __/ / /_/ / / /    _  /  / / / /_/ /     https://github.com/FairRootGroup/FairMQ
[2101:SimReader]:   /_/    \__,_/_/_/     /_/  /_/  \___\_\     LGPL-3.0  © 2012-2020 GSI
[2101:SimReader]: 
[2104:ITSDigitWriter]: [18:50:27][INFO] 
[2104:ITSDigitWriter]:       ______      _    _______  _________ 
[2104:ITSDigitWriter]:      / ____/___ _(_)_______   |/  /_  __ \    version 1.4.29
[2104:ITSDigitWriter]:     / /_  / __ `/ / ___/__  /|_/ /_  / / /    build RELWITHDEBINFO
[2104:ITSDigitWriter]:    / __/ / /_/ / / /    _  /  / / / /_/ /     https://github.com/FairRootGroup/FairMQ
[2104:ITSDigitWriter]:   /_/    \__,_/_/_/     /_/  /_/  \___\_\     LGPL-3.0  © 2012-2020 GSI
[2104:ITSDigitWriter]: 
[2100:internal-dpl-clock]: [18:50:27][INFO] 
[2100:internal-dpl-clock]:       ______      _    _______  _________ 
[2100:internal-dpl-clock]:      / ____/___ _(_)_______   |/  /_  __ \    version 1.4.29
[2100:internal-dpl-clock]:     / /_  / __ `/ / ___/__  /|_/ /_  / / /    build RELWITHDEBINFO
[2100:internal-dpl-clock]:    / __/ / /_/ / / /    _  /  / / / /_/ /     https://github.com/FairRootGroup/FairMQ
[2100:internal-dpl-clock]:   /_/    \__,_/_/_/     /_/  /_/  \___\_\     LGPL-3.0  © 2012-2020 GSI
[2100:internal-dpl-clock]: 
[2102:ITSDigitizer]: [INFO] MC-TRUTH 1
[2101:SimReader]: [18:50:27][STATE] Starting FairMQ state machine --> IDLE
[2104:ITSDigitWriter]: [18:50:27][STATE] Starting FairMQ state machine --> IDLE
[2100:internal-dpl-clock]: [18:50:27][STATE] Starting FairMQ state machine --> IDLE
[2100:internal-dpl-clock]: 2021-05-20 18:50:27	Monitoring	[0;49mStdOut backend initialized[0m
[2101:SimReader]: 2021-05-20 18:50:27	Monitoring	[0;49mStdOut backend initialized[0m
[2103:GRPUpdater]: [18:50:27][STATE] Starting FairMQ state machine --> IDLE
[2104:ITSDigitWriter]: 2021-05-20 18:50:27	Monitoring	[0;49mStdOut backend initialized[0m
[2100:internal-dpl-clock]: [18:50:27][STATE] IDLE ---> INITIALIZING DEVICE
[2100:internal-dpl-clock]: 2021-05-20 18:50:27	Monitoring	[0;49mBuffering enabled (100)[0m
[2100:internal-dpl-clock]: [18:50:27][STATE] INITIALIZING DEVICE ---> INITIALIZED
[2100:internal-dpl-clock]: [18:50:27][STATE] INITIALIZED ---> BINDING
[2100:internal-dpl-clock]: [18:50:27][STATE] BINDING ---> BOUND
[2100:internal-dpl-clock]: [18:50:27][STATE] BOUND ---> CONNECTING
[2100:internal-dpl-clock]: [18:50:27][STATE] CONNECTING ---> DEVICE READY
[2100:internal-dpl-clock]: [18:50:27][STATE] DEVICE READY ---> INITIALIZING TASK
[2100:internal-dpl-clock]: [18:50:27][STATE] INITIALIZING TASK ---> READY
[2100:internal-dpl-clock]: [18:50:27][STATE] READY ---> RUNNING
[2100:internal-dpl-clock]: [18:50:27][INFO] DEVICE: Running...
[2101:SimReader]: [18:50:27][STATE] IDLE ---> INITIALIZING DEVICE
[2101:SimReader]: 2021-05-20 18:50:27	Monitoring	[0;49mBuffering enabled (100)[0m
[2101:SimReader]: [18:50:27][INFO] adding o2sim
[2101:SimReader]: 
[2101:SimReader]: [18:50:27][INFO] INCONTEXTSTRING 
[2101:SimReader]: [18:50:27][INFO] Imposing hadronic interaction rate 50000Hz
[2101:SimReader]: [18:50:27][WARN] No bunch filling provided, impose default one
[2101:SimReader]: [18:50:27][INFO] Deducing mu=0.00771915 per BC from IR=50000 with 576 BCs
[2101:SimReader]: [18:50:27][INFO] InteractionSampler with 576 colliding BCs, mu(BC)= 0.00771915 -> total IR= 50000
[2101:SimReader]: [18:50:27][INFO] Current BCid:    0 Orbit:      1 |T in BC(ns): 0.000(0 coll left)
[2101:SimReader]: [18:50:27][INFO] setting up 1 chains
[2102:ITSDigitizer]: [INFO] Spawing new device ITSDigitizer in process with pid 2102
[2103:GRPUpdater]: 2021-05-20 18:50:27	Monitoring	[0;49mStdOut backend initialized[0m
[2103:GRPUpdater]: [18:50:27][STATE] IDLE ---> INITIALIZING DEVICE
[2104:ITSDigitWriter]: [18:50:27][STATE] IDLE ---> INITIALIZING DEVICE
[2102:ITSDigitizer]: [18:50:27][INFO] 
[2102:ITSDigitizer]:       ______      _    _______  _________ 
[2102:ITSDigitizer]:      / ____/___ _(_)_______   |/  /_  __ \    version 1.4.29
[2102:ITSDigitizer]:     / /_  / __ `/ / ___/__  /|_/ /_  / / /    build RELWITHDEBINFO
[2102:ITSDigitizer]:    / __/ / /_/ / / /    _  /  / / / /_/ /     https://github.com/FairRootGroup/FairMQ
[2102:ITSDigitizer]:   /_/    \__,_/_/_/     /_/  /_/  \___\_\     LGPL-3.0  © 2012-2020 GSI
[2102:ITSDigitizer]: 
[2102:ITSDigitizer]: [18:50:27][STATE] Starting FairMQ state machine --> IDLE
[2102:ITSDigitizer]: 2021-05-20 18:50:27	Monitoring	[0;49mStdOut backend initialized[0m
[2102:ITSDigitizer]: [18:50:27][STATE] IDLE ---> INITIALIZING DEVICE
[2102:ITSDigitizer]: 2021-05-20 18:50:27	Monitoring	[0;49mBuffering enabled (100)[0m
[2102:ITSDigitizer]: [18:50:27][INFO] Initializing geometry service
[2102:ITSDigitizer]: [18:50:27][INFO] Loading geometry FAIRGeom from o2sim_geometry.root
[2103:GRPUpdater]: 2021-05-20 18:50:27	Monitoring	[0;49mBuffering enabled (100)[0m
[2103:GRPUpdater]: [18:50:27][STATE] INITIALIZING DEVICE ---> INITIALIZED
[2103:GRPUpdater]: [18:50:27][STATE] INITIALIZED ---> BINDING
[2103:GRPUpdater]: [18:50:27][STATE] BINDING ---> BOUND
[2103:GRPUpdater]: [18:50:27][STATE] BOUND ---> CONNECTING
[2103:GRPUpdater]: [18:50:27][STATE] CONNECTING ---> DEVICE READY
[2103:GRPUpdater]: [18:50:27][STATE] DEVICE READY ---> INITIALIZING TASK
[2103:GRPUpdater]: [18:50:27][STATE] INITIALIZING TASK ---> READY
[2103:GRPUpdater]: [18:50:27][STATE] READY ---> RUNNING
[2103:GRPUpdater]: [18:50:27][INFO] DEVICE: Running...
[2104:ITSDigitWriter]: 2021-05-20 18:50:27	Monitoring	[0;49mBuffering enabled (100)[0m
[2104:ITSDigitWriter]: [18:50:27][INFO] 0: branch  ITSDigitMCTruth set up
[2104:ITSDigitWriter]: [18:50:27][INFO] 1: branch  ITSDigitMC2ROF set up
[2104:ITSDigitWriter]: [18:50:27][INFO] 2: branch  ITSDigit set up
[2104:ITSDigitWriter]: [18:50:27][INFO] 3: branch  ITSDigitROF set up
[2104:ITSDigitWriter]: [18:50:27][STATE] INITIALIZING DEVICE ---> INITIALIZED
[2104:ITSDigitWriter]: [18:50:27][STATE] INITIALIZED ---> BINDING
[2104:ITSDigitWriter]: [18:50:27][STATE] BINDING ---> BOUND
[2104:ITSDigitWriter]: [18:50:27][STATE] BOUND ---> CONNECTING
[2104:ITSDigitWriter]: [18:50:27][STATE] CONNECTING ---> DEVICE READY
[2104:ITSDigitWriter]: [18:50:27][STATE] DEVICE READY ---> INITIALIZING TASK
[2104:ITSDigitWriter]: [18:50:27][STATE] INITIALIZING TASK ---> READY
[2104:ITSDigitWriter]: [18:50:27][STATE] READY ---> RUNNING
[2104:ITSDigitWriter]: [18:50:27][INFO] DEVICE: Running...
[2102:ITSDigitizer]: Info in <TGeoManager::CloseGeometry>: Geometry loaded from file...
[2102:ITSDigitizer]: Info in <TGeoManager::SetTopVolume>: Top volume is cave. Master volume is cave
[2102:ITSDigitizer]: Info in <TGeoNavigator::BuildCache>: --- Maximum geometry depth set to 100
[2102:ITSDigitizer]: Info in <TGeoManager::CloseGeometry>: Voxelization retrieved from file
[2102:ITSDigitizer]: Info in <TGeoManager::CountLevels>: max level = 9, max placements = 126
[2102:ITSDigitizer]: Info in <TGeoManager::CloseGeometry>: 179840 nodes/ 399 volume UID's in FAIR geometry
[2102:ITSDigitizer]: Info in <TGeoManager::CloseGeometry>: ----------------modeler ready----------------
[2102:ITSDigitizer]: [18:50:28][INFO] Initializing field service
[2101:SimReader]: [18:50:28][INFO] Automatic deduction of number of collisions ... will just take number of background entries 10
[2101:SimReader]: Summary of DigitizationContext --
[2101:SimReader]: Parts per collision 1
[2101:SimReader]: Collision parts taken from simulations specified by prefix:
[2101:SimReader]: Number of Collisions 10
[2101:SimReader]: Collision 0 TIME BCid:   86 Orbit:      1 |T in BC(ns): 0.157 (0 , 0)
[2101:SimReader]: Collision 1 TIME BCid:  468 Orbit:      1 |T in BC(ns): -0.125 (0 , 1)
[2101:SimReader]: Collision 2 TIME BCid:  810 Orbit:      1 |T in BC(ns): 0.391 (0 , 2)
[2101:SimReader]: Collision 3 TIME BCid:  854 Orbit:      1 |T in BC(ns): 0.026 (0 , 3)
[2101:SimReader]: Collision 4 TIME BCid:  966 Orbit:      1 |T in BC(ns): -0.284 (0 , 4)
[2101:SimReader]: Collision 5 TIME BCid: 1384 Orbit:      1 |T in BC(ns): -0.028 (0 , 5)
[2101:SimReader]: Collision 6 TIME BCid:  454 Orbit:      2 |T in BC(ns): -0.078 (0 , 6)
[2101:SimReader]: Collision 7 TIME BCid: 1418 Orbit:      2 |T in BC(ns): -0.091 (0 , 7)
[2101:SimReader]: Collision 8 TIME BCid:  850 Orbit:      3 |T in BC(ns): -0.198 (0 , 8)
[2101:SimReader]: Collision 9 TIME BCid: 1044 Orbit:      3 |T in BC(ns): 0.231 (0 , 9)
[2101:SimReader]: [18:50:28][INFO] Initializing Spec ... have 10 times 
[2101:SimReader]: [18:50:28][INFO] Serializing Context for later reuse
[2102:ITSDigitizer]: [18:50:28][INFO] MagneticField::Print: MagneticFieldMap:
[2102:ITSDigitizer]: [18:50:28][INFO] MagneticField::Print: Solenoid (-1*)5 kG, Dipole ON (-1) 
[2102:ITSDigitizer]: [18:50:28][INFO] MagneticField::Print: Machine B fields for p-p  beam (7000 GeV): QGrad: 22.0002 Dipole: 37.8781
[2102:ITSDigitizer]: [18:50:28][INFO] MagneticField::Print: Uses Sol30_Dip6_Hole  of /cvmfs/alice.cern.ch/el7-x86_64/Packages/O2/nightly-20210129-1/share/Common/maps/mfchebKGI_sym.root
[2102:ITSDigitizer]: Info in <TGeoGlobalMagField::SetField>: Global magnetic field set to <MagneticFieldMap>
[2102:ITSDigitizer]: Info in <TGeoGlobalMagField::Lock>: Global magnetic field <MagneticFieldMap> is now locked
[2102:ITSDigitizer]: [18:50:28][INFO] Set Alpide charge threshold to 150, single hit will be accounted from 15 electrons
[2102:ITSDigitizer]: [18:50:28][INFO] ITS simulated in CONTINUOUS RO mode
[2102:ITSDigitizer]: [18:50:28][INFO] Loading ITS L2G matrices from TGeo
[2101:SimReader]: [18:50:28][STATE] INITIALIZING DEVICE ---> INITIALIZED
[2101:SimReader]: [18:50:28][STATE] INITIALIZED ---> BINDING
[2101:SimReader]: [18:50:28][STATE] BINDING ---> BOUND
[2101:SimReader]: [18:50:28][STATE] BOUND ---> CONNECTING
[2101:SimReader]: [18:50:28][STATE] CONNECTING ---> DEVICE READY
[2101:SimReader]: [18:50:28][STATE] DEVICE READY ---> INITIALIZING TASK
[2101:SimReader]: [18:50:28][STATE] INITIALIZING TASK ---> READY
[2101:SimReader]: [18:50:28][STATE] READY ---> RUNNING
[2101:SimReader]: [18:50:28][INFO] DEVICE: Running...
[2101:SimReader]: [18:50:28][INFO] SENDING SOMETHING TO OTHERS
[2102:ITSDigitizer]: Alpide response object of 40500 matrices to map chagre in xyz to 5x5 pixels
[2102:ITSDigitizer]: X(col) range: +0.000000e+00 : +1.462000e-03 | step: 5.000000e-05 | Nbins: 30
[2102:ITSDigitizer]: Y(row) range: +0.000000e+00 : +1.344000e-03 | step: 5.000000e-05 | Nbins: 27
[2102:ITSDigitizer]: Z(dpt) range: -2.000000e-03 : +2.500000e-03 | step: 8.999999e-05 | Nbins: 50
[2102:ITSDigitizer]: Alpide digitization params:
[2102:ITSDigitizer]: Continuous readout             : ON
[2102:ITSDigitizer]: Readout Frame Length(ns)       : 9880.510742
[2102:ITSDigitizer]: Strobe delay (ns)              : 99.803139
[2102:ITSDigitizer]: Strobe length (ns)             : 9780.708008
[2102:ITSDigitizer]: Threshold (N electrons)        : 150
[2102:ITSDigitizer]: Min N electrons to accoint     : 15
[2102:ITSDigitizer]: Number of charge sharing steps : 7
[2102:ITSDigitizer]: ELoss to N electrons factor    : 2.777778e+08
[2102:ITSDigitizer]: Noise level per pixel          : 1.000000e-07
[2102:ITSDigitizer]: Charge time-response:
[2102:ITSDigitizer]: o2::itsmft::AlpideSignalTrapezoid | Duration: 7500.0 MaxRiseTime: 1100.0 (RiseTime=0 at q=450.0) (ns)
[2102:ITSDigitizer]: [18:50:30][STATE] INITIALIZING DEVICE ---> INITIALIZED
[2102:ITSDigitizer]: [18:50:30][STATE] INITIALIZED ---> BINDING
[2102:ITSDigitizer]: [18:50:30][STATE] BINDING ---> BOUND
[2102:ITSDigitizer]: [18:50:30][STATE] BOUND ---> CONNECTING
[2102:ITSDigitizer]: [18:50:30][STATE] CONNECTING ---> DEVICE READY
[2102:ITSDigitizer]: [18:50:30][STATE] DEVICE READY ---> INITIALIZING TASK
[2102:ITSDigitizer]: [18:50:30][STATE] INITIALIZING TASK ---> READY
[2102:ITSDigitizer]: [18:50:30][STATE] READY ---> RUNNING
[2102:ITSDigitizer]: [18:50:30][INFO] DEVICE: Running...
[2102:ITSDigitizer]: [18:50:30][INFO] GOT 10 COLLISSION TIMES
[2102:ITSDigitizer]: [18:50:30][INFO] SIMCHAINS 1
[2102:ITSDigitizer]: [18:50:30][INFO]  CALLING ITS DIGITIZATION 
[2102:ITSDigitizer]: [18:50:30][INFO] Digitizing ITS hits of entry 0 from source 0 at time BCid:   86 Orbit:      1 |T in BC(ns): 0.157 ROFrame= 9) cont.mode: 1 Min/Max ROFrames 0/8
[2102:ITSDigitizer]: [18:50:30][INFO] Filling ITS digits output for RO frames 0:8
[2102:ITSDigitizer]: ROF: 0 | 1283 entries starting from 0
[2102:ITSDigitizer]: BCid:    0 Orbit:      0
[2102:ITSDigitizer]: ROF: 1 | 1267 entries starting from 1283
[2102:ITSDigitizer]: BCid:  396 Orbit:      0
[2102:ITSDigitizer]: ROF: 2 | 1323 entries starting from 2550
[2102:ITSDigitizer]: BCid:  792 Orbit:      0
[2102:ITSDigitizer]: ROF: 3 | 1229 entries starting from 3873
[2102:ITSDigitizer]: BCid: 1188 Orbit:      0
[2102:ITSDigitizer]: ROF: 4 | 1245 entries starting from 5102
[2102:ITSDigitizer]: BCid: 1584 Orbit:      0
[2102:ITSDigitizer]: ROF: 5 | 1248 entries starting from 6347
[2102:ITSDigitizer]: BCid: 1980 Orbit:      0
[2102:ITSDigitizer]: ROF: 6 | 1259 entries starting from 7595
[2102:ITSDigitizer]: BCid: 2376 Orbit:      0
[2102:ITSDigitizer]: ROF: 7 | 1258 entries starting from 8854
[2102:ITSDigitizer]: BCid: 2772 Orbit:      0
[2102:ITSDigitizer]: ROF: 8 | 1247 entries starting from 10112
[2102:ITSDigitizer]: BCid: 3168 Orbit:      0
[2102:ITSDigitizer]: [18:50:31][INFO] Added 11359 digits 
[2102:ITSDigitizer]: [18:50:31][INFO] Digitizing ITS hits of entry 1 from source 0 at time BCid:  468 Orbit:      1 |T in BC(ns): -0.125 ROFrame= 10) cont.mode: 1 Min/Max ROFrames 9/10
[2102:ITSDigitizer]: [18:50:31][INFO] Filling ITS digits output for RO frames 9:9
[2102:ITSDigitizer]: ROF: 9 | 150140 entries starting from 11359
[2102:ITSDigitizer]: BCid:    0 Orbit:      1
[2102:ITSDigitizer]: MCEventID: 0 ROFs: 9-10 Entry in ROFRecords: 9
[2102:ITSDigitizer]: [18:50:31][INFO] Added 150140 digits 
[2102:ITSDigitizer]: [18:50:31][INFO] Digitizing ITS hits of entry 2 from source 0 at time BCid:  810 Orbit:      1 |T in BC(ns): 0.391 ROFrame= 11) cont.mode: 1 Min/Max ROFrames 10/10
[2102:ITSDigitizer]: [18:50:31][INFO] Filling ITS digits output for RO frames 10:10
[2102:ITSDigitizer]: ROF: 10 | 3047 entries starting from 161499
[2102:ITSDigitizer]: BCid:  396 Orbit:      1
[2102:ITSDigitizer]: MCEventID: 1 ROFs: 10-10 Entry in ROFRecords: 10
[2102:ITSDigitizer]: [18:50:31][INFO] Added 3047 digits 
[2102:ITSDigitizer]: [18:50:31][INFO] Digitizing ITS hits of entry 3 from source 0 at time BCid:  854 Orbit:      1 |T in BC(ns): 0.026 ROFrame= 11) cont.mode: 1 Min/Max ROFrames 11/12
[2102:ITSDigitizer]: [18:50:31][INFO] Digitizing ITS hits of entry 4 from source 0 at time BCid:  966 Orbit:      1 |T in BC(ns): -0.284 ROFrame= 11) cont.mode: 1 Min/Max ROFrames 11/12
[2102:ITSDigitizer]: [18:50:31][INFO] Digitizing ITS hits of entry 5 from source 0 at time BCid: 1384 Orbit:      1 |T in BC(ns): -0.028 ROFrame= 12) cont.mode: 1 Min/Max ROFrames 11/12
[2102:ITSDigitizer]: [18:50:31][INFO] Filling ITS digits output for RO frames 11:11
[2102:ITSDigitizer]: ROF: 11 | 68664 entries starting from 164546
[2102:ITSDigitizer]: BCid:  792 Orbit:      1
[2102:ITSDigitizer]: MCEventID: 2 ROFs: 11-12 Entry in ROFRecords: 11
[2102:ITSDigitizer]: MCEventID: 3 ROFs: 11-12 Entry in ROFRecords: 11
[2102:ITSDigitizer]: MCEventID: 4 ROFs: 11-12 Entry in ROFRecords: 11
[2102:ITSDigitizer]: [18:50:32][INFO] Added 68664 digits 
[2102:ITSDigitizer]: [18:50:32][INFO] Digitizing ITS hits of entry 6 from source 0 at time BCid:  454 Orbit:      2 |T in BC(ns): -0.078 ROFrame= 19) cont.mode: 1 Min/Max ROFrames 12/18
[2102:ITSDigitizer]: [18:50:32][INFO] Filling ITS digits output for RO frames 12:18
[2102:ITSDigitizer]: ROF: 12 | 283982 entries starting from 233210
[2102:ITSDigitizer]: BCid: 1188 Orbit:      1
[2102:ITSDigitizer]: MCEventID: 5 ROFs: 12-14 Entry in ROFRecords: 12
[2102:ITSDigitizer]: ROF: 13 | 226464 entries starting from 517192
[2102:ITSDigitizer]: BCid: 1584 Orbit:      1
[2102:ITSDigitizer]: ROF: 14 | 1402 entries starting from 743656
[2102:ITSDigitizer]: BCid: 1980 Orbit:      1
[2102:ITSDigitizer]: ROF: 15 | 1202 entries starting from 745058
[2102:ITSDigitizer]: BCid: 2376 Orbit:      1
[2102:ITSDigitizer]: ROF: 16 | 1296 entries starting from 746260
[2102:ITSDigitizer]: BCid: 2772 Orbit:      1
[2102:ITSDigitizer]: ROF: 17 | 1250 entries starting from 747556
[2102:ITSDigitizer]: BCid: 3168 Orbit:      1
[2102:ITSDigitizer]: ROF: 18 | 1202 entries starting from 748806
[2102:ITSDigitizer]: BCid:    0 Orbit:      2
[2102:ITSDigitizer]: [18:50:32][INFO] Added 516798 digits 
[2102:ITSDigitizer]: [18:50:32][INFO] Digitizing ITS hits of entry 7 from source 0 at time BCid: 1418 Orbit:      2 |T in BC(ns): -0.091 ROFrame= 21) cont.mode: 1 Min/Max ROFrames 19/20
[2102:ITSDigitizer]: [18:50:32][INFO] Filling ITS digits output for RO frames 19:20
[2102:ITSDigitizer]: ROF: 19 | 4069 entries starting from 750008
[2102:ITSDigitizer]: BCid:  396 Orbit:      2
[2102:ITSDigitizer]: MCEventID: 6 ROFs: 19-20 Entry in ROFRecords: 19
[2102:ITSDigitizer]: ROF: 20 | 1272 entries starting from 754077
[2102:ITSDigitizer]: BCid:  792 Orbit:      2
[2102:ITSDigitizer]: [18:50:32][INFO] Added 5341 digits 
[2102:ITSDigitizer]: [18:50:32][INFO] Digitizing ITS hits of entry 8 from source 0 at time BCid:  850 Orbit:      3 |T in BC(ns): -0.198 ROFrame= 29) cont.mode: 1 Min/Max ROFrames 21/28
[2102:ITSDigitizer]: [18:50:32][INFO] Filling ITS digits output for RO frames 21:28
[2102:ITSDigitizer]: ROF: 21 | 1729 entries starting from 755349
[2102:ITSDigitizer]: BCid: 1188 Orbit:      2
[2102:ITSDigitizer]: MCEventID: 7 ROFs: 21-23 Entry in ROFRecords: 21
[2102:ITSDigitizer]: ROF: 22 | 1675 entries starting from 757078
[2102:ITSDigitizer]: BCid: 1584 Orbit:      2
[2102:ITSDigitizer]: ROF: 23 | 1199 entries starting from 758753
[2102:ITSDigitizer]: BCid: 1980 Orbit:      2
[2102:ITSDigitizer]: ROF: 24 | 1236 entries starting from 759952
[2102:ITSDigitizer]: BCid: 2376 Orbit:      2
[2102:ITSDigitizer]: ROF: 25 | 1236 entries starting from 761188
[2102:ITSDigitizer]: BCid: 2772 Orbit:      2
[2102:ITSDigitizer]: ROF: 26 | 1231 entries starting from 762424
[2102:ITSDigitizer]: BCid: 3168 Orbit:      2
[2102:ITSDigitizer]: ROF: 27 | 1240 entries starting from 763655
[2102:ITSDigitizer]: BCid:    0 Orbit:      3
[2102:ITSDigitizer]: ROF: 28 | 1270 entries starting from 764895
[2102:ITSDigitizer]: BCid:  396 Orbit:      3
[2102:ITSDigitizer]: [18:50:32][INFO] Added 10816 digits 
[2102:ITSDigitizer]: [18:50:32][INFO] Digitizing ITS hits of entry 9 from source 0 at time BCid: 1044 Orbit:      3 |T in BC(ns): 0.231 ROFrame= 29) cont.mode: 1 Min/Max ROFrames 29/30
[2102:ITSDigitizer]: [18:50:32][INFO] Filling ITS digits output for RO frames 29:30
[2102:ITSDigitizer]: ROF: 29 | 147487 entries starting from 766165
[2102:ITSDigitizer]: BCid:  792 Orbit:      3
[2102:ITSDigitizer]: MCEventID: 8 ROFs: 29-30 Entry in ROFRecords: 29
[2102:ITSDigitizer]: MCEventID: 9 ROFs: 29-30 Entry in ROFRecords: 29
[2102:ITSDigitizer]: ROF: 30 | 56058 entries starting from 913652
[2102:ITSDigitizer]: BCid: 1188 Orbit:      3
[2102:ITSDigitizer]: [18:50:32][INFO] Added 203545 digits 
[2102:ITSDigitizer]: [18:50:32][INFO] ITS: Sending ROMode= 3 to GRPUpdater
[2102:ITSDigitizer]: [18:50:32][INFO] Digitization took 2.16s
[2104:ITSDigitWriter]: [18:50:32][INFO] WRITING 975351 LABELS 
[2103:GRPUpdater]: [18:50:32][INFO] Updated GRP in o2sim_grp.root for detectors RO mode
[2103:GRPUpdater]: Run: 1621529202
[2103:GRPUpdater]: Fill:      0
[2103:GRPUpdater]: Period: 
[2103:GRPUpdater]: LHC State: 
[2103:GRPUpdater]: Start: Thu May 20 18:46:45 2021
[2103:GRPUpdater]: End  : Thu May 20 18:46:45 2021
[2103:GRPUpdater]: Beam0: Z:A =   0:  0, Energy = 0.000
[2103:GRPUpdater]: Beam1: Z:A =   0:  0, Energy = 0.000
[2103:GRPUpdater]: sqrt[s]    = 0.000
[2103:GRPUpdater]: crossing angle (radian) = 0.000000e+00
[2103:GRPUpdater]: magnet currents (A) L3 = -30000.000, Dipole = -6000
[2103:GRPUpdater]: Detectors: Cont.RO Triggers
[2103:GRPUpdater]:       ITS:    +       -    
[2104:ITSDigitWriter]: [18:50:33][INFO] RECEIVED DIGITS SIZE 969710
[INFO] Quitting
[INFO] QUIT_REQUESTED
[2102:ITSDigitizer]: [18:50:33][INFO] Received device shutdown request (signal 15).
[2102:ITSDigitizer]: [18:50:33][INFO] Waiting for graceful device shutdown. Hit Ctrl-C again to abort immediately.
[2101:SimReader]: [18:50:33][INFO] Received device shutdown request (signal 15).
[2101:SimReader]: [18:50:33][INFO] Waiting for graceful device shutdown. Hit Ctrl-C again to abort immediately.
[2104:ITSDigitWriter]: [18:50:33][INFO] Received device shutdown request (signal 15).
[2104:ITSDigitWriter]: [18:50:33][INFO] Waiting for graceful device shutdown. Hit Ctrl-C again to abort immediately.
[2100:internal-dpl-clock]: [18:50:33][INFO] Received device shutdown request (signal 15).
[2100:internal-dpl-clock]: [18:50:33][INFO] Waiting for graceful device shutdown. Hit Ctrl-C again to abort immediately.
[2103:GRPUpdater]: [18:50:33][INFO] Received device shutdown request (signal 15).
[2103:GRPUpdater]: [18:50:33][INFO] Waiting for graceful device shutdown. Hit Ctrl-C again to abort immediately.
[2101:SimReader]: [18:50:33][STATE] RUNNING ---> READY
[2101:SimReader]: [18:50:33][STATE] READY ---> RESETTING TASK
[2101:SimReader]: [18:50:33][STATE] RESETTING TASK ---> DEVICE READY
[2101:SimReader]: [18:50:33][STATE] DEVICE READY ---> RESETTING DEVICE
[2101:SimReader]: [18:50:33][STATE] RESETTING DEVICE ---> IDLE
[2101:SimReader]: [18:50:33][STATE] IDLE ---> EXITING
[2101:SimReader]: [18:50:33][STATE] Exiting FairMQ state machine
[2102:ITSDigitizer]: [18:50:33][STATE] RUNNING ---> READY
[2100:internal-dpl-clock]: [18:50:33][STATE] RUNNING ---> READY
[2103:GRPUpdater]: [18:50:33][STATE] RUNNING ---> READY
[2102:ITSDigitizer]: [18:50:33][STATE] READY ---> RESETTING TASK
[2100:internal-dpl-clock]: [18:50:33][STATE] READY ---> RESETTING TASK
[2102:ITSDigitizer]: [18:50:33][STATE] RESETTING TASK ---> DEVICE READY
[2102:ITSDigitizer]: [18:50:33][STATE] DEVICE READY ---> RESETTING DEVICE
[2100:internal-dpl-clock]: [18:50:33][STATE] RESETTING TASK ---> DEVICE READY
[2100:internal-dpl-clock]: [18:50:33][STATE] DEVICE READY ---> RESETTING DEVICE
[2103:GRPUpdater]: [18:50:33][STATE] READY ---> RESETTING TASK
[2103:GRPUpdater]: [18:50:33][STATE] RESETTING TASK ---> DEVICE READY
[2103:GRPUpdater]: [18:50:33][STATE] DEVICE READY ---> RESETTING DEVICE
[2103:GRPUpdater]: [18:50:33][STATE] RESETTING DEVICE ---> IDLE
[2100:internal-dpl-clock]: [18:50:33][STATE] RESETTING DEVICE ---> IDLE
[2100:internal-dpl-clock]: [18:50:33][STATE] IDLE ---> EXITING
[2100:internal-dpl-clock]: [18:50:33][STATE] Exiting FairMQ state machine
[2102:ITSDigitizer]: [18:50:33][STATE] RESETTING DEVICE ---> IDLE
[2103:GRPUpdater]: [18:50:33][STATE] IDLE ---> EXITING
[2103:GRPUpdater]: [18:50:33][STATE] Exiting FairMQ state machine
[2102:ITSDigitizer]: [18:50:33][STATE] IDLE ---> EXITING
[2102:ITSDigitizer]: [18:50:33][STATE] Exiting FairMQ state machine
[2104:ITSDigitWriter]: [18:50:34][STATE] RUNNING ---> READY
[2104:ITSDigitWriter]: [18:50:34][STATE] READY ---> RESETTING TASK
[2104:ITSDigitWriter]: [18:50:34][STATE] RESETTING TASK ---> DEVICE READY
[2104:ITSDigitWriter]: [18:50:34][STATE] DEVICE READY ---> RESETTING DEVICE
[2104:ITSDigitWriter]: Cleaning up for shared memory id 'ca2969e8'...
[2104:ITSDigitWriter]: No region counter found. No regions to cleanup.
[2104:ITSDigitWriter]: Successfully removed 'fmq_ca2969e8_m_0'.
[2104:ITSDigitWriter]: Successfully removed 'fmq_ca2969e8_mng'.
[2104:ITSDigitWriter]: Successfully removed 'fmq_ca2969e8_mtx'.
[2104:ITSDigitWriter]: Successfully removed 'fmq_ca2969e8_cv'.
[2104:ITSDigitWriter]: [18:50:34][STATE] RESETTING DEVICE ---> IDLE
[2104:ITSDigitWriter]: [18:50:34][STATE] IDLE ---> EXITING
[2104:ITSDigitWriter]: [18:50:34][STATE] Exiting FairMQ state machine
[INFO] Dumping used configuration in dpl-config.json

==============================================================================================
3. Tracking
[INFO] Initialising O2 Data Processing Layer
[INFO] O2 Data Processing Layer initialised. We brake for nobody.
[INFO] Optimised build. O2DEBUG / LOG(DEBUG) / LOGF(DEBUG) / assert statement will not be shown.
[INFO] Redeployment of configuration asked.
[INFO] Starting internal-dpl-clock on pid 3183
[INFO] Starting its-digit-reader on pid 3184
[INFO] Starting its-clusterer on pid 3185
[INFO] Starting its-cluster-writer on pid 3186
[INFO] Starting its-tracker on pid 3187
[INFO] Starting its-track-writer on pid 3188
[INFO] Redeployment of configuration done.
[3184:its-digit-reader]: [INFO] Spawing new device its-digit-reader in process with pid 3184
[3185:its-clusterer]: [INFO] Spawing new device its-clusterer in process with pid 3185
[3188:its-track-writer]: [INFO] Spawing new device its-track-writer in process with pid 3188
[3187:its-tracker]: [INFO] Spawing new device its-tracker in process with pid 3187
[3183:internal-dpl-clock]: [INFO] Spawing new device internal-dpl-clock in process with pid 3183
[3186:its-cluster-writer]: [INFO] Spawing new device its-cluster-writer in process with pid 3186
[3187:its-tracker]: [18:52:51][INFO] 
[3187:its-tracker]:       ______      _    _______  _________ 
[3187:its-tracker]:      / ____/___ _(_)_______   |/  /_  __ \    version 1.4.29
[3187:its-tracker]:     / /_  / __ `/ / ___/__  /|_/ /_  / / /    build RELWITHDEBINFO
[3187:its-tracker]:    / __/ / /_/ / / /    _  /  / / / /_/ /     https://github.com/FairRootGroup/FairMQ
[3187:its-tracker]:   /_/    \__,_/_/_/     /_/  /_/  \___\_\     LGPL-3.0  © 2012-2020 GSI
[3187:its-tracker]: 
[3183:internal-dpl-clock]: [18:52:51][INFO] 
[3183:internal-dpl-clock]:       ______      _    _______  _________ 
[3183:internal-dpl-clock]:      / ____/___ _(_)_______   |/  /_  __ \    version 1.4.29
[3183:internal-dpl-clock]:     / /_  / __ `/ / ___/__  /|_/ /_  / / /    build RELWITHDEBINFO
[3183:internal-dpl-clock]:    / __/ / /_/ / / /    _  /  / / / /_/ /     https://github.com/FairRootGroup/FairMQ
[3183:internal-dpl-clock]:   /_/    \__,_/_/_/     /_/  /_/  \___\_\     LGPL-3.0  © 2012-2020 GSI
[3183:internal-dpl-clock]: 
[3184:its-digit-reader]: [18:52:51][INFO] 
[3184:its-digit-reader]:       ______      _    _______  _________ 
[3184:its-digit-reader]:      / ____/___ _(_)_______   |/  /_  __ \    version 1.4.29
[3184:its-digit-reader]:     / /_  / __ `/ / ___/__  /|_/ /_  / / /    build RELWITHDEBINFO
[3184:its-digit-reader]:    / __/ / /_/ / / /    _  /  / / / /_/ /     https://github.com/FairRootGroup/FairMQ
[3184:its-digit-reader]:   /_/    \__,_/_/_/     /_/  /_/  \___\_\     LGPL-3.0  © 2012-2020 GSI
[3184:its-digit-reader]: 
[3188:its-track-writer]: [18:52:51][INFO] 
[3188:its-track-writer]:       ______      _    _______  _________ 
[3188:its-track-writer]:      / ____/___ _(_)_______   |/  /_  __ \    version 1.4.29
[3188:its-track-writer]:     / /_  / __ `/ / ___/__  /|_/ /_  / / /    build RELWITHDEBINFO
[3188:its-track-writer]:    / __/ / /_/ / / /    _  /  / / / /_/ /     https://github.com/FairRootGroup/FairMQ
[3188:its-track-writer]:   /_/    \__,_/_/_/     /_/  /_/  \___\_\     LGPL-3.0  © 2012-2020 GSI
[3188:its-track-writer]: 
[3185:its-clusterer]: [18:52:51][INFO] 
[3185:its-clusterer]:       ______      _    _______  _________ 
[3185:its-clusterer]:      / ____/___ _(_)_______   |/  /_  __ \    version 1.4.29
[3185:its-clusterer]:     / /_  / __ `/ / ___/__  /|_/ /_  / / /    build RELWITHDEBINFO
[3185:its-clusterer]:    / __/ / /_/ / / /    _  /  / / / /_/ /     https://github.com/FairRootGroup/FairMQ
[3185:its-clusterer]:   /_/    \__,_/_/_/     /_/  /_/  \___\_\     LGPL-3.0  © 2012-2020 GSI
[3185:its-clusterer]: 
[3186:its-cluster-writer]: [18:52:51][INFO] 
[3186:its-cluster-writer]:       ______      _    _______  _________ 
[3186:its-cluster-writer]:      / ____/___ _(_)_______   |/  /_  __ \    version 1.4.29
[3186:its-cluster-writer]:     / /_  / __ `/ / ___/__  /|_/ /_  / / /    build RELWITHDEBINFO
[3186:its-cluster-writer]:    / __/ / /_/ / / /    _  /  / / / /_/ /     https://github.com/FairRootGroup/FairMQ
[3186:its-cluster-writer]:   /_/    \__,_/_/_/     /_/  /_/  \___\_\     LGPL-3.0  © 2012-2020 GSI
[3186:its-cluster-writer]: 
[3183:internal-dpl-clock]: [18:52:51][STATE] Starting FairMQ state machine --> IDLE
[3184:its-digit-reader]: [18:52:51][STATE] Starting FairMQ state machine --> IDLE
[3185:its-clusterer]: [18:52:51][STATE] Starting FairMQ state machine --> IDLE
[3186:its-cluster-writer]: [18:52:51][STATE] Starting FairMQ state machine --> IDLE
[3187:its-tracker]: [18:52:51][STATE] Starting FairMQ state machine --> IDLE
[3188:its-track-writer]: [18:52:51][STATE] Starting FairMQ state machine --> IDLE
[3188:its-track-writer]: 2021-05-20 18:52:51	Monitoring	[0;49mStdOut backend initialized[0m
[3183:internal-dpl-clock]: 2021-05-20 18:52:51	Monitoring	[0;49mStdOut backend initialized[0m
[3183:internal-dpl-clock]: [18:52:51][STATE] IDLE ---> INITIALIZING DEVICE
[3184:its-digit-reader]: 2021-05-20 18:52:51	Monitoring	[0;49mStdOut backend initialized[0m
[3184:its-digit-reader]: [18:52:51][STATE] IDLE ---> INITIALIZING DEVICE
[3185:its-clusterer]: 2021-05-20 18:52:51	Monitoring	[0;49mStdOut backend initialized[0m
[3186:its-cluster-writer]: 2021-05-20 18:52:51	Monitoring	[0;49mStdOut backend initialized[0m
[3186:its-cluster-writer]: [18:52:51][STATE] IDLE ---> INITIALIZING DEVICE
[3187:its-tracker]: 2021-05-20 18:52:51	Monitoring	[0;49mStdOut backend initialized[0m
[3187:its-tracker]: [18:52:51][STATE] IDLE ---> INITIALIZING DEVICE
[3188:its-track-writer]: [18:52:51][STATE] IDLE ---> INITIALIZING DEVICE
[3183:internal-dpl-clock]: 2021-05-20 18:52:51	Monitoring	[0;49mBuffering enabled (100)[0m
[3183:internal-dpl-clock]: [18:52:51][STATE] INITIALIZING DEVICE ---> INITIALIZED
[3183:internal-dpl-clock]: [18:52:51][STATE] INITIALIZED ---> BINDING
[3183:internal-dpl-clock]: [18:52:51][STATE] BINDING ---> BOUND
[3183:internal-dpl-clock]: [18:52:51][STATE] BOUND ---> CONNECTING
[3183:internal-dpl-clock]: [18:52:51][STATE] CONNECTING ---> DEVICE READY
[3183:internal-dpl-clock]: [18:52:51][STATE] DEVICE READY ---> INITIALIZING TASK
[3183:internal-dpl-clock]: [18:52:51][STATE] INITIALIZING TASK ---> READY
[3183:internal-dpl-clock]: [18:52:51][STATE] READY ---> RUNNING
[3183:internal-dpl-clock]: [18:52:51][INFO] DEVICE: Running...
[3184:its-digit-reader]: 2021-05-20 18:52:51	Monitoring	[0;49mBuffering enabled (100)[0m
[3185:its-clusterer]: [18:52:51][STATE] IDLE ---> INITIALIZING DEVICE
[3185:its-clusterer]: 2021-05-20 18:52:51	Monitoring	[0;49mBuffering enabled (100)[0m
[3185:its-clusterer]: [18:52:51][INFO] Dictionary ITSdictionary.bin is absent, ITSClusterer expects cluster patterns
[3185:its-clusterer]: [18:52:51][INFO] Clusterizer masks overflow pixels separated by < 406 BC and <= 0 in row/col
[3185:its-clusterer]: [18:52:51][INFO] Inclusive clusterization timing (w/o disk IO): Cpu: 0 Real: 0 s in 1 slots
[3185:its-clusterer]: [18:52:51][INFO] Threads output merging timing                : Cpu: 0 Real: 0 s in 1 slots
[3185:its-clusterer]: [18:52:51][STATE] INITIALIZING DEVICE ---> INITIALIZED
[3185:its-clusterer]: [18:52:51][STATE] INITIALIZED ---> BINDING
[3185:its-clusterer]: [18:52:51][STATE] BINDING ---> BOUND
[3185:its-clusterer]: [18:52:51][STATE] BOUND ---> CONNECTING
[3185:its-clusterer]: [18:52:51][STATE] CONNECTING ---> DEVICE READY
[3185:its-clusterer]: [18:52:51][STATE] DEVICE READY ---> INITIALIZING TASK
[3185:its-clusterer]: [18:52:51][STATE] INITIALIZING TASK ---> READY
[3185:its-clusterer]: [18:52:51][STATE] READY ---> RUNNING
[3185:its-clusterer]: [18:52:51][INFO] DEVICE: Running...
[3187:its-tracker]: 2021-05-20 18:52:51	Monitoring	[0;49mBuffering enabled (100)[0m
[3187:its-tracker]: [18:52:51][INFO] Created GPUReconstruction instance for device type CPU (1) 
[3184:its-digit-reader]: [18:52:52][STATE] INITIALIZING DEVICE ---> INITIALIZED
[3184:its-digit-reader]: [18:52:52][STATE] INITIALIZED ---> BINDING
[3188:its-track-writer]: 2021-05-20 18:52:51	Monitoring	[0;49mBuffering enabled (100)[0m
[3188:its-track-writer]: [18:52:52][INFO] 0: branch  ITSTrack set up
[3184:its-digit-reader]: [18:52:52][STATE] BINDING ---> BOUND
[3184:its-digit-reader]: [18:52:52][STATE] BOUND ---> CONNECTING
[3184:its-digit-reader]: [18:52:52][STATE] CONNECTING ---> DEVICE READY
[3184:its-digit-reader]: [18:52:52][STATE] DEVICE READY ---> INITIALIZING TASK
[3184:its-digit-reader]: [18:52:52][STATE] INITIALIZING TASK ---> READY
[3184:its-digit-reader]: [18:52:52][STATE] READY ---> RUNNING
[3184:its-digit-reader]: [18:52:52][INFO] DEVICE: Running...
[3188:its-track-writer]: [18:52:52][INFO] 1: branch  ITSTrackClusIdx set up
[3186:its-cluster-writer]: 2021-05-20 18:52:51	Monitoring	[0;49mBuffering enabled (100)[0m
[3186:its-cluster-writer]: [18:52:52][INFO] 0: branch  ITSClusterComp set up
[3186:its-cluster-writer]: [18:52:52][INFO] 1: branch  ITSClusterPatt set up
[3186:its-cluster-writer]: [18:52:52][INFO] 2: branch  ITSClustersROF set up
[3186:its-cluster-writer]: [18:52:52][INFO] 3: branch  ITSClusterMCTruth set up
[3186:its-cluster-writer]: [18:52:52][INFO] 4: branch  ITSClustersMC2ROF set up
[3186:its-cluster-writer]: [18:52:52][STATE] INITIALIZING DEVICE ---> INITIALIZED
[3186:its-cluster-writer]: [18:52:52][STATE] INITIALIZED ---> BINDING
[3188:its-track-writer]: [18:52:52][INFO] 2: branch  Vertices set up
[3186:its-cluster-writer]: [18:52:52][STATE] BINDING ---> BOUND
[3186:its-cluster-writer]: [18:52:52][STATE] BOUND ---> CONNECTING
[3188:its-track-writer]: [18:52:52][INFO] 3: branch  VerticesROF set up
[3186:its-cluster-writer]: [18:52:52][STATE] CONNECTING ---> DEVICE READY
[3188:its-track-writer]: [18:52:52][INFO] 4: branch  ITSTracksROF set up
[3186:its-cluster-writer]: [18:52:52][STATE] DEVICE READY ---> INITIALIZING TASK
[3188:its-track-writer]: [18:52:52][INFO] 5: branch  ITSTrackMCTruth set up
[3186:its-cluster-writer]: [18:52:52][STATE] INITIALIZING TASK ---> READY
[3188:its-track-writer]: [18:52:52][INFO] 6: branch  ITSTracksMC2ROF set up
[3186:its-cluster-writer]: [18:52:52][STATE] READY ---> RUNNING
[3186:its-cluster-writer]: [18:52:52][INFO] DEVICE: Running...
[3188:its-track-writer]: [18:52:52][STATE] INITIALIZING DEVICE ---> INITIALIZED
[3188:its-track-writer]: [18:52:52][STATE] INITIALIZED ---> BINDING
[3188:its-track-writer]: [18:52:52][STATE] BINDING ---> BOUND
[3188:its-track-writer]: [18:52:52][STATE] BOUND ---> CONNECTING
[3188:its-track-writer]: [18:52:52][STATE] CONNECTING ---> DEVICE READY
[3188:its-track-writer]: [18:52:52][STATE] DEVICE READY ---> INITIALIZING TASK
[3188:its-track-writer]: [18:52:52][STATE] INITIALIZING TASK ---> READY
[3188:its-track-writer]: [18:52:52][STATE] READY ---> RUNNING
[3188:its-track-writer]: [18:52:52][INFO] DEVICE: Running...
[3187:its-tracker]: [18:52:52][INFO] MagneticField::Print: MagneticFieldMap:
[3187:its-tracker]: [18:52:52][INFO] MagneticField::Print: Solenoid (-1*)5 kG, Dipole ON (-1) 
[3187:its-tracker]: [18:52:52][INFO] MagneticField::Print: Machine B fields for p-p  beam (7000 GeV): QGrad: 22.0002 Dipole: 37.8781
[3187:its-tracker]: [18:52:52][INFO] MagneticField::Print: Uses Sol30_Dip6_Hole  of /cvmfs/alice.cern.ch/el7-x86_64/Packages/O2/nightly-20210129-1/share/Common/maps/mfchebKGI_sym.root
[3187:its-tracker]: Info in <TGeoGlobalMagField::SetField>: Global magnetic field set to <MagneticFieldMap>
[3187:its-tracker]: Info in <TGeoGlobalMagField::Lock>: Global magnetic field <MagneticFieldMap> is now locked
[3187:its-tracker]: [18:52:52][INFO] Loading geometry FAIRGeom from o2sim_geometry.root
[3187:its-tracker]: Info in <TGeoManager::CloseGeometry>: Geometry loaded from file...
[3187:its-tracker]: Info in <TGeoManager::SetTopVolume>: Top volume is cave. Master volume is cave
[3187:its-tracker]: Info in <TGeoNavigator::BuildCache>: --- Maximum geometry depth set to 100
[3187:its-tracker]: Info in <TGeoManager::CloseGeometry>: Voxelization retrieved from file
[3187:its-tracker]: Info in <TGeoManager::CountLevels>: max level = 9, max placements = 126
[3187:its-tracker]: Info in <TGeoManager::CloseGeometry>: 179840 nodes/ 399 volume UID's in FAIR geometry
[3187:its-tracker]: Info in <TGeoManager::CloseGeometry>: ----------------modeler ready----------------
[3187:its-tracker]: [18:52:52][INFO] Loading ITS T2L matrices from TGeo
[3184:its-digit-reader]: [18:52:52][INFO] ITSDigitReader pushed 969710 digits, in 31 RO frames
[3185:its-clusterer]: [18:52:53][INFO] ITSClusterer pulled 969710 digits, in 31 RO frames
[3185:its-clusterer]: [18:52:53][INFO] ITSClusterer pulled 975351 labels 
[3187:its-tracker]: [18:52:53][WARN] It is faster to use 2D rotation for T2G instead of full Transform3D matrices
[3187:its-tracker]: [18:52:53][INFO] Loading ITS T2G matrices from TGeo
[3185:its-clusterer]: [18:52:53][INFO] ITSClusterer pushed 171015 clusters, in 31 RO frames
[3186:its-cluster-writer]: [18:52:53][INFO] ITSClusterWriter pulled 171015 clusters, in 31 RO frames
[3187:its-tracker]: [18:52:53][INFO] Loading ITS T2G rotation 2D matrices
[3187:its-tracker]: [18:52:53][INFO] Initializing tracker in sync. phase reconstruction with 1 passes
[3187:its-tracker]: [18:52:53][INFO] Not using lookup table for material budget approximation
[3187:its-tracker]: [18:52:53][INFO] Dictionary ITSdictionary.bin is absent, Tracker expects cluster patterns
[3187:its-tracker]: [18:52:53][STATE] INITIALIZING DEVICE ---> INITIALIZED
[3187:its-tracker]: [18:52:53][STATE] INITIALIZED ---> BINDING
[3187:its-tracker]: [18:52:53][STATE] BINDING ---> BOUND
[3187:its-tracker]: [18:52:53][STATE] BOUND ---> CONNECTING
[3187:its-tracker]: [18:52:53][STATE] CONNECTING ---> DEVICE READY
[3187:its-tracker]: [18:52:53][STATE] DEVICE READY ---> INITIALIZING TASK
[3187:its-tracker]: [18:52:53][STATE] INITIALIZING TASK ---> READY
[3187:its-tracker]: [18:52:53][STATE] READY ---> RUNNING
[3187:its-tracker]: [18:52:53][INFO] DEVICE: Running...
[3187:its-tracker]: [18:52:53][INFO] ITSTracker pulled 171015 clusters, 31 RO frames
[3187:its-tracker]: [18:52:53][INFO] 171015 MC label objects , in 10 MC events
[3187:its-tracker]: [18:52:53][INFO] ITSTracker RO: continuous=1
[3187:its-tracker]: [18:52:53][INFO] Loading ITS L2G matrices from TGeo
[3187:its-tracker]: [18:52:53][INFO] ROframe: 0, clusters loaded : 1283
[3187:its-tracker]:  - Vertexer initialisation completed in: 0.174464 ms
[3187:its-tracker]:  - Tracklet finding completed in: 0.005827 ms
[3187:its-tracker]:  - Adjacent tracklets validation completed in: 0.003504 ms
[3187:its-tracker]:  - Vertex finding completed in: 0.006601 ms
[3187:its-tracker]: [18:52:53][INFO] Found tracks: 0
[3187:its-tracker]: [18:52:53][INFO] ROframe: 1, clusters loaded : 1267
[3187:its-tracker]:  - Vertexer initialisation completed in: 0.161643 ms
[3187:its-tracker]:  - Tracklet finding completed in: 0.02964 ms
[3187:its-tracker]:  - Adjacent tracklets validation completed in: 0.000576 ms
[3187:its-tracker]:  - Vertex finding completed in: 0.000447 ms
[3187:its-tracker]: [18:52:53][INFO] Found tracks: 0
[3187:its-tracker]: [18:52:53][INFO] ROframe: 2, clusters loaded : 1323
[3187:its-tracker]:  - Vertexer initialisation completed in: 0.132636 ms
[3187:its-tracker]:  - Tracklet finding completed in: 0.001149 ms
[3187:its-tracker]:  - Adjacent tracklets validation completed in: 0.00024 ms
[3187:its-tracker]:  - Vertex finding completed in: 0.000243 ms
[3187:its-tracker]: [18:52:53][INFO] Found tracks: 0
[3187:its-tracker]: [18:52:53][INFO] ROframe: 3, clusters loaded : 1229
[3187:its-tracker]:  - Vertexer initialisation completed in: 0.150814 ms
[3187:its-tracker]:  - Tracklet finding completed in: 0.000889 ms
[3187:its-tracker]:  - Adjacent tracklets validation completed in: 0.00022 ms
[3187:its-tracker]:  - Vertex finding completed in: 0.000278 ms
[3187:its-tracker]: [18:52:53][INFO] Found tracks: 0
[3187:its-tracker]: [18:52:53][INFO] ROframe: 4, clusters loaded : 1245
[3187:its-tracker]:  - Vertexer initialisation completed in: 0.134738 ms
[3187:its-tracker]:  - Tracklet finding completed in: 0.000925 ms
[3187:its-tracker]:  - Adjacent tracklets validation completed in: 0.000244 ms
[3187:its-tracker]:  - Vertex finding completed in: 0.000371 ms
[3187:its-tracker]: [18:52:53][INFO] Found tracks: 0
[3187:its-tracker]: [18:52:53][INFO] ROframe: 5, clusters loaded : 1248
[3187:its-tracker]:  - Vertexer initialisation completed in: 0.136251 ms
[3187:its-tracker]:  - Tracklet finding completed in: 0.000982 ms
[3187:its-tracker]:  - Adjacent tracklets validation completed in: 0.000199 ms
[3187:its-tracker]:  - Vertex finding completed in: 0.000271 ms
[3187:its-tracker]: [18:52:53][INFO] Found tracks: 0
[3187:its-tracker]: [18:52:53][INFO] ROframe: 6, clusters loaded : 1259
[3187:its-tracker]:  - Vertexer initialisation completed in: 0.156446 ms
[3187:its-tracker]:  - Tracklet finding completed in: 0.001209 ms
[3187:its-tracker]:  - Adjacent tracklets validation completed in: 0.000216 ms
[3187:its-tracker]:  - Vertex finding completed in: 0.000325 ms
[3187:its-tracker]: [18:52:53][INFO] Found tracks: 0
[3187:its-tracker]: [18:52:53][INFO] ROframe: 7, clusters loaded : 1258
[3187:its-tracker]:  - Vertexer initialisation completed in: 0.133575 ms
[3187:its-tracker]:  - Tracklet finding completed in: 0.001199 ms
[3187:its-tracker]:  - Adjacent tracklets validation completed in: 0.000234 ms
[3187:its-tracker]:  - Vertex finding completed in: 0.000304 ms
[3187:its-tracker]: [18:52:53][INFO] Found tracks: 0
[3187:its-tracker]: [18:52:53][INFO] ROframe: 8, clusters loaded : 1247
[3187:its-tracker]:  - Vertexer initialisation completed in: 0.136397 ms
[3187:its-tracker]:  - Tracklet finding completed in: 0.002946 ms
[3187:its-tracker]:  - Adjacent tracklets validation completed in: 0.000241 ms
[3187:its-tracker]:  - Vertex finding completed in: 0.000268 ms
[3187:its-tracker]: [18:52:53][INFO] Found tracks: 0
[3187:its-tracker]: [18:52:53][INFO] ROframe: 9, clusters loaded : 32710
[3187:its-tracker]:  - Vertexer initialisation completed in: 1.69088 ms
[3187:its-tracker]:  - Tracklet finding completed in: 5.47685 ms
[3187:its-tracker]:  - Adjacent tracklets validation completed in: 0.993756 ms
[3187:its-tracker]:  - Vertex finding completed in: 0.198905 ms
[3187:its-tracker]: 		Found vertex with:   1390 contributors
[3187:its-tracker]:  - Context initialisation completed in: 3.71425 ms
[3187:its-tracker]:  - Tracklet finding completed in: 13.6675 ms
[3187:its-tracker]:  - Cell finding completed in: 7.64644 ms
[3187:its-tracker]:  - Neighbour finding completed in: 0.861433 ms
[3187:its-tracker]:  - Road finding completed in: 0.673868 ms
[3187:its-tracker]:  - Track finding completed in: 15.354 ms
[3187:its-tracker]:  - Vertex processing completed in: 41.9175ms
[3187:its-tracker]:  - Context initialisation completed in: 0.389544 ms
[3187:its-tracker]:  - Tracklet finding completed in: 8.67043 ms
[3187:its-tracker]:  - Cell finding completed in: 2.55756 ms
[3187:its-tracker]:  - Neighbour finding completed in: 0.257421 ms
[3187:its-tracker]:  - Road finding completed in: 0.01155 ms
[3187:its-tracker]:  - Track finding completed in: 0.000395 ms
[3187:its-tracker]:  - Vertex processing completed in: 11.8869ms
[3187:its-tracker]: [18:52:53][INFO] Found tracks: 1277
[3187:its-tracker]: [18:52:53][INFO] ROframe: 10, clusters loaded : 1372
[3187:its-tracker]:  - Vertexer initialisation completed in: 0.184686 ms
[3187:its-tracker]:  - Tracklet finding completed in: 0.008034 ms
[3187:its-tracker]:  - Adjacent tracklets validation completed in: 0.001487 ms
[3187:its-tracker]:  - Vertex finding completed in: 0.006369 ms
[3187:its-tracker]: 		Found vertex with:      4 contributors
[3187:its-tracker]:  - Context initialisation completed in: 1.1766 ms
[3187:its-tracker]:  - Tracklet finding completed in: 0.189784 ms
[3187:its-tracker]:  - Cell finding completed in: 0.006691 ms
[3187:its-tracker]:  - Neighbour finding completed in: 0.00517 ms
[3187:its-tracker]:  - Road finding completed in: 0.002806 ms
[3187:its-tracker]:  - Track finding completed in: 0.122474 ms
[3187:its-tracker]:  - Vertex processing completed in: 1.50353ms
[3187:its-tracker]:  - Context initialisation completed in: 0.005327 ms
[3187:its-tracker]:  - Tracklet finding completed in: 0.149464 ms
[3187:its-tracker]:  - Cell finding completed in: 0.004584 ms
[3187:its-tracker]:  - Neighbour finding completed in: 0.002066 ms
[3187:its-tracker]:  - Road finding completed in: 0.000238 ms
[3187:its-tracker]:  - Track finding completed in: 0.000254 ms
[3187:its-tracker]:  - Vertex processing completed in: 0.161933ms
[3187:its-tracker]: [18:52:53][INFO] Found tracks: 6
[3187:its-tracker]: [18:52:53][INFO] ROframe: 11, clusters loaded : 16192
[3187:its-tracker]:  - Vertexer initialisation completed in: 0.785285 ms
[3187:its-tracker]:  - Tracklet finding completed in: 1.21701 ms
[3187:its-tracker]:  - Adjacent tracklets validation completed in: 0.244503 ms
[3187:its-tracker]:  - Vertex finding completed in: 0.128969 ms
[3187:its-tracker]: 		Found vertex with:    625 contributors
[3187:its-tracker]: 		Found vertex with:     63 contributors
[3187:its-tracker]: 		Found vertex with:     43 contributors
[3187:its-tracker]:  - Context initialisation completed in: 1.5936 ms
[3187:its-tracker]:  - Tracklet finding completed in: 4.38947 ms
[3187:its-tracker]:  - Cell finding completed in: 1.56607 ms
[3187:its-tracker]:  - Neighbour finding completed in: 0.292181 ms
[3187:its-tracker]:  - Road finding completed in: 0.069291 ms
[3187:its-tracker]:  - Track finding completed in: 5.73989 ms
[3187:its-tracker]:  - Vertex processing completed in: 13.6505ms
[3187:its-tracker]:  - Context initialisation completed in: 0.130018 ms
[3187:its-tracker]:  - Tracklet finding completed in: 2.9094 ms
[3187:its-tracker]:  - Cell finding completed in: 0.34605 ms
[3187:its-tracker]:  - Neighbour finding completed in: 0.034536 ms
[3187:its-tracker]:  - Road finding completed in: 0.008555 ms
[3187:its-tracker]:  - Track finding completed in: 0.786871 ms
[3187:its-tracker]:  - Vertex processing completed in: 4.21544ms
[3187:its-tracker]:  - Context initialisation completed in: 0.035299 ms
[3187:its-tracker]:  - Tracklet finding completed in: 2.76889 ms
[3187:its-tracker]:  - Cell finding completed in: 0.207764 ms
[3187:its-tracker]:  - Neighbour finding completed in: 0.02584 ms
[3187:its-tracker]:  - Road finding completed in: 0.005194 ms
[3187:its-tracker]:  - Track finding completed in: 0.416968 ms
[3187:its-tracker]:  - Vertex processing completed in: 3.45996ms
[3187:its-tracker]:  - Context initialisation completed in: 0.027188 ms
[3187:its-tracker]:  - Tracklet finding completed in: 2.9921 ms
[3187:its-tracker]:  - Cell finding completed in: 0.653596 ms
[3187:its-tracker]:  - Neighbour finding completed in: 0.091595 ms
[3187:its-tracker]:  - Road finding completed in: 0.000742 ms
[3187:its-tracker]:  - Track finding completed in: 0.000235 ms
[3187:its-tracker]:  - Vertex processing completed in: 3.76545ms
[3187:its-tracker]:  - Context initialisation completed in: 0.049221 ms
[3187:its-tracker]:  - Tracklet finding completed in: 2.70407 ms
[3187:its-tracker]:  - Cell finding completed in: 0.217311 ms
[3187:its-tracker]:  - Neighbour finding completed in: 0.012991 ms
[3187:its-tracker]:  - Road finding completed in: 0.000193 ms
[3187:its-tracker]:  - Track finding completed in: 0.000246 ms
[3187:its-tracker]:  - Vertex processing completed in: 2.98403ms
[3187:its-tracker]:  - Context initialisation completed in: 0.024162 ms
[3187:its-tracker]:  - Tracklet finding completed in: 2.59189 ms
[3187:its-tracker]:  - Cell finding completed in: 0.169216 ms
[3187:its-tracker]:  - Neighbour finding completed in: 0.004639 ms
[3187:its-tracker]:  - Road finding completed in: 0.000158 ms
[3187:its-tracker]:  - Track finding completed in: 0.000215 ms
[3187:its-tracker]:  - Vertex processing completed in: 2.79028ms
[3187:its-tracker]: [18:52:53][INFO] Found tracks: 648
[3187:its-tracker]: [18:52:53][INFO] ROframe: 12, clusters loaded : 52640
[3187:its-tracker]:  - Vertexer initialisation completed in: 3.07719 ms
[3187:its-tracker]:  - Tracklet finding completed in: 14.7148 ms
[3187:its-tracker]:  - Adjacent tracklets validation completed in: 4.10285 ms
[3187:its-tracker]:  - Vertex finding completed in: 0.450397 ms
[3187:its-tracker]: 		Found vertex with:   2714 contributors
[3187:its-tracker]:  - Context initialisation completed in: 2.92315 ms
[3187:its-tracker]:  - Tracklet finding completed in: 27.3981 ms
[3187:its-tracker]:  - Cell finding completed in: 17.9852 ms
[3187:its-tracker]:  - Neighbour finding completed in: 1.7922 ms
[3187:its-tracker]:  - Road finding completed in: 0.867572 ms
[3187:its-tracker]:  - Track finding completed in: 26.3896 ms
[3187:its-tracker]:  - Vertex processing completed in: 77.3559ms
[3187:its-tracker]:  - Context initialisation completed in: 0.736092 ms
[3187:its-tracker]:  - Tracklet finding completed in: 17.315 ms
[3187:its-tracker]:  - Cell finding completed in: 6.03204 ms
[3187:its-tracker]:  - Neighbour finding completed in: 0.452686 ms
[3187:its-tracker]:  - Road finding completed in: 0.003152 ms
[3187:its-tracker]:  - Track finding completed in: 0.000546 ms
[3187:its-tracker]:  - Vertex processing completed in: 24.5395ms
[3187:its-tracker]: [18:52:53][INFO] Found tracks: 2255
[3187:its-tracker]: [18:52:53][INFO] ROframe: 13, clusters loaded : 1293
[3187:its-tracker]:  - Vertexer initialisation completed in: 0.155515 ms
[3187:its-tracker]:  - Tracklet finding completed in: 0.002208 ms
[3187:its-tracker]:  - Adjacent tracklets validation completed in: 0.000618 ms
[3187:its-tracker]:  - Vertex finding completed in: 0.001147 ms
[3187:its-tracker]: [18:52:53][INFO] Found tracks: 0
[3187:its-tracker]: [18:52:53][INFO] ROframe: 14, clusters loaded : 1256
[3187:its-tracker]:  - Vertexer initialisation completed in: 0.142078 ms
[3187:its-tracker]:  - Tracklet finding completed in: 0.001053 ms
[3187:its-tracker]:  - Adjacent tracklets validation completed in: 0.000247 ms
[3187:its-tracker]:  - Vertex finding completed in: 0.00026 ms
[3187:its-tracker]: [18:52:53][INFO] Found tracks: 0
[3187:its-tracker]: [18:52:53][INFO] ROframe: 15, clusters loaded : 1202
[3187:its-tracker]:  - Vertexer initialisation completed in: 0.148253 ms
[3187:its-tracker]:  - Tracklet finding completed in: 0.00113 ms
[3187:its-tracker]:  - Adjacent tracklets validation completed in: 0.000296 ms
[3187:its-tracker]:  - Vertex finding completed in: 0.000502 ms
[3187:its-tracker]: [18:52:53][INFO] Found tracks: 0
[3187:its-tracker]: [18:52:53][INFO] ROframe: 16, clusters loaded : 1296
[3187:its-tracker]:  - Vertexer initialisation completed in: 0.145463 ms
[3187:its-tracker]:  - Tracklet finding completed in: 0.001177 ms
[3187:its-tracker]:  - Adjacent tracklets validation completed in: 0.000303 ms
[3187:its-tracker]:  - Vertex finding completed in: 0.000266 ms
[3187:its-tracker]: [18:52:53][INFO] Found tracks: 0
[3187:its-tracker]: [18:52:53][INFO] ROframe: 17, clusters loaded : 1250
[3187:its-tracker]:  - Vertexer initialisation completed in: 0.161264 ms
[3187:its-tracker]:  - Tracklet finding completed in: 0.001065 ms
[3187:its-tracker]:  - Adjacent tracklets validation completed in: 0.000257 ms
[3187:its-tracker]:  - Vertex finding completed in: 0.000332 ms
[3187:its-tracker]: [18:52:53][INFO] Found tracks: 0
[3187:its-tracker]: [18:52:53][INFO] ROframe: 18, clusters loaded : 1202
[3187:its-tracker]:  - Vertexer initialisation completed in: 0.13094 ms
[3187:its-tracker]:  - Tracklet finding completed in: 0.000886 ms
[3187:its-tracker]:  - Adjacent tracklets validation completed in: 0.000207 ms
[3187:its-tracker]:  - Vertex finding completed in: 0.000193 ms
[3187:its-tracker]: [18:52:53][INFO] Found tracks: 0
[3187:its-tracker]: [18:52:53][INFO] ROframe: 19, clusters loaded : 1955
[3187:its-tracker]:  - Vertexer initialisation completed in: 0.143886 ms
[3187:its-tracker]:  - Tracklet finding completed in: 0.021224 ms
[3187:its-tracker]:  - Adjacent tracklets validation completed in: 0.003235 ms
[3187:its-tracker]:  - Vertex finding completed in: 0.00785 ms
[3187:its-tracker]: 		Found vertex with:     21 contributors
[3187:its-tracker]:  - Context initialisation completed in: 1.30908 ms
[3187:its-tracker]:  - Tracklet finding completed in: 0.246168 ms
[3187:its-tracker]:  - Cell finding completed in: 0.029013 ms
[3187:its-tracker]:  - Neighbour finding completed in: 0.012792 ms
[3187:its-tracker]:  - Road finding completed in: 0.00478 ms
[3187:its-tracker]:  - Track finding completed in: 0.326828 ms
[3187:its-tracker]:  - Vertex processing completed in: 1.92866ms
[3187:its-tracker]:  - Context initialisation completed in: 0.007638 ms
[3187:its-tracker]:  - Tracklet finding completed in: 0.199637 ms
[3187:its-tracker]:  - Cell finding completed in: 0.014208 ms
[3187:its-tracker]:  - Neighbour finding completed in: 0.007253 ms
[3187:its-tracker]:  - Road finding completed in: 0.0002 ms
[3187:its-tracker]:  - Track finding completed in: 0.000228 ms
[3187:its-tracker]:  - Vertex processing completed in: 0.229164ms
[3187:its-tracker]: [18:52:53][INFO] Found tracks: 21
[3187:its-tracker]: [18:52:53][INFO] ROframe: 20, clusters loaded : 1244
[3187:its-tracker]:  - Vertexer initialisation completed in: 0.162172 ms
[3187:its-tracker]:  - Tracklet finding completed in: 0.00126 ms
[3187:its-tracker]:  - Adjacent tracklets validation completed in: 0.000349 ms
[3187:its-tracker]:  - Vertex finding completed in: 0.000462 ms
[3187:its-tracker]: [18:52:53][INFO] Found tracks: 0
[3187:its-tracker]: [18:52:53][INFO] ROframe: 21, clusters loaded : 1386
[3187:its-tracker]:  - Vertexer initialisation completed in: 0.121625 ms
[3187:its-tracker]:  - Tracklet finding completed in: 0.003276 ms
[3187:its-tracker]:  - Adjacent tracklets validation completed in: 0.000905 ms
[3187:its-tracker]:  - Vertex finding completed in: 0.003585 ms
[3187:its-tracker]: 		Found vertex with:      3 contributors
[3187:its-tracker]:  - Context initialisation completed in: 1.13772 ms
[3187:its-tracker]:  - Tracklet finding completed in: 0.127259 ms
[3187:its-tracker]:  - Cell finding completed in: 0.004136 ms
[3187:its-tracker]:  - Neighbour finding completed in: 0.002415 ms
[3187:its-tracker]:  - Road finding completed in: 0.001325 ms
[3187:its-tracker]:  - Track finding completed in: 0.03242 ms
[3187:its-tracker]:  - Vertex processing completed in: 1.30528ms
[3187:its-tracker]:  - Context initialisation completed in: 0.002861 ms
[3187:its-tracker]:  - Tracklet finding completed in: 0.117631 ms
[3187:its-tracker]:  - Cell finding completed in: 0.002265 ms
[3187:its-tracker]:  - Neighbour finding completed in: 0.000674 ms
[3187:its-tracker]:  - Road finding completed in: 8.2e-05 ms
[3187:its-tracker]:  - Track finding completed in: 0.00011 ms
[3187:its-tracker]:  - Vertex processing completed in: 0.123623ms
[3187:its-tracker]: [18:52:53][INFO] Found tracks: 4
[3187:its-tracker]: [18:52:53][INFO] ROframe: 22, clusters loaded : 1241
[3187:its-tracker]:  - Vertexer initialisation completed in: 0.13194 ms
[3187:its-tracker]:  - Tracklet finding completed in: 0.00118 ms
[3187:its-tracker]:  - Adjacent tracklets validation completed in: 0.000272 ms
[3187:its-tracker]:  - Vertex finding completed in: 0.000377 ms
[3187:its-tracker]: [18:52:53][INFO] Found tracks: 0
[3187:its-tracker]: [18:52:53][INFO] ROframe: 23, clusters loaded : 1198
[3187:its-tracker]:  - Vertexer initialisation completed in: 0.149523 ms
[3187:its-tracker]:  - Tracklet finding completed in: 0.001043 ms
[3187:its-tracker]:  - Adjacent tracklets validation completed in: 0.000337 ms
[3187:its-tracker]:  - Vertex finding completed in: 0.000504 ms
[3187:its-tracker]: [18:52:53][INFO] Found tracks: 0
[3187:its-tracker]: [18:52:53][INFO] ROframe: 24, clusters loaded : 1236
[3187:its-tracker]:  - Vertexer initialisation completed in: 0.128407 ms
[3187:its-tracker]:  - Tracklet finding completed in: 0.001274 ms
[3187:its-tracker]:  - Adjacent tracklets validation completed in: 0.000326 ms
[3187:its-tracker]:  - Vertex finding completed in: 0.000368 ms
[3187:its-tracker]: [18:52:53][INFO] Found tracks: 0
[3187:its-tracker]: [18:52:53][INFO] ROframe: 25, clusters loaded : 1236
[3187:its-tracker]:  - Vertexer initialisation completed in: 0.128642 ms
[3187:its-tracker]:  - Tracklet finding completed in: 0.001102 ms
[3187:its-tracker]:  - Adjacent tracklets validation completed in: 0.000327 ms
[3187:its-tracker]:  - Vertex finding completed in: 0.000307 ms
[3187:its-tracker]: [18:52:53][INFO] Found tracks: 0
[3187:its-tracker]: [18:52:53][INFO] ROframe: 26, clusters loaded : 1231
[3187:its-tracker]:  - Vertexer initialisation completed in: 0.137724 ms
[3187:its-tracker]:  - Tracklet finding completed in: 0.000849 ms
[3187:its-tracker]:  - Adjacent tracklets validation completed in: 0.000195 ms
[3187:its-tracker]:  - Vertex finding completed in: 0.000208 ms
[3187:its-tracker]: [18:52:53][INFO] Found tracks: 0
[3187:its-tracker]: [18:52:53][INFO] ROframe: 27, clusters loaded : 1240
[3187:its-tracker]:  - Vertexer initialisation completed in: 0.132185 ms
[3187:its-tracker]:  - Tracklet finding completed in: 0.000923 ms
[3187:its-tracker]:  - Adjacent tracklets validation completed in: 0.000259 ms
[3187:its-tracker]:  - Vertex finding completed in: 0.000319 ms
[3187:its-tracker]: [18:52:53][INFO] Found tracks: 0
[3187:its-tracker]: [18:52:53][INFO] ROframe: 28, clusters loaded : 1270
[3187:its-tracker]:  - Vertexer initialisation completed in: 0.126179 ms
[3187:its-tracker]:  - Tracklet finding completed in: 0.001054 ms
[3187:its-tracker]:  - Adjacent tracklets validation completed in: 0.000208 ms
[3187:its-tracker]:  - Vertex finding completed in: 0.000425 ms
[3187:its-tracker]: [18:52:53][INFO] Found tracks: 0
[3187:its-tracker]: [18:52:53][INFO] ROframe: 29, clusters loaded : 34733
[3187:its-tracker]:  - Vertexer initialisation completed in: 1.68784 ms
[3187:its-tracker]:  - Tracklet finding completed in: 5.03198 ms
[3187:its-tracker]:  - Adjacent tracklets validation completed in: 1.31142 ms
[3187:its-tracker]:  - Vertex finding completed in: 0.262269 ms
[3187:its-tracker]: 		Found vertex with:   1091 contributors
[3187:its-tracker]: 		Found vertex with:    651 contributors
[3187:its-tracker]:  - Context initialisation completed in: 2.08317 ms
[3187:its-tracker]:  - Tracklet finding completed in: 12.9678 ms
[3187:its-tracker]:  - Cell finding completed in: 5.9458 ms
[3187:its-tracker]:  - Neighbour finding completed in: 0.605242 ms
[3187:its-tracker]:  - Road finding completed in: 0.129973 ms
[3187:its-tracker]:  - Track finding completed in: 9.86761 ms
[3187:its-tracker]:  - Vertex processing completed in: 31.5996ms
[3187:its-tracker]:  - Context initialisation completed in: 0.279154 ms
[3187:its-tracker]:  - Tracklet finding completed in: 10.722 ms
[3187:its-tracker]:  - Cell finding completed in: 3.01516 ms
[3187:its-tracker]:  - Neighbour finding completed in: 0.310869 ms
[3187:its-tracker]:  - Road finding completed in: 0.079256 ms
[3187:its-tracker]:  - Track finding completed in: 5.92386 ms
[3187:its-tracker]:  - Vertex processing completed in: 20.3303ms
[3187:its-tracker]:  - Context initialisation completed in: 0.198508 ms
[3187:its-tracker]:  - Tracklet finding completed in: 8.69492 ms
[3187:its-tracker]:  - Cell finding completed in: 2.01388 ms
[3187:its-tracker]:  - Neighbour finding completed in: 0.160708 ms
[3187:its-tracker]:  - Road finding completed in: 0.001121 ms
[3187:its-tracker]:  - Track finding completed in: 0.000343 ms
[3187:its-tracker]:  - Vertex processing completed in: 11.0695ms
[3187:its-tracker]:  - Context initialisation completed in: 0.135342 ms
[3187:its-tracker]:  - Tracklet finding completed in: 8.34306 ms
[3187:its-tracker]:  - Cell finding completed in: 1.4967 ms
[3187:its-tracker]:  - Neighbour finding completed in: 0.092309 ms
[3187:its-tracker]:  - Road finding completed in: 0.000786 ms
[3187:its-tracker]:  - Track finding completed in: 0.00029 ms
[3187:its-tracker]:  - Vertex processing completed in: 10.0685ms
[3187:its-tracker]: [18:52:53][INFO] Found tracks: 1511
[3187:its-tracker]: [18:52:53][INFO] ROframe: 30, clusters loaded : 1273
[3187:its-tracker]:  - Vertexer initialisation completed in: 0.183734 ms
[3187:its-tracker]:  - Tracklet finding completed in: 0.002629 ms
[3187:its-tracker]:  - Adjacent tracklets validation completed in: 0.000606 ms
[3187:its-tracker]:  - Vertex finding completed in: 0.001173 ms
[3187:its-tracker]: [18:52:53][INFO] Found tracks: 0
[3187:its-tracker]: [18:52:53][INFO] ITSTracker pushed 5722 tracks
[3187:its-tracker]: [18:52:53][INFO] could not set used size: boost::interprocess::bad_alloc
[3187:its-tracker]: [18:52:53][INFO] ITS CA-Tracker total timing: Cpu: 4.700e-01 Real: 4.672e-01 s in 1 slots
[3188:its-track-writer]: [18:52:53][INFO] ITSTrackWriter pulled 5722 tracks, in 31 RO frames
[INFO] Quitting
[INFO] QUIT_REQUESTED
[3186:its-cluster-writer]: [18:52:54][INFO] Received device shutdown request (signal 15).
[3186:its-cluster-writer]: [18:52:54][INFO] Waiting for graceful device shutdown. Hit Ctrl-C again to abort immediately.
[3187:its-tracker]: [18:52:54][INFO] Received device shutdown request (signal 15).
[3187:its-tracker]: [18:52:54][INFO] Waiting for graceful device shutdown. Hit Ctrl-C again to abort immediately.
[3183:internal-dpl-clock]: [18:52:54][INFO] Received device shutdown request (signal 15).
[3183:internal-dpl-clock]: [18:52:54][INFO] Waiting for graceful device shutdown. Hit Ctrl-C again to abort immediately.
[3185:its-clusterer]: [18:52:54][INFO] Received device shutdown request (signal 15).
[3185:its-clusterer]: [18:52:54][INFO] Waiting for graceful device shutdown. Hit Ctrl-C again to abort immediately.
[3188:its-track-writer]: [18:52:54][INFO] Received device shutdown request (signal 15).
[3188:its-track-writer]: [18:52:54][INFO] Waiting for graceful device shutdown. Hit Ctrl-C again to abort immediately.
[3184:its-digit-reader]: [18:52:54][INFO] Received device shutdown request (signal 15).
[3184:its-digit-reader]: [18:52:54][INFO] Waiting for graceful device shutdown. Hit Ctrl-C again to abort immediately.
[3184:its-digit-reader]: [18:52:54][STATE] RUNNING ---> READY
[3184:its-digit-reader]: [18:52:54][STATE] READY ---> RESETTING TASK
[3184:its-digit-reader]: [18:52:54][STATE] RESETTING TASK ---> DEVICE READY
[3184:its-digit-reader]: [18:52:54][STATE] DEVICE READY ---> RESETTING DEVICE
[3184:its-digit-reader]: [18:52:54][STATE] RESETTING DEVICE ---> IDLE
[3184:its-digit-reader]: [18:52:54][STATE] IDLE ---> EXITING
[3184:its-digit-reader]: [18:52:54][STATE] Exiting FairMQ state machine
[3183:internal-dpl-clock]: [18:52:54][STATE] RUNNING ---> READY
[3187:its-tracker]: [18:52:54][STATE] RUNNING ---> READY
[3187:its-tracker]: [18:52:54][STATE] READY ---> RESETTING TASK
[3183:internal-dpl-clock]: [18:52:54][STATE] READY ---> RESETTING TASK
[3187:its-tracker]: [18:52:54][STATE] RESETTING TASK ---> DEVICE READY
[3187:its-tracker]: [18:52:54][STATE] DEVICE READY ---> RESETTING DEVICE
[3183:internal-dpl-clock]: [18:52:54][STATE] RESETTING TASK ---> DEVICE READY
[3183:internal-dpl-clock]: [18:52:54][STATE] DEVICE READY ---> RESETTING DEVICE
[3185:its-clusterer]: [18:52:54][STATE] RUNNING ---> READY
[3185:its-clusterer]: [18:52:54][STATE] READY ---> RESETTING TASK
[3185:its-clusterer]: [18:52:54][STATE] RESETTING TASK ---> DEVICE READY
[3185:its-clusterer]: [18:52:54][STATE] DEVICE READY ---> RESETTING DEVICE
[3183:internal-dpl-clock]: [18:52:54][STATE] RESETTING DEVICE ---> IDLE
[3187:its-tracker]: [18:52:54][STATE] RESETTING DEVICE ---> IDLE
[3183:internal-dpl-clock]: [18:52:54][STATE] IDLE ---> EXITING
[3187:its-tracker]: [18:52:54][STATE] IDLE ---> EXITING
[3187:its-tracker]: [18:52:54][STATE] Exiting FairMQ state machine
[3183:internal-dpl-clock]: [18:52:54][STATE] Exiting FairMQ state machine
[3185:its-clusterer]: [18:52:54][STATE] RESETTING DEVICE ---> IDLE
[3185:its-clusterer]: [18:52:54][STATE] IDLE ---> EXITING
[3185:its-clusterer]: [18:52:54][STATE] Exiting FairMQ state machine
[3188:its-track-writer]: [18:52:55][STATE] RUNNING ---> READY
[3188:its-track-writer]: [18:52:55][STATE] READY ---> RESETTING TASK
[3188:its-track-writer]: [18:52:55][STATE] RESETTING TASK ---> DEVICE READY
[3188:its-track-writer]: [18:52:55][STATE] DEVICE READY ---> RESETTING DEVICE
[3188:its-track-writer]: [18:52:55][STATE] RESETTING DEVICE ---> IDLE
[3188:its-track-writer]: [18:52:55][STATE] IDLE ---> EXITING
[3188:its-track-writer]: [18:52:55][STATE] Exiting FairMQ state machine
[3186:its-cluster-writer]: [18:52:55][STATE] RUNNING ---> READY
[3186:its-cluster-writer]: [18:52:55][STATE] READY ---> RESETTING TASK
[3186:its-cluster-writer]: [18:52:55][STATE] RESETTING TASK ---> DEVICE READY
[3186:its-cluster-writer]: [18:52:55][STATE] DEVICE READY ---> RESETTING DEVICE
[3186:its-cluster-writer]: Cleaning up for shared memory id '614b662f'...
[3186:its-cluster-writer]: No region counter found. No regions to cleanup.
[3186:its-cluster-writer]: Successfully removed 'fmq_614b662f_m_0'.
[3186:its-cluster-writer]: Successfully removed 'fmq_614b662f_mng'.
[3186:its-cluster-writer]: Successfully removed 'fmq_614b662f_mtx'.
[3186:its-cluster-writer]: Successfully removed 'fmq_614b662f_cv'.
[3186:its-cluster-writer]: [18:52:55][STATE] RESETTING DEVICE ---> IDLE
[3186:its-cluster-writer]: [18:52:55][STATE] IDLE ---> EXITING
[3186:its-cluster-writer]: [18:52:55][STATE] Exiting FairMQ state machine
[INFO] Dumping used configuration in dpl-config.json
