000 (2279668.000.000) 05/18 23:29:10 Job submitted from host: <188.185.70.244:9618?addrs=188.185.70.244-9618+[2001-1458-d00-7--100-2ee]-9618&alias=bigbird10.cern.ch&noUDP&sock=schedd_2037_ca81_27>
...
000 (2279668.001.000) 05/18 23:29:10 Job submitted from host: <188.185.70.244:9618?addrs=188.185.70.244-9618+[2001-1458-d00-7--100-2ee]-9618&alias=bigbird10.cern.ch&noUDP&sock=schedd_2037_ca81_27>
...
000 (2279668.002.000) 05/18 23:29:10 Job submitted from host: <188.185.70.244:9618?addrs=188.185.70.244-9618+[2001-1458-d00-7--100-2ee]-9618&alias=bigbird10.cern.ch&noUDP&sock=schedd_2037_ca81_27>
...
000 (2279668.003.000) 05/18 23:29:10 Job submitted from host: <188.185.70.244:9618?addrs=188.185.70.244-9618+[2001-1458-d00-7--100-2ee]-9618&alias=bigbird10.cern.ch&noUDP&sock=schedd_2037_ca81_27>
...
000 (2279668.004.000) 05/18 23:29:10 Job submitted from host: <188.185.70.244:9618?addrs=188.185.70.244-9618+[2001-1458-d00-7--100-2ee]-9618&alias=bigbird10.cern.ch&noUDP&sock=schedd_2037_ca81_27>
...
000 (2279668.005.000) 05/18 23:29:10 Job submitted from host: <188.185.70.244:9618?addrs=188.185.70.244-9618+[2001-1458-d00-7--100-2ee]-9618&alias=bigbird10.cern.ch&noUDP&sock=schedd_2037_ca81_27>
...
000 (2279668.006.000) 05/18 23:29:10 Job submitted from host: <188.185.70.244:9618?addrs=188.185.70.244-9618+[2001-1458-d00-7--100-2ee]-9618&alias=bigbird10.cern.ch&noUDP&sock=schedd_2037_ca81_27>
...
000 (2279668.007.000) 05/18 23:29:10 Job submitted from host: <188.185.70.244:9618?addrs=188.185.70.244-9618+[2001-1458-d00-7--100-2ee]-9618&alias=bigbird10.cern.ch&noUDP&sock=schedd_2037_ca81_27>
...
000 (2279668.008.000) 05/18 23:29:10 Job submitted from host: <188.185.70.244:9618?addrs=188.185.70.244-9618+[2001-1458-d00-7--100-2ee]-9618&alias=bigbird10.cern.ch&noUDP&sock=schedd_2037_ca81_27>
...
000 (2279668.009.000) 05/18 23:29:10 Job submitted from host: <188.185.70.244:9618?addrs=188.185.70.244-9618+[2001-1458-d00-7--100-2ee]-9618&alias=bigbird10.cern.ch&noUDP&sock=schedd_2037_ca81_27>
...
000 (2279668.010.000) 05/18 23:29:10 Job submitted from host: <188.185.70.244:9618?addrs=188.185.70.244-9618+[2001-1458-d00-7--100-2ee]-9618&alias=bigbird10.cern.ch&noUDP&sock=schedd_2037_ca81_27>
...
000 (2279668.011.000) 05/18 23:29:10 Job submitted from host: <188.185.70.244:9618?addrs=188.185.70.244-9618+[2001-1458-d00-7--100-2ee]-9618&alias=bigbird10.cern.ch&noUDP&sock=schedd_2037_ca81_27>
...
000 (2279668.012.000) 05/18 23:29:10 Job submitted from host: <188.185.70.244:9618?addrs=188.185.70.244-9618+[2001-1458-d00-7--100-2ee]-9618&alias=bigbird10.cern.ch&noUDP&sock=schedd_2037_ca81_27>
...
000 (2279668.013.000) 05/18 23:29:10 Job submitted from host: <188.185.70.244:9618?addrs=188.185.70.244-9618+[2001-1458-d00-7--100-2ee]-9618&alias=bigbird10.cern.ch&noUDP&sock=schedd_2037_ca81_27>
...
000 (2279668.014.000) 05/18 23:29:10 Job submitted from host: <188.185.70.244:9618?addrs=188.185.70.244-9618+[2001-1458-d00-7--100-2ee]-9618&alias=bigbird10.cern.ch&noUDP&sock=schedd_2037_ca81_27>
...
000 (2279668.015.000) 05/18 23:29:10 Job submitted from host: <188.185.70.244:9618?addrs=188.185.70.244-9618+[2001-1458-d00-7--100-2ee]-9618&alias=bigbird10.cern.ch&noUDP&sock=schedd_2037_ca81_27>
...
000 (2279668.016.000) 05/18 23:29:10 Job submitted from host: <188.185.70.244:9618?addrs=188.185.70.244-9618+[2001-1458-d00-7--100-2ee]-9618&alias=bigbird10.cern.ch&noUDP&sock=schedd_2037_ca81_27>
...
000 (2279668.017.000) 05/18 23:29:10 Job submitted from host: <188.185.70.244:9618?addrs=188.185.70.244-9618+[2001-1458-d00-7--100-2ee]-9618&alias=bigbird10.cern.ch&noUDP&sock=schedd_2037_ca81_27>
...
000 (2279668.018.000) 05/18 23:29:10 Job submitted from host: <188.185.70.244:9618?addrs=188.185.70.244-9618+[2001-1458-d00-7--100-2ee]-9618&alias=bigbird10.cern.ch&noUDP&sock=schedd_2037_ca81_27>
...
000 (2279668.019.000) 05/18 23:29:10 Job submitted from host: <188.185.70.244:9618?addrs=188.185.70.244-9618+[2001-1458-d00-7--100-2ee]-9618&alias=bigbird10.cern.ch&noUDP&sock=schedd_2037_ca81_27>
...
040 (2279668.000.000) 05/18 23:33:19 Started transferring input files
	Transferring to host: <188.184.186.164:9618?addrs=188.184.186.164-9618+[2001-1458-301-f8--100-4a]-9618&alias=b7g28n9256.cern.ch&noUDP&sock=slot1_1_908_849e_71370>
...
040 (2279668.000.000) 05/18 23:33:19 Finished transferring input files
...
040 (2279668.002.000) 05/18 23:33:19 Started transferring input files
	Transferring to host: <128.142.79.198:9618?addrs=128.142.79.198-9618+[2001-1458-301-f4--100-628]-9618&alias=b7s12n1511.cern.ch&noUDP&sock=slot1_4_11588_8b50_77496>
...
040 (2279668.001.000) 05/18 23:33:19 Started transferring input files
	Transferring to host: <188.184.198.170:9618?addrs=188.184.198.170-9618+[2001-1458-301-c1--100-270]-9618&alias=b7g52n8285.cern.ch&noUDP&sock=slot1_1_5918_842a_22869>
...
040 (2279668.002.000) 05/18 23:33:19 Finished transferring input files
...
040 (2279668.001.000) 05/18 23:33:19 Finished transferring input files
...
001 (2279668.000.000) 05/18 23:33:20 Job executing on host: <188.184.186.164:9618?addrs=188.184.186.164-9618+[2001-1458-301-f8--100-4a]-9618&alias=b7g28n9256.cern.ch&noUDP&sock=startd_2334_8222>
...
040 (2279668.005.000) 05/18 23:33:20 Started transferring input files
	Transferring to host: <128.142.78.76:9618?addrs=128.142.78.76-9618+[2001-1458-301-f4--100-2f8]-9618&alias=b7s12n6516.cern.ch&noUDP&sock=slot1_8_6725_1eeb_17780>
...
040 (2279668.005.000) 05/18 23:33:20 Finished transferring input files
...
001 (2279668.002.000) 05/18 23:33:20 Job executing on host: <128.142.79.198:9618?addrs=128.142.79.198-9618+[2001-1458-301-f4--100-628]-9618&alias=b7s12n1511.cern.ch&noUDP&sock=startd_14728_c2ee>
...
001 (2279668.001.000) 05/18 23:33:20 Job executing on host: <188.184.198.170:9618?addrs=188.184.198.170-9618+[2001-1458-301-c1--100-270]-9618&alias=b7g52n8285.cern.ch&noUDP&sock=startd_4799_4b16>
...
001 (2279668.005.000) 05/18 23:33:21 Job executing on host: <128.142.78.76:9618?addrs=128.142.78.76-9618+[2001-1458-301-f4--100-2f8]-9618&alias=b7s12n6516.cern.ch&noUDP&sock=startd_5265_ee38>
...
040 (2279668.006.000) 05/18 23:33:22 Started transferring input files
	Transferring to host: <128.142.76.126:9618?addrs=128.142.76.126-9618+[2001-1458-301-f4--100-34d]-9618&alias=b7s12n9282.cern.ch&noUDP&sock=slot1_5_5469_27b7_17979>
...
040 (2279668.006.000) 05/18 23:33:22 Finished transferring input files
...
040 (2279668.008.000) 05/18 23:33:22 Started transferring input files
	Transferring to host: <128.142.77.199:9618?addrs=128.142.77.199-9618+[2001-1458-301-f4--100-286]-9618&alias=b7s12n7194.cern.ch&noUDP&sock=slot1_3_5547_1cfb_22730>
...
040 (2279668.007.000) 05/18 23:33:22 Started transferring input files
	Transferring to host: <128.142.77.136:9618?addrs=128.142.77.136-9618+[2001-1458-301-f4--100-229]-9618&alias=b7s12n1107.cern.ch&noUDP&sock=slot1_1_5482_5098_29322>
...
040 (2279668.011.000) 05/18 23:33:22 Started transferring input files
	Transferring to host: <188.184.196.49:9618?addrs=188.184.196.49-9618+[2001-1458-301-102--100-2d]-9618&alias=b7g24n0086.cern.ch&noUDP&sock=slot1_3_3334_dac1_22652>
...
040 (2279668.010.000) 05/18 23:33:22 Started transferring input files
	Transferring to host: <188.184.183.17:9618?addrs=188.184.183.17-9618+[2001-1458-301-2b--100-3ff]-9618&alias=b7g41n4701.cern.ch&noUDP&sock=slot1_1_31140_b26b_77964>
...
040 (2279668.008.000) 05/18 23:33:22 Finished transferring input files
...
040 (2279668.007.000) 05/18 23:33:22 Finished transferring input files
...
040 (2279668.011.000) 05/18 23:33:22 Finished transferring input files
...
040 (2279668.010.000) 05/18 23:33:22 Finished transferring input files
...
040 (2279668.009.000) 05/18 23:33:22 Started transferring input files
	Transferring to host: <188.184.169.134:9618?addrs=188.184.169.134-9618+[2001-1458-301-c0--100-125]-9618&alias=b7g52n7402.cern.ch&noUDP&sock=slot1_6_21083_a172_72009>
...
040 (2279668.009.000) 05/18 23:33:22 Finished transferring input files
...
001 (2279668.006.000) 05/18 23:33:23 Job executing on host: <128.142.76.126:9618?addrs=128.142.76.126-9618+[2001-1458-301-f4--100-34d]-9618&alias=b7s12n9282.cern.ch&noUDP&sock=startd_4379_354f>
...
001 (2279668.007.000) 05/18 23:33:23 Job executing on host: <128.142.77.136:9618?addrs=128.142.77.136-9618+[2001-1458-301-f4--100-229]-9618&alias=b7s12n1107.cern.ch&noUDP&sock=startd_4297_f68b>
...
001 (2279668.010.000) 05/18 23:33:23 Job executing on host: <188.184.183.17:9618?addrs=188.184.183.17-9618+[2001-1458-301-2b--100-3ff]-9618&alias=b7g41n4701.cern.ch&noUDP&sock=startd_6541_2911>
...
001 (2279668.011.000) 05/18 23:33:23 Job executing on host: <188.184.196.49:9618?addrs=188.184.196.49-9618+[2001-1458-301-102--100-2d]-9618&alias=b7g24n0086.cern.ch&noUDP&sock=startd_2864_0b54>
...
001 (2279668.008.000) 05/18 23:33:23 Job executing on host: <128.142.77.199:9618?addrs=128.142.77.199-9618+[2001-1458-301-f4--100-286]-9618&alias=b7s12n7194.cern.ch&noUDP&sock=startd_4426_7243>
...
001 (2279668.009.000) 05/18 23:33:23 Job executing on host: <188.184.169.134:9618?addrs=188.184.169.134-9618+[2001-1458-301-c0--100-125]-9618&alias=b7g52n7402.cern.ch&noUDP&sock=startd_17964_6367>
...
040 (2279668.012.000) 05/18 23:33:23 Started transferring input files
	Transferring to host: <188.184.210.163:9618?addrs=188.184.210.163-9618+[2001-1458-301-10b--100-39]-9618&alias=b7g23n8028.cern.ch&noUDP&sock=slot1_1_4664_f5b7_16737>
...
040 (2279668.012.000) 05/18 23:33:23 Finished transferring input files
...
040 (2279668.013.000) 05/18 23:33:24 Started transferring input files
	Transferring to host: <188.184.211.88:9618?addrs=188.184.211.88-9618+[2001-1458-301-10b--100-2b1]-9618&alias=b7g23n3424.cern.ch&noUDP&sock=slot1_5_4758_30fb_17273>
...
040 (2279668.013.000) 05/18 23:33:24 Finished transferring input files
...
001 (2279668.012.000) 05/18 23:33:24 Job executing on host: <188.184.210.163:9618?addrs=188.184.210.163-9618+[2001-1458-301-10b--100-39]-9618&alias=b7g23n8028.cern.ch&noUDP&sock=startd_3832_0301>
...
001 (2279668.013.000) 05/18 23:33:25 Job executing on host: <188.184.211.88:9618?addrs=188.184.211.88-9618+[2001-1458-301-10b--100-2b1]-9618&alias=b7g23n3424.cern.ch&noUDP&sock=startd_3848_fc85>
...
040 (2279668.017.000) 05/18 23:33:25 Started transferring input files
	Transferring to host: <188.184.183.71:9618?addrs=188.184.183.71-9618+[2001-1458-301-2b--100-f4]-9618&alias=b7g41n2167.cern.ch&noUDP&sock=slot1_9_20491_835a_76886>
...
040 (2279668.017.000) 05/18 23:33:25 Finished transferring input files
...
040 (2279668.016.000) 05/18 23:33:25 Started transferring input files
	Transferring to host: <188.184.196.236:9618?addrs=188.184.196.236-9618+[2001-1458-301-102--100-320]-9618&alias=b7g24n4254.cern.ch&noUDP&sock=slot1_3_3127_0118_17272>
...
040 (2279668.016.000) 05/18 23:33:25 Finished transferring input files
...
040 (2279668.018.000) 05/18 23:33:25 Started transferring input files
	Transferring to host: <188.184.197.169:9618?addrs=188.184.197.169-9618+[2001-1458-301-103--100-2a8]-9618&alias=b7g23n3843.cern.ch&noUDP&sock=slot1_1_5087_0068_16910>
...
040 (2279668.018.000) 05/18 23:33:25 Finished transferring input files
...
001 (2279668.017.000) 05/18 23:33:26 Job executing on host: <188.184.183.71:9618?addrs=188.184.183.71-9618+[2001-1458-301-2b--100-f4]-9618&alias=b7g41n2167.cern.ch&noUDP&sock=startd_6461_497d>
...
001 (2279668.016.000) 05/18 23:33:26 Job executing on host: <188.184.196.236:9618?addrs=188.184.196.236-9618+[2001-1458-301-102--100-320]-9618&alias=b7g24n4254.cern.ch&noUDP&sock=startd_2617_9f70>
...
001 (2279668.018.000) 05/18 23:33:26 Job executing on host: <188.184.197.169:9618?addrs=188.184.197.169-9618+[2001-1458-301-103--100-2a8]-9618&alias=b7g23n3843.cern.ch&noUDP&sock=startd_4063_7562>
...
040 (2279668.015.000) 05/18 23:33:27 Started transferring input files
	Transferring to host: <188.184.212.228:9618?addrs=188.184.212.228-9618+[2001-1458-301-10c--100-f1]-9618&alias=b7g24n0490.cern.ch&noUDP&sock=slot1_2_4388_7e2c_17345>
...
040 (2279668.015.000) 05/18 23:33:27 Finished transferring input files
...
001 (2279668.015.000) 05/18 23:33:28 Job executing on host: <188.184.212.228:9618?addrs=188.184.212.228-9618+[2001-1458-301-10c--100-f1]-9618&alias=b7g24n0490.cern.ch&noUDP&sock=startd_3518_a244>
...
006 (2279668.000.000) 05/18 23:33:28 Image size of job updated: 685564
	125  -  MemoryUsage of job (MB)
	127824  -  ResidentSetSize of job (KB)
...
006 (2279668.001.000) 05/18 23:33:29 Image size of job updated: 153876
	151  -  MemoryUsage of job (MB)
	153796  -  ResidentSetSize of job (KB)
...
006 (2279668.002.000) 05/18 23:33:29 Image size of job updated: 117040
	113  -  MemoryUsage of job (MB)
	114708  -  ResidentSetSize of job (KB)
...
006 (2279668.005.000) 05/18 23:33:30 Image size of job updated: 813136
	150  -  MemoryUsage of job (MB)
	153348  -  ResidentSetSize of job (KB)
...
006 (2279668.006.000) 05/18 23:33:31 Image size of job updated: 698072
	123  -  MemoryUsage of job (MB)
	125912  -  ResidentSetSize of job (KB)
...
006 (2279668.007.000) 05/18 23:33:31 Image size of job updated: 669192
	150  -  MemoryUsage of job (MB)
	152936  -  ResidentSetSize of job (KB)
...
006 (2279668.008.000) 05/18 23:33:31 Image size of job updated: 140152
	137  -  MemoryUsage of job (MB)
	140072  -  ResidentSetSize of job (KB)
...
006 (2279668.011.000) 05/18 23:33:31 Image size of job updated: 704536
	140  -  MemoryUsage of job (MB)
	143160  -  ResidentSetSize of job (KB)
...
006 (2279668.010.000) 05/18 23:33:31 Image size of job updated: 126004
	122  -  MemoryUsage of job (MB)
	124164  -  ResidentSetSize of job (KB)
...
006 (2279668.009.000) 05/18 23:33:32 Image size of job updated: 829444
	36  -  MemoryUsage of job (MB)
	36056  -  ResidentSetSize of job (KB)
...
006 (2279668.013.000) 05/18 23:33:33 Image size of job updated: 830748
	105  -  MemoryUsage of job (MB)
	106856  -  ResidentSetSize of job (KB)
...
006 (2279668.012.000) 05/18 23:33:33 Image size of job updated: 122632
	120  -  MemoryUsage of job (MB)
	122552  -  ResidentSetSize of job (KB)
...
006 (2279668.018.000) 05/18 23:33:35 Image size of job updated: 904036
	110  -  MemoryUsage of job (MB)
	112428  -  ResidentSetSize of job (KB)
...
006 (2279668.017.000) 05/18 23:33:35 Image size of job updated: 902460
	137  -  MemoryUsage of job (MB)
	139812  -  ResidentSetSize of job (KB)
...
006 (2279668.016.000) 05/18 23:33:35 Image size of job updated: 142740
	138  -  MemoryUsage of job (MB)
	140620  -  ResidentSetSize of job (KB)
...
040 (2279668.003.000) 05/18 23:33:36 Started transferring input files
	Transferring to host: <188.184.168.239:9618?addrs=188.184.168.239-9618+[2001-1458-301-c0--100-26e]-9618&alias=b7g52n1133.cern.ch&noUDP&sock=slot1_1_6232_c1f7_79655>
...
040 (2279668.003.000) 05/18 23:33:36 Finished transferring input files
...
040 (2279668.004.000) 05/18 23:33:36 Started transferring input files
	Transferring to host: <128.142.73.47:9618?addrs=128.142.73.47-9618+[2001-1458-301-75--100-40d]-9618&alias=b7s11n3842.cern.ch&noUDP&sock=slot1_3_9909_896c_71429>
...
040 (2279668.004.000) 05/18 23:33:36 Finished transferring input files
...
006 (2279668.015.000) 05/18 23:33:36 Image size of job updated: 707060
	128  -  MemoryUsage of job (MB)
	130916  -  ResidentSetSize of job (KB)
...
001 (2279668.003.000) 05/18 23:33:37 Job executing on host: <188.184.168.239:9618?addrs=188.184.168.239-9618+[2001-1458-301-c0--100-26e]-9618&alias=b7g52n1133.cern.ch&noUDP&sock=startd_16568_d931>
...
001 (2279668.004.000) 05/18 23:33:37 Job executing on host: <128.142.73.47:9618?addrs=128.142.73.47-9618+[2001-1458-301-75--100-40d]-9618&alias=b7s11n3842.cern.ch&noUDP&sock=startd_16709_900b>
...
040 (2279668.014.000) 05/18 23:33:40 Started transferring input files
	Transferring to host: <188.184.197.20:9618?addrs=188.184.197.20-9618+[2001-1458-301-103--100-19e]-9618&alias=b7g23n3728.cern.ch&noUDP&sock=slot1_6_1239_bccb_76322>
...
040 (2279668.014.000) 05/18 23:33:40 Finished transferring input files
...
001 (2279668.014.000) 05/18 23:33:41 Job executing on host: <188.184.197.20:9618?addrs=188.184.197.20-9618+[2001-1458-301-103--100-19e]-9618&alias=b7g23n3728.cern.ch&noUDP&sock=startd_17507_ec9f>
...
040 (2279668.019.000) 05/18 23:33:43 Started transferring input files
	Transferring to host: <188.184.212.139:9618?addrs=188.184.212.139-9618+[2001-1458-301-10c--100-9a]-9618&alias=b7g24n0291.cern.ch&noUDP&sock=slot1_1_7182_1e5d_76137>
...
040 (2279668.019.000) 05/18 23:33:43 Finished transferring input files
...
001 (2279668.019.000) 05/18 23:33:44 Job executing on host: <188.184.212.139:9618?addrs=188.184.212.139-9618+[2001-1458-301-10c--100-9a]-9618&alias=b7g24n0291.cern.ch&noUDP&sock=startd_19287_db33>
...
006 (2279668.003.000) 05/18 23:33:45 Image size of job updated: 135824
	133  -  MemoryUsage of job (MB)
	135744  -  ResidentSetSize of job (KB)
...
006 (2279668.004.000) 05/18 23:33:45 Image size of job updated: 734568
	129  -  MemoryUsage of job (MB)
	131888  -  ResidentSetSize of job (KB)
...
006 (2279668.014.000) 05/18 23:33:50 Image size of job updated: 137256
	133  -  MemoryUsage of job (MB)
	135244  -  ResidentSetSize of job (KB)
...
006 (2279668.019.000) 05/18 23:33:53 Image size of job updated: 701152
	140  -  MemoryUsage of job (MB)
	142752  -  ResidentSetSize of job (KB)
...
006 (2279668.000.000) 05/18 23:38:28 Image size of job updated: 63496028
	561  -  MemoryUsage of job (MB)
	573920  -  ResidentSetSize of job (KB)
...
006 (2279668.001.000) 05/18 23:38:29 Image size of job updated: 61872548
	677  -  MemoryUsage of job (MB)
	693052  -  ResidentSetSize of job (KB)
...
006 (2279668.002.000) 05/18 23:38:29 Image size of job updated: 61872732
	460  -  MemoryUsage of job (MB)
	470920  -  ResidentSetSize of job (KB)
...
006 (2279668.005.000) 05/18 23:38:31 Image size of job updated: 61863540
	622  -  MemoryUsage of job (MB)
	636308  -  ResidentSetSize of job (KB)
...
006 (2279668.006.000) 05/18 23:38:31 Image size of job updated: 61879708
	468  -  MemoryUsage of job (MB)
	478916  -  ResidentSetSize of job (KB)
...
006 (2279668.011.000) 05/18 23:38:31 Image size of job updated: 65049616
	522  -  MemoryUsage of job (MB)
	534236  -  ResidentSetSize of job (KB)
...
006 (2279668.007.000) 05/18 23:38:31 Image size of job updated: 61674084
	150  -  MemoryUsage of job (MB)
	153140  -  ResidentSetSize of job (KB)
...
006 (2279668.010.000) 05/18 23:38:31 Image size of job updated: 61863720
	122  -  MemoryUsage of job (MB)
	124296  -  ResidentSetSize of job (KB)
...
006 (2279668.008.000) 05/18 23:38:31 Image size of job updated: 64556180
	522  -  MemoryUsage of job (MB)
	534296  -  ResidentSetSize of job (KB)
...
006 (2279668.013.000) 05/18 23:38:33 Image size of job updated: 61845240
	480  -  MemoryUsage of job (MB)
	490640  -  ResidentSetSize of job (KB)
...
006 (2279668.009.000) 05/18 23:38:33 Image size of job updated: 1702020
	383  -  MemoryUsage of job (MB)
	391584  -  ResidentSetSize of job (KB)
...
006 (2279668.012.000) 05/18 23:38:34 Image size of job updated: 64088524
	559  -  MemoryUsage of job (MB)
	572344  -  ResidentSetSize of job (KB)
...
006 (2279668.018.000) 05/18 23:38:35 Image size of job updated: 61868604
	183  -  MemoryUsage of job (MB)
	186956  -  ResidentSetSize of job (KB)
...
006 (2279668.015.000) 05/18 23:38:36 Image size of job updated: 61863436
	259  -  MemoryUsage of job (MB)
	264992  -  ResidentSetSize of job (KB)
...
006 (2279668.017.000) 05/18 23:38:36 Image size of job updated: 64347412
	564  -  MemoryUsage of job (MB)
	577520  -  ResidentSetSize of job (KB)
...
006 (2279668.016.000) 05/18 23:38:36 Image size of job updated: 61854120
	182  -  MemoryUsage of job (MB)
	186000  -  ResidentSetSize of job (KB)
...
006 (2279668.003.000) 05/18 23:38:45 Image size of job updated: 65436552
	522  -  MemoryUsage of job (MB)
	534296  -  ResidentSetSize of job (KB)
...
006 (2279668.004.000) 05/18 23:38:45 Image size of job updated: 61861224
	722  -  MemoryUsage of job (MB)
	738952  -  ResidentSetSize of job (KB)
...
006 (2279668.014.000) 05/18 23:38:51 Image size of job updated: 61889056
	680  -  MemoryUsage of job (MB)
	696256  -  ResidentSetSize of job (KB)
...
006 (2279668.019.000) 05/18 23:38:54 Image size of job updated: 61854140
	290  -  MemoryUsage of job (MB)
	296056  -  ResidentSetSize of job (KB)
...
040 (2279668.007.000) 05/18 23:41:09 Started transferring output files
...
040 (2279668.007.000) 05/18 23:41:09 Finished transferring output files
...
005 (2279668.007.000) 05/18 23:41:09 Job terminated.
	(1) Normal termination (return value 0)
		Usr 0 00:05:45, Sys 0 00:01:19  -  Run Remote Usage
		Usr 0 00:00:00, Sys 0 00:00:00  -  Run Local Usage
		Usr 0 00:05:45, Sys 0 00:01:19  -  Total Remote Usage
		Usr 0 00:00:00, Sys 0 00:00:00  -  Total Local Usage
	259364  -  Run Bytes Sent By Job
	2996  -  Run Bytes Received By Job
	259364  -  Total Bytes Sent By Job
	2996  -  Total Bytes Received By Job
	Partitionable Resources :    Usage  Request Allocated 
	   Cpus                 :     2.96        4         4 
	   Disk (KB)            :   276     8192000   8483524 
	   Memory (MB)          :   150        8000      8000 

	Job terminated of its own accord at 2021-05-18T21:41:09Z.
...
006 (2279668.001.000) 05/18 23:41:14 Image size of job updated: 69262848
	677  -  MemoryUsage of job (MB)
	693128  -  ResidentSetSize of job (KB)
...
040 (2279668.001.000) 05/18 23:41:14 Started transferring output files
...
040 (2279668.001.000) 05/18 23:41:14 Finished transferring output files
...
005 (2279668.001.000) 05/18 23:41:14 Job terminated.
	(1) Normal termination (return value 0)
		Usr 0 00:05:57, Sys 0 00:01:21  -  Run Remote Usage
		Usr 0 00:00:00, Sys 0 00:00:00  -  Run Local Usage
		Usr 0 00:05:57, Sys 0 00:01:21  -  Total Remote Usage
		Usr 0 00:00:00, Sys 0 00:00:00  -  Total Local Usage
	253435  -  Run Bytes Sent By Job
	2996  -  Run Bytes Received By Job
	253435  -  Total Bytes Sent By Job
	2996  -  Total Bytes Received By Job
	Partitionable Resources :    Usage  Request Allocated 
	   Cpus                 :                 4         4 
	   Disk (KB)            :      264  8192000   8449771 
	   Memory (MB)          :      677     8000      8000 

	Job terminated of its own accord at 2021-05-18T21:41:14Z.
...
040 (2279668.004.000) 05/18 23:42:42 Started transferring output files
...
040 (2279668.005.000) 05/18 23:42:42 Started transferring output files
...
040 (2279668.004.000) 05/18 23:42:42 Finished transferring output files
...
040 (2279668.005.000) 05/18 23:42:42 Finished transferring output files
...
005 (2279668.004.000) 05/18 23:42:42 Job terminated.
	(1) Normal termination (return value 0)
		Usr 0 00:06:48, Sys 0 00:01:29  -  Run Remote Usage
		Usr 0 00:00:00, Sys 0 00:00:00  -  Run Local Usage
		Usr 0 00:06:48, Sys 0 00:01:29  -  Total Remote Usage
		Usr 0 00:00:00, Sys 0 00:00:00  -  Total Local Usage
	232365  -  Run Bytes Sent By Job
	2996  -  Run Bytes Received By Job
	232365  -  Total Bytes Sent By Job
	2996  -  Total Bytes Received By Job
	Partitionable Resources :    Usage  Request Allocated 
	   Cpus                 :                 4         4 
	   Disk (KB)            :      243  8192000   8341907 
	   Memory (MB)          :      722     8000      8000 

	Job terminated of its own accord at 2021-05-18T21:42:42Z.
...
005 (2279668.005.000) 05/18 23:42:42 Job terminated.
	(1) Normal termination (return value 0)
		Usr 0 00:06:42, Sys 0 00:01:31  -  Run Remote Usage
		Usr 0 00:00:00, Sys 0 00:00:00  -  Run Local Usage
		Usr 0 00:06:42, Sys 0 00:01:31  -  Total Remote Usage
		Usr 0 00:00:00, Sys 0 00:00:00  -  Total Local Usage
	238099  -  Run Bytes Sent By Job
	2996  -  Run Bytes Received By Job
	238099  -  Total Bytes Sent By Job
	2996  -  Total Bytes Received By Job
	Partitionable Resources :    Usage  Request Allocated 
	   Cpus                 :                 4         4 
	   Disk (KB)            :      249  8192000   8486105 
	   Memory (MB)          :      622     8000      8000 

	Job terminated of its own accord at 2021-05-18T21:42:42Z.
...
006 (2279668.006.000) 05/18 23:43:00 Image size of job updated: 100554748
	468  -  MemoryUsage of job (MB)
	478984  -  ResidentSetSize of job (KB)
...
040 (2279668.006.000) 05/18 23:43:00 Started transferring output files
...
040 (2279668.006.000) 05/18 23:43:00 Finished transferring output files
...
005 (2279668.006.000) 05/18 23:43:00 Job terminated.
	(1) Normal termination (return value 0)
		Usr 0 00:06:27, Sys 0 00:01:32  -  Run Remote Usage
		Usr 0 00:00:00, Sys 0 00:00:00  -  Run Local Usage
		Usr 0 00:06:27, Sys 0 00:01:32  -  Total Remote Usage
		Usr 0 00:00:00, Sys 0 00:00:00  -  Total Local Usage
	229894  -  Run Bytes Sent By Job
	2996  -  Run Bytes Received By Job
	229894  -  Total Bytes Sent By Job
	2996  -  Total Bytes Received By Job
	Partitionable Resources :    Usage  Request Allocated 
	   Cpus                 :     0.63        4         4 
	   Disk (KB)            :   248     8192000   8384252 
	   Memory (MB)          :   468        8000      8000 

	Job terminated of its own accord at 2021-05-18T21:43:00Z.
...
006 (2279668.002.000) 05/18 23:43:29 Image size of job updated: 61872732
	485  -  MemoryUsage of job (MB)
	495680  -  ResidentSetSize of job (KB)
...
006 (2279668.010.000) 05/18 23:43:32 Image size of job updated: 61863720
	777  -  MemoryUsage of job (MB)
	795272  -  ResidentSetSize of job (KB)
...
006 (2279668.009.000) 05/18 23:43:34 Image size of job updated: 55547572
	605  -  MemoryUsage of job (MB)
	618572  -  ResidentSetSize of job (KB)
...
006 (2279668.013.000) 05/18 23:43:35 Image size of job updated: 61845240
	692  -  MemoryUsage of job (MB)
	708044  -  ResidentSetSize of job (KB)
...
006 (2279668.018.000) 05/18 23:43:35 Image size of job updated: 85109252
	793  -  MemoryUsage of job (MB)
	811244  -  ResidentSetSize of job (KB)
...
006 (2279668.016.000) 05/18 23:43:37 Image size of job updated: 69260800
	182  -  MemoryUsage of job (MB)
	186252  -  ResidentSetSize of job (KB)
...
006 (2279668.015.000) 05/18 23:43:37 Image size of job updated: 61863436
	621  -  MemoryUsage of job (MB)
	635740  -  ResidentSetSize of job (KB)
...
040 (2279668.015.000) 05/18 23:43:41 Started transferring output files
...
040 (2279668.015.000) 05/18 23:43:41 Finished transferring output files
...
005 (2279668.015.000) 05/18 23:43:41 Job terminated.
	(1) Normal termination (return value 0)
		Usr 0 00:06:49, Sys 0 00:01:35  -  Run Remote Usage
		Usr 0 00:00:00, Sys 0 00:00:00  -  Run Local Usage
		Usr 0 00:06:49, Sys 0 00:01:35  -  Total Remote Usage
		Usr 0 00:00:00, Sys 0 00:00:00  -  Total Local Usage
	262891  -  Run Bytes Sent By Job
	2996  -  Run Bytes Received By Job
	262891  -  Total Bytes Sent By Job
	2996  -  Total Bytes Received By Job
	Partitionable Resources :    Usage  Request Allocated 
	   Cpus                 :     1.10        4         4 
	   Disk (KB)            :   280     8192000   8575518 
	   Memory (MB)          :   621        8000      8000 

	Job terminated of its own accord at 2021-05-18T21:43:41Z.
...
006 (2279668.016.000) 05/18 23:43:45 Image size of job updated: 100562548
	182  -  MemoryUsage of job (MB)
	186252  -  ResidentSetSize of job (KB)
...
040 (2279668.016.000) 05/18 23:43:45 Started transferring output files
...
040 (2279668.016.000) 05/18 23:43:45 Finished transferring output files
...
005 (2279668.016.000) 05/18 23:43:45 Job terminated.
	(1) Normal termination (return value 0)
		Usr 0 00:07:00, Sys 0 00:01:42  -  Run Remote Usage
		Usr 0 00:00:00, Sys 0 00:00:00  -  Run Local Usage
		Usr 0 00:07:00, Sys 0 00:01:42  -  Total Remote Usage
		Usr 0 00:00:00, Sys 0 00:00:00  -  Total Local Usage
	248705  -  Run Bytes Sent By Job
	2996  -  Run Bytes Received By Job
	248705  -  Total Bytes Sent By Job
	2996  -  Total Bytes Received By Job
	Partitionable Resources :    Usage  Request Allocated 
	   Cpus                 :     0.59        4         4 
	   Disk (KB)            :   266     8192000   8458676 
	   Memory (MB)          :   182        8000      8000 

	Job terminated of its own accord at 2021-05-18T21:43:45Z.
...
006 (2279668.010.000) 05/18 23:43:47 Image size of job updated: 61863720
	777  -  MemoryUsage of job (MB)
	795300  -  ResidentSetSize of job (KB)
...
040 (2279668.010.000) 05/18 23:43:47 Started transferring output files
...
040 (2279668.010.000) 05/18 23:43:47 Finished transferring output files
...
006 (2279668.018.000) 05/18 23:43:47 Image size of job updated: 85109252
	793  -  MemoryUsage of job (MB)
	811248  -  ResidentSetSize of job (KB)
...
005 (2279668.010.000) 05/18 23:43:48 Job terminated.
	(1) Normal termination (return value 0)
		Usr 0 00:06:45, Sys 0 00:01:32  -  Run Remote Usage
		Usr 0 00:00:00, Sys 0 00:00:00  -  Run Local Usage
		Usr 0 00:06:45, Sys 0 00:01:32  -  Total Remote Usage
		Usr 0 00:00:00, Sys 0 00:00:00  -  Total Local Usage
	255151  -  Run Bytes Sent By Job
	2996  -  Run Bytes Received By Job
	255151  -  Total Bytes Sent By Job
	2996  -  Total Bytes Received By Job
	Partitionable Resources :    Usage  Request Allocated 
	   Cpus                 :                 4         4 
	   Disk (KB)            :      265  8192000   8373433 
	   Memory (MB)          :      777     8000      8000 

	Job terminated of its own accord at 2021-05-18T21:43:47Z.
...
040 (2279668.018.000) 05/18 23:43:48 Started transferring output files
...
040 (2279668.018.000) 05/18 23:43:48 Finished transferring output files
...
005 (2279668.018.000) 05/18 23:43:48 Job terminated.
	(1) Normal termination (return value 0)
		Usr 0 00:07:15, Sys 0 00:01:39  -  Run Remote Usage
		Usr 0 00:00:00, Sys 0 00:00:00  -  Run Local Usage
		Usr 0 00:07:15, Sys 0 00:01:39  -  Total Remote Usage
		Usr 0 00:00:00, Sys 0 00:00:00  -  Total Local Usage
	231555  -  Run Bytes Sent By Job
	2996  -  Run Bytes Received By Job
	231555  -  Total Bytes Sent By Job
	2996  -  Total Bytes Received By Job
	Partitionable Resources :    Usage  Request Allocated 
	   Cpus                 :                 4         4 
	   Disk (KB)            :      242  8192000   8377963 
	   Memory (MB)          :      793     8000      8000 

	Job terminated of its own accord at 2021-05-18T21:43:47Z.
...
006 (2279668.014.000) 05/18 23:43:52 Image size of job updated: 61889056
	681  -  MemoryUsage of job (MB)
	696328  -  ResidentSetSize of job (KB)
...
006 (2279668.019.000) 05/18 23:43:55 Image size of job updated: 61854140
	704  -  MemoryUsage of job (MB)
	720740  -  ResidentSetSize of job (KB)
...
006 (2279668.019.000) 05/18 23:44:13 Image size of job updated: 61854140
	704  -  MemoryUsage of job (MB)
	720820  -  ResidentSetSize of job (KB)
...
040 (2279668.019.000) 05/18 23:44:13 Started transferring output files
...
040 (2279668.019.000) 05/18 23:44:13 Finished transferring output files
...
005 (2279668.019.000) 05/18 23:44:14 Job terminated.
	(1) Normal termination (return value 0)
		Usr 0 00:06:54, Sys 0 00:01:36  -  Run Remote Usage
		Usr 0 00:00:00, Sys 0 00:00:00  -  Run Local Usage
		Usr 0 00:06:54, Sys 0 00:01:36  -  Total Remote Usage
		Usr 0 00:00:00, Sys 0 00:00:00  -  Total Local Usage
	244309  -  Run Bytes Sent By Job
	2996  -  Run Bytes Received By Job
	244309  -  Total Bytes Sent By Job
	2996  -  Total Bytes Received By Job
	Partitionable Resources :    Usage  Request Allocated 
	   Cpus                 :                 4         4 
	   Disk (KB)            :      255  8192000   8498863 
	   Memory (MB)          :      704     8000      8000 

	Job terminated of its own accord at 2021-05-18T21:44:13Z.
...
040 (2279668.014.000) 05/18 23:44:48 Started transferring output files
...
040 (2279668.014.000) 05/18 23:44:49 Finished transferring output files
...
005 (2279668.014.000) 05/18 23:44:49 Job terminated.
	(1) Normal termination (return value 0)
		Usr 0 00:07:15, Sys 0 00:01:44  -  Run Remote Usage
		Usr 0 00:00:00, Sys 0 00:00:00  -  Run Local Usage
		Usr 0 00:07:15, Sys 0 00:01:44  -  Total Remote Usage
		Usr 0 00:00:00, Sys 0 00:00:00  -  Total Local Usage
	242970  -  Run Bytes Sent By Job
	2996  -  Run Bytes Received By Job
	242970  -  Total Bytes Sent By Job
	2996  -  Total Bytes Received By Job
	Partitionable Resources :    Usage  Request Allocated 
	   Cpus                 :     0.59        4         4 
	   Disk (KB)            :   260     8192000   8652627 
	   Memory (MB)          :   681        8000      8000 

	Job terminated of its own accord at 2021-05-18T21:44:48Z.
...
006 (2279668.013.000) 05/18 23:44:57 Image size of job updated: 61845240
	692  -  MemoryUsage of job (MB)
	708132  -  ResidentSetSize of job (KB)
...
040 (2279668.013.000) 05/18 23:44:57 Started transferring output files
...
040 (2279668.013.000) 05/18 23:44:57 Finished transferring output files
...
005 (2279668.013.000) 05/18 23:44:57 Job terminated.
	(1) Normal termination (return value 0)
		Usr 0 00:07:31, Sys 0 00:01:45  -  Run Remote Usage
		Usr 0 00:00:00, Sys 0 00:00:00  -  Run Local Usage
		Usr 0 00:07:31, Sys 0 00:01:45  -  Total Remote Usage
		Usr 0 00:00:00, Sys 0 00:00:00  -  Total Local Usage
	274520  -  Run Bytes Sent By Job
	2996  -  Run Bytes Received By Job
	274520  -  Total Bytes Sent By Job
	2996  -  Total Bytes Received By Job
	Partitionable Resources :    Usage  Request Allocated 
	   Cpus                 :     0.57        4         4 
	   Disk (KB)            :   291     8192000   8424774 
	   Memory (MB)          :   692        8000      8000 

	Job terminated of its own accord at 2021-05-18T21:44:57Z.
...
006 (2279668.002.000) 05/18 23:45:18 Image size of job updated: 61872732
	485  -  MemoryUsage of job (MB)
	495696  -  ResidentSetSize of job (KB)
...
040 (2279668.002.000) 05/18 23:45:18 Started transferring output files
...
040 (2279668.002.000) 05/18 23:45:19 Finished transferring output files
...
005 (2279668.002.000) 05/18 23:45:19 Job terminated.
	(1) Normal termination (return value 0)
		Usr 0 00:07:54, Sys 0 00:01:45  -  Run Remote Usage
		Usr 0 00:00:00, Sys 0 00:00:00  -  Run Local Usage
		Usr 0 00:07:54, Sys 0 00:01:45  -  Total Remote Usage
		Usr 0 00:00:00, Sys 0 00:00:00  -  Total Local Usage
	238895  -  Run Bytes Sent By Job
	2996  -  Run Bytes Received By Job
	238895  -  Total Bytes Sent By Job
	2996  -  Total Bytes Received By Job
	Partitionable Resources :    Usage  Request Allocated 
	   Cpus                 :     0.50        4         4 
	   Disk (KB)            :   257     8192000   8369969 
	   Memory (MB)          :   485        8000      8000 

	Job terminated of its own accord at 2021-05-18T21:45:18Z.
...
006 (2279668.009.000) 05/18 23:58:15 Image size of job updated: 84657564
	605  -  MemoryUsage of job (MB)
	618572  -  ResidentSetSize of job (KB)
...
040 (2279668.009.000) 05/18 23:58:15 Started transferring output files
...
040 (2279668.009.000) 05/18 23:58:15 Finished transferring output files
...
005 (2279668.009.000) 05/18 23:58:15 Job terminated.
	(1) Normal termination (return value 0)
		Usr 0 00:08:17, Sys 0 00:01:45  -  Run Remote Usage
		Usr 0 00:00:00, Sys 0 00:00:00  -  Run Local Usage
		Usr 0 00:08:17, Sys 0 00:01:45  -  Total Remote Usage
		Usr 0 00:00:00, Sys 0 00:00:00  -  Total Local Usage
	264406  -  Run Bytes Sent By Job
	2996  -  Run Bytes Received By Job
	264406  -  Total Bytes Sent By Job
	2996  -  Total Bytes Received By Job
	Partitionable Resources :    Usage  Request Allocated 
	   Cpus                 :     0.29        4         4 
	   Disk (KB)            :   282     8192000   8479855 
	   Memory (MB)          :   605        8000      8000 

	Job terminated of its own accord at 2021-05-18T21:58:15Z.
...
040 (2279668.000.000) 05/19 01:33:45 Entered queue to transfer output files
...
040 (2279668.000.000) 05/19 01:33:58 Started transferring output files
...
040 (2279668.000.000) 05/19 01:33:59 Finished transferring output files
...
040 (2279668.011.000) 05/19 01:34:04 Entered queue to transfer output files
...
040 (2279668.008.000) 05/19 01:34:04 Entered queue to transfer output files
...
040 (2279668.012.000) 05/19 01:34:04 Entered queue to transfer output files
...
040 (2279668.017.000) 05/19 01:34:04 Entered queue to transfer output files
...
040 (2279668.003.000) 05/19 01:34:04 Entered queue to transfer output files
...
040 (2279668.011.000) 05/19 01:34:19 Started transferring output files
...
040 (2279668.008.000) 05/19 01:34:19 Started transferring output files
...
040 (2279668.012.000) 05/19 01:34:19 Started transferring output files
...
040 (2279668.017.000) 05/19 01:34:20 Started transferring output files
...
040 (2279668.003.000) 05/19 01:34:20 Started transferring output files
...
009 (2279668.000.000) 05/19 01:34:20 Job was aborted by the user.
	Job removed by SYSTEM_PERIODIC_REMOVE due to wall time exceeded allowed max.
...
040 (2279668.003.000) 05/19 01:34:38 Finished transferring output files
...
040 (2279668.011.000) 05/19 01:34:39 Finished transferring output files
...
040 (2279668.008.000) 05/19 01:34:39 Finished transferring output files
...
040 (2279668.012.000) 05/19 01:34:39 Finished transferring output files
...
040 (2279668.017.000) 05/19 01:34:39 Finished transferring output files
...
009 (2279668.008.000) 05/19 01:35:16 Job was aborted by the user.
	Job removed by SYSTEM_PERIODIC_REMOVE due to wall time exceeded allowed max.
...
009 (2279668.011.000) 05/19 01:35:16 Job was aborted by the user.
	Job removed by SYSTEM_PERIODIC_REMOVE due to wall time exceeded allowed max.
...
009 (2279668.012.000) 05/19 01:35:16 Job was aborted by the user.
	Job removed by SYSTEM_PERIODIC_REMOVE due to wall time exceeded allowed max.
...
009 (2279668.017.000) 05/19 01:35:16 Job was aborted by the user.
	Job removed by SYSTEM_PERIODIC_REMOVE due to wall time exceeded allowed max.
...
009 (2279668.003.000) 05/19 01:35:30 Job was aborted by the user.
	Job removed by SYSTEM_PERIODIC_REMOVE due to wall time exceeded allowed max.
...
