000 (2287089.000.000) 05/20 17:39:11 Job submitted from host: <188.185.70.244:9618?addrs=188.185.70.244-9618+[2001-1458-d00-7--100-2ee]-9618&alias=bigbird10.cern.ch&noUDP&sock=schedd_2037_ca81_27>
...
000 (2287089.001.000) 05/20 17:39:11 Job submitted from host: <188.185.70.244:9618?addrs=188.185.70.244-9618+[2001-1458-d00-7--100-2ee]-9618&alias=bigbird10.cern.ch&noUDP&sock=schedd_2037_ca81_27>
...
000 (2287089.002.000) 05/20 17:39:11 Job submitted from host: <188.185.70.244:9618?addrs=188.185.70.244-9618+[2001-1458-d00-7--100-2ee]-9618&alias=bigbird10.cern.ch&noUDP&sock=schedd_2037_ca81_27>
...
000 (2287089.003.000) 05/20 17:39:11 Job submitted from host: <188.185.70.244:9618?addrs=188.185.70.244-9618+[2001-1458-d00-7--100-2ee]-9618&alias=bigbird10.cern.ch&noUDP&sock=schedd_2037_ca81_27>
...
000 (2287089.004.000) 05/20 17:39:11 Job submitted from host: <188.185.70.244:9618?addrs=188.185.70.244-9618+[2001-1458-d00-7--100-2ee]-9618&alias=bigbird10.cern.ch&noUDP&sock=schedd_2037_ca81_27>
...
000 (2287089.005.000) 05/20 17:39:11 Job submitted from host: <188.185.70.244:9618?addrs=188.185.70.244-9618+[2001-1458-d00-7--100-2ee]-9618&alias=bigbird10.cern.ch&noUDP&sock=schedd_2037_ca81_27>
...
000 (2287089.006.000) 05/20 17:39:11 Job submitted from host: <188.185.70.244:9618?addrs=188.185.70.244-9618+[2001-1458-d00-7--100-2ee]-9618&alias=bigbird10.cern.ch&noUDP&sock=schedd_2037_ca81_27>
...
000 (2287089.007.000) 05/20 17:39:11 Job submitted from host: <188.185.70.244:9618?addrs=188.185.70.244-9618+[2001-1458-d00-7--100-2ee]-9618&alias=bigbird10.cern.ch&noUDP&sock=schedd_2037_ca81_27>
...
000 (2287089.008.000) 05/20 17:39:11 Job submitted from host: <188.185.70.244:9618?addrs=188.185.70.244-9618+[2001-1458-d00-7--100-2ee]-9618&alias=bigbird10.cern.ch&noUDP&sock=schedd_2037_ca81_27>
...
000 (2287089.009.000) 05/20 17:39:12 Job submitted from host: <188.185.70.244:9618?addrs=188.185.70.244-9618+[2001-1458-d00-7--100-2ee]-9618&alias=bigbird10.cern.ch&noUDP&sock=schedd_2037_ca81_27>
...
000 (2287089.010.000) 05/20 17:39:12 Job submitted from host: <188.185.70.244:9618?addrs=188.185.70.244-9618+[2001-1458-d00-7--100-2ee]-9618&alias=bigbird10.cern.ch&noUDP&sock=schedd_2037_ca81_27>
...
000 (2287089.011.000) 05/20 17:39:12 Job submitted from host: <188.185.70.244:9618?addrs=188.185.70.244-9618+[2001-1458-d00-7--100-2ee]-9618&alias=bigbird10.cern.ch&noUDP&sock=schedd_2037_ca81_27>
...
000 (2287089.012.000) 05/20 17:39:12 Job submitted from host: <188.185.70.244:9618?addrs=188.185.70.244-9618+[2001-1458-d00-7--100-2ee]-9618&alias=bigbird10.cern.ch&noUDP&sock=schedd_2037_ca81_27>
...
000 (2287089.013.000) 05/20 17:39:12 Job submitted from host: <188.185.70.244:9618?addrs=188.185.70.244-9618+[2001-1458-d00-7--100-2ee]-9618&alias=bigbird10.cern.ch&noUDP&sock=schedd_2037_ca81_27>
...
000 (2287089.014.000) 05/20 17:39:12 Job submitted from host: <188.185.70.244:9618?addrs=188.185.70.244-9618+[2001-1458-d00-7--100-2ee]-9618&alias=bigbird10.cern.ch&noUDP&sock=schedd_2037_ca81_27>
...
000 (2287089.015.000) 05/20 17:39:12 Job submitted from host: <188.185.70.244:9618?addrs=188.185.70.244-9618+[2001-1458-d00-7--100-2ee]-9618&alias=bigbird10.cern.ch&noUDP&sock=schedd_2037_ca81_27>
...
000 (2287089.016.000) 05/20 17:39:12 Job submitted from host: <188.185.70.244:9618?addrs=188.185.70.244-9618+[2001-1458-d00-7--100-2ee]-9618&alias=bigbird10.cern.ch&noUDP&sock=schedd_2037_ca81_27>
...
000 (2287089.017.000) 05/20 17:39:12 Job submitted from host: <188.185.70.244:9618?addrs=188.185.70.244-9618+[2001-1458-d00-7--100-2ee]-9618&alias=bigbird10.cern.ch&noUDP&sock=schedd_2037_ca81_27>
...
000 (2287089.018.000) 05/20 17:39:12 Job submitted from host: <188.185.70.244:9618?addrs=188.185.70.244-9618+[2001-1458-d00-7--100-2ee]-9618&alias=bigbird10.cern.ch&noUDP&sock=schedd_2037_ca81_27>
...
000 (2287089.019.000) 05/20 17:39:12 Job submitted from host: <188.185.70.244:9618?addrs=188.185.70.244-9618+[2001-1458-d00-7--100-2ee]-9618&alias=bigbird10.cern.ch&noUDP&sock=schedd_2037_ca81_27>
...
040 (2287089.006.000) 05/20 18:19:39 Started transferring input files
	Transferring to host: <128.142.74.66:9618?addrs=128.142.74.66-9618+[2001-1458-301-75--100-504]-9618&alias=b7s11n6239.cern.ch&noUDP&sock=slot1_1_4865_951f_23472>
...
040 (2287089.006.000) 05/20 18:19:39 Finished transferring input files
...
040 (2287089.010.000) 05/20 18:19:39 Started transferring input files
	Transferring to host: <128.142.74.66:9618?addrs=128.142.74.66-9618+[2001-1458-301-75--100-504]-9618&alias=b7s11n6239.cern.ch&noUDP&sock=slot1_2_4865_951f_23473>
...
040 (2287089.010.000) 05/20 18:19:39 Finished transferring input files
...
040 (2287089.012.000) 05/20 18:19:39 Started transferring input files
	Transferring to host: <128.142.80.160:9618?addrs=128.142.80.160-9618+[2001-1458-301-f5--100-5cf]-9618&alias=b7s13n0344.cern.ch&noUDP&sock=slot1_2_2547_5781_29973>
...
040 (2287089.012.000) 05/20 18:19:39 Finished transferring input files
...
001 (2287089.006.000) 05/20 18:19:40 Job executing on host: <128.142.74.66:9618?addrs=128.142.74.66-9618+[2001-1458-301-75--100-504]-9618&alias=b7s11n6239.cern.ch&noUDP&sock=startd_3914_41c5>
...
001 (2287089.010.000) 05/20 18:19:40 Job executing on host: <128.142.74.66:9618?addrs=128.142.74.66-9618+[2001-1458-301-75--100-504]-9618&alias=b7s11n6239.cern.ch&noUDP&sock=startd_3914_41c5>
...
001 (2287089.012.000) 05/20 18:19:40 Job executing on host: <128.142.80.160:9618?addrs=128.142.80.160-9618+[2001-1458-301-f5--100-5cf]-9618&alias=b7s13n0344.cern.ch&noUDP&sock=startd_2253_f2f6>
...
040 (2287089.008.000) 05/20 18:19:40 Started transferring input files
	Transferring to host: <128.142.80.160:9618?addrs=128.142.80.160-9618+[2001-1458-301-f5--100-5cf]-9618&alias=b7s13n0344.cern.ch&noUDP&sock=slot1_1_2547_5781_29972>
...
040 (2287089.009.000) 05/20 18:19:40 Started transferring input files
	Transferring to host: <128.142.76.28:9618?addrs=128.142.76.28-9618+[2001-1458-301-f4--100-559]-9618&alias=b7s12n4332.cern.ch&noUDP&sock=slot1_2_23200_3fa8_78800>
...
040 (2287089.008.000) 05/20 18:19:40 Finished transferring input files
...
040 (2287089.009.000) 05/20 18:19:41 Finished transferring input files
...
040 (2287089.013.000) 05/20 18:19:41 Started transferring input files
	Transferring to host: <128.142.76.28:9618?addrs=128.142.76.28-9618+[2001-1458-301-f4--100-559]-9618&alias=b7s12n4332.cern.ch&noUDP&sock=slot1_5_23200_3fa8_78801>
...
040 (2287089.013.000) 05/20 18:19:41 Finished transferring input files
...
001 (2287089.008.000) 05/20 18:19:41 Job executing on host: <128.142.80.160:9618?addrs=128.142.80.160-9618+[2001-1458-301-f5--100-5cf]-9618&alias=b7s13n0344.cern.ch&noUDP&sock=startd_2253_f2f6>
...
001 (2287089.009.000) 05/20 18:19:41 Job executing on host: <128.142.76.28:9618?addrs=128.142.76.28-9618+[2001-1458-301-f4--100-559]-9618&alias=b7s12n4332.cern.ch&noUDP&sock=startd_16799_4b91>
...
001 (2287089.013.000) 05/20 18:19:42 Job executing on host: <128.142.76.28:9618?addrs=128.142.76.28-9618+[2001-1458-301-f4--100-559]-9618&alias=b7s12n4332.cern.ch&noUDP&sock=startd_16799_4b91>
...
006 (2287089.006.000) 05/20 18:19:48 Image size of job updated: 260132
	148  -  MemoryUsage of job (MB)
	151532  -  ResidentSetSize of job (KB)
...
006 (2287089.010.000) 05/20 18:19:49 Image size of job updated: 184736
	181  -  MemoryUsage of job (MB)
	184712  -  ResidentSetSize of job (KB)
...
006 (2287089.012.000) 05/20 18:19:50 Image size of job updated: 674152
	207  -  MemoryUsage of job (MB)
	211180  -  ResidentSetSize of job (KB)
...
006 (2287089.008.000) 05/20 18:19:50 Image size of job updated: 199596
	195  -  MemoryUsage of job (MB)
	199580  -  ResidentSetSize of job (KB)
...
006 (2287089.009.000) 05/20 18:19:50 Image size of job updated: 672520
	159  -  MemoryUsage of job (MB)
	161896  -  ResidentSetSize of job (KB)
...
006 (2287089.013.000) 05/20 18:19:51 Image size of job updated: 190852
	187  -  MemoryUsage of job (MB)
	190772  -  ResidentSetSize of job (KB)
...
040 (2287089.017.000) 05/20 18:21:23 Started transferring input files
	Transferring to host: <188.184.212.26:9618?addrs=188.184.212.26-9618+[2001-1458-301-10c--100-18]-9618&alias=b7g24n0041.cern.ch&noUDP&sock=slot1_4_19998_2666_94506>
...
040 (2287089.015.000) 05/20 18:21:23 Started transferring input files
	Transferring to host: <188.184.212.26:9618?addrs=188.184.212.26-9618+[2001-1458-301-10c--100-18]-9618&alias=b7g24n0041.cern.ch&noUDP&sock=slot1_3_19998_2666_94505>
...
040 (2287089.017.000) 05/20 18:21:23 Finished transferring input files
...
040 (2287089.015.000) 05/20 18:21:23 Finished transferring input files
...
001 (2287089.017.000) 05/20 18:21:24 Job executing on host: <188.184.212.26:9618?addrs=188.184.212.26-9618+[2001-1458-301-10c--100-18]-9618&alias=b7g24n0041.cern.ch&noUDP&sock=startd_5761_2532>
...
001 (2287089.015.000) 05/20 18:21:24 Job executing on host: <188.184.212.26:9618?addrs=188.184.212.26-9618+[2001-1458-301-10c--100-18]-9618&alias=b7g24n0041.cern.ch&noUDP&sock=startd_5761_2532>
...
006 (2287089.017.000) 05/20 18:21:32 Image size of job updated: 824368
	182  -  MemoryUsage of job (MB)
	186300  -  ResidentSetSize of job (KB)
...
006 (2287089.015.000) 05/20 18:21:32 Image size of job updated: 824388
	189  -  MemoryUsage of job (MB)
	193160  -  ResidentSetSize of job (KB)
...
040 (2287089.018.000) 05/20 18:21:33 Started transferring input files
	Transferring to host: <128.142.161.83:9618?addrs=128.142.161.83-9618&alias=b7g03p5916.cern.ch&noUDP&sock=slot1_33_3783_3733_38029>
...
040 (2287089.018.000) 05/20 18:21:33 Finished transferring input files
...
001 (2287089.018.000) 05/20 18:21:34 Job executing on host: <128.142.161.83:9618?addrs=128.142.161.83-9618&alias=b7g03p5916.cern.ch&noUDP&sock=startd_2951_b811>
...
006 (2287089.018.000) 05/20 18:21:42 Image size of job updated: 206896
	202  -  MemoryUsage of job (MB)
	206816  -  ResidentSetSize of job (KB)
...
006 (2287089.006.000) 05/20 18:24:48 Image size of job updated: 62093792
	148  -  MemoryUsage of job (MB)
	151536  -  ResidentSetSize of job (KB)
...
006 (2287089.012.000) 05/20 18:24:50 Image size of job updated: 62033028
	207  -  MemoryUsage of job (MB)
	211240  -  ResidentSetSize of job (KB)
...
006 (2287089.009.000) 05/20 18:24:50 Image size of job updated: 62117152
	461  -  MemoryUsage of job (MB)
	471140  -  ResidentSetSize of job (KB)
...
006 (2287089.008.000) 05/20 18:24:50 Image size of job updated: 62060804
	236  -  MemoryUsage of job (MB)
	241388  -  ResidentSetSize of job (KB)
...
006 (2287089.010.000) 05/20 18:24:50 Image size of job updated: 62049000
	512  -  MemoryUsage of job (MB)
	523748  -  ResidentSetSize of job (KB)
...
006 (2287089.013.000) 05/20 18:24:52 Image size of job updated: 62031940
	236  -  MemoryUsage of job (MB)
	240952  -  ResidentSetSize of job (KB)
...
006 (2287089.017.000) 05/20 18:26:32 Image size of job updated: 62037060
	514  -  MemoryUsage of job (MB)
	525792  -  ResidentSetSize of job (KB)
...
006 (2287089.015.000) 05/20 18:26:32 Image size of job updated: 62085704
	610  -  MemoryUsage of job (MB)
	623800  -  ResidentSetSize of job (KB)
...
006 (2287089.018.000) 05/20 18:26:42 Image size of job updated: 62021720
	203  -  MemoryUsage of job (MB)
	206876  -  ResidentSetSize of job (KB)
...
006 (2287089.008.000) 05/20 18:27:45 Image size of job updated: 85609488
	236  -  MemoryUsage of job (MB)
	241500  -  ResidentSetSize of job (KB)
...
040 (2287089.008.000) 05/20 18:27:45 Started transferring output files
...
040 (2287089.008.000) 05/20 18:27:45 Finished transferring output files
...
005 (2287089.008.000) 05/20 18:27:45 Job terminated.
	(1) Normal termination (return value 0)
		Usr 0 00:09:06, Sys 0 00:01:16  -  Run Remote Usage
		Usr 0 00:00:00, Sys 0 00:00:00  -  Run Local Usage
		Usr 0 00:09:06, Sys 0 00:01:16  -  Total Remote Usage
		Usr 0 00:00:00, Sys 0 00:00:00  -  Total Local Usage
	71821  -  Run Bytes Sent By Job
	2996  -  Run Bytes Received By Job
	71821  -  Total Bytes Sent By Job
	2996  -  Total Bytes Received By Job
	Partitionable Resources :    Usage  Request Allocated 
	   Cpus                 :     0.67        4         4 
	   Disk (KB)            :    93     8192000   8412730 
	   Memory (MB)          :   236        8000      8000 

	Job terminated of its own accord at 2021-05-20T16:27:45Z.
...
006 (2287089.012.000) 05/20 18:27:46 Image size of job updated: 100614832
	207  -  MemoryUsage of job (MB)
	211240  -  ResidentSetSize of job (KB)
...
040 (2287089.012.000) 05/20 18:27:46 Started transferring output files
...
040 (2287089.012.000) 05/20 18:27:46 Finished transferring output files
...
005 (2287089.012.000) 05/20 18:27:47 Job terminated.
	(1) Normal termination (return value 0)
		Usr 0 00:09:21, Sys 0 00:01:16  -  Run Remote Usage
		Usr 0 00:00:00, Sys 0 00:00:00  -  Run Local Usage
		Usr 0 00:09:21, Sys 0 00:01:16  -  Total Remote Usage
		Usr 0 00:00:00, Sys 0 00:00:00  -  Total Local Usage
	77088  -  Run Bytes Sent By Job
	2996  -  Run Bytes Received By Job
	77088  -  Total Bytes Sent By Job
	2996  -  Total Bytes Received By Job
	Partitionable Resources :    Usage  Request Allocated 
	   Cpus                 :     0.66        4         4 
	   Disk (KB)            :    98     8192000   8412641 
	   Memory (MB)          :   207        8000      8000 

	Job terminated of its own accord at 2021-05-20T16:27:46Z.
...
040 (2287089.018.000) 05/20 18:28:31 Started transferring output files
...
040 (2287089.018.000) 05/20 18:28:31 Finished transferring output files
...
005 (2287089.018.000) 05/20 18:28:31 Job terminated.
	(1) Normal termination (return value 0)
		Usr 0 00:06:57, Sys 0 00:01:16  -  Run Remote Usage
		Usr 0 00:00:00, Sys 0 00:00:00  -  Run Local Usage
		Usr 0 00:06:57, Sys 0 00:01:16  -  Total Remote Usage
		Usr 0 00:00:00, Sys 0 00:00:00  -  Total Local Usage
	68329  -  Run Bytes Sent By Job
	2996  -  Run Bytes Received By Job
	68329  -  Total Bytes Sent By Job
	2996  -  Total Bytes Received By Job
	Partitionable Resources :    Usage  Request Allocated 
	   Cpus                 :                 4         4 
	   Disk (KB)            :       83  8192000   9874780 
	   Memory (MB)          :      203     8000      8000 

	Job terminated of its own accord at 2021-05-20T16:28:30Z.
...
006 (2287089.009.000) 05/20 18:28:40 Image size of job updated: 85457888
	461  -  MemoryUsage of job (MB)
	471160  -  ResidentSetSize of job (KB)
...
040 (2287089.009.000) 05/20 18:28:40 Started transferring output files
...
040 (2287089.009.000) 05/20 18:28:40 Finished transferring output files
...
005 (2287089.009.000) 05/20 18:28:41 Job terminated.
	(1) Normal termination (return value 0)
		Usr 0 00:09:42, Sys 0 00:01:25  -  Run Remote Usage
		Usr 0 00:00:00, Sys 0 00:00:00  -  Run Local Usage
		Usr 0 00:09:42, Sys 0 00:01:25  -  Total Remote Usage
		Usr 0 00:00:00, Sys 0 00:00:00  -  Total Local Usage
	75351  -  Run Bytes Sent By Job
	2996  -  Run Bytes Received By Job
	75351  -  Total Bytes Sent By Job
	2996  -  Total Bytes Received By Job
	Partitionable Resources :    Usage  Request Allocated 
	   Cpus                 :     3.95        4         4 
	   Disk (KB)            :    97     8192000   8576821 
	   Memory (MB)          :   461        8000      8000 

	Job terminated of its own accord at 2021-05-20T16:28:40Z.
...
006 (2287089.013.000) 05/20 18:28:55 Image size of job updated: 85252984
	236  -  MemoryUsage of job (MB)
	241172  -  ResidentSetSize of job (KB)
...
040 (2287089.013.000) 05/20 18:28:57 Started transferring output files
...
040 (2287089.013.000) 05/20 18:28:57 Finished transferring output files
...
005 (2287089.013.000) 05/20 18:28:58 Job terminated.
	(1) Normal termination (return value 0)
		Usr 0 00:10:49, Sys 0 00:01:26  -  Run Remote Usage
		Usr 0 00:00:00, Sys 0 00:00:00  -  Run Local Usage
		Usr 0 00:10:49, Sys 0 00:01:26  -  Total Remote Usage
		Usr 0 00:00:00, Sys 0 00:00:00  -  Total Local Usage
	78912  -  Run Bytes Sent By Job
	2996  -  Run Bytes Received By Job
	78912  -  Total Bytes Sent By Job
	2996  -  Total Bytes Received By Job
	Partitionable Resources :    Usage  Request Allocated 
	   Cpus                 :     3.69        4         4 
	   Disk (KB)            :   100     8192000   8576729 
	   Memory (MB)          :   236        8000      8000 

	Job terminated of its own accord at 2021-05-20T16:28:55Z.
...
006 (2287089.015.000) 05/20 18:29:07 Image size of job updated: 62085704
	610  -  MemoryUsage of job (MB)
	624304  -  ResidentSetSize of job (KB)
...
006 (2287089.017.000) 05/20 18:29:10 Image size of job updated: 85243920
	514  -  MemoryUsage of job (MB)
	526016  -  ResidentSetSize of job (KB)
...
040 (2287089.015.000) 05/20 18:29:12 Entered queue to transfer output files
...
040 (2287089.017.000) 05/20 18:29:13 Started transferring output files
...
040 (2287089.015.000) 05/20 18:29:13 Started transferring output files
...
040 (2287089.017.000) 05/20 18:29:13 Finished transferring output files
...
040 (2287089.015.000) 05/20 18:29:13 Finished transferring output files
...
005 (2287089.017.000) 05/20 18:29:13 Job terminated.
	(1) Normal termination (return value 0)
		Usr 0 00:07:30, Sys 0 00:01:21  -  Run Remote Usage
		Usr 0 00:00:00, Sys 0 00:00:00  -  Run Local Usage
		Usr 0 00:07:30, Sys 0 00:01:21  -  Total Remote Usage
		Usr 0 00:00:00, Sys 0 00:00:00  -  Total Local Usage
	68157  -  Run Bytes Sent By Job
	2996  -  Run Bytes Received By Job
	68157  -  Total Bytes Sent By Job
	2996  -  Total Bytes Received By Job
	Partitionable Resources :    Usage  Request Allocated 
	   Cpus                 :     0.65        4         4 
	   Disk (KB)            :    90     8192000   8486186 
	   Memory (MB)          :   514        8000      8000 

	Job terminated of its own accord at 2021-05-20T16:29:10Z.
...
005 (2287089.015.000) 05/20 18:29:14 Job terminated.
	(1) Normal termination (return value 0)
		Usr 0 00:07:24, Sys 0 00:01:19  -  Run Remote Usage
		Usr 0 00:00:00, Sys 0 00:00:00  -  Run Local Usage
		Usr 0 00:07:24, Sys 0 00:01:19  -  Total Remote Usage
		Usr 0 00:00:00, Sys 0 00:00:00  -  Total Local Usage
	70788  -  Run Bytes Sent By Job
	2996  -  Run Bytes Received By Job
	70788  -  Total Bytes Sent By Job
	2996  -  Total Bytes Received By Job
	Partitionable Resources :    Usage  Request Allocated 
	   Cpus                 :     0.65        4         4 
	   Disk (KB)            :    92     8192000   8486187 
	   Memory (MB)          :   610        8000      8000 

	Job terminated of its own accord at 2021-05-20T16:29:07Z.
...
006 (2287089.006.000) 05/20 18:29:49 Image size of job updated: 62093792
	534  -  MemoryUsage of job (MB)
	546140  -  ResidentSetSize of job (KB)
...
006 (2287089.010.000) 05/20 18:29:50 Image size of job updated: 85719344
	512  -  MemoryUsage of job (MB)
	524056  -  ResidentSetSize of job (KB)
...
040 (2287089.010.000) 05/20 18:29:50 Started transferring output files
...
040 (2287089.010.000) 05/20 18:29:50 Finished transferring output files
...
005 (2287089.010.000) 05/20 18:29:50 Job terminated.
	(1) Normal termination (return value 0)
		Usr 0 00:10:28, Sys 0 00:01:32  -  Run Remote Usage
		Usr 0 00:00:00, Sys 0 00:00:00  -  Run Local Usage
		Usr 0 00:10:28, Sys 0 00:01:32  -  Total Remote Usage
		Usr 0 00:00:00, Sys 0 00:00:00  -  Total Local Usage
	78122  -  Run Bytes Sent By Job
	2996  -  Run Bytes Received By Job
	78122  -  Total Bytes Sent By Job
	2996  -  Total Bytes Received By Job
	Partitionable Resources :    Usage  Request Allocated 
	   Cpus                 :     0.64        4         4 
	   Disk (KB)            :   100     8192000   8431855 
	   Memory (MB)          :   512        8000      8000 

	Job terminated of its own accord at 2021-05-20T16:29:50Z.
...
006 (2287089.006.000) 05/20 18:30:15 Image size of job updated: 62093792
	534  -  MemoryUsage of job (MB)
	546224  -  ResidentSetSize of job (KB)
...
040 (2287089.006.000) 05/20 18:30:16 Started transferring output files
...
040 (2287089.006.000) 05/20 18:30:16 Finished transferring output files
...
005 (2287089.006.000) 05/20 18:30:17 Job terminated.
	(1) Normal termination (return value 0)
		Usr 0 00:12:17, Sys 0 00:01:31  -  Run Remote Usage
		Usr 0 00:00:00, Sys 0 00:00:00  -  Run Local Usage
		Usr 0 00:12:17, Sys 0 00:01:31  -  Total Remote Usage
		Usr 0 00:00:00, Sys 0 00:00:00  -  Total Local Usage
	73866  -  Run Bytes Sent By Job
	2996  -  Run Bytes Received By Job
	73866  -  Total Bytes Sent By Job
	2996  -  Total Bytes Received By Job
	Partitionable Resources :    Usage  Request Allocated 
	   Cpus                 :     0.65        4         4 
	   Disk (KB)            :    96     8192000   8431862 
	   Memory (MB)          :   534        8000      8000 

	Job terminated of its own accord at 2021-05-20T16:30:15Z.
...
040 (2287089.000.000) 05/20 18:32:35 Started transferring input files
	Transferring to host: <128.142.73.214:9618?addrs=128.142.73.214-9618+[2001-1458-301-75--100-626]-9618&alias=b7s11n3732.cern.ch&noUDP&sock=slot1_2_6981_7ef5_70958>
...
040 (2287089.000.000) 05/20 18:32:35 Finished transferring input files
...
040 (2287089.002.000) 05/20 18:32:35 Started transferring input files
	Transferring to host: <128.142.87.208:9618?addrs=128.142.87.208-9618+[2001-1458-301-f6--100-20b]-9618&alias=b7s14n7309.cern.ch&noUDP&sock=slot1_6_12926_4947_76387>
...
040 (2287089.002.000) 05/20 18:32:35 Finished transferring input files
...
001 (2287089.000.000) 05/20 18:32:36 Job executing on host: <128.142.73.214:9618?addrs=128.142.73.214-9618+[2001-1458-301-75--100-626]-9618&alias=b7s11n3732.cern.ch&noUDP&sock=startd_5853_3fe8>
...
001 (2287089.002.000) 05/20 18:32:36 Job executing on host: <128.142.87.208:9618?addrs=128.142.87.208-9618+[2001-1458-301-f6--100-20b]-9618&alias=b7s14n7309.cern.ch&noUDP&sock=startd_16602_2b69>
...
006 (2287089.000.000) 05/20 18:32:44 Image size of job updated: 178664
	175  -  MemoryUsage of job (MB)
	178584  -  ResidentSetSize of job (KB)
...
006 (2287089.002.000) 05/20 18:32:45 Image size of job updated: 198472
	194  -  MemoryUsage of job (MB)
	198444  -  ResidentSetSize of job (KB)
...
040 (2287089.001.000) 05/20 18:32:51 Started transferring input files
	Transferring to host: <128.142.82.9:9618?addrs=128.142.82.9-9618+[2001-1458-301-f5--100-181]-9618&alias=b7s13n4916.cern.ch&noUDP&sock=slot1_5_13105_686e_67024>
...
040 (2287089.001.000) 05/20 18:32:51 Finished transferring input files
...
001 (2287089.001.000) 05/20 18:32:52 Job executing on host: <128.142.82.9:9618?addrs=128.142.82.9-9618+[2001-1458-301-f5--100-181]-9618&alias=b7s13n4916.cern.ch&noUDP&sock=startd_16288_caac>
...
006 (2287089.001.000) 05/20 18:33:01 Image size of job updated: 148988
	146  -  MemoryUsage of job (MB)
	148908  -  ResidentSetSize of job (KB)
...
040 (2287089.014.000) 05/20 18:33:09 Started transferring input files
	Transferring to host: <188.184.169.142:9618?addrs=188.184.169.142-9618+[2001-1458-301-c0--100-517]-9618&alias=b7g52n5200.cern.ch&noUDP&sock=slot1_2_6107_af11_19107>
...
040 (2287089.014.000) 05/20 18:33:09 Finished transferring input files
...
040 (2287089.004.000) 05/20 18:33:09 Started transferring input files
	Transferring to host: <188.184.169.142:9618?addrs=188.184.169.142-9618+[2001-1458-301-c0--100-517]-9618&alias=b7g52n5200.cern.ch&noUDP&sock=slot1_1_6107_af11_19106>
...
040 (2287089.004.000) 05/20 18:33:09 Finished transferring input files
...
001 (2287089.014.000) 05/20 18:33:10 Job executing on host: <188.184.169.142:9618?addrs=188.184.169.142-9618+[2001-1458-301-c0--100-517]-9618&alias=b7g52n5200.cern.ch&noUDP&sock=startd_4613_b678>
...
001 (2287089.004.000) 05/20 18:33:10 Job executing on host: <188.184.169.142:9618?addrs=188.184.169.142-9618+[2001-1458-301-c0--100-517]-9618&alias=b7g52n5200.cern.ch&noUDP&sock=startd_4613_b678>
...
006 (2287089.014.000) 05/20 18:33:18 Image size of job updated: 740272
	162  -  MemoryUsage of job (MB)
	165220  -  ResidentSetSize of job (KB)
...
006 (2287089.004.000) 05/20 18:33:19 Image size of job updated: 739544
	185  -  MemoryUsage of job (MB)
	189312  -  ResidentSetSize of job (KB)
...
006 (2287089.000.000) 05/20 18:37:44 Image size of job updated: 62057712
	175  -  MemoryUsage of job (MB)
	178708  -  ResidentSetSize of job (KB)
...
006 (2287089.002.000) 05/20 18:37:46 Image size of job updated: 61974040
	582  -  MemoryUsage of job (MB)
	595080  -  ResidentSetSize of job (KB)
...
006 (2287089.001.000) 05/20 18:38:02 Image size of job updated: 61971084
	556  -  MemoryUsage of job (MB)
	568888  -  ResidentSetSize of job (KB)
...
006 (2287089.014.000) 05/20 18:38:18 Image size of job updated: 62050644
	787  -  MemoryUsage of job (MB)
	805132  -  ResidentSetSize of job (KB)
...
006 (2287089.004.000) 05/20 18:38:20 Image size of job updated: 61990148
	756  -  MemoryUsage of job (MB)
	773232  -  ResidentSetSize of job (KB)
...
040 (2287089.003.000) 05/20 18:39:59 Started transferring input files
	Transferring to host: <128.142.79.173:9618?addrs=128.142.79.173-9618+[2001-1458-301-f4--100-2b7]-9618&alias=b7s12n5769.cern.ch&noUDP&sock=slot1_1_5881_7248_28048>
...
040 (2287089.005.000) 05/20 18:39:59 Started transferring input files
	Transferring to host: <128.142.79.173:9618?addrs=128.142.79.173-9618+[2001-1458-301-f4--100-2b7]-9618&alias=b7s12n5769.cern.ch&noUDP&sock=slot1_9_5881_7248_28049>
...
040 (2287089.003.000) 05/20 18:39:59 Finished transferring input files
...
040 (2287089.005.000) 05/20 18:39:59 Finished transferring input files
...
001 (2287089.005.000) 05/20 18:40:00 Job executing on host: <128.142.79.173:9618?addrs=128.142.79.173-9618+[2001-1458-301-f4--100-2b7]-9618&alias=b7s12n5769.cern.ch&noUDP&sock=startd_4562_bb24>
...
001 (2287089.003.000) 05/20 18:40:00 Job executing on host: <128.142.79.173:9618?addrs=128.142.79.173-9618+[2001-1458-301-f4--100-2b7]-9618&alias=b7s12n5769.cern.ch&noUDP&sock=startd_4562_bb24>
...
006 (2287089.000.000) 05/20 18:40:05 Image size of job updated: 84668000
	175  -  MemoryUsage of job (MB)
	178708  -  ResidentSetSize of job (KB)
...
006 (2287089.005.000) 05/20 18:40:08 Image size of job updated: 669056
	127  -  MemoryUsage of job (MB)
	129784  -  ResidentSetSize of job (KB)
...
006 (2287089.003.000) 05/20 18:40:08 Image size of job updated: 669056
	127  -  MemoryUsage of job (MB)
	129768  -  ResidentSetSize of job (KB)
...
040 (2287089.000.000) 05/20 18:40:08 Started transferring output files
...
040 (2287089.000.000) 05/20 18:40:09 Finished transferring output files
...
005 (2287089.000.000) 05/20 18:40:09 Job terminated.
	(1) Normal termination (return value 0)
		Usr 0 00:07:28, Sys 0 00:01:12  -  Run Remote Usage
		Usr 0 00:00:00, Sys 0 00:00:00  -  Run Local Usage
		Usr 0 00:07:28, Sys 0 00:01:12  -  Total Remote Usage
		Usr 0 00:00:00, Sys 0 00:00:00  -  Total Local Usage
	71282  -  Run Bytes Sent By Job
	2996  -  Run Bytes Received By Job
	71282  -  Total Bytes Sent By Job
	2996  -  Total Bytes Received By Job
	Partitionable Resources :    Usage  Request Allocated 
	   Cpus                 :                 4         4 
	   Disk (KB)            :       86  8192000   8378174 
	   Memory (MB)          :      175     8000      8000 

	Job terminated of its own accord at 2021-05-20T16:40:05Z.
...
040 (2287089.007.000) 05/20 18:40:10 Started transferring input files
	Transferring to host: <128.142.73.214:9618?addrs=128.142.73.214-9618+[2001-1458-301-75--100-626]-9618&alias=b7s11n3732.cern.ch&noUDP&sock=slot1_2_6981_7ef5_70963>
...
040 (2287089.007.000) 05/20 18:40:10 Finished transferring input files
...
001 (2287089.007.000) 05/20 18:40:11 Job executing on host: <128.142.73.214:9618?addrs=128.142.73.214-9618+[2001-1458-301-75--100-626]-9618&alias=b7s11n3732.cern.ch&noUDP&sock=startd_5853_3fe8>
...
006 (2287089.007.000) 05/20 18:40:20 Image size of job updated: 835888
	220  -  MemoryUsage of job (MB)
	224900  -  ResidentSetSize of job (KB)
...
006 (2287089.002.000) 05/20 18:40:25 Image size of job updated: 61974040
	582  -  MemoryUsage of job (MB)
	595184  -  ResidentSetSize of job (KB)
...
040 (2287089.002.000) 05/20 18:40:28 Started transferring output files
...
040 (2287089.002.000) 05/20 18:40:28 Finished transferring output files
...
005 (2287089.002.000) 05/20 18:40:28 Job terminated.
	(1) Normal termination (return value 0)
		Usr 0 00:07:47, Sys 0 00:01:20  -  Run Remote Usage
		Usr 0 00:00:00, Sys 0 00:00:00  -  Run Local Usage
		Usr 0 00:07:47, Sys 0 00:01:20  -  Total Remote Usage
		Usr 0 00:00:00, Sys 0 00:00:00  -  Total Local Usage
	71363  -  Run Bytes Sent By Job
	2996  -  Run Bytes Received By Job
	71363  -  Total Bytes Sent By Job
	2996  -  Total Bytes Received By Job
	Partitionable Resources :    Usage  Request Allocated 
	   Cpus                 :                 4         4 
	   Disk (KB)            :       86  8192000   8461265 
	   Memory (MB)          :      582     8000      8000 

	Job terminated of its own accord at 2021-05-20T16:40:25Z.
...
040 (2287089.011.000) 05/20 18:40:29 Started transferring input files
	Transferring to host: <128.142.87.208:9618?addrs=128.142.87.208-9618+[2001-1458-301-f6--100-20b]-9618&alias=b7s14n7309.cern.ch&noUDP&sock=slot1_6_12926_4947_76394>
...
040 (2287089.011.000) 05/20 18:40:29 Finished transferring input files
...
001 (2287089.011.000) 05/20 18:40:30 Job executing on host: <128.142.87.208:9618?addrs=128.142.87.208-9618+[2001-1458-301-f6--100-20b]-9618&alias=b7s14n7309.cern.ch&noUDP&sock=startd_16602_2b69>
...
006 (2287089.011.000) 05/20 18:40:39 Image size of job updated: 797816
	213  -  MemoryUsage of job (MB)
	218028  -  ResidentSetSize of job (KB)
...
006 (2287089.014.000) 05/20 18:41:49 Image size of job updated: 62050644
	787  -  MemoryUsage of job (MB)
	805496  -  ResidentSetSize of job (KB)
...
006 (2287089.004.000) 05/20 18:41:49 Image size of job updated: 61990148
	757  -  MemoryUsage of job (MB)
	774516  -  ResidentSetSize of job (KB)
...
040 (2287089.014.000) 05/20 18:41:49 Started transferring output files
...
040 (2287089.014.000) 05/20 18:41:49 Finished transferring output files
...
040 (2287089.004.000) 05/20 18:41:49 Started transferring output files
...
040 (2287089.004.000) 05/20 18:41:49 Finished transferring output files
...
005 (2287089.014.000) 05/20 18:41:49 Job terminated.
	(1) Normal termination (return value 0)
		Usr 0 00:08:30, Sys 0 00:01:26  -  Run Remote Usage
		Usr 0 00:00:00, Sys 0 00:00:00  -  Run Local Usage
		Usr 0 00:08:30, Sys 0 00:01:26  -  Total Remote Usage
		Usr 0 00:00:00, Sys 0 00:00:00  -  Total Local Usage
	66539  -  Run Bytes Sent By Job
	2996  -  Run Bytes Received By Job
	66539  -  Total Bytes Sent By Job
	2996  -  Total Bytes Received By Job
	Partitionable Resources :    Usage  Request Allocated 
	   Cpus                 :     0.64        4         4 
	   Disk (KB)            :    88     8192000   8401894 
	   Memory (MB)          :   787        8000      8000 

	Job terminated of its own accord at 2021-05-20T16:41:49Z.
...
005 (2287089.004.000) 05/20 18:41:49 Job terminated.
	(1) Normal termination (return value 0)
		Usr 0 00:08:55, Sys 0 00:01:25  -  Run Remote Usage
		Usr 0 00:00:00, Sys 0 00:00:00  -  Run Local Usage
		Usr 0 00:08:55, Sys 0 00:01:25  -  Total Remote Usage
		Usr 0 00:00:00, Sys 0 00:00:00  -  Total Local Usage
	65173  -  Run Bytes Sent By Job
	2996  -  Run Bytes Received By Job
	65173  -  Total Bytes Sent By Job
	2996  -  Total Bytes Received By Job
	Partitionable Resources :    Usage  Request Allocated 
	   Cpus                 :     0.64        4         4 
	   Disk (KB)            :    87     8192000   8401895 
	   Memory (MB)          :   757        8000      8000 

	Job terminated of its own accord at 2021-05-20T16:41:49Z.
...
006 (2287089.001.000) 05/20 18:42:05 Image size of job updated: 61971084
	556  -  MemoryUsage of job (MB)
	568896  -  ResidentSetSize of job (KB)
...
040 (2287089.001.000) 05/20 18:42:06 Started transferring output files
...
040 (2287089.001.000) 05/20 18:42:06 Finished transferring output files
...
005 (2287089.001.000) 05/20 18:42:07 Job terminated.
	(1) Normal termination (return value 0)
		Usr 0 00:08:58, Sys 0 00:01:27  -  Run Remote Usage
		Usr 0 00:00:00, Sys 0 00:00:00  -  Run Local Usage
		Usr 0 00:08:58, Sys 0 00:01:27  -  Total Remote Usage
		Usr 0 00:00:00, Sys 0 00:00:00  -  Total Local Usage
	73059  -  Run Bytes Sent By Job
	2996  -  Run Bytes Received By Job
	73059  -  Total Bytes Sent By Job
	2996  -  Total Bytes Received By Job
	Partitionable Resources :    Usage  Request Allocated 
	   Cpus                 :     0.65        4         4 
	   Disk (KB)            :    94     8192000   8329083 
	   Memory (MB)          :   556        8000      8000 

	Job terminated of its own accord at 2021-05-20T16:42:05Z.
...
040 (2287089.016.000) 05/20 18:42:13 Started transferring input files
	Transferring to host: <128.142.82.9:9618?addrs=128.142.82.9-9618+[2001-1458-301-f5--100-181]-9618&alias=b7s13n4916.cern.ch&noUDP&sock=slot1_5_13105_686e_67033>
...
040 (2287089.016.000) 05/20 18:42:13 Finished transferring input files
...
001 (2287089.016.000) 05/20 18:42:14 Job executing on host: <128.142.82.9:9618?addrs=128.142.82.9-9618+[2001-1458-301-f5--100-181]-9618&alias=b7s13n4916.cern.ch&noUDP&sock=startd_16288_caac>
...
006 (2287089.016.000) 05/20 18:42:23 Image size of job updated: 934108
	183  -  MemoryUsage of job (MB)
	187240  -  ResidentSetSize of job (KB)
...
040 (2287089.019.000) 05/20 18:43:52 Started transferring input files
	Transferring to host: <128.142.83.115:9618?addrs=128.142.83.115-9618+[2001-1458-301-f5--100-275]-9618&alias=b7s13n0874.cern.ch&noUDP&sock=slot1_3_5211_5eed_23326>
...
040 (2287089.019.000) 05/20 18:43:52 Finished transferring input files
...
001 (2287089.019.000) 05/20 18:43:53 Job executing on host: <128.142.83.115:9618?addrs=128.142.83.115-9618+[2001-1458-301-f5--100-275]-9618&alias=b7s13n0874.cern.ch&noUDP&sock=startd_4139_9694>
...
006 (2287089.019.000) 05/20 18:44:01 Image size of job updated: 144592
	142  -  MemoryUsage of job (MB)
	144512  -  ResidentSetSize of job (KB)
...
006 (2287089.003.000) 05/20 18:45:08 Image size of job updated: 61940560
	346  -  MemoryUsage of job (MB)
	354168  -  ResidentSetSize of job (KB)
...
006 (2287089.005.000) 05/20 18:45:08 Image size of job updated: 61975320
	335  -  MemoryUsage of job (MB)
	342264  -  ResidentSetSize of job (KB)
...
006 (2287089.007.000) 05/20 18:45:21 Image size of job updated: 62118716
	579  -  MemoryUsage of job (MB)
	592284  -  ResidentSetSize of job (KB)
...
006 (2287089.011.000) 05/20 18:45:40 Image size of job updated: 18107628
	228  -  MemoryUsage of job (MB)
	233200  -  ResidentSetSize of job (KB)
...
006 (2287089.016.000) 05/20 18:47:24 Image size of job updated: 61993588
	525  -  MemoryUsage of job (MB)
	537212  -  ResidentSetSize of job (KB)
...
006 (2287089.007.000) 05/20 18:47:54 Image size of job updated: 85285480
	579  -  MemoryUsage of job (MB)
	592616  -  ResidentSetSize of job (KB)
...
040 (2287089.007.000) 05/20 18:47:54 Started transferring output files
...
040 (2287089.007.000) 05/20 18:47:54 Finished transferring output files
...
005 (2287089.007.000) 05/20 18:47:55 Job terminated.
	(1) Normal termination (return value 0)
		Usr 0 00:08:11, Sys 0 00:01:15  -  Run Remote Usage
		Usr 0 00:00:00, Sys 0 00:00:00  -  Run Local Usage
		Usr 0 00:08:11, Sys 0 00:01:15  -  Total Remote Usage
		Usr 0 00:00:00, Sys 0 00:00:00  -  Total Local Usage
	80650  -  Run Bytes Sent By Job
	2996  -  Run Bytes Received By Job
	80650  -  Total Bytes Sent By Job
	2996  -  Total Bytes Received By Job
	Partitionable Resources :    Usage  Request Allocated 
	   Cpus                 :     0.71        4         4 
	   Disk (KB)            :   103     8192000   8332210 
	   Memory (MB)          :   579        8000      8000 

	Job terminated of its own accord at 2021-05-20T16:47:54Z.
...
006 (2287089.019.000) 05/20 18:49:01 Image size of job updated: 62013148
	526  -  MemoryUsage of job (MB)
	538612  -  ResidentSetSize of job (KB)
...
006 (2287089.005.000) 05/20 18:49:30 Image size of job updated: 69256496
	335  -  MemoryUsage of job (MB)
	342388  -  ResidentSetSize of job (KB)
...
040 (2287089.005.000) 05/20 18:49:30 Started transferring output files
...
040 (2287089.005.000) 05/20 18:49:30 Finished transferring output files
...
005 (2287089.005.000) 05/20 18:49:30 Job terminated.
	(1) Normal termination (return value 0)
		Usr 0 00:08:31, Sys 0 00:01:35  -  Run Remote Usage
		Usr 0 00:00:00, Sys 0 00:00:00  -  Run Local Usage
		Usr 0 00:08:31, Sys 0 00:01:35  -  Total Remote Usage
		Usr 0 00:00:00, Sys 0 00:00:00  -  Total Local Usage
	81355  -  Run Bytes Sent By Job
	2996  -  Run Bytes Received By Job
	81355  -  Total Bytes Sent By Job
	2996  -  Total Bytes Received By Job
	Partitionable Resources :    Usage  Request Allocated 
	   Cpus                 :     0.65        4         4 
	   Disk (KB)            :   103     8192000   8329871 
	   Memory (MB)          :   335        8000      8000 

	Job terminated of its own accord at 2021-05-20T16:49:30Z.
...
006 (2287089.003.000) 05/20 18:49:30 Image size of job updated: 69260076
	347  -  MemoryUsage of job (MB)
	354408  -  ResidentSetSize of job (KB)
...
040 (2287089.003.000) 05/20 18:49:30 Started transferring output files
...
040 (2287089.003.000) 05/20 18:49:30 Finished transferring output files
...
005 (2287089.003.000) 05/20 18:49:31 Job terminated.
	(1) Normal termination (return value 0)
		Usr 0 00:08:25, Sys 0 00:01:34  -  Run Remote Usage
		Usr 0 00:00:00, Sys 0 00:00:00  -  Run Local Usage
		Usr 0 00:08:25, Sys 0 00:01:34  -  Total Remote Usage
		Usr 0 00:00:00, Sys 0 00:00:00  -  Total Local Usage
	73727  -  Run Bytes Sent By Job
	2996  -  Run Bytes Received By Job
	73727  -  Total Bytes Sent By Job
	2996  -  Total Bytes Received By Job
	Partitionable Resources :    Usage  Request Allocated 
	   Cpus                 :     0.63        4         4 
	   Disk (KB)            :    95     8192000   8329871 
	   Memory (MB)          :   347        8000      8000 

	Job terminated of its own accord at 2021-05-20T16:49:30Z.
...
006 (2287089.016.000) 05/20 18:51:17 Image size of job updated: 61993588
	525  -  MemoryUsage of job (MB)
	537452  -  ResidentSetSize of job (KB)
...
040 (2287089.016.000) 05/20 18:51:17 Started transferring output files
...
040 (2287089.016.000) 05/20 18:51:17 Finished transferring output files
...
005 (2287089.016.000) 05/20 18:51:18 Job terminated.
	(1) Normal termination (return value 0)
		Usr 0 00:09:08, Sys 0 00:01:26  -  Run Remote Usage
		Usr 0 00:00:00, Sys 0 00:00:00  -  Run Local Usage
		Usr 0 00:09:08, Sys 0 00:01:26  -  Total Remote Usage
		Usr 0 00:00:00, Sys 0 00:00:00  -  Total Local Usage
	76424  -  Run Bytes Sent By Job
	2996  -  Run Bytes Received By Job
	76424  -  Total Bytes Sent By Job
	2996  -  Total Bytes Received By Job
	Partitionable Resources :    Usage  Request Allocated 
	   Cpus                 :     0.36        4         4 
	   Disk (KB)            :    99     8192000   8279973 
	   Memory (MB)          :   525        8000      8000 

	Job terminated of its own accord at 2021-05-20T16:51:17Z.
...
006 (2287089.019.000) 05/20 18:52:55 Image size of job updated: 62013148
	527  -  MemoryUsage of job (MB)
	538696  -  ResidentSetSize of job (KB)
...
040 (2287089.019.000) 05/20 18:52:55 Started transferring output files
...
040 (2287089.019.000) 05/20 18:52:55 Finished transferring output files
...
005 (2287089.019.000) 05/20 18:52:56 Job terminated.
	(1) Normal termination (return value 0)
		Usr 0 00:08:28, Sys 0 00:01:28  -  Run Remote Usage
		Usr 0 00:00:00, Sys 0 00:00:00  -  Run Local Usage
		Usr 0 00:08:28, Sys 0 00:01:28  -  Total Remote Usage
		Usr 0 00:00:00, Sys 0 00:00:00  -  Total Local Usage
	74874  -  Run Bytes Sent By Job
	2996  -  Run Bytes Received By Job
	74874  -  Total Bytes Sent By Job
	2996  -  Total Bytes Received By Job
	Partitionable Resources :    Usage  Request Allocated 
	   Cpus                 :     1.68        4         4 
	   Disk (KB)            :    97     8192000   8487514 
	   Memory (MB)          :   527        8000      8000 

	Job terminated of its own accord at 2021-05-20T16:52:55Z.
...
040 (2287089.011.000) 05/20 20:44:44 Entered queue to transfer output files
...
040 (2287089.011.000) 05/20 20:45:04 Started transferring output files
...
040 (2287089.011.000) 05/20 20:45:09 Finished transferring output files
...
009 (2287089.011.000) 05/20 20:45:13 Job was aborted by the user.
	Job removed by SYSTEM_PERIODIC_REMOVE due to wall time exceeded allowed max.
...
