===============================
execute this script as follows:
./generate_its.sh system region nevents
where:
system = 1 -> pp
       = 2 -> Pb-Pb
region = 1 -> ITS only
       = 2 -> whole detector
===============================
will generate Pb-Pb events
will transport events in the ITS only
Will generate: 20 events
Moving to /eos/user/f/ftorales/its_data/alignment/lbnl_alice_alignment_tasks/2284183/18
/eos/user/f/ftorales/its_data/alignment/lbnl_alice_alignment_tasks/2284183/18

==============================================================================================
1. MC generation run
[INFO] Running with 6 sim workers 
[INFO] CREATING SIM SHARED MEM SEGMENT FOR 6 WORKERS
Spawning particle server on PID 996; Redirect output to o2sim_serverlog
Spawning sim worker 0 on PID 998; Redirect output to o2sim_workerlog0
Spawning hit merger on PID 999; Redirect output to o2sim_mergerlog
[INFO] DISTRIBUTING EVENT : 1
[INFO] EVENT FINISHED : 1
[INFO] DISTRIBUTING EVENT : 2
[INFO] EVENT FINISHED : 2
[INFO] DISTRIBUTING EVENT : 3
[INFO] EVENT FINISHED : 3
[INFO] DISTRIBUTING EVENT : 4
[INFO] EVENT FINISHED : 4
[INFO] DISTRIBUTING EVENT : 5
[INFO] DISTRIBUTING EVENT : 6
[INFO] DISTRIBUTING EVENT : 7
[INFO] EVENT FINISHED : 5
[INFO] EVENT FINISHED : 6
[INFO] EVENT FINISHED : 7
[INFO] DISTRIBUTING EVENT : 8
[INFO] EVENT FINISHED : 8
[INFO] DISTRIBUTING EVENT : 9
[INFO] DISTRIBUTING EVENT : 10
[INFO] EVENT FINISHED : 9
[INFO] EVENT FINISHED : 10
[INFO] DISTRIBUTING EVENT : 11
[INFO] DISTRIBUTING EVENT : 12
[INFO] EVENT FINISHED : 11
[INFO] EVENT FINISHED : 12
[INFO] DISTRIBUTING EVENT : 13
[INFO] EVENT FINISHED : 13
[INFO] DISTRIBUTING EVENT : 14
[INFO] EVENT FINISHED : 14
[INFO] DISTRIBUTING EVENT : 15
[INFO] EVENT FINISHED : 15
[INFO] DISTRIBUTING EVENT : 16
[INFO] EVENT FINISHED : 16
[INFO] DISTRIBUTING EVENT : 17
[INFO] EVENT FINISHED : 17
[INFO] DISTRIBUTING EVENT : 18
[INFO] EVENT FINISHED : 18
[INFO] DISTRIBUTING EVENT : 19
[INFO] EVENT FINISHED : 19
[INFO] DISTRIBUTING EVENT : 20
[INFO] EVENT FINISHED : 20
[INFO] Merger process 999 returned
[INFO] Simulation process took 132.806 s
[INFO] SIMULATION RETURNED SUCCESFULLY

==============================================================================================
2. Hits to digits conversion
Run: 1621488926
Fill:      0
Period: 
LHC State: 
Start: Thu May 20 07:35:28 2021
End  : Thu May 20 07:35:29 2021
Beam0: Z:A =   0:  0, Energy = 0.000
Beam1: Z:A =   0:  0, Energy = 0.000
sqrt[s]    = 0.000
crossing angle (radian) = 0.000000e+00
magnet currents (A) L3 = -30000.000, Dipole = -6000
Detectors: Cont.RO Triggers
      ITS:    -       -    
[INFO] MC-TRUTH 1
[INFO] TPC: GEM setup - initialization from scratch
[INFO] TPC: GEM setup (polya) took 9.02
[INFO] TPC is in grp? no; is skipped? no
[INFO] ITS is in grp? yes; is skipped? no
[INFO] MFT is in grp? no; is skipped? no
[INFO] TOF is in grp? no; is skipped? no
[INFO] FT0 is in grp? no; is skipped? no
[INFO] FV0 is in grp? no; is skipped? no
[INFO] EMC is in grp? no; is skipped? no
[INFO] HMP is in grp? no; is skipped? no
[INFO] ZDC is in grp? no; is skipped? no
[INFO] TRD is in grp? no; is skipped? no
[INFO] MCH is in grp? no; is skipped? no
[INFO] MID is in grp? no; is skipped? no
[INFO] FDD is in grp? no; is skipped? no
[INFO] PHS is in grp? no; is skipped? no
[INFO] CPV is in grp? no; is skipped? no
[INFO] Initialising O2 Data Processing Layer
[INFO] O2 Data Processing Layer initialised. We brake for nobody.
[INFO] Optimised build. O2DEBUG / LOG(DEBUG) / LOGF(DEBUG) / assert statement will not be shown.
[INFO] Redeployment of configuration asked.
[INFO] Starting internal-dpl-clock on pid 2120
[INFO] Starting SimReader on pid 2121
[INFO] Starting ITSDigitizer on pid 2122
[INFO] Starting GRPUpdater on pid 2123
[INFO] Starting ITSDigitWriter on pid 2124
[INFO] Redeployment of configuration done.
[2124:ITSDigitWriter]: [INFO] MC-TRUTH 1
[2124:ITSDigitWriter]: [INFO] Spawing new device ITSDigitWriter in process with pid 2124
[2124:ITSDigitWriter]: [07:40:05][INFO] 
[2124:ITSDigitWriter]:       ______      _    _______  _________ 
[2124:ITSDigitWriter]:      / ____/___ _(_)_______   |/  /_  __ \    version 1.4.29
[2124:ITSDigitWriter]:     / /_  / __ `/ / ___/__  /|_/ /_  / / /    build RELWITHDEBINFO
[2124:ITSDigitWriter]:    / __/ / /_/ / / /    _  /  / / / /_/ /     https://github.com/FairRootGroup/FairMQ
[2124:ITSDigitWriter]:   /_/    \__,_/_/_/     /_/  /_/  \___\_\     LGPL-3.0  © 2012-2020 GSI
[2124:ITSDigitWriter]: 
[2124:ITSDigitWriter]: [07:40:05][STATE] Starting FairMQ state machine --> IDLE
[2124:ITSDigitWriter]: 2021-05-20 07:40:05	Monitoring	[0;49mStdOut backend initialized[0m
[2124:ITSDigitWriter]: [07:40:05][STATE] IDLE ---> INITIALIZING DEVICE
[2124:ITSDigitWriter]: 2021-05-20 07:40:05	Monitoring	[0;49mBuffering enabled (100)[0m
[2124:ITSDigitWriter]: [07:40:05][INFO] 0: branch  ITSDigitMCTruth set up
[2124:ITSDigitWriter]: [07:40:05][INFO] 1: branch  ITSDigitMC2ROF set up
[2124:ITSDigitWriter]: [07:40:05][INFO] 2: branch  ITSDigit set up
[2124:ITSDigitWriter]: [07:40:05][INFO] 3: branch  ITSDigitROF set up
[2124:ITSDigitWriter]: [07:40:05][STATE] INITIALIZING DEVICE ---> INITIALIZED
[2124:ITSDigitWriter]: [07:40:05][STATE] INITIALIZED ---> BINDING
[2124:ITSDigitWriter]: [07:40:05][STATE] BINDING ---> BOUND
[2124:ITSDigitWriter]: [07:40:05][STATE] BOUND ---> CONNECTING
[2124:ITSDigitWriter]: [07:40:05][STATE] CONNECTING ---> DEVICE READY
[2124:ITSDigitWriter]: [07:40:05][STATE] DEVICE READY ---> INITIALIZING TASK
[2124:ITSDigitWriter]: [07:40:05][STATE] INITIALIZING TASK ---> READY
[2124:ITSDigitWriter]: [07:40:05][STATE] READY ---> RUNNING
[2124:ITSDigitWriter]: [07:40:05][INFO] DEVICE: Running...
[2120:internal-dpl-clock]: [INFO] MC-TRUTH 1
[2120:internal-dpl-clock]: [INFO] Spawing new device internal-dpl-clock in process with pid 2120
[2122:ITSDigitizer]: [INFO] MC-TRUTH 1
[2120:internal-dpl-clock]: [07:40:05][INFO] 
[2120:internal-dpl-clock]:       ______      _    _______  _________ 
[2120:internal-dpl-clock]:      / ____/___ _(_)_______   |/  /_  __ \    version 1.4.29
[2120:internal-dpl-clock]:     / /_  / __ `/ / ___/__  /|_/ /_  / / /    build RELWITHDEBINFO
[2120:internal-dpl-clock]:    / __/ / /_/ / / /    _  /  / / / /_/ /     https://github.com/FairRootGroup/FairMQ
[2120:internal-dpl-clock]:   /_/    \__,_/_/_/     /_/  /_/  \___\_\     LGPL-3.0  © 2012-2020 GSI
[2120:internal-dpl-clock]: 
[2120:internal-dpl-clock]: [07:40:05][STATE] Starting FairMQ state machine --> IDLE
[2120:internal-dpl-clock]: 2021-05-20 07:40:05	Monitoring	[0;49mStdOut backend initialized[0m
[2120:internal-dpl-clock]: [07:40:05][STATE] IDLE ---> INITIALIZING DEVICE
[2122:ITSDigitizer]: [INFO] Spawing new device ITSDigitizer in process with pid 2122
[2120:internal-dpl-clock]: 2021-05-20 07:40:05	Monitoring	[0;49mBuffering enabled (100)[0m
[2120:internal-dpl-clock]: [07:40:05][STATE] INITIALIZING DEVICE ---> INITIALIZED
[2120:internal-dpl-clock]: [07:40:05][STATE] INITIALIZED ---> BINDING
[2120:internal-dpl-clock]: [07:40:05][STATE] BINDING ---> BOUND
[2120:internal-dpl-clock]: [07:40:05][STATE] BOUND ---> CONNECTING
[2120:internal-dpl-clock]: [07:40:05][STATE] CONNECTING ---> DEVICE READY
[2122:ITSDigitizer]: [07:40:05][INFO] 
[2122:ITSDigitizer]:       ______      _    _______  _________ 
[2122:ITSDigitizer]:      / ____/___ _(_)_______   |/  /_  __ \    version 1.4.29
[2122:ITSDigitizer]:     / /_  / __ `/ / ___/__  /|_/ /_  / / /    build RELWITHDEBINFO
[2122:ITSDigitizer]:    / __/ / /_/ / / /    _  /  / / / /_/ /     https://github.com/FairRootGroup/FairMQ
[2122:ITSDigitizer]:   /_/    \__,_/_/_/     /_/  /_/  \___\_\     LGPL-3.0  © 2012-2020 GSI
[2122:ITSDigitizer]: 
[2120:internal-dpl-clock]: [07:40:05][STATE] DEVICE READY ---> INITIALIZING TASK
[2120:internal-dpl-clock]: [07:40:05][STATE] INITIALIZING TASK ---> READY
[2122:ITSDigitizer]: [07:40:05][STATE] Starting FairMQ state machine --> IDLE
[2120:internal-dpl-clock]: [07:40:05][STATE] READY ---> RUNNING
[2120:internal-dpl-clock]: [07:40:05][INFO] DEVICE: Running...
[2122:ITSDigitizer]: 2021-05-20 07:40:05	Monitoring	[0;49mStdOut backend initialized[0m
[2122:ITSDigitizer]: [07:40:05][STATE] IDLE ---> INITIALIZING DEVICE
[2122:ITSDigitizer]: 2021-05-20 07:40:05	Monitoring	[0;49mBuffering enabled (100)[0m
[2122:ITSDigitizer]: [07:40:05][INFO] Initializing geometry service
[2122:ITSDigitizer]: [07:40:05][INFO] Loading geometry FAIRGeom from o2sim_geometry.root
[2123:GRPUpdater]: [INFO] MC-TRUTH 1
[2123:GRPUpdater]: [INFO] Spawing new device GRPUpdater in process with pid 2123
[2123:GRPUpdater]: [07:40:05][INFO] 
[2123:GRPUpdater]:       ______      _    _______  _________ 
[2123:GRPUpdater]:      / ____/___ _(_)_______   |/  /_  __ \    version 1.4.29
[2123:GRPUpdater]:     / /_  / __ `/ / ___/__  /|_/ /_  / / /    build RELWITHDEBINFO
[2123:GRPUpdater]:    / __/ / /_/ / / /    _  /  / / / /_/ /     https://github.com/FairRootGroup/FairMQ
[2123:GRPUpdater]:   /_/    \__,_/_/_/     /_/  /_/  \___\_\     LGPL-3.0  © 2012-2020 GSI
[2123:GRPUpdater]: 
[2121:SimReader]: [INFO] MC-TRUTH 1
[2123:GRPUpdater]: [07:40:05][STATE] Starting FairMQ state machine --> IDLE
[2123:GRPUpdater]: 2021-05-20 07:40:05	Monitoring	[0;49mStdOut backend initialized[0m
[2123:GRPUpdater]: [07:40:05][STATE] IDLE ---> INITIALIZING DEVICE
[2123:GRPUpdater]: 2021-05-20 07:40:05	Monitoring	[0;49mBuffering enabled (100)[0m
[2123:GRPUpdater]: [07:40:05][STATE] INITIALIZING DEVICE ---> INITIALIZED
[2123:GRPUpdater]: [07:40:05][STATE] INITIALIZED ---> BINDING
[2123:GRPUpdater]: [07:40:05][STATE] BINDING ---> BOUND
[2123:GRPUpdater]: [07:40:05][STATE] BOUND ---> CONNECTING
[2123:GRPUpdater]: [07:40:05][STATE] CONNECTING ---> DEVICE READY
[2123:GRPUpdater]: [07:40:05][STATE] DEVICE READY ---> INITIALIZING TASK
[2123:GRPUpdater]: [07:40:05][STATE] INITIALIZING TASK ---> READY
[2123:GRPUpdater]: [07:40:05][STATE] READY ---> RUNNING
[2123:GRPUpdater]: [07:40:05][INFO] DEVICE: Running...
[2121:SimReader]: [INFO] Spawing new device SimReader in process with pid 2121
[2121:SimReader]: [07:40:05][INFO] 
[2121:SimReader]:       ______      _    _______  _________ 
[2121:SimReader]:      / ____/___ _(_)_______   |/  /_  __ \    version 1.4.29
[2121:SimReader]:     / /_  / __ `/ / ___/__  /|_/ /_  / / /    build RELWITHDEBINFO
[2121:SimReader]:    / __/ / /_/ / / /    _  /  / / / /_/ /     https://github.com/FairRootGroup/FairMQ
[2121:SimReader]:   /_/    \__,_/_/_/     /_/  /_/  \___\_\     LGPL-3.0  © 2012-2020 GSI
[2121:SimReader]: 
[2121:SimReader]: [07:40:05][STATE] Starting FairMQ state machine --> IDLE
[2121:SimReader]: 2021-05-20 07:40:05	Monitoring	[0;49mStdOut backend initialized[0m
[2121:SimReader]: [07:40:05][STATE] IDLE ---> INITIALIZING DEVICE
[2121:SimReader]: 2021-05-20 07:40:05	Monitoring	[0;49mBuffering enabled (100)[0m
[2121:SimReader]: [07:40:05][INFO] adding o2sim
[2121:SimReader]: 
[2121:SimReader]: [07:40:05][INFO] INCONTEXTSTRING 
[2121:SimReader]: [07:40:05][INFO] Imposing hadronic interaction rate 50000Hz
[2121:SimReader]: [07:40:05][WARN] No bunch filling provided, impose default one
[2121:SimReader]: [07:40:05][INFO] Deducing mu=0.00771915 per BC from IR=50000 with 576 BCs
[2121:SimReader]: [07:40:05][INFO] InteractionSampler with 576 colliding BCs, mu(BC)= 0.00771915 -> total IR= 50000
[2121:SimReader]: [07:40:05][INFO] Current BCid:    0 Orbit:      1 |T in BC(ns): 0.000(0 coll left)
[2121:SimReader]: [07:40:05][INFO] setting up 1 chains
[2122:ITSDigitizer]: Info in <TGeoManager::CloseGeometry>: Geometry loaded from file...
[2122:ITSDigitizer]: Info in <TGeoManager::SetTopVolume>: Top volume is cave. Master volume is cave
[2122:ITSDigitizer]: Info in <TGeoNavigator::BuildCache>: --- Maximum geometry depth set to 100
[2122:ITSDigitizer]: Info in <TGeoManager::CloseGeometry>: Voxelization retrieved from file
[2122:ITSDigitizer]: Info in <TGeoManager::CountLevels>: max level = 9, max placements = 126
[2122:ITSDigitizer]: Info in <TGeoManager::CloseGeometry>: 179840 nodes/ 399 volume UID's in FAIR geometry
[2122:ITSDigitizer]: Info in <TGeoManager::CloseGeometry>: ----------------modeler ready----------------
[2122:ITSDigitizer]: [07:40:06][INFO] Initializing field service
[2122:ITSDigitizer]: [07:40:07][INFO] MagneticField::Print: MagneticFieldMap:
[2122:ITSDigitizer]: [07:40:07][INFO] MagneticField::Print: Solenoid (-1*)5 kG, Dipole ON (-1) 
[2122:ITSDigitizer]: [07:40:07][INFO] MagneticField::Print: Machine B fields for p-p  beam (7000 GeV): QGrad: 22.0002 Dipole: 37.8781
[2122:ITSDigitizer]: [07:40:07][INFO] MagneticField::Print: Uses Sol30_Dip6_Hole  of /cvmfs/alice.cern.ch/el7-x86_64/Packages/O2/nightly-20210129-1/share/Common/maps/mfchebKGI_sym.root
[2122:ITSDigitizer]: Info in <TGeoGlobalMagField::SetField>: Global magnetic field set to <MagneticFieldMap>
[2122:ITSDigitizer]: Info in <TGeoGlobalMagField::Lock>: Global magnetic field <MagneticFieldMap> is now locked
[2122:ITSDigitizer]: [07:40:07][INFO] Set Alpide charge threshold to 150, single hit will be accounted from 15 electrons
[2122:ITSDigitizer]: [07:40:07][INFO] ITS simulated in CONTINUOUS RO mode
[2122:ITSDigitizer]: [07:40:07][INFO] Loading ITS L2G matrices from TGeo
[2121:SimReader]: [07:40:07][INFO] Automatic deduction of number of collisions ... will just take number of background entries 20
[2121:SimReader]: Summary of DigitizationContext --
[2121:SimReader]: Parts per collision 1
[2121:SimReader]: Collision parts taken from simulations specified by prefix:
[2121:SimReader]: Number of Collisions 20
[2121:SimReader]: Collision 0 TIME BCid:   74 Orbit:      1 |T in BC(ns): -0.119 (0 , 0)
[2121:SimReader]: Collision 1 TIME BCid:  396 Orbit:      1 |T in BC(ns): 0.132 (0 , 1)
[2121:SimReader]: Collision 2 TIME BCid:  412 Orbit:      1 |T in BC(ns): -0.130 (0 , 2)
[2121:SimReader]: Collision 3 TIME BCid:  600 Orbit:      1 |T in BC(ns): 0.483 (0 , 3)
[2121:SimReader]: Collision 4 TIME BCid:  780 Orbit:      1 |T in BC(ns): 0.330 (0 , 4)
[2121:SimReader]: Collision 5 TIME BCid:  820 Orbit:      1 |T in BC(ns): -0.079 (0 , 5)
[2121:SimReader]: Collision 6 TIME BCid: 1170 Orbit:      1 |T in BC(ns): -0.316 (0 , 6)
[2121:SimReader]: Collision 7 TIME BCid: 1802 Orbit:      1 |T in BC(ns): -0.052 (0 , 7)
[2121:SimReader]: Collision 8 TIME BCid: 2008 Orbit:      1 |T in BC(ns): 0.026 (0 , 8)
[2121:SimReader]: Collision 9 TIME BCid:  626 Orbit:      2 |T in BC(ns): 0.000 (0 , 9)
[2121:SimReader]: Collision 10 TIME BCid:  844 Orbit:      2 |T in BC(ns): 0.175 (0 , 10)
[2121:SimReader]: Collision 11 TIME BCid: 1242 Orbit:      2 |T in BC(ns): -0.241 (0 , 11)
[2121:SimReader]: Collision 12 TIME BCid: 1424 Orbit:      2 |T in BC(ns): 0.283 (0 , 12)
[2121:SimReader]: Collision 13 TIME BCid: 1932 Orbit:      2 |T in BC(ns): -0.360 (0 , 13)
[2121:SimReader]: Collision 14 TIME BCid: 2182 Orbit:      3 |T in BC(ns): -0.146 (0 , 14)
[2121:SimReader]: Collision 15 TIME BCid:   26 Orbit:      4 |T in BC(ns): -0.280 (0 , 15)
[2121:SimReader]: Collision 16 TIME BCid:  202 Orbit:      4 |T in BC(ns): 0.027 (0 , 16)
[2121:SimReader]: Collision 17 TIME BCid: 1186 Orbit:      4 |T in BC(ns): 0.062 (0 , 17)
[2121:SimReader]: Collision 18 TIME BCid: 1434 Orbit:      4 |T in BC(ns): -0.273 (0 , 18)
[2121:SimReader]: Collision 19 TIME BCid: 1564 Orbit:      4 |T in BC(ns): 0.052 (0 , 19)
[2121:SimReader]: [07:40:07][INFO] Initializing Spec ... have 20 times 
[2121:SimReader]: [07:40:07][INFO] Serializing Context for later reuse
[2121:SimReader]: [07:40:07][STATE] INITIALIZING DEVICE ---> INITIALIZED
[2121:SimReader]: [07:40:07][STATE] INITIALIZED ---> BINDING
[2121:SimReader]: [07:40:07][STATE] BINDING ---> BOUND
[2121:SimReader]: [07:40:07][STATE] BOUND ---> CONNECTING
[2121:SimReader]: [07:40:07][STATE] CONNECTING ---> DEVICE READY
[2121:SimReader]: [07:40:07][STATE] DEVICE READY ---> INITIALIZING TASK
[2121:SimReader]: [07:40:07][STATE] INITIALIZING TASK ---> READY
[2121:SimReader]: [07:40:07][STATE] READY ---> RUNNING
[2121:SimReader]: [07:40:07][INFO] DEVICE: Running...
[2121:SimReader]: [07:40:07][INFO] SENDING SOMETHING TO OTHERS
[2122:ITSDigitizer]: Alpide response object of 40500 matrices to map chagre in xyz to 5x5 pixels
[2122:ITSDigitizer]: X(col) range: +0.000000e+00 : +1.462000e-03 | step: 5.000000e-05 | Nbins: 30
[2122:ITSDigitizer]: Y(row) range: +0.000000e+00 : +1.344000e-03 | step: 5.000000e-05 | Nbins: 27
[2122:ITSDigitizer]: Z(dpt) range: -2.000000e-03 : +2.500000e-03 | step: 8.999999e-05 | Nbins: 50
[2122:ITSDigitizer]: Alpide digitization params:
[2122:ITSDigitizer]: Continuous readout             : ON
[2122:ITSDigitizer]: Readout Frame Length(ns)       : 9880.510742
[2122:ITSDigitizer]: Strobe delay (ns)              : 99.803139
[2122:ITSDigitizer]: Strobe length (ns)             : 9780.708008
[2122:ITSDigitizer]: Threshold (N electrons)        : 150
[2122:ITSDigitizer]: Min N electrons to accoint     : 15
[2122:ITSDigitizer]: Number of charge sharing steps : 7
[2122:ITSDigitizer]: ELoss to N electrons factor    : 2.777778e+08
[2122:ITSDigitizer]: Noise level per pixel          : 1.000000e-07
[2122:ITSDigitizer]: Charge time-response:
[2122:ITSDigitizer]: o2::itsmft::AlpideSignalTrapezoid | Duration: 7500.0 MaxRiseTime: 1100.0 (RiseTime=0 at q=450.0) (ns)
[2122:ITSDigitizer]: [07:40:09][STATE] INITIALIZING DEVICE ---> INITIALIZED
[2122:ITSDigitizer]: [07:40:09][STATE] INITIALIZED ---> BINDING
[2122:ITSDigitizer]: [07:40:09][STATE] BINDING ---> BOUND
[2122:ITSDigitizer]: [07:40:09][STATE] BOUND ---> CONNECTING
[2122:ITSDigitizer]: [07:40:09][STATE] CONNECTING ---> DEVICE READY
[2122:ITSDigitizer]: [07:40:09][STATE] DEVICE READY ---> INITIALIZING TASK
[2122:ITSDigitizer]: [07:40:09][STATE] INITIALIZING TASK ---> READY
[2122:ITSDigitizer]: [07:40:09][STATE] READY ---> RUNNING
[2122:ITSDigitizer]: [07:40:09][INFO] DEVICE: Running...
[2122:ITSDigitizer]: [07:40:09][INFO] GOT 20 COLLISSION TIMES
[2122:ITSDigitizer]: [07:40:09][INFO] SIMCHAINS 1
[2122:ITSDigitizer]: [07:40:09][INFO]  CALLING ITS DIGITIZATION 
[2122:ITSDigitizer]: [07:40:09][INFO] Digitizing ITS hits of entry 0 from source 0 at time BCid:   74 Orbit:      1 |T in BC(ns): -0.119 ROFrame= 9) cont.mode: 1 Min/Max ROFrames 0/8
[2122:ITSDigitizer]: [07:40:09][INFO] Filling ITS digits output for RO frames 0:8
[2122:ITSDigitizer]: ROF: 0 | 1283 entries starting from 0
[2122:ITSDigitizer]: BCid:    0 Orbit:      0
[2122:ITSDigitizer]: ROF: 1 | 1267 entries starting from 1283
[2122:ITSDigitizer]: BCid:  396 Orbit:      0
[2122:ITSDigitizer]: ROF: 2 | 1323 entries starting from 2550
[2122:ITSDigitizer]: BCid:  792 Orbit:      0
[2122:ITSDigitizer]: ROF: 3 | 1229 entries starting from 3873
[2122:ITSDigitizer]: BCid: 1188 Orbit:      0
[2122:ITSDigitizer]: ROF: 4 | 1245 entries starting from 5102
[2122:ITSDigitizer]: BCid: 1584 Orbit:      0
[2122:ITSDigitizer]: ROF: 5 | 1248 entries starting from 6347
[2122:ITSDigitizer]: BCid: 1980 Orbit:      0
[2122:ITSDigitizer]: ROF: 6 | 1259 entries starting from 7595
[2122:ITSDigitizer]: BCid: 2376 Orbit:      0
[2122:ITSDigitizer]: ROF: 7 | 1258 entries starting from 8854
[2122:ITSDigitizer]: BCid: 2772 Orbit:      0
[2122:ITSDigitizer]: ROF: 8 | 1247 entries starting from 10112
[2122:ITSDigitizer]: BCid: 3168 Orbit:      0
[2122:ITSDigitizer]: [07:40:09][INFO] Added 11359 digits 
[2122:ITSDigitizer]: [07:40:09][INFO] Digitizing ITS hits of entry 1 from source 0 at time BCid:  396 Orbit:      1 |T in BC(ns): 0.132 ROFrame= 10) cont.mode: 1 Min/Max ROFrames 9/9
[2122:ITSDigitizer]: [07:40:09][INFO] Filling ITS digits output for RO frames 9:9
[2122:ITSDigitizer]: ROF: 9 | 6585 entries starting from 11359
[2122:ITSDigitizer]: BCid:    0 Orbit:      1
[2122:ITSDigitizer]: MCEventID: 0 ROFs: 9-9 Entry in ROFRecords: 9
[2122:ITSDigitizer]: [07:40:10][INFO] Added 6585 digits 
[2122:ITSDigitizer]: [07:40:10][INFO] Digitizing ITS hits of entry 2 from source 0 at time BCid:  412 Orbit:      1 |T in BC(ns): -0.130 ROFrame= 10) cont.mode: 1 Min/Max ROFrames 10/11
[2122:ITSDigitizer]: [07:40:11][INFO] Digitizing ITS hits of entry 3 from source 0 at time BCid:  600 Orbit:      1 |T in BC(ns): 0.483 ROFrame= 10) cont.mode: 1 Min/Max ROFrames 10/12
[2122:ITSDigitizer]: [07:40:11][INFO] Digitizing ITS hits of entry 4 from source 0 at time BCid:  780 Orbit:      1 |T in BC(ns): 0.330 ROFrame= 10) cont.mode: 1 Min/Max ROFrames 10/12
[2122:ITSDigitizer]: [07:40:11][INFO] Digitizing ITS hits of entry 5 from source 0 at time BCid:  820 Orbit:      1 |T in BC(ns): -0.079 ROFrame= 11) cont.mode: 1 Min/Max ROFrames 10/12
[2122:ITSDigitizer]: [07:40:11][INFO] Filling ITS digits output for RO frames 10:10
[2122:ITSDigitizer]: ROF: 10 | 655513 entries starting from 17944
[2122:ITSDigitizer]: BCid:  396 Orbit:      1
[2122:ITSDigitizer]: MCEventID: 1 ROFs: 10-11 Entry in ROFRecords: 10
[2122:ITSDigitizer]: MCEventID: 2 ROFs: 10-12 Entry in ROFRecords: 10
[2122:ITSDigitizer]: MCEventID: 3 ROFs: 10-12 Entry in ROFRecords: 10
[2122:ITSDigitizer]: MCEventID: 4 ROFs: 10-11 Entry in ROFRecords: 10
[2122:ITSDigitizer]: [07:40:11][INFO] Added 655513 digits 
[2122:ITSDigitizer]: [07:40:11][INFO] Digitizing ITS hits of entry 6 from source 0 at time BCid: 1170 Orbit:      1 |T in BC(ns): -0.316 ROFrame= 11) cont.mode: 1 Min/Max ROFrames 11/12
[2122:ITSDigitizer]: [07:40:12][INFO] Digitizing ITS hits of entry 7 from source 0 at time BCid: 1802 Orbit:      1 |T in BC(ns): -0.052 ROFrame= 13) cont.mode: 1 Min/Max ROFrames 11/12
[2122:ITSDigitizer]: [07:40:12][INFO] Filling ITS digits output for RO frames 11:12
[2122:ITSDigitizer]: ROF: 11 | 178516 entries starting from 673457
[2122:ITSDigitizer]: BCid:  792 Orbit:      1
[2122:ITSDigitizer]: MCEventID: 5 ROFs: 11-12 Entry in ROFRecords: 11
[2122:ITSDigitizer]: MCEventID: 6 ROFs: 11-12 Entry in ROFRecords: 11
[2122:ITSDigitizer]: ROF: 12 | 20703 entries starting from 851973
[2122:ITSDigitizer]: BCid: 1188 Orbit:      1
[2122:ITSDigitizer]: [07:40:12][INFO] Added 199219 digits 
[2122:ITSDigitizer]: [07:40:12][INFO] Digitizing ITS hits of entry 8 from source 0 at time BCid: 2008 Orbit:      1 |T in BC(ns): 0.026 ROFrame= 14) cont.mode: 1 Min/Max ROFrames 13/15
[2122:ITSDigitizer]: [07:40:12][INFO] Filling ITS digits output for RO frames 13:13
[2122:ITSDigitizer]: ROF: 13 | 190535 entries starting from 872676
[2122:ITSDigitizer]: BCid: 1584 Orbit:      1
[2122:ITSDigitizer]: MCEventID: 7 ROFs: 13-15 Entry in ROFRecords: 13
[2122:ITSDigitizer]: [07:40:13][INFO] Added 190535 digits 
[2122:ITSDigitizer]: [07:40:13][INFO] Digitizing ITS hits of entry 9 from source 0 at time BCid:  626 Orbit:      2 |T in BC(ns): 0.000 ROFrame= 19) cont.mode: 1 Min/Max ROFrames 14/18
[2122:ITSDigitizer]: [07:40:13][INFO] Filling ITS digits output for RO frames 14:18
[2122:ITSDigitizer]: ROF: 14 | 303913 entries starting from 1063211
[2122:ITSDigitizer]: BCid: 1980 Orbit:      1
[2122:ITSDigitizer]: MCEventID: 8 ROFs: 14-16 Entry in ROFRecords: 14
[2122:ITSDigitizer]: ROF: 15 | 1738 entries starting from 1367124
[2122:ITSDigitizer]: BCid: 2376 Orbit:      1
[2122:ITSDigitizer]: ROF: 16 | 1286 entries starting from 1368862
[2122:ITSDigitizer]: BCid: 2772 Orbit:      1
[2122:ITSDigitizer]: ROF: 17 | 1276 entries starting from 1370148
[2122:ITSDigitizer]: BCid: 3168 Orbit:      1
[2122:ITSDigitizer]: ROF: 18 | 1203 entries starting from 1371424
[2122:ITSDigitizer]: BCid:    0 Orbit:      2
[2122:ITSDigitizer]: [07:40:13][INFO] Added 309416 digits 
[2122:ITSDigitizer]: [07:40:13][INFO] Digitizing ITS hits of entry 10 from source 0 at time BCid:  844 Orbit:      2 |T in BC(ns): 0.175 ROFrame= 20) cont.mode: 1 Min/Max ROFrames 19/21
[2122:ITSDigitizer]: [07:40:13][INFO] Filling ITS digits output for RO frames 19:19
[2122:ITSDigitizer]: ROF: 19 | 135104 entries starting from 1372627
[2122:ITSDigitizer]: BCid:  396 Orbit:      2
[2122:ITSDigitizer]: MCEventID: 9 ROFs: 19-21 Entry in ROFRecords: 19
[2122:ITSDigitizer]: [07:40:13][INFO] Added 135104 digits 
[2122:ITSDigitizer]: [07:40:13][INFO] Digitizing ITS hits of entry 11 from source 0 at time BCid: 1242 Orbit:      2 |T in BC(ns): -0.241 ROFrame= 21) cont.mode: 1 Min/Max ROFrames 20/21
[2122:ITSDigitizer]: [07:40:13][INFO] Filling ITS digits output for RO frames 20:20
[2122:ITSDigitizer]: ROF: 20 | 135566 entries starting from 1507731
[2122:ITSDigitizer]: BCid:  792 Orbit:      2
[2122:ITSDigitizer]: MCEventID: 10 ROFs: 20-20 Entry in ROFRecords: 20
[2122:ITSDigitizer]: [07:40:13][INFO] Added 135566 digits 
[2122:ITSDigitizer]: [07:40:13][INFO] Digitizing ITS hits of entry 12 from source 0 at time BCid: 1424 Orbit:      2 |T in BC(ns): 0.283 ROFrame= 21) cont.mode: 1 Min/Max ROFrames 21/22
[2122:ITSDigitizer]: [07:40:13][INFO] Digitizing ITS hits of entry 13 from source 0 at time BCid: 1932 Orbit:      2 |T in BC(ns): -0.360 ROFrame= 22) cont.mode: 1 Min/Max ROFrames 21/22
[2122:ITSDigitizer]: [07:40:13][INFO] Filling ITS digits output for RO frames 21:21
[2122:ITSDigitizer]: ROF: 21 | 51668 entries starting from 1643297
[2122:ITSDigitizer]: BCid: 1188 Orbit:      2
[2122:ITSDigitizer]: MCEventID: 11 ROFs: 21-22 Entry in ROFRecords: 21
[2122:ITSDigitizer]: MCEventID: 12 ROFs: 21-22 Entry in ROFRecords: 21
[2122:ITSDigitizer]: [07:40:13][INFO] Added 51668 digits 
[2122:ITSDigitizer]: [07:40:13][INFO] Digitizing ITS hits of entry 14 from source 0 at time BCid: 2182 Orbit:      3 |T in BC(ns): -0.146 ROFrame= 32) cont.mode: 1 Min/Max ROFrames 22/31
[2122:ITSDigitizer]: [07:40:13][INFO] Filling ITS digits output for RO frames 22:31
[2122:ITSDigitizer]: ROF: 22 | 69925 entries starting from 1694965
[2122:ITSDigitizer]: BCid: 1584 Orbit:      2
[2122:ITSDigitizer]: MCEventID: 13 ROFs: 22-24 Entry in ROFRecords: 22
[2122:ITSDigitizer]: ROF: 23 | 62634 entries starting from 1764890
[2122:ITSDigitizer]: BCid: 1980 Orbit:      2
[2122:ITSDigitizer]: ROF: 24 | 1304 entries starting from 1827524
[2122:ITSDigitizer]: BCid: 2376 Orbit:      2
[2122:ITSDigitizer]: ROF: 25 | 1247 entries starting from 1828828
[2122:ITSDigitizer]: BCid: 2772 Orbit:      2
[2122:ITSDigitizer]: ROF: 26 | 1250 entries starting from 1830075
[2122:ITSDigitizer]: BCid: 3168 Orbit:      2
[2122:ITSDigitizer]: ROF: 27 | 1287 entries starting from 1831325
[2122:ITSDigitizer]: BCid:    0 Orbit:      3
[2122:ITSDigitizer]: ROF: 28 | 1223 entries starting from 1832612
[2122:ITSDigitizer]: BCid:  396 Orbit:      3
[2122:ITSDigitizer]: ROF: 29 | 1348 entries starting from 1833835
[2122:ITSDigitizer]: BCid:  792 Orbit:      3
[2122:ITSDigitizer]: ROF: 30 | 1203 entries starting from 1835183
[2122:ITSDigitizer]: BCid: 1188 Orbit:      3
[2122:ITSDigitizer]: ROF: 31 | 1254 entries starting from 1836386
[2122:ITSDigitizer]: BCid: 1584 Orbit:      3
[2122:ITSDigitizer]: [07:40:14][INFO] Added 142675 digits 
[2122:ITSDigitizer]: [07:40:14][INFO] Digitizing ITS hits of entry 16 from source 0 at time BCid:  202 Orbit:      4 |T in BC(ns): 0.027 ROFrame= 36) cont.mode: 1 Min/Max ROFrames 32/35
[2122:ITSDigitizer]: [07:40:14][INFO] Filling ITS digits output for RO frames 32:35
[2122:ITSDigitizer]: ROF: 32 | 19805 entries starting from 1837640
[2122:ITSDigitizer]: BCid: 1980 Orbit:      3
[2122:ITSDigitizer]: MCEventID: 14 ROFs: 32-33 Entry in ROFRecords: 32
[2122:ITSDigitizer]: ROF: 33 | 19798 entries starting from 1857445
[2122:ITSDigitizer]: BCid: 2376 Orbit:      3
[2122:ITSDigitizer]: ROF: 34 | 1275 entries starting from 1877243
[2122:ITSDigitizer]: BCid: 2772 Orbit:      3
[2122:ITSDigitizer]: ROF: 35 | 1242 entries starting from 1878518
[2122:ITSDigitizer]: BCid: 3168 Orbit:      3
[2122:ITSDigitizer]: [07:40:14][INFO] Added 42120 digits 
[2122:ITSDigitizer]: [07:40:14][INFO] Digitizing ITS hits of entry 17 from source 0 at time BCid: 1186 Orbit:      4 |T in BC(ns): 0.062 ROFrame= 38) cont.mode: 1 Min/Max ROFrames 36/37
[2122:ITSDigitizer]: [07:40:14][INFO] Filling ITS digits output for RO frames 36:37
[2122:ITSDigitizer]: ROF: 36 | 4331 entries starting from 1879760
[2122:ITSDigitizer]: BCid:    0 Orbit:      4
[2122:ITSDigitizer]: MCEventID: 16 ROFs: 36-37 Entry in ROFRecords: 36
[2122:ITSDigitizer]: ROF: 37 | 4299 entries starting from 1884091
[2122:ITSDigitizer]: BCid:  396 Orbit:      4
[2122:ITSDigitizer]: [07:40:14][INFO] Added 8630 digits 
[2122:ITSDigitizer]: [07:40:14][INFO] Digitizing ITS hits of entry 18 from source 0 at time BCid: 1434 Orbit:      4 |T in BC(ns): -0.273 ROFrame= 39) cont.mode: 1 Min/Max ROFrames 38/40
[2122:ITSDigitizer]: [07:40:14][INFO] Filling ITS digits output for RO frames 38:38
[2122:ITSDigitizer]: ROF: 38 | 25902 entries starting from 1888390
[2122:ITSDigitizer]: BCid:  792 Orbit:      4
[2122:ITSDigitizer]: MCEventID: 17 ROFs: 38-40 Entry in ROFRecords: 38
[2122:ITSDigitizer]: [07:40:14][INFO] Added 25902 digits 
[2122:ITSDigitizer]: [07:40:14][INFO] Digitizing ITS hits of entry 19 from source 0 at time BCid: 1564 Orbit:      4 |T in BC(ns): 0.052 ROFrame= 39) cont.mode: 1 Min/Max ROFrames 39/40
[2122:ITSDigitizer]: [07:40:14][INFO] Filling ITS digits output for RO frames 39:40
[2122:ITSDigitizer]: ROF: 39 | 52138 entries starting from 1914292
[2122:ITSDigitizer]: BCid: 1188 Orbit:      4
[2122:ITSDigitizer]: MCEventID: 18 ROFs: 39-40 Entry in ROFRecords: 39
[2122:ITSDigitizer]: MCEventID: 19 ROFs: 39-40 Entry in ROFRecords: 39
[2122:ITSDigitizer]: ROF: 40 | 15464 entries starting from 1966430
[2122:ITSDigitizer]: BCid: 1584 Orbit:      4
[2122:ITSDigitizer]: [07:40:14][INFO] Added 67602 digits 
[2122:ITSDigitizer]: [07:40:14][INFO] ITS: Sending ROMode= 3 to GRPUpdater
[2122:ITSDigitizer]: [07:40:14][INFO] Digitization took 4.69s
[2124:ITSDigitWriter]: [07:40:14][INFO] WRITING 1993492 LABELS 
[2123:GRPUpdater]: [07:40:14][INFO] Updated GRP in o2sim_grp.root for detectors RO mode
[2123:GRPUpdater]: Run: 1621488926
[2123:GRPUpdater]: Fill:      0
[2123:GRPUpdater]: Period: 
[2123:GRPUpdater]: LHC State: 
[2123:GRPUpdater]: Start: Thu May 20 07:35:28 2021
[2123:GRPUpdater]: End  : Thu May 20 07:35:29 2021
[2123:GRPUpdater]: Beam0: Z:A =   0:  0, Energy = 0.000
[2123:GRPUpdater]: Beam1: Z:A =   0:  0, Energy = 0.000
[2123:GRPUpdater]: sqrt[s]    = 0.000
[2123:GRPUpdater]: crossing angle (radian) = 0.000000e+00
[2123:GRPUpdater]: magnet currents (A) L3 = -30000.000, Dipole = -6000
[2123:GRPUpdater]: Detectors: Cont.RO Triggers
[2123:GRPUpdater]:       ITS:    +       -    
[2124:ITSDigitWriter]: [07:40:14][INFO] RECEIVED DIGITS SIZE 1981894
[INFO] Quitting
[INFO] QUIT_REQUESTED
[2120:internal-dpl-clock]: [07:40:15][INFO] Received device shutdown request (signal 15).
[2120:internal-dpl-clock]: [07:40:15][INFO] Waiting for graceful device shutdown. Hit Ctrl-C again to abort immediately.
[2122:ITSDigitizer]: [07:40:15][INFO] Received device shutdown request (signal 15).
[2122:ITSDigitizer]: [07:40:15][INFO] Waiting for graceful device shutdown. Hit Ctrl-C again to abort immediately.
[2123:GRPUpdater]: [07:40:15][INFO] Received device shutdown request (signal 15).
[2123:GRPUpdater]: [07:40:15][INFO] Waiting for graceful device shutdown. Hit Ctrl-C again to abort immediately.
[2124:ITSDigitWriter]: [07:40:15][INFO] Received device shutdown request (signal 15).
[2124:ITSDigitWriter]: [07:40:15][INFO] Waiting for graceful device shutdown. Hit Ctrl-C again to abort immediately.
[2121:SimReader]: [07:40:15][INFO] Received device shutdown request (signal 15).
[2121:SimReader]: [07:40:15][INFO] Waiting for graceful device shutdown. Hit Ctrl-C again to abort immediately.
[2120:internal-dpl-clock]: [07:40:15][STATE] RUNNING ---> READY
[2120:internal-dpl-clock]: [07:40:15][STATE] READY ---> RESETTING TASK
[2120:internal-dpl-clock]: [07:40:15][STATE] RESETTING TASK ---> DEVICE READY
[2120:internal-dpl-clock]: [07:40:15][STATE] DEVICE READY ---> RESETTING DEVICE
[2121:SimReader]: [07:40:15][STATE] RUNNING ---> READY
[2121:SimReader]: [07:40:15][STATE] READY ---> RESETTING TASK
[2121:SimReader]: [07:40:15][STATE] RESETTING TASK ---> DEVICE READY
[2121:SimReader]: [07:40:15][STATE] DEVICE READY ---> RESETTING DEVICE
[2120:internal-dpl-clock]: [07:40:15][STATE] RESETTING DEVICE ---> IDLE
[2120:internal-dpl-clock]: [07:40:15][STATE] IDLE ---> EXITING
[2120:internal-dpl-clock]: [07:40:15][STATE] Exiting FairMQ state machine
[2121:SimReader]: [07:40:15][STATE] RESETTING DEVICE ---> IDLE
[2121:SimReader]: [07:40:15][STATE] IDLE ---> EXITING
[2121:SimReader]: [07:40:15][STATE] Exiting FairMQ state machine
[2123:GRPUpdater]: [07:40:15][STATE] RUNNING ---> READY
[2122:ITSDigitizer]: [07:40:15][STATE] RUNNING ---> READY
[2123:GRPUpdater]: [07:40:15][STATE] READY ---> RESETTING TASK
[2123:GRPUpdater]: [07:40:15][STATE] RESETTING TASK ---> DEVICE READY
[2123:GRPUpdater]: [07:40:15][STATE] DEVICE READY ---> RESETTING DEVICE
[2123:GRPUpdater]: [07:40:15][STATE] RESETTING DEVICE ---> IDLE
[2123:GRPUpdater]: [07:40:15][STATE] IDLE ---> EXITING
[2123:GRPUpdater]: [07:40:15][STATE] Exiting FairMQ state machine
[2122:ITSDigitizer]: [07:40:15][STATE] READY ---> RESETTING TASK
[2122:ITSDigitizer]: [07:40:15][STATE] RESETTING TASK ---> DEVICE READY
[2122:ITSDigitizer]: [07:40:15][STATE] DEVICE READY ---> RESETTING DEVICE
[2122:ITSDigitizer]: [07:40:15][STATE] RESETTING DEVICE ---> IDLE
[2122:ITSDigitizer]: [07:40:15][STATE] IDLE ---> EXITING
[2122:ITSDigitizer]: [07:40:15][STATE] Exiting FairMQ state machine
[2124:ITSDigitWriter]: [07:40:17][STATE] RUNNING ---> READY
[2124:ITSDigitWriter]: [07:40:17][STATE] READY ---> RESETTING TASK
[2124:ITSDigitWriter]: [07:40:17][STATE] RESETTING TASK ---> DEVICE READY
[2124:ITSDigitWriter]: [07:40:17][STATE] DEVICE READY ---> RESETTING DEVICE
[2124:ITSDigitWriter]: Cleaning up for shared memory id '9a79b5e0'...
[2124:ITSDigitWriter]: No region counter found. No regions to cleanup.
[2124:ITSDigitWriter]: Successfully removed 'fmq_9a79b5e0_m_0'.
[2124:ITSDigitWriter]: Successfully removed 'fmq_9a79b5e0_mng'.
[2124:ITSDigitWriter]: Successfully removed 'fmq_9a79b5e0_mtx'.
[2124:ITSDigitWriter]: Successfully removed 'fmq_9a79b5e0_cv'.
[2124:ITSDigitWriter]: [07:40:17][STATE] RESETTING DEVICE ---> IDLE
[2124:ITSDigitWriter]: [07:40:17][STATE] IDLE ---> EXITING
[2124:ITSDigitWriter]: [07:40:17][STATE] Exiting FairMQ state machine
[INFO] Dumping used configuration in dpl-config.json

==============================================================================================
3. Tracking
[INFO] Initialising O2 Data Processing Layer
[INFO] O2 Data Processing Layer initialised. We brake for nobody.
[INFO] Optimised build. O2DEBUG / LOG(DEBUG) / LOGF(DEBUG) / assert statement will not be shown.
[INFO] Redeployment of configuration asked.
[INFO] Starting internal-dpl-clock on pid 3203
[INFO] Starting its-digit-reader on pid 3204
[INFO] Starting its-clusterer on pid 3205
[INFO] Starting its-cluster-writer on pid 3206
[INFO] Starting its-tracker on pid 3207
[INFO] Starting its-track-writer on pid 3208
[INFO] Redeployment of configuration done.
[3205:its-clusterer]: [INFO] Spawing new device its-clusterer in process with pid 3205
[3207:its-tracker]: [INFO] Spawing new device its-tracker in process with pid 3207
[3207:its-tracker]: [07:42:48][INFO] 
[3207:its-tracker]:       ______      _    _______  _________ 
[3207:its-tracker]:      / ____/___ _(_)_______   |/  /_  __ \    version 1.4.29
[3207:its-tracker]:     / /_  / __ `/ / ___/__  /|_/ /_  / / /    build RELWITHDEBINFO
[3207:its-tracker]:    / __/ / /_/ / / /    _  /  / / / /_/ /     https://github.com/FairRootGroup/FairMQ
[3207:its-tracker]:   /_/    \__,_/_/_/     /_/  /_/  \___\_\     LGPL-3.0  © 2012-2020 GSI
[3207:its-tracker]: 
[3205:its-clusterer]: [07:42:48][INFO] 
[3205:its-clusterer]:       ______      _    _______  _________ 
[3205:its-clusterer]:      / ____/___ _(_)_______   |/  /_  __ \    version 1.4.29
[3205:its-clusterer]:     / /_  / __ `/ / ___/__  /|_/ /_  / / /    build RELWITHDEBINFO
[3205:its-clusterer]:    / __/ / /_/ / / /    _  /  / / / /_/ /     https://github.com/FairRootGroup/FairMQ
[3205:its-clusterer]:   /_/    \__,_/_/_/     /_/  /_/  \___\_\     LGPL-3.0  © 2012-2020 GSI
[3205:its-clusterer]: 
[3205:its-clusterer]: [07:42:48][STATE] Starting FairMQ state machine --> IDLE
[3207:its-tracker]: [07:42:48][STATE] Starting FairMQ state machine --> IDLE
[3207:its-tracker]: 2021-05-20 07:42:48	Monitoring	[0;49mStdOut backend initialized[0m
[3205:its-clusterer]: 2021-05-20 07:42:48	Monitoring	[0;49mStdOut backend initialized[0m
[3205:its-clusterer]: [07:42:48][STATE] IDLE ---> INITIALIZING DEVICE
[3207:its-tracker]: [07:42:48][STATE] IDLE ---> INITIALIZING DEVICE
[3203:internal-dpl-clock]: [INFO] Spawing new device internal-dpl-clock in process with pid 3203
[3203:internal-dpl-clock]: [07:42:48][INFO] 
[3203:internal-dpl-clock]:       ______      _    _______  _________ 
[3203:internal-dpl-clock]:      / ____/___ _(_)_______   |/  /_  __ \    version 1.4.29
[3203:internal-dpl-clock]:     / /_  / __ `/ / ___/__  /|_/ /_  / / /    build RELWITHDEBINFO
[3203:internal-dpl-clock]:    / __/ / /_/ / / /    _  /  / / / /_/ /     https://github.com/FairRootGroup/FairMQ
[3203:internal-dpl-clock]:   /_/    \__,_/_/_/     /_/  /_/  \___\_\     LGPL-3.0  © 2012-2020 GSI
[3203:internal-dpl-clock]: 
[3203:internal-dpl-clock]: [07:42:48][STATE] Starting FairMQ state machine --> IDLE
[3203:internal-dpl-clock]: 2021-05-20 07:42:48	Monitoring	[0;49mStdOut backend initialized[0m
[3203:internal-dpl-clock]: [07:42:48][STATE] IDLE ---> INITIALIZING DEVICE
[3204:its-digit-reader]: [INFO] Spawing new device its-digit-reader in process with pid 3204
[3204:its-digit-reader]: [07:42:48][INFO] 
[3204:its-digit-reader]:       ______      _    _______  _________ 
[3204:its-digit-reader]:      / ____/___ _(_)_______   |/  /_  __ \    version 1.4.29
[3204:its-digit-reader]:     / /_  / __ `/ / ___/__  /|_/ /_  / / /    build RELWITHDEBINFO
[3204:its-digit-reader]:    / __/ / /_/ / / /    _  /  / / / /_/ /     https://github.com/FairRootGroup/FairMQ
[3204:its-digit-reader]:   /_/    \__,_/_/_/     /_/  /_/  \___\_\     LGPL-3.0  © 2012-2020 GSI
[3204:its-digit-reader]: 
[3204:its-digit-reader]: [07:42:48][STATE] Starting FairMQ state machine --> IDLE
[3204:its-digit-reader]: 2021-05-20 07:42:48	Monitoring	[0;49mStdOut backend initialized[0m
[3204:its-digit-reader]: [07:42:48][STATE] IDLE ---> INITIALIZING DEVICE
[3205:its-clusterer]: 2021-05-20 07:42:48	Monitoring	[0;49mBuffering enabled (100)[0m
[3206:its-cluster-writer]: [INFO] Spawing new device its-cluster-writer in process with pid 3206
[3206:its-cluster-writer]: [07:42:48][INFO] 
[3206:its-cluster-writer]:       ______      _    _______  _________ 
[3206:its-cluster-writer]:      / ____/___ _(_)_______   |/  /_  __ \    version 1.4.29
[3206:its-cluster-writer]:     / /_  / __ `/ / ___/__  /|_/ /_  / / /    build RELWITHDEBINFO
[3206:its-cluster-writer]:    / __/ / /_/ / / /    _  /  / / / /_/ /     https://github.com/FairRootGroup/FairMQ
[3206:its-cluster-writer]:   /_/    \__,_/_/_/     /_/  /_/  \___\_\     LGPL-3.0  © 2012-2020 GSI
[3206:its-cluster-writer]: 
[3206:its-cluster-writer]: [07:42:48][STATE] Starting FairMQ state machine --> IDLE
[3206:its-cluster-writer]: 2021-05-20 07:42:48	Monitoring	[0;49mStdOut backend initialized[0m
[3206:its-cluster-writer]: [07:42:48][STATE] IDLE ---> INITIALIZING DEVICE
[3207:its-tracker]: 2021-05-20 07:42:48	Monitoring	[0;49mBuffering enabled (100)[0m
[3207:its-tracker]: [07:42:48][INFO] Created GPUReconstruction instance for device type CPU (1) 
[3208:its-track-writer]: [INFO] Spawing new device its-track-writer in process with pid 3208
[3208:its-track-writer]: [07:42:48][INFO] 
[3208:its-track-writer]:       ______      _    _______  _________ 
[3208:its-track-writer]:      / ____/___ _(_)_______   |/  /_  __ \    version 1.4.29
[3208:its-track-writer]:     / /_  / __ `/ / ___/__  /|_/ /_  / / /    build RELWITHDEBINFO
[3208:its-track-writer]:    / __/ / /_/ / / /    _  /  / / / /_/ /     https://github.com/FairRootGroup/FairMQ
[3208:its-track-writer]:   /_/    \__,_/_/_/     /_/  /_/  \___\_\     LGPL-3.0  © 2012-2020 GSI
[3208:its-track-writer]: 
[3208:its-track-writer]: [07:42:48][STATE] Starting FairMQ state machine --> IDLE
[3208:its-track-writer]: 2021-05-20 07:42:48	Monitoring	[0;49mStdOut backend initialized[0m
[3208:its-track-writer]: [07:42:48][STATE] IDLE ---> INITIALIZING DEVICE
[3203:internal-dpl-clock]: 2021-05-20 07:42:48	Monitoring	[0;49mBuffering enabled (100)[0m
[3203:internal-dpl-clock]: [07:42:48][STATE] INITIALIZING DEVICE ---> INITIALIZED
[3203:internal-dpl-clock]: [07:42:48][STATE] INITIALIZED ---> BINDING
[3203:internal-dpl-clock]: [07:42:48][STATE] BINDING ---> BOUND
[3203:internal-dpl-clock]: [07:42:48][STATE] BOUND ---> CONNECTING
[3203:internal-dpl-clock]: [07:42:48][STATE] CONNECTING ---> DEVICE READY
[3203:internal-dpl-clock]: [07:42:48][STATE] DEVICE READY ---> INITIALIZING TASK
[3203:internal-dpl-clock]: [07:42:48][STATE] INITIALIZING TASK ---> READY
[3203:internal-dpl-clock]: [07:42:48][STATE] READY ---> RUNNING
[3203:internal-dpl-clock]: [07:42:48][INFO] DEVICE: Running...
[3204:its-digit-reader]: 2021-05-20 07:42:48	Monitoring	[0;49mBuffering enabled (100)[0m
[3205:its-clusterer]: [07:42:48][INFO] Dictionary ITSdictionary.bin is absent, ITSClusterer expects cluster patterns
[3205:its-clusterer]: [07:42:48][INFO] Clusterizer masks overflow pixels separated by < 406 BC and <= 0 in row/col
[3205:its-clusterer]: [07:42:48][INFO] Inclusive clusterization timing (w/o disk IO): Cpu: 0 Real: 0 s in 1 slots
[3205:its-clusterer]: [07:42:48][INFO] Threads output merging timing                : Cpu: 0 Real: 0 s in 1 slots
[3205:its-clusterer]: [07:42:48][STATE] INITIALIZING DEVICE ---> INITIALIZED
[3205:its-clusterer]: [07:42:48][STATE] INITIALIZED ---> BINDING
[3205:its-clusterer]: [07:42:48][STATE] BINDING ---> BOUND
[3205:its-clusterer]: [07:42:48][STATE] BOUND ---> CONNECTING
[3205:its-clusterer]: [07:42:48][STATE] CONNECTING ---> DEVICE READY
[3205:its-clusterer]: [07:42:48][STATE] DEVICE READY ---> INITIALIZING TASK
[3205:its-clusterer]: [07:42:48][STATE] INITIALIZING TASK ---> READY
[3205:its-clusterer]: [07:42:48][STATE] READY ---> RUNNING
[3205:its-clusterer]: [07:42:48][INFO] DEVICE: Running...
[3204:its-digit-reader]: [07:42:48][STATE] INITIALIZING DEVICE ---> INITIALIZED
[3204:its-digit-reader]: [07:42:48][STATE] INITIALIZED ---> BINDING
[3204:its-digit-reader]: [07:42:48][STATE] BINDING ---> BOUND
[3204:its-digit-reader]: [07:42:48][STATE] BOUND ---> CONNECTING
[3204:its-digit-reader]: [07:42:48][STATE] CONNECTING ---> DEVICE READY
[3204:its-digit-reader]: [07:42:48][STATE] DEVICE READY ---> INITIALIZING TASK
[3204:its-digit-reader]: [07:42:48][STATE] INITIALIZING TASK ---> READY
[3204:its-digit-reader]: [07:42:48][STATE] READY ---> RUNNING
[3204:its-digit-reader]: [07:42:48][INFO] DEVICE: Running...
[3208:its-track-writer]: 2021-05-20 07:42:48	Monitoring	[0;49mBuffering enabled (100)[0m
[3208:its-track-writer]: [07:42:48][INFO] 0: branch  ITSTrack set up
[3208:its-track-writer]: [07:42:48][INFO] 1: branch  ITSTrackClusIdx set up
[3206:its-cluster-writer]: 2021-05-20 07:42:48	Monitoring	[0;49mBuffering enabled (100)[0m
[3206:its-cluster-writer]: [07:42:48][INFO] 0: branch  ITSClusterComp set up
[3206:its-cluster-writer]: [07:42:48][INFO] 1: branch  ITSClusterPatt set up
[3206:its-cluster-writer]: [07:42:48][INFO] 2: branch  ITSClustersROF set up
[3206:its-cluster-writer]: [07:42:48][INFO] 3: branch  ITSClusterMCTruth set up
[3206:its-cluster-writer]: [07:42:48][INFO] 4: branch  ITSClustersMC2ROF set up
[3206:its-cluster-writer]: [07:42:48][STATE] INITIALIZING DEVICE ---> INITIALIZED
[3206:its-cluster-writer]: [07:42:48][STATE] INITIALIZED ---> BINDING
[3206:its-cluster-writer]: [07:42:48][STATE] BINDING ---> BOUND
[3206:its-cluster-writer]: [07:42:48][STATE] BOUND ---> CONNECTING
[3206:its-cluster-writer]: [07:42:48][STATE] CONNECTING ---> DEVICE READY
[3206:its-cluster-writer]: [07:42:48][STATE] DEVICE READY ---> INITIALIZING TASK
[3206:its-cluster-writer]: [07:42:48][STATE] INITIALIZING TASK ---> READY
[3206:its-cluster-writer]: [07:42:48][STATE] READY ---> RUNNING
[3206:its-cluster-writer]: [07:42:48][INFO] DEVICE: Running...
[3208:its-track-writer]: [07:42:48][INFO] 2: branch  Vertices set up
[3208:its-track-writer]: [07:42:48][INFO] 3: branch  VerticesROF set up
[3208:its-track-writer]: [07:42:48][INFO] 4: branch  ITSTracksROF set up
[3208:its-track-writer]: [07:42:48][INFO] 5: branch  ITSTrackMCTruth set up
[3208:its-track-writer]: [07:42:48][INFO] 6: branch  ITSTracksMC2ROF set up
[3208:its-track-writer]: [07:42:48][STATE] INITIALIZING DEVICE ---> INITIALIZED
[3208:its-track-writer]: [07:42:48][STATE] INITIALIZED ---> BINDING
[3208:its-track-writer]: [07:42:48][STATE] BINDING ---> BOUND
[3208:its-track-writer]: [07:42:48][STATE] BOUND ---> CONNECTING
[3208:its-track-writer]: [07:42:48][STATE] CONNECTING ---> DEVICE READY
[3208:its-track-writer]: [07:42:48][STATE] DEVICE READY ---> INITIALIZING TASK
[3208:its-track-writer]: [07:42:48][STATE] INITIALIZING TASK ---> READY
[3208:its-track-writer]: [07:42:48][STATE] READY ---> RUNNING
[3208:its-track-writer]: [07:42:48][INFO] DEVICE: Running...
[3207:its-tracker]: [07:42:48][INFO] MagneticField::Print: MagneticFieldMap:
[3207:its-tracker]: [07:42:48][INFO] MagneticField::Print: Solenoid (-1*)5 kG, Dipole ON (-1) 
[3207:its-tracker]: [07:42:48][INFO] MagneticField::Print: Machine B fields for p-p  beam (7000 GeV): QGrad: 22.0002 Dipole: 37.8781
[3207:its-tracker]: [07:42:48][INFO] MagneticField::Print: Uses Sol30_Dip6_Hole  of /cvmfs/alice.cern.ch/el7-x86_64/Packages/O2/nightly-20210129-1/share/Common/maps/mfchebKGI_sym.root
[3207:its-tracker]: Info in <TGeoGlobalMagField::SetField>: Global magnetic field set to <MagneticFieldMap>
[3207:its-tracker]: Info in <TGeoGlobalMagField::Lock>: Global magnetic field <MagneticFieldMap> is now locked
[3207:its-tracker]: [07:42:48][INFO] Loading geometry FAIRGeom from o2sim_geometry.root
[3207:its-tracker]: Info in <TGeoManager::CloseGeometry>: Geometry loaded from file...
[3207:its-tracker]: Info in <TGeoManager::SetTopVolume>: Top volume is cave. Master volume is cave
[3207:its-tracker]: Info in <TGeoNavigator::BuildCache>: --- Maximum geometry depth set to 100
[3207:its-tracker]: Info in <TGeoManager::CloseGeometry>: Voxelization retrieved from file
[3207:its-tracker]: Info in <TGeoManager::CountLevels>: max level = 9, max placements = 126
[3207:its-tracker]: Info in <TGeoManager::CloseGeometry>: 179840 nodes/ 399 volume UID's in FAIR geometry
[3207:its-tracker]: Info in <TGeoManager::CloseGeometry>: ----------------modeler ready----------------
[3207:its-tracker]: [07:42:49][INFO] Loading ITS T2L matrices from TGeo
[3207:its-tracker]: [07:42:49][WARN] It is faster to use 2D rotation for T2G instead of full Transform3D matrices
[3207:its-tracker]: [07:42:49][INFO] Loading ITS T2G matrices from TGeo
[3204:its-digit-reader]: [07:42:49][INFO] ITSDigitReader pushed 1981894 digits, in 41 RO frames
[3205:its-clusterer]: [07:42:50][INFO] ITSClusterer pulled 1981894 digits, in 41 RO frames
[3205:its-clusterer]: [07:42:50][INFO] ITSClusterer pulled 1993492 labels 
[3207:its-tracker]: [07:42:50][INFO] Loading ITS T2G rotation 2D matrices
[3207:its-tracker]: [07:42:50][INFO] Initializing tracker in sync. phase reconstruction with 1 passes
[3207:its-tracker]: [07:42:50][INFO] Not using lookup table for material budget approximation
[3207:its-tracker]: [07:42:50][INFO] Dictionary ITSdictionary.bin is absent, Tracker expects cluster patterns
[3207:its-tracker]: [07:42:50][STATE] INITIALIZING DEVICE ---> INITIALIZED
[3207:its-tracker]: [07:42:50][STATE] INITIALIZED ---> BINDING
[3207:its-tracker]: [07:42:50][STATE] BINDING ---> BOUND
[3207:its-tracker]: [07:42:50][STATE] BOUND ---> CONNECTING
[3207:its-tracker]: [07:42:50][STATE] CONNECTING ---> DEVICE READY
[3207:its-tracker]: [07:42:50][STATE] DEVICE READY ---> INITIALIZING TASK
[3207:its-tracker]: [07:42:50][STATE] INITIALIZING TASK ---> READY
[3207:its-tracker]: [07:42:50][STATE] READY ---> RUNNING
[3207:its-tracker]: [07:42:50][INFO] DEVICE: Running...
[3205:its-clusterer]: [07:42:50][INFO] ITSClusterer pushed 355535 clusters, in 41 RO frames
[3206:its-cluster-writer]: [07:42:50][INFO] ITSClusterWriter pulled 355535 clusters, in 41 RO frames
[3207:its-tracker]: [07:42:50][INFO] ITSTracker pulled 355535 clusters, 41 RO frames
[3207:its-tracker]: [07:42:50][INFO] 355535 MC label objects , in 20 MC events
[3207:its-tracker]: [07:42:50][INFO] ITSTracker RO: continuous=1
[3207:its-tracker]: [07:42:50][INFO] Loading ITS L2G matrices from TGeo
[3207:its-tracker]: [07:42:51][INFO] ROframe: 0, clusters loaded : 1283
[3207:its-tracker]:  - Vertexer initialisation completed in: 0.212278 ms
[3207:its-tracker]:  - Tracklet finding completed in: 0.008059 ms
[3207:its-tracker]:  - Adjacent tracklets validation completed in: 0.004321 ms
[3207:its-tracker]:  - Vertex finding completed in: 0.007506 ms
[3207:its-tracker]: [07:42:51][INFO] Found tracks: 0
[3207:its-tracker]: [07:42:51][INFO] ROframe: 1, clusters loaded : 1267
[3207:its-tracker]:  - Vertexer initialisation completed in: 0.192033 ms
[3207:its-tracker]:  - Tracklet finding completed in: 0.023387 ms
[3207:its-tracker]:  - Adjacent tracklets validation completed in: 0.000457 ms
[3207:its-tracker]:  - Vertex finding completed in: 0.000412 ms
[3207:its-tracker]: [07:42:51][INFO] Found tracks: 0
[3207:its-tracker]: [07:42:51][INFO] ROframe: 2, clusters loaded : 1323
[3207:its-tracker]:  - Vertexer initialisation completed in: 0.17964 ms
[3207:its-tracker]:  - Tracklet finding completed in: 0.001585 ms
[3207:its-tracker]:  - Adjacent tracklets validation completed in: 0.000317 ms
[3207:its-tracker]:  - Vertex finding completed in: 0.012583 ms
[3207:its-tracker]: [07:42:51][INFO] Found tracks: 0
[3207:its-tracker]: [07:42:51][INFO] ROframe: 3, clusters loaded : 1229
[3207:its-tracker]:  - Vertexer initialisation completed in: 0.191664 ms
[3207:its-tracker]:  - Tracklet finding completed in: 0.001264 ms
[3207:its-tracker]:  - Adjacent tracklets validation completed in: 0.000231 ms
[3207:its-tracker]:  - Vertex finding completed in: 0.000244 ms
[3207:its-tracker]: [07:42:51][INFO] Found tracks: 0
[3207:its-tracker]: [07:42:51][INFO] ROframe: 4, clusters loaded : 1245
[3207:its-tracker]:  - Vertexer initialisation completed in: 0.178994 ms
[3207:its-tracker]:  - Tracklet finding completed in: 0.001267 ms
[3207:its-tracker]:  - Adjacent tracklets validation completed in: 0.000161 ms
[3207:its-tracker]:  - Vertex finding completed in: 0.000258 ms
[3207:its-tracker]: [07:42:51][INFO] Found tracks: 0
[3207:its-tracker]: [07:42:51][INFO] ROframe: 5, clusters loaded : 1248
[3207:its-tracker]:  - Vertexer initialisation completed in: 0.171356 ms
[3207:its-tracker]:  - Tracklet finding completed in: 0.0012 ms
[3207:its-tracker]:  - Adjacent tracklets validation completed in: 0.000159 ms
[3207:its-tracker]:  - Vertex finding completed in: 0.00024 ms
[3207:its-tracker]: [07:42:51][INFO] Found tracks: 0
[3207:its-tracker]: [07:42:51][INFO] ROframe: 6, clusters loaded : 1259
[3207:its-tracker]:  - Vertexer initialisation completed in: 0.189166 ms
[3207:its-tracker]:  - Tracklet finding completed in: 0.001583 ms
[3207:its-tracker]:  - Adjacent tracklets validation completed in: 0.000318 ms
[3207:its-tracker]:  - Vertex finding completed in: 0.000333 ms
[3207:its-tracker]: [07:42:51][INFO] Found tracks: 0
[3207:its-tracker]: [07:42:51][INFO] ROframe: 7, clusters loaded : 1258
[3207:its-tracker]:  - Vertexer initialisation completed in: 0.183955 ms
[3207:its-tracker]:  - Tracklet finding completed in: 0.001512 ms
[3207:its-tracker]:  - Adjacent tracklets validation completed in: 0.00028 ms
[3207:its-tracker]:  - Vertex finding completed in: 0.000247 ms
[3207:its-tracker]: [07:42:51][INFO] Found tracks: 0
[3207:its-tracker]: [07:42:51][INFO] ROframe: 8, clusters loaded : 1247
[3207:its-tracker]:  - Vertexer initialisation completed in: 0.180502 ms
[3207:its-tracker]:  - Tracklet finding completed in: 0.003486 ms
[3207:its-tracker]:  - Adjacent tracklets validation completed in: 0.000306 ms
[3207:its-tracker]:  - Vertex finding completed in: 0.000216 ms
[3207:its-tracker]: [07:42:51][INFO] Found tracks: 0
[3207:its-tracker]: [07:42:51][INFO] ROframe: 9, clusters loaded : 2401
[3207:its-tracker]:  - Vertexer initialisation completed in: 0.215098 ms
[3207:its-tracker]:  - Tracklet finding completed in: 0.056145 ms
[3207:its-tracker]:  - Adjacent tracklets validation completed in: 0.014894 ms
[3207:its-tracker]:  - Vertex finding completed in: 0.039984 ms
[3207:its-tracker]: 		Found vertex with:     76 contributors
[3207:its-tracker]:  - Context initialisation completed in: 2.24264 ms
[3207:its-tracker]:  - Tracklet finding completed in: 0.39132 ms
[3207:its-tracker]:  - Cell finding completed in: 0.055096 ms
[3207:its-tracker]:  - Neighbour finding completed in: 0.047447 ms
[3207:its-tracker]:  - Road finding completed in: 0.025285 ms
[3207:its-tracker]:  - Track finding completed in: 0.941282 ms
[3207:its-tracker]:  - Vertex processing completed in: 3.70306ms
[3207:its-tracker]:  - Context initialisation completed in: 0.012136 ms
[3207:its-tracker]:  - Tracklet finding completed in: 0.219281 ms
[3207:its-tracker]:  - Cell finding completed in: 0.022642 ms
[3207:its-tracker]:  - Neighbour finding completed in: 0.008733 ms
[3207:its-tracker]:  - Road finding completed in: 0.000239 ms
[3207:its-tracker]:  - Track finding completed in: 0.000214 ms
[3207:its-tracker]:  - Vertex processing completed in: 0.263245ms
[3207:its-tracker]: [07:42:51][INFO] Found tracks: 52
[3207:its-tracker]: [07:42:51][INFO] ROframe: 10, clusters loaded : 151964
[3207:its-tracker]:  - Vertexer initialisation completed in: 7.13212 ms
[3207:its-tracker]:  - Tracklet finding completed in: 169.132 ms
[3207:its-tracker]:  - Adjacent tracklets validation completed in: 114.897 ms
[3207:its-tracker]:  - Vertex finding completed in: 7.38382 ms
[3207:its-tracker]: 		Found vertex with:   3763 contributors
[3207:its-tracker]: 		Found vertex with:   2182 contributors
[3207:its-tracker]: 		Found vertex with:   1977 contributors
[3207:its-tracker]:  - Context initialisation completed in: 7.79176 ms
[3207:its-tracker]:  - Tracklet finding completed in: 175.883 ms
[3207:its-tracker]:  - Cell finding completed in: 190.831 ms
[3207:its-tracker]:  - Neighbour finding completed in: 3.79359 ms
[3207:its-tracker]:  - Road finding completed in: 1.60868 ms
[3207:its-tracker]:  - Track finding completed in: 38.219 ms
[3207:its-tracker]:  - Vertex processing completed in: 418.128ms
[3207:its-tracker]:  - Context initialisation completed in: 1.99952 ms
[3207:its-tracker]:  - Tracklet finding completed in: 126.149 ms
[3207:its-tracker]:  - Cell finding completed in: 123.16 ms
[3207:its-tracker]:  - Neighbour finding completed in: 2.36274 ms
[3207:its-tracker]:  - Road finding completed in: 0.449391 ms
[3207:its-tracker]:  - Track finding completed in: 25.0684 ms
[3207:its-tracker]:  - Vertex processing completed in: 279.189ms
[3207:its-tracker]:  - Context initialisation completed in: 2.0265 ms
[3207:its-tracker]:  - Tracklet finding completed in: 142.797 ms
[3207:its-tracker]:  - Cell finding completed in: 97.3431 ms
[3207:its-tracker]:  - Neighbour finding completed in: 3.21741 ms
[3207:its-tracker]:  - Road finding completed in: 0.602591 ms
[3207:its-tracker]:  - Track finding completed in: 28.6001 ms
[3207:its-tracker]:  - Vertex processing completed in: 274.587ms
[3207:its-tracker]:  - Context initialisation completed in: 2.12662 ms
[3207:its-tracker]:  - Tracklet finding completed in: 112.009 ms
[3207:its-tracker]:  - Cell finding completed in: 63.5146 ms
[3207:its-tracker]:  - Neighbour finding completed in: 1.79345 ms
[3207:its-tracker]:  - Road finding completed in: 0.006304 ms
[3207:its-tracker]:  - Track finding completed in: 0.000528 ms
[3207:its-tracker]:  - Vertex processing completed in: 179.451ms
[3207:its-tracker]:  - Context initialisation completed in: 1.71835 ms
[3207:its-tracker]:  - Tracklet finding completed in: 110.872 ms
[3207:its-tracker]:  - Cell finding completed in: 62.4136 ms
[3207:its-tracker]:  - Neighbour finding completed in: 1.15519 ms
[3207:its-tracker]:  - Road finding completed in: 0.00405 ms
[3207:its-tracker]:  - Track finding completed in: 0.000564 ms
[3207:its-tracker]:  - Vertex processing completed in: 176.163ms
[3207:its-tracker]:  - Context initialisation completed in: 1.49744 ms
[3207:its-tracker]:  - Tracklet finding completed in: 109.513 ms
[3207:its-tracker]:  - Cell finding completed in: 59.4049 ms
[3207:its-tracker]:  - Neighbour finding completed in: 1.08169 ms
[3207:its-tracker]:  - Road finding completed in: 0.003446 ms
[3207:its-tracker]:  - Track finding completed in: 0.000563 ms
[3207:its-tracker]:  - Vertex processing completed in: 171.501ms
[3207:its-tracker]: [07:42:52][INFO] Found tracks: 6736
[3207:its-tracker]: [07:42:52][INFO] ROframe: 11, clusters loaded : 5939
[3207:its-tracker]:  - Vertexer initialisation completed in: 0.395026 ms
[3207:its-tracker]:  - Tracklet finding completed in: 0.270158 ms
[3207:its-tracker]:  - Adjacent tracklets validation completed in: 0.047648 ms
[3207:its-tracker]:  - Vertex finding completed in: 0.046176 ms
[3207:its-tracker]: 		Found vertex with:    221 contributors
[3207:its-tracker]:  - Context initialisation completed in: 1.6936 ms
[3207:its-tracker]:  - Tracklet finding completed in: 1.21609 ms
[3207:its-tracker]:  - Cell finding completed in: 0.295625 ms
[3207:its-tracker]:  - Neighbour finding completed in: 0.185133 ms
[3207:its-tracker]:  - Road finding completed in: 0.045467 ms
[3207:its-tracker]:  - Track finding completed in: 3.35296 ms
[3207:its-tracker]:  - Vertex processing completed in: 6.78887ms
[3207:its-tracker]:  - Context initialisation completed in: 0.079614 ms
[3207:its-tracker]:  - Tracklet finding completed in: 0.87791 ms
[3207:its-tracker]:  - Cell finding completed in: 0.144253 ms
[3207:its-tracker]:  - Neighbour finding completed in: 0.039978 ms
[3207:its-tracker]:  - Road finding completed in: 0.000464 ms
[3207:its-tracker]:  - Track finding completed in: 0.000233 ms
[3207:its-tracker]:  - Vertex processing completed in: 1.14245ms
[3207:its-tracker]: [07:42:52][INFO] Found tracks: 189
[3207:its-tracker]: [07:42:52][INFO] ROframe: 12, clusters loaded : 2924
[3207:its-tracker]:  - Vertexer initialisation completed in: 0.255807 ms
[3207:its-tracker]:  - Tracklet finding completed in: 0.063638 ms
[3207:its-tracker]:  - Adjacent tracklets validation completed in: 0.00774 ms
[3207:its-tracker]:  - Vertex finding completed in: 0.00599 ms
[3207:its-tracker]: 		Found vertex with:      3 contributors
[3207:its-tracker]:  - Context initialisation completed in: 1.27164 ms
[3207:its-tracker]:  - Tracklet finding completed in: 0.389942 ms
[3207:its-tracker]:  - Cell finding completed in: 0.020417 ms
[3207:its-tracker]:  - Neighbour finding completed in: 0.003768 ms
[3207:its-tracker]:  - Road finding completed in: 0.000237 ms
[3207:its-tracker]:  - Track finding completed in: 0.000267 ms
[3207:its-tracker]:  - Vertex processing completed in: 1.68627ms
[3207:its-tracker]:  - Context initialisation completed in: 0.005328 ms
[3207:its-tracker]:  - Tracklet finding completed in: 0.387867 ms
[3207:its-tracker]:  - Cell finding completed in: 0.018183 ms
[3207:its-tracker]:  - Neighbour finding completed in: 0.003397 ms
[3207:its-tracker]:  - Road finding completed in: 0.000144 ms
[3207:its-tracker]:  - Track finding completed in: 0.000105 ms
[3207:its-tracker]:  - Vertex processing completed in: 0.415024ms
[3207:its-tracker]: [07:42:52][INFO] Found tracks: 0
[3207:its-tracker]: [07:42:52][INFO] ROframe: 13, clusters loaded : 42862
[3207:its-tracker]:  - Vertexer initialisation completed in: 2.23123 ms
[3207:its-tracker]:  - Tracklet finding completed in: 9.38903 ms
[3207:its-tracker]:  - Adjacent tracklets validation completed in: 3.07016 ms
[3207:its-tracker]:  - Vertex finding completed in: 0.403132 ms
[3207:its-tracker]: 		Found vertex with:   2044 contributors
[3207:its-tracker]:  - Context initialisation completed in: 2.96236 ms
[3207:its-tracker]:  - Tracklet finding completed in: 22.3222 ms
[3207:its-tracker]:  - Cell finding completed in: 12.6765 ms
[3207:its-tracker]:  - Neighbour finding completed in: 2.05695 ms
[3207:its-tracker]:  - Road finding completed in: 0.605678 ms
[3207:its-tracker]:  - Track finding completed in: 27.9088 ms
[3207:its-tracker]:  - Vertex processing completed in: 68.5325ms
[3207:its-tracker]:  - Context initialisation completed in: 0.793586 ms
[3207:its-tracker]:  - Tracklet finding completed in: 14.1991 ms
[3207:its-tracker]:  - Cell finding completed in: 3.95613 ms
[3207:its-tracker]:  - Neighbour finding completed in: 0.513148 ms
[3207:its-tracker]:  - Road finding completed in: 0.003151 ms
[3207:its-tracker]:  - Track finding completed in: 0.000924 ms
[3207:its-tracker]:  - Vertex processing completed in: 19.466ms
[3207:its-tracker]: [07:42:53][INFO] Found tracks: 1851
[3207:its-tracker]: [07:42:53][INFO] ROframe: 14, clusters loaded : 27375
[3207:its-tracker]:  - Vertexer initialisation completed in: 1.45599 ms
[3207:its-tracker]:  - Tracklet finding completed in: 4.37183 ms
[3207:its-tracker]:  - Adjacent tracklets validation completed in: 1.13068 ms
[3207:its-tracker]:  - Vertex finding completed in: 0.227856 ms
[3207:its-tracker]: 		Found vertex with:   1346 contributors
[3207:its-tracker]:  - Context initialisation completed in: 2.48101 ms
[3207:its-tracker]:  - Tracklet finding completed in: 11.0558 ms
[3207:its-tracker]:  - Cell finding completed in: 4.94467 ms
[3207:its-tracker]:  - Neighbour finding completed in: 1.22622 ms
[3207:its-tracker]:  - Road finding completed in: 0.334444 ms
[3207:its-tracker]:  - Track finding completed in: 22.0044 ms
[3207:its-tracker]:  - Vertex processing completed in: 42.0466ms
[3207:its-tracker]:  - Context initialisation completed in: 0.455538 ms
[3207:its-tracker]:  - Tracklet finding completed in: 7.30158 ms
[3207:its-tracker]:  - Cell finding completed in: 1.75163 ms
[3207:its-tracker]:  - Neighbour finding completed in: 0.318623 ms
[3207:its-tracker]:  - Road finding completed in: 0.00212 ms
[3207:its-tracker]:  - Track finding completed in: 0.000409 ms
[3207:its-tracker]:  - Vertex processing completed in: 9.8299ms
[3207:its-tracker]: [07:42:53][INFO] Found tracks: 1176
[3207:its-tracker]: [07:42:53][INFO] ROframe: 15, clusters loaded : 1255
[3207:its-tracker]:  - Vertexer initialisation completed in: 0.183337 ms
[3207:its-tracker]:  - Tracklet finding completed in: 0.002901 ms
[3207:its-tracker]:  - Adjacent tracklets validation completed in: 0.000613 ms
[3207:its-tracker]:  - Vertex finding completed in: 0.001138 ms
[3207:its-tracker]: [07:42:53][INFO] Found tracks: 0
[3207:its-tracker]: [07:42:53][INFO] ROframe: 16, clusters loaded : 1276
[3207:its-tracker]:  - Vertexer initialisation completed in: 0.181083 ms
[3207:its-tracker]:  - Tracklet finding completed in: 0.001994 ms
[3207:its-tracker]:  - Adjacent tracklets validation completed in: 0.000356 ms
[3207:its-tracker]:  - Vertex finding completed in: 0.000233 ms
[3207:its-tracker]: [07:42:53][INFO] Found tracks: 0
[3207:its-tracker]: [07:42:53][INFO] ROframe: 17, clusters loaded : 1276
[3207:its-tracker]:  - Vertexer initialisation completed in: 0.173437 ms
[3207:its-tracker]:  - Tracklet finding completed in: 0.001011 ms
[3207:its-tracker]:  - Adjacent tracklets validation completed in: 0.000235 ms
[3207:its-tracker]:  - Vertex finding completed in: 0.000268 ms
[3207:its-tracker]: [07:42:53][INFO] Found tracks: 0
[3207:its-tracker]: [07:42:53][INFO] ROframe: 18, clusters loaded : 1203
[3207:its-tracker]:  - Vertexer initialisation completed in: 0.174903 ms
[3207:its-tracker]:  - Tracklet finding completed in: 0.001685 ms
[3207:its-tracker]:  - Adjacent tracklets validation completed in: 0.000318 ms
[3207:its-tracker]:  - Vertex finding completed in: 0.000205 ms
[3207:its-tracker]: [07:42:53][INFO] Found tracks: 0
[3207:its-tracker]: [07:42:53][INFO] ROframe: 19, clusters loaded : 30605
[3207:its-tracker]:  - Vertexer initialisation completed in: 1.54605 ms
[3207:its-tracker]:  - Tracklet finding completed in: 4.91013 ms
[3207:its-tracker]:  - Adjacent tracklets validation completed in: 1.22473 ms
[3207:its-tracker]:  - Vertex finding completed in: 0.350234 ms
[3207:its-tracker]: 		Found vertex with:   1419 contributors
[3207:its-tracker]:  - Context initialisation completed in: 2.6073 ms
[3207:its-tracker]:  - Tracklet finding completed in: 13.2441 ms
[3207:its-tracker]:  - Cell finding completed in: 6.34941 ms
[3207:its-tracker]:  - Neighbour finding completed in: 1.39297 ms
[3207:its-tracker]:  - Road finding completed in: 0.373357 ms
[3207:its-tracker]:  - Track finding completed in: 19.0198 ms
[3207:its-tracker]:  - Vertex processing completed in: 42.987ms
[3207:its-tracker]:  - Context initialisation completed in: 0.556844 ms
[3207:its-tracker]:  - Tracklet finding completed in: 8.57063 ms
[3207:its-tracker]:  - Cell finding completed in: 2.06866 ms
[3207:its-tracker]:  - Neighbour finding completed in: 0.309926 ms
[3207:its-tracker]:  - Road finding completed in: 0.00227 ms
[3207:its-tracker]:  - Track finding completed in: 0.00045 ms
[3207:its-tracker]:  - Vertex processing completed in: 11.5088ms
[3207:its-tracker]: [07:42:53][INFO] Found tracks: 1297
[3207:its-tracker]: [07:42:53][INFO] ROframe: 20, clusters loaded : 1391
[3207:its-tracker]:  - Vertexer initialisation completed in: 0.178005 ms
[3207:its-tracker]:  - Tracklet finding completed in: 0.008156 ms
[3207:its-tracker]:  - Adjacent tracklets validation completed in: 0.001918 ms
[3207:its-tracker]:  - Vertex finding completed in: 0.008114 ms
[3207:its-tracker]: 		Found vertex with:      8 contributors
[3207:its-tracker]:  - Context initialisation completed in: 1.49271 ms
[3207:its-tracker]:  - Tracklet finding completed in: 0.153797 ms
[3207:its-tracker]:  - Cell finding completed in: 0.007757 ms
[3207:its-tracker]:  - Neighbour finding completed in: 0.007926 ms
[3207:its-tracker]:  - Road finding completed in: 0.003112 ms
[3207:its-tracker]:  - Track finding completed in: 0.138276 ms
[3207:its-tracker]:  - Vertex processing completed in: 1.80358ms
[3207:its-tracker]:  - Context initialisation completed in: 0.004754 ms
[3207:its-tracker]:  - Tracklet finding completed in: 0.133911 ms
[3207:its-tracker]:  - Cell finding completed in: 0.003548 ms
[3207:its-tracker]:  - Neighbour finding completed in: 0.001791 ms
[3207:its-tracker]:  - Road finding completed in: 0.000131 ms
[3207:its-tracker]:  - Track finding completed in: 0.000152 ms
[3207:its-tracker]:  - Vertex processing completed in: 0.144287ms
[3207:its-tracker]: [07:42:53][INFO] Found tracks: 4
[3207:its-tracker]: [07:42:53][INFO] ROframe: 21, clusters loaded : 12361
[3207:its-tracker]:  - Vertexer initialisation completed in: 0.697553 ms
[3207:its-tracker]:  - Tracklet finding completed in: 1.24397 ms
[3207:its-tracker]:  - Adjacent tracklets validation completed in: 0.208651 ms
[3207:its-tracker]:  - Vertex finding completed in: 0.107487 ms
[3207:its-tracker]: 		Found vertex with:    491 contributors
[3207:its-tracker]: 		Found vertex with:    108 contributors
[3207:its-tracker]:  - Context initialisation completed in: 1.65121 ms
[3207:its-tracker]:  - Tracklet finding completed in: 3.34514 ms
[3207:its-tracker]:  - Cell finding completed in: 0.994925 ms
[3207:its-tracker]:  - Neighbour finding completed in: 0.397014 ms
[3207:its-tracker]:  - Road finding completed in: 0.101946 ms
[3207:its-tracker]:  - Track finding completed in: 6.30053 ms
[3207:its-tracker]:  - Vertex processing completed in: 12.7908ms
[3207:its-tracker]:  - Context initialisation completed in: 0.130955 ms
[3207:its-tracker]:  - Tracklet finding completed in: 2.13276 ms
[3207:its-tracker]:  - Cell finding completed in: 0.207688 ms
[3207:its-tracker]:  - Neighbour finding completed in: 0.056106 ms
[3207:its-tracker]:  - Road finding completed in: 0.012379 ms
[3207:its-tracker]:  - Track finding completed in: 0.93357 ms
[3207:its-tracker]:  - Vertex processing completed in: 3.47346ms
[3207:its-tracker]:  - Context initialisation completed in: 0.039539 ms
[3207:its-tracker]:  - Tracklet finding completed in: 2.22055 ms
[3207:its-tracker]:  - Cell finding completed in: 0.390294 ms
[3207:its-tracker]:  - Neighbour finding completed in: 0.113102 ms
[3207:its-tracker]:  - Road finding completed in: 0.000864 ms
[3207:its-tracker]:  - Track finding completed in: 0.000337 ms
[3207:its-tracker]:  - Vertex processing completed in: 2.76469ms
[3207:its-tracker]:  - Context initialisation completed in: 0.053708 ms
[3207:its-tracker]:  - Tracklet finding completed in: 1.97834 ms
[3207:its-tracker]:  - Cell finding completed in: 0.135868 ms
[3207:its-tracker]:  - Neighbour finding completed in: 0.020433 ms
[3207:its-tracker]:  - Road finding completed in: 0.000225 ms
[3207:its-tracker]:  - Track finding completed in: 0.000105 ms
[3207:its-tracker]:  - Vertex processing completed in: 2.18867ms
[3207:its-tracker]: [07:42:53][INFO] Found tracks: 502
[3207:its-tracker]: [07:42:53][INFO] ROframe: 22, clusters loaded : 14356
[3207:its-tracker]:  - Vertexer initialisation completed in: 0.731355 ms
[3207:its-tracker]:  - Tracklet finding completed in: 1.12577 ms
[3207:its-tracker]:  - Adjacent tracklets validation completed in: 0.196298 ms
[3207:its-tracker]:  - Vertex finding completed in: 0.098174 ms
[3207:its-tracker]: 		Found vertex with:    562 contributors
[3207:its-tracker]:  - Context initialisation completed in: 1.74793 ms
[3207:its-tracker]:  - Tracklet finding completed in: 4.19777 ms
[3207:its-tracker]:  - Cell finding completed in: 1.44836 ms
[3207:its-tracker]:  - Neighbour finding completed in: 0.485165 ms
[3207:its-tracker]:  - Road finding completed in: 0.11734 ms
[3207:its-tracker]:  - Track finding completed in: 6.63789 ms
[3207:its-tracker]:  - Vertex processing completed in: 14.6345ms
[3207:its-tracker]:  - Context initialisation completed in: 0.158049 ms
[3207:its-tracker]:  - Tracklet finding completed in: 2.95147 ms
[3207:its-tracker]:  - Cell finding completed in: 0.596208 ms
[3207:its-tracker]:  - Neighbour finding completed in: 0.113211 ms
[3207:its-tracker]:  - Road finding completed in: 0.001528 ms
[3207:its-tracker]:  - Track finding completed in: 0.000281 ms
[3207:its-tracker]:  - Vertex processing completed in: 3.82075ms
[3207:its-tracker]: [07:42:53][INFO] Found tracks: 517
[3207:its-tracker]: [07:42:53][INFO] ROframe: 23, clusters loaded : 1270
[3207:its-tracker]:  - Vertexer initialisation completed in: 0.1823 ms
[3207:its-tracker]:  - Tracklet finding completed in: 0.001651 ms
[3207:its-tracker]:  - Adjacent tracklets validation completed in: 0.000501 ms
[3207:its-tracker]:  - Vertex finding completed in: 0.000654 ms
[3207:its-tracker]: [07:42:53][INFO] Found tracks: 0
[3207:its-tracker]: [07:42:53][INFO] ROframe: 24, clusters loaded : 1275
[3207:its-tracker]:  - Vertexer initialisation completed in: 0.177484 ms
[3207:its-tracker]:  - Tracklet finding completed in: 0.001771 ms
[3207:its-tracker]:  - Adjacent tracklets validation completed in: 0.000473 ms
[3207:its-tracker]:  - Vertex finding completed in: 0.000313 ms
[3207:its-tracker]: [07:42:53][INFO] Found tracks: 0
[3207:its-tracker]: [07:42:53][INFO] ROframe: 25, clusters loaded : 1247
[3207:its-tracker]:  - Vertexer initialisation completed in: 0.128474 ms
[3207:its-tracker]:  - Tracklet finding completed in: 0.001526 ms
[3207:its-tracker]:  - Adjacent tracklets validation completed in: 0.000292 ms
[3207:its-tracker]:  - Vertex finding completed in: 0.0002 ms
[3207:its-tracker]: [07:42:53][INFO] Found tracks: 0
[3207:its-tracker]: [07:42:53][INFO] ROframe: 26, clusters loaded : 1250
[3207:its-tracker]:  - Vertexer initialisation completed in: 0.119287 ms
[3207:its-tracker]:  - Tracklet finding completed in: 0.000589 ms
[3207:its-tracker]:  - Adjacent tracklets validation completed in: 0.000105 ms
[3207:its-tracker]:  - Vertex finding completed in: 0.000143 ms
[3207:its-tracker]: [07:42:53][INFO] Found tracks: 0
[3207:its-tracker]: [07:42:53][INFO] ROframe: 27, clusters loaded : 1287
[3207:its-tracker]:  - Vertexer initialisation completed in: 0.118308 ms
[3207:its-tracker]:  - Tracklet finding completed in: 0.000943 ms
[3207:its-tracker]:  - Adjacent tracklets validation completed in: 0.000175 ms
[3207:its-tracker]:  - Vertex finding completed in: 9.6e-05 ms
[3207:its-tracker]: [07:42:53][INFO] Found tracks: 0
[3207:its-tracker]: [07:42:53][INFO] ROframe: 28, clusters loaded : 1223
[3207:its-tracker]:  - Vertexer initialisation completed in: 0.120022 ms
[3207:its-tracker]:  - Tracklet finding completed in: 0.000684 ms
[3207:its-tracker]:  - Adjacent tracklets validation completed in: 0.000131 ms
[3207:its-tracker]:  - Vertex finding completed in: 0.000142 ms
[3207:its-tracker]: [07:42:53][INFO] Found tracks: 0
[3207:its-tracker]: [07:42:53][INFO] ROframe: 29, clusters loaded : 1348
[3207:its-tracker]:  - Vertexer initialisation completed in: 0.118315 ms
[3207:its-tracker]:  - Tracklet finding completed in: 0.000837 ms
[3207:its-tracker]:  - Adjacent tracklets validation completed in: 0.000122 ms
[3207:its-tracker]:  - Vertex finding completed in: 0.000181 ms
[3207:its-tracker]: [07:42:53][INFO] Found tracks: 0
[3207:its-tracker]: [07:42:53][INFO] ROframe: 30, clusters loaded : 1203
[3207:its-tracker]:  - Vertexer initialisation completed in: 0.11817 ms
[3207:its-tracker]:  - Tracklet finding completed in: 0.000815 ms
[3207:its-tracker]:  - Adjacent tracklets validation completed in: 0.000125 ms
[3207:its-tracker]:  - Vertex finding completed in: 0.00015 ms
[3207:its-tracker]: [07:42:53][INFO] Found tracks: 0
[3207:its-tracker]: [07:42:53][INFO] ROframe: 31, clusters loaded : 1254
[3207:its-tracker]:  - Vertexer initialisation completed in: 0.119182 ms
[3207:its-tracker]:  - Tracklet finding completed in: 0.000805 ms
[3207:its-tracker]:  - Adjacent tracklets validation completed in: 0.000118 ms
[3207:its-tracker]:  - Vertex finding completed in: 0.000182 ms
[3207:its-tracker]: [07:42:53][INFO] Found tracks: 0
[3207:its-tracker]: [07:42:53][INFO] ROframe: 32, clusters loaded : 5511
[3207:its-tracker]:  - Vertexer initialisation completed in: 0.260797 ms
[3207:its-tracker]:  - Tracklet finding completed in: 0.161384 ms
[3207:its-tracker]:  - Adjacent tracklets validation completed in: 0.03128 ms
[3207:its-tracker]:  - Vertex finding completed in: 0.059859 ms
[3207:its-tracker]: 		Found vertex with:    215 contributors
[3207:its-tracker]:  - Context initialisation completed in: 1.15684 ms
[3207:its-tracker]:  - Tracklet finding completed in: 0.844898 ms
[3207:its-tracker]:  - Cell finding completed in: 0.2078 ms
[3207:its-tracker]:  - Neighbour finding completed in: 0.078459 ms
[3207:its-tracker]:  - Road finding completed in: 0.023726 ms
[3207:its-tracker]:  - Track finding completed in: 1.46285 ms
[3207:its-tracker]:  - Vertex processing completed in: 3.77457ms
[3207:its-tracker]:  - Context initialisation completed in: 0.034391 ms
[3207:its-tracker]:  - Tracklet finding completed in: 0.59896 ms
[3207:its-tracker]:  - Cell finding completed in: 0.097801 ms
[3207:its-tracker]:  - Neighbour finding completed in: 0.050319 ms
[3207:its-tracker]:  - Road finding completed in: 0.000342 ms
[3207:its-tracker]:  - Track finding completed in: 0.000206 ms
[3207:its-tracker]:  - Vertex processing completed in: 0.782019ms
[3207:its-tracker]: [07:42:53][INFO] Found tracks: 185
[3207:its-tracker]: [07:42:53][INFO] ROframe: 33, clusters loaded : 1271
[3207:its-tracker]:  - Vertexer initialisation completed in: 0.130337 ms
[3207:its-tracker]:  - Tracklet finding completed in: 0.000923 ms
[3207:its-tracker]:  - Adjacent tracklets validation completed in: 0.000328 ms
[3207:its-tracker]:  - Vertex finding completed in: 0.00039 ms
[3207:its-tracker]: [07:42:53][INFO] Found tracks: 0
[3207:its-tracker]: [07:42:53][INFO] ROframe: 34, clusters loaded : 1275
[3207:its-tracker]:  - Vertexer initialisation completed in: 0.132968 ms
[3207:its-tracker]:  - Tracklet finding completed in: 0.000854 ms
[3207:its-tracker]:  - Adjacent tracklets validation completed in: 0.000131 ms
[3207:its-tracker]:  - Vertex finding completed in: 0.000155 ms
[3207:its-tracker]: [07:42:53][INFO] Found tracks: 0
[3207:its-tracker]: [07:42:53][INFO] ROframe: 35, clusters loaded : 1242
[3207:its-tracker]:  - Vertexer initialisation completed in: 0.116552 ms
[3207:its-tracker]:  - Tracklet finding completed in: 0.001184 ms
[3207:its-tracker]:  - Adjacent tracklets validation completed in: 0.000145 ms
[3207:its-tracker]:  - Vertex finding completed in: 5.6e-05 ms
[3207:its-tracker]: [07:42:53][INFO] Found tracks: 0
[3207:its-tracker]: [07:42:53][INFO] ROframe: 36, clusters loaded : 2015
[3207:its-tracker]:  - Vertexer initialisation completed in: 0.138236 ms
[3207:its-tracker]:  - Tracklet finding completed in: 0.019989 ms
[3207:its-tracker]:  - Adjacent tracklets validation completed in: 0.004001 ms
[3207:its-tracker]:  - Vertex finding completed in: 0.007377 ms
[3207:its-tracker]: 		Found vertex with:     41 contributors
[3207:its-tracker]:  - Context initialisation completed in: 1.02811 ms
[3207:its-tracker]:  - Tracklet finding completed in: 0.196572 ms
[3207:its-tracker]:  - Cell finding completed in: 0.028811 ms
[3207:its-tracker]:  - Neighbour finding completed in: 0.017137 ms
[3207:its-tracker]:  - Road finding completed in: 0.005603 ms
[3207:its-tracker]:  - Track finding completed in: 0.334329 ms
[3207:its-tracker]:  - Vertex processing completed in: 1.61057ms
[3207:its-tracker]:  - Context initialisation completed in: 0.008374 ms
[3207:its-tracker]:  - Tracklet finding completed in: 0.161016 ms
[3207:its-tracker]:  - Cell finding completed in: 0.022132 ms
[3207:its-tracker]:  - Neighbour finding completed in: 0.005603 ms
[3207:its-tracker]:  - Road finding completed in: 0.000194 ms
[3207:its-tracker]:  - Track finding completed in: 0.000122 ms
[3207:its-tracker]:  - Vertex processing completed in: 0.197441ms
[3207:its-tracker]: [07:42:53][INFO] Found tracks: 35
[3207:its-tracker]: [07:42:53][INFO] ROframe: 37, clusters loaded : 1251
[3207:its-tracker]:  - Vertexer initialisation completed in: 0.12138 ms
[3207:its-tracker]:  - Tracklet finding completed in: 0.000816 ms
[3207:its-tracker]:  - Adjacent tracklets validation completed in: 0.000278 ms
[3207:its-tracker]:  - Vertex finding completed in: 0.000178 ms
[3207:its-tracker]: [07:42:53][INFO] Found tracks: 0
[3207:its-tracker]: [07:42:53][INFO] ROframe: 38, clusters loaded : 9501
[3207:its-tracker]:  - Vertexer initialisation completed in: 0.38781 ms
[3207:its-tracker]:  - Tracklet finding completed in: 0.388246 ms
[3207:its-tracker]:  - Adjacent tracklets validation completed in: 0.074179 ms
[3207:its-tracker]:  - Vertex finding completed in: 0.042394 ms
[3207:its-tracker]: 		Found vertex with:    367 contributors
[3207:its-tracker]:  - Context initialisation completed in: 1.22489 ms
[3207:its-tracker]:  - Tracklet finding completed in: 1.79532 ms
[3207:its-tracker]:  - Cell finding completed in: 0.564527 ms
[3207:its-tracker]:  - Neighbour finding completed in: 0.17701 ms
[3207:its-tracker]:  - Road finding completed in: 0.044744 ms
[3207:its-tracker]:  - Track finding completed in: 3.22336 ms
[3207:its-tracker]:  - Vertex processing completed in: 7.02986ms
[3207:its-tracker]:  - Context initialisation completed in: 0.070182 ms
[3207:its-tracker]:  - Tracklet finding completed in: 1.25232 ms
[3207:its-tracker]:  - Cell finding completed in: 0.227332 ms
[3207:its-tracker]:  - Neighbour finding completed in: 0.044472 ms
[3207:its-tracker]:  - Road finding completed in: 0.000622 ms
[3207:its-tracker]:  - Track finding completed in: 0.000161 ms
[3207:its-tracker]:  - Vertex processing completed in: 1.59509ms
[3207:its-tracker]: [07:42:53][INFO] Found tracks: 362
[3207:its-tracker]: [07:42:53][INFO] ROframe: 39, clusters loaded : 12202
[3207:its-tracker]:  - Vertexer initialisation completed in: 0.523298 ms
[3207:its-tracker]:  - Tracklet finding completed in: 0.693931 ms
[3207:its-tracker]:  - Adjacent tracklets validation completed in: 0.124971 ms
[3207:its-tracker]:  - Vertex finding completed in: 0.057792 ms
[3207:its-tracker]: 		Found vertex with:    173 contributors
[3207:its-tracker]: 		Found vertex with:     74 contributors
[3207:its-tracker]:  - Context initialisation completed in: 1.31769 ms
[3207:its-tracker]:  - Tracklet finding completed in: 2.16603 ms
[3207:its-tracker]:  - Cell finding completed in: 0.327128 ms
[3207:its-tracker]:  - Neighbour finding completed in: 0.066239 ms
[3207:its-tracker]:  - Road finding completed in: 0.017728 ms
[3207:its-tracker]:  - Track finding completed in: 1.2593 ms
[3207:its-tracker]:  - Vertex processing completed in: 5.15411ms
[3207:its-tracker]:  - Context initialisation completed in: 0.043563 ms
[3207:its-tracker]:  - Tracklet finding completed in: 2.17748 ms
[3207:its-tracker]:  - Cell finding completed in: 0.432895 ms
[3207:its-tracker]:  - Neighbour finding completed in: 0.075067 ms
[3207:its-tracker]:  - Road finding completed in: 0.009001 ms
[3207:its-tracker]:  - Track finding completed in: 0.477324 ms
[3207:its-tracker]:  - Vertex processing completed in: 3.21533ms
[3207:its-tracker]:  - Context initialisation completed in: 0.036938 ms
[3207:its-tracker]:  - Tracklet finding completed in: 1.91085 ms
[3207:its-tracker]:  - Cell finding completed in: 0.180565 ms
[3207:its-tracker]:  - Neighbour finding completed in: 0.020079 ms
[3207:its-tracker]:  - Road finding completed in: 0.000225 ms
[3207:its-tracker]:  - Track finding completed in: 0.000163 ms
[3207:its-tracker]:  - Vertex processing completed in: 2.14882ms
[3207:its-tracker]:  - Context initialisation completed in: 0.018217 ms
[3207:its-tracker]:  - Tracklet finding completed in: 2.10616 ms
[3207:its-tracker]:  - Cell finding completed in: 0.390358 ms
[3207:its-tracker]:  - Neighbour finding completed in: 0.059134 ms
[3207:its-tracker]:  - Road finding completed in: 0.000668 ms
[3207:its-tracker]:  - Track finding completed in: 0.000163 ms
[3207:its-tracker]:  - Vertex processing completed in: 2.5747ms
[3207:its-tracker]: [07:42:53][INFO] Found tracks: 178
[3207:its-tracker]: [07:42:53][INFO] ROframe: 40, clusters loaded : 1363
[3207:its-tracker]:  - Vertexer initialisation completed in: 0.12363 ms
[3207:its-tracker]:  - Tracklet finding completed in: 0.001729 ms
[3207:its-tracker]:  - Adjacent tracklets validation completed in: 0.000333 ms
[3207:its-tracker]:  - Vertex finding completed in: 0.000283 ms
[3207:its-tracker]: [07:42:53][INFO] Found tracks: 0
[3207:its-tracker]: [07:42:53][INFO] ITSTracker pushed 13084 tracks
[3207:its-tracker]: [07:42:53][INFO] ITS CA-Tracker total timing: Cpu: 2.370e+00 Real: 2.382e+00 s in 1 slots
[3208:its-track-writer]: [07:42:53][INFO] ITSTrackWriter pulled 13084 tracks, in 41 RO frames
[INFO] Quitting
[INFO] QUIT_REQUESTED
[3204:its-digit-reader]: [07:42:53][INFO] Received device shutdown request (signal 15).
[3204:its-digit-reader]: [07:42:53][INFO] Waiting for graceful device shutdown. Hit Ctrl-C again to abort immediately.
[3208:its-track-writer]: [07:42:53][INFO] Received device shutdown request (signal 15).
[3208:its-track-writer]: [07:42:53][INFO] Waiting for graceful device shutdown. Hit Ctrl-C again to abort immediately.
[3203:internal-dpl-clock]: [07:42:53][INFO] Received device shutdown request (signal 15).
[3203:internal-dpl-clock]: [07:42:53][INFO] Waiting for graceful device shutdown. Hit Ctrl-C again to abort immediately.
[3206:its-cluster-writer]: [07:42:53][INFO] Received device shutdown request (signal 15).
[3206:its-cluster-writer]: [07:42:53][INFO] Waiting for graceful device shutdown. Hit Ctrl-C again to abort immediately.
[3204:its-digit-reader]: [07:42:53][STATE] RUNNING ---> READY
[3204:its-digit-reader]: [07:42:53][STATE] READY ---> RESETTING TASK
[3204:its-digit-reader]: [07:42:53][STATE] RESETTING TASK ---> DEVICE READY
[3204:its-digit-reader]: [07:42:53][STATE] DEVICE READY ---> RESETTING DEVICE
[3204:its-digit-reader]: [07:42:53][STATE] RESETTING DEVICE ---> IDLE
[3204:its-digit-reader]: [07:42:53][STATE] IDLE ---> EXITING
[3204:its-digit-reader]: [07:42:53][STATE] Exiting FairMQ state machine
[3207:its-tracker]: [07:42:53][INFO] Received device shutdown request (signal 15).
[3207:its-tracker]: [07:42:53][INFO] Waiting for graceful device shutdown. Hit Ctrl-C again to abort immediately.
[3205:its-clusterer]: [07:42:53][INFO] Received device shutdown request (signal 15).
[3205:its-clusterer]: [07:42:53][INFO] Waiting for graceful device shutdown. Hit Ctrl-C again to abort immediately.
[3207:its-tracker]: [07:42:53][STATE] RUNNING ---> READY
[3207:its-tracker]: [07:42:53][STATE] READY ---> RESETTING TASK
[3207:its-tracker]: [07:42:53][STATE] RESETTING TASK ---> DEVICE READY
[3205:its-clusterer]: [07:42:53][STATE] RUNNING ---> READY
[3205:its-clusterer]: [07:42:53][STATE] READY ---> RESETTING TASK
[3205:its-clusterer]: [07:42:53][STATE] RESETTING TASK ---> DEVICE READY
[3205:its-clusterer]: [07:42:53][STATE] DEVICE READY ---> RESETTING DEVICE
[3207:its-tracker]: [07:42:53][STATE] DEVICE READY ---> RESETTING DEVICE
[3203:internal-dpl-clock]: [07:42:53][STATE] RUNNING ---> READY
[3203:internal-dpl-clock]: [07:42:53][STATE] READY ---> RESETTING TASK
[3203:internal-dpl-clock]: [07:42:53][STATE] RESETTING TASK ---> DEVICE READY
[3203:internal-dpl-clock]: [07:42:53][STATE] DEVICE READY ---> RESETTING DEVICE
[3207:its-tracker]: [07:42:53][STATE] RESETTING DEVICE ---> IDLE
[3207:its-tracker]: [07:42:53][STATE] IDLE ---> EXITING
[3203:internal-dpl-clock]: [07:42:53][STATE] RESETTING DEVICE ---> IDLE
[3207:its-tracker]: [07:42:53][STATE] Exiting FairMQ state machine
[3203:internal-dpl-clock]: [07:42:53][STATE] IDLE ---> EXITING
[3205:its-clusterer]: [07:42:53][STATE] RESETTING DEVICE ---> IDLE
[3203:internal-dpl-clock]: [07:42:53][STATE] Exiting FairMQ state machine
[3205:its-clusterer]: [07:42:53][STATE] IDLE ---> EXITING
[3205:its-clusterer]: [07:42:53][STATE] Exiting FairMQ state machine
[3206:its-cluster-writer]: [07:42:54][STATE] RUNNING ---> READY
[3206:its-cluster-writer]: [07:42:54][STATE] READY ---> RESETTING TASK
[3206:its-cluster-writer]: [07:42:54][STATE] RESETTING TASK ---> DEVICE READY
[3206:its-cluster-writer]: [07:42:54][STATE] DEVICE READY ---> RESETTING DEVICE
[3206:its-cluster-writer]: [07:42:54][STATE] RESETTING DEVICE ---> IDLE
[3206:its-cluster-writer]: [07:42:54][STATE] IDLE ---> EXITING
[3206:its-cluster-writer]: [07:42:54][STATE] Exiting FairMQ state machine
[3208:its-track-writer]: [07:42:54][STATE] RUNNING ---> READY
[3208:its-track-writer]: [07:42:54][STATE] READY ---> RESETTING TASK
[3208:its-track-writer]: [07:42:54][STATE] RESETTING TASK ---> DEVICE READY
[3208:its-track-writer]: [07:42:54][STATE] DEVICE READY ---> RESETTING DEVICE
[3208:its-track-writer]: Cleaning up for shared memory id 'b672486d'...
[3208:its-track-writer]: No region counter found. No regions to cleanup.
[3208:its-track-writer]: Successfully removed 'fmq_b672486d_m_0'.
[3208:its-track-writer]: Successfully removed 'fmq_b672486d_mng'.
[3208:its-track-writer]: Successfully removed 'fmq_b672486d_mtx'.
[3208:its-track-writer]: Successfully removed 'fmq_b672486d_cv'.
[3208:its-track-writer]: [07:42:54][STATE] RESETTING DEVICE ---> IDLE
[3208:its-track-writer]: [07:42:54][STATE] IDLE ---> EXITING
[3208:its-track-writer]: [07:42:54][STATE] Exiting FairMQ state machine
[INFO] Dumping used configuration in dpl-config.json
