===============================
execute this script as follows:
./generate_its.sh system region nevents
where:
system = 1 -> pp
       = 2 -> Pb-Pb
region = 1 -> ITS only
       = 2 -> whole detector
===============================
will generate Pb-Pb events
will transport events in the ITS only
Will generate: 10 events
Moving to /eos/user/f/ftorales/its_data/alignment/lbnl_alice_alignment_tasks/2287089/9
/eos/user/f/ftorales/its_data/alignment/lbnl_alice_alignment_tasks/2287089/9

==============================================================================================
1. MC generation run
[INFO] Running with 6 sim workers 
[INFO] CREATING SIM SHARED MEM SEGMENT FOR 6 WORKERS
Spawning particle server on PID 996; Redirect output to o2sim_serverlog
Spawning sim worker 0 on PID 998; Redirect output to o2sim_workerlog0
Spawning hit merger on PID 999; Redirect output to o2sim_mergerlog
[INFO] DISTRIBUTING EVENT : 1
[INFO] DISTRIBUTING EVENT : 2
[INFO] EVENT FINISHED : 1
[INFO] EVENT FINISHED : 2
[INFO] DISTRIBUTING EVENT : 3
[INFO] DISTRIBUTING EVENT : 4
[INFO] EVENT FINISHED : 4
[INFO] DISTRIBUTING EVENT : 5
[INFO] EVENT FINISHED : 3
[INFO] EVENT FINISHED : 5
[INFO] DISTRIBUTING EVENT : 6
[INFO] EVENT FINISHED : 6
[INFO] DISTRIBUTING EVENT : 7
[INFO] EVENT FINISHED : 7
[INFO] DISTRIBUTING EVENT : 8
[INFO] DISTRIBUTING EVENT : 9
[INFO] DISTRIBUTING EVENT : 10
[INFO] EVENT FINISHED : 8
[INFO] EVENT FINISHED : 9
[INFO] EVENT FINISHED : 10
[INFO] Merger process 999 returned
[INFO] Simulation process took 102.628 s
[INFO] SIMULATION RETURNED SUCCESFULLY

==============================================================================================
2. Hits to digits conversion
Run: 1621527736
Fill:      0
Period: 
LHC State: 
Start: Thu May 20 18:22:18 2021
End  : Thu May 20 18:22:19 2021
Beam0: Z:A =   0:  0, Energy = 0.000
Beam1: Z:A =   0:  0, Energy = 0.000
sqrt[s]    = 0.000
crossing angle (radian) = 0.000000e+00
magnet currents (A) L3 = -30000.000, Dipole = -6000
Detectors: Cont.RO Triggers
      ITS:    -       -    
[INFO] MC-TRUTH 1
[INFO] TPC: GEM setup - initialization from scratch
[INFO] TPC: GEM setup (polya) took 8.25
[INFO] TPC is in grp? no; is skipped? no
[INFO] ITS is in grp? yes; is skipped? no
[INFO] MFT is in grp? no; is skipped? no
[INFO] TOF is in grp? no; is skipped? no
[INFO] FT0 is in grp? no; is skipped? no
[INFO] FV0 is in grp? no; is skipped? no
[INFO] EMC is in grp? no; is skipped? no
[INFO] HMP is in grp? no; is skipped? no
[INFO] ZDC is in grp? no; is skipped? no
[INFO] TRD is in grp? no; is skipped? no
[INFO] MCH is in grp? no; is skipped? no
[INFO] MID is in grp? no; is skipped? no
[INFO] FDD is in grp? no; is skipped? no
[INFO] PHS is in grp? no; is skipped? no
[INFO] CPV is in grp? no; is skipped? no
[INFO] Initialising O2 Data Processing Layer
[INFO] O2 Data Processing Layer initialised. We brake for nobody.
[INFO] Optimised build. O2DEBUG / LOG(DEBUG) / LOGF(DEBUG) / assert statement will not be shown.
[INFO] Redeployment of configuration asked.
[INFO] Starting internal-dpl-clock on pid 2100
[INFO] Starting SimReader on pid 2101
[INFO] Starting ITSDigitizer on pid 2102
[INFO] Starting GRPUpdater on pid 2103
[INFO] Starting ITSDigitWriter on pid 2104
[INFO] Redeployment of configuration done.
[2104:ITSDigitWriter]: [INFO] MC-TRUTH 1
[2100:internal-dpl-clock]: [INFO] MC-TRUTH 1
[2102:ITSDigitizer]: [INFO] MC-TRUTH 1
[2103:GRPUpdater]: [INFO] MC-TRUTH 1
[2101:SimReader]: [INFO] MC-TRUTH 1
[2103:GRPUpdater]: [INFO] Spawing new device GRPUpdater in process with pid 2103
[2104:ITSDigitWriter]: [INFO] Spawing new device ITSDigitWriter in process with pid 2104
[2102:ITSDigitizer]: [INFO] Spawing new device ITSDigitizer in process with pid 2102
[2100:internal-dpl-clock]: [INFO] Spawing new device internal-dpl-clock in process with pid 2100
[2102:ITSDigitizer]: [18:26:08][INFO] 
[2102:ITSDigitizer]:       ______      _    _______  _________ 
[2102:ITSDigitizer]:      / ____/___ _(_)_______   |/  /_  __ \    version 1.4.29
[2102:ITSDigitizer]:     / /_  / __ `/ / ___/__  /|_/ /_  / / /    build RELWITHDEBINFO
[2102:ITSDigitizer]:    / __/ / /_/ / / /    _  /  / / / /_/ /     https://github.com/FairRootGroup/FairMQ
[2102:ITSDigitizer]:   /_/    \__,_/_/_/     /_/  /_/  \___\_\     LGPL-3.0  © 2012-2020 GSI
[2102:ITSDigitizer]: 
[2103:GRPUpdater]: [18:26:08][INFO] 
[2103:GRPUpdater]:       ______      _    _______  _________ 
[2103:GRPUpdater]:      / ____/___ _(_)_______   |/  /_  __ \    version 1.4.29
[2103:GRPUpdater]:     / /_  / __ `/ / ___/__  /|_/ /_  / / /    build RELWITHDEBINFO
[2103:GRPUpdater]:    / __/ / /_/ / / /    _  /  / / / /_/ /     https://github.com/FairRootGroup/FairMQ
[2103:GRPUpdater]:   /_/    \__,_/_/_/     /_/  /_/  \___\_\     LGPL-3.0  © 2012-2020 GSI
[2103:GRPUpdater]: 
[2100:internal-dpl-clock]: [18:26:08][INFO] 
[2100:internal-dpl-clock]:       ______      _    _______  _________ 
[2100:internal-dpl-clock]:      / ____/___ _(_)_______   |/  /_  __ \    version 1.4.29
[2100:internal-dpl-clock]:     / /_  / __ `/ / ___/__  /|_/ /_  / / /    build RELWITHDEBINFO
[2100:internal-dpl-clock]:    / __/ / /_/ / / /    _  /  / / / /_/ /     https://github.com/FairRootGroup/FairMQ
[2100:internal-dpl-clock]:   /_/    \__,_/_/_/     /_/  /_/  \___\_\     LGPL-3.0  © 2012-2020 GSI
[2100:internal-dpl-clock]: 
[2104:ITSDigitWriter]: [18:26:08][INFO] 
[2104:ITSDigitWriter]:       ______      _    _______  _________ 
[2104:ITSDigitWriter]:      / ____/___ _(_)_______   |/  /_  __ \    version 1.4.29
[2104:ITSDigitWriter]:     / /_  / __ `/ / ___/__  /|_/ /_  / / /    build RELWITHDEBINFO
[2104:ITSDigitWriter]:    / __/ / /_/ / / /    _  /  / / / /_/ /     https://github.com/FairRootGroup/FairMQ
[2104:ITSDigitWriter]:   /_/    \__,_/_/_/     /_/  /_/  \___\_\     LGPL-3.0  © 2012-2020 GSI
[2104:ITSDigitWriter]: 
[2100:internal-dpl-clock]: [18:26:08][STATE] Starting FairMQ state machine --> IDLE
[2102:ITSDigitizer]: [18:26:08][STATE] Starting FairMQ state machine --> IDLE
[2103:GRPUpdater]: [18:26:08][STATE] Starting FairMQ state machine --> IDLE
[2104:ITSDigitWriter]: [18:26:08][STATE] Starting FairMQ state machine --> IDLE
[2101:SimReader]: [INFO] Spawing new device SimReader in process with pid 2101
[2103:GRPUpdater]: 2021-05-20 18:26:08	Monitoring	[0;49mStdOut backend initialized[0m
[2102:ITSDigitizer]: 2021-05-20 18:26:08	Monitoring	[0;49mStdOut backend initialized[0m
[2104:ITSDigitWriter]: 2021-05-20 18:26:08	Monitoring	[0;49mStdOut backend initialized[0m
[2100:internal-dpl-clock]: 2021-05-20 18:26:08	Monitoring	[0;49mStdOut backend initialized[0m
[2100:internal-dpl-clock]: [18:26:08][STATE] IDLE ---> INITIALIZING DEVICE
[2100:internal-dpl-clock]: 2021-05-20 18:26:08	Monitoring	[0;49mBuffering enabled (100)[0m
[2100:internal-dpl-clock]: [18:26:08][STATE] INITIALIZING DEVICE ---> INITIALIZED
[2100:internal-dpl-clock]: [18:26:08][STATE] INITIALIZED ---> BINDING
[2100:internal-dpl-clock]: [18:26:08][STATE] BINDING ---> BOUND
[2100:internal-dpl-clock]: [18:26:08][STATE] BOUND ---> CONNECTING
[2100:internal-dpl-clock]: [18:26:08][STATE] CONNECTING ---> DEVICE READY
[2100:internal-dpl-clock]: [18:26:08][STATE] DEVICE READY ---> INITIALIZING TASK
[2100:internal-dpl-clock]: [18:26:08][STATE] INITIALIZING TASK ---> READY
[2100:internal-dpl-clock]: [18:26:08][STATE] READY ---> RUNNING
[2100:internal-dpl-clock]: [18:26:08][INFO] DEVICE: Running...
[2101:SimReader]: [18:26:08][INFO] 
[2101:SimReader]:       ______      _    _______  _________ 
[2101:SimReader]:      / ____/___ _(_)_______   |/  /_  __ \    version 1.4.29
[2101:SimReader]:     / /_  / __ `/ / ___/__  /|_/ /_  / / /    build RELWITHDEBINFO
[2101:SimReader]:    / __/ / /_/ / / /    _  /  / / / /_/ /     https://github.com/FairRootGroup/FairMQ
[2101:SimReader]:   /_/    \__,_/_/_/     /_/  /_/  \___\_\     LGPL-3.0  © 2012-2020 GSI
[2101:SimReader]: 
[2101:SimReader]: [18:26:08][STATE] Starting FairMQ state machine --> IDLE
[2101:SimReader]: 2021-05-20 18:26:08	Monitoring	[0;49mStdOut backend initialized[0m
[2101:SimReader]: [18:26:08][STATE] IDLE ---> INITIALIZING DEVICE
[2101:SimReader]: 2021-05-20 18:26:08	Monitoring	[0;49mBuffering enabled (100)[0m
[2101:SimReader]: [18:26:08][INFO] adding o2sim
[2101:SimReader]: 
[2101:SimReader]: [18:26:08][INFO] INCONTEXTSTRING 
[2101:SimReader]: [18:26:08][INFO] Imposing hadronic interaction rate 50000Hz
[2101:SimReader]: [18:26:08][WARN] No bunch filling provided, impose default one
[2101:SimReader]: [18:26:08][INFO] Deducing mu=0.00771915 per BC from IR=50000 with 576 BCs
[2101:SimReader]: [18:26:08][INFO] InteractionSampler with 576 colliding BCs, mu(BC)= 0.00771915 -> total IR= 50000
[2101:SimReader]: [18:26:08][INFO] Current BCid:    0 Orbit:      1 |T in BC(ns): 0.000(0 coll left)
[2101:SimReader]: [18:26:08][INFO] setting up 1 chains
[2102:ITSDigitizer]: [18:26:08][STATE] IDLE ---> INITIALIZING DEVICE
[2102:ITSDigitizer]: 2021-05-20 18:26:08	Monitoring	[0;49mBuffering enabled (100)[0m
[2102:ITSDigitizer]: [18:26:08][INFO] Initializing geometry service
[2102:ITSDigitizer]: [18:26:08][INFO] Loading geometry FAIRGeom from o2sim_geometry.root
[2103:GRPUpdater]: [18:26:08][STATE] IDLE ---> INITIALIZING DEVICE
[2103:GRPUpdater]: 2021-05-20 18:26:08	Monitoring	[0;49mBuffering enabled (100)[0m
[2103:GRPUpdater]: [18:26:08][STATE] INITIALIZING DEVICE ---> INITIALIZED
[2103:GRPUpdater]: [18:26:08][STATE] INITIALIZED ---> BINDING
[2103:GRPUpdater]: [18:26:08][STATE] BINDING ---> BOUND
[2103:GRPUpdater]: [18:26:08][STATE] BOUND ---> CONNECTING
[2103:GRPUpdater]: [18:26:08][STATE] CONNECTING ---> DEVICE READY
[2103:GRPUpdater]: [18:26:08][STATE] DEVICE READY ---> INITIALIZING TASK
[2103:GRPUpdater]: [18:26:08][STATE] INITIALIZING TASK ---> READY
[2103:GRPUpdater]: [18:26:08][STATE] READY ---> RUNNING
[2103:GRPUpdater]: [18:26:08][INFO] DEVICE: Running...
[2104:ITSDigitWriter]: [18:26:08][STATE] IDLE ---> INITIALIZING DEVICE
[2104:ITSDigitWriter]: 2021-05-20 18:26:08	Monitoring	[0;49mBuffering enabled (100)[0m
[2104:ITSDigitWriter]: [18:26:08][INFO] 0: branch  ITSDigitMCTruth set up
[2104:ITSDigitWriter]: [18:26:08][INFO] 1: branch  ITSDigitMC2ROF set up
[2104:ITSDigitWriter]: [18:26:08][INFO] 2: branch  ITSDigit set up
[2104:ITSDigitWriter]: [18:26:08][INFO] 3: branch  ITSDigitROF set up
[2104:ITSDigitWriter]: [18:26:08][STATE] INITIALIZING DEVICE ---> INITIALIZED
[2104:ITSDigitWriter]: [18:26:08][STATE] INITIALIZED ---> BINDING
[2104:ITSDigitWriter]: [18:26:08][STATE] BINDING ---> BOUND
[2104:ITSDigitWriter]: [18:26:08][STATE] BOUND ---> CONNECTING
[2104:ITSDigitWriter]: [18:26:08][STATE] CONNECTING ---> DEVICE READY
[2104:ITSDigitWriter]: [18:26:08][STATE] DEVICE READY ---> INITIALIZING TASK
[2104:ITSDigitWriter]: [18:26:08][STATE] INITIALIZING TASK ---> READY
[2104:ITSDigitWriter]: [18:26:08][STATE] READY ---> RUNNING
[2104:ITSDigitWriter]: [18:26:08][INFO] DEVICE: Running...
[2102:ITSDigitizer]: Info in <TGeoManager::CloseGeometry>: Geometry loaded from file...
[2102:ITSDigitizer]: Info in <TGeoManager::SetTopVolume>: Top volume is cave. Master volume is cave
[2102:ITSDigitizer]: Info in <TGeoNavigator::BuildCache>: --- Maximum geometry depth set to 100
[2102:ITSDigitizer]: Info in <TGeoManager::CloseGeometry>: Voxelization retrieved from file
[2102:ITSDigitizer]: Info in <TGeoManager::CountLevels>: max level = 9, max placements = 126
[2102:ITSDigitizer]: Info in <TGeoManager::CloseGeometry>: 179840 nodes/ 399 volume UID's in FAIR geometry
[2102:ITSDigitizer]: Info in <TGeoManager::CloseGeometry>: ----------------modeler ready----------------
[2102:ITSDigitizer]: [18:26:09][INFO] Initializing field service
[2101:SimReader]: [18:26:09][INFO] Automatic deduction of number of collisions ... will just take number of background entries 10
[2101:SimReader]: Summary of DigitizationContext --
[2101:SimReader]: Parts per collision 1
[2101:SimReader]: Collision parts taken from simulations specified by prefix:
[2101:SimReader]: Number of Collisions 10
[2101:SimReader]: Collision 0 TIME BCid:   36 Orbit:      1 |T in BC(ns): 0.094 (0 , 0)
[2101:SimReader]: Collision 1 TIME BCid: 1998 Orbit:      1 |T in BC(ns): -0.248 (0 , 1)
[2101:SimReader]: Collision 2 TIME BCid:   44 Orbit:      2 |T in BC(ns): 0.334 (0 , 2)
[2101:SimReader]: Collision 3 TIME BCid:  422 Orbit:      3 |T in BC(ns): -0.077 (0 , 3)
[2101:SimReader]: Collision 4 TIME BCid:  624 Orbit:      3 |T in BC(ns): 0.071 (0 , 4)
[2101:SimReader]: Collision 5 TIME BCid:  960 Orbit:      3 |T in BC(ns): -0.073 (0 , 5)
[2101:SimReader]: Collision 6 TIME BCid: 1026 Orbit:      3 |T in BC(ns): 0.206 (0 , 6)
[2101:SimReader]: Collision 7 TIME BCid: 1624 Orbit:      3 |T in BC(ns): 0.073 (0 , 7)
[2101:SimReader]: Collision 8 TIME BCid: 1814 Orbit:      3 |T in BC(ns): 0.360 (0 , 8)
[2101:SimReader]: Collision 9 TIME BCid: 2178 Orbit:      3 |T in BC(ns): -0.164 (0 , 9)
[2101:SimReader]: [18:26:09][INFO] Initializing Spec ... have 10 times 
[2101:SimReader]: [18:26:09][INFO] Serializing Context for later reuse
[2102:ITSDigitizer]: [18:26:09][INFO] MagneticField::Print: MagneticFieldMap:
[2102:ITSDigitizer]: [18:26:09][INFO] MagneticField::Print: Solenoid (-1*)5 kG, Dipole ON (-1) 
[2102:ITSDigitizer]: [18:26:09][INFO] MagneticField::Print: Machine B fields for p-p  beam (7000 GeV): QGrad: 22.0002 Dipole: 37.8781
[2102:ITSDigitizer]: [18:26:09][INFO] MagneticField::Print: Uses Sol30_Dip6_Hole  of /cvmfs/alice.cern.ch/el7-x86_64/Packages/O2/nightly-20210129-1/share/Common/maps/mfchebKGI_sym.root
[2102:ITSDigitizer]: Info in <TGeoGlobalMagField::SetField>: Global magnetic field set to <MagneticFieldMap>
[2102:ITSDigitizer]: Info in <TGeoGlobalMagField::Lock>: Global magnetic field <MagneticFieldMap> is now locked
[2102:ITSDigitizer]: [18:26:09][INFO] Set Alpide charge threshold to 150, single hit will be accounted from 15 electrons
[2102:ITSDigitizer]: [18:26:09][INFO] ITS simulated in CONTINUOUS RO mode
[2102:ITSDigitizer]: [18:26:09][INFO] Loading ITS L2G matrices from TGeo
[2101:SimReader]: [18:26:09][STATE] INITIALIZING DEVICE ---> INITIALIZED
[2101:SimReader]: [18:26:09][STATE] INITIALIZED ---> BINDING
[2101:SimReader]: [18:26:09][STATE] BINDING ---> BOUND
[2101:SimReader]: [18:26:09][STATE] BOUND ---> CONNECTING
[2101:SimReader]: [18:26:09][STATE] CONNECTING ---> DEVICE READY
[2101:SimReader]: [18:26:09][STATE] DEVICE READY ---> INITIALIZING TASK
[2101:SimReader]: [18:26:09][STATE] INITIALIZING TASK ---> READY
[2101:SimReader]: [18:26:09][STATE] READY ---> RUNNING
[2101:SimReader]: [18:26:09][INFO] DEVICE: Running...
[2101:SimReader]: [18:26:09][INFO] SENDING SOMETHING TO OTHERS
[2102:ITSDigitizer]: Alpide response object of 40500 matrices to map chagre in xyz to 5x5 pixels
[2102:ITSDigitizer]: X(col) range: +0.000000e+00 : +1.462000e-03 | step: 5.000000e-05 | Nbins: 30
[2102:ITSDigitizer]: Y(row) range: +0.000000e+00 : +1.344000e-03 | step: 5.000000e-05 | Nbins: 27
[2102:ITSDigitizer]: Z(dpt) range: -2.000000e-03 : +2.500000e-03 | step: 8.999999e-05 | Nbins: 50
[2102:ITSDigitizer]: Alpide digitization params:
[2102:ITSDigitizer]: Continuous readout             : ON
[2102:ITSDigitizer]: Readout Frame Length(ns)       : 9880.510742
[2102:ITSDigitizer]: Strobe delay (ns)              : 99.803139
[2102:ITSDigitizer]: Strobe length (ns)             : 9780.708008
[2102:ITSDigitizer]: Threshold (N electrons)        : 150
[2102:ITSDigitizer]: Min N electrons to accoint     : 15
[2102:ITSDigitizer]: Number of charge sharing steps : 7
[2102:ITSDigitizer]: ELoss to N electrons factor    : 2.777778e+08
[2102:ITSDigitizer]: Noise level per pixel          : 1.000000e-07
[2102:ITSDigitizer]: Charge time-response:
[2102:ITSDigitizer]: o2::itsmft::AlpideSignalTrapezoid | Duration: 7500.0 MaxRiseTime: 1100.0 (RiseTime=0 at q=450.0) (ns)
[2102:ITSDigitizer]: [18:26:11][STATE] INITIALIZING DEVICE ---> INITIALIZED
[2102:ITSDigitizer]: [18:26:11][STATE] INITIALIZED ---> BINDING
[2102:ITSDigitizer]: [18:26:11][STATE] BINDING ---> BOUND
[2102:ITSDigitizer]: [18:26:11][STATE] BOUND ---> CONNECTING
[2102:ITSDigitizer]: [18:26:11][STATE] CONNECTING ---> DEVICE READY
[2102:ITSDigitizer]: [18:26:11][STATE] DEVICE READY ---> INITIALIZING TASK
[2102:ITSDigitizer]: [18:26:11][STATE] INITIALIZING TASK ---> READY
[2102:ITSDigitizer]: [18:26:11][STATE] READY ---> RUNNING
[2102:ITSDigitizer]: [18:26:11][INFO] DEVICE: Running...
[2102:ITSDigitizer]: [18:26:11][INFO] GOT 10 COLLISSION TIMES
[2102:ITSDigitizer]: [18:26:11][INFO] SIMCHAINS 1
[2102:ITSDigitizer]: [18:26:11][INFO]  CALLING ITS DIGITIZATION 
[2102:ITSDigitizer]: [18:26:11][INFO] Digitizing ITS hits of entry 0 from source 0 at time BCid:   36 Orbit:      1 |T in BC(ns): 0.094 ROFrame= 9) cont.mode: 1 Min/Max ROFrames 0/8
[2102:ITSDigitizer]: [18:26:11][INFO] Filling ITS digits output for RO frames 0:8
[2102:ITSDigitizer]: ROF: 0 | 1283 entries starting from 0
[2102:ITSDigitizer]: BCid:    0 Orbit:      0
[2102:ITSDigitizer]: ROF: 1 | 1267 entries starting from 1283
[2102:ITSDigitizer]: BCid:  396 Orbit:      0
[2102:ITSDigitizer]: ROF: 2 | 1323 entries starting from 2550
[2102:ITSDigitizer]: BCid:  792 Orbit:      0
[2102:ITSDigitizer]: ROF: 3 | 1229 entries starting from 3873
[2102:ITSDigitizer]: BCid: 1188 Orbit:      0
[2102:ITSDigitizer]: ROF: 4 | 1245 entries starting from 5102
[2102:ITSDigitizer]: BCid: 1584 Orbit:      0
[2102:ITSDigitizer]: ROF: 5 | 1248 entries starting from 6347
[2102:ITSDigitizer]: BCid: 1980 Orbit:      0
[2102:ITSDigitizer]: ROF: 6 | 1259 entries starting from 7595
[2102:ITSDigitizer]: BCid: 2376 Orbit:      0
[2102:ITSDigitizer]: ROF: 7 | 1258 entries starting from 8854
[2102:ITSDigitizer]: BCid: 2772 Orbit:      0
[2102:ITSDigitizer]: ROF: 8 | 1247 entries starting from 10112
[2102:ITSDigitizer]: BCid: 3168 Orbit:      0
[2102:ITSDigitizer]: [18:26:12][INFO] Added 11359 digits 
[2102:ITSDigitizer]: [18:26:12][INFO] Digitizing ITS hits of entry 1 from source 0 at time BCid: 1998 Orbit:      1 |T in BC(ns): -0.248 ROFrame= 14) cont.mode: 1 Min/Max ROFrames 9/13
[2102:ITSDigitizer]: [18:26:12][INFO] Filling ITS digits output for RO frames 9:13
[2102:ITSDigitizer]: ROF: 9 | 157686 entries starting from 11359
[2102:ITSDigitizer]: BCid:    0 Orbit:      1
[2102:ITSDigitizer]: MCEventID: 0 ROFs: 9-10 Entry in ROFRecords: 9
[2102:ITSDigitizer]: ROF: 10 | 1859 entries starting from 169045
[2102:ITSDigitizer]: BCid:  396 Orbit:      1
[2102:ITSDigitizer]: ROF: 11 | 1341 entries starting from 170904
[2102:ITSDigitizer]: BCid:  792 Orbit:      1
[2102:ITSDigitizer]: ROF: 12 | 1251 entries starting from 172245
[2102:ITSDigitizer]: BCid: 1188 Orbit:      1
[2102:ITSDigitizer]: ROF: 13 | 1155 entries starting from 173496
[2102:ITSDigitizer]: BCid: 1584 Orbit:      1
[2102:ITSDigitizer]: [18:26:12][INFO] Added 163292 digits 
[2102:ITSDigitizer]: [18:26:12][INFO] Digitizing ITS hits of entry 2 from source 0 at time BCid:   44 Orbit:      2 |T in BC(ns): 0.334 ROFrame= 18) cont.mode: 1 Min/Max ROFrames 14/17
[2102:ITSDigitizer]: [18:26:12][INFO] Filling ITS digits output for RO frames 14:17
[2102:ITSDigitizer]: ROF: 14 | 10669 entries starting from 174651
[2102:ITSDigitizer]: BCid: 1980 Orbit:      1
[2102:ITSDigitizer]: MCEventID: 1 ROFs: 14-14 Entry in ROFRecords: 14
[2102:ITSDigitizer]: ROF: 15 | 1267 entries starting from 185320
[2102:ITSDigitizer]: BCid: 2376 Orbit:      1
[2102:ITSDigitizer]: ROF: 16 | 1254 entries starting from 186587
[2102:ITSDigitizer]: BCid: 2772 Orbit:      1
[2102:ITSDigitizer]: ROF: 17 | 1206 entries starting from 187841
[2102:ITSDigitizer]: BCid: 3168 Orbit:      1
[2102:ITSDigitizer]: [18:26:12][INFO] Added 14396 digits 
[2102:ITSDigitizer]: [18:26:12][INFO] Digitizing ITS hits of entry 3 from source 0 at time BCid:  422 Orbit:      3 |T in BC(ns): -0.077 ROFrame= 28) cont.mode: 1 Min/Max ROFrames 18/27
[2102:ITSDigitizer]: [18:26:12][INFO] Filling ITS digits output for RO frames 18:27
[2102:ITSDigitizer]: ROF: 18 | 4355 entries starting from 189047
[2102:ITSDigitizer]: BCid:    0 Orbit:      2
[2102:ITSDigitizer]: MCEventID: 2 ROFs: 18-18 Entry in ROFRecords: 18
[2102:ITSDigitizer]: ROF: 19 | 1247 entries starting from 193402
[2102:ITSDigitizer]: BCid:  396 Orbit:      2
[2102:ITSDigitizer]: ROF: 20 | 1222 entries starting from 194649
[2102:ITSDigitizer]: BCid:  792 Orbit:      2
[2102:ITSDigitizer]: ROF: 21 | 1251 entries starting from 195871
[2102:ITSDigitizer]: BCid: 1188 Orbit:      2
[2102:ITSDigitizer]: ROF: 22 | 1281 entries starting from 197122
[2102:ITSDigitizer]: BCid: 1584 Orbit:      2
[2102:ITSDigitizer]: ROF: 23 | 1275 entries starting from 198403
[2102:ITSDigitizer]: BCid: 1980 Orbit:      2
[2102:ITSDigitizer]: ROF: 24 | 1292 entries starting from 199678
[2102:ITSDigitizer]: BCid: 2376 Orbit:      2
[2102:ITSDigitizer]: ROF: 25 | 1255 entries starting from 200970
[2102:ITSDigitizer]: BCid: 2772 Orbit:      2
[2102:ITSDigitizer]: ROF: 26 | 1211 entries starting from 202225
[2102:ITSDigitizer]: BCid: 3168 Orbit:      2
[2102:ITSDigitizer]: ROF: 27 | 1248 entries starting from 203436
[2102:ITSDigitizer]: BCid:    0 Orbit:      3
[2102:ITSDigitizer]: [18:26:13][INFO] Added 15637 digits 
[2102:ITSDigitizer]: [18:26:13][INFO] Digitizing ITS hits of entry 4 from source 0 at time BCid:  624 Orbit:      3 |T in BC(ns): 0.071 ROFrame= 28) cont.mode: 1 Min/Max ROFrames 28/30
[2102:ITSDigitizer]: [18:26:13][INFO] Digitizing ITS hits of entry 5 from source 0 at time BCid:  960 Orbit:      3 |T in BC(ns): -0.073 ROFrame= 29) cont.mode: 1 Min/Max ROFrames 28/30
[2102:ITSDigitizer]: [18:26:13][INFO] Filling ITS digits output for RO frames 28:28
[2102:ITSDigitizer]: ROF: 28 | 232172 entries starting from 204684
[2102:ITSDigitizer]: BCid:  396 Orbit:      3
[2102:ITSDigitizer]: MCEventID: 3 ROFs: 28-30 Entry in ROFRecords: 28
[2102:ITSDigitizer]: MCEventID: 4 ROFs: 28-29 Entry in ROFRecords: 28
[2102:ITSDigitizer]: [18:26:13][INFO] Added 232172 digits 
[2102:ITSDigitizer]: [18:26:14][INFO] Digitizing ITS hits of entry 6 from source 0 at time BCid: 1026 Orbit:      3 |T in BC(ns): 0.206 ROFrame= 29) cont.mode: 1 Min/Max ROFrames 29/30
[2102:ITSDigitizer]: [18:26:15][INFO] Digitizing ITS hits of entry 7 from source 0 at time BCid: 1624 Orbit:      3 |T in BC(ns): 0.073 ROFrame= 31) cont.mode: 1 Min/Max ROFrames 29/31
[2102:ITSDigitizer]: [18:26:15][INFO] Filling ITS digits output for RO frames 29:30
[2102:ITSDigitizer]: ROF: 29 | 519322 entries starting from 436856
[2102:ITSDigitizer]: BCid:  792 Orbit:      3
[2102:ITSDigitizer]: MCEventID: 5 ROFs: 29-30 Entry in ROFRecords: 29
[2102:ITSDigitizer]: MCEventID: 6 ROFs: 29-31 Entry in ROFRecords: 29
[2102:ITSDigitizer]: ROF: 30 | 489974 entries starting from 956178
[2102:ITSDigitizer]: BCid: 1188 Orbit:      3
[2102:ITSDigitizer]: [18:26:15][INFO] Added 1009296 digits 
[2102:ITSDigitizer]: [18:26:15][INFO] Digitizing ITS hits of entry 8 from source 0 at time BCid: 1814 Orbit:      3 |T in BC(ns): 0.360 ROFrame= 31) cont.mode: 1 Min/Max ROFrames 31/32
[2102:ITSDigitizer]: [18:26:15][INFO] Digitizing ITS hits of entry 9 from source 0 at time BCid: 2178 Orbit:      3 |T in BC(ns): -0.164 ROFrame= 32) cont.mode: 1 Min/Max ROFrames 31/32
[2102:ITSDigitizer]: [18:26:15][INFO] Filling ITS digits output for RO frames 31:31
[2102:ITSDigitizer]: ROF: 31 | 12413 entries starting from 1446152
[2102:ITSDigitizer]: BCid: 1584 Orbit:      3
[2102:ITSDigitizer]: MCEventID: 7 ROFs: 31-32 Entry in ROFRecords: 31
[2102:ITSDigitizer]: MCEventID: 8 ROFs: 31-32 Entry in ROFRecords: 31
[2102:ITSDigitizer]: [18:26:15][INFO] Added 12413 digits 
[2102:ITSDigitizer]: [18:26:15][INFO] Filling ITS digits output for RO frames 32:33
[2102:ITSDigitizer]: ROF: 32 | 3286 entries starting from 1458565
[2102:ITSDigitizer]: BCid: 1980 Orbit:      3
[2102:ITSDigitizer]: MCEventID: 9 ROFs: 32-33 Entry in ROFRecords: 32
[2102:ITSDigitizer]: ROF: 33 | 2315 entries starting from 1461851
[2102:ITSDigitizer]: BCid: 2376 Orbit:      3
[2102:ITSDigitizer]: [18:26:15][INFO] Added 5601 digits 
[2102:ITSDigitizer]: [18:26:15][INFO] ITS: Sending ROMode= 3 to GRPUpdater
[2102:ITSDigitizer]: [18:26:15][INFO] Digitization took 4.04s
[2104:ITSDigitWriter]: [18:26:15][INFO] WRITING 1473528 LABELS 
[2103:GRPUpdater]: [18:26:15][INFO] Updated GRP in o2sim_grp.root for detectors RO mode
[2103:GRPUpdater]: Run: 1621527736
[2103:GRPUpdater]: Fill:      0
[2103:GRPUpdater]: Period: 
[2103:GRPUpdater]: LHC State: 
[2103:GRPUpdater]: Start: Thu May 20 18:22:18 2021
[2103:GRPUpdater]: End  : Thu May 20 18:22:19 2021
[2103:GRPUpdater]: Beam0: Z:A =   0:  0, Energy = 0.000
[2103:GRPUpdater]: Beam1: Z:A =   0:  0, Energy = 0.000
[2103:GRPUpdater]: sqrt[s]    = 0.000
[2103:GRPUpdater]: crossing angle (radian) = 0.000000e+00
[2103:GRPUpdater]: magnet currents (A) L3 = -30000.000, Dipole = -6000
[2103:GRPUpdater]: Detectors: Cont.RO Triggers
[2103:GRPUpdater]:       ITS:    +       -    
[2104:ITSDigitWriter]: [18:26:16][INFO] RECEIVED DIGITS SIZE 1464166
[INFO] Quitting
[INFO] QUIT_REQUESTED
[2100:internal-dpl-clock]: [18:26:16][INFO] Received device shutdown request (signal 15).
[2100:internal-dpl-clock]: [18:26:16][INFO] Waiting for graceful device shutdown. Hit Ctrl-C again to abort immediately.
[2102:ITSDigitizer]: [18:26:16][INFO] Received device shutdown request (signal 15).
[2102:ITSDigitizer]: [18:26:16][INFO] Waiting for graceful device shutdown. Hit Ctrl-C again to abort immediately.
[2104:ITSDigitWriter]: [18:26:16][INFO] Received device shutdown request (signal 15).
[2104:ITSDigitWriter]: [18:26:16][INFO] Waiting for graceful device shutdown. Hit Ctrl-C again to abort immediately.
[2103:GRPUpdater]: [18:26:16][INFO] Received device shutdown request (signal 15).
[2103:GRPUpdater]: [18:26:16][INFO] Waiting for graceful device shutdown. Hit Ctrl-C again to abort immediately.
[2101:SimReader]: [18:26:16][INFO] Received device shutdown request (signal 15).
[2101:SimReader]: [18:26:16][INFO] Waiting for graceful device shutdown. Hit Ctrl-C again to abort immediately.
[2101:SimReader]: [18:26:16][STATE] RUNNING ---> READY
[2101:SimReader]: [18:26:16][STATE] READY ---> RESETTING TASK
[2101:SimReader]: [18:26:16][STATE] RESETTING TASK ---> DEVICE READY
[2101:SimReader]: [18:26:16][STATE] DEVICE READY ---> RESETTING DEVICE
[2101:SimReader]: [18:26:16][STATE] RESETTING DEVICE ---> IDLE
[2101:SimReader]: [18:26:16][STATE] IDLE ---> EXITING
[2101:SimReader]: [18:26:16][STATE] Exiting FairMQ state machine
[2102:ITSDigitizer]: [18:26:16][STATE] RUNNING ---> READY
[2103:GRPUpdater]: [18:26:16][STATE] RUNNING ---> READY
[2103:GRPUpdater]: [18:26:16][STATE] READY ---> RESETTING TASK
[2103:GRPUpdater]: [18:26:16][STATE] RESETTING TASK ---> DEVICE READY
[2100:internal-dpl-clock]: [18:26:16][STATE] RUNNING ---> READY
[2102:ITSDigitizer]: [18:26:16][STATE] READY ---> RESETTING TASK
[2102:ITSDigitizer]: [18:26:16][STATE] RESETTING TASK ---> DEVICE READY
[2100:internal-dpl-clock]: [18:26:16][STATE] READY ---> RESETTING TASK
[2100:internal-dpl-clock]: [18:26:16][STATE] RESETTING TASK ---> DEVICE READY
[2100:internal-dpl-clock]: [18:26:16][STATE] DEVICE READY ---> RESETTING DEVICE
[2103:GRPUpdater]: [18:26:16][STATE] DEVICE READY ---> RESETTING DEVICE
[2102:ITSDigitizer]: [18:26:16][STATE] DEVICE READY ---> RESETTING DEVICE
[2100:internal-dpl-clock]: [18:26:16][STATE] RESETTING DEVICE ---> IDLE
[2100:internal-dpl-clock]: [18:26:16][STATE] IDLE ---> EXITING
[2100:internal-dpl-clock]: [18:26:16][STATE] Exiting FairMQ state machine
[2103:GRPUpdater]: [18:26:16][STATE] RESETTING DEVICE ---> IDLE
[2102:ITSDigitizer]: [18:26:16][STATE] RESETTING DEVICE ---> IDLE
[2102:ITSDigitizer]: [18:26:16][STATE] IDLE ---> EXITING
[2102:ITSDigitizer]: [18:26:16][STATE] Exiting FairMQ state machine
[2103:GRPUpdater]: [18:26:16][STATE] IDLE ---> EXITING
[2103:GRPUpdater]: [18:26:16][STATE] Exiting FairMQ state machine
[2104:ITSDigitWriter]: [18:26:18][STATE] RUNNING ---> READY
[2104:ITSDigitWriter]: [18:26:18][STATE] READY ---> RESETTING TASK
[2104:ITSDigitWriter]: [18:26:18][STATE] RESETTING TASK ---> DEVICE READY
[2104:ITSDigitWriter]: [18:26:18][STATE] DEVICE READY ---> RESETTING DEVICE
[2104:ITSDigitWriter]: Cleaning up for shared memory id 'ca2969e8'...
[2104:ITSDigitWriter]: No region counter found. No regions to cleanup.
[2104:ITSDigitWriter]: Successfully removed 'fmq_ca2969e8_m_0'.
[2104:ITSDigitWriter]: Successfully removed 'fmq_ca2969e8_mng'.
[2104:ITSDigitWriter]: Successfully removed 'fmq_ca2969e8_mtx'.
[2104:ITSDigitWriter]: Successfully removed 'fmq_ca2969e8_cv'.
[2104:ITSDigitWriter]: [18:26:18][STATE] RESETTING DEVICE ---> IDLE
[2104:ITSDigitWriter]: [18:26:18][STATE] IDLE ---> EXITING
[2104:ITSDigitWriter]: [18:26:18][STATE] Exiting FairMQ state machine
[INFO] Dumping used configuration in dpl-config.json

==============================================================================================
3. Tracking
[INFO] Initialising O2 Data Processing Layer
[INFO] O2 Data Processing Layer initialised. We brake for nobody.
[INFO] Optimised build. O2DEBUG / LOG(DEBUG) / LOGF(DEBUG) / assert statement will not be shown.
[INFO] Redeployment of configuration asked.
[INFO] Starting internal-dpl-clock on pid 3183
[INFO] Starting its-digit-reader on pid 3184
[INFO] Starting its-clusterer on pid 3185
[INFO] Starting its-cluster-writer on pid 3186
[INFO] Starting its-tracker on pid 3187
[INFO] Starting its-track-writer on pid 3188
[INFO] Redeployment of configuration done.
[3183:internal-dpl-clock]: [INFO] Spawing new device internal-dpl-clock in process with pid 3183
[3185:its-clusterer]: [INFO] Spawing new device its-clusterer in process with pid 3185
[3186:its-cluster-writer]: [INFO] Spawing new device its-cluster-writer in process with pid 3186
[3187:its-tracker]: [INFO] Spawing new device its-tracker in process with pid 3187
[3184:its-digit-reader]: [INFO] Spawing new device its-digit-reader in process with pid 3184
[3183:internal-dpl-clock]: [18:28:36][INFO] 
[3183:internal-dpl-clock]:       ______      _    _______  _________ 
[3183:internal-dpl-clock]:      / ____/___ _(_)_______   |/  /_  __ \    version 1.4.29
[3183:internal-dpl-clock]:     / /_  / __ `/ / ___/__  /|_/ /_  / / /    build RELWITHDEBINFO
[3183:internal-dpl-clock]:    / __/ / /_/ / / /    _  /  / / / /_/ /     https://github.com/FairRootGroup/FairMQ
[3183:internal-dpl-clock]:   /_/    \__,_/_/_/     /_/  /_/  \___\_\     LGPL-3.0  © 2012-2020 GSI
[3183:internal-dpl-clock]: 
[3183:internal-dpl-clock]: [18:28:36][STATE] Starting FairMQ state machine --> IDLE
[3185:its-clusterer]: [18:28:36][INFO] 
[3185:its-clusterer]:       ______      _    _______  _________ 
[3185:its-clusterer]:      / ____/___ _(_)_______   |/  /_  __ \    version 1.4.29
[3185:its-clusterer]:     / /_  / __ `/ / ___/__  /|_/ /_  / / /    build RELWITHDEBINFO
[3185:its-clusterer]:    / __/ / /_/ / / /    _  /  / / / /_/ /     https://github.com/FairRootGroup/FairMQ
[3185:its-clusterer]:   /_/    \__,_/_/_/     /_/  /_/  \___\_\     LGPL-3.0  © 2012-2020 GSI
[3185:its-clusterer]: 
[3185:its-clusterer]: [18:28:36][STATE] Starting FairMQ state machine --> IDLE
[3186:its-cluster-writer]: [18:28:36][INFO] 
[3186:its-cluster-writer]:       ______      _    _______  _________ 
[3186:its-cluster-writer]:      / ____/___ _(_)_______   |/  /_  __ \    version 1.4.29
[3186:its-cluster-writer]:     / /_  / __ `/ / ___/__  /|_/ /_  / / /    build RELWITHDEBINFO
[3186:its-cluster-writer]:    / __/ / /_/ / / /    _  /  / / / /_/ /     https://github.com/FairRootGroup/FairMQ
[3186:its-cluster-writer]:   /_/    \__,_/_/_/     /_/  /_/  \___\_\     LGPL-3.0  © 2012-2020 GSI
[3186:its-cluster-writer]: 
[3186:its-cluster-writer]: [18:28:36][STATE] Starting FairMQ state machine --> IDLE
[3187:its-tracker]: [18:28:36][INFO] 
[3187:its-tracker]:       ______      _    _______  _________ 
[3187:its-tracker]:      / ____/___ _(_)_______   |/  /_  __ \    version 1.4.29
[3187:its-tracker]:     / /_  / __ `/ / ___/__  /|_/ /_  / / /    build RELWITHDEBINFO
[3187:its-tracker]:    / __/ / /_/ / / /    _  /  / / / /_/ /     https://github.com/FairRootGroup/FairMQ
[3187:its-tracker]:   /_/    \__,_/_/_/     /_/  /_/  \___\_\     LGPL-3.0  © 2012-2020 GSI
[3187:its-tracker]: 
[3187:its-tracker]: [18:28:36][STATE] Starting FairMQ state machine --> IDLE
[3184:its-digit-reader]: [18:28:36][INFO] 
[3184:its-digit-reader]:       ______      _    _______  _________ 
[3184:its-digit-reader]:      / ____/___ _(_)_______   |/  /_  __ \    version 1.4.29
[3184:its-digit-reader]:     / /_  / __ `/ / ___/__  /|_/ /_  / / /    build RELWITHDEBINFO
[3184:its-digit-reader]:    / __/ / /_/ / / /    _  /  / / / /_/ /     https://github.com/FairRootGroup/FairMQ
[3184:its-digit-reader]:   /_/    \__,_/_/_/     /_/  /_/  \___\_\     LGPL-3.0  © 2012-2020 GSI
[3184:its-digit-reader]: 
[3184:its-digit-reader]: [18:28:36][STATE] Starting FairMQ state machine --> IDLE
[3188:its-track-writer]: [INFO] Spawing new device its-track-writer in process with pid 3188
[3183:internal-dpl-clock]: 2021-05-20 18:28:36	Monitoring	[0;49mStdOut backend initialized[0m
[3183:internal-dpl-clock]: [18:28:36][STATE] IDLE ---> INITIALIZING DEVICE
[3184:its-digit-reader]: 2021-05-20 18:28:36	Monitoring	[0;49mStdOut backend initialized[0m
[3185:its-clusterer]: 2021-05-20 18:28:36	Monitoring	[0;49mStdOut backend initialized[0m
[3186:its-cluster-writer]: 2021-05-20 18:28:36	Monitoring	[0;49mStdOut backend initialized[0m
[3187:its-tracker]: 2021-05-20 18:28:36	Monitoring	[0;49mStdOut backend initialized[0m
[3183:internal-dpl-clock]: 2021-05-20 18:28:36	Monitoring	[0;49mBuffering enabled (100)[0m
[3183:internal-dpl-clock]: [18:28:36][STATE] INITIALIZING DEVICE ---> INITIALIZED
[3183:internal-dpl-clock]: [18:28:36][STATE] INITIALIZED ---> BINDING
[3183:internal-dpl-clock]: [18:28:36][STATE] BINDING ---> BOUND
[3183:internal-dpl-clock]: [18:28:36][STATE] BOUND ---> CONNECTING
[3183:internal-dpl-clock]: [18:28:36][STATE] CONNECTING ---> DEVICE READY
[3183:internal-dpl-clock]: [18:28:36][STATE] DEVICE READY ---> INITIALIZING TASK
[3183:internal-dpl-clock]: [18:28:36][STATE] INITIALIZING TASK ---> READY
[3183:internal-dpl-clock]: [18:28:36][STATE] READY ---> RUNNING
[3183:internal-dpl-clock]: [18:28:36][INFO] DEVICE: Running...
[3184:its-digit-reader]: [18:28:36][STATE] IDLE ---> INITIALIZING DEVICE
[3184:its-digit-reader]: 2021-05-20 18:28:36	Monitoring	[0;49mBuffering enabled (100)[0m
[3185:its-clusterer]: [18:28:36][STATE] IDLE ---> INITIALIZING DEVICE
[3185:its-clusterer]: 2021-05-20 18:28:36	Monitoring	[0;49mBuffering enabled (100)[0m
[3186:its-cluster-writer]: [18:28:36][STATE] IDLE ---> INITIALIZING DEVICE
[3187:its-tracker]: [18:28:36][STATE] IDLE ---> INITIALIZING DEVICE
[3187:its-tracker]: 2021-05-20 18:28:36	Monitoring	[0;49mBuffering enabled (100)[0m
[3187:its-tracker]: [18:28:36][INFO] Created GPUReconstruction instance for device type CPU (1) 
[3188:its-track-writer]: [18:28:36][INFO] 
[3188:its-track-writer]:       ______      _    _______  _________ 
[3188:its-track-writer]:      / ____/___ _(_)_______   |/  /_  __ \    version 1.4.29
[3188:its-track-writer]:     / /_  / __ `/ / ___/__  /|_/ /_  / / /    build RELWITHDEBINFO
[3188:its-track-writer]:    / __/ / /_/ / / /    _  /  / / / /_/ /     https://github.com/FairRootGroup/FairMQ
[3188:its-track-writer]:   /_/    \__,_/_/_/     /_/  /_/  \___\_\     LGPL-3.0  © 2012-2020 GSI
[3188:its-track-writer]: 
[3188:its-track-writer]: [18:28:36][STATE] Starting FairMQ state machine --> IDLE
[3188:its-track-writer]: 2021-05-20 18:28:36	Monitoring	[0;49mStdOut backend initialized[0m
[3188:its-track-writer]: [18:28:36][STATE] IDLE ---> INITIALIZING DEVICE
[3184:its-digit-reader]: [18:28:36][STATE] INITIALIZING DEVICE ---> INITIALIZED
[3184:its-digit-reader]: [18:28:36][STATE] INITIALIZED ---> BINDING
[3184:its-digit-reader]: [18:28:36][STATE] BINDING ---> BOUND
[3184:its-digit-reader]: [18:28:36][STATE] BOUND ---> CONNECTING
[3184:its-digit-reader]: [18:28:36][STATE] CONNECTING ---> DEVICE READY
[3184:its-digit-reader]: [18:28:36][STATE] DEVICE READY ---> INITIALIZING TASK
[3184:its-digit-reader]: [18:28:36][STATE] INITIALIZING TASK ---> READY
[3184:its-digit-reader]: [18:28:36][STATE] READY ---> RUNNING
[3184:its-digit-reader]: [18:28:36][INFO] DEVICE: Running...
[3185:its-clusterer]: [18:28:36][INFO] Dictionary ITSdictionary.bin is absent, ITSClusterer expects cluster patterns
[3185:its-clusterer]: [18:28:36][INFO] Clusterizer masks overflow pixels separated by < 406 BC and <= 0 in row/col
[3185:its-clusterer]: [18:28:36][INFO] Inclusive clusterization timing (w/o disk IO): Cpu: 0 Real: 0 s in 1 slots
[3185:its-clusterer]: [18:28:36][INFO] Threads output merging timing                : Cpu: 0 Real: 0 s in 1 slots
[3185:its-clusterer]: [18:28:36][STATE] INITIALIZING DEVICE ---> INITIALIZED
[3185:its-clusterer]: [18:28:36][STATE] INITIALIZED ---> BINDING
[3185:its-clusterer]: [18:28:36][STATE] BINDING ---> BOUND
[3185:its-clusterer]: [18:28:36][STATE] BOUND ---> CONNECTING
[3185:its-clusterer]: [18:28:36][STATE] CONNECTING ---> DEVICE READY
[3185:its-clusterer]: [18:28:36][STATE] DEVICE READY ---> INITIALIZING TASK
[3185:its-clusterer]: [18:28:36][STATE] INITIALIZING TASK ---> READY
[3185:its-clusterer]: [18:28:36][STATE] READY ---> RUNNING
[3185:its-clusterer]: [18:28:36][INFO] DEVICE: Running...
[3186:its-cluster-writer]: 2021-05-20 18:28:36	Monitoring	[0;49mBuffering enabled (100)[0m
[3186:its-cluster-writer]: [18:28:36][INFO] 0: branch  ITSClusterComp set up
[3186:its-cluster-writer]: [18:28:36][INFO] 1: branch  ITSClusterPatt set up
[3186:its-cluster-writer]: [18:28:36][INFO] 2: branch  ITSClustersROF set up
[3186:its-cluster-writer]: [18:28:36][INFO] 3: branch  ITSClusterMCTruth set up
[3186:its-cluster-writer]: [18:28:36][INFO] 4: branch  ITSClustersMC2ROF set up
[3186:its-cluster-writer]: [18:28:36][STATE] INITIALIZING DEVICE ---> INITIALIZED
[3186:its-cluster-writer]: [18:28:36][STATE] INITIALIZED ---> BINDING
[3186:its-cluster-writer]: [18:28:36][STATE] BINDING ---> BOUND
[3186:its-cluster-writer]: [18:28:36][STATE] BOUND ---> CONNECTING
[3186:its-cluster-writer]: [18:28:36][STATE] CONNECTING ---> DEVICE READY
[3186:its-cluster-writer]: [18:28:36][STATE] DEVICE READY ---> INITIALIZING TASK
[3186:its-cluster-writer]: [18:28:36][STATE] INITIALIZING TASK ---> READY
[3186:its-cluster-writer]: [18:28:36][STATE] READY ---> RUNNING
[3186:its-cluster-writer]: [18:28:36][INFO] DEVICE: Running...
[3187:its-tracker]: [18:28:36][INFO] MagneticField::Print: MagneticFieldMap:
[3187:its-tracker]: [18:28:36][INFO] MagneticField::Print: Solenoid (-1*)5 kG, Dipole ON (-1) 
[3187:its-tracker]: [18:28:36][INFO] MagneticField::Print: Machine B fields for p-p  beam (7000 GeV): QGrad: 22.0002 Dipole: 37.8781
[3187:its-tracker]: [18:28:36][INFO] MagneticField::Print: Uses Sol30_Dip6_Hole  of /cvmfs/alice.cern.ch/el7-x86_64/Packages/O2/nightly-20210129-1/share/Common/maps/mfchebKGI_sym.root
[3187:its-tracker]: Info in <TGeoGlobalMagField::SetField>: Global magnetic field set to <MagneticFieldMap>
[3187:its-tracker]: Info in <TGeoGlobalMagField::Lock>: Global magnetic field <MagneticFieldMap> is now locked
[3187:its-tracker]: [18:28:36][INFO] Loading geometry FAIRGeom from o2sim_geometry.root
[3188:its-track-writer]: 2021-05-20 18:28:36	Monitoring	[0;49mBuffering enabled (100)[0m
[3188:its-track-writer]: [18:28:36][INFO] 0: branch  ITSTrack set up
[3188:its-track-writer]: [18:28:36][INFO] 1: branch  ITSTrackClusIdx set up
[3188:its-track-writer]: [18:28:36][INFO] 2: branch  Vertices set up
[3188:its-track-writer]: [18:28:36][INFO] 3: branch  VerticesROF set up
[3188:its-track-writer]: [18:28:36][INFO] 4: branch  ITSTracksROF set up
[3188:its-track-writer]: [18:28:36][INFO] 5: branch  ITSTrackMCTruth set up
[3188:its-track-writer]: [18:28:36][INFO] 6: branch  ITSTracksMC2ROF set up
[3188:its-track-writer]: [18:28:36][STATE] INITIALIZING DEVICE ---> INITIALIZED
[3188:its-track-writer]: [18:28:36][STATE] INITIALIZED ---> BINDING
[3188:its-track-writer]: [18:28:36][STATE] BINDING ---> BOUND
[3188:its-track-writer]: [18:28:36][STATE] BOUND ---> CONNECTING
[3188:its-track-writer]: [18:28:36][STATE] CONNECTING ---> DEVICE READY
[3188:its-track-writer]: [18:28:36][STATE] DEVICE READY ---> INITIALIZING TASK
[3188:its-track-writer]: [18:28:36][STATE] INITIALIZING TASK ---> READY
[3188:its-track-writer]: [18:28:36][STATE] READY ---> RUNNING
[3188:its-track-writer]: [18:28:36][INFO] DEVICE: Running...
[3187:its-tracker]: Info in <TGeoManager::CloseGeometry>: Geometry loaded from file...
[3187:its-tracker]: Info in <TGeoManager::SetTopVolume>: Top volume is cave. Master volume is cave
[3187:its-tracker]: Info in <TGeoNavigator::BuildCache>: --- Maximum geometry depth set to 100
[3187:its-tracker]: Info in <TGeoManager::CloseGeometry>: Voxelization retrieved from file
[3187:its-tracker]: Info in <TGeoManager::CountLevels>: max level = 9, max placements = 126
[3187:its-tracker]: Info in <TGeoManager::CloseGeometry>: 179840 nodes/ 399 volume UID's in FAIR geometry
[3187:its-tracker]: Info in <TGeoManager::CloseGeometry>: ----------------modeler ready----------------
[3187:its-tracker]: [18:28:37][INFO] Loading ITS T2L matrices from TGeo
[3187:its-tracker]: [18:28:37][WARN] It is faster to use 2D rotation for T2G instead of full Transform3D matrices
[3187:its-tracker]: [18:28:37][INFO] Loading ITS T2G matrices from TGeo
[3184:its-digit-reader]: [18:28:37][INFO] ITSDigitReader pushed 1464166 digits, in 34 RO frames
[3185:its-clusterer]: [18:28:37][INFO] ITSClusterer pulled 1464166 digits, in 34 RO frames
[3185:its-clusterer]: [18:28:37][INFO] ITSClusterer pulled 1473528 labels 
[3187:its-tracker]: [18:28:37][INFO] Loading ITS T2G rotation 2D matrices
[3187:its-tracker]: [18:28:37][INFO] Initializing tracker in sync. phase reconstruction with 1 passes
[3187:its-tracker]: [18:28:37][INFO] Not using lookup table for material budget approximation
[3187:its-tracker]: [18:28:37][INFO] Dictionary ITSdictionary.bin is absent, Tracker expects cluster patterns
[3187:its-tracker]: [18:28:37][STATE] INITIALIZING DEVICE ---> INITIALIZED
[3187:its-tracker]: [18:28:37][STATE] INITIALIZED ---> BINDING
[3187:its-tracker]: [18:28:37][STATE] BINDING ---> BOUND
[3187:its-tracker]: [18:28:37][STATE] BOUND ---> CONNECTING
[3187:its-tracker]: [18:28:37][STATE] CONNECTING ---> DEVICE READY
[3187:its-tracker]: [18:28:37][STATE] DEVICE READY ---> INITIALIZING TASK
[3187:its-tracker]: [18:28:37][STATE] INITIALIZING TASK ---> READY
[3187:its-tracker]: [18:28:37][STATE] READY ---> RUNNING
[3187:its-tracker]: [18:28:37][INFO] DEVICE: Running...
[3185:its-clusterer]: [18:28:37][INFO] ITSClusterer pushed 248896 clusters, in 34 RO frames
[3186:its-cluster-writer]: [18:28:37][INFO] ITSClusterWriter pulled 248896 clusters, in 34 RO frames
[3187:its-tracker]: [18:28:37][INFO] ITSTracker pulled 248896 clusters, 34 RO frames
[3187:its-tracker]: [18:28:37][INFO] 248896 MC label objects , in 10 MC events
[3187:its-tracker]: [18:28:37][INFO] ITSTracker RO: continuous=1
[3187:its-tracker]: [18:28:37][INFO] Loading ITS L2G matrices from TGeo
[3187:its-tracker]: [18:28:37][INFO] ROframe: 0, clusters loaded : 1283
[3187:its-tracker]:  - Vertexer initialisation completed in: 0.163953 ms
[3187:its-tracker]:  - Tracklet finding completed in: 0.006506 ms
[3187:its-tracker]:  - Adjacent tracklets validation completed in: 0.003371 ms
[3187:its-tracker]:  - Vertex finding completed in: 0.009388 ms
[3187:its-tracker]: [18:28:37][INFO] Found tracks: 0
[3187:its-tracker]: [18:28:37][INFO] ROframe: 1, clusters loaded : 1267
[3187:its-tracker]:  - Vertexer initialisation completed in: 0.153841 ms
[3187:its-tracker]:  - Tracklet finding completed in: 0.023112 ms
[3187:its-tracker]:  - Adjacent tracklets validation completed in: 0.000391 ms
[3187:its-tracker]:  - Vertex finding completed in: 0.000446 ms
[3187:its-tracker]: [18:28:37][INFO] Found tracks: 0
[3187:its-tracker]: [18:28:37][INFO] ROframe: 2, clusters loaded : 1323
[3187:its-tracker]:  - Vertexer initialisation completed in: 0.153979 ms
[3187:its-tracker]:  - Tracklet finding completed in: 0.00133 ms
[3187:its-tracker]:  - Adjacent tracklets validation completed in: 0.000454 ms
[3187:its-tracker]:  - Vertex finding completed in: 0.000299 ms
[3187:its-tracker]: [18:28:37][INFO] Found tracks: 0
[3187:its-tracker]: [18:28:37][INFO] ROframe: 3, clusters loaded : 1229
[3187:its-tracker]:  - Vertexer initialisation completed in: 0.221627 ms
[3187:its-tracker]:  - Tracklet finding completed in: 0.001056 ms
[3187:its-tracker]:  - Adjacent tracklets validation completed in: 0.000342 ms
[3187:its-tracker]:  - Vertex finding completed in: 0.000706 ms
[3187:its-tracker]: [18:28:38][INFO] Found tracks: 0
[3187:its-tracker]: [18:28:38][INFO] ROframe: 4, clusters loaded : 1245
[3187:its-tracker]:  - Vertexer initialisation completed in: 0.125088 ms
[3187:its-tracker]:  - Tracklet finding completed in: 0.00108 ms
[3187:its-tracker]:  - Adjacent tracklets validation completed in: 0.000335 ms
[3187:its-tracker]:  - Vertex finding completed in: 0.000525 ms
[3187:its-tracker]: [18:28:38][INFO] Found tracks: 0
[3187:its-tracker]: [18:28:38][INFO] ROframe: 5, clusters loaded : 1248
[3187:its-tracker]:  - Vertexer initialisation completed in: 0.119272 ms
[3187:its-tracker]:  - Tracklet finding completed in: 0.000895 ms
[3187:its-tracker]:  - Adjacent tracklets validation completed in: 0.000252 ms
[3187:its-tracker]:  - Vertex finding completed in: 0.000319 ms
[3187:its-tracker]: [18:28:38][INFO] Found tracks: 0
[3187:its-tracker]: [18:28:38][INFO] ROframe: 6, clusters loaded : 1259
[3187:its-tracker]:  - Vertexer initialisation completed in: 0.121384 ms
[3187:its-tracker]:  - Tracklet finding completed in: 0.025546 ms
[3187:its-tracker]:  - Adjacent tracklets validation completed in: 0.000304 ms
[3187:its-tracker]:  - Vertex finding completed in: 0.000445 ms
[3187:its-tracker]: [18:28:38][INFO] Found tracks: 0
[3187:its-tracker]: [18:28:38][INFO] ROframe: 7, clusters loaded : 1258
[3187:its-tracker]:  - Vertexer initialisation completed in: 0.109512 ms
[3187:its-tracker]:  - Tracklet finding completed in: 0.001262 ms
[3187:its-tracker]:  - Adjacent tracklets validation completed in: 0.000299 ms
[3187:its-tracker]:  - Vertex finding completed in: 0.000256 ms
[3187:its-tracker]: [18:28:38][INFO] Found tracks: 0
[3187:its-tracker]: [18:28:38][INFO] ROframe: 8, clusters loaded : 1247
[3187:its-tracker]:  - Vertexer initialisation completed in: 0.109161 ms
[3187:its-tracker]:  - Tracklet finding completed in: 0.002949 ms
[3187:its-tracker]:  - Adjacent tracklets validation completed in: 0.000212 ms
[3187:its-tracker]:  - Vertex finding completed in: 0.000318 ms
[3187:its-tracker]: [18:28:38][INFO] Found tracks: 0
[3187:its-tracker]: [18:28:38][INFO] ROframe: 9, clusters loaded : 37253
[3187:its-tracker]:  - Vertexer initialisation completed in: 2.34505 ms
[3187:its-tracker]:  - Tracklet finding completed in: 7.14408 ms
[3187:its-tracker]:  - Adjacent tracklets validation completed in: 1.50846 ms
[3187:its-tracker]:  - Vertex finding completed in: 0.269629 ms
[3187:its-tracker]: 		Found vertex with:   1974 contributors
[3187:its-tracker]:  - Context initialisation completed in: 3.20173 ms
[3187:its-tracker]:  - Tracklet finding completed in: 15.4792 ms
[3187:its-tracker]:  - Cell finding completed in: 9.43236 ms
[3187:its-tracker]:  - Neighbour finding completed in: 1.25258 ms
[3187:its-tracker]:  - Road finding completed in: 0.842277 ms
[3187:its-tracker]:  - Track finding completed in: 17.1952 ms
[3187:its-tracker]:  - Vertex processing completed in: 47.4034ms
[3187:its-tracker]:  - Context initialisation completed in: 0.391499 ms
[3187:its-tracker]:  - Tracklet finding completed in: 9.26481 ms
[3187:its-tracker]:  - Cell finding completed in: 2.86546 ms
[3187:its-tracker]:  - Neighbour finding completed in: 0.264137 ms
[3187:its-tracker]:  - Road finding completed in: 0.001878 ms
[3187:its-tracker]:  - Track finding completed in: 0.000991 ms
[3187:its-tracker]:  - Vertex processing completed in: 12.7888ms
[3187:its-tracker]: [18:28:38][INFO] Found tracks: 1569
[3187:its-tracker]: [18:28:38][INFO] ROframe: 10, clusters loaded : 1295
[3187:its-tracker]:  - Vertexer initialisation completed in: 0.13708 ms
[3187:its-tracker]:  - Tracklet finding completed in: 0.003534 ms
[3187:its-tracker]:  - Adjacent tracklets validation completed in: 0.000702 ms
[3187:its-tracker]:  - Vertex finding completed in: 0.000855 ms
[3187:its-tracker]: [18:28:38][INFO] Found tracks: 0
[3187:its-tracker]: [18:28:38][INFO] ROframe: 11, clusters loaded : 1341
[3187:its-tracker]:  - Vertexer initialisation completed in: 0.121662 ms
[3187:its-tracker]:  - Tracklet finding completed in: 0.001294 ms
[3187:its-tracker]:  - Adjacent tracklets validation completed in: 0.000214 ms
[3187:its-tracker]:  - Vertex finding completed in: 0.000102 ms
[3187:its-tracker]: [18:28:38][INFO] Found tracks: 0
[3187:its-tracker]: [18:28:38][INFO] ROframe: 12, clusters loaded : 1251
[3187:its-tracker]:  - Vertexer initialisation completed in: 0.116472 ms
[3187:its-tracker]:  - Tracklet finding completed in: 0.000829 ms
[3187:its-tracker]:  - Adjacent tracklets validation completed in: 0.000152 ms
[3187:its-tracker]:  - Vertex finding completed in: 0.000182 ms
[3187:its-tracker]: [18:28:38][INFO] Found tracks: 0
[3187:its-tracker]: [18:28:38][INFO] ROframe: 13, clusters loaded : 1155
[3187:its-tracker]:  - Vertexer initialisation completed in: 0.111143 ms
[3187:its-tracker]:  - Tracklet finding completed in: 0.001768 ms
[3187:its-tracker]:  - Adjacent tracklets validation completed in: 0.000302 ms
[3187:its-tracker]:  - Vertex finding completed in: 0.000174 ms
[3187:its-tracker]: [18:28:38][INFO] Found tracks: 0
[3187:its-tracker]: [18:28:38][INFO] ROframe: 14, clusters loaded : 3480
[3187:its-tracker]:  - Vertexer initialisation completed in: 0.200087 ms
[3187:its-tracker]:  - Tracklet finding completed in: 0.073142 ms
[3187:its-tracker]:  - Adjacent tracklets validation completed in: 0.012321 ms
[3187:its-tracker]:  - Vertex finding completed in: 0.016087 ms
[3187:its-tracker]: 		Found vertex with:    101 contributors
[3187:its-tracker]:  - Context initialisation completed in: 1.17373 ms
[3187:its-tracker]:  - Tracklet finding completed in: 0.522578 ms
[3187:its-tracker]:  - Cell finding completed in: 0.08575 ms
[3187:its-tracker]:  - Neighbour finding completed in: 0.039482 ms
[3187:its-tracker]:  - Road finding completed in: 0.016289 ms
[3187:its-tracker]:  - Track finding completed in: 0.876016 ms
[3187:its-tracker]:  - Vertex processing completed in: 2.71384ms
[3187:its-tracker]:  - Context initialisation completed in: 0.019075 ms
[3187:its-tracker]:  - Tracklet finding completed in: 0.347144 ms
[3187:its-tracker]:  - Cell finding completed in: 0.043073 ms
[3187:its-tracker]:  - Neighbour finding completed in: 0.011612 ms
[3187:its-tracker]:  - Road finding completed in: 0.000275 ms
[3187:its-tracker]:  - Track finding completed in: 0.000151 ms
[3187:its-tracker]:  - Vertex processing completed in: 0.42133ms
[3187:its-tracker]: [18:28:38][INFO] Found tracks: 91
[3187:its-tracker]: [18:28:38][INFO] ROframe: 15, clusters loaded : 1267
[3187:its-tracker]:  - Vertexer initialisation completed in: 0.133059 ms
[3187:its-tracker]:  - Tracklet finding completed in: 0.001551 ms
[3187:its-tracker]:  - Adjacent tracklets validation completed in: 0.000472 ms
[3187:its-tracker]:  - Vertex finding completed in: 0.000653 ms
[3187:its-tracker]: [18:28:38][INFO] Found tracks: 0
[3187:its-tracker]: [18:28:38][INFO] ROframe: 16, clusters loaded : 1254
[3187:its-tracker]:  - Vertexer initialisation completed in: 0.118489 ms
[3187:its-tracker]:  - Tracklet finding completed in: 0.000783 ms
[3187:its-tracker]:  - Adjacent tracklets validation completed in: 0.000159 ms
[3187:its-tracker]:  - Vertex finding completed in: 0.000199 ms
[3187:its-tracker]: [18:28:38][INFO] Found tracks: 0
[3187:its-tracker]: [18:28:38][INFO] ROframe: 17, clusters loaded : 1206
[3187:its-tracker]:  - Vertexer initialisation completed in: 0.133758 ms
[3187:its-tracker]:  - Tracklet finding completed in: 0.002015 ms
[3187:its-tracker]:  - Adjacent tracklets validation completed in: 0.000639 ms
[3187:its-tracker]:  - Vertex finding completed in: 0.000366 ms
[3187:its-tracker]: [18:28:38][INFO] Found tracks: 0
[3187:its-tracker]: [18:28:38][INFO] ROframe: 18, clusters loaded : 1864
[3187:its-tracker]:  - Vertexer initialisation completed in: 0.1297 ms
[3187:its-tracker]:  - Tracklet finding completed in: 0.0184 ms
[3187:its-tracker]:  - Adjacent tracklets validation completed in: 0.003029 ms
[3187:its-tracker]:  - Vertex finding completed in: 0.008111 ms
[3187:its-tracker]: 		Found vertex with:     17 contributors
[3187:its-tracker]:  - Context initialisation completed in: 0.977063 ms
[3187:its-tracker]:  - Tracklet finding completed in: 0.200652 ms
[3187:its-tracker]:  - Cell finding completed in: 0.018397 ms
[3187:its-tracker]:  - Neighbour finding completed in: 0.010012 ms
[3187:its-tracker]:  - Road finding completed in: 0.003622 ms
[3187:its-tracker]:  - Track finding completed in: 0.164905 ms
[3187:its-tracker]:  - Vertex processing completed in: 1.37465ms
[3187:its-tracker]:  - Context initialisation completed in: 0.005815 ms
[3187:its-tracker]:  - Tracklet finding completed in: 0.145012 ms
[3187:its-tracker]:  - Cell finding completed in: 0.014174 ms
[3187:its-tracker]:  - Neighbour finding completed in: 0.003613 ms
[3187:its-tracker]:  - Road finding completed in: 0.000132 ms
[3187:its-tracker]:  - Track finding completed in: 0.000154 ms
[3187:its-tracker]:  - Vertex processing completed in: 0.1689ms
[3187:its-tracker]: [18:28:38][INFO] Found tracks: 22
[3187:its-tracker]: [18:28:38][INFO] ROframe: 19, clusters loaded : 1247
[3187:its-tracker]:  - Vertexer initialisation completed in: 0.144857 ms
[3187:its-tracker]:  - Tracklet finding completed in: 0.001738 ms
[3187:its-tracker]:  - Adjacent tracklets validation completed in: 0.000348 ms
[3187:its-tracker]:  - Vertex finding completed in: 0.000445 ms
[3187:its-tracker]: [18:28:38][INFO] Found tracks: 0
[3187:its-tracker]: [18:28:38][INFO] ROframe: 20, clusters loaded : 1222
[3187:its-tracker]:  - Vertexer initialisation completed in: 0.110702 ms
[3187:its-tracker]:  - Tracklet finding completed in: 0.001682 ms
[3187:its-tracker]:  - Adjacent tracklets validation completed in: 0.000204 ms
[3187:its-tracker]:  - Vertex finding completed in: 0.00024 ms
[3187:its-tracker]: [18:28:38][INFO] Found tracks: 0
[3187:its-tracker]: [18:28:38][INFO] ROframe: 21, clusters loaded : 1251
[3187:its-tracker]:  - Vertexer initialisation completed in: 0.126498 ms
[3187:its-tracker]:  - Tracklet finding completed in: 0.000726 ms
[3187:its-tracker]:  - Adjacent tracklets validation completed in: 0.000121 ms
[3187:its-tracker]:  - Vertex finding completed in: 0.000227 ms
[3187:its-tracker]: [18:28:38][INFO] Found tracks: 0
[3187:its-tracker]: [18:28:38][INFO] ROframe: 22, clusters loaded : 1281
[3187:its-tracker]:  - Vertexer initialisation completed in: 0.110313 ms
[3187:its-tracker]:  - Tracklet finding completed in: 0.000613 ms
[3187:its-tracker]:  - Adjacent tracklets validation completed in: 0.000109 ms
[3187:its-tracker]:  - Vertex finding completed in: 0.000224 ms
[3187:its-tracker]: [18:28:38][INFO] Found tracks: 0
[3187:its-tracker]: [18:28:38][INFO] ROframe: 23, clusters loaded : 1275
[3187:its-tracker]:  - Vertexer initialisation completed in: 0.108646 ms
[3187:its-tracker]:  - Tracklet finding completed in: 0.001661 ms
[3187:its-tracker]:  - Adjacent tracklets validation completed in: 0.00025 ms
[3187:its-tracker]:  - Vertex finding completed in: 0.000191 ms
[3187:its-tracker]: [18:28:38][INFO] Found tracks: 0
[3187:its-tracker]: [18:28:38][INFO] ROframe: 24, clusters loaded : 1292
[3187:its-tracker]:  - Vertexer initialisation completed in: 0.118324 ms
[3187:its-tracker]:  - Tracklet finding completed in: 0.000778 ms
[3187:its-tracker]:  - Adjacent tracklets validation completed in: 0.000113 ms
[3187:its-tracker]:  - Vertex finding completed in: 0.000278 ms
[3187:its-tracker]: [18:28:38][INFO] Found tracks: 0
[3187:its-tracker]: [18:28:38][INFO] ROframe: 25, clusters loaded : 1255
[3187:its-tracker]:  - Vertexer initialisation completed in: 0.109471 ms
[3187:its-tracker]:  - Tracklet finding completed in: 0.001509 ms
[3187:its-tracker]:  - Adjacent tracklets validation completed in: 0.000249 ms
[3187:its-tracker]:  - Vertex finding completed in: 0.00022 ms
[3187:its-tracker]: [18:28:38][INFO] Found tracks: 0
[3187:its-tracker]: [18:28:38][INFO] ROframe: 26, clusters loaded : 1211
[3187:its-tracker]:  - Vertexer initialisation completed in: 0.122841 ms
[3187:its-tracker]:  - Tracklet finding completed in: 0.00101 ms
[3187:its-tracker]:  - Adjacent tracklets validation completed in: 0.000366 ms
[3187:its-tracker]:  - Vertex finding completed in: 0.000419 ms
[3187:its-tracker]: [18:28:38][INFO] Found tracks: 0
[3187:its-tracker]: [18:28:38][INFO] ROframe: 27, clusters loaded : 1248
[3187:its-tracker]:  - Vertexer initialisation completed in: 0.107861 ms
[3187:its-tracker]:  - Tracklet finding completed in: 0.000446 ms
[3187:its-tracker]:  - Adjacent tracklets validation completed in: 0.000134 ms
[3187:its-tracker]:  - Vertex finding completed in: 0.000164 ms
[3187:its-tracker]: [18:28:38][INFO] Found tracks: 0
[3187:its-tracker]: [18:28:38][INFO] ROframe: 28, clusters loaded : 54897
[3187:its-tracker]:  - Vertexer initialisation completed in: 2.57604 ms
[3187:its-tracker]:  - Tracklet finding completed in: 15.0265 ms
[3187:its-tracker]:  - Adjacent tracklets validation completed in: 4.09823 ms
[3187:its-tracker]:  - Vertex finding completed in: 0.507822 ms
[3187:its-tracker]: 		Found vertex with:   2548 contributors
[3187:its-tracker]: 		Found vertex with:    346 contributors
[3187:its-tracker]:  - Context initialisation completed in: 2.65929 ms
[3187:its-tracker]:  - Tracklet finding completed in: 27.9953 ms
[3187:its-tracker]:  - Cell finding completed in: 17.5999 ms
[3187:its-tracker]:  - Neighbour finding completed in: 1.73255 ms
[3187:its-tracker]:  - Road finding completed in: 0.486658 ms
[3187:its-tracker]:  - Track finding completed in: 23.8335 ms
[3187:its-tracker]:  - Vertex processing completed in: 74.3072ms
[3187:its-tracker]:  - Context initialisation completed in: 0.701848 ms
[3187:its-tracker]:  - Tracklet finding completed in: 17.0868 ms
[3187:its-tracker]:  - Cell finding completed in: 4.51734 ms
[3187:its-tracker]:  - Neighbour finding completed in: 0.172177 ms
[3187:its-tracker]:  - Road finding completed in: 0.032803 ms
[3187:its-tracker]:  - Track finding completed in: 3.22343 ms
[3187:its-tracker]:  - Vertex processing completed in: 25.7344ms
[3187:its-tracker]:  - Context initialisation completed in: 0.253785 ms
[3187:its-tracker]:  - Tracklet finding completed in: 15.9677 ms
[3187:its-tracker]:  - Cell finding completed in: 5.41685 ms
[3187:its-tracker]:  - Neighbour finding completed in: 0.350934 ms
[3187:its-tracker]:  - Road finding completed in: 0.002462 ms
[3187:its-tracker]:  - Track finding completed in: 0.000546 ms
[3187:its-tracker]:  - Vertex processing completed in: 21.9923ms
[3187:its-tracker]:  - Context initialisation completed in: 0.292051 ms
[3187:its-tracker]:  - Tracklet finding completed in: 16.0866 ms
[3187:its-tracker]:  - Cell finding completed in: 3.46689 ms
[3187:its-tracker]:  - Neighbour finding completed in: 0.073148 ms
[3187:its-tracker]:  - Road finding completed in: 0.000721 ms
[3187:its-tracker]:  - Track finding completed in: 0.000532 ms
[3187:its-tracker]:  - Vertex processing completed in: 19.92ms
[3187:its-tracker]: [18:28:38][INFO] Found tracks: 2465
[3187:its-tracker]: [18:28:38][INFO] ROframe: 29, clusters loaded : 112087
[3187:its-tracker]:  - Vertexer initialisation completed in: 5.74612 ms
[3187:its-tracker]:  - Tracklet finding completed in: 67.6562 ms
[3187:its-tracker]:  - Adjacent tracklets validation completed in: 27.4505 ms
[3187:its-tracker]:  - Vertex finding completed in: 2.54674 ms
[3187:its-tracker]: 		Found vertex with:   3424 contributors
[3187:its-tracker]: 		Found vertex with:   2390 contributors
[3187:its-tracker]:  - Context initialisation completed in: 5.4252 ms
[3187:its-tracker]:  - Tracklet finding completed in: 95.5511 ms
[3187:its-tracker]:  - Cell finding completed in: 102.975 ms
[3187:its-tracker]:  - Neighbour finding completed in: 4.34567 ms
[3187:its-tracker]:  - Road finding completed in: 2.1051 ms
[3187:its-tracker]:  - Track finding completed in: 45.3517 ms
[3187:its-tracker]:  - Vertex processing completed in: 255.754ms
[3187:its-tracker]:  - Context initialisation completed in: 1.81354 ms
[3187:its-tracker]:  - Tracklet finding completed in: 69.373 ms
[3187:its-tracker]:  - Cell finding completed in: 49.0021 ms
[3187:its-tracker]:  - Neighbour finding completed in: 1.75088 ms
[3187:its-tracker]:  - Road finding completed in: 0.466547 ms
[3187:its-tracker]:  - Track finding completed in: 27.1768 ms
[3187:its-tracker]:  - Vertex processing completed in: 149.583ms
[3187:its-tracker]:  - Context initialisation completed in: 1.83343 ms
[3187:its-tracker]:  - Tracklet finding completed in: 68.37 ms
[3187:its-tracker]:  - Cell finding completed in: 34.7509 ms
[3187:its-tracker]:  - Neighbour finding completed in: 1.099 ms
[3187:its-tracker]:  - Road finding completed in: 0.007126 ms
[3187:its-tracker]:  - Track finding completed in: 0.000693 ms
[3187:its-tracker]:  - Vertex processing completed in: 106.061ms
[3187:its-tracker]:  - Context initialisation completed in: 1.27591 ms
[3187:its-tracker]:  - Tracklet finding completed in: 69.5476 ms
[3187:its-tracker]:  - Cell finding completed in: 37.2383 ms
[3187:its-tracker]:  - Neighbour finding completed in: 0.860852 ms
[3187:its-tracker]:  - Road finding completed in: 0.00577 ms
[3187:its-tracker]:  - Track finding completed in: 0.00054 ms
[3187:its-tracker]:  - Vertex processing completed in: 108.929ms
[3187:its-tracker]: [18:28:39][INFO] Found tracks: 4869
[3187:its-tracker]: [18:28:39][INFO] ROframe: 30, clusters loaded : 1291
[3187:its-tracker]:  - Vertexer initialisation completed in: 0.253998 ms
[3187:its-tracker]:  - Tracklet finding completed in: 0.003283 ms
[3187:its-tracker]:  - Adjacent tracklets validation completed in: 0.000742 ms
[3187:its-tracker]:  - Vertex finding completed in: 0.00108 ms
[3187:its-tracker]: [18:28:39][INFO] Found tracks: 0
[3187:its-tracker]: [18:28:39][INFO] ROframe: 31, clusters loaded : 3882
[3187:its-tracker]:  - Vertexer initialisation completed in: 0.32981 ms
[3187:its-tracker]:  - Tracklet finding completed in: 0.121086 ms
[3187:its-tracker]:  - Adjacent tracklets validation completed in: 0.022166 ms
[3187:its-tracker]:  - Vertex finding completed in: 0.032589 ms
[3187:its-tracker]: 		Found vertex with:    129 contributors
[3187:its-tracker]:  - Context initialisation completed in: 1.96647 ms
[3187:its-tracker]:  - Tracklet finding completed in: 0.822998 ms
[3187:its-tracker]:  - Cell finding completed in: 0.150725 ms
[3187:its-tracker]:  - Neighbour finding completed in: 0.078627 ms
[3187:its-tracker]:  - Road finding completed in: 0.026101 ms
[3187:its-tracker]:  - Track finding completed in: 2.09745 ms
[3187:its-tracker]:  - Vertex processing completed in: 5.14237ms
[3187:its-tracker]:  - Context initialisation completed in: 0.074004 ms
[3187:its-tracker]:  - Tracklet finding completed in: 0.631525 ms
[3187:its-tracker]:  - Cell finding completed in: 0.057126 ms
[3187:its-tracker]:  - Neighbour finding completed in: 0.021759 ms
[3187:its-tracker]:  - Road finding completed in: 0.000406 ms
[3187:its-tracker]:  - Track finding completed in: 0.000315 ms
[3187:its-tracker]:  - Vertex processing completed in: 0.785135ms
[3187:its-tracker]: [18:28:39][INFO] Found tracks: 127
[3187:its-tracker]: [18:28:39][INFO] ROframe: 32, clusters loaded : 1457
[3187:its-tracker]:  - Vertexer initialisation completed in: 0.217121 ms
[3187:its-tracker]:  - Tracklet finding completed in: 0.010202 ms
[3187:its-tracker]:  - Adjacent tracklets validation completed in: 0.002083 ms
[3187:its-tracker]:  - Vertex finding completed in: 0.009952 ms
[3187:its-tracker]: 		Found vertex with:      4 contributors
[3187:its-tracker]:  - Context initialisation completed in: 1.49155 ms
[3187:its-tracker]:  - Tracklet finding completed in: 0.235983 ms
[3187:its-tracker]:  - Cell finding completed in: 0.010644 ms
[3187:its-tracker]:  - Neighbour finding completed in: 0.007081 ms
[3187:its-tracker]:  - Road finding completed in: 0.002674 ms
[3187:its-tracker]:  - Track finding completed in: 0.07849 ms
[3187:its-tracker]:  - Vertex processing completed in: 1.82642ms
[3187:its-tracker]:  - Context initialisation completed in: 0.004914 ms
[3187:its-tracker]:  - Tracklet finding completed in: 0.322076 ms
[3187:its-tracker]:  - Cell finding completed in: 0.006189 ms
[3187:its-tracker]:  - Neighbour finding completed in: 0.002114 ms
[3187:its-tracker]:  - Road finding completed in: 0.000304 ms
[3187:its-tracker]:  - Track finding completed in: 0.000304 ms
[3187:its-tracker]:  - Vertex processing completed in: 0.335901ms
[3187:its-tracker]: [18:28:39][INFO] Found tracks: 6
[3187:its-tracker]: [18:28:39][INFO] ROframe: 33, clusters loaded : 1275
[3187:its-tracker]:  - Vertexer initialisation completed in: 0.259655 ms
[3187:its-tracker]:  - Tracklet finding completed in: 0.00287 ms
[3187:its-tracker]:  - Adjacent tracklets validation completed in: 0.0007 ms
[3187:its-tracker]:  - Vertex finding completed in: 0.001026 ms
[3187:its-tracker]: [18:28:39][INFO] Found tracks: 0
[3187:its-tracker]: [18:28:39][INFO] ITSTracker pushed 9149 tracks
[3187:its-tracker]: [18:28:39][INFO] ITS CA-Tracker total timing: Cpu: 1.170e+00 Real: 1.179e+00 s in 1 slots
[3188:its-track-writer]: [18:28:39][INFO] ITSTrackWriter pulled 9149 tracks, in 34 RO frames
[INFO] Quitting
[INFO] QUIT_REQUESTED
[3183:internal-dpl-clock]: [18:28:39][INFO] Received device shutdown request (signal 15).
[3183:internal-dpl-clock]: [18:28:39][INFO] Waiting for graceful device shutdown. Hit Ctrl-C again to abort immediately.
[3185:its-clusterer]: [18:28:39][INFO] Received device shutdown request (signal 15).
[3185:its-clusterer]: [18:28:39][INFO] Waiting for graceful device shutdown. Hit Ctrl-C again to abort immediately.
[3186:its-cluster-writer]: [18:28:39][INFO] Received device shutdown request (signal 15).
[3186:its-cluster-writer]: [18:28:39][INFO] Waiting for graceful device shutdown. Hit Ctrl-C again to abort immediately.
[3187:its-tracker]: [18:28:39][INFO] Received device shutdown request (signal 15).
[3187:its-tracker]: [18:28:39][INFO] Waiting for graceful device shutdown. Hit Ctrl-C again to abort immediately.
[3188:its-track-writer]: [18:28:39][INFO] Received device shutdown request (signal 15).
[3188:its-track-writer]: [18:28:39][INFO] Waiting for graceful device shutdown. Hit Ctrl-C again to abort immediately.
[3184:its-digit-reader]: [18:28:39][INFO] Received device shutdown request (signal 15).
[3184:its-digit-reader]: [18:28:39][INFO] Waiting for graceful device shutdown. Hit Ctrl-C again to abort immediately.
[3184:its-digit-reader]: [18:28:39][STATE] RUNNING ---> READY
[3184:its-digit-reader]: [18:28:39][STATE] READY ---> RESETTING TASK
[3184:its-digit-reader]: [18:28:39][STATE] RESETTING TASK ---> DEVICE READY
[3184:its-digit-reader]: [18:28:39][STATE] DEVICE READY ---> RESETTING DEVICE
[3184:its-digit-reader]: [18:28:39][STATE] RESETTING DEVICE ---> IDLE
[3184:its-digit-reader]: [18:28:39][STATE] IDLE ---> EXITING
[3184:its-digit-reader]: [18:28:39][STATE] Exiting FairMQ state machine
[3185:its-clusterer]: [18:28:39][STATE] RUNNING ---> READY
[3183:internal-dpl-clock]: [18:28:39][STATE] RUNNING ---> READY
[3187:its-tracker]: [18:28:39][STATE] RUNNING ---> READY
[3185:its-clusterer]: [18:28:39][STATE] READY ---> RESETTING TASK
[3183:internal-dpl-clock]: [18:28:39][STATE] READY ---> RESETTING TASK
[3187:its-tracker]: [18:28:39][STATE] READY ---> RESETTING TASK
[3185:its-clusterer]: [18:28:39][STATE] RESETTING TASK ---> DEVICE READY
[3187:its-tracker]: [18:28:39][STATE] RESETTING TASK ---> DEVICE READY
[3183:internal-dpl-clock]: [18:28:39][STATE] RESETTING TASK ---> DEVICE READY
[3185:its-clusterer]: [18:28:39][STATE] DEVICE READY ---> RESETTING DEVICE
[3183:internal-dpl-clock]: [18:28:39][STATE] DEVICE READY ---> RESETTING DEVICE
[3187:its-tracker]: [18:28:39][STATE] DEVICE READY ---> RESETTING DEVICE
[3183:internal-dpl-clock]: [18:28:39][STATE] RESETTING DEVICE ---> IDLE
[3183:internal-dpl-clock]: [18:28:39][STATE] IDLE ---> EXITING
[3183:internal-dpl-clock]: [18:28:39][STATE] Exiting FairMQ state machine
[3187:its-tracker]: [18:28:39][STATE] RESETTING DEVICE ---> IDLE
[3187:its-tracker]: [18:28:39][STATE] IDLE ---> EXITING
[3185:its-clusterer]: [18:28:39][STATE] RESETTING DEVICE ---> IDLE
[3185:its-clusterer]: [18:28:39][STATE] IDLE ---> EXITING
[3187:its-tracker]: [18:28:39][STATE] Exiting FairMQ state machine
[3185:its-clusterer]: [18:28:39][STATE] Exiting FairMQ state machine
[3186:its-cluster-writer]: [18:28:40][STATE] RUNNING ---> READY
[3186:its-cluster-writer]: [18:28:40][STATE] READY ---> RESETTING TASK
[3186:its-cluster-writer]: [18:28:40][STATE] RESETTING TASK ---> DEVICE READY
[3186:its-cluster-writer]: [18:28:40][STATE] DEVICE READY ---> RESETTING DEVICE
[3186:its-cluster-writer]: [18:28:40][STATE] RESETTING DEVICE ---> IDLE
[3186:its-cluster-writer]: [18:28:40][STATE] IDLE ---> EXITING
[3186:its-cluster-writer]: [18:28:40][STATE] Exiting FairMQ state machine
[3188:its-track-writer]: [18:28:40][STATE] RUNNING ---> READY
[3188:its-track-writer]: [18:28:40][STATE] READY ---> RESETTING TASK
[3188:its-track-writer]: [18:28:40][STATE] RESETTING TASK ---> DEVICE READY
[3188:its-track-writer]: [18:28:40][STATE] DEVICE READY ---> RESETTING DEVICE
[3188:its-track-writer]: Cleaning up for shared memory id '614b662f'...
[3188:its-track-writer]: No region counter found. No regions to cleanup.
[3188:its-track-writer]: Successfully removed 'fmq_614b662f_m_0'.
[3188:its-track-writer]: Successfully removed 'fmq_614b662f_mng'.
[3188:its-track-writer]: Successfully removed 'fmq_614b662f_mtx'.
[3188:its-track-writer]: Successfully removed 'fmq_614b662f_cv'.
[3188:its-track-writer]: [18:28:40][STATE] RESETTING DEVICE ---> IDLE
[3188:its-track-writer]: [18:28:40][STATE] IDLE ---> EXITING
[3188:its-track-writer]: [18:28:40][STATE] Exiting FairMQ state machine
[INFO] Dumping used configuration in dpl-config.json
