000 (2288434.000.000) 05/20 20:30:18 Job submitted from host: <188.185.70.244:9618?addrs=188.185.70.244-9618+[2001-1458-d00-7--100-2ee]-9618&alias=bigbird10.cern.ch&noUDP&sock=schedd_2037_ca81_27>
...
000 (2288434.001.000) 05/20 20:30:18 Job submitted from host: <188.185.70.244:9618?addrs=188.185.70.244-9618+[2001-1458-d00-7--100-2ee]-9618&alias=bigbird10.cern.ch&noUDP&sock=schedd_2037_ca81_27>
...
000 (2288434.002.000) 05/20 20:30:18 Job submitted from host: <188.185.70.244:9618?addrs=188.185.70.244-9618+[2001-1458-d00-7--100-2ee]-9618&alias=bigbird10.cern.ch&noUDP&sock=schedd_2037_ca81_27>
...
000 (2288434.003.000) 05/20 20:30:18 Job submitted from host: <188.185.70.244:9618?addrs=188.185.70.244-9618+[2001-1458-d00-7--100-2ee]-9618&alias=bigbird10.cern.ch&noUDP&sock=schedd_2037_ca81_27>
...
000 (2288434.004.000) 05/20 20:30:18 Job submitted from host: <188.185.70.244:9618?addrs=188.185.70.244-9618+[2001-1458-d00-7--100-2ee]-9618&alias=bigbird10.cern.ch&noUDP&sock=schedd_2037_ca81_27>
...
000 (2288434.005.000) 05/20 20:30:18 Job submitted from host: <188.185.70.244:9618?addrs=188.185.70.244-9618+[2001-1458-d00-7--100-2ee]-9618&alias=bigbird10.cern.ch&noUDP&sock=schedd_2037_ca81_27>
...
000 (2288434.006.000) 05/20 20:30:18 Job submitted from host: <188.185.70.244:9618?addrs=188.185.70.244-9618+[2001-1458-d00-7--100-2ee]-9618&alias=bigbird10.cern.ch&noUDP&sock=schedd_2037_ca81_27>
...
000 (2288434.007.000) 05/20 20:30:18 Job submitted from host: <188.185.70.244:9618?addrs=188.185.70.244-9618+[2001-1458-d00-7--100-2ee]-9618&alias=bigbird10.cern.ch&noUDP&sock=schedd_2037_ca81_27>
...
000 (2288434.008.000) 05/20 20:30:18 Job submitted from host: <188.185.70.244:9618?addrs=188.185.70.244-9618+[2001-1458-d00-7--100-2ee]-9618&alias=bigbird10.cern.ch&noUDP&sock=schedd_2037_ca81_27>
...
000 (2288434.009.000) 05/20 20:30:18 Job submitted from host: <188.185.70.244:9618?addrs=188.185.70.244-9618+[2001-1458-d00-7--100-2ee]-9618&alias=bigbird10.cern.ch&noUDP&sock=schedd_2037_ca81_27>
...
000 (2288434.010.000) 05/20 20:30:18 Job submitted from host: <188.185.70.244:9618?addrs=188.185.70.244-9618+[2001-1458-d00-7--100-2ee]-9618&alias=bigbird10.cern.ch&noUDP&sock=schedd_2037_ca81_27>
...
000 (2288434.011.000) 05/20 20:30:18 Job submitted from host: <188.185.70.244:9618?addrs=188.185.70.244-9618+[2001-1458-d00-7--100-2ee]-9618&alias=bigbird10.cern.ch&noUDP&sock=schedd_2037_ca81_27>
...
000 (2288434.012.000) 05/20 20:30:18 Job submitted from host: <188.185.70.244:9618?addrs=188.185.70.244-9618+[2001-1458-d00-7--100-2ee]-9618&alias=bigbird10.cern.ch&noUDP&sock=schedd_2037_ca81_27>
...
000 (2288434.013.000) 05/20 20:30:18 Job submitted from host: <188.185.70.244:9618?addrs=188.185.70.244-9618+[2001-1458-d00-7--100-2ee]-9618&alias=bigbird10.cern.ch&noUDP&sock=schedd_2037_ca81_27>
...
000 (2288434.014.000) 05/20 20:30:18 Job submitted from host: <188.185.70.244:9618?addrs=188.185.70.244-9618+[2001-1458-d00-7--100-2ee]-9618&alias=bigbird10.cern.ch&noUDP&sock=schedd_2037_ca81_27>
...
000 (2288434.015.000) 05/20 20:30:18 Job submitted from host: <188.185.70.244:9618?addrs=188.185.70.244-9618+[2001-1458-d00-7--100-2ee]-9618&alias=bigbird10.cern.ch&noUDP&sock=schedd_2037_ca81_27>
...
000 (2288434.016.000) 05/20 20:30:18 Job submitted from host: <188.185.70.244:9618?addrs=188.185.70.244-9618+[2001-1458-d00-7--100-2ee]-9618&alias=bigbird10.cern.ch&noUDP&sock=schedd_2037_ca81_27>
...
000 (2288434.017.000) 05/20 20:30:18 Job submitted from host: <188.185.70.244:9618?addrs=188.185.70.244-9618+[2001-1458-d00-7--100-2ee]-9618&alias=bigbird10.cern.ch&noUDP&sock=schedd_2037_ca81_27>
...
000 (2288434.018.000) 05/20 20:30:18 Job submitted from host: <188.185.70.244:9618?addrs=188.185.70.244-9618+[2001-1458-d00-7--100-2ee]-9618&alias=bigbird10.cern.ch&noUDP&sock=schedd_2037_ca81_27>
...
000 (2288434.019.000) 05/20 20:30:18 Job submitted from host: <188.185.70.244:9618?addrs=188.185.70.244-9618+[2001-1458-d00-7--100-2ee]-9618&alias=bigbird10.cern.ch&noUDP&sock=schedd_2037_ca81_27>
...
040 (2288434.000.000) 05/20 20:45:15 Started transferring input files
	Transferring to host: <128.142.87.208:9618?addrs=128.142.87.208-9618+[2001-1458-301-f6--100-20b]-9618&alias=b7s14n7309.cern.ch&noUDP&sock=slot1_6_12926_4947_76457>
...
040 (2288434.000.000) 05/20 20:45:15 Finished transferring input files
...
001 (2288434.000.000) 05/20 20:45:16 Job executing on host: <128.142.87.208:9618?addrs=128.142.87.208-9618+[2001-1458-301-f6--100-20b]-9618&alias=b7s14n7309.cern.ch&noUDP&sock=startd_16602_2b69>
...
006 (2288434.000.000) 05/20 20:45:25 Image size of job updated: 195568
	189  -  MemoryUsage of job (MB)
	193268  -  ResidentSetSize of job (KB)
...
040 (2288434.001.000) 05/20 20:49:53 Started transferring input files
	Transferring to host: <128.142.72.113:9618?addrs=128.142.72.113-9618+[2001-1458-301-75--100-2d]-9618&alias=b7s11n2364.cern.ch&noUDP&sock=slot1_3_3855_f236_23772>
...
040 (2288434.001.000) 05/20 20:49:53 Finished transferring input files
...
001 (2288434.001.000) 05/20 20:49:54 Job executing on host: <128.142.72.113:9618?addrs=128.142.72.113-9618+[2001-1458-301-75--100-2d]-9618&alias=b7s11n2364.cern.ch&noUDP&sock=startd_3136_9d17>
...
040 (2288434.002.000) 05/20 20:49:54 Started transferring input files
	Transferring to host: <128.142.73.47:9618?addrs=128.142.73.47-9618+[2001-1458-301-75--100-40d]-9618&alias=b7s11n3842.cern.ch&noUDP&sock=slot1_5_9909_896c_72918>
...
040 (2288434.003.000) 05/20 20:49:54 Started transferring input files
	Transferring to host: <128.142.75.252:9618?addrs=128.142.75.252-9618+[2001-1458-301-75--100-c9]-9618&alias=b7s11n7781.cern.ch&noUDP&sock=slot1_2_6322_2bba_23916>
...
040 (2288434.002.000) 05/20 20:49:54 Finished transferring input files
...
040 (2288434.003.000) 05/20 20:49:54 Finished transferring input files
...
040 (2288434.006.000) 05/20 20:49:55 Started transferring input files
	Transferring to host: <188.184.198.37:9618?addrs=188.184.198.37-9618+[2001-1458-301-c1--100-43f]-9618&alias=b7g52n5704.cern.ch&noUDP&sock=slot1_3_10717_d88d_72943>
...
040 (2288434.006.000) 05/20 20:49:55 Finished transferring input files
...
001 (2288434.002.000) 05/20 20:49:55 Job executing on host: <128.142.73.47:9618?addrs=128.142.73.47-9618+[2001-1458-301-75--100-40d]-9618&alias=b7s11n3842.cern.ch&noUDP&sock=startd_16709_900b>
...
001 (2288434.003.000) 05/20 20:49:55 Job executing on host: <128.142.75.252:9618?addrs=128.142.75.252-9618+[2001-1458-301-75--100-c9]-9618&alias=b7s11n7781.cern.ch&noUDP&sock=startd_5096_02b7>
...
040 (2288434.008.000) 05/20 20:49:56 Started transferring input files
	Transferring to host: <128.142.77.103:9618?addrs=128.142.77.103-9618+[2001-1458-301-f4--100-40e]-9618&alias=b7s12n2225.cern.ch&noUDP&sock=slot1_2_5535_a87a_19492>
...
040 (2288434.008.000) 05/20 20:49:56 Finished transferring input files
...
001 (2288434.006.000) 05/20 20:49:56 Job executing on host: <188.184.198.37:9618?addrs=188.184.198.37-9618+[2001-1458-301-c1--100-43f]-9618&alias=b7g52n5704.cern.ch&noUDP&sock=startd_17698_ef36>
...
040 (2288434.005.000) 05/20 20:49:56 Started transferring input files
	Transferring to host: <128.142.77.10:9618?addrs=128.142.77.10-9618+[2001-1458-301-f4--100-a]-9618&alias=b7s12n4761.cern.ch&noUDP&sock=slot1_2_12402_14b1_73891>
...
040 (2288434.005.000) 05/20 20:49:56 Finished transferring input files
...
040 (2288434.007.000) 05/20 20:49:57 Started transferring input files
	Transferring to host: <188.184.168.198:9618?addrs=188.184.168.198-9618+[2001-1458-301-c0--100-12b]-9618&alias=b7g52n3359.cern.ch&noUDP&sock=slot1_1_14902_8e97_74622>
...
001 (2288434.008.000) 05/20 20:49:57 Job executing on host: <128.142.77.103:9618?addrs=128.142.77.103-9618+[2001-1458-301-f4--100-40e]-9618&alias=b7s12n2225.cern.ch&noUDP&sock=startd_4523_faf2>
...
040 (2288434.007.000) 05/20 20:49:57 Finished transferring input files
...
001 (2288434.005.000) 05/20 20:49:57 Job executing on host: <128.142.77.10:9618?addrs=128.142.77.10-9618+[2001-1458-301-f4--100-a]-9618&alias=b7s12n4761.cern.ch&noUDP&sock=startd_16211_f9e1>
...
040 (2288434.009.000) 05/20 20:49:57 Started transferring input files
	Transferring to host: <128.142.72.113:9618?addrs=128.142.72.113-9618+[2001-1458-301-75--100-2d]-9618&alias=b7s11n2364.cern.ch&noUDP&sock=slot1_6_3855_f236_23773>
...
040 (2288434.009.000) 05/20 20:49:57 Finished transferring input files
...
001 (2288434.007.000) 05/20 20:49:58 Job executing on host: <188.184.168.198:9618?addrs=188.184.168.198-9618+[2001-1458-301-c0--100-12b]-9618&alias=b7g52n3359.cern.ch&noUDP&sock=startd_17557_385b>
...
001 (2288434.009.000) 05/20 20:49:58 Job executing on host: <128.142.72.113:9618?addrs=128.142.72.113-9618+[2001-1458-301-75--100-2d]-9618&alias=b7s11n2364.cern.ch&noUDP&sock=startd_3136_9d17>
...
006 (2288434.001.000) 05/20 20:50:03 Image size of job updated: 878560
	184  -  MemoryUsage of job (MB)
	188348  -  ResidentSetSize of job (KB)
...
006 (2288434.002.000) 05/20 20:50:04 Image size of job updated: 177620
	172  -  MemoryUsage of job (MB)
	175692  -  ResidentSetSize of job (KB)
...
006 (2288434.003.000) 05/20 20:50:04 Image size of job updated: 666544
	103  -  MemoryUsage of job (MB)
	105308  -  ResidentSetSize of job (KB)
...
006 (2288434.008.000) 05/20 20:50:05 Image size of job updated: 787436
	180  -  MemoryUsage of job (MB)
	183592  -  ResidentSetSize of job (KB)
...
006 (2288434.006.000) 05/20 20:50:05 Image size of job updated: 767824
	218  -  MemoryUsage of job (MB)
	222940  -  ResidentSetSize of job (KB)
...
040 (2288434.010.000) 05/20 20:50:05 Started transferring input files
	Transferring to host: <128.142.73.47:9618?addrs=128.142.73.47-9618+[2001-1458-301-75--100-40d]-9618&alias=b7s11n3842.cern.ch&noUDP&sock=slot1_9_9909_896c_72919>
...
040 (2288434.010.000) 05/20 20:50:05 Finished transferring input files
...
006 (2288434.007.000) 05/20 20:50:06 Image size of job updated: 707020
	148  -  MemoryUsage of job (MB)
	150948  -  ResidentSetSize of job (KB)
...
040 (2288434.011.000) 05/20 20:50:06 Started transferring input files
	Transferring to host: <128.142.75.252:9618?addrs=128.142.75.252-9618+[2001-1458-301-75--100-c9]-9618&alias=b7s11n7781.cern.ch&noUDP&sock=slot1_7_6322_2bba_23917>
...
040 (2288434.011.000) 05/20 20:50:06 Finished transferring input files
...
006 (2288434.005.000) 05/20 20:50:06 Image size of job updated: 783748
	155  -  MemoryUsage of job (MB)
	158308  -  ResidentSetSize of job (KB)
...
001 (2288434.010.000) 05/20 20:50:06 Job executing on host: <128.142.73.47:9618?addrs=128.142.73.47-9618+[2001-1458-301-75--100-40d]-9618&alias=b7s11n3842.cern.ch&noUDP&sock=startd_16709_900b>
...
001 (2288434.011.000) 05/20 20:50:07 Job executing on host: <128.142.75.252:9618?addrs=128.142.75.252-9618+[2001-1458-301-75--100-c9]-9618&alias=b7s11n7781.cern.ch&noUDP&sock=startd_5096_02b7>
...
040 (2288434.014.000) 05/20 20:50:07 Started transferring input files
	Transferring to host: <128.142.77.103:9618?addrs=128.142.77.103-9618+[2001-1458-301-f4--100-40e]-9618&alias=b7s12n2225.cern.ch&noUDP&sock=slot1_3_5535_a87a_19494>
...
040 (2288434.014.000) 05/20 20:50:07 Finished transferring input files
...
006 (2288434.009.000) 05/20 20:50:07 Image size of job updated: 204056
	200  -  MemoryUsage of job (MB)
	204000  -  ResidentSetSize of job (KB)
...
001 (2288434.014.000) 05/20 20:50:08 Job executing on host: <128.142.77.103:9618?addrs=128.142.77.103-9618+[2001-1458-301-f4--100-40e]-9618&alias=b7s12n2225.cern.ch&noUDP&sock=startd_4523_faf2>
...
040 (2288434.013.000) 05/20 20:50:08 Started transferring input files
	Transferring to host: <188.184.198.37:9618?addrs=188.184.198.37-9618+[2001-1458-301-c1--100-43f]-9618&alias=b7g52n5704.cern.ch&noUDP&sock=slot1_4_10717_d88d_72944>
...
040 (2288434.015.000) 05/20 20:50:08 Started transferring input files
	Transferring to host: <128.142.77.10:9618?addrs=128.142.77.10-9618+[2001-1458-301-f4--100-a]-9618&alias=b7s12n4761.cern.ch&noUDP&sock=slot1_5_12402_14b1_73892>
...
040 (2288434.013.000) 05/20 20:50:08 Finished transferring input files
...
040 (2288434.015.000) 05/20 20:50:08 Finished transferring input files
...
001 (2288434.013.000) 05/20 20:50:09 Job executing on host: <188.184.198.37:9618?addrs=188.184.198.37-9618+[2001-1458-301-c1--100-43f]-9618&alias=b7g52n5704.cern.ch&noUDP&sock=startd_17698_ef36>
...
001 (2288434.015.000) 05/20 20:50:09 Job executing on host: <128.142.77.10:9618?addrs=128.142.77.10-9618+[2001-1458-301-f4--100-a]-9618&alias=b7s12n4761.cern.ch&noUDP&sock=startd_16211_f9e1>
...
040 (2288434.012.000) 05/20 20:50:10 Started transferring input files
	Transferring to host: <128.142.83.124:9618?addrs=128.142.83.124-9618+[2001-1458-301-f5--100-be]-9618&alias=b7s13n5399.cern.ch&noUDP&sock=slot1_5_32618_14e7_74585>
...
040 (2288434.004.000) 05/20 20:50:10 Started transferring input files
	Transferring to host: <128.142.83.124:9618?addrs=128.142.83.124-9618+[2001-1458-301-f5--100-be]-9618&alias=b7s13n5399.cern.ch&noUDP&sock=slot1_1_32618_14e7_74584>
...
040 (2288434.012.000) 05/20 20:50:10 Finished transferring input files
...
040 (2288434.004.000) 05/20 20:50:10 Finished transferring input files
...
001 (2288434.004.000) 05/20 20:50:11 Job executing on host: <128.142.83.124:9618?addrs=128.142.83.124-9618+[2001-1458-301-f5--100-be]-9618&alias=b7s13n5399.cern.ch&noUDP&sock=startd_16517_dddc>
...
001 (2288434.012.000) 05/20 20:50:11 Job executing on host: <128.142.83.124:9618?addrs=128.142.83.124-9618+[2001-1458-301-f5--100-be]-9618&alias=b7s13n5399.cern.ch&noUDP&sock=startd_16517_dddc>
...
006 (2288434.010.000) 05/20 20:50:15 Image size of job updated: 835176
	175  -  MemoryUsage of job (MB)
	178516  -  ResidentSetSize of job (KB)
...
006 (2288434.011.000) 05/20 20:50:16 Image size of job updated: 745000
	150  -  MemoryUsage of job (MB)
	153092  -  ResidentSetSize of job (KB)
...
006 (2288434.014.000) 05/20 20:50:17 Image size of job updated: 249948
	245  -  MemoryUsage of job (MB)
	249892  -  ResidentSetSize of job (KB)
...
006 (2288434.013.000) 05/20 20:50:18 Image size of job updated: 957180
	229  -  MemoryUsage of job (MB)
	233512  -  ResidentSetSize of job (KB)
...
006 (2288434.015.000) 05/20 20:50:18 Image size of job updated: 179180
	174  -  MemoryUsage of job (MB)
	177908  -  ResidentSetSize of job (KB)
...
040 (2288434.016.000) 05/20 20:50:19 Started transferring input files
	Transferring to host: <188.184.168.198:9618?addrs=188.184.168.198-9618+[2001-1458-301-c0--100-12b]-9618&alias=b7g52n3359.cern.ch&noUDP&sock=slot1_3_14902_8e97_74623>
...
040 (2288434.016.000) 05/20 20:50:19 Finished transferring input files
...
001 (2288434.016.000) 05/20 20:50:20 Job executing on host: <188.184.168.198:9618?addrs=188.184.168.198-9618+[2001-1458-301-c0--100-12b]-9618&alias=b7g52n3359.cern.ch&noUDP&sock=startd_17557_385b>
...
006 (2288434.012.000) 05/20 20:50:20 Image size of job updated: 761436
	160  -  MemoryUsage of job (MB)
	162952  -  ResidentSetSize of job (KB)
...
006 (2288434.004.000) 05/20 20:50:20 Image size of job updated: 764512
	163  -  MemoryUsage of job (MB)
	165944  -  ResidentSetSize of job (KB)
...
006 (2288434.000.000) 05/20 20:50:26 Image size of job updated: 61854996
	616  -  MemoryUsage of job (MB)
	630348  -  ResidentSetSize of job (KB)
...
006 (2288434.016.000) 05/20 20:50:28 Image size of job updated: 171268
	168  -  MemoryUsage of job (MB)
	171268  -  ResidentSetSize of job (KB)
...
006 (2288434.000.000) 05/20 20:53:22 Image size of job updated: 61854996
	616  -  MemoryUsage of job (MB)
	630560  -  ResidentSetSize of job (KB)
...
040 (2288434.000.000) 05/20 20:53:27 Entered queue to transfer output files
...
006 (2288434.001.000) 05/20 20:55:04 Image size of job updated: 61871304
	185  -  MemoryUsage of job (MB)
	188900  -  ResidentSetSize of job (KB)
...
006 (2288434.003.000) 05/20 20:55:05 Image size of job updated: 60838516
	292  -  MemoryUsage of job (MB)
	298564  -  ResidentSetSize of job (KB)
...
006 (2288434.002.000) 05/20 20:55:05 Image size of job updated: 61854976
	235  -  MemoryUsage of job (MB)
	239664  -  ResidentSetSize of job (KB)
...
006 (2288434.008.000) 05/20 20:55:05 Image size of job updated: 61603124
	747  -  MemoryUsage of job (MB)
	764900  -  ResidentSetSize of job (KB)
...
006 (2288434.007.000) 05/20 20:55:06 Image size of job updated: 61603032
	512  -  MemoryUsage of job (MB)
	524052  -  ResidentSetSize of job (KB)
...
006 (2288434.006.000) 05/20 20:55:06 Image size of job updated: 61854064
	483  -  MemoryUsage of job (MB)
	494252  -  ResidentSetSize of job (KB)
...
006 (2288434.005.000) 05/20 20:55:07 Image size of job updated: 65296024
	575  -  MemoryUsage of job (MB)
	587996  -  ResidentSetSize of job (KB)
...
006 (2288434.009.000) 05/20 20:55:08 Image size of job updated: 61851992
	200  -  MemoryUsage of job (MB)
	204096  -  ResidentSetSize of job (KB)
...
006 (2288434.010.000) 05/20 20:55:16 Image size of job updated: 61864184
	336  -  MemoryUsage of job (MB)
	343472  -  ResidentSetSize of job (KB)
...
006 (2288434.011.000) 05/20 20:55:17 Image size of job updated: 64062824
	522  -  MemoryUsage of job (MB)
	534312  -  ResidentSetSize of job (KB)
...
006 (2288434.014.000) 05/20 20:55:18 Image size of job updated: 61603032
	255  -  MemoryUsage of job (MB)
	260584  -  ResidentSetSize of job (KB)
...
006 (2288434.013.000) 05/20 20:55:19 Image size of job updated: 61872492
	722  -  MemoryUsage of job (MB)
	738896  -  ResidentSetSize of job (KB)
...
006 (2288434.015.000) 05/20 20:55:19 Image size of job updated: 61886736
	174  -  MemoryUsage of job (MB)
	177908  -  ResidentSetSize of job (KB)
...
006 (2288434.004.000) 05/20 20:55:21 Image size of job updated: 61872864
	226  -  MemoryUsage of job (MB)
	231004  -  ResidentSetSize of job (KB)
...
006 (2288434.012.000) 05/20 20:55:21 Image size of job updated: 65482904
	547  -  MemoryUsage of job (MB)
	559208  -  ResidentSetSize of job (KB)
...
006 (2288434.016.000) 05/20 20:55:28 Image size of job updated: 60852636
	629  -  MemoryUsage of job (MB)
	643136  -  ResidentSetSize of job (KB)
...
040 (2288434.000.000) 05/20 20:55:53 Started transferring output files
...
040 (2288434.000.000) 05/20 20:55:55 Finished transferring output files
...
005 (2288434.000.000) 05/20 20:55:55 Job terminated.
	(1) Normal termination (return value 0)
		Usr 0 00:05:58, Sys 0 00:01:26  -  Run Remote Usage
		Usr 0 00:00:00, Sys 0 00:00:00  -  Run Local Usage
		Usr 0 00:05:58, Sys 0 00:01:26  -  Total Remote Usage
		Usr 0 00:00:00, Sys 0 00:00:00  -  Total Local Usage
	206615  -  Run Bytes Sent By Job
	3200  -  Run Bytes Received By Job
	206615  -  Total Bytes Sent By Job
	3200  -  Total Bytes Received By Job
	Partitionable Resources :    Usage  Request Allocated 
	   Cpus                 :     0.46        4         4 
	   Disk (KB)            :   226     8192000   8331505 
	   Memory (MB)          :   616        8000      8000 

	Job terminated of its own accord at 2021-05-20T18:53:22Z.
...
040 (2288434.017.000) 05/20 20:55:59 Started transferring input files
	Transferring to host: <128.142.87.208:9618?addrs=128.142.87.208-9618+[2001-1458-301-f6--100-20b]-9618&alias=b7s14n7309.cern.ch&noUDP&sock=slot1_6_12926_4947_76462>
...
040 (2288434.017.000) 05/20 20:55:59 Finished transferring input files
...
001 (2288434.017.000) 05/20 20:56:01 Job executing on host: <128.142.87.208:9618?addrs=128.142.87.208-9618+[2001-1458-301-f6--100-20b]-9618&alias=b7s14n7309.cern.ch&noUDP&sock=startd_16602_2b69>
...
006 (2288434.017.000) 05/20 20:56:09 Image size of job updated: 156556
	153  -  MemoryUsage of job (MB)
	156476  -  ResidentSetSize of job (KB)
...
006 (2288434.014.000) 05/20 20:56:24 Image size of job updated: 61603032
	255  -  MemoryUsage of job (MB)
	261008  -  ResidentSetSize of job (KB)
...
006 (2288434.008.000) 05/20 20:56:24 Image size of job updated: 61603124
	748  -  MemoryUsage of job (MB)
	765036  -  ResidentSetSize of job (KB)
...
040 (2288434.014.000) 05/20 20:56:24 Started transferring output files
...
040 (2288434.008.000) 05/20 20:56:24 Started transferring output files
...
040 (2288434.014.000) 05/20 20:56:24 Finished transferring output files
...
040 (2288434.008.000) 05/20 20:56:24 Finished transferring output files
...
005 (2288434.014.000) 05/20 20:56:24 Job terminated.
	(1) Normal termination (return value 0)
		Usr 0 00:04:50, Sys 0 00:01:11  -  Run Remote Usage
		Usr 0 00:00:00, Sys 0 00:00:00  -  Run Local Usage
		Usr 0 00:04:50, Sys 0 00:01:11  -  Total Remote Usage
		Usr 0 00:00:00, Sys 0 00:00:00  -  Total Local Usage
	194641  -  Run Bytes Sent By Job
	3200  -  Run Bytes Received By Job
	194641  -  Total Bytes Sent By Job
	3200  -  Total Bytes Received By Job
	Partitionable Resources :    Usage  Request Allocated 
	   Cpus                 :                 4         4 
	   Disk (KB)            :      206  8192000   8350573 
	   Memory (MB)          :      255     8000      8000 

	Job terminated of its own accord at 2021-05-20T18:56:24Z.
...
005 (2288434.008.000) 05/20 20:56:24 Job terminated.
	(1) Normal termination (return value 0)
		Usr 0 00:04:52, Sys 0 00:01:12  -  Run Remote Usage
		Usr 0 00:00:00, Sys 0 00:00:00  -  Run Local Usage
		Usr 0 00:04:52, Sys 0 00:01:12  -  Total Remote Usage
		Usr 0 00:00:00, Sys 0 00:00:00  -  Total Local Usage
	202771  -  Run Bytes Sent By Job
	3200  -  Run Bytes Received By Job
	202771  -  Total Bytes Sent By Job
	3200  -  Total Bytes Received By Job
	Partitionable Resources :    Usage  Request Allocated 
	   Cpus                 :                 4         4 
	   Disk (KB)            :      214  8192000   8351459 
	   Memory (MB)          :      748     8000      8000 

	Job terminated of its own accord at 2021-05-20T18:56:24Z.
...
040 (2288434.018.000) 05/20 20:56:25 Started transferring input files
	Transferring to host: <128.142.77.103:9618?addrs=128.142.77.103-9618+[2001-1458-301-f4--100-40e]-9618&alias=b7s12n2225.cern.ch&noUDP&sock=slot1_3_5535_a87a_19499>
...
040 (2288434.018.000) 05/20 20:56:25 Finished transferring input files
...
040 (2288434.019.000) 05/20 20:56:25 Started transferring input files
	Transferring to host: <128.142.77.103:9618?addrs=128.142.77.103-9618+[2001-1458-301-f4--100-40e]-9618&alias=b7s12n2225.cern.ch&noUDP&sock=slot1_2_5535_a87a_19500>
...
040 (2288434.019.000) 05/20 20:56:26 Finished transferring input files
...
001 (2288434.018.000) 05/20 20:56:26 Job executing on host: <128.142.77.103:9618?addrs=128.142.77.103-9618+[2001-1458-301-f4--100-40e]-9618&alias=b7s12n2225.cern.ch&noUDP&sock=startd_4523_faf2>
...
001 (2288434.019.000) 05/20 20:56:26 Job executing on host: <128.142.77.103:9618?addrs=128.142.77.103-9618+[2001-1458-301-f4--100-40e]-9618&alias=b7s12n2225.cern.ch&noUDP&sock=startd_4523_faf2>
...
006 (2288434.019.000) 05/20 20:56:35 Image size of job updated: 861424
	222  -  MemoryUsage of job (MB)
	227220  -  ResidentSetSize of job (KB)
...
006 (2288434.018.000) 05/20 20:56:35 Image size of job updated: 864428
	252  -  MemoryUsage of job (MB)
	257592  -  ResidentSetSize of job (KB)
...
006 (2288434.013.000) 05/20 20:56:44 Image size of job updated: 61872492
	722  -  MemoryUsage of job (MB)
	738904  -  ResidentSetSize of job (KB)
...
040 (2288434.013.000) 05/20 20:56:44 Started transferring output files
...
006 (2288434.006.000) 05/20 20:56:44 Image size of job updated: 61854064
	484  -  MemoryUsage of job (MB)
	494604  -  ResidentSetSize of job (KB)
...
040 (2288434.006.000) 05/20 20:56:44 Started transferring output files
...
040 (2288434.013.000) 05/20 20:56:44 Finished transferring output files
...
005 (2288434.013.000) 05/20 20:56:44 Job terminated.
	(1) Normal termination (return value 0)
		Usr 0 00:05:11, Sys 0 00:01:13  -  Run Remote Usage
		Usr 0 00:00:00, Sys 0 00:00:00  -  Run Local Usage
		Usr 0 00:05:11, Sys 0 00:01:13  -  Total Remote Usage
		Usr 0 00:00:00, Sys 0 00:00:00  -  Total Local Usage
	217520  -  Run Bytes Sent By Job
	3200  -  Run Bytes Received By Job
	217520  -  Total Bytes Sent By Job
	3200  -  Total Bytes Received By Job
	Partitionable Resources :    Usage  Request Allocated 
	   Cpus                 :     0.66        4         4 
	   Disk (KB)            :   236     8192000   8429269 
	   Memory (MB)          :   722        8000      8000 

	Job terminated of its own accord at 2021-05-20T18:56:44Z.
...
040 (2288434.006.000) 05/20 20:56:45 Finished transferring output files
...
005 (2288434.006.000) 05/20 20:56:45 Job terminated.
	(1) Normal termination (return value 0)
		Usr 0 00:05:10, Sys 0 00:01:13  -  Run Remote Usage
		Usr 0 00:00:00, Sys 0 00:00:00  -  Run Local Usage
		Usr 0 00:05:10, Sys 0 00:01:13  -  Total Remote Usage
		Usr 0 00:00:00, Sys 0 00:00:00  -  Total Local Usage
	213714  -  Run Bytes Sent By Job
	3200  -  Run Bytes Received By Job
	213714  -  Total Bytes Sent By Job
	3200  -  Total Bytes Received By Job
	Partitionable Resources :    Usage  Request Allocated 
	   Cpus                 :     0.65        4         4 
	   Disk (KB)            :   232     8192000   8430167 
	   Memory (MB)          :   484        8000      8000 

	Job terminated of its own accord at 2021-05-20T18:56:44Z.
...
040 (2288434.001.000) 05/20 20:57:41 Started transferring output files
...
040 (2288434.001.000) 05/20 20:57:42 Finished transferring output files
...
005 (2288434.001.000) 05/20 20:57:42 Job terminated.
	(1) Normal termination (return value 0)
		Usr 0 00:05:46, Sys 0 00:01:22  -  Run Remote Usage
		Usr 0 00:00:00, Sys 0 00:00:00  -  Run Local Usage
		Usr 0 00:05:46, Sys 0 00:01:22  -  Total Remote Usage
		Usr 0 00:00:00, Sys 0 00:00:00  -  Total Local Usage
	222656  -  Run Bytes Sent By Job
	3200  -  Run Bytes Received By Job
	222656  -  Total Bytes Sent By Job
	3200  -  Total Bytes Received By Job
	Partitionable Resources :    Usage  Request Allocated 
	   Cpus                 :     0.62        4         4 
	   Disk (KB)            :   241     8192000   8486095 
	   Memory (MB)          :   185        8000      8000 

	Job terminated of its own accord at 2021-05-20T18:57:41Z.
...
040 (2288434.009.000) 05/20 20:57:42 Started transferring output files
...
040 (2288434.009.000) 05/20 20:57:43 Finished transferring output files
...
005 (2288434.009.000) 05/20 20:57:43 Job terminated.
	(1) Normal termination (return value 0)
		Usr 0 00:05:44, Sys 0 00:01:22  -  Run Remote Usage
		Usr 0 00:00:00, Sys 0 00:00:00  -  Run Local Usage
		Usr 0 00:05:44, Sys 0 00:01:22  -  Total Remote Usage
		Usr 0 00:00:00, Sys 0 00:00:00  -  Total Local Usage
	222092  -  Run Bytes Sent By Job
	3200  -  Run Bytes Received By Job
	222092  -  Total Bytes Sent By Job
	3200  -  Total Bytes Received By Job
	Partitionable Resources :    Usage  Request Allocated 
	   Cpus                 :     0.65        4         4 
	   Disk (KB)            :   240     8192000   8485446 
	   Memory (MB)          :   200        8000      8000 

	Job terminated of its own accord at 2021-05-20T18:57:42Z.
...
006 (2288434.007.000) 05/20 20:58:12 Image size of job updated: 61603032
	512  -  MemoryUsage of job (MB)
	524140  -  ResidentSetSize of job (KB)
...
040 (2288434.007.000) 05/20 20:58:13 Started transferring output files
...
040 (2288434.007.000) 05/20 20:58:13 Finished transferring output files
...
005 (2288434.007.000) 05/20 20:58:14 Job terminated.
	(1) Normal termination (return value 0)
		Usr 0 00:06:00, Sys 0 00:01:23  -  Run Remote Usage
		Usr 0 00:00:00, Sys 0 00:00:00  -  Run Local Usage
		Usr 0 00:06:00, Sys 0 00:01:23  -  Total Remote Usage
		Usr 0 00:00:00, Sys 0 00:00:00  -  Total Local Usage
	209915  -  Run Bytes Sent By Job
	3200  -  Run Bytes Received By Job
	209915  -  Total Bytes Sent By Job
	3200  -  Total Bytes Received By Job
	Partitionable Resources :    Usage  Request Allocated 
	   Cpus                 :     0.65        4         4 
	   Disk (KB)            :   228     8192000   8568205 
	   Memory (MB)          :   512        8000      8000 

	Job terminated of its own accord at 2021-05-20T18:58:12Z.
...
006 (2288434.016.000) 05/20 20:58:23 Image size of job updated: 60852636
	629  -  MemoryUsage of job (MB)
	643140  -  ResidentSetSize of job (KB)
...
040 (2288434.016.000) 05/20 20:58:23 Started transferring output files
...
040 (2288434.016.000) 05/20 20:58:24 Finished transferring output files
...
005 (2288434.016.000) 05/20 20:58:24 Job terminated.
	(1) Normal termination (return value 0)
		Usr 0 00:05:59, Sys 0 00:01:21  -  Run Remote Usage
		Usr 0 00:00:00, Sys 0 00:00:00  -  Run Local Usage
		Usr 0 00:05:59, Sys 0 00:01:21  -  Total Remote Usage
		Usr 0 00:00:00, Sys 0 00:00:00  -  Total Local Usage
	211317  -  Run Bytes Sent By Job
	3200  -  Run Bytes Received By Job
	211317  -  Total Bytes Sent By Job
	3200  -  Total Bytes Received By Job
	Partitionable Resources :    Usage  Request Allocated 
	   Cpus                 :     0.57        4         4 
	   Disk (KB)            :   230     8192000   8566942 
	   Memory (MB)          :   629        8000      8000 

	Job terminated of its own accord at 2021-05-20T18:58:23Z.
...
006 (2288434.002.000) 05/20 20:58:28 Image size of job updated: 85217212
	235  -  MemoryUsage of job (MB)
	239812  -  ResidentSetSize of job (KB)
...
040 (2288434.002.000) 05/20 20:58:28 Started transferring output files
...
040 (2288434.002.000) 05/20 20:58:28 Finished transferring output files
...
005 (2288434.002.000) 05/20 20:58:29 Job terminated.
	(1) Normal termination (return value 0)
		Usr 0 00:06:16, Sys 0 00:01:28  -  Run Remote Usage
		Usr 0 00:00:00, Sys 0 00:00:00  -  Run Local Usage
		Usr 0 00:06:16, Sys 0 00:01:28  -  Total Remote Usage
		Usr 0 00:00:00, Sys 0 00:00:00  -  Total Local Usage
	216156  -  Run Bytes Sent By Job
	3200  -  Run Bytes Received By Job
	216156  -  Total Bytes Sent By Job
	3200  -  Total Bytes Received By Job
	Partitionable Resources :    Usage  Request Allocated 
	   Cpus                 :     0.63        4         4 
	   Disk (KB)            :   235     8192000   8479551 
	   Memory (MB)          :   235        8000      8000 

	Job terminated of its own accord at 2021-05-20T18:58:28Z.
...
006 (2288434.010.000) 05/20 20:58:31 Image size of job updated: 101212180
	336  -  MemoryUsage of job (MB)
	343488  -  ResidentSetSize of job (KB)
...
040 (2288434.010.000) 05/20 20:58:31 Started transferring output files
...
040 (2288434.010.000) 05/20 20:58:31 Finished transferring output files
...
005 (2288434.010.000) 05/20 20:58:31 Job terminated.
	(1) Normal termination (return value 0)
		Usr 0 00:06:14, Sys 0 00:01:27  -  Run Remote Usage
		Usr 0 00:00:00, Sys 0 00:00:00  -  Run Local Usage
		Usr 0 00:06:14, Sys 0 00:01:27  -  Total Remote Usage
		Usr 0 00:00:00, Sys 0 00:00:00  -  Total Local Usage
	200719  -  Run Bytes Sent By Job
	3200  -  Run Bytes Received By Job
	200719  -  Total Bytes Sent By Job
	3200  -  Total Bytes Received By Job
	Partitionable Resources :    Usage  Request Allocated 
	   Cpus                 :     0.64        4         4 
	   Disk (KB)            :   219     8192000   8478408 
	   Memory (MB)          :   336        8000      8000 

	Job terminated of its own accord at 2021-05-20T18:58:31Z.
...
006 (2288434.004.000) 05/20 20:58:39 Image size of job updated: 85098980
	226  -  MemoryUsage of job (MB)
	231080  -  ResidentSetSize of job (KB)
...
040 (2288434.004.000) 05/20 20:58:39 Started transferring output files
...
040 (2288434.004.000) 05/20 20:58:40 Finished transferring output files
...
005 (2288434.004.000) 05/20 20:58:40 Job terminated.
	(1) Normal termination (return value 0)
		Usr 0 00:06:11, Sys 0 00:01:25  -  Run Remote Usage
		Usr 0 00:00:00, Sys 0 00:00:00  -  Run Local Usage
		Usr 0 00:06:11, Sys 0 00:01:25  -  Total Remote Usage
		Usr 0 00:00:00, Sys 0 00:00:00  -  Total Local Usage
	215292  -  Run Bytes Sent By Job
	3200  -  Run Bytes Received By Job
	215292  -  Total Bytes Sent By Job
	3200  -  Total Bytes Received By Job
	Partitionable Resources :    Usage  Request Allocated 
	   Cpus                 :     0.62        4         4 
	   Disk (KB)            :   234     8192000   8561955 
	   Memory (MB)          :   226        8000      8000 

	Job terminated of its own accord at 2021-05-20T18:58:39Z.
...
040 (2288434.015.000) 05/20 20:58:56 Started transferring output files
...
040 (2288434.015.000) 05/20 20:58:57 Finished transferring output files
...
005 (2288434.015.000) 05/20 20:58:57 Job terminated.
	(1) Normal termination (return value 0)
		Usr 0 00:06:26, Sys 0 00:01:30  -  Run Remote Usage
		Usr 0 00:00:00, Sys 0 00:00:00  -  Run Local Usage
		Usr 0 00:06:26, Sys 0 00:01:30  -  Total Remote Usage
		Usr 0 00:00:00, Sys 0 00:00:00  -  Total Local Usage
	223177  -  Run Bytes Sent By Job
	3200  -  Run Bytes Received By Job
	223177  -  Total Bytes Sent By Job
	3200  -  Total Bytes Received By Job
	Partitionable Resources :    Usage  Request Allocated 
	   Cpus                 :     0.64        4         4 
	   Disk (KB)            :   241     8192000   8394624 
	   Memory (MB)          :   174        8000      8000 

	Job terminated of its own accord at 2021-05-20T18:58:56Z.
...
006 (2288434.003.000) 05/20 21:00:05 Image size of job updated: 60838516
	613  -  MemoryUsage of job (MB)
	627368  -  ResidentSetSize of job (KB)
...
006 (2288434.003.000) 05/20 21:00:37 Image size of job updated: 60838516
	613  -  MemoryUsage of job (MB)
	627408  -  ResidentSetSize of job (KB)
...
006 (2288434.017.000) 05/20 21:01:09 Image size of job updated: 61671548
	747  -  MemoryUsage of job (MB)
	764772  -  ResidentSetSize of job (KB)
...
006 (2288434.019.000) 05/20 21:01:35 Image size of job updated: 61877492
	223  -  MemoryUsage of job (MB)
	227456  -  ResidentSetSize of job (KB)
...
006 (2288434.018.000) 05/20 21:01:36 Image size of job updated: 63649152
	522  -  MemoryUsage of job (MB)
	534336  -  ResidentSetSize of job (KB)
...
040 (2288434.019.000) 05/20 21:02:58 Entered queue to transfer output files
...
040 (2288434.017.000) 05/20 21:03:59 Entered queue to transfer output files
...
040 (2288434.017.000) 05/20 21:05:28 Started transferring output files
...
040 (2288434.019.000) 05/20 21:05:28 Started transferring output files
...
022 (2288434.003.000) 05/20 21:05:46 Job disconnected, attempting to reconnect
    Socket between submit and execute hosts closed unexpectedly
    Trying to reconnect to slot1_2@b7s11n7781.cern.ch <128.142.75.252:9618?addrs=128.142.75.252-9618+[2001-1458-301-75--100-c9]-9618&alias=b7s11n7781.cern.ch&noUDP&sock=startd_5096_02b7>
...
023 (2288434.003.000) 05/20 21:05:46 Job reconnected to slot1_2@b7s11n7781.cern.ch
    startd address: <128.142.75.252:9618?addrs=128.142.75.252-9618+[2001-1458-301-75--100-c9]-9618&alias=b7s11n7781.cern.ch&noUDP&sock=startd_5096_02b7>
    starter address: <128.142.75.252:9618?addrs=128.142.75.252-9618+[2001-1458-301-75--100-c9]-9618&alias=b7s11n7781.cern.ch&noUDP&sock=slot1_2_6322_2bba_23916>
...
040 (2288434.003.000) 05/20 21:05:46 Finished transferring output files
...
040 (2288434.017.000) 05/20 21:05:49 Finished transferring output files
...
040 (2288434.019.000) 05/20 21:05:50 Finished transferring output files
...
040 (2288434.003.000) 05/20 21:05:59 Entered queue to transfer output files
...
005 (2288434.017.000) 05/20 21:06:03 Job terminated.
	(1) Normal termination (return value 0)
		Usr 0 00:05:52, Sys 0 00:01:25  -  Run Remote Usage
		Usr 0 00:00:00, Sys 0 00:00:00  -  Run Local Usage
		Usr 0 00:05:52, Sys 0 00:01:25  -  Total Remote Usage
		Usr 0 00:00:00, Sys 0 00:00:00  -  Total Local Usage
	201784  -  Run Bytes Sent By Job
	3200  -  Run Bytes Received By Job
	201784  -  Total Bytes Sent By Job
	3200  -  Total Bytes Received By Job
	Partitionable Resources :    Usage  Request Allocated 
	   Cpus                 :     0.66        4         4 
	   Disk (KB)            :   221     8192000   8327985 
	   Memory (MB)          :   747        8000      8000 

	Job terminated of its own accord at 2021-05-20T19:03:54Z.
...
005 (2288434.019.000) 05/20 21:06:04 Job terminated.
	(1) Normal termination (return value 0)
		Usr 0 00:04:51, Sys 0 00:01:08  -  Run Remote Usage
		Usr 0 00:00:00, Sys 0 00:00:00  -  Run Local Usage
		Usr 0 00:04:51, Sys 0 00:01:08  -  Total Remote Usage
		Usr 0 00:00:00, Sys 0 00:00:00  -  Total Local Usage
	220049  -  Run Bytes Sent By Job
	3200  -  Run Bytes Received By Job
	220049  -  Total Bytes Sent By Job
	3200  -  Total Bytes Received By Job
	Partitionable Resources :    Usage  Request Allocated 
	   Cpus                 :     0.50        4         4 
	   Disk (KB)            :   239     8192000   8311947 
	   Memory (MB)          :   223        8000      8000 

	Job terminated of its own accord at 2021-05-20T19:02:46Z.
...
040 (2288434.003.000) 05/20 21:06:09 Started transferring output files
...
040 (2288434.003.000) 05/20 21:06:18 Finished transferring output files
...
005 (2288434.003.000) 05/20 21:06:23 Job terminated.
	(1) Normal termination (return value 0)
		Usr 0 00:06:54, Sys 0 00:01:38  -  Run Remote Usage
		Usr 0 00:00:00, Sys 0 00:00:00  -  Run Local Usage
		Usr 0 00:06:54, Sys 0 00:01:38  -  Total Remote Usage
		Usr 0 00:00:00, Sys 0 00:00:00  -  Total Local Usage
	229560  -  Run Bytes Sent By Job
	3200  -  Run Bytes Received By Job
	229560  -  Total Bytes Sent By Job
	3200  -  Total Bytes Received By Job
	Partitionable Resources :    Usage  Request Allocated 
	   Cpus                 :        0        4         4 
	   Disk (KB)            :      248  8192000   8392722 
	   Memory (MB)          :      613     8000      8000 

	Job terminated of its own accord at 2021-05-20T19:00:36Z.
...
040 (2288434.018.000) 05/20 21:22:08 Entered queue to transfer output files
...
040 (2288434.011.000) 05/20 21:22:08 Entered queue to transfer output files
...
040 (2288434.012.000) 05/20 21:22:08 Entered queue to transfer output files
...
040 (2288434.018.000) 05/20 21:22:24 Started transferring output files
...
040 (2288434.011.000) 05/20 21:22:24 Started transferring output files
...
040 (2288434.012.000) 05/20 21:22:24 Started transferring output files
...
040 (2288434.018.000) 05/20 21:22:29 Finished transferring output files
...
040 (2288434.011.000) 05/20 21:22:29 Finished transferring output files
...
040 (2288434.012.000) 05/20 21:22:29 Finished transferring output files
...
004 (2288434.018.000) 05/20 21:22:31 Job was evicted.
	(0) CPU times
		Usr 0 00:02:09, Sys 0 00:00:27  -  Run Remote Usage
		Usr 0 00:00:00, Sys 0 00:00:00  -  Run Local Usage
	5714  -  Run Bytes Sent By Job
	3200  -  Run Bytes Received By Job
	Partitionable Resources :    Usage  Request Allocated 
	   Cpus                 :     0.01        4         4 
	   Disk (KB)            :    30     8192000   8311947 
	   Memory (MB)          :   522        8000      8000 
...
004 (2288434.011.000) 05/20 21:22:31 Job was evicted.
	(0) CPU times
		Usr 0 00:02:54, Sys 0 00:00:36  -  Run Remote Usage
		Usr 0 00:00:00, Sys 0 00:00:00  -  Run Local Usage
	5714  -  Run Bytes Sent By Job
	3200  -  Run Bytes Received By Job
	Partitionable Resources :    Usage  Request Allocated 
	   Cpus                 :     0.00        4         4 
	   Disk (KB)            :    29     8192000   8391735 
	   Memory (MB)          :   522        8000      8000 
...
004 (2288434.012.000) 05/20 21:22:31 Job was evicted.
	(0) CPU times
		Usr 0 00:02:46, Sys 0 00:00:35  -  Run Remote Usage
		Usr 0 00:00:00, Sys 0 00:00:00  -  Run Local Usage
	5882  -  Run Bytes Sent By Job
	3200  -  Run Bytes Received By Job
	Partitionable Resources :    Usage  Request Allocated 
	   Cpus                 :     0.00        4         4 
	   Disk (KB)            :    29     8192000   8560899 
	   Memory (MB)          :   547        8000      8000 
...
009 (2288434.018.000) 05/20 21:22:32 Job was aborted by the user.
	via condor_rm (by user ftorales)
...
009 (2288434.011.000) 05/20 21:22:32 Job was aborted by the user.
	via condor_rm (by user ftorales)
...
009 (2288434.012.000) 05/20 21:22:32 Job was aborted by the user.
	via condor_rm (by user ftorales)
...
040 (2288434.005.000) 05/20 21:22:58 Started transferring output files
...
040 (2288434.005.000) 05/20 21:22:59 Finished transferring output files
...
004 (2288434.005.000) 05/20 21:22:59 Job was evicted.
	(0) CPU times
		Usr 0 00:03:06, Sys 0 00:00:37  -  Run Remote Usage
		Usr 0 00:00:00, Sys 0 00:00:00  -  Run Local Usage
	8653  -  Run Bytes Sent By Job
	3200  -  Run Bytes Received By Job
	Partitionable Resources :    Usage  Request Allocated 
	   Cpus                 :     0.00        4         4 
	   Disk (KB)            :    32     8192000   8395565 
	   Memory (MB)          :   575        8000      8000 
...
009 (2288434.005.000) 05/20 21:22:59 Job was aborted by the user.
	via condor_rm (by user ftorales)
...
