===============================
execute this script as follows:
./generate_its.sh system region nevents
where:
system = 1 -> pp
       = 2 -> Pb-Pb
region = 1 -> ITS only
       = 2 -> whole detector
===============================
will generate Pb-Pb events
will transport events in the ITS only
Will generate: 20 events
Moving to /eos/user/f/ftorales/its_data/alignment/lbnl_alice_alignment_tasks/2284183/13
/eos/user/f/ftorales/its_data/alignment/lbnl_alice_alignment_tasks/2284183/13

==============================================================================================
1. MC generation run
[INFO] Running with 6 sim workers 
[INFO] CREATING SIM SHARED MEM SEGMENT FOR 6 WORKERS
Spawning particle server on PID 996; Redirect output to o2sim_serverlog
Spawning sim worker 0 on PID 998; Redirect output to o2sim_workerlog0
Spawning hit merger on PID 999; Redirect output to o2sim_mergerlog
[INFO] DISTRIBUTING EVENT : 1
[INFO] EVENT FINISHED : 1
[INFO] DISTRIBUTING EVENT : 2
[INFO] EVENT FINISHED : 2
[INFO] DISTRIBUTING EVENT : 3
[INFO] EVENT FINISHED : 3
[INFO] DISTRIBUTING EVENT : 4
[INFO] EVENT FINISHED : 4
[INFO] DISTRIBUTING EVENT : 5
[INFO] EVENT FINISHED : 5
[INFO] DISTRIBUTING EVENT : 6
[INFO] EVENT FINISHED : 6
[INFO] DISTRIBUTING EVENT : 7
[INFO] EVENT FINISHED : 7
[INFO] DISTRIBUTING EVENT : 8
[INFO] EVENT FINISHED : 8
[INFO] DISTRIBUTING EVENT : 9
[INFO] EVENT FINISHED : 9
[INFO] DISTRIBUTING EVENT : 10
[INFO] EVENT FINISHED : 10
[INFO] DISTRIBUTING EVENT : 11
[INFO] EVENT FINISHED : 11
[INFO] DISTRIBUTING EVENT : 12
[INFO] DISTRIBUTING EVENT : 13
[INFO] EVENT FINISHED : 12
[INFO] EVENT FINISHED : 13
[INFO] DISTRIBUTING EVENT : 14
[INFO] EVENT FINISHED : 14
[INFO] DISTRIBUTING EVENT : 15
[INFO] EVENT FINISHED : 15
[INFO] DISTRIBUTING EVENT : 16
[INFO] DISTRIBUTING EVENT : 17
[INFO] EVENT FINISHED : 17
[INFO] EVENT FINISHED : 16
[INFO] DISTRIBUTING EVENT : 18
[INFO] EVENT FINISHED : 18
[INFO] DISTRIBUTING EVENT : 19
[INFO] EVENT FINISHED : 19
[INFO] DISTRIBUTING EVENT : 20
[INFO] EVENT FINISHED : 20
[INFO] Merger process 999 returned
[INFO] Simulation process took 171.302 s
[INFO] SIMULATION RETURNED SUCCESFULLY

==============================================================================================
2. Hits to digits conversion
Run: 1621488954
Fill:      0
Period: 
LHC State: 
Start: Thu May 20 07:35:57 2021
End  : Thu May 20 07:35:57 2021
Beam0: Z:A =   0:  0, Energy = 0.000
Beam1: Z:A =   0:  0, Energy = 0.000
sqrt[s]    = 0.000
crossing angle (radian) = 0.000000e+00
magnet currents (A) L3 = -30000.000, Dipole = -6000
Detectors: Cont.RO Triggers
      ITS:    -       -    
[INFO] MC-TRUTH 1
[INFO] TPC: GEM setup - initialization from scratch
[INFO] TPC: GEM setup (polya) took 10.9
[INFO] TPC is in grp? no; is skipped? no
[INFO] ITS is in grp? yes; is skipped? no
[INFO] MFT is in grp? no; is skipped? no
[INFO] TOF is in grp? no; is skipped? no
[INFO] FT0 is in grp? no; is skipped? no
[INFO] FV0 is in grp? no; is skipped? no
[INFO] EMC is in grp? no; is skipped? no
[INFO] HMP is in grp? no; is skipped? no
[INFO] ZDC is in grp? no; is skipped? no
[INFO] TRD is in grp? no; is skipped? no
[INFO] MCH is in grp? no; is skipped? no
[INFO] MID is in grp? no; is skipped? no
[INFO] FDD is in grp? no; is skipped? no
[INFO] PHS is in grp? no; is skipped? no
[INFO] CPV is in grp? no; is skipped? no
[INFO] Initialising O2 Data Processing Layer
[INFO] O2 Data Processing Layer initialised. We brake for nobody.
[INFO] Optimised build. O2DEBUG / LOG(DEBUG) / LOGF(DEBUG) / assert statement will not be shown.
[INFO] Redeployment of configuration asked.
[INFO] Starting internal-dpl-clock on pid 2120
[INFO] Starting SimReader on pid 2121
[INFO] Starting ITSDigitizer on pid 2122
[INFO] Starting GRPUpdater on pid 2123
[INFO] Starting ITSDigitWriter on pid 2124
[INFO] Redeployment of configuration done.
[2121:SimReader]: [INFO] MC-TRUTH 1
[2123:GRPUpdater]: [INFO] MC-TRUTH 1
[2120:internal-dpl-clock]: [INFO] MC-TRUTH 1
[2120:internal-dpl-clock]: [INFO] Spawing new device internal-dpl-clock in process with pid 2120
[2121:SimReader]: [INFO] Spawing new device SimReader in process with pid 2121
[2123:GRPUpdater]: [INFO] Spawing new device GRPUpdater in process with pid 2123
[2120:internal-dpl-clock]: [07:41:35][INFO] 
[2120:internal-dpl-clock]:       ______      _    _______  _________ 
[2120:internal-dpl-clock]:      / ____/___ _(_)_______   |/  /_  __ \    version 1.4.29
[2120:internal-dpl-clock]:     / /_  / __ `/ / ___/__  /|_/ /_  / / /    build RELWITHDEBINFO
[2120:internal-dpl-clock]:    / __/ / /_/ / / /    _  /  / / / /_/ /     https://github.com/FairRootGroup/FairMQ
[2120:internal-dpl-clock]:   /_/    \__,_/_/_/     /_/  /_/  \___\_\     LGPL-3.0  © 2012-2020 GSI
[2120:internal-dpl-clock]: 
[2121:SimReader]: [07:41:35][INFO] 
[2121:SimReader]:       ______      _    _______  _________ 
[2121:SimReader]:      / ____/___ _(_)_______   |/  /_  __ \    version 1.4.29
[2121:SimReader]:     / /_  / __ `/ / ___/__  /|_/ /_  / / /    build RELWITHDEBINFO
[2121:SimReader]:    / __/ / /_/ / / /    _  /  / / / /_/ /     https://github.com/FairRootGroup/FairMQ
[2121:SimReader]:   /_/    \__,_/_/_/     /_/  /_/  \___\_\     LGPL-3.0  © 2012-2020 GSI
[2121:SimReader]: 
[2123:GRPUpdater]: [07:41:35][INFO] 
[2123:GRPUpdater]:       ______      _    _______  _________ 
[2123:GRPUpdater]:      / ____/___ _(_)_______   |/  /_  __ \    version 1.4.29
[2123:GRPUpdater]:     / /_  / __ `/ / ___/__  /|_/ /_  / / /    build RELWITHDEBINFO
[2123:GRPUpdater]:    / __/ / /_/ / / /    _  /  / / / /_/ /     https://github.com/FairRootGroup/FairMQ
[2123:GRPUpdater]:   /_/    \__,_/_/_/     /_/  /_/  \___\_\     LGPL-3.0  © 2012-2020 GSI
[2123:GRPUpdater]: 
[2120:internal-dpl-clock]: [07:41:35][STATE] Starting FairMQ state machine --> IDLE
[2121:SimReader]: [07:41:35][STATE] Starting FairMQ state machine --> IDLE
[2123:GRPUpdater]: [07:41:35][STATE] Starting FairMQ state machine --> IDLE
[2120:internal-dpl-clock]: 2021-05-20 07:41:35	Monitoring	[0;49mStdOut backend initialized[0m
[2121:SimReader]: 2021-05-20 07:41:35	Monitoring	[0;49mStdOut backend initialized[0m
[2123:GRPUpdater]: 2021-05-20 07:41:35	Monitoring	[0;49mStdOut backend initialized[0m
[2123:GRPUpdater]: [07:41:35][STATE] IDLE ---> INITIALIZING DEVICE
[2120:internal-dpl-clock]: [07:41:35][STATE] IDLE ---> INITIALIZING DEVICE
[2120:internal-dpl-clock]: 2021-05-20 07:41:35	Monitoring	[0;49mBuffering enabled (100)[0m
[2120:internal-dpl-clock]: [07:41:35][STATE] INITIALIZING DEVICE ---> INITIALIZED
[2120:internal-dpl-clock]: [07:41:35][STATE] INITIALIZED ---> BINDING
[2120:internal-dpl-clock]: [07:41:35][STATE] BINDING ---> BOUND
[2120:internal-dpl-clock]: [07:41:35][STATE] BOUND ---> CONNECTING
[2120:internal-dpl-clock]: [07:41:35][STATE] CONNECTING ---> DEVICE READY
[2120:internal-dpl-clock]: [07:41:35][STATE] DEVICE READY ---> INITIALIZING TASK
[2120:internal-dpl-clock]: [07:41:35][STATE] INITIALIZING TASK ---> READY
[2120:internal-dpl-clock]: [07:41:35][STATE] READY ---> RUNNING
[2120:internal-dpl-clock]: [07:41:35][INFO] DEVICE: Running...
[2121:SimReader]: [07:41:35][STATE] IDLE ---> INITIALIZING DEVICE
[2121:SimReader]: 2021-05-20 07:41:35	Monitoring	[0;49mBuffering enabled (100)[0m
[2121:SimReader]: [07:41:35][INFO] adding o2sim
[2121:SimReader]: 
[2121:SimReader]: [07:41:35][INFO] INCONTEXTSTRING 
[2121:SimReader]: [07:41:35][INFO] Imposing hadronic interaction rate 50000Hz
[2121:SimReader]: [07:41:35][WARN] No bunch filling provided, impose default one
[2121:SimReader]: [07:41:35][INFO] Deducing mu=0.00771915 per BC from IR=50000 with 576 BCs
[2121:SimReader]: [07:41:35][INFO] InteractionSampler with 576 colliding BCs, mu(BC)= 0.00771915 -> total IR= 50000
[2121:SimReader]: [07:41:35][INFO] Current BCid:    0 Orbit:      1 |T in BC(ns): 0.000(0 coll left)
[2121:SimReader]: [07:41:35][INFO] setting up 1 chains
[2122:ITSDigitizer]: [INFO] MC-TRUTH 1
[2122:ITSDigitizer]: [INFO] Spawing new device ITSDigitizer in process with pid 2122
[2122:ITSDigitizer]: [07:41:35][INFO] 
[2122:ITSDigitizer]:       ______      _    _______  _________ 
[2122:ITSDigitizer]:      / ____/___ _(_)_______   |/  /_  __ \    version 1.4.29
[2122:ITSDigitizer]:     / /_  / __ `/ / ___/__  /|_/ /_  / / /    build RELWITHDEBINFO
[2122:ITSDigitizer]:    / __/ / /_/ / / /    _  /  / / / /_/ /     https://github.com/FairRootGroup/FairMQ
[2122:ITSDigitizer]:   /_/    \__,_/_/_/     /_/  /_/  \___\_\     LGPL-3.0  © 2012-2020 GSI
[2122:ITSDigitizer]: 
[2122:ITSDigitizer]: [07:41:35][STATE] Starting FairMQ state machine --> IDLE
[2122:ITSDigitizer]: 2021-05-20 07:41:35	Monitoring	[0;49mStdOut backend initialized[0m
[2122:ITSDigitizer]: [07:41:35][STATE] IDLE ---> INITIALIZING DEVICE
[2122:ITSDigitizer]: 2021-05-20 07:41:35	Monitoring	[0;49mBuffering enabled (100)[0m
[2122:ITSDigitizer]: [07:41:35][INFO] Initializing geometry service
[2123:GRPUpdater]: 2021-05-20 07:41:35	Monitoring	[0;49mBuffering enabled (100)[0m
[2123:GRPUpdater]: [07:41:35][STATE] INITIALIZING DEVICE ---> INITIALIZED
[2123:GRPUpdater]: [07:41:35][STATE] INITIALIZED ---> BINDING
[2123:GRPUpdater]: [07:41:35][STATE] BINDING ---> BOUND
[2123:GRPUpdater]: [07:41:35][STATE] BOUND ---> CONNECTING
[2123:GRPUpdater]: [07:41:35][STATE] CONNECTING ---> DEVICE READY
[2123:GRPUpdater]: [07:41:35][STATE] DEVICE READY ---> INITIALIZING TASK
[2123:GRPUpdater]: [07:41:35][STATE] INITIALIZING TASK ---> READY
[2123:GRPUpdater]: [07:41:35][STATE] READY ---> RUNNING
[2123:GRPUpdater]: [07:41:35][INFO] DEVICE: Running...
[2124:ITSDigitWriter]: [INFO] MC-TRUTH 1
[2122:ITSDigitizer]: [07:41:35][INFO] Loading geometry FAIRGeom from o2sim_geometry.root
[2124:ITSDigitWriter]: [INFO] Spawing new device ITSDigitWriter in process with pid 2124
[2124:ITSDigitWriter]: [07:41:35][INFO] 
[2124:ITSDigitWriter]:       ______      _    _______  _________ 
[2124:ITSDigitWriter]:      / ____/___ _(_)_______   |/  /_  __ \    version 1.4.29
[2124:ITSDigitWriter]:     / /_  / __ `/ / ___/__  /|_/ /_  / / /    build RELWITHDEBINFO
[2124:ITSDigitWriter]:    / __/ / /_/ / / /    _  /  / / / /_/ /     https://github.com/FairRootGroup/FairMQ
[2124:ITSDigitWriter]:   /_/    \__,_/_/_/     /_/  /_/  \___\_\     LGPL-3.0  © 2012-2020 GSI
[2124:ITSDigitWriter]: 
[2124:ITSDigitWriter]: [07:41:35][STATE] Starting FairMQ state machine --> IDLE
[2124:ITSDigitWriter]: 2021-05-20 07:41:35	Monitoring	[0;49mStdOut backend initialized[0m
[2124:ITSDigitWriter]: [07:41:35][STATE] IDLE ---> INITIALIZING DEVICE
[2124:ITSDigitWriter]: 2021-05-20 07:41:35	Monitoring	[0;49mBuffering enabled (100)[0m
[2124:ITSDigitWriter]: [07:41:36][INFO] 0: branch  ITSDigitMCTruth set up
[2124:ITSDigitWriter]: [07:41:36][INFO] 1: branch  ITSDigitMC2ROF set up
[2124:ITSDigitWriter]: [07:41:36][INFO] 2: branch  ITSDigit set up
[2124:ITSDigitWriter]: [07:41:36][INFO] 3: branch  ITSDigitROF set up
[2124:ITSDigitWriter]: [07:41:36][STATE] INITIALIZING DEVICE ---> INITIALIZED
[2124:ITSDigitWriter]: [07:41:36][STATE] INITIALIZED ---> BINDING
[2124:ITSDigitWriter]: [07:41:36][STATE] BINDING ---> BOUND
[2124:ITSDigitWriter]: [07:41:36][STATE] BOUND ---> CONNECTING
[2124:ITSDigitWriter]: [07:41:36][STATE] CONNECTING ---> DEVICE READY
[2124:ITSDigitWriter]: [07:41:36][STATE] DEVICE READY ---> INITIALIZING TASK
[2124:ITSDigitWriter]: [07:41:36][STATE] INITIALIZING TASK ---> READY
[2124:ITSDigitWriter]: [07:41:36][STATE] READY ---> RUNNING
[2124:ITSDigitWriter]: [07:41:36][INFO] DEVICE: Running...
[2122:ITSDigitizer]: Info in <TGeoManager::CloseGeometry>: Geometry loaded from file...
[2122:ITSDigitizer]: Info in <TGeoManager::SetTopVolume>: Top volume is cave. Master volume is cave
[2122:ITSDigitizer]: Info in <TGeoNavigator::BuildCache>: --- Maximum geometry depth set to 100
[2122:ITSDigitizer]: Info in <TGeoManager::CloseGeometry>: Voxelization retrieved from file
[2122:ITSDigitizer]: Info in <TGeoManager::CountLevels>: max level = 9, max placements = 126
[2122:ITSDigitizer]: Info in <TGeoManager::CloseGeometry>: 179840 nodes/ 399 volume UID's in FAIR geometry
[2122:ITSDigitizer]: Info in <TGeoManager::CloseGeometry>: ----------------modeler ready----------------
[2122:ITSDigitizer]: [07:41:37][INFO] Initializing field service
[2121:SimReader]: [07:41:37][INFO] Automatic deduction of number of collisions ... will just take number of background entries 20
[2121:SimReader]: Summary of DigitizationContext --
[2121:SimReader]: Parts per collision 1
[2121:SimReader]: Collision parts taken from simulations specified by prefix:
[2121:SimReader]: Number of Collisions 20
[2121:SimReader]: Collision 0 TIME BCid:  224 Orbit:      1 |T in BC(ns): 0.257 (0 , 0)
[2121:SimReader]: Collision 1 TIME BCid:  604 Orbit:      1 |T in BC(ns): -0.247 (0 , 1)
[2121:SimReader]: Collision 2 TIME BCid: 1422 Orbit:      1 |T in BC(ns): 0.200 (0 , 2)
[2121:SimReader]: Collision 3 TIME BCid: 1426 Orbit:      1 |T in BC(ns): 0.477 (0 , 3)
[2121:SimReader]: Collision 4 TIME BCid: 1950 Orbit:      1 |T in BC(ns): 0.018 (0 , 4)
[2121:SimReader]: Collision 5 TIME BCid: 2138 Orbit:      1 |T in BC(ns): -0.014 (0 , 5)
[2121:SimReader]: Collision 6 TIME BCid:  836 Orbit:      2 |T in BC(ns): 0.192 (0 , 6)
[2121:SimReader]: Collision 7 TIME BCid:   90 Orbit:      3 |T in BC(ns): 0.116 (0 , 7)
[2121:SimReader]: Collision 8 TIME BCid:  778 Orbit:      3 |T in BC(ns): -0.120 (0 , 8)
[2121:SimReader]: Collision 9 TIME BCid:  800 Orbit:      3 |T in BC(ns): 0.179 (0 , 9)
[2121:SimReader]: Collision 10 TIME BCid:  848 Orbit:      3 |T in BC(ns): -0.073 (0 , 10)
[2121:SimReader]: Collision 11 TIME BCid: 1380 Orbit:      3 |T in BC(ns): -0.077 (0 , 11)
[2121:SimReader]: Collision 12 TIME BCid:  810 Orbit:      4 |T in BC(ns): 0.148 (0 , 12)
[2121:SimReader]: Collision 13 TIME BCid: 1804 Orbit:      4 |T in BC(ns): 0.416 (0 , 13)
[2121:SimReader]: Collision 14 TIME BCid:  464 Orbit:      5 |T in BC(ns): -0.114 (0 , 14)
[2121:SimReader]: Collision 15 TIME BCid: 1166 Orbit:      5 |T in BC(ns): 0.346 (0 , 15)
[2121:SimReader]: Collision 16 TIME BCid: 1572 Orbit:      5 |T in BC(ns): -0.041 (0 , 16)
[2121:SimReader]: Collision 17 TIME BCid: 1928 Orbit:      5 |T in BC(ns): 0.232 (0 , 17)
[2121:SimReader]: Collision 18 TIME BCid:   88 Orbit:      6 |T in BC(ns): 0.160 (0 , 18)
[2121:SimReader]: Collision 19 TIME BCid: 2122 Orbit:      6 |T in BC(ns): 0.255 (0 , 19)
[2121:SimReader]: [07:41:37][INFO] Initializing Spec ... have 20 times 
[2121:SimReader]: [07:41:37][INFO] Serializing Context for later reuse
[2122:ITSDigitizer]: [07:41:37][INFO] MagneticField::Print: MagneticFieldMap:
[2122:ITSDigitizer]: [07:41:37][INFO] MagneticField::Print: Solenoid (-1*)5 kG, Dipole ON (-1) 
[2122:ITSDigitizer]: [07:41:37][INFO] MagneticField::Print: Machine B fields for p-p  beam (7000 GeV): QGrad: 22.0002 Dipole: 37.8781
[2122:ITSDigitizer]: [07:41:37][INFO] MagneticField::Print: Uses Sol30_Dip6_Hole  of /cvmfs/alice.cern.ch/el7-x86_64/Packages/O2/nightly-20210129-1/share/Common/maps/mfchebKGI_sym.root
[2122:ITSDigitizer]: Info in <TGeoGlobalMagField::SetField>: Global magnetic field set to <MagneticFieldMap>
[2122:ITSDigitizer]: Info in <TGeoGlobalMagField::Lock>: Global magnetic field <MagneticFieldMap> is now locked
[2122:ITSDigitizer]: [07:41:37][INFO] Set Alpide charge threshold to 150, single hit will be accounted from 15 electrons
[2122:ITSDigitizer]: [07:41:37][INFO] ITS simulated in CONTINUOUS RO mode
[2121:SimReader]: [07:41:37][STATE] INITIALIZING DEVICE ---> INITIALIZED
[2121:SimReader]: [07:41:37][STATE] INITIALIZED ---> BINDING
[2121:SimReader]: [07:41:37][STATE] BINDING ---> BOUND
[2121:SimReader]: [07:41:37][STATE] BOUND ---> CONNECTING
[2121:SimReader]: [07:41:37][STATE] CONNECTING ---> DEVICE READY
[2121:SimReader]: [07:41:37][STATE] DEVICE READY ---> INITIALIZING TASK
[2121:SimReader]: [07:41:37][STATE] INITIALIZING TASK ---> READY
[2121:SimReader]: [07:41:37][STATE] READY ---> RUNNING
[2121:SimReader]: [07:41:37][INFO] DEVICE: Running...
[2121:SimReader]: [07:41:37][INFO] SENDING SOMETHING TO OTHERS
[2122:ITSDigitizer]: [07:41:38][INFO] Loading ITS L2G matrices from TGeo
[2122:ITSDigitizer]: Alpide response object of 40500 matrices to map chagre in xyz to 5x5 pixels
[2122:ITSDigitizer]: X(col) range: +0.000000e+00 : +1.462000e-03 | step: 5.000000e-05 | Nbins: 30
[2122:ITSDigitizer]: Y(row) range: +0.000000e+00 : +1.344000e-03 | step: 5.000000e-05 | Nbins: 27
[2122:ITSDigitizer]: Z(dpt) range: -2.000000e-03 : +2.500000e-03 | step: 8.999999e-05 | Nbins: 50
[2122:ITSDigitizer]: Alpide digitization params:
[2122:ITSDigitizer]: Continuous readout             : ON
[2122:ITSDigitizer]: Readout Frame Length(ns)       : 9880.510742
[2122:ITSDigitizer]: Strobe delay (ns)              : 99.803139
[2122:ITSDigitizer]: Strobe length (ns)             : 9780.708008
[2122:ITSDigitizer]: Threshold (N electrons)        : 150
[2122:ITSDigitizer]: Min N electrons to accoint     : 15
[2122:ITSDigitizer]: Number of charge sharing steps : 7
[2122:ITSDigitizer]: ELoss to N electrons factor    : 2.777778e+08
[2122:ITSDigitizer]: Noise level per pixel          : 1.000000e-07
[2122:ITSDigitizer]: Charge time-response:
[2122:ITSDigitizer]: o2::itsmft::AlpideSignalTrapezoid | Duration: 7500.0 MaxRiseTime: 1100.0 (RiseTime=0 at q=450.0) (ns)
[2122:ITSDigitizer]: [07:41:40][STATE] INITIALIZING DEVICE ---> INITIALIZED
[2122:ITSDigitizer]: [07:41:40][STATE] INITIALIZED ---> BINDING
[2122:ITSDigitizer]: [07:41:40][STATE] BINDING ---> BOUND
[2122:ITSDigitizer]: [07:41:40][STATE] BOUND ---> CONNECTING
[2122:ITSDigitizer]: [07:41:40][STATE] CONNECTING ---> DEVICE READY
[2122:ITSDigitizer]: [07:41:40][STATE] DEVICE READY ---> INITIALIZING TASK
[2122:ITSDigitizer]: [07:41:40][STATE] INITIALIZING TASK ---> READY
[2122:ITSDigitizer]: [07:41:40][STATE] READY ---> RUNNING
[2122:ITSDigitizer]: [07:41:40][INFO] DEVICE: Running...
[2122:ITSDigitizer]: [07:41:40][INFO] GOT 20 COLLISSION TIMES
[2122:ITSDigitizer]: [07:41:40][INFO] SIMCHAINS 1
[2122:ITSDigitizer]: [07:41:40][INFO]  CALLING ITS DIGITIZATION 
[2122:ITSDigitizer]: [07:41:41][INFO] Digitizing ITS hits of entry 1 from source 0 at time BCid:  604 Orbit:      1 |T in BC(ns): -0.247 ROFrame= 10) cont.mode: 1 Min/Max ROFrames 0/9
[2122:ITSDigitizer]: [07:41:41][INFO] Filling ITS digits output for RO frames 0:9
[2122:ITSDigitizer]: ROF: 0 | 1283 entries starting from 0
[2122:ITSDigitizer]: BCid:    0 Orbit:      0
[2122:ITSDigitizer]: ROF: 1 | 1267 entries starting from 1283
[2122:ITSDigitizer]: BCid:  396 Orbit:      0
[2122:ITSDigitizer]: ROF: 2 | 1323 entries starting from 2550
[2122:ITSDigitizer]: BCid:  792 Orbit:      0
[2122:ITSDigitizer]: ROF: 3 | 1229 entries starting from 3873
[2122:ITSDigitizer]: BCid: 1188 Orbit:      0
[2122:ITSDigitizer]: ROF: 4 | 1245 entries starting from 5102
[2122:ITSDigitizer]: BCid: 1584 Orbit:      0
[2122:ITSDigitizer]: ROF: 5 | 1248 entries starting from 6347
[2122:ITSDigitizer]: BCid: 1980 Orbit:      0
[2122:ITSDigitizer]: ROF: 6 | 1259 entries starting from 7595
[2122:ITSDigitizer]: BCid: 2376 Orbit:      0
[2122:ITSDigitizer]: ROF: 7 | 1258 entries starting from 8854
[2122:ITSDigitizer]: BCid: 2772 Orbit:      0
[2122:ITSDigitizer]: ROF: 8 | 1247 entries starting from 10112
[2122:ITSDigitizer]: BCid: 3168 Orbit:      0
[2122:ITSDigitizer]: ROF: 9 | 1249 entries starting from 11359
[2122:ITSDigitizer]: BCid:    0 Orbit:      1
[2122:ITSDigitizer]: [07:41:41][INFO] Added 12608 digits 
[2122:ITSDigitizer]: [07:41:41][INFO] Digitizing ITS hits of entry 2 from source 0 at time BCid: 1422 Orbit:      1 |T in BC(ns): 0.200 ROFrame= 12) cont.mode: 1 Min/Max ROFrames 10/11
[2122:ITSDigitizer]: [07:41:41][INFO] Filling ITS digits output for RO frames 10:11
[2122:ITSDigitizer]: ROF: 10 | 37865 entries starting from 12608
[2122:ITSDigitizer]: BCid:  396 Orbit:      1
[2122:ITSDigitizer]: MCEventID: 1 ROFs: 10-11 Entry in ROFRecords: 10
[2122:ITSDigitizer]: ROF: 11 | 37847 entries starting from 50473
[2122:ITSDigitizer]: BCid:  792 Orbit:      1
[2122:ITSDigitizer]: [07:41:41][INFO] Added 75712 digits 
[2122:ITSDigitizer]: [07:41:41][INFO] Digitizing ITS hits of entry 3 from source 0 at time BCid: 1426 Orbit:      1 |T in BC(ns): 0.477 ROFrame= 12) cont.mode: 1 Min/Max ROFrames 12/13
[2122:ITSDigitizer]: [07:41:41][INFO] Digitizing ITS hits of entry 4 from source 0 at time BCid: 1950 Orbit:      1 |T in BC(ns): 0.018 ROFrame= 13) cont.mode: 1 Min/Max ROFrames 12/14
[2122:ITSDigitizer]: [07:41:41][INFO] Filling ITS digits output for RO frames 12:12
[2122:ITSDigitizer]: ROF: 12 | 88253 entries starting from 88320
[2122:ITSDigitizer]: BCid: 1188 Orbit:      1
[2122:ITSDigitizer]: MCEventID: 2 ROFs: 12-13 Entry in ROFRecords: 12
[2122:ITSDigitizer]: MCEventID: 3 ROFs: 12-14 Entry in ROFRecords: 12
[2122:ITSDigitizer]: [07:41:42][INFO] Added 88253 digits 
[2122:ITSDigitizer]: [07:41:42][INFO] Digitizing ITS hits of entry 5 from source 0 at time BCid: 2138 Orbit:      1 |T in BC(ns): -0.014 ROFrame= 14) cont.mode: 1 Min/Max ROFrames 13/15
[2122:ITSDigitizer]: [07:41:42][INFO] Filling ITS digits output for RO frames 13:13
[2122:ITSDigitizer]: ROF: 13 | 153361 entries starting from 176573
[2122:ITSDigitizer]: BCid: 1584 Orbit:      1
[2122:ITSDigitizer]: MCEventID: 4 ROFs: 13-15 Entry in ROFRecords: 13
[2122:ITSDigitizer]: [07:41:43][INFO] Added 153361 digits 
[2122:ITSDigitizer]: [07:41:43][INFO] Digitizing ITS hits of entry 6 from source 0 at time BCid:  836 Orbit:      2 |T in BC(ns): 0.192 ROFrame= 20) cont.mode: 1 Min/Max ROFrames 14/19
[2122:ITSDigitizer]: [07:41:43][INFO] Filling ITS digits output for RO frames 14:19
[2122:ITSDigitizer]: ROF: 14 | 328050 entries starting from 329934
[2122:ITSDigitizer]: BCid: 1980 Orbit:      1
[2122:ITSDigitizer]: MCEventID: 5 ROFs: 14-16 Entry in ROFRecords: 14
[2122:ITSDigitizer]: ROF: 15 | 263021 entries starting from 657984
[2122:ITSDigitizer]: BCid: 2376 Orbit:      1
[2122:ITSDigitizer]: ROF: 16 | 1502 entries starting from 921005
[2122:ITSDigitizer]: BCid: 2772 Orbit:      1
[2122:ITSDigitizer]: ROF: 17 | 1278 entries starting from 922507
[2122:ITSDigitizer]: BCid: 3168 Orbit:      1
[2122:ITSDigitizer]: ROF: 18 | 1296 entries starting from 923785
[2122:ITSDigitizer]: BCid:    0 Orbit:      2
[2122:ITSDigitizer]: ROF: 19 | 1172 entries starting from 925081
[2122:ITSDigitizer]: BCid:  396 Orbit:      2
[2122:ITSDigitizer]: [07:41:43][INFO] Added 596319 digits 
[2122:ITSDigitizer]: [07:41:43][INFO] Digitizing ITS hits of entry 7 from source 0 at time BCid:   90 Orbit:      3 |T in BC(ns): 0.116 ROFrame= 27) cont.mode: 1 Min/Max ROFrames 20/26
[2122:ITSDigitizer]: [07:41:43][INFO] Filling ITS digits output for RO frames 20:26
[2122:ITSDigitizer]: ROF: 20 | 3505 entries starting from 926253
[2122:ITSDigitizer]: BCid:  792 Orbit:      2
[2122:ITSDigitizer]: MCEventID: 6 ROFs: 20-20 Entry in ROFRecords: 20
[2122:ITSDigitizer]: ROF: 21 | 1246 entries starting from 929758
[2122:ITSDigitizer]: BCid: 1188 Orbit:      2
[2122:ITSDigitizer]: ROF: 22 | 1262 entries starting from 931004
[2122:ITSDigitizer]: BCid: 1584 Orbit:      2
[2122:ITSDigitizer]: ROF: 23 | 1276 entries starting from 932266
[2122:ITSDigitizer]: BCid: 1980 Orbit:      2
[2122:ITSDigitizer]: ROF: 24 | 1175 entries starting from 933542
[2122:ITSDigitizer]: BCid: 2376 Orbit:      2
[2122:ITSDigitizer]: ROF: 25 | 1260 entries starting from 934717
[2122:ITSDigitizer]: BCid: 2772 Orbit:      2
[2122:ITSDigitizer]: ROF: 26 | 1233 entries starting from 935977
[2122:ITSDigitizer]: BCid: 3168 Orbit:      2
[2122:ITSDigitizer]: [07:41:43][INFO] Added 10957 digits 
[2122:ITSDigitizer]: [07:41:43][INFO] Digitizing ITS hits of entry 8 from source 0 at time BCid:  778 Orbit:      3 |T in BC(ns): -0.120 ROFrame= 28) cont.mode: 1 Min/Max ROFrames 27/28
[2122:ITSDigitizer]: [07:41:43][INFO] Filling ITS digits output for RO frames 27:27
[2122:ITSDigitizer]: ROF: 27 | 84959 entries starting from 937210
[2122:ITSDigitizer]: BCid:    0 Orbit:      3
[2122:ITSDigitizer]: MCEventID: 7 ROFs: 27-28 Entry in ROFRecords: 27
[2122:ITSDigitizer]: [07:41:44][INFO] Added 84959 digits 
[2122:ITSDigitizer]: [07:41:44][INFO] Digitizing ITS hits of entry 9 from source 0 at time BCid:  800 Orbit:      3 |T in BC(ns): 0.179 ROFrame= 29) cont.mode: 1 Min/Max ROFrames 28/30
[2122:ITSDigitizer]: [07:41:44][INFO] Filling ITS digits output for RO frames 28:28
[2122:ITSDigitizer]: ROF: 28 | 186970 entries starting from 1022169
[2122:ITSDigitizer]: BCid:  396 Orbit:      3
[2122:ITSDigitizer]: MCEventID: 8 ROFs: 28-30 Entry in ROFRecords: 28
[2122:ITSDigitizer]: [07:41:44][INFO] Added 186970 digits 
[2122:ITSDigitizer]: [07:41:44][INFO] Digitizing ITS hits of entry 10 from source 0 at time BCid:  848 Orbit:      3 |T in BC(ns): -0.073 ROFrame= 29) cont.mode: 1 Min/Max ROFrames 29/30
[2122:ITSDigitizer]: [07:41:45][INFO] Digitizing ITS hits of entry 11 from source 0 at time BCid: 1380 Orbit:      3 |T in BC(ns): -0.077 ROFrame= 30) cont.mode: 1 Min/Max ROFrames 29/30
[2122:ITSDigitizer]: [07:41:45][INFO] Filling ITS digits output for RO frames 29:29
[2122:ITSDigitizer]: ROF: 29 | 439849 entries starting from 1209139
[2122:ITSDigitizer]: BCid:  792 Orbit:      3
[2122:ITSDigitizer]: MCEventID: 9 ROFs: 29-30 Entry in ROFRecords: 29
[2122:ITSDigitizer]: MCEventID: 10 ROFs: 29-30 Entry in ROFRecords: 29
[2122:ITSDigitizer]: [07:41:45][INFO] Added 439849 digits 
[2122:ITSDigitizer]: [07:41:45][INFO] Digitizing ITS hits of entry 12 from source 0 at time BCid:  810 Orbit:      4 |T in BC(ns): 0.148 ROFrame= 38) cont.mode: 1 Min/Max ROFrames 30/37
[2122:ITSDigitizer]: [07:41:45][INFO] Filling ITS digits output for RO frames 30:37
[2122:ITSDigitizer]: ROF: 30 | 9569 entries starting from 1648988
[2122:ITSDigitizer]: BCid: 1188 Orbit:      3
[2122:ITSDigitizer]: MCEventID: 11 ROFs: 30-31 Entry in ROFRecords: 30
[2122:ITSDigitizer]: ROF: 31 | 7683 entries starting from 1658557
[2122:ITSDigitizer]: BCid: 1584 Orbit:      3
[2122:ITSDigitizer]: ROF: 32 | 1336 entries starting from 1666240
[2122:ITSDigitizer]: BCid: 1980 Orbit:      3
[2122:ITSDigitizer]: ROF: 33 | 1258 entries starting from 1667576
[2122:ITSDigitizer]: BCid: 2376 Orbit:      3
[2122:ITSDigitizer]: ROF: 34 | 1283 entries starting from 1668834
[2122:ITSDigitizer]: BCid: 2772 Orbit:      3
[2122:ITSDigitizer]: ROF: 35 | 1220 entries starting from 1670117
[2122:ITSDigitizer]: BCid: 3168 Orbit:      3
[2122:ITSDigitizer]: ROF: 36 | 1197 entries starting from 1671337
[2122:ITSDigitizer]: BCid:    0 Orbit:      4
[2122:ITSDigitizer]: ROF: 37 | 1280 entries starting from 1672534
[2122:ITSDigitizer]: BCid:  396 Orbit:      4
[2122:ITSDigitizer]: [07:41:45][INFO] Added 24826 digits 
[2122:ITSDigitizer]: [07:41:45][INFO] Digitizing ITS hits of entry 13 from source 0 at time BCid: 1804 Orbit:      4 |T in BC(ns): 0.416 ROFrame= 40) cont.mode: 1 Min/Max ROFrames 38/39
[2122:ITSDigitizer]: [07:41:45][INFO] Filling ITS digits output for RO frames 38:39
[2122:ITSDigitizer]: ROF: 38 | 47812 entries starting from 1673814
[2122:ITSDigitizer]: BCid:  792 Orbit:      4
[2122:ITSDigitizer]: MCEventID: 12 ROFs: 38-39 Entry in ROFRecords: 38
[2122:ITSDigitizer]: ROF: 39 | 1590 entries starting from 1721626
[2122:ITSDigitizer]: BCid: 1188 Orbit:      4
[2122:ITSDigitizer]: [07:41:45][INFO] Added 49402 digits 
[2122:ITSDigitizer]: [07:41:45][INFO] Digitizing ITS hits of entry 14 from source 0 at time BCid:  464 Orbit:      5 |T in BC(ns): -0.114 ROFrame= 46) cont.mode: 1 Min/Max ROFrames 40/45
[2122:ITSDigitizer]: [07:41:45][INFO] Filling ITS digits output for RO frames 40:45
[2122:ITSDigitizer]: ROF: 40 | 19769 entries starting from 1723216
[2122:ITSDigitizer]: BCid: 1584 Orbit:      4
[2122:ITSDigitizer]: MCEventID: 13 ROFs: 40-41 Entry in ROFRecords: 40
[2122:ITSDigitizer]: ROF: 41 | 19859 entries starting from 1742985
[2122:ITSDigitizer]: BCid: 1980 Orbit:      4
[2122:ITSDigitizer]: ROF: 42 | 1302 entries starting from 1762844
[2122:ITSDigitizer]: BCid: 2376 Orbit:      4
[2122:ITSDigitizer]: ROF: 43 | 1212 entries starting from 1764146
[2122:ITSDigitizer]: BCid: 2772 Orbit:      4
[2122:ITSDigitizer]: ROF: 44 | 1326 entries starting from 1765358
[2122:ITSDigitizer]: BCid: 3168 Orbit:      4
[2122:ITSDigitizer]: ROF: 45 | 1282 entries starting from 1766684
[2122:ITSDigitizer]: BCid:    0 Orbit:      5
[2122:ITSDigitizer]: [07:41:45][INFO] Added 44750 digits 
[2122:ITSDigitizer]: [07:41:46][INFO] Digitizing ITS hits of entry 16 from source 0 at time BCid: 1572 Orbit:      5 |T in BC(ns): -0.041 ROFrame= 48) cont.mode: 1 Min/Max ROFrames 46/47
[2122:ITSDigitizer]: [07:41:46][INFO] Filling ITS digits output for RO frames 46:47
[2122:ITSDigitizer]: ROF: 46 | 52048 entries starting from 1767966
[2122:ITSDigitizer]: BCid:  396 Orbit:      5
[2122:ITSDigitizer]: MCEventID: 14 ROFs: 46-47 Entry in ROFRecords: 46
[2122:ITSDigitizer]: ROF: 47 | 1542 entries starting from 1820014
[2122:ITSDigitizer]: BCid:  792 Orbit:      5
[2122:ITSDigitizer]: [07:41:46][INFO] Added 53590 digits 
[2122:ITSDigitizer]: [07:41:46][INFO] Digitizing ITS hits of entry 17 from source 0 at time BCid: 1928 Orbit:      5 |T in BC(ns): 0.232 ROFrame= 49) cont.mode: 1 Min/Max ROFrames 48/50
[2122:ITSDigitizer]: [07:41:46][INFO] Filling ITS digits output for RO frames 48:48
[2122:ITSDigitizer]: ROF: 48 | 4049 entries starting from 1821556
[2122:ITSDigitizer]: BCid: 1188 Orbit:      5
[2122:ITSDigitizer]: MCEventID: 16 ROFs: 48-50 Entry in ROFRecords: 48
[2122:ITSDigitizer]: [07:41:46][INFO] Added 4049 digits 
[2122:ITSDigitizer]: [07:41:46][INFO] Digitizing ITS hits of entry 18 from source 0 at time BCid:   88 Orbit:      6 |T in BC(ns): 0.160 ROFrame= 54) cont.mode: 1 Min/Max ROFrames 49/53
[2122:ITSDigitizer]: [07:41:46][INFO] Filling ITS digits output for RO frames 49:53
[2122:ITSDigitizer]: ROF: 49 | 206877 entries starting from 1825605
[2122:ITSDigitizer]: BCid: 1584 Orbit:      5
[2122:ITSDigitizer]: MCEventID: 17 ROFs: 49-51 Entry in ROFRecords: 49
[2122:ITSDigitizer]: ROF: 50 | 203614 entries starting from 2032482
[2122:ITSDigitizer]: BCid: 1980 Orbit:      5
[2122:ITSDigitizer]: ROF: 51 | 2012 entries starting from 2236096
[2122:ITSDigitizer]: BCid: 2376 Orbit:      5
[2122:ITSDigitizer]: ROF: 52 | 1234 entries starting from 2238108
[2122:ITSDigitizer]: BCid: 2772 Orbit:      5
[2122:ITSDigitizer]: ROF: 53 | 1276 entries starting from 2239342
[2122:ITSDigitizer]: BCid: 3168 Orbit:      5
[2122:ITSDigitizer]: [07:41:47][INFO] Added 415013 digits 
[2122:ITSDigitizer]: [07:41:47][INFO] Digitizing ITS hits of entry 19 from source 0 at time BCid: 2122 Orbit:      6 |T in BC(ns): 0.255 ROFrame= 59) cont.mode: 1 Min/Max ROFrames 54/58
[2122:ITSDigitizer]: [07:41:47][INFO] Filling ITS digits output for RO frames 54:58
[2122:ITSDigitizer]: ROF: 54 | 12186 entries starting from 2240618
[2122:ITSDigitizer]: BCid:    0 Orbit:      6
[2122:ITSDigitizer]: MCEventID: 18 ROFs: 54-55 Entry in ROFRecords: 54
[2122:ITSDigitizer]: ROF: 55 | 1357 entries starting from 2252804
[2122:ITSDigitizer]: BCid:  396 Orbit:      6
[2122:ITSDigitizer]: ROF: 56 | 1246 entries starting from 2254161
[2122:ITSDigitizer]: BCid:  792 Orbit:      6
[2122:ITSDigitizer]: ROF: 57 | 1280 entries starting from 2255407
[2122:ITSDigitizer]: BCid: 1188 Orbit:      6
[2122:ITSDigitizer]: ROF: 58 | 1211 entries starting from 2256687
[2122:ITSDigitizer]: BCid: 1584 Orbit:      6
[2122:ITSDigitizer]: [07:41:48][INFO] Added 17280 digits 
[2122:ITSDigitizer]: [07:41:48][INFO] Filling ITS digits output for RO frames 59:61
[2122:ITSDigitizer]: ROF: 59 | 260178 entries starting from 2257898
[2122:ITSDigitizer]: BCid: 1980 Orbit:      6
[2122:ITSDigitizer]: MCEventID: 19 ROFs: 59-61 Entry in ROFRecords: 59
[2122:ITSDigitizer]: ROF: 60 | 260238 entries starting from 2518076
[2122:ITSDigitizer]: BCid: 2376 Orbit:      6
[2122:ITSDigitizer]: ROF: 61 | 1378 entries starting from 2778314
[2122:ITSDigitizer]: BCid: 2772 Orbit:      6
[2122:ITSDigitizer]: [07:41:48][INFO] Added 521794 digits 
[2122:ITSDigitizer]: [07:41:48][INFO] ITS: Sending ROMode= 3 to GRPUpdater
[2122:ITSDigitizer]: [07:41:48][INFO] Digitization took 7.38s
[2124:ITSDigitWriter]: [07:41:48][INFO] WRITING 2795462 LABELS 
[2123:GRPUpdater]: [07:41:48][INFO] Updated GRP in o2sim_grp.root for detectors RO mode
[2123:GRPUpdater]: Run: 1621488954
[2123:GRPUpdater]: Fill:      0
[2123:GRPUpdater]: Period: 
[2123:GRPUpdater]: LHC State: 
[2123:GRPUpdater]: Start: Thu May 20 07:35:57 2021
[2123:GRPUpdater]: End  : Thu May 20 07:35:57 2021
[2123:GRPUpdater]: Beam0: Z:A =   0:  0, Energy = 0.000
[2123:GRPUpdater]: Beam1: Z:A =   0:  0, Energy = 0.000
[2123:GRPUpdater]: sqrt[s]    = 0.000
[2123:GRPUpdater]: crossing angle (radian) = 0.000000e+00
[2123:GRPUpdater]: magnet currents (A) L3 = -30000.000, Dipole = -6000
[2123:GRPUpdater]: Detectors: Cont.RO Triggers
[2123:GRPUpdater]:       ITS:    +       -    
[2124:ITSDigitWriter]: [07:41:49][INFO] RECEIVED DIGITS SIZE 2779692
[INFO] Quitting
[INFO] QUIT_REQUESTED
[2122:ITSDigitizer]: [07:41:50][INFO] Received device shutdown request (signal 15).
[2122:ITSDigitizer]: [07:41:50][INFO] Waiting for graceful device shutdown. Hit Ctrl-C again to abort immediately.
[2124:ITSDigitWriter]: [07:41:50][INFO] Received device shutdown request (signal 15).
[2124:ITSDigitWriter]: [07:41:50][INFO] Waiting for graceful device shutdown. Hit Ctrl-C again to abort immediately.
[2123:GRPUpdater]: [07:41:50][INFO] Received device shutdown request (signal 15).
[2123:GRPUpdater]: [07:41:50][INFO] Waiting for graceful device shutdown. Hit Ctrl-C again to abort immediately.
[2121:SimReader]: [07:41:50][INFO] Received device shutdown request (signal 15).
[2121:SimReader]: [07:41:50][INFO] Waiting for graceful device shutdown. Hit Ctrl-C again to abort immediately.
[2120:internal-dpl-clock]: [07:41:50][INFO] Received device shutdown request (signal 15).
[2120:internal-dpl-clock]: [07:41:50][INFO] Waiting for graceful device shutdown. Hit Ctrl-C again to abort immediately.
[2121:SimReader]: [07:41:50][STATE] RUNNING ---> READY
[2121:SimReader]: [07:41:50][STATE] READY ---> RESETTING TASK
[2121:SimReader]: [07:41:50][STATE] RESETTING TASK ---> DEVICE READY
[2121:SimReader]: [07:41:50][STATE] DEVICE READY ---> RESETTING DEVICE
[2121:SimReader]: [07:41:50][STATE] RESETTING DEVICE ---> IDLE
[2121:SimReader]: [07:41:50][STATE] IDLE ---> EXITING
[2121:SimReader]: [07:41:50][STATE] Exiting FairMQ state machine
[2122:ITSDigitizer]: [07:41:50][STATE] RUNNING ---> READY
[2122:ITSDigitizer]: [07:41:50][STATE] READY ---> RESETTING TASK
[2122:ITSDigitizer]: [07:41:50][STATE] RESETTING TASK ---> DEVICE READY
[2122:ITSDigitizer]: [07:41:50][STATE] DEVICE READY ---> RESETTING DEVICE
[2120:internal-dpl-clock]: [07:41:50][STATE] RUNNING ---> READY
[2123:GRPUpdater]: [07:41:50][STATE] RUNNING ---> READY
[2120:internal-dpl-clock]: [07:41:50][STATE] READY ---> RESETTING TASK
[2120:internal-dpl-clock]: [07:41:50][STATE] RESETTING TASK ---> DEVICE READY
[2120:internal-dpl-clock]: [07:41:50][STATE] DEVICE READY ---> RESETTING DEVICE
[2120:internal-dpl-clock]: [07:41:50][STATE] RESETTING DEVICE ---> IDLE
[2120:internal-dpl-clock]: [07:41:50][STATE] IDLE ---> EXITING
[2120:internal-dpl-clock]: [07:41:50][STATE] Exiting FairMQ state machine
[2123:GRPUpdater]: [07:41:50][STATE] READY ---> RESETTING TASK
[2123:GRPUpdater]: [07:41:50][STATE] RESETTING TASK ---> DEVICE READY
[2122:ITSDigitizer]: [07:41:50][STATE] RESETTING DEVICE ---> IDLE
[2123:GRPUpdater]: [07:41:50][STATE] DEVICE READY ---> RESETTING DEVICE
[2122:ITSDigitizer]: [07:41:50][STATE] IDLE ---> EXITING
[2123:GRPUpdater]: [07:41:50][STATE] RESETTING DEVICE ---> IDLE
[2123:GRPUpdater]: [07:41:50][STATE] IDLE ---> EXITING
[2123:GRPUpdater]: [07:41:50][STATE] Exiting FairMQ state machine
[2122:ITSDigitizer]: [07:41:50][STATE] Exiting FairMQ state machine
[2124:ITSDigitWriter]: [07:41:52][STATE] RUNNING ---> READY
[2124:ITSDigitWriter]: [07:41:52][STATE] READY ---> RESETTING TASK
[2124:ITSDigitWriter]: [07:41:52][STATE] RESETTING TASK ---> DEVICE READY
[2124:ITSDigitWriter]: [07:41:52][STATE] DEVICE READY ---> RESETTING DEVICE
[2124:ITSDigitWriter]: Cleaning up for shared memory id '9a79b5e0'...
[2124:ITSDigitWriter]: No region counter found. No regions to cleanup.
[2124:ITSDigitWriter]: Successfully removed 'fmq_9a79b5e0_m_0'.
[2124:ITSDigitWriter]: Successfully removed 'fmq_9a79b5e0_mng'.
[2124:ITSDigitWriter]: Successfully removed 'fmq_9a79b5e0_mtx'.
[2124:ITSDigitWriter]: Successfully removed 'fmq_9a79b5e0_cv'.
[2124:ITSDigitWriter]: [07:41:52][STATE] RESETTING DEVICE ---> IDLE
[2124:ITSDigitWriter]: [07:41:52][STATE] IDLE ---> EXITING
[2124:ITSDigitWriter]: [07:41:52][STATE] Exiting FairMQ state machine
[INFO] Dumping used configuration in dpl-config.json

==============================================================================================
3. Tracking
[INFO] Initialising O2 Data Processing Layer
[INFO] O2 Data Processing Layer initialised. We brake for nobody.
[INFO] Optimised build. O2DEBUG / LOG(DEBUG) / LOGF(DEBUG) / assert statement will not be shown.
[INFO] Redeployment of configuration asked.
[INFO] Starting internal-dpl-clock on pid 3203
[INFO] Starting its-digit-reader on pid 3204
[INFO] Starting its-clusterer on pid 3205
[INFO] Starting its-cluster-writer on pid 3206
[INFO] Starting its-tracker on pid 3207
[INFO] Starting its-track-writer on pid 3208
[INFO] Redeployment of configuration done.
[3207:its-tracker]: [INFO] Spawing new device its-tracker in process with pid 3207
[3207:its-tracker]: [07:44:51][INFO] 
[3207:its-tracker]:       ______      _    _______  _________ 
[3207:its-tracker]:      / ____/___ _(_)_______   |/  /_  __ \    version 1.4.29
[3207:its-tracker]:     / /_  / __ `/ / ___/__  /|_/ /_  / / /    build RELWITHDEBINFO
[3207:its-tracker]:    / __/ / /_/ / / /    _  /  / / / /_/ /     https://github.com/FairRootGroup/FairMQ
[3207:its-tracker]:   /_/    \__,_/_/_/     /_/  /_/  \___\_\     LGPL-3.0  © 2012-2020 GSI
[3207:its-tracker]: 
[3207:its-tracker]: [07:44:51][STATE] Starting FairMQ state machine --> IDLE
[3207:its-tracker]: 2021-05-20 07:44:51	Monitoring	[0;49mStdOut backend initialized[0m
[3207:its-tracker]: [07:44:51][STATE] IDLE ---> INITIALIZING DEVICE
[3207:its-tracker]: 2021-05-20 07:44:51	Monitoring	[0;49mBuffering enabled (100)[0m
[3207:its-tracker]: [07:44:51][INFO] Created GPUReconstruction instance for device type CPU (1) 
[3208:its-track-writer]: [INFO] Spawing new device its-track-writer in process with pid 3208
[3208:its-track-writer]: [07:44:51][INFO] 
[3208:its-track-writer]:       ______      _    _______  _________ 
[3208:its-track-writer]:      / ____/___ _(_)_______   |/  /_  __ \    version 1.4.29
[3208:its-track-writer]:     / /_  / __ `/ / ___/__  /|_/ /_  / / /    build RELWITHDEBINFO
[3208:its-track-writer]:    / __/ / /_/ / / /    _  /  / / / /_/ /     https://github.com/FairRootGroup/FairMQ
[3208:its-track-writer]:   /_/    \__,_/_/_/     /_/  /_/  \___\_\     LGPL-3.0  © 2012-2020 GSI
[3208:its-track-writer]: 
[3208:its-track-writer]: [07:44:51][STATE] Starting FairMQ state machine --> IDLE
[3208:its-track-writer]: 2021-05-20 07:44:51	Monitoring	[0;49mStdOut backend initialized[0m
[3208:its-track-writer]: [07:44:51][STATE] IDLE ---> INITIALIZING DEVICE
[3203:internal-dpl-clock]: [INFO] Spawing new device internal-dpl-clock in process with pid 3203
[3204:its-digit-reader]: [INFO] Spawing new device its-digit-reader in process with pid 3204
[3204:its-digit-reader]: [07:44:51][INFO] 
[3204:its-digit-reader]:       ______      _    _______  _________ 
[3204:its-digit-reader]:      / ____/___ _(_)_______   |/  /_  __ \    version 1.4.29
[3204:its-digit-reader]:     / /_  / __ `/ / ___/__  /|_/ /_  / / /    build RELWITHDEBINFO
[3204:its-digit-reader]:    / __/ / /_/ / / /    _  /  / / / /_/ /     https://github.com/FairRootGroup/FairMQ
[3204:its-digit-reader]:   /_/    \__,_/_/_/     /_/  /_/  \___\_\     LGPL-3.0  © 2012-2020 GSI
[3204:its-digit-reader]: 
[3204:its-digit-reader]: [07:44:51][STATE] Starting FairMQ state machine --> IDLE
[3204:its-digit-reader]: 2021-05-20 07:44:51	Monitoring	[0;49mStdOut backend initialized[0m
[3204:its-digit-reader]: [07:44:51][STATE] IDLE ---> INITIALIZING DEVICE
[3205:its-clusterer]: [INFO] Spawing new device its-clusterer in process with pid 3205
[3205:its-clusterer]: [07:44:51][INFO] 
[3205:its-clusterer]:       ______      _    _______  _________ 
[3205:its-clusterer]:      / ____/___ _(_)_______   |/  /_  __ \    version 1.4.29
[3205:its-clusterer]:     / /_  / __ `/ / ___/__  /|_/ /_  / / /    build RELWITHDEBINFO
[3205:its-clusterer]:    / __/ / /_/ / / /    _  /  / / / /_/ /     https://github.com/FairRootGroup/FairMQ
[3205:its-clusterer]:   /_/    \__,_/_/_/     /_/  /_/  \___\_\     LGPL-3.0  © 2012-2020 GSI
[3205:its-clusterer]: 
[3205:its-clusterer]: [07:44:51][STATE] Starting FairMQ state machine --> IDLE
[3203:internal-dpl-clock]: [07:44:51][INFO] 
[3203:internal-dpl-clock]:       ______      _    _______  _________ 
[3203:internal-dpl-clock]:      / ____/___ _(_)_______   |/  /_  __ \    version 1.4.29
[3203:internal-dpl-clock]:     / /_  / __ `/ / ___/__  /|_/ /_  / / /    build RELWITHDEBINFO
[3203:internal-dpl-clock]:    / __/ / /_/ / / /    _  /  / / / /_/ /     https://github.com/FairRootGroup/FairMQ
[3203:internal-dpl-clock]:   /_/    \__,_/_/_/     /_/  /_/  \___\_\     LGPL-3.0  © 2012-2020 GSI
[3203:internal-dpl-clock]: 
[3203:internal-dpl-clock]: [07:44:51][STATE] Starting FairMQ state machine --> IDLE
[3203:internal-dpl-clock]: 2021-05-20 07:44:51	Monitoring	[0;49mStdOut backend initialized[0m
[3203:internal-dpl-clock]: [07:44:51][STATE] IDLE ---> INITIALIZING DEVICE
[3205:its-clusterer]: 2021-05-20 07:44:51	Monitoring	[0;49mStdOut backend initialized[0m
[3205:its-clusterer]: [07:44:51][STATE] IDLE ---> INITIALIZING DEVICE
[3206:its-cluster-writer]: [INFO] Spawing new device its-cluster-writer in process with pid 3206
[3203:internal-dpl-clock]: 2021-05-20 07:44:51	Monitoring	[0;49mBuffering enabled (100)[0m
[3203:internal-dpl-clock]: [07:44:51][STATE] INITIALIZING DEVICE ---> INITIALIZED
[3203:internal-dpl-clock]: [07:44:51][STATE] INITIALIZED ---> BINDING
[3203:internal-dpl-clock]: [07:44:51][STATE] BINDING ---> BOUND
[3203:internal-dpl-clock]: [07:44:51][STATE] BOUND ---> CONNECTING
[3203:internal-dpl-clock]: [07:44:51][STATE] CONNECTING ---> DEVICE READY
[3203:internal-dpl-clock]: [07:44:51][STATE] DEVICE READY ---> INITIALIZING TASK
[3203:internal-dpl-clock]: [07:44:51][STATE] INITIALIZING TASK ---> READY
[3204:its-digit-reader]: 2021-05-20 07:44:51	Monitoring	[0;49mBuffering enabled (100)[0m
[3206:its-cluster-writer]: [07:44:51][INFO] 
[3206:its-cluster-writer]:       ______      _    _______  _________ 
[3206:its-cluster-writer]:      / ____/___ _(_)_______   |/  /_  __ \    version 1.4.29
[3206:its-cluster-writer]:     / /_  / __ `/ / ___/__  /|_/ /_  / / /    build RELWITHDEBINFO
[3206:its-cluster-writer]:    / __/ / /_/ / / /    _  /  / / / /_/ /     https://github.com/FairRootGroup/FairMQ
[3206:its-cluster-writer]:   /_/    \__,_/_/_/     /_/  /_/  \___\_\     LGPL-3.0  © 2012-2020 GSI
[3206:its-cluster-writer]: 
[3206:its-cluster-writer]: [07:44:51][STATE] Starting FairMQ state machine --> IDLE
[3206:its-cluster-writer]: 2021-05-20 07:44:51	Monitoring	[0;49mStdOut backend initialized[0m
[3206:its-cluster-writer]: [07:44:51][STATE] IDLE ---> INITIALIZING DEVICE
[3203:internal-dpl-clock]: [07:44:51][STATE] READY ---> RUNNING
[3203:internal-dpl-clock]: [07:44:51][INFO] DEVICE: Running...
[3205:its-clusterer]: 2021-05-20 07:44:51	Monitoring	[0;49mBuffering enabled (100)[0m
[3205:its-clusterer]: [07:44:51][INFO] Dictionary ITSdictionary.bin is absent, ITSClusterer expects cluster patterns
[3205:its-clusterer]: [07:44:51][INFO] Clusterizer masks overflow pixels separated by < 406 BC and <= 0 in row/col
[3205:its-clusterer]: [07:44:51][INFO] Inclusive clusterization timing (w/o disk IO): Cpu: 0 Real: 0 s in 1 slots
[3205:its-clusterer]: [07:44:51][INFO] Threads output merging timing                : Cpu: 0 Real: 0 s in 1 slots
[3205:its-clusterer]: [07:44:51][STATE] INITIALIZING DEVICE ---> INITIALIZED
[3205:its-clusterer]: [07:44:51][STATE] INITIALIZED ---> BINDING
[3205:its-clusterer]: [07:44:51][STATE] BINDING ---> BOUND
[3205:its-clusterer]: [07:44:51][STATE] BOUND ---> CONNECTING
[3205:its-clusterer]: [07:44:51][STATE] CONNECTING ---> DEVICE READY
[3205:its-clusterer]: [07:44:51][STATE] DEVICE READY ---> INITIALIZING TASK
[3205:its-clusterer]: [07:44:51][STATE] INITIALIZING TASK ---> READY
[3205:its-clusterer]: [07:44:51][STATE] READY ---> RUNNING
[3205:its-clusterer]: [07:44:51][INFO] DEVICE: Running...
[3204:its-digit-reader]: [07:44:51][STATE] INITIALIZING DEVICE ---> INITIALIZED
[3204:its-digit-reader]: [07:44:51][STATE] INITIALIZED ---> BINDING
[3204:its-digit-reader]: [07:44:51][STATE] BINDING ---> BOUND
[3204:its-digit-reader]: [07:44:51][STATE] BOUND ---> CONNECTING
[3204:its-digit-reader]: [07:44:51][STATE] CONNECTING ---> DEVICE READY
[3204:its-digit-reader]: [07:44:51][STATE] DEVICE READY ---> INITIALIZING TASK
[3204:its-digit-reader]: [07:44:51][STATE] INITIALIZING TASK ---> READY
[3204:its-digit-reader]: [07:44:51][STATE] READY ---> RUNNING
[3204:its-digit-reader]: [07:44:51][INFO] DEVICE: Running...
[3208:its-track-writer]: 2021-05-20 07:44:51	Monitoring	[0;49mBuffering enabled (100)[0m
[3208:its-track-writer]: [07:44:51][INFO] 0: branch  ITSTrack set up
[3208:its-track-writer]: [07:44:51][INFO] 1: branch  ITSTrackClusIdx set up
[3208:its-track-writer]: [07:44:51][INFO] 2: branch  Vertices set up
[3208:its-track-writer]: [07:44:51][INFO] 3: branch  VerticesROF set up
[3208:its-track-writer]: [07:44:51][INFO] 4: branch  ITSTracksROF set up
[3208:its-track-writer]: [07:44:51][INFO] 5: branch  ITSTrackMCTruth set up
[3208:its-track-writer]: [07:44:51][INFO] 6: branch  ITSTracksMC2ROF set up
[3208:its-track-writer]: [07:44:51][STATE] INITIALIZING DEVICE ---> INITIALIZED
[3208:its-track-writer]: [07:44:51][STATE] INITIALIZED ---> BINDING
[3208:its-track-writer]: [07:44:51][STATE] BINDING ---> BOUND
[3208:its-track-writer]: [07:44:51][STATE] BOUND ---> CONNECTING
[3208:its-track-writer]: [07:44:51][STATE] CONNECTING ---> DEVICE READY
[3208:its-track-writer]: [07:44:51][STATE] DEVICE READY ---> INITIALIZING TASK
[3208:its-track-writer]: [07:44:51][STATE] INITIALIZING TASK ---> READY
[3208:its-track-writer]: [07:44:51][STATE] READY ---> RUNNING
[3208:its-track-writer]: [07:44:51][INFO] DEVICE: Running...
[3206:its-cluster-writer]: 2021-05-20 07:44:51	Monitoring	[0;49mBuffering enabled (100)[0m
[3206:its-cluster-writer]: [07:44:51][INFO] 0: branch  ITSClusterComp set up
[3206:its-cluster-writer]: [07:44:51][INFO] 1: branch  ITSClusterPatt set up
[3206:its-cluster-writer]: [07:44:51][INFO] 2: branch  ITSClustersROF set up
[3206:its-cluster-writer]: [07:44:51][INFO] 3: branch  ITSClusterMCTruth set up
[3206:its-cluster-writer]: [07:44:51][INFO] 4: branch  ITSClustersMC2ROF set up
[3206:its-cluster-writer]: [07:44:51][STATE] INITIALIZING DEVICE ---> INITIALIZED
[3206:its-cluster-writer]: [07:44:51][STATE] INITIALIZED ---> BINDING
[3206:its-cluster-writer]: [07:44:51][STATE] BINDING ---> BOUND
[3206:its-cluster-writer]: [07:44:51][STATE] BOUND ---> CONNECTING
[3206:its-cluster-writer]: [07:44:51][STATE] CONNECTING ---> DEVICE READY
[3206:its-cluster-writer]: [07:44:51][STATE] DEVICE READY ---> INITIALIZING TASK
[3206:its-cluster-writer]: [07:44:51][STATE] INITIALIZING TASK ---> READY
[3206:its-cluster-writer]: [07:44:51][STATE] READY ---> RUNNING
[3206:its-cluster-writer]: [07:44:51][INFO] DEVICE: Running...
[3207:its-tracker]: [07:44:51][INFO] MagneticField::Print: MagneticFieldMap:
[3207:its-tracker]: [07:44:51][INFO] MagneticField::Print: Solenoid (-1*)5 kG, Dipole ON (-1) 
[3207:its-tracker]: [07:44:51][INFO] MagneticField::Print: Machine B fields for p-p  beam (7000 GeV): QGrad: 22.0002 Dipole: 37.8781
[3207:its-tracker]: [07:44:51][INFO] MagneticField::Print: Uses Sol30_Dip6_Hole  of /cvmfs/alice.cern.ch/el7-x86_64/Packages/O2/nightly-20210129-1/share/Common/maps/mfchebKGI_sym.root
[3207:its-tracker]: [07:44:51][INFO] Loading geometry FAIRGeom from o2sim_geometry.root
[3207:its-tracker]: Info in <TGeoGlobalMagField::SetField>: Global magnetic field set to <MagneticFieldMap>
[3207:its-tracker]: Info in <TGeoGlobalMagField::Lock>: Global magnetic field <MagneticFieldMap> is now locked
[3207:its-tracker]: Info in <TGeoManager::CloseGeometry>: Geometry loaded from file...
[3207:its-tracker]: Info in <TGeoManager::SetTopVolume>: Top volume is cave. Master volume is cave
[3207:its-tracker]: Info in <TGeoNavigator::BuildCache>: --- Maximum geometry depth set to 100
[3207:its-tracker]: Info in <TGeoManager::CloseGeometry>: Voxelization retrieved from file
[3207:its-tracker]: Info in <TGeoManager::CountLevels>: max level = 9, max placements = 126
[3207:its-tracker]: Info in <TGeoManager::CloseGeometry>: 179840 nodes/ 399 volume UID's in FAIR geometry
[3207:its-tracker]: Info in <TGeoManager::CloseGeometry>: ----------------modeler ready----------------
[3207:its-tracker]: [07:44:52][INFO] Loading ITS T2L matrices from TGeo
[3207:its-tracker]: [07:44:52][WARN] It is faster to use 2D rotation for T2G instead of full Transform3D matrices
[3207:its-tracker]: [07:44:52][INFO] Loading ITS T2G matrices from TGeo
[3207:its-tracker]: [07:44:53][INFO] Loading ITS T2G rotation 2D matrices
[3207:its-tracker]: [07:44:53][INFO] Initializing tracker in sync. phase reconstruction with 1 passes
[3207:its-tracker]: [07:44:53][INFO] Not using lookup table for material budget approximation
[3207:its-tracker]: [07:44:53][INFO] Dictionary ITSdictionary.bin is absent, Tracker expects cluster patterns
[3207:its-tracker]: [07:44:53][STATE] INITIALIZING DEVICE ---> INITIALIZED
[3207:its-tracker]: [07:44:53][STATE] INITIALIZED ---> BINDING
[3207:its-tracker]: [07:44:53][STATE] BINDING ---> BOUND
[3207:its-tracker]: [07:44:53][STATE] BOUND ---> CONNECTING
[3207:its-tracker]: [07:44:53][STATE] CONNECTING ---> DEVICE READY
[3207:its-tracker]: [07:44:53][STATE] DEVICE READY ---> INITIALIZING TASK
[3207:its-tracker]: [07:44:53][STATE] INITIALIZING TASK ---> READY
[3207:its-tracker]: [07:44:53][STATE] READY ---> RUNNING
[3207:its-tracker]: [07:44:53][INFO] DEVICE: Running...
[3204:its-digit-reader]: [07:44:53][INFO] ITSDigitReader pushed 2779692 digits, in 62 RO frames
[3205:its-clusterer]: [07:44:53][INFO] ITSClusterer pulled 2779692 digits, in 62 RO frames
[3205:its-clusterer]: [07:44:53][INFO] ITSClusterer pulled 2795462 labels 
[3205:its-clusterer]: [07:44:54][INFO] ITSClusterer pushed 456959 clusters, in 62 RO frames
[3206:its-cluster-writer]: [07:44:54][INFO] ITSClusterWriter pulled 456959 clusters, in 62 RO frames
[3207:its-tracker]: [07:44:54][INFO] ITSTracker pulled 456959 clusters, 62 RO frames
[3207:its-tracker]: [07:44:54][INFO] 456959 MC label objects , in 20 MC events
[3207:its-tracker]: [07:44:54][INFO] ITSTracker RO: continuous=1
[3207:its-tracker]: [07:44:54][INFO] Loading ITS L2G matrices from TGeo
[3207:its-tracker]: [07:44:54][INFO] ROframe: 0, clusters loaded : 1283
[3207:its-tracker]:  - Vertexer initialisation completed in: 0.265315 ms
[3207:its-tracker]:  - Tracklet finding completed in: 0.008541 ms
[3207:its-tracker]:  - Adjacent tracklets validation completed in: 0.004778 ms
[3207:its-tracker]:  - Vertex finding completed in: 0.008364 ms
[3207:its-tracker]: [07:44:54][INFO] Found tracks: 0
[3207:its-tracker]: [07:44:54][INFO] ROframe: 1, clusters loaded : 1267
[3207:its-tracker]:  - Vertexer initialisation completed in: 0.239215 ms
[3207:its-tracker]:  - Tracklet finding completed in: 0.031775 ms
[3207:its-tracker]:  - Adjacent tracklets validation completed in: 0.000481 ms
[3207:its-tracker]:  - Vertex finding completed in: 0.000371 ms
[3207:its-tracker]: [07:44:54][INFO] Found tracks: 0
[3207:its-tracker]: [07:44:54][INFO] ROframe: 2, clusters loaded : 1323
[3207:its-tracker]:  - Vertexer initialisation completed in: 0.214955 ms
[3207:its-tracker]:  - Tracklet finding completed in: 0.001563 ms
[3207:its-tracker]:  - Adjacent tracklets validation completed in: 0.000409 ms
[3207:its-tracker]:  - Vertex finding completed in: 0.000379 ms
[3207:its-tracker]: [07:44:54][INFO] Found tracks: 0
[3207:its-tracker]: [07:44:54][INFO] ROframe: 3, clusters loaded : 1229
[3207:its-tracker]:  - Vertexer initialisation completed in: 0.226888 ms
[3207:its-tracker]:  - Tracklet finding completed in: 0.001488 ms
[3207:its-tracker]:  - Adjacent tracklets validation completed in: 0.00033 ms
[3207:its-tracker]:  - Vertex finding completed in: 0.000332 ms
[3207:its-tracker]: [07:44:54][INFO] Found tracks: 0
[3207:its-tracker]: [07:44:54][INFO] ROframe: 4, clusters loaded : 1245
[3207:its-tracker]:  - Vertexer initialisation completed in: 0.246643 ms
[3207:its-tracker]:  - Tracklet finding completed in: 0.001242 ms
[3207:its-tracker]:  - Adjacent tracklets validation completed in: 0.000335 ms
[3207:its-tracker]:  - Vertex finding completed in: 0.000347 ms
[3207:its-tracker]: [07:44:54][INFO] Found tracks: 0
[3207:its-tracker]: [07:44:54][INFO] ROframe: 5, clusters loaded : 1248
[3207:its-tracker]:  - Vertexer initialisation completed in: 0.208355 ms
[3207:its-tracker]:  - Tracklet finding completed in: 0.000993 ms
[3207:its-tracker]:  - Adjacent tracklets validation completed in: 0.000317 ms
[3207:its-tracker]:  - Vertex finding completed in: 0.000301 ms
[3207:its-tracker]: [07:44:54][INFO] Found tracks: 0
[3207:its-tracker]: [07:44:54][INFO] ROframe: 6, clusters loaded : 1259
[3207:its-tracker]:  - Vertexer initialisation completed in: 0.21691 ms
[3207:its-tracker]:  - Tracklet finding completed in: 0.001673 ms
[3207:its-tracker]:  - Adjacent tracklets validation completed in: 0.000338 ms
[3207:its-tracker]:  - Vertex finding completed in: 0.000295 ms
[3207:its-tracker]: [07:44:54][INFO] Found tracks: 0
[3207:its-tracker]: [07:44:54][INFO] ROframe: 7, clusters loaded : 1258
[3207:its-tracker]:  - Vertexer initialisation completed in: 0.215513 ms
[3207:its-tracker]:  - Tracklet finding completed in: 0.001697 ms
[3207:its-tracker]:  - Adjacent tracklets validation completed in: 0.000381 ms
[3207:its-tracker]:  - Vertex finding completed in: 0.000427 ms
[3207:its-tracker]: [07:44:54][INFO] Found tracks: 0
[3207:its-tracker]: [07:44:54][INFO] ROframe: 8, clusters loaded : 1247
[3207:its-tracker]:  - Vertexer initialisation completed in: 0.237152 ms
[3207:its-tracker]:  - Tracklet finding completed in: 0.004573 ms
[3207:its-tracker]:  - Adjacent tracklets validation completed in: 0.000418 ms
[3207:its-tracker]:  - Vertex finding completed in: 0.000354 ms
[3207:its-tracker]: [07:44:54][INFO] Found tracks: 0
[3207:its-tracker]: [07:44:54][INFO] ROframe: 9, clusters loaded : 1249
[3207:its-tracker]:  - Vertexer initialisation completed in: 0.213477 ms
[3207:its-tracker]:  - Tracklet finding completed in: 0.002046 ms
[3207:its-tracker]:  - Adjacent tracklets validation completed in: 0.000364 ms
[3207:its-tracker]:  - Vertex finding completed in: 0.000337 ms
[3207:its-tracker]: [07:44:54][INFO] Found tracks: 0
[3207:its-tracker]: [07:44:54][INFO] ROframe: 10, clusters loaded : 9498
[3207:its-tracker]:  - Vertexer initialisation completed in: 0.621353 ms
[3207:its-tracker]:  - Tracklet finding completed in: 0.811085 ms
[3207:its-tracker]:  - Adjacent tracklets validation completed in: 0.131492 ms
[3207:its-tracker]:  - Vertex finding completed in: 0.102509 ms
[3207:its-tracker]: 		Found vertex with:    441 contributors
[3207:its-tracker]:  - Context initialisation completed in: 3.37386 ms
[3207:its-tracker]:  - Tracklet finding completed in: 2.59549 ms
[3207:its-tracker]:  - Cell finding completed in: 0.873423 ms
[3207:its-tracker]:  - Neighbour finding completed in: 0.363202 ms
[3207:its-tracker]:  - Road finding completed in: 0.223309 ms
[3207:its-tracker]:  - Track finding completed in: 7.12416 ms
[3207:its-tracker]:  - Vertex processing completed in: 14.5534ms
[3207:its-tracker]:  - Context initialisation completed in: 0.113891 ms
[3207:its-tracker]:  - Tracklet finding completed in: 1.8566 ms
[3207:its-tracker]:  - Cell finding completed in: 0.27813 ms
[3207:its-tracker]:  - Neighbour finding completed in: 0.077885 ms
[3207:its-tracker]:  - Road finding completed in: 0.001023 ms
[3207:its-tracker]:  - Track finding completed in: 0.000345 ms
[3207:its-tracker]:  - Vertex processing completed in: 2.32787ms
[3207:its-tracker]: [07:44:54][INFO] Found tracks: 365
[3207:its-tracker]: [07:44:54][INFO] ROframe: 11, clusters loaded : 1285
[3207:its-tracker]:  - Vertexer initialisation completed in: 0.253816 ms
[3207:its-tracker]:  - Tracklet finding completed in: 0.002851 ms
[3207:its-tracker]:  - Adjacent tracklets validation completed in: 0.000749 ms
[3207:its-tracker]:  - Vertex finding completed in: 0.00099 ms
[3207:its-tracker]: [07:44:54][INFO] Found tracks: 0
[3207:its-tracker]: [07:44:54][INFO] ROframe: 12, clusters loaded : 21132
[3207:its-tracker]:  - Vertexer initialisation completed in: 1.42557 ms
[3207:its-tracker]:  - Tracklet finding completed in: 3.82486 ms
[3207:its-tracker]:  - Adjacent tracklets validation completed in: 0.736882 ms
[3207:its-tracker]:  - Vertex finding completed in: 0.204253 ms
[3207:its-tracker]: 		Found vertex with:    982 contributors
[3207:its-tracker]:  - Context initialisation completed in: 2.65071 ms
[3207:its-tracker]:  - Tracklet finding completed in: 8.7298 ms
[3207:its-tracker]:  - Cell finding completed in: 3.50579 ms
[3207:its-tracker]:  - Neighbour finding completed in: 0.901734 ms
[3207:its-tracker]:  - Road finding completed in: 0.318067 ms
[3207:its-tracker]:  - Track finding completed in: 15.3524 ms
[3207:its-tracker]:  - Vertex processing completed in: 31.4585ms
[3207:its-tracker]:  - Context initialisation completed in: 0.29265 ms
[3207:its-tracker]:  - Tracklet finding completed in: 6.03994 ms
[3207:its-tracker]:  - Cell finding completed in: 0.976668 ms
[3207:its-tracker]:  - Neighbour finding completed in: 0.181806 ms
[3207:its-tracker]:  - Road finding completed in: 0.001808 ms
[3207:its-tracker]:  - Track finding completed in: 0.000554 ms
[3207:its-tracker]:  - Vertex processing completed in: 7.49342ms
[3207:its-tracker]: [07:44:54][INFO] Found tracks: 893
[3207:its-tracker]: [07:44:54][INFO] ROframe: 13, clusters loaded : 16253
[3207:its-tracker]:  - Vertexer initialisation completed in: 0.99878 ms
[3207:its-tracker]:  - Tracklet finding completed in: 1.84319 ms
[3207:its-tracker]:  - Adjacent tracklets validation completed in: 0.359887 ms
[3207:its-tracker]:  - Vertex finding completed in: 0.125095 ms
[3207:its-tracker]: 		Found vertex with:    757 contributors
[3207:its-tracker]:  - Context initialisation completed in: 2.14475 ms
[3207:its-tracker]:  - Tracklet finding completed in: 5.65982 ms
[3207:its-tracker]:  - Cell finding completed in: 1.9386 ms
[3207:its-tracker]:  - Neighbour finding completed in: 0.599171 ms
[3207:its-tracker]:  - Road finding completed in: 0.170265 ms
[3207:its-tracker]:  - Track finding completed in: 10.5895 ms
[3207:its-tracker]:  - Vertex processing completed in: 21.1021ms
[3207:its-tracker]:  - Context initialisation completed in: 0.246179 ms
[3207:its-tracker]:  - Tracklet finding completed in: 3.82151 ms
[3207:its-tracker]:  - Cell finding completed in: 0.748141 ms
[3207:its-tracker]:  - Neighbour finding completed in: 0.155419 ms
[3207:its-tracker]:  - Road finding completed in: 0.001302 ms
[3207:its-tracker]:  - Track finding completed in: 0.00039 ms
[3207:its-tracker]:  - Vertex processing completed in: 4.97294ms
[3207:its-tracker]: [07:44:54][INFO] Found tracks: 670
[3207:its-tracker]: [07:44:54][INFO] ROframe: 14, clusters loaded : 57177
[3207:its-tracker]:  - Vertexer initialisation completed in: 3.33783 ms
[3207:its-tracker]:  - Tracklet finding completed in: 21.3768 ms
[3207:its-tracker]:  - Adjacent tracklets validation completed in: 6.89856 ms
[3207:its-tracker]:  - Vertex finding completed in: 0.606784 ms
[3207:its-tracker]: 		Found vertex with:   2555 contributors
[3207:its-tracker]:  - Context initialisation completed in: 4.40574 ms
[3207:its-tracker]:  - Tracklet finding completed in: 42.1525 ms
[3207:its-tracker]:  - Cell finding completed in: 28.1103 ms
[3207:its-tracker]:  - Neighbour finding completed in: 2.99618 ms
[3207:its-tracker]:  - Road finding completed in: 0.813889 ms
[3207:its-tracker]:  - Track finding completed in: 41.2011 ms
[3207:its-tracker]:  - Vertex processing completed in: 119.68ms
[3207:its-tracker]:  - Context initialisation completed in: 1.02316 ms
[3207:its-tracker]:  - Tracklet finding completed in: 24.8723 ms
[3207:its-tracker]:  - Cell finding completed in: 8.89384 ms
[3207:its-tracker]:  - Neighbour finding completed in: 0.669683 ms
[3207:its-tracker]:  - Road finding completed in: 0.005782 ms
[3207:its-tracker]:  - Track finding completed in: 0.000882 ms
[3207:its-tracker]:  - Vertex processing completed in: 35.4656ms
[3207:its-tracker]: [07:44:55][INFO] Found tracks: 2230
[3207:its-tracker]: [07:44:55][INFO] ROframe: 15, clusters loaded : 1322
[3207:its-tracker]:  - Vertexer initialisation completed in: 0.240289 ms
[3207:its-tracker]:  - Tracklet finding completed in: 0.002894 ms
[3207:its-tracker]:  - Adjacent tracklets validation completed in: 0.000832 ms
[3207:its-tracker]:  - Vertex finding completed in: 0.001078 ms
[3207:its-tracker]: [07:44:55][INFO] Found tracks: 0
[3207:its-tracker]: [07:44:55][INFO] ROframe: 16, clusters loaded : 1319
[3207:its-tracker]:  - Vertexer initialisation completed in: 0.214595 ms
[3207:its-tracker]:  - Tracklet finding completed in: 0.001842 ms
[3207:its-tracker]:  - Adjacent tracklets validation completed in: 0.000446 ms
[3207:its-tracker]:  - Vertex finding completed in: 0.000527 ms
[3207:its-tracker]: [07:44:55][INFO] Found tracks: 0
[3207:its-tracker]: [07:44:55][INFO] ROframe: 17, clusters loaded : 1278
[3207:its-tracker]:  - Vertexer initialisation completed in: 0.211859 ms
[3207:its-tracker]:  - Tracklet finding completed in: 0.000972 ms
[3207:its-tracker]:  - Adjacent tracklets validation completed in: 0.00034 ms
[3207:its-tracker]:  - Vertex finding completed in: 0.000322 ms
[3207:its-tracker]: [07:44:55][INFO] Found tracks: 0
[3207:its-tracker]: [07:44:55][INFO] ROframe: 18, clusters loaded : 1296
[3207:its-tracker]:  - Vertexer initialisation completed in: 0.240265 ms
[3207:its-tracker]:  - Tracklet finding completed in: 0.003246 ms
[3207:its-tracker]:  - Adjacent tracklets validation completed in: 0.000353 ms
[3207:its-tracker]:  - Vertex finding completed in: 0.000379 ms
[3207:its-tracker]: [07:44:55][INFO] Found tracks: 0
[3207:its-tracker]: [07:44:55][INFO] ROframe: 19, clusters loaded : 1172
[3207:its-tracker]:  - Vertexer initialisation completed in: 0.214216 ms
[3207:its-tracker]:  - Tracklet finding completed in: 0.001759 ms
[3207:its-tracker]:  - Adjacent tracklets validation completed in: 0.000361 ms
[3207:its-tracker]:  - Vertex finding completed in: 0.000306 ms
[3207:its-tracker]: [07:44:55][INFO] Found tracks: 0
[3207:its-tracker]: [07:44:55][INFO] ROframe: 20, clusters loaded : 1740
[3207:its-tracker]:  - Vertexer initialisation completed in: 0.282836 ms
[3207:its-tracker]:  - Tracklet finding completed in: 0.023981 ms
[3207:its-tracker]:  - Adjacent tracklets validation completed in: 0.005619 ms
[3207:its-tracker]:  - Vertex finding completed in: 0.013535 ms
[3207:its-tracker]: 		Found vertex with:     31 contributors
[3207:its-tracker]:  - Context initialisation completed in: 1.6444 ms
[3207:its-tracker]:  - Tracklet finding completed in: 0.225647 ms
[3207:its-tracker]:  - Cell finding completed in: 0.031688 ms
[3207:its-tracker]:  - Neighbour finding completed in: 0.019875 ms
[3207:its-tracker]:  - Road finding completed in: 0.008223 ms
[3207:its-tracker]:  - Track finding completed in: 0.596252 ms
[3207:its-tracker]:  - Vertex processing completed in: 2.52609ms
[3207:its-tracker]:  - Context initialisation completed in: 0.010316 ms
[3207:its-tracker]:  - Tracklet finding completed in: 0.186561 ms
[3207:its-tracker]:  - Cell finding completed in: 0.012565 ms
[3207:its-tracker]:  - Neighbour finding completed in: 0.006188 ms
[3207:its-tracker]:  - Road finding completed in: 0.000229 ms
[3207:its-tracker]:  - Track finding completed in: 0.00027 ms
[3207:its-tracker]:  - Vertex processing completed in: 0.216129ms
[3207:its-tracker]: [07:44:55][INFO] Found tracks: 25
[3207:its-tracker]: [07:44:55][INFO] ROframe: 21, clusters loaded : 1246
[3207:its-tracker]:  - Vertexer initialisation completed in: 0.23415 ms
[3207:its-tracker]:  - Tracklet finding completed in: 0.001809 ms
[3207:its-tracker]:  - Adjacent tracklets validation completed in: 0.000539 ms
[3207:its-tracker]:  - Vertex finding completed in: 0.00057 ms
[3207:its-tracker]: [07:44:55][INFO] Found tracks: 0
[3207:its-tracker]: [07:44:55][INFO] ROframe: 22, clusters loaded : 1262
[3207:its-tracker]:  - Vertexer initialisation completed in: 0.184872 ms
[3207:its-tracker]:  - Tracklet finding completed in: 0.002021 ms
[3207:its-tracker]:  - Adjacent tracklets validation completed in: 0.000484 ms
[3207:its-tracker]:  - Vertex finding completed in: 0.000486 ms
[3207:its-tracker]: [07:44:55][INFO] Found tracks: 0
[3207:its-tracker]: [07:44:55][INFO] ROframe: 23, clusters loaded : 1276
[3207:its-tracker]:  - Vertexer initialisation completed in: 0.238121 ms
[3207:its-tracker]:  - Tracklet finding completed in: 0.001329 ms
[3207:its-tracker]:  - Adjacent tracklets validation completed in: 0.000292 ms
[3207:its-tracker]:  - Vertex finding completed in: 0.000358 ms
[3207:its-tracker]: [07:44:55][INFO] Found tracks: 0
[3207:its-tracker]: [07:44:55][INFO] ROframe: 24, clusters loaded : 1175
[3207:its-tracker]:  - Vertexer initialisation completed in: 0.209272 ms
[3207:its-tracker]:  - Tracklet finding completed in: 0.001378 ms
[3207:its-tracker]:  - Adjacent tracklets validation completed in: 0.000376 ms
[3207:its-tracker]:  - Vertex finding completed in: 0.000318 ms
[3207:its-tracker]: [07:44:55][INFO] Found tracks: 0
[3207:its-tracker]: [07:44:55][INFO] ROframe: 25, clusters loaded : 1260
[3207:its-tracker]:  - Vertexer initialisation completed in: 0.219684 ms
[3207:its-tracker]:  - Tracklet finding completed in: 0.002598 ms
[3207:its-tracker]:  - Adjacent tracklets validation completed in: 0.000406 ms
[3207:its-tracker]:  - Vertex finding completed in: 0.000312 ms
[3207:its-tracker]: [07:44:55][INFO] Found tracks: 0
[3207:its-tracker]: [07:44:55][INFO] ROframe: 26, clusters loaded : 1233
[3207:its-tracker]:  - Vertexer initialisation completed in: 0.224299 ms
[3207:its-tracker]:  - Tracklet finding completed in: 0.001908 ms
[3207:its-tracker]:  - Adjacent tracklets validation completed in: 0.000398 ms
[3207:its-tracker]:  - Vertex finding completed in: 0.000346 ms
[3207:its-tracker]: [07:44:55][INFO] Found tracks: 0
[3207:its-tracker]: [07:44:55][INFO] ROframe: 27, clusters loaded : 20524
[3207:its-tracker]:  - Vertexer initialisation completed in: 1.26284 ms
[3207:its-tracker]:  - Tracklet finding completed in: 2.78655 ms
[3207:its-tracker]:  - Adjacent tracklets validation completed in: 0.629048 ms
[3207:its-tracker]:  - Vertex finding completed in: 0.157413 ms
[3207:its-tracker]: 		Found vertex with:    990 contributors
[3207:its-tracker]:  - Context initialisation completed in: 2.26918 ms
[3207:its-tracker]:  - Tracklet finding completed in: 8.26233 ms
[3207:its-tracker]:  - Cell finding completed in: 3.12836 ms
[3207:its-tracker]:  - Neighbour finding completed in: 0.832825 ms
[3207:its-tracker]:  - Road finding completed in: 0.204961 ms
[3207:its-tracker]:  - Track finding completed in: 15.2047 ms
[3207:its-tracker]:  - Vertex processing completed in: 29.9024ms
[3207:its-tracker]:  - Context initialisation completed in: 0.288205 ms
[3207:its-tracker]:  - Tracklet finding completed in: 5.27548 ms
[3207:its-tracker]:  - Cell finding completed in: 1.12309 ms
[3207:its-tracker]:  - Neighbour finding completed in: 0.19713 ms
[3207:its-tracker]:  - Road finding completed in: 0.001746 ms
[3207:its-tracker]:  - Track finding completed in: 0.000422 ms
[3207:its-tracker]:  - Vertex processing completed in: 6.88607ms
[3207:its-tracker]: [07:44:55][INFO] Found tracks: 872
[3207:its-tracker]: [07:44:55][INFO] ROframe: 28, clusters loaded : 48790
[3207:its-tracker]:  - Vertexer initialisation completed in: 2.87988 ms
[3207:its-tracker]:  - Tracklet finding completed in: 13.1903 ms
[3207:its-tracker]:  - Adjacent tracklets validation completed in: 5.50948 ms
[3207:its-tracker]:  - Vertex finding completed in: 0.646546 ms
[3207:its-tracker]: 		Found vertex with:   2469 contributors
[3207:its-tracker]:  - Context initialisation completed in: 3.65555 ms
[3207:its-tracker]:  - Tracklet finding completed in: 30.3206 ms
[3207:its-tracker]:  - Cell finding completed in: 19.1045 ms
[3207:its-tracker]:  - Neighbour finding completed in: 2.79067 ms
[3207:its-tracker]:  - Road finding completed in: 1.9265 ms
[3207:its-tracker]:  - Track finding completed in: 31.4536 ms
[3207:its-tracker]:  - Vertex processing completed in: 89.2514ms
[3207:its-tracker]:  - Context initialisation completed in: 0.608166 ms
[3207:its-tracker]:  - Tracklet finding completed in: 13.7348 ms
[3207:its-tracker]:  - Cell finding completed in: 4.19845 ms
[3207:its-tracker]:  - Neighbour finding completed in: 0.361573 ms
[3207:its-tracker]:  - Road finding completed in: 0.002722 ms
[3207:its-tracker]:  - Track finding completed in: 0.000621 ms
[3207:its-tracker]:  - Vertex processing completed in: 18.9064ms
[3207:its-tracker]: [07:44:55][INFO] Found tracks: 2218
[3207:its-tracker]: [07:44:55][INFO] ROframe: 29, clusters loaded : 77460
[3207:its-tracker]:  - Vertexer initialisation completed in: 3.9608 ms
[3207:its-tracker]:  - Tracklet finding completed in: 29.9323 ms
[3207:its-tracker]:  - Adjacent tracklets validation completed in: 11.884 ms
[3207:its-tracker]:  - Vertex finding completed in: 0.74499 ms
[3207:its-tracker]: 		Found vertex with:   2056 contributors
[3207:its-tracker]: 		Found vertex with:    488 contributors
[3207:its-tracker]: 		Found vertex with:     74 contributors
[3207:its-tracker]:  - Context initialisation completed in: 3.78298 ms
[3207:its-tracker]:  - Tracklet finding completed in: 45.1841 ms
[3207:its-tracker]:  - Cell finding completed in: 30.0981 ms
[3207:its-tracker]:  - Neighbour finding completed in: 2.56038 ms
[3207:its-tracker]:  - Road finding completed in: 0.684888 ms
[3207:its-tracker]:  - Track finding completed in: 33.4756 ms
[3207:its-tracker]:  - Vertex processing completed in: 115.786ms
[3207:its-tracker]:  - Context initialisation completed in: 1.11519 ms
[3207:its-tracker]:  - Tracklet finding completed in: 52.3098 ms
[3207:its-tracker]:  - Cell finding completed in: 18.5872 ms
[3207:its-tracker]:  - Neighbour finding completed in: 0.696413 ms
[3207:its-tracker]:  - Road finding completed in: 0.15381 ms
[3207:its-tracker]:  - Track finding completed in: 8.0972 ms
[3207:its-tracker]:  - Vertex processing completed in: 80.9596ms
[3207:its-tracker]:  - Context initialisation completed in: 0.636872 ms
[3207:its-tracker]:  - Tracklet finding completed in: 49.2232 ms
[3207:its-tracker]:  - Cell finding completed in: 16.4572 ms
[3207:its-tracker]:  - Neighbour finding completed in: 0.227374 ms
[3207:its-tracker]:  - Road finding completed in: 0.007692 ms
[3207:its-tracker]:  - Track finding completed in: 0.479774 ms
[3207:its-tracker]:  - Vertex processing completed in: 67.0321ms
[3207:its-tracker]:  - Context initialisation completed in: 0.67888 ms
[3207:its-tracker]:  - Tracklet finding completed in: 45.1195 ms
[3207:its-tracker]:  - Cell finding completed in: 12.8643 ms
[3207:its-tracker]:  - Neighbour finding completed in: 0.477374 ms
[3207:its-tracker]:  - Road finding completed in: 0.005327 ms
[3207:its-tracker]:  - Track finding completed in: 0.000604 ms
[3207:its-tracker]:  - Vertex processing completed in: 59.146ms
[3207:its-tracker]:  - Context initialisation completed in: 0.424628 ms
[3207:its-tracker]:  - Tracklet finding completed in: 32.7861 ms
[3207:its-tracker]:  - Cell finding completed in: 9.76547 ms
[3207:its-tracker]:  - Neighbour finding completed in: 0.138529 ms
[3207:its-tracker]:  - Road finding completed in: 0.000872 ms
[3207:its-tracker]:  - Track finding completed in: 0.000552 ms
[3207:its-tracker]:  - Vertex processing completed in: 43.1161ms
[3207:its-tracker]:  - Context initialisation completed in: 0.335224 ms
[3207:its-tracker]:  - Tracklet finding completed in: 33.2548 ms
[3207:its-tracker]:  - Cell finding completed in: 11.6979 ms
[3207:its-tracker]:  - Neighbour finding completed in: 0.150034 ms
[3207:its-tracker]:  - Road finding completed in: 0.001325 ms
[3207:its-tracker]:  - Track finding completed in: 0.000612 ms
[3207:its-tracker]:  - Vertex processing completed in: 45.4399ms
[3207:its-tracker]: [07:44:55][INFO] Found tracks: 2295
[3207:its-tracker]: [07:44:55][INFO] ROframe: 30, clusters loaded : 2808
[3207:its-tracker]:  - Vertexer initialisation completed in: 0.276116 ms
[3207:its-tracker]:  - Tracklet finding completed in: 0.049701 ms
[3207:its-tracker]:  - Adjacent tracklets validation completed in: 0.009601 ms
[3207:its-tracker]:  - Vertex finding completed in: 0.015504 ms
[3207:its-tracker]: 		Found vertex with:     76 contributors
[3207:its-tracker]:  - Context initialisation completed in: 1.1094 ms
[3207:its-tracker]:  - Tracklet finding completed in: 0.322768 ms
[3207:its-tracker]:  - Cell finding completed in: 0.056312 ms
[3207:its-tracker]:  - Neighbour finding completed in: 0.029941 ms
[3207:its-tracker]:  - Road finding completed in: 0.012603 ms
[3207:its-tracker]:  - Track finding completed in: 0.601725 ms
[3207:its-tracker]:  - Vertex processing completed in: 2.13275ms
[3207:its-tracker]:  - Context initialisation completed in: 0.014565 ms
[3207:its-tracker]:  - Tracklet finding completed in: 0.248042 ms
[3207:its-tracker]:  - Cell finding completed in: 0.028709 ms
[3207:its-tracker]:  - Neighbour finding completed in: 0.009337 ms
[3207:its-tracker]:  - Road finding completed in: 0.000204 ms
[3207:its-tracker]:  - Track finding completed in: 0.000177 ms
[3207:its-tracker]:  - Vertex processing completed in: 0.301034ms
[3207:its-tracker]: [07:44:55][INFO] Found tracks: 69
[3207:its-tracker]: [07:44:55][INFO] ROframe: 31, clusters loaded : 1266
[3207:its-tracker]:  - Vertexer initialisation completed in: 0.126672 ms
[3207:its-tracker]:  - Tracklet finding completed in: 0.001684 ms
[3207:its-tracker]:  - Adjacent tracklets validation completed in: 0.000321 ms
[3207:its-tracker]:  - Vertex finding completed in: 0.000326 ms
[3207:its-tracker]: [07:44:55][INFO] Found tracks: 0
[3207:its-tracker]: [07:44:55][INFO] ROframe: 32, clusters loaded : 1336
[3207:its-tracker]:  - Vertexer initialisation completed in: 0.121476 ms
[3207:its-tracker]:  - Tracklet finding completed in: 0.001254 ms
[3207:its-tracker]:  - Adjacent tracklets validation completed in: 0.000245 ms
[3207:its-tracker]:  - Vertex finding completed in: 0.000254 ms
[3207:its-tracker]: [07:44:55][INFO] Found tracks: 0
[3207:its-tracker]: [07:44:55][INFO] ROframe: 33, clusters loaded : 1258
[3207:its-tracker]:  - Vertexer initialisation completed in: 0.123866 ms
[3207:its-tracker]:  - Tracklet finding completed in: 0.001576 ms
[3207:its-tracker]:  - Adjacent tracklets validation completed in: 0.000302 ms
[3207:its-tracker]:  - Vertex finding completed in: 0.000277 ms
[3207:its-tracker]: [07:44:55][INFO] Found tracks: 0
[3207:its-tracker]: [07:44:55][INFO] ROframe: 34, clusters loaded : 1283
[3207:its-tracker]:  - Vertexer initialisation completed in: 0.120177 ms
[3207:its-tracker]:  - Tracklet finding completed in: 0.000872 ms
[3207:its-tracker]:  - Adjacent tracklets validation completed in: 0.00013 ms
[3207:its-tracker]:  - Vertex finding completed in: 0.000251 ms
[3207:its-tracker]: [07:44:55][INFO] Found tracks: 0
[3207:its-tracker]: [07:44:55][INFO] ROframe: 35, clusters loaded : 1220
[3207:its-tracker]:  - Vertexer initialisation completed in: 0.123714 ms
[3207:its-tracker]:  - Tracklet finding completed in: 0.000829 ms
[3207:its-tracker]:  - Adjacent tracklets validation completed in: 0.000235 ms
[3207:its-tracker]:  - Vertex finding completed in: 0.000226 ms
[3207:its-tracker]: [07:44:55][INFO] Found tracks: 0
[3207:its-tracker]: [07:44:55][INFO] ROframe: 36, clusters loaded : 1197
[3207:its-tracker]:  - Vertexer initialisation completed in: 0.120357 ms
[3207:its-tracker]:  - Tracklet finding completed in: 0.00096 ms
[3207:its-tracker]:  - Adjacent tracklets validation completed in: 0.00023 ms
[3207:its-tracker]:  - Vertex finding completed in: 0.000245 ms
[3207:its-tracker]: [07:44:55][INFO] Found tracks: 0
[3207:its-tracker]: [07:44:55][INFO] ROframe: 37, clusters loaded : 1280
[3207:its-tracker]:  - Vertexer initialisation completed in: 0.124898 ms
[3207:its-tracker]:  - Tracklet finding completed in: 0.000979 ms
[3207:its-tracker]:  - Adjacent tracklets validation completed in: 0.000227 ms
[3207:its-tracker]:  - Vertex finding completed in: 0.000197 ms
[3207:its-tracker]: [07:44:55][INFO] Found tracks: 0
[3207:its-tracker]: [07:44:55][INFO] ROframe: 38, clusters loaded : 12115
[3207:its-tracker]:  - Vertexer initialisation completed in: 0.517826 ms
[3207:its-tracker]:  - Tracklet finding completed in: 0.76914 ms
[3207:its-tracker]:  - Adjacent tracklets validation completed in: 0.135587 ms
[3207:its-tracker]:  - Vertex finding completed in: 0.079349 ms
[3207:its-tracker]: 		Found vertex with:    649 contributors
[3207:its-tracker]:  - Context initialisation completed in: 1.38249 ms
[3207:its-tracker]:  - Tracklet finding completed in: 2.57932 ms
[3207:its-tracker]:  - Cell finding completed in: 0.911356 ms
[3207:its-tracker]:  - Neighbour finding completed in: 0.259633 ms
[3207:its-tracker]:  - Road finding completed in: 0.068375 ms
[3207:its-tracker]:  - Track finding completed in: 5.31518 ms
[3207:its-tracker]:  - Vertex processing completed in: 10.5163ms
[3207:its-tracker]:  - Context initialisation completed in: 0.107782 ms
[3207:its-tracker]:  - Tracklet finding completed in: 1.93383 ms
[3207:its-tracker]:  - Cell finding completed in: 0.333652 ms
[3207:its-tracker]:  - Neighbour finding completed in: 0.067823 ms
[3207:its-tracker]:  - Road finding completed in: 0.000807 ms
[3207:its-tracker]:  - Track finding completed in: 0.000241 ms
[3207:its-tracker]:  - Vertex processing completed in: 2.44413ms
[3207:its-tracker]: [07:44:55][INFO] Found tracks: 502
[3207:its-tracker]: [07:44:55][INFO] ROframe: 39, clusters loaded : 1362
[3207:its-tracker]:  - Vertexer initialisation completed in: 0.141476 ms
[3207:its-tracker]:  - Tracklet finding completed in: 0.002036 ms
[3207:its-tracker]:  - Adjacent tracklets validation completed in: 0.00057 ms
[3207:its-tracker]:  - Vertex finding completed in: 0.000801 ms
[3207:its-tracker]: [07:44:55][INFO] Found tracks: 0
[3207:its-tracker]: [07:44:55][INFO] ROframe: 40, clusters loaded : 5410
[3207:its-tracker]:  - Vertexer initialisation completed in: 0.257334 ms
[3207:its-tracker]:  - Tracklet finding completed in: 0.173659 ms
[3207:its-tracker]:  - Adjacent tracklets validation completed in: 0.034259 ms
[3207:its-tracker]:  - Vertex finding completed in: 0.072148 ms
[3207:its-tracker]: 		Found vertex with:    233 contributors
[3207:its-tracker]:  - Context initialisation completed in: 1.16093 ms
[3207:its-tracker]:  - Tracklet finding completed in: 0.805553 ms
[3207:its-tracker]:  - Cell finding completed in: 0.19116 ms
[3207:its-tracker]:  - Neighbour finding completed in: 0.093502 ms
[3207:its-tracker]:  - Road finding completed in: 0.02847 ms
[3207:its-tracker]:  - Track finding completed in: 1.90396 ms
[3207:its-tracker]:  - Vertex processing completed in: 4.18357ms
[3207:its-tracker]:  - Context initialisation completed in: 0.056255 ms
[3207:its-tracker]:  - Tracklet finding completed in: 0.603314 ms
[3207:its-tracker]:  - Cell finding completed in: 0.086948 ms
[3207:its-tracker]:  - Neighbour finding completed in: 0.024848 ms
[3207:its-tracker]:  - Road finding completed in: 0.000338 ms
[3207:its-tracker]:  - Track finding completed in: 0.000237 ms
[3207:its-tracker]:  - Vertex processing completed in: 0.77194ms
[3207:its-tracker]: [07:44:55][INFO] Found tracks: 184
[3207:its-tracker]: [07:44:55][INFO] ROframe: 41, clusters loaded : 1300
[3207:its-tracker]:  - Vertexer initialisation completed in: 0.136325 ms
[3207:its-tracker]:  - Tracklet finding completed in: 0.00158 ms
[3207:its-tracker]:  - Adjacent tracklets validation completed in: 0.000583 ms
[3207:its-tracker]:  - Vertex finding completed in: 0.000643 ms
[3207:its-tracker]: [07:44:55][INFO] Found tracks: 0
[3207:its-tracker]: [07:44:55][INFO] ROframe: 42, clusters loaded : 1302
[3207:its-tracker]:  - Vertexer initialisation completed in: 0.138993 ms
[3207:its-tracker]:  - Tracklet finding completed in: 0.00107 ms
[3207:its-tracker]:  - Adjacent tracklets validation completed in: 0.000231 ms
[3207:its-tracker]:  - Vertex finding completed in: 0.000288 ms
[3207:its-tracker]: [07:44:55][INFO] Found tracks: 0
[3207:its-tracker]: [07:44:55][INFO] ROframe: 43, clusters loaded : 1212
[3207:its-tracker]:  - Vertexer initialisation completed in: 0.126037 ms
[3207:its-tracker]:  - Tracklet finding completed in: 0.000882 ms
[3207:its-tracker]:  - Adjacent tracklets validation completed in: 0.000188 ms
[3207:its-tracker]:  - Vertex finding completed in: 0.000239 ms
[3207:its-tracker]: [07:44:55][INFO] Found tracks: 0
[3207:its-tracker]: [07:44:55][INFO] ROframe: 44, clusters loaded : 1326
[3207:its-tracker]:  - Vertexer initialisation completed in: 0.140592 ms
[3207:its-tracker]:  - Tracklet finding completed in: 0.001032 ms
[3207:its-tracker]:  - Adjacent tracklets validation completed in: 0.000214 ms
[3207:its-tracker]:  - Vertex finding completed in: 0.000239 ms
[3207:its-tracker]: [07:44:55][INFO] Found tracks: 0
[3207:its-tracker]: [07:44:55][INFO] ROframe: 45, clusters loaded : 1282
[3207:its-tracker]:  - Vertexer initialisation completed in: 0.123453 ms
[3207:its-tracker]:  - Tracklet finding completed in: 0.001216 ms
[3207:its-tracker]:  - Adjacent tracklets validation completed in: 0.000243 ms
[3207:its-tracker]:  - Vertex finding completed in: 0.000244 ms
[3207:its-tracker]: [07:44:55][INFO] Found tracks: 0
[3207:its-tracker]: [07:44:55][INFO] ROframe: 46, clusters loaded : 11847
[3207:its-tracker]:  - Vertexer initialisation completed in: 0.506931 ms
[3207:its-tracker]:  - Tracklet finding completed in: 0.600926 ms
[3207:its-tracker]:  - Adjacent tracklets validation completed in: 0.107159 ms
[3207:its-tracker]:  - Vertex finding completed in: 0.084819 ms
[3207:its-tracker]: 		Found vertex with:    520 contributors
[3207:its-tracker]:  - Context initialisation completed in: 1.37661 ms
[3207:its-tracker]:  - Tracklet finding completed in: 2.54704 ms
[3207:its-tracker]:  - Cell finding completed in: 0.825691 ms
[3207:its-tracker]:  - Neighbour finding completed in: 0.232692 ms
[3207:its-tracker]:  - Road finding completed in: 0.061101 ms
[3207:its-tracker]:  - Track finding completed in: 4.23652 ms
[3207:its-tracker]:  - Vertex processing completed in: 9.27965ms
[3207:its-tracker]:  - Context initialisation completed in: 0.10181 ms
[3207:its-tracker]:  - Tracklet finding completed in: 1.85176 ms
[3207:its-tracker]:  - Cell finding completed in: 0.333838 ms
[3207:its-tracker]:  - Neighbour finding completed in: 0.0657 ms
[3207:its-tracker]:  - Road finding completed in: 0.000896 ms
[3207:its-tracker]:  - Track finding completed in: 0.000326 ms
[3207:its-tracker]:  - Vertex processing completed in: 2.35433ms
[3207:its-tracker]: [07:44:55][INFO] Found tracks: 430
[3207:its-tracker]: [07:44:55][INFO] ROframe: 47, clusters loaded : 1310
[3207:its-tracker]:  - Vertexer initialisation completed in: 0.160376 ms
[3207:its-tracker]:  - Tracklet finding completed in: 0.004429 ms
[3207:its-tracker]:  - Adjacent tracklets validation completed in: 0.000689 ms
[3207:its-tracker]:  - Vertex finding completed in: 0.000975 ms
[3207:its-tracker]: [07:44:55][INFO] Found tracks: 0
[3207:its-tracker]: [07:44:55][INFO] ROframe: 48, clusters loaded : 2003
[3207:its-tracker]:  - Vertexer initialisation completed in: 0.138544 ms
[3207:its-tracker]:  - Tracklet finding completed in: 0.023036 ms
[3207:its-tracker]:  - Adjacent tracklets validation completed in: 0.004791 ms
[3207:its-tracker]:  - Vertex finding completed in: 0.008305 ms
[3207:its-tracker]: 		Found vertex with:     30 contributors
[3207:its-tracker]:  - Context initialisation completed in: 1.13652 ms
[3207:its-tracker]:  - Tracklet finding completed in: 0.197095 ms
[3207:its-tracker]:  - Cell finding completed in: 0.026603 ms
[3207:its-tracker]:  - Neighbour finding completed in: 0.014505 ms
[3207:its-tracker]:  - Road finding completed in: 0.005953 ms
[3207:its-tracker]:  - Track finding completed in: 0.257144 ms
[3207:its-tracker]:  - Vertex processing completed in: 1.63782ms
[3207:its-tracker]:  - Context initialisation completed in: 0.007343 ms
[3207:its-tracker]:  - Tracklet finding completed in: 0.168087 ms
[3207:its-tracker]:  - Cell finding completed in: 0.016224 ms
[3207:its-tracker]:  - Neighbour finding completed in: 0.005908 ms
[3207:its-tracker]:  - Road finding completed in: 0.000166 ms
[3207:its-tracker]:  - Track finding completed in: 0.000168 ms
[3207:its-tracker]:  - Vertex processing completed in: 0.197896ms
[3207:its-tracker]: [07:44:55][INFO] Found tracks: 26
[3207:its-tracker]: [07:44:55][INFO] ROframe: 49, clusters loaded : 48235
[3207:its-tracker]:  - Vertexer initialisation completed in: 2.18578 ms
[3207:its-tracker]:  - Tracklet finding completed in: 9.269 ms
[3207:its-tracker]:  - Adjacent tracklets validation completed in: 3.2541 ms
[3207:its-tracker]:  - Vertex finding completed in: 0.380775 ms
[3207:its-tracker]: 		Found vertex with:   2631 contributors
[3207:its-tracker]:  - Context initialisation completed in: 2.59264 ms
[3207:its-tracker]:  - Tracklet finding completed in: 22.1893 ms
[3207:its-tracker]:  - Cell finding completed in: 13.111 ms
[3207:its-tracker]:  - Neighbour finding completed in: 1.5452 ms
[3207:its-tracker]:  - Road finding completed in: 0.369654 ms
[3207:its-tracker]:  - Track finding completed in: 23.916 ms
[3207:its-tracker]:  - Vertex processing completed in: 63.7239ms
[3207:its-tracker]:  - Context initialisation completed in: 0.611769 ms
[3207:its-tracker]:  - Tracklet finding completed in: 13.5726 ms
[3207:its-tracker]:  - Cell finding completed in: 4.06462 ms
[3207:its-tracker]:  - Neighbour finding completed in: 0.325397 ms
[3207:its-tracker]:  - Road finding completed in: 0.002323 ms
[3207:its-tracker]:  - Track finding completed in: 0.000593 ms
[3207:its-tracker]:  - Vertex processing completed in: 18.5773ms
[3207:its-tracker]: [07:44:55][INFO] Found tracks: 2149
[3207:its-tracker]: [07:44:55][INFO] ROframe: 50, clusters loaded : 1313
[3207:its-tracker]:  - Vertexer initialisation completed in: 0.143481 ms
[3207:its-tracker]:  - Tracklet finding completed in: 0.002673 ms
[3207:its-tracker]:  - Adjacent tracklets validation completed in: 0.000594 ms
[3207:its-tracker]:  - Vertex finding completed in: 0.000645 ms
[3207:its-tracker]: [07:44:55][INFO] Found tracks: 0
[3207:its-tracker]: [07:44:55][INFO] ROframe: 51, clusters loaded : 1507
[3207:its-tracker]:  - Vertexer initialisation completed in: 0.119738 ms
[3207:its-tracker]:  - Tracklet finding completed in: 0.001254 ms
[3207:its-tracker]:  - Adjacent tracklets validation completed in: 0.000256 ms
[3207:its-tracker]:  - Vertex finding completed in: 0.00026 ms
[3207:its-tracker]: [07:44:55][INFO] Found tracks: 0
[3207:its-tracker]: [07:44:55][INFO] ROframe: 52, clusters loaded : 1234
[3207:its-tracker]:  - Vertexer initialisation completed in: 0.126194 ms
[3207:its-tracker]:  - Tracklet finding completed in: 0.000774 ms
[3207:its-tracker]:  - Adjacent tracklets validation completed in: 0.000211 ms
[3207:its-tracker]:  - Vertex finding completed in: 0.000238 ms
[3207:its-tracker]: [07:44:55][INFO] Found tracks: 0
[3207:its-tracker]: [07:44:55][INFO] ROframe: 53, clusters loaded : 1276
[3207:its-tracker]:  - Vertexer initialisation completed in: 0.126338 ms
[3207:its-tracker]:  - Tracklet finding completed in: 0.002605 ms
[3207:its-tracker]:  - Adjacent tracklets validation completed in: 0.000353 ms
[3207:its-tracker]:  - Vertex finding completed in: 0.000187 ms
[3207:its-tracker]: [07:44:55][INFO] Found tracks: 0
[3207:its-tracker]: [07:44:55][INFO] ROframe: 54, clusters loaded : 3712
[3207:its-tracker]:  - Vertexer initialisation completed in: 0.20879 ms
[3207:its-tracker]:  - Tracklet finding completed in: 0.079374 ms
[3207:its-tracker]:  - Adjacent tracklets validation completed in: 0.015599 ms
[3207:its-tracker]:  - Vertex finding completed in: 0.018997 ms
[3207:its-tracker]: 		Found vertex with:    119 contributors
[3207:its-tracker]:  - Context initialisation completed in: 1.4263 ms
[3207:its-tracker]:  - Tracklet finding completed in: 0.487276 ms
[3207:its-tracker]:  - Cell finding completed in: 0.103488 ms
[3207:its-tracker]:  - Neighbour finding completed in: 0.049863 ms
[3207:its-tracker]:  - Road finding completed in: 0.018212 ms
[3207:its-tracker]:  - Track finding completed in: 1.31899 ms
[3207:its-tracker]:  - Vertex processing completed in: 3.40414ms
[3207:its-tracker]:  - Context initialisation completed in: 0.023977 ms
[3207:its-tracker]:  - Tracklet finding completed in: 0.4205 ms
[3207:its-tracker]:  - Cell finding completed in: 0.045541 ms
[3207:its-tracker]:  - Neighbour finding completed in: 0.014193 ms
[3207:its-tracker]:  - Road finding completed in: 0.000369 ms
[3207:its-tracker]:  - Track finding completed in: 0.000233 ms
[3207:its-tracker]:  - Vertex processing completed in: 0.504813ms
[3207:its-tracker]: [07:44:55][INFO] Found tracks: 111
[3207:its-tracker]: [07:44:55][INFO] ROframe: 55, clusters loaded : 1298
[3207:its-tracker]:  - Vertexer initialisation completed in: 0.135258 ms
[3207:its-tracker]:  - Tracklet finding completed in: 0.001564 ms
[3207:its-tracker]:  - Adjacent tracklets validation completed in: 0.000489 ms
[3207:its-tracker]:  - Vertex finding completed in: 0.000531 ms
[3207:its-tracker]: [07:44:55][INFO] Found tracks: 0
[3207:its-tracker]: [07:44:55][INFO] ROframe: 56, clusters loaded : 1246
[3207:its-tracker]:  - Vertexer initialisation completed in: 0.126066 ms
[3207:its-tracker]:  - Tracklet finding completed in: 0.00201 ms
[3207:its-tracker]:  - Adjacent tracklets validation completed in: 0.000263 ms
[3207:its-tracker]:  - Vertex finding completed in: 0.000254 ms
[3207:its-tracker]: [07:44:55][INFO] Found tracks: 0
[3207:its-tracker]: [07:44:55][INFO] ROframe: 57, clusters loaded : 1280
[3207:its-tracker]:  - Vertexer initialisation completed in: 0.118811 ms
[3207:its-tracker]:  - Tracklet finding completed in: 0.001214 ms
[3207:its-tracker]:  - Adjacent tracklets validation completed in: 0.000249 ms
[3207:its-tracker]:  - Vertex finding completed in: 0.000257 ms
[3207:its-tracker]: [07:44:55][INFO] Found tracks: 0
[3207:its-tracker]: [07:44:55][INFO] ROframe: 58, clusters loaded : 1211
[3207:its-tracker]:  - Vertexer initialisation completed in: 0.122665 ms
[3207:its-tracker]:  - Tracklet finding completed in: 0.000887 ms
[3207:its-tracker]:  - Adjacent tracklets validation completed in: 0.000188 ms
[3207:its-tracker]:  - Vertex finding completed in: 0.000244 ms
[3207:its-tracker]: [07:44:55][INFO] Found tracks: 0
[3207:its-tracker]: [07:44:55][INFO] ROframe: 59, clusters loaded : 59509
[3207:its-tracker]:  - Vertexer initialisation completed in: 3.0189 ms
[3207:its-tracker]:  - Tracklet finding completed in: 17.7794 ms
[3207:its-tracker]:  - Adjacent tracklets validation completed in: 4.96671 ms
[3207:its-tracker]:  - Vertex finding completed in: 0.524079 ms
[3207:its-tracker]: 		Found vertex with:   3050 contributors
[3207:its-tracker]:  - Context initialisation completed in: 2.92411 ms
[3207:its-tracker]:  - Tracklet finding completed in: 32.2655 ms
[3207:its-tracker]:  - Cell finding completed in: 21.8403 ms
[3207:its-tracker]:  - Neighbour finding completed in: 1.90391 ms
[3207:its-tracker]:  - Road finding completed in: 0.503531 ms
[3207:its-tracker]:  - Track finding completed in: 30.3309 ms
[3207:its-tracker]:  - Vertex processing completed in: 89.7683ms
[3207:its-tracker]:  - Context initialisation completed in: 0.872619 ms
[3207:its-tracker]:  - Tracklet finding completed in: 21.4333 ms
[3207:its-tracker]:  - Cell finding completed in: 7.08351 ms
[3207:its-tracker]:  - Neighbour finding completed in: 0.487174 ms
[3207:its-tracker]:  - Road finding completed in: 0.003609 ms
[3207:its-tracker]:  - Track finding completed in: 0.000541 ms
[3207:its-tracker]:  - Vertex processing completed in: 29.8808ms
[3207:its-tracker]: [07:44:56][INFO] Found tracks: 2734
[3207:its-tracker]: [07:44:56][INFO] ROframe: 60, clusters loaded : 1360
[3207:its-tracker]:  - Vertexer initialisation completed in: 0.150621 ms
[3207:its-tracker]:  - Tracklet finding completed in: 0.002229 ms
[3207:its-tracker]:  - Adjacent tracklets validation completed in: 0.000638 ms
[3207:its-tracker]:  - Vertex finding completed in: 0.001045 ms
[3207:its-tracker]: [07:44:56][INFO] Found tracks: 0
[3207:its-tracker]: [07:44:56][INFO] ROframe: 61, clusters loaded : 1355
[3207:its-tracker]:  - Vertexer initialisation completed in: 0.150958 ms
[3207:its-tracker]:  - Tracklet finding completed in: 0.000802 ms
[3207:its-tracker]:  - Adjacent tracklets validation completed in: 0.000232 ms
[3207:its-tracker]:  - Vertex finding completed in: 0.000277 ms
[3207:its-tracker]: [07:44:56][INFO] Found tracks: 0
[3207:its-tracker]: [07:44:56][INFO] ITSTracker pushed 15773 tracks
[3207:its-tracker]: [07:44:56][INFO] ITS CA-Tracker total timing: Cpu: 1.550e+00 Real: 1.540e+00 s in 1 slots
[3208:its-track-writer]: [07:44:56][INFO] ITSTrackWriter pulled 15773 tracks, in 62 RO frames
[INFO] Quitting
[INFO] QUIT_REQUESTED
[3207:its-tracker]: [07:44:56][INFO] Received device shutdown request (signal 15).
[3207:its-tracker]: [07:44:56][INFO] Waiting for graceful device shutdown. Hit Ctrl-C again to abort immediately.
[3208:its-track-writer]: [07:44:56][INFO] Received device shutdown request (signal 15).
[3208:its-track-writer]: [07:44:56][INFO] Waiting for graceful device shutdown. Hit Ctrl-C again to abort immediately.
[3204:its-digit-reader]: [07:44:56][INFO] Received device shutdown request (signal 15).
[3204:its-digit-reader]: [07:44:56][INFO] Waiting for graceful device shutdown. Hit Ctrl-C again to abort immediately.
[3204:its-digit-reader]: [07:44:56][STATE] RUNNING ---> READY
[3204:its-digit-reader]: [07:44:56][STATE] READY ---> RESETTING TASK
[3204:its-digit-reader]: [07:44:56][STATE] RESETTING TASK ---> DEVICE READY
[3204:its-digit-reader]: [07:44:56][STATE] DEVICE READY ---> RESETTING DEVICE
[3205:its-clusterer]: [07:44:56][INFO] Received device shutdown request (signal 15).
[3205:its-clusterer]: [07:44:56][INFO] Waiting for graceful device shutdown. Hit Ctrl-C again to abort immediately.
[3203:internal-dpl-clock]: [07:44:56][INFO] Received device shutdown request (signal 15).
[3203:internal-dpl-clock]: [07:44:56][INFO] Waiting for graceful device shutdown. Hit Ctrl-C again to abort immediately.
[3204:its-digit-reader]: [07:44:56][STATE] RESETTING DEVICE ---> IDLE
[3204:its-digit-reader]: [07:44:56][STATE] IDLE ---> EXITING
[3204:its-digit-reader]: [07:44:56][STATE] Exiting FairMQ state machine
[3206:its-cluster-writer]: [07:44:56][INFO] Received device shutdown request (signal 15).
[3206:its-cluster-writer]: [07:44:56][INFO] Waiting for graceful device shutdown. Hit Ctrl-C again to abort immediately.
[3207:its-tracker]: [07:44:56][STATE] RUNNING ---> READY
[3203:internal-dpl-clock]: [07:44:56][STATE] RUNNING ---> READY
[3205:its-clusterer]: [07:44:56][STATE] RUNNING ---> READY
[3207:its-tracker]: [07:44:56][STATE] READY ---> RESETTING TASK
[3207:its-tracker]: [07:44:56][STATE] RESETTING TASK ---> DEVICE READY
[3205:its-clusterer]: [07:44:56][STATE] READY ---> RESETTING TASK
[3205:its-clusterer]: [07:44:56][STATE] RESETTING TASK ---> DEVICE READY
[3207:its-tracker]: [07:44:56][STATE] DEVICE READY ---> RESETTING DEVICE
[3203:internal-dpl-clock]: [07:44:56][STATE] READY ---> RESETTING TASK
[3205:its-clusterer]: [07:44:56][STATE] DEVICE READY ---> RESETTING DEVICE
[3203:internal-dpl-clock]: [07:44:56][STATE] RESETTING TASK ---> DEVICE READY
[3203:internal-dpl-clock]: [07:44:56][STATE] DEVICE READY ---> RESETTING DEVICE
[3203:internal-dpl-clock]: [07:44:56][STATE] RESETTING DEVICE ---> IDLE
[3203:internal-dpl-clock]: [07:44:56][STATE] IDLE ---> EXITING
[3203:internal-dpl-clock]: [07:44:56][STATE] Exiting FairMQ state machine
[3207:its-tracker]: [07:44:56][STATE] RESETTING DEVICE ---> IDLE
[3207:its-tracker]: [07:44:56][STATE] IDLE ---> EXITING
[3205:its-clusterer]: [07:44:56][STATE] RESETTING DEVICE ---> IDLE
[3205:its-clusterer]: [07:44:56][STATE] IDLE ---> EXITING
[3205:its-clusterer]: [07:44:56][STATE] Exiting FairMQ state machine
[3207:its-tracker]: [07:44:56][STATE] Exiting FairMQ state machine
[3206:its-cluster-writer]: [07:44:57][STATE] RUNNING ---> READY
[3206:its-cluster-writer]: [07:44:57][STATE] READY ---> RESETTING TASK
[3206:its-cluster-writer]: [07:44:57][STATE] RESETTING TASK ---> DEVICE READY
[3206:its-cluster-writer]: [07:44:57][STATE] DEVICE READY ---> RESETTING DEVICE
[3206:its-cluster-writer]: [07:44:57][STATE] RESETTING DEVICE ---> IDLE
[3206:its-cluster-writer]: [07:44:57][STATE] IDLE ---> EXITING
[3206:its-cluster-writer]: [07:44:57][STATE] Exiting FairMQ state machine
[3208:its-track-writer]: [07:44:57][STATE] RUNNING ---> READY
[3208:its-track-writer]: [07:44:57][STATE] READY ---> RESETTING TASK
[3208:its-track-writer]: [07:44:57][STATE] RESETTING TASK ---> DEVICE READY
[3208:its-track-writer]: [07:44:57][STATE] DEVICE READY ---> RESETTING DEVICE
[3208:its-track-writer]: Cleaning up for shared memory id 'b672486d'...
[3208:its-track-writer]: No region counter found. No regions to cleanup.
[3208:its-track-writer]: Successfully removed 'fmq_b672486d_m_0'.
[3208:its-track-writer]: Successfully removed 'fmq_b672486d_mng'.
[3208:its-track-writer]: Successfully removed 'fmq_b672486d_mtx'.
[3208:its-track-writer]: Successfully removed 'fmq_b672486d_cv'.
[3208:its-track-writer]: [07:44:57][STATE] RESETTING DEVICE ---> IDLE
[3208:its-track-writer]: [07:44:57][STATE] IDLE ---> EXITING
[3208:its-track-writer]: [07:44:57][STATE] Exiting FairMQ state machine
[INFO] Dumping used configuration in dpl-config.json
