===============================
execute this script as follows:
./generate_its.sh system region nevents
where:
system = 1 -> pp
       = 2 -> Pb-Pb
region = 1 -> ITS only
       = 2 -> whole detector
===============================
will generate Pb-Pb events
will transport events in the ITS only
Will generate: 10 events
Moving to /eos/user/f/ftorales/its_data/alignment/lbnl_alice_alignment_tasks/2287089/10
/eos/user/f/ftorales/its_data/alignment/lbnl_alice_alignment_tasks/2287089/10

==============================================================================================
1. MC generation run
[INFO] Running with 6 sim workers 
[INFO] CREATING SIM SHARED MEM SEGMENT FOR 6 WORKERS
Spawning particle server on PID 996; Redirect output to o2sim_serverlog
Spawning sim worker 0 on PID 998; Redirect output to o2sim_workerlog0
Spawning hit merger on PID 999; Redirect output to o2sim_mergerlog
[INFO] DISTRIBUTING EVENT : 1
[INFO] EVENT FINISHED : 1
[INFO] DISTRIBUTING EVENT : 2
[INFO] EVENT FINISHED : 2
[INFO] DISTRIBUTING EVENT : 3
[INFO] EVENT FINISHED : 3
[INFO] DISTRIBUTING EVENT : 4
[INFO] EVENT FINISHED : 4
[INFO] DISTRIBUTING EVENT : 5
[INFO] EVENT FINISHED : 5
[INFO] DISTRIBUTING EVENT : 6
[INFO] EVENT FINISHED : 6
[INFO] DISTRIBUTING EVENT : 7
[INFO] EVENT FINISHED : 7
[INFO] DISTRIBUTING EVENT : 8
[INFO] EVENT FINISHED : 8
[INFO] DISTRIBUTING EVENT : 9
[INFO] EVENT FINISHED : 9
[INFO] DISTRIBUTING EVENT : 10
[INFO] EVENT FINISHED : 10
[INFO] Merger process 999 returned
[INFO] Simulation process took 120.483 s
[INFO] SIMULATION RETURNED SUCCESFULLY

==============================================================================================
2. Hits to digits conversion
Run: 1621527750
Fill:      0
Period: 
LHC State: 
Start: Thu May 20 18:22:32 2021
End  : Thu May 20 18:22:33 2021
Beam0: Z:A =   0:  0, Energy = 0.000
Beam1: Z:A =   0:  0, Energy = 0.000
sqrt[s]    = 0.000
crossing angle (radian) = 0.000000e+00
magnet currents (A) L3 = -30000.000, Dipole = -6000
Detectors: Cont.RO Triggers
      ITS:    -       -    
[INFO] MC-TRUTH 1
[INFO] TPC: GEM setup - initialization from scratch
[INFO] TPC: GEM setup (polya) took 9.73
[INFO] TPC is in grp? no; is skipped? no
[INFO] ITS is in grp? yes; is skipped? no
[INFO] MFT is in grp? no; is skipped? no
[INFO] TOF is in grp? no; is skipped? no
[INFO] FT0 is in grp? no; is skipped? no
[INFO] FV0 is in grp? no; is skipped? no
[INFO] EMC is in grp? no; is skipped? no
[INFO] HMP is in grp? no; is skipped? no
[INFO] ZDC is in grp? no; is skipped? no
[INFO] TRD is in grp? no; is skipped? no
[INFO] MCH is in grp? no; is skipped? no
[INFO] MID is in grp? no; is skipped? no
[INFO] FDD is in grp? no; is skipped? no
[INFO] PHS is in grp? no; is skipped? no
[INFO] CPV is in grp? no; is skipped? no
[INFO] Initialising O2 Data Processing Layer
[INFO] O2 Data Processing Layer initialised. We brake for nobody.
[INFO] Optimised build. O2DEBUG / LOG(DEBUG) / LOGF(DEBUG) / assert statement will not be shown.
[INFO] Redeployment of configuration asked.
[INFO] Starting internal-dpl-clock on pid 2100
[INFO] Starting SimReader on pid 2101
[INFO] Starting ITSDigitizer on pid 2102
[INFO] Starting GRPUpdater on pid 2103
[INFO] Starting ITSDigitWriter on pid 2104
[INFO] Redeployment of configuration done.
[2104:ITSDigitWriter]: [INFO] MC-TRUTH 1
[2100:internal-dpl-clock]: [INFO] MC-TRUTH 1
[2101:SimReader]: [INFO] MC-TRUTH 1
[2102:ITSDigitizer]: [INFO] MC-TRUTH 1
[2100:internal-dpl-clock]: [INFO] Spawing new device internal-dpl-clock in process with pid 2100
[2102:ITSDigitizer]: [INFO] Spawing new device ITSDigitizer in process with pid 2102
[2104:ITSDigitWriter]: [INFO] Spawing new device ITSDigitWriter in process with pid 2104
[2101:SimReader]: [INFO] Spawing new device SimReader in process with pid 2101
[2100:internal-dpl-clock]: [18:27:12][INFO] 
[2100:internal-dpl-clock]:       ______      _    _______  _________ 
[2100:internal-dpl-clock]:      / ____/___ _(_)_______   |/  /_  __ \    version 1.4.29
[2100:internal-dpl-clock]:     / /_  / __ `/ / ___/__  /|_/ /_  / / /    build RELWITHDEBINFO
[2100:internal-dpl-clock]:    / __/ / /_/ / / /    _  /  / / / /_/ /     https://github.com/FairRootGroup/FairMQ
[2100:internal-dpl-clock]:   /_/    \__,_/_/_/     /_/  /_/  \___\_\     LGPL-3.0  © 2012-2020 GSI
[2100:internal-dpl-clock]: 
[2102:ITSDigitizer]: [18:27:12][INFO] 
[2102:ITSDigitizer]:       ______      _    _______  _________ 
[2102:ITSDigitizer]:      / ____/___ _(_)_______   |/  /_  __ \    version 1.4.29
[2102:ITSDigitizer]:     / /_  / __ `/ / ___/__  /|_/ /_  / / /    build RELWITHDEBINFO
[2102:ITSDigitizer]:    / __/ / /_/ / / /    _  /  / / / /_/ /     https://github.com/FairRootGroup/FairMQ
[2102:ITSDigitizer]:   /_/    \__,_/_/_/     /_/  /_/  \___\_\     LGPL-3.0  © 2012-2020 GSI
[2102:ITSDigitizer]: 
[2104:ITSDigitWriter]: [18:27:12][INFO] 
[2104:ITSDigitWriter]:       ______      _    _______  _________ 
[2104:ITSDigitWriter]:      / ____/___ _(_)_______   |/  /_  __ \    version 1.4.29
[2104:ITSDigitWriter]:     / /_  / __ `/ / ___/__  /|_/ /_  / / /    build RELWITHDEBINFO
[2104:ITSDigitWriter]:    / __/ / /_/ / / /    _  /  / / / /_/ /     https://github.com/FairRootGroup/FairMQ
[2104:ITSDigitWriter]:   /_/    \__,_/_/_/     /_/  /_/  \___\_\     LGPL-3.0  © 2012-2020 GSI
[2104:ITSDigitWriter]: 
[2101:SimReader]: [18:27:12][INFO] 
[2101:SimReader]:       ______      _    _______  _________ 
[2101:SimReader]:      / ____/___ _(_)_______   |/  /_  __ \    version 1.4.29
[2101:SimReader]:     / /_  / __ `/ / ___/__  /|_/ /_  / / /    build RELWITHDEBINFO
[2101:SimReader]:    / __/ / /_/ / / /    _  /  / / / /_/ /     https://github.com/FairRootGroup/FairMQ
[2101:SimReader]:   /_/    \__,_/_/_/     /_/  /_/  \___\_\     LGPL-3.0  © 2012-2020 GSI
[2101:SimReader]: 
[2102:ITSDigitizer]: [18:27:12][STATE] Starting FairMQ state machine --> IDLE
[2101:SimReader]: [18:27:12][STATE] Starting FairMQ state machine --> IDLE
[2104:ITSDigitWriter]: [18:27:12][STATE] Starting FairMQ state machine --> IDLE
[2100:internal-dpl-clock]: [18:27:12][STATE] Starting FairMQ state machine --> IDLE
[2101:SimReader]: 2021-05-20 18:27:12	Monitoring	[0;49mStdOut backend initialized[0m
[2102:ITSDigitizer]: 2021-05-20 18:27:12	Monitoring	[0;49mStdOut backend initialized[0m
[2102:ITSDigitizer]: [18:27:12][STATE] IDLE ---> INITIALIZING DEVICE
[2104:ITSDigitWriter]: 2021-05-20 18:27:12	Monitoring	[0;49mStdOut backend initialized[0m
[2100:internal-dpl-clock]: 2021-05-20 18:27:12	Monitoring	[0;49mStdOut backend initialized[0m
[2100:internal-dpl-clock]: [18:27:12][STATE] IDLE ---> INITIALIZING DEVICE
[2100:internal-dpl-clock]: 2021-05-20 18:27:12	Monitoring	[0;49mBuffering enabled (100)[0m
[2100:internal-dpl-clock]: [18:27:12][STATE] INITIALIZING DEVICE ---> INITIALIZED
[2100:internal-dpl-clock]: [18:27:12][STATE] INITIALIZED ---> BINDING
[2100:internal-dpl-clock]: [18:27:12][STATE] BINDING ---> BOUND
[2100:internal-dpl-clock]: [18:27:12][STATE] BOUND ---> CONNECTING
[2100:internal-dpl-clock]: [18:27:12][STATE] CONNECTING ---> DEVICE READY
[2100:internal-dpl-clock]: [18:27:12][STATE] DEVICE READY ---> INITIALIZING TASK
[2100:internal-dpl-clock]: [18:27:12][STATE] INITIALIZING TASK ---> READY
[2100:internal-dpl-clock]: [18:27:12][STATE] READY ---> RUNNING
[2100:internal-dpl-clock]: [18:27:12][INFO] DEVICE: Running...
[2101:SimReader]: [18:27:12][STATE] IDLE ---> INITIALIZING DEVICE
[2101:SimReader]: 2021-05-20 18:27:12	Monitoring	[0;49mBuffering enabled (100)[0m
[2101:SimReader]: [18:27:12][INFO] adding o2sim
[2101:SimReader]: 
[2101:SimReader]: [18:27:12][INFO] INCONTEXTSTRING 
[2101:SimReader]: [18:27:12][INFO] Imposing hadronic interaction rate 50000Hz
[2101:SimReader]: [18:27:12][WARN] No bunch filling provided, impose default one
[2101:SimReader]: [18:27:12][INFO] Deducing mu=0.00771915 per BC from IR=50000 with 576 BCs
[2101:SimReader]: [18:27:12][INFO] InteractionSampler with 576 colliding BCs, mu(BC)= 0.00771915 -> total IR= 50000
[2101:SimReader]: [18:27:12][INFO] Current BCid:    0 Orbit:      1 |T in BC(ns): 0.000(0 coll left)
[2101:SimReader]: [18:27:12][INFO] setting up 1 chains
[2102:ITSDigitizer]: 2021-05-20 18:27:12	Monitoring	[0;49mBuffering enabled (100)[0m
[2102:ITSDigitizer]: [18:27:12][INFO] Initializing geometry service
[2102:ITSDigitizer]: [18:27:12][INFO] Loading geometry FAIRGeom from o2sim_geometry.root
[2103:GRPUpdater]: [INFO] MC-TRUTH 1
[2103:GRPUpdater]: [INFO] Spawing new device GRPUpdater in process with pid 2103
[2104:ITSDigitWriter]: [18:27:12][STATE] IDLE ---> INITIALIZING DEVICE
[2103:GRPUpdater]: [18:27:12][INFO] 
[2103:GRPUpdater]:       ______      _    _______  _________ 
[2103:GRPUpdater]:      / ____/___ _(_)_______   |/  /_  __ \    version 1.4.29
[2103:GRPUpdater]:     / /_  / __ `/ / ___/__  /|_/ /_  / / /    build RELWITHDEBINFO
[2103:GRPUpdater]:    / __/ / /_/ / / /    _  /  / / / /_/ /     https://github.com/FairRootGroup/FairMQ
[2103:GRPUpdater]:   /_/    \__,_/_/_/     /_/  /_/  \___\_\     LGPL-3.0  © 2012-2020 GSI
[2103:GRPUpdater]: 
[2103:GRPUpdater]: [18:27:12][STATE] Starting FairMQ state machine --> IDLE
[2103:GRPUpdater]: 2021-05-20 18:27:12	Monitoring	[0;49mStdOut backend initialized[0m
[2103:GRPUpdater]: [18:27:12][STATE] IDLE ---> INITIALIZING DEVICE
[2103:GRPUpdater]: 2021-05-20 18:27:12	Monitoring	[0;49mBuffering enabled (100)[0m
[2103:GRPUpdater]: [18:27:12][STATE] INITIALIZING DEVICE ---> INITIALIZED
[2103:GRPUpdater]: [18:27:12][STATE] INITIALIZED ---> BINDING
[2103:GRPUpdater]: [18:27:12][STATE] BINDING ---> BOUND
[2103:GRPUpdater]: [18:27:12][STATE] BOUND ---> CONNECTING
[2103:GRPUpdater]: [18:27:12][STATE] CONNECTING ---> DEVICE READY
[2103:GRPUpdater]: [18:27:12][STATE] DEVICE READY ---> INITIALIZING TASK
[2103:GRPUpdater]: [18:27:12][STATE] INITIALIZING TASK ---> READY
[2103:GRPUpdater]: [18:27:12][STATE] READY ---> RUNNING
[2103:GRPUpdater]: [18:27:12][INFO] DEVICE: Running...
[2104:ITSDigitWriter]: 2021-05-20 18:27:12	Monitoring	[0;49mBuffering enabled (100)[0m
[2104:ITSDigitWriter]: [18:27:12][INFO] 0: branch  ITSDigitMCTruth set up
[2104:ITSDigitWriter]: [18:27:12][INFO] 1: branch  ITSDigitMC2ROF set up
[2104:ITSDigitWriter]: [18:27:12][INFO] 2: branch  ITSDigit set up
[2104:ITSDigitWriter]: [18:27:12][INFO] 3: branch  ITSDigitROF set up
[2104:ITSDigitWriter]: [18:27:12][STATE] INITIALIZING DEVICE ---> INITIALIZED
[2104:ITSDigitWriter]: [18:27:12][STATE] INITIALIZED ---> BINDING
[2104:ITSDigitWriter]: [18:27:12][STATE] BINDING ---> BOUND
[2104:ITSDigitWriter]: [18:27:12][STATE] BOUND ---> CONNECTING
[2104:ITSDigitWriter]: [18:27:12][STATE] CONNECTING ---> DEVICE READY
[2104:ITSDigitWriter]: [18:27:12][STATE] DEVICE READY ---> INITIALIZING TASK
[2104:ITSDigitWriter]: [18:27:12][STATE] INITIALIZING TASK ---> READY
[2104:ITSDigitWriter]: [18:27:12][STATE] READY ---> RUNNING
[2104:ITSDigitWriter]: [18:27:12][INFO] DEVICE: Running...
[2102:ITSDigitizer]: Info in <TGeoManager::CloseGeometry>: Geometry loaded from file...
[2102:ITSDigitizer]: Info in <TGeoManager::SetTopVolume>: Top volume is cave. Master volume is cave
[2102:ITSDigitizer]: Info in <TGeoNavigator::BuildCache>: --- Maximum geometry depth set to 100
[2102:ITSDigitizer]: Info in <TGeoManager::CloseGeometry>: Voxelization retrieved from file
[2102:ITSDigitizer]: Info in <TGeoManager::CountLevels>: max level = 9, max placements = 126
[2102:ITSDigitizer]: Info in <TGeoManager::CloseGeometry>: 179840 nodes/ 399 volume UID's in FAIR geometry
[2102:ITSDigitizer]: Info in <TGeoManager::CloseGeometry>: ----------------modeler ready----------------
[2102:ITSDigitizer]: [18:27:13][INFO] Initializing field service
[2102:ITSDigitizer]: [18:27:13][INFO] MagneticField::Print: MagneticFieldMap:
[2102:ITSDigitizer]: [18:27:13][INFO] MagneticField::Print: Solenoid (-1*)5 kG, Dipole ON (-1) 
[2102:ITSDigitizer]: [18:27:13][INFO] MagneticField::Print: Machine B fields for p-p  beam (7000 GeV): QGrad: 22.0002 Dipole: 37.8781
[2102:ITSDigitizer]: [18:27:13][INFO] MagneticField::Print: Uses Sol30_Dip6_Hole  of /cvmfs/alice.cern.ch/el7-x86_64/Packages/O2/nightly-20210129-1/share/Common/maps/mfchebKGI_sym.root
[2102:ITSDigitizer]: Info in <TGeoGlobalMagField::SetField>: Global magnetic field set to <MagneticFieldMap>
[2102:ITSDigitizer]: Info in <TGeoGlobalMagField::Lock>: Global magnetic field <MagneticFieldMap> is now locked
[2102:ITSDigitizer]: [18:27:13][INFO] Set Alpide charge threshold to 150, single hit will be accounted from 15 electrons
[2102:ITSDigitizer]: [18:27:13][INFO] ITS simulated in CONTINUOUS RO mode
[2101:SimReader]: [18:27:13][INFO] Automatic deduction of number of collisions ... will just take number of background entries 10
[2101:SimReader]: Summary of DigitizationContext --
[2101:SimReader]: Parts per collision 1
[2101:SimReader]: Collision parts taken from simulations specified by prefix:
[2101:SimReader]: Number of Collisions 10
[2101:SimReader]: Collision 0 TIME BCid: 1162 Orbit:      1 |T in BC(ns): -0.014 (0 , 0)
[2101:SimReader]: Collision 1 TIME BCid: 1540 Orbit:      1 |T in BC(ns): 0.250 (0 , 1)
[2101:SimReader]: Collision 2 TIME BCid: 1618 Orbit:      1 |T in BC(ns): 0.169 (0 , 2)
[2101:SimReader]: Collision 3 TIME BCid:  268 Orbit:      2 |T in BC(ns): -0.117 (0 , 3)
[2101:SimReader]: Collision 4 TIME BCid:  614 Orbit:      2 |T in BC(ns): 0.353 (0 , 4)
[2101:SimReader]: Collision 5 TIME BCid:  772 Orbit:      2 |T in BC(ns): 0.390 (0 , 5)
[2101:SimReader]: Collision 6 TIME BCid:  210 Orbit:      3 |T in BC(ns): -0.278 (0 , 6)
[2101:SimReader]: Collision 7 TIME BCid:  582 Orbit:      3 |T in BC(ns): 0.386 (0 , 7)
[2101:SimReader]: Collision 8 TIME BCid: 1972 Orbit:      3 |T in BC(ns): 0.165 (0 , 8)
[2101:SimReader]: Collision 9 TIME BCid: 2126 Orbit:      3 |T in BC(ns): -0.268 (0 , 9)
[2101:SimReader]: [18:27:13][INFO] Initializing Spec ... have 10 times 
[2101:SimReader]: [18:27:13][INFO] Serializing Context for later reuse
[2102:ITSDigitizer]: [18:27:13][INFO] Loading ITS L2G matrices from TGeo
[2101:SimReader]: [18:27:14][STATE] INITIALIZING DEVICE ---> INITIALIZED
[2101:SimReader]: [18:27:14][STATE] INITIALIZED ---> BINDING
[2101:SimReader]: [18:27:14][STATE] BINDING ---> BOUND
[2101:SimReader]: [18:27:14][STATE] BOUND ---> CONNECTING
[2101:SimReader]: [18:27:14][STATE] CONNECTING ---> DEVICE READY
[2101:SimReader]: [18:27:14][STATE] DEVICE READY ---> INITIALIZING TASK
[2101:SimReader]: [18:27:14][STATE] INITIALIZING TASK ---> READY
[2101:SimReader]: [18:27:14][STATE] READY ---> RUNNING
[2101:SimReader]: [18:27:14][INFO] DEVICE: Running...
[2101:SimReader]: [18:27:14][INFO] SENDING SOMETHING TO OTHERS
[2102:ITSDigitizer]: Alpide response object of 40500 matrices to map chagre in xyz to 5x5 pixels
[2102:ITSDigitizer]: X(col) range: +0.000000e+00 : +1.462000e-03 | step: 5.000000e-05 | Nbins: 30
[2102:ITSDigitizer]: Y(row) range: +0.000000e+00 : +1.344000e-03 | step: 5.000000e-05 | Nbins: 27
[2102:ITSDigitizer]: Z(dpt) range: -2.000000e-03 : +2.500000e-03 | step: 8.999999e-05 | Nbins: 50
[2102:ITSDigitizer]: Alpide digitization params:
[2102:ITSDigitizer]: Continuous readout             : ON
[2102:ITSDigitizer]: Readout Frame Length(ns)       : 9880.510742
[2102:ITSDigitizer]: Strobe delay (ns)              : 99.803139
[2102:ITSDigitizer]: Strobe length (ns)             : 9780.708008
[2102:ITSDigitizer]: Threshold (N electrons)        : 150
[2102:ITSDigitizer]: Min N electrons to accoint     : 15
[2102:ITSDigitizer]: Number of charge sharing steps : 7
[2102:ITSDigitizer]: ELoss to N electrons factor    : 2.777778e+08
[2102:ITSDigitizer]: Noise level per pixel          : 1.000000e-07
[2102:ITSDigitizer]: Charge time-response:
[2102:ITSDigitizer]: o2::itsmft::AlpideSignalTrapezoid | Duration: 7500.0 MaxRiseTime: 1100.0 (RiseTime=0 at q=450.0) (ns)
[2102:ITSDigitizer]: [18:27:15][STATE] INITIALIZING DEVICE ---> INITIALIZED
[2102:ITSDigitizer]: [18:27:15][STATE] INITIALIZED ---> BINDING
[2102:ITSDigitizer]: [18:27:15][STATE] BINDING ---> BOUND
[2102:ITSDigitizer]: [18:27:15][STATE] BOUND ---> CONNECTING
[2102:ITSDigitizer]: [18:27:15][STATE] CONNECTING ---> DEVICE READY
[2102:ITSDigitizer]: [18:27:15][STATE] DEVICE READY ---> INITIALIZING TASK
[2102:ITSDigitizer]: [18:27:15][STATE] INITIALIZING TASK ---> READY
[2102:ITSDigitizer]: [18:27:15][STATE] READY ---> RUNNING
[2102:ITSDigitizer]: [18:27:15][INFO] DEVICE: Running...
[2102:ITSDigitizer]: [18:27:15][INFO] GOT 10 COLLISSION TIMES
[2102:ITSDigitizer]: [18:27:15][INFO] SIMCHAINS 1
[2102:ITSDigitizer]: [18:27:15][INFO]  CALLING ITS DIGITIZATION 
[2102:ITSDigitizer]: [18:27:16][INFO] Digitizing ITS hits of entry 0 from source 0 at time BCid: 1162 Orbit:      1 |T in BC(ns): -0.014 ROFrame= 11) cont.mode: 1 Min/Max ROFrames 0/10
[2102:ITSDigitizer]: [18:27:16][INFO] Filling ITS digits output for RO frames 0:10
[2102:ITSDigitizer]: ROF: 0 | 1283 entries starting from 0
[2102:ITSDigitizer]: BCid:    0 Orbit:      0
[2102:ITSDigitizer]: ROF: 1 | 1267 entries starting from 1283
[2102:ITSDigitizer]: BCid:  396 Orbit:      0
[2102:ITSDigitizer]: ROF: 2 | 1323 entries starting from 2550
[2102:ITSDigitizer]: BCid:  792 Orbit:      0
[2102:ITSDigitizer]: ROF: 3 | 1229 entries starting from 3873
[2102:ITSDigitizer]: BCid: 1188 Orbit:      0
[2102:ITSDigitizer]: ROF: 4 | 1245 entries starting from 5102
[2102:ITSDigitizer]: BCid: 1584 Orbit:      0
[2102:ITSDigitizer]: ROF: 5 | 1248 entries starting from 6347
[2102:ITSDigitizer]: BCid: 1980 Orbit:      0
[2102:ITSDigitizer]: ROF: 6 | 1259 entries starting from 7595
[2102:ITSDigitizer]: BCid: 2376 Orbit:      0
[2102:ITSDigitizer]: ROF: 7 | 1258 entries starting from 8854
[2102:ITSDigitizer]: BCid: 2772 Orbit:      0
[2102:ITSDigitizer]: ROF: 8 | 1247 entries starting from 10112
[2102:ITSDigitizer]: BCid: 3168 Orbit:      0
[2102:ITSDigitizer]: ROF: 9 | 1249 entries starting from 11359
[2102:ITSDigitizer]: BCid:    0 Orbit:      1
[2102:ITSDigitizer]: ROF: 10 | 1258 entries starting from 12608
[2102:ITSDigitizer]: BCid:  396 Orbit:      1
[2102:ITSDigitizer]: [18:27:16][INFO] Added 13866 digits 
[2102:ITSDigitizer]: [18:27:16][INFO] Digitizing ITS hits of entry 1 from source 0 at time BCid: 1540 Orbit:      1 |T in BC(ns): 0.250 ROFrame= 12) cont.mode: 1 Min/Max ROFrames 11/13
[2102:ITSDigitizer]: [18:27:16][INFO] Filling ITS digits output for RO frames 11:11
[2102:ITSDigitizer]: ROF: 11 | 108474 entries starting from 13866
[2102:ITSDigitizer]: BCid:  792 Orbit:      1
[2102:ITSDigitizer]: MCEventID: 0 ROFs: 11-13 Entry in ROFRecords: 11
[2102:ITSDigitizer]: [18:27:16][INFO] Added 108474 digits 
[2102:ITSDigitizer]: [18:27:16][INFO] Digitizing ITS hits of entry 2 from source 0 at time BCid: 1618 Orbit:      1 |T in BC(ns): 0.169 ROFrame= 13) cont.mode: 1 Min/Max ROFrames 12/14
[2102:ITSDigitizer]: [18:27:16][INFO] Filling ITS digits output for RO frames 12:12
[2102:ITSDigitizer]: ROF: 12 | 189981 entries starting from 122340
[2102:ITSDigitizer]: BCid: 1188 Orbit:      1
[2102:ITSDigitizer]: MCEventID: 1 ROFs: 12-14 Entry in ROFRecords: 12
[2102:ITSDigitizer]: [18:27:16][INFO] Added 189981 digits 
[2102:ITSDigitizer]: [18:27:16][INFO] Digitizing ITS hits of entry 3 from source 0 at time BCid:  268 Orbit:      2 |T in BC(ns): -0.117 ROFrame= 18) cont.mode: 1 Min/Max ROFrames 13/17
[2102:ITSDigitizer]: [18:27:16][INFO] Filling ITS digits output for RO frames 13:17
[2102:ITSDigitizer]: ROF: 13 | 80560 entries starting from 312321
[2102:ITSDigitizer]: BCid: 1584 Orbit:      1
[2102:ITSDigitizer]: MCEventID: 2 ROFs: 13-13 Entry in ROFRecords: 13
[2102:ITSDigitizer]: ROF: 14 | 1370 entries starting from 392881
[2102:ITSDigitizer]: BCid: 1980 Orbit:      1
[2102:ITSDigitizer]: ROF: 15 | 1260 entries starting from 394251
[2102:ITSDigitizer]: BCid: 2376 Orbit:      1
[2102:ITSDigitizer]: ROF: 16 | 1242 entries starting from 395511
[2102:ITSDigitizer]: BCid: 2772 Orbit:      1
[2102:ITSDigitizer]: ROF: 17 | 1235 entries starting from 396753
[2102:ITSDigitizer]: BCid: 3168 Orbit:      1
[2102:ITSDigitizer]: [18:27:16][INFO] Added 85667 digits 
[2102:ITSDigitizer]: [18:27:16][INFO] Digitizing ITS hits of entry 4 from source 0 at time BCid:  614 Orbit:      2 |T in BC(ns): 0.353 ROFrame= 19) cont.mode: 1 Min/Max ROFrames 18/19
[2102:ITSDigitizer]: [18:27:16][INFO] Filling ITS digits output for RO frames 18:18
[2102:ITSDigitizer]: ROF: 18 | 1828 entries starting from 397988
[2102:ITSDigitizer]: BCid:    0 Orbit:      2
[2102:ITSDigitizer]: MCEventID: 3 ROFs: 18-19 Entry in ROFRecords: 18
[2102:ITSDigitizer]: [18:27:17][INFO] Added 1828 digits 
[2102:ITSDigitizer]: [18:27:17][INFO] Digitizing ITS hits of entry 5 from source 0 at time BCid:  772 Orbit:      2 |T in BC(ns): 0.390 ROFrame= 19) cont.mode: 1 Min/Max ROFrames 19/20
[2102:ITSDigitizer]: [18:27:17][INFO] Digitizing ITS hits of entry 6 from source 0 at time BCid:  210 Orbit:      3 |T in BC(ns): -0.278 ROFrame= 27) cont.mode: 1 Min/Max ROFrames 19/26
[2102:ITSDigitizer]: [18:27:17][INFO] Filling ITS digits output for RO frames 19:26
[2102:ITSDigitizer]: ROF: 19 | 84235 entries starting from 399816
[2102:ITSDigitizer]: BCid:  396 Orbit:      2
[2102:ITSDigitizer]: MCEventID: 4 ROFs: 19-20 Entry in ROFRecords: 19
[2102:ITSDigitizer]: MCEventID: 5 ROFs: 19-21 Entry in ROFRecords: 19
[2102:ITSDigitizer]: ROF: 20 | 86928 entries starting from 484051
[2102:ITSDigitizer]: BCid:  792 Orbit:      2
[2102:ITSDigitizer]: ROF: 21 | 1276 entries starting from 570979
[2102:ITSDigitizer]: BCid: 1188 Orbit:      2
[2102:ITSDigitizer]: ROF: 22 | 1287 entries starting from 572255
[2102:ITSDigitizer]: BCid: 1584 Orbit:      2
[2102:ITSDigitizer]: ROF: 23 | 1290 entries starting from 573542
[2102:ITSDigitizer]: BCid: 1980 Orbit:      2
[2102:ITSDigitizer]: ROF: 24 | 1311 entries starting from 574832
[2102:ITSDigitizer]: BCid: 2376 Orbit:      2
[2102:ITSDigitizer]: ROF: 25 | 1265 entries starting from 576143
[2102:ITSDigitizer]: BCid: 2772 Orbit:      2
[2102:ITSDigitizer]: ROF: 26 | 1313 entries starting from 577408
[2102:ITSDigitizer]: BCid: 3168 Orbit:      2
[2102:ITSDigitizer]: [18:27:17][INFO] Added 178905 digits 
[2102:ITSDigitizer]: [18:27:17][INFO] Digitizing ITS hits of entry 7 from source 0 at time BCid:  582 Orbit:      3 |T in BC(ns): 0.386 ROFrame= 28) cont.mode: 1 Min/Max ROFrames 27/28
[2102:ITSDigitizer]: [18:27:17][INFO] Filling ITS digits output for RO frames 27:27
[2102:ITSDigitizer]: ROF: 27 | 147942 entries starting from 578721
[2102:ITSDigitizer]: BCid:    0 Orbit:      3
[2102:ITSDigitizer]: MCEventID: 6 ROFs: 27-28 Entry in ROFRecords: 27
[2102:ITSDigitizer]: [18:27:17][INFO] Added 147942 digits 
[2102:ITSDigitizer]: [18:27:17][INFO] Digitizing ITS hits of entry 8 from source 0 at time BCid: 1972 Orbit:      3 |T in BC(ns): 0.165 ROFrame= 31) cont.mode: 1 Min/Max ROFrames 28/30
[2102:ITSDigitizer]: [18:27:17][INFO] Filling ITS digits output for RO frames 28:30
[2102:ITSDigitizer]: ROF: 28 | 164169 entries starting from 726663
[2102:ITSDigitizer]: BCid:  396 Orbit:      3
[2102:ITSDigitizer]: MCEventID: 7 ROFs: 28-29 Entry in ROFRecords: 28
[2102:ITSDigitizer]: ROF: 29 | 17611 entries starting from 890832
[2102:ITSDigitizer]: BCid:  792 Orbit:      3
[2102:ITSDigitizer]: ROF: 30 | 1234 entries starting from 908443
[2102:ITSDigitizer]: BCid: 1188 Orbit:      3
[2102:ITSDigitizer]: [18:27:18][INFO] Added 183014 digits 
[2102:ITSDigitizer]: [18:27:18][INFO] Digitizing ITS hits of entry 9 from source 0 at time BCid: 2126 Orbit:      3 |T in BC(ns): -0.268 ROFrame= 32) cont.mode: 1 Min/Max ROFrames 31/33
[2102:ITSDigitizer]: [18:27:18][INFO] Filling ITS digits output for RO frames 31:31
[2102:ITSDigitizer]: ROF: 31 | 130408 entries starting from 909677
[2102:ITSDigitizer]: BCid: 1584 Orbit:      3
[2102:ITSDigitizer]: MCEventID: 8 ROFs: 31-33 Entry in ROFRecords: 31
[2102:ITSDigitizer]: [18:27:19][INFO] Added 130408 digits 
[2102:ITSDigitizer]: [18:27:19][INFO] Filling ITS digits output for RO frames 32:34
[2102:ITSDigitizer]: ROF: 32 | 457786 entries starting from 1040085
[2102:ITSDigitizer]: BCid: 1980 Orbit:      3
[2102:ITSDigitizer]: MCEventID: 9 ROFs: 32-34 Entry in ROFRecords: 32
[2102:ITSDigitizer]: ROF: 33 | 290134 entries starting from 1497871
[2102:ITSDigitizer]: BCid: 2376 Orbit:      3
[2102:ITSDigitizer]: ROF: 34 | 1246 entries starting from 1788005
[2102:ITSDigitizer]: BCid: 2772 Orbit:      3
[2102:ITSDigitizer]: [18:27:19][INFO] Added 749166 digits 
[2102:ITSDigitizer]: [18:27:20][INFO] ITS: Sending ROMode= 3 to GRPUpdater
[2102:ITSDigitizer]: [18:27:20][INFO] Digitization took 4.21s
[2104:ITSDigitWriter]: [18:27:20][INFO] WRITING 1799351 LABELS 
[2103:GRPUpdater]: [18:27:20][INFO] Updated GRP in o2sim_grp.root for detectors RO mode
[2103:GRPUpdater]: Run: 1621527750
[2103:GRPUpdater]: Fill:      0
[2103:GRPUpdater]: Period: 
[2103:GRPUpdater]: LHC State: 
[2103:GRPUpdater]: Start: Thu May 20 18:22:32 2021
[2103:GRPUpdater]: End  : Thu May 20 18:22:33 2021
[2103:GRPUpdater]: Beam0: Z:A =   0:  0, Energy = 0.000
[2103:GRPUpdater]: Beam1: Z:A =   0:  0, Energy = 0.000
[2103:GRPUpdater]: sqrt[s]    = 0.000
[2103:GRPUpdater]: crossing angle (radian) = 0.000000e+00
[2103:GRPUpdater]: magnet currents (A) L3 = -30000.000, Dipole = -6000
[2103:GRPUpdater]: Detectors: Cont.RO Triggers
[2103:GRPUpdater]:       ITS:    +       -    
[2104:ITSDigitWriter]: [18:27:20][INFO] RECEIVED DIGITS SIZE 1789251
[INFO] Quitting
[INFO] QUIT_REQUESTED
[2103:GRPUpdater]: [18:27:21][INFO] Received device shutdown request (signal 15).
[2103:GRPUpdater]: [18:27:21][INFO] Waiting for graceful device shutdown. Hit Ctrl-C again to abort immediately.
[2102:ITSDigitizer]: [18:27:21][INFO] Received device shutdown request (signal 15).
[2101:SimReader]: [18:27:21][INFO] Received device shutdown request (signal 15).
[2101:SimReader]: [18:27:21][INFO] Waiting for graceful device shutdown. Hit Ctrl-C again to abort immediately.
[2102:ITSDigitizer]: [18:27:21][INFO] Waiting for graceful device shutdown. Hit Ctrl-C again to abort immediately.
[2100:internal-dpl-clock]: [18:27:21][INFO] Received device shutdown request (signal 15).
[2100:internal-dpl-clock]: [18:27:21][INFO] Waiting for graceful device shutdown. Hit Ctrl-C again to abort immediately.
[2101:SimReader]: [18:27:21][STATE] RUNNING ---> READY
[2101:SimReader]: [18:27:21][STATE] READY ---> RESETTING TASK
[2101:SimReader]: [18:27:21][STATE] RESETTING TASK ---> DEVICE READY
[2101:SimReader]: [18:27:21][STATE] DEVICE READY ---> RESETTING DEVICE
[2101:SimReader]: [18:27:21][STATE] RESETTING DEVICE ---> IDLE
[2101:SimReader]: [18:27:21][STATE] IDLE ---> EXITING
[2101:SimReader]: [18:27:21][STATE] Exiting FairMQ state machine
[2104:ITSDigitWriter]: [18:27:21][INFO] Received device shutdown request (signal 15).
[2104:ITSDigitWriter]: [18:27:21][INFO] Waiting for graceful device shutdown. Hit Ctrl-C again to abort immediately.
[2103:GRPUpdater]: [18:27:21][STATE] RUNNING ---> READY
[2103:GRPUpdater]: [18:27:21][STATE] READY ---> RESETTING TASK
[2103:GRPUpdater]: [18:27:21][STATE] RESETTING TASK ---> DEVICE READY
[2103:GRPUpdater]: [18:27:21][STATE] DEVICE READY ---> RESETTING DEVICE
[2102:ITSDigitizer]: [18:27:21][STATE] RUNNING ---> READY
[2100:internal-dpl-clock]: [18:27:21][STATE] RUNNING ---> READY
[2100:internal-dpl-clock]: [18:27:21][STATE] READY ---> RESETTING TASK
[2102:ITSDigitizer]: [18:27:21][STATE] READY ---> RESETTING TASK
[2102:ITSDigitizer]: [18:27:21][STATE] RESETTING TASK ---> DEVICE READY
[2100:internal-dpl-clock]: [18:27:21][STATE] RESETTING TASK ---> DEVICE READY
[2100:internal-dpl-clock]: [18:27:21][STATE] DEVICE READY ---> RESETTING DEVICE
[2102:ITSDigitizer]: [18:27:21][STATE] DEVICE READY ---> RESETTING DEVICE
[2103:GRPUpdater]: [18:27:21][STATE] RESETTING DEVICE ---> IDLE
[2103:GRPUpdater]: [18:27:21][STATE] IDLE ---> EXITING
[2103:GRPUpdater]: [18:27:21][STATE] Exiting FairMQ state machine
[2102:ITSDigitizer]: [18:27:21][STATE] RESETTING DEVICE ---> IDLE
[2102:ITSDigitizer]: [18:27:21][STATE] IDLE ---> EXITING
[2100:internal-dpl-clock]: [18:27:21][STATE] RESETTING DEVICE ---> IDLE
[2100:internal-dpl-clock]: [18:27:21][STATE] IDLE ---> EXITING
[2100:internal-dpl-clock]: [18:27:21][STATE] Exiting FairMQ state machine
[2102:ITSDigitizer]: [18:27:21][STATE] Exiting FairMQ state machine
[2104:ITSDigitWriter]: [18:27:23][STATE] RUNNING ---> READY
[2104:ITSDigitWriter]: [18:27:23][STATE] READY ---> RESETTING TASK
[2104:ITSDigitWriter]: [18:27:23][STATE] RESETTING TASK ---> DEVICE READY
[2104:ITSDigitWriter]: [18:27:23][STATE] DEVICE READY ---> RESETTING DEVICE
[2104:ITSDigitWriter]: Cleaning up for shared memory id 'ca2969e8'...
[2104:ITSDigitWriter]: No region counter found. No regions to cleanup.
[2104:ITSDigitWriter]: Successfully removed 'fmq_ca2969e8_m_0'.
[2104:ITSDigitWriter]: Successfully removed 'fmq_ca2969e8_mng'.
[2104:ITSDigitWriter]: Successfully removed 'fmq_ca2969e8_mtx'.
[2104:ITSDigitWriter]: Successfully removed 'fmq_ca2969e8_cv'.
[2104:ITSDigitWriter]: [18:27:23][STATE] RESETTING DEVICE ---> IDLE
[2104:ITSDigitWriter]: [18:27:23][STATE] IDLE ---> EXITING
[2104:ITSDigitWriter]: [18:27:23][STATE] Exiting FairMQ state machine
[INFO] Dumping used configuration in dpl-config.json

==============================================================================================
3. Tracking
[INFO] Initialising O2 Data Processing Layer
[INFO] O2 Data Processing Layer initialised. We brake for nobody.
[INFO] Optimised build. O2DEBUG / LOG(DEBUG) / LOGF(DEBUG) / assert statement will not be shown.
[INFO] Redeployment of configuration asked.
[INFO] Starting internal-dpl-clock on pid 3183
[INFO] Starting its-digit-reader on pid 3184
[INFO] Starting its-clusterer on pid 3185
[INFO] Starting its-cluster-writer on pid 3186
[INFO] Starting its-tracker on pid 3187
[INFO] Starting its-track-writer on pid 3188
[INFO] Redeployment of configuration done.
[3188:its-track-writer]: [INFO] Spawing new device its-track-writer in process with pid 3188
[3183:internal-dpl-clock]: [INFO] Spawing new device internal-dpl-clock in process with pid 3183
[3183:internal-dpl-clock]: [18:29:45][INFO] 
[3183:internal-dpl-clock]:       ______      _    _______  _________ 
[3183:internal-dpl-clock]:      / ____/___ _(_)_______   |/  /_  __ \    version 1.4.29
[3183:internal-dpl-clock]:     / /_  / __ `/ / ___/__  /|_/ /_  / / /    build RELWITHDEBINFO
[3183:internal-dpl-clock]:    / __/ / /_/ / / /    _  /  / / / /_/ /     https://github.com/FairRootGroup/FairMQ
[3183:internal-dpl-clock]:   /_/    \__,_/_/_/     /_/  /_/  \___\_\     LGPL-3.0  © 2012-2020 GSI
[3183:internal-dpl-clock]: 
[3183:internal-dpl-clock]: [18:29:45][STATE] Starting FairMQ state machine --> IDLE
[3188:its-track-writer]: [18:29:45][INFO] 
[3188:its-track-writer]:       ______      _    _______  _________ 
[3188:its-track-writer]:      / ____/___ _(_)_______   |/  /_  __ \    version 1.4.29
[3188:its-track-writer]:     / /_  / __ `/ / ___/__  /|_/ /_  / / /    build RELWITHDEBINFO
[3188:its-track-writer]:    / __/ / /_/ / / /    _  /  / / / /_/ /     https://github.com/FairRootGroup/FairMQ
[3188:its-track-writer]:   /_/    \__,_/_/_/     /_/  /_/  \___\_\     LGPL-3.0  © 2012-2020 GSI
[3188:its-track-writer]: 
[3188:its-track-writer]: [18:29:45][STATE] Starting FairMQ state machine --> IDLE
[3183:internal-dpl-clock]: 2021-05-20 18:29:45	Monitoring	[0;49mStdOut backend initialized[0m
[3188:its-track-writer]: 2021-05-20 18:29:45	Monitoring	[0;49mStdOut backend initialized[0m
[3183:internal-dpl-clock]: [18:29:45][STATE] IDLE ---> INITIALIZING DEVICE
[3187:its-tracker]: [INFO] Spawing new device its-tracker in process with pid 3187
[3183:internal-dpl-clock]: 2021-05-20 18:29:45	Monitoring	[0;49mBuffering enabled (100)[0m
[3183:internal-dpl-clock]: [18:29:45][STATE] INITIALIZING DEVICE ---> INITIALIZED
[3183:internal-dpl-clock]: [18:29:45][STATE] INITIALIZED ---> BINDING
[3183:internal-dpl-clock]: [18:29:45][STATE] BINDING ---> BOUND
[3183:internal-dpl-clock]: [18:29:45][STATE] BOUND ---> CONNECTING
[3183:internal-dpl-clock]: [18:29:45][STATE] CONNECTING ---> DEVICE READY
[3183:internal-dpl-clock]: [18:29:45][STATE] DEVICE READY ---> INITIALIZING TASK
[3183:internal-dpl-clock]: [18:29:45][STATE] INITIALIZING TASK ---> READY
[3183:internal-dpl-clock]: [18:29:45][STATE] READY ---> RUNNING
[3183:internal-dpl-clock]: [18:29:45][INFO] DEVICE: Running...
[3185:its-clusterer]: [INFO] Spawing new device its-clusterer in process with pid 3185
[3185:its-clusterer]: [18:29:45][INFO] 
[3185:its-clusterer]:       ______      _    _______  _________ 
[3185:its-clusterer]:      / ____/___ _(_)_______   |/  /_  __ \    version 1.4.29
[3185:its-clusterer]:     / /_  / __ `/ / ___/__  /|_/ /_  / / /    build RELWITHDEBINFO
[3185:its-clusterer]:    / __/ / /_/ / / /    _  /  / / / /_/ /     https://github.com/FairRootGroup/FairMQ
[3185:its-clusterer]:   /_/    \__,_/_/_/     /_/  /_/  \___\_\     LGPL-3.0  © 2012-2020 GSI
[3185:its-clusterer]: 
[3185:its-clusterer]: [18:29:45][STATE] Starting FairMQ state machine --> IDLE
[3185:its-clusterer]: 2021-05-20 18:29:45	Monitoring	[0;49mStdOut backend initialized[0m
[3185:its-clusterer]: [18:29:45][STATE] IDLE ---> INITIALIZING DEVICE
[3186:its-cluster-writer]: [INFO] Spawing new device its-cluster-writer in process with pid 3186
[3186:its-cluster-writer]: [18:29:45][INFO] 
[3186:its-cluster-writer]:       ______      _    _______  _________ 
[3186:its-cluster-writer]:      / ____/___ _(_)_______   |/  /_  __ \    version 1.4.29
[3186:its-cluster-writer]:     / /_  / __ `/ / ___/__  /|_/ /_  / / /    build RELWITHDEBINFO
[3186:its-cluster-writer]:    / __/ / /_/ / / /    _  /  / / / /_/ /     https://github.com/FairRootGroup/FairMQ
[3186:its-cluster-writer]:   /_/    \__,_/_/_/     /_/  /_/  \___\_\     LGPL-3.0  © 2012-2020 GSI
[3186:its-cluster-writer]: 
[3186:its-cluster-writer]: [18:29:45][STATE] Starting FairMQ state machine --> IDLE
[3186:its-cluster-writer]: 2021-05-20 18:29:45	Monitoring	[0;49mStdOut backend initialized[0m
[3186:its-cluster-writer]: [18:29:45][STATE] IDLE ---> INITIALIZING DEVICE
[3187:its-tracker]: [18:29:45][INFO] 
[3187:its-tracker]:       ______      _    _______  _________ 
[3187:its-tracker]:      / ____/___ _(_)_______   |/  /_  __ \    version 1.4.29
[3187:its-tracker]:     / /_  / __ `/ / ___/__  /|_/ /_  / / /    build RELWITHDEBINFO
[3187:its-tracker]:    / __/ / /_/ / / /    _  /  / / / /_/ /     https://github.com/FairRootGroup/FairMQ
[3187:its-tracker]:   /_/    \__,_/_/_/     /_/  /_/  \___\_\     LGPL-3.0  © 2012-2020 GSI
[3187:its-tracker]: 
[3187:its-tracker]: [18:29:45][STATE] Starting FairMQ state machine --> IDLE
[3187:its-tracker]: 2021-05-20 18:29:45	Monitoring	[0;49mStdOut backend initialized[0m
[3187:its-tracker]: [18:29:45][STATE] IDLE ---> INITIALIZING DEVICE
[3188:its-track-writer]: [18:29:45][STATE] IDLE ---> INITIALIZING DEVICE
[3184:its-digit-reader]: [INFO] Spawing new device its-digit-reader in process with pid 3184
[3184:its-digit-reader]: [18:29:45][INFO] 
[3184:its-digit-reader]:       ______      _    _______  _________ 
[3184:its-digit-reader]:      / ____/___ _(_)_______   |/  /_  __ \    version 1.4.29
[3184:its-digit-reader]:     / /_  / __ `/ / ___/__  /|_/ /_  / / /    build RELWITHDEBINFO
[3184:its-digit-reader]:    / __/ / /_/ / / /    _  /  / / / /_/ /     https://github.com/FairRootGroup/FairMQ
[3184:its-digit-reader]:   /_/    \__,_/_/_/     /_/  /_/  \___\_\     LGPL-3.0  © 2012-2020 GSI
[3184:its-digit-reader]: 
[3184:its-digit-reader]: [18:29:45][STATE] Starting FairMQ state machine --> IDLE
[3184:its-digit-reader]: 2021-05-20 18:29:45	Monitoring	[0;49mStdOut backend initialized[0m
[3184:its-digit-reader]: [18:29:45][STATE] IDLE ---> INITIALIZING DEVICE
[3184:its-digit-reader]: 2021-05-20 18:29:45	Monitoring	[0;49mBuffering enabled (100)[0m
[3185:its-clusterer]: 2021-05-20 18:29:45	Monitoring	[0;49mBuffering enabled (100)[0m
[3187:its-tracker]: 2021-05-20 18:29:45	Monitoring	[0;49mBuffering enabled (100)[0m
[3187:its-tracker]: [18:29:45][INFO] Created GPUReconstruction instance for device type CPU (1) 
[3185:its-clusterer]: [18:29:45][INFO] Dictionary ITSdictionary.bin is absent, ITSClusterer expects cluster patterns
[3185:its-clusterer]: [18:29:45][INFO] Clusterizer masks overflow pixels separated by < 406 BC and <= 0 in row/col
[3185:its-clusterer]: [18:29:45][INFO] Inclusive clusterization timing (w/o disk IO): Cpu: 0 Real: 0 s in 1 slots
[3185:its-clusterer]: [18:29:45][INFO] Threads output merging timing                : Cpu: 0 Real: 0 s in 1 slots
[3185:its-clusterer]: [18:29:45][STATE] INITIALIZING DEVICE ---> INITIALIZED
[3185:its-clusterer]: [18:29:45][STATE] INITIALIZED ---> BINDING
[3185:its-clusterer]: [18:29:45][STATE] BINDING ---> BOUND
[3185:its-clusterer]: [18:29:45][STATE] BOUND ---> CONNECTING
[3185:its-clusterer]: [18:29:45][STATE] CONNECTING ---> DEVICE READY
[3185:its-clusterer]: [18:29:45][STATE] DEVICE READY ---> INITIALIZING TASK
[3185:its-clusterer]: [18:29:45][STATE] INITIALIZING TASK ---> READY
[3185:its-clusterer]: [18:29:45][STATE] READY ---> RUNNING
[3185:its-clusterer]: [18:29:45][INFO] DEVICE: Running...
[3184:its-digit-reader]: [18:29:45][STATE] INITIALIZING DEVICE ---> INITIALIZED
[3184:its-digit-reader]: [18:29:45][STATE] INITIALIZED ---> BINDING
[3184:its-digit-reader]: [18:29:45][STATE] BINDING ---> BOUND
[3184:its-digit-reader]: [18:29:45][STATE] BOUND ---> CONNECTING
[3184:its-digit-reader]: [18:29:45][STATE] CONNECTING ---> DEVICE READY
[3184:its-digit-reader]: [18:29:45][STATE] DEVICE READY ---> INITIALIZING TASK
[3184:its-digit-reader]: [18:29:45][STATE] INITIALIZING TASK ---> READY
[3184:its-digit-reader]: [18:29:45][STATE] READY ---> RUNNING
[3184:its-digit-reader]: [18:29:45][INFO] DEVICE: Running...
[3188:its-track-writer]: 2021-05-20 18:29:45	Monitoring	[0;49mBuffering enabled (100)[0m
[3188:its-track-writer]: [18:29:45][INFO] 0: branch  ITSTrack set up
[3188:its-track-writer]: [18:29:45][INFO] 1: branch  ITSTrackClusIdx set up
[3188:its-track-writer]: [18:29:45][INFO] 2: branch  Vertices set up
[3188:its-track-writer]: [18:29:45][INFO] 3: branch  VerticesROF set up
[3188:its-track-writer]: [18:29:45][INFO] 4: branch  ITSTracksROF set up
[3188:its-track-writer]: [18:29:45][INFO] 5: branch  ITSTrackMCTruth set up
[3188:its-track-writer]: [18:29:45][INFO] 6: branch  ITSTracksMC2ROF set up
[3188:its-track-writer]: [18:29:45][STATE] INITIALIZING DEVICE ---> INITIALIZED
[3188:its-track-writer]: [18:29:45][STATE] INITIALIZED ---> BINDING
[3188:its-track-writer]: [18:29:45][STATE] BINDING ---> BOUND
[3188:its-track-writer]: [18:29:45][STATE] BOUND ---> CONNECTING
[3188:its-track-writer]: [18:29:45][STATE] CONNECTING ---> DEVICE READY
[3188:its-track-writer]: [18:29:45][STATE] DEVICE READY ---> INITIALIZING TASK
[3188:its-track-writer]: [18:29:45][STATE] INITIALIZING TASK ---> READY
[3188:its-track-writer]: [18:29:45][STATE] READY ---> RUNNING
[3188:its-track-writer]: [18:29:45][INFO] DEVICE: Running...
[3187:its-tracker]: [18:29:45][INFO] MagneticField::Print: MagneticFieldMap:
[3187:its-tracker]: [18:29:45][INFO] MagneticField::Print: Solenoid (-1*)5 kG, Dipole ON (-1) 
[3187:its-tracker]: [18:29:45][INFO] MagneticField::Print: Machine B fields for p-p  beam (7000 GeV): QGrad: 22.0002 Dipole: 37.8781
[3187:its-tracker]: [18:29:45][INFO] MagneticField::Print: Uses Sol30_Dip6_Hole  of /cvmfs/alice.cern.ch/el7-x86_64/Packages/O2/nightly-20210129-1/share/Common/maps/mfchebKGI_sym.root
[3187:its-tracker]: [18:29:45][INFO] Loading geometry FAIRGeom from o2sim_geometry.root
[3187:its-tracker]: Info in <TGeoGlobalMagField::SetField>: Global magnetic field set to <MagneticFieldMap>
[3187:its-tracker]: Info in <TGeoGlobalMagField::Lock>: Global magnetic field <MagneticFieldMap> is now locked
[3186:its-cluster-writer]: 2021-05-20 18:29:45	Monitoring	[0;49mBuffering enabled (100)[0m
[3186:its-cluster-writer]: [18:29:45][INFO] 0: branch  ITSClusterComp set up
[3186:its-cluster-writer]: [18:29:45][INFO] 1: branch  ITSClusterPatt set up
[3186:its-cluster-writer]: [18:29:45][INFO] 2: branch  ITSClustersROF set up
[3186:its-cluster-writer]: [18:29:45][INFO] 3: branch  ITSClusterMCTruth set up
[3186:its-cluster-writer]: [18:29:45][INFO] 4: branch  ITSClustersMC2ROF set up
[3186:its-cluster-writer]: [18:29:45][STATE] INITIALIZING DEVICE ---> INITIALIZED
[3186:its-cluster-writer]: [18:29:45][STATE] INITIALIZED ---> BINDING
[3186:its-cluster-writer]: [18:29:45][STATE] BINDING ---> BOUND
[3186:its-cluster-writer]: [18:29:45][STATE] BOUND ---> CONNECTING
[3186:its-cluster-writer]: [18:29:45][STATE] CONNECTING ---> DEVICE READY
[3186:its-cluster-writer]: [18:29:45][STATE] DEVICE READY ---> INITIALIZING TASK
[3186:its-cluster-writer]: [18:29:45][STATE] INITIALIZING TASK ---> READY
[3186:its-cluster-writer]: [18:29:45][STATE] READY ---> RUNNING
[3186:its-cluster-writer]: [18:29:45][INFO] DEVICE: Running...
[3187:its-tracker]: Info in <TGeoManager::CloseGeometry>: Geometry loaded from file...
[3187:its-tracker]: Info in <TGeoManager::SetTopVolume>: Top volume is cave. Master volume is cave
[3187:its-tracker]: Info in <TGeoNavigator::BuildCache>: --- Maximum geometry depth set to 100
[3187:its-tracker]: Info in <TGeoManager::CloseGeometry>: Voxelization retrieved from file
[3187:its-tracker]: Info in <TGeoManager::CountLevels>: max level = 9, max placements = 126
[3187:its-tracker]: Info in <TGeoManager::CloseGeometry>: 179840 nodes/ 399 volume UID's in FAIR geometry
[3187:its-tracker]: Info in <TGeoManager::CloseGeometry>: ----------------modeler ready----------------
[3187:its-tracker]: [18:29:46][INFO] Loading ITS T2L matrices from TGeo
[3187:its-tracker]: [18:29:46][WARN] It is faster to use 2D rotation for T2G instead of full Transform3D matrices
[3187:its-tracker]: [18:29:46][INFO] Loading ITS T2G matrices from TGeo
[3184:its-digit-reader]: [18:29:46][INFO] ITSDigitReader pushed 1789251 digits, in 35 RO frames
[3185:its-clusterer]: [18:29:47][INFO] ITSClusterer pulled 1789251 digits, in 35 RO frames
[3185:its-clusterer]: [18:29:47][INFO] ITSClusterer pulled 1799351 labels 
[3187:its-tracker]: [18:29:47][INFO] Loading ITS T2G rotation 2D matrices
[3187:its-tracker]: [18:29:47][INFO] Initializing tracker in sync. phase reconstruction with 1 passes
[3187:its-tracker]: [18:29:47][INFO] Not using lookup table for material budget approximation
[3187:its-tracker]: [18:29:47][INFO] Dictionary ITSdictionary.bin is absent, Tracker expects cluster patterns
[3187:its-tracker]: [18:29:47][STATE] INITIALIZING DEVICE ---> INITIALIZED
[3187:its-tracker]: [18:29:47][STATE] INITIALIZED ---> BINDING
[3187:its-tracker]: [18:29:47][STATE] BINDING ---> BOUND
[3187:its-tracker]: [18:29:47][STATE] BOUND ---> CONNECTING
[3187:its-tracker]: [18:29:47][STATE] CONNECTING ---> DEVICE READY
[3187:its-tracker]: [18:29:47][STATE] DEVICE READY ---> INITIALIZING TASK
[3187:its-tracker]: [18:29:47][STATE] INITIALIZING TASK ---> READY
[3187:its-tracker]: [18:29:47][STATE] READY ---> RUNNING
[3187:its-tracker]: [18:29:47][INFO] DEVICE: Running...
[3185:its-clusterer]: [18:29:47][INFO] ITSClusterer pushed 283162 clusters, in 35 RO frames
[3186:its-cluster-writer]: [18:29:47][INFO] ITSClusterWriter pulled 283162 clusters, in 35 RO frames
[3187:its-tracker]: [18:29:47][INFO] ITSTracker pulled 283162 clusters, 35 RO frames
[3187:its-tracker]: [18:29:47][INFO] 283162 MC label objects , in 10 MC events
[3187:its-tracker]: [18:29:47][INFO] ITSTracker RO: continuous=1
[3187:its-tracker]: [18:29:47][INFO] Loading ITS L2G matrices from TGeo
[3187:its-tracker]: [18:29:47][INFO] ROframe: 0, clusters loaded : 1283
[3187:its-tracker]:  - Vertexer initialisation completed in: 0.178209 ms
[3187:its-tracker]:  - Tracklet finding completed in: 0.006035 ms
[3187:its-tracker]:  - Adjacent tracklets validation completed in: 0.003644 ms
[3187:its-tracker]:  - Vertex finding completed in: 0.006737 ms
[3187:its-tracker]: [18:29:47][INFO] Found tracks: 0
[3187:its-tracker]: [18:29:47][INFO] ROframe: 1, clusters loaded : 1267
[3187:its-tracker]:  - Vertexer initialisation completed in: 0.14749 ms
[3187:its-tracker]:  - Tracklet finding completed in: 0.020668 ms
[3187:its-tracker]:  - Adjacent tracklets validation completed in: 0.000427 ms
[3187:its-tracker]:  - Vertex finding completed in: 0.000302 ms
[3187:its-tracker]: [18:29:47][INFO] Found tracks: 0
[3187:its-tracker]: [18:29:47][INFO] ROframe: 2, clusters loaded : 1323
[3187:its-tracker]:  - Vertexer initialisation completed in: 0.122032 ms
[3187:its-tracker]:  - Tracklet finding completed in: 0.001141 ms
[3187:its-tracker]:  - Adjacent tracklets validation completed in: 0.000256 ms
[3187:its-tracker]:  - Vertex finding completed in: 0.000226 ms
[3187:its-tracker]: [18:29:47][INFO] Found tracks: 0
[3187:its-tracker]: [18:29:47][INFO] ROframe: 3, clusters loaded : 1229
[3187:its-tracker]:  - Vertexer initialisation completed in: 0.131286 ms
[3187:its-tracker]:  - Tracklet finding completed in: 0.000885 ms
[3187:its-tracker]:  - Adjacent tracklets validation completed in: 0.000265 ms
[3187:its-tracker]:  - Vertex finding completed in: 0.000363 ms
[3187:its-tracker]: [18:29:47][INFO] Found tracks: 0
[3187:its-tracker]: [18:29:47][INFO] ROframe: 4, clusters loaded : 1245
[3187:its-tracker]:  - Vertexer initialisation completed in: 0.121545 ms
[3187:its-tracker]:  - Tracklet finding completed in: 0.000747 ms
[3187:its-tracker]:  - Adjacent tracklets validation completed in: 0.000178 ms
[3187:its-tracker]:  - Vertex finding completed in: 0.000114 ms
[3187:its-tracker]: [18:29:47][INFO] Found tracks: 0
[3187:its-tracker]: [18:29:47][INFO] ROframe: 5, clusters loaded : 1248
[3187:its-tracker]:  - Vertexer initialisation completed in: 0.11279 ms
[3187:its-tracker]:  - Tracklet finding completed in: 0.000622 ms
[3187:its-tracker]:  - Adjacent tracklets validation completed in: 0.000185 ms
[3187:its-tracker]:  - Vertex finding completed in: 0.000154 ms
[3187:its-tracker]: [18:29:47][INFO] Found tracks: 0
[3187:its-tracker]: [18:29:47][INFO] ROframe: 6, clusters loaded : 1259
[3187:its-tracker]:  - Vertexer initialisation completed in: 0.119119 ms
[3187:its-tracker]:  - Tracklet finding completed in: 0.000843 ms
[3187:its-tracker]:  - Adjacent tracklets validation completed in: 0.00026 ms
[3187:its-tracker]:  - Vertex finding completed in: 0.000228 ms
[3187:its-tracker]: [18:29:47][INFO] Found tracks: 0
[3187:its-tracker]: [18:29:47][INFO] ROframe: 7, clusters loaded : 1258
[3187:its-tracker]:  - Vertexer initialisation completed in: 0.113551 ms
[3187:its-tracker]:  - Tracklet finding completed in: 0.000934 ms
[3187:its-tracker]:  - Adjacent tracklets validation completed in: 0.000152 ms
[3187:its-tracker]:  - Vertex finding completed in: 0.000222 ms
[3187:its-tracker]: [18:29:47][INFO] Found tracks: 0
[3187:its-tracker]: [18:29:47][INFO] ROframe: 8, clusters loaded : 1247
[3187:its-tracker]:  - Vertexer initialisation completed in: 0.112087 ms
[3187:its-tracker]:  - Tracklet finding completed in: 0.003484 ms
[3187:its-tracker]:  - Adjacent tracklets validation completed in: 0.000241 ms
[3187:its-tracker]:  - Vertex finding completed in: 0.000156 ms
[3187:its-tracker]: [18:29:47][INFO] Found tracks: 0
[3187:its-tracker]: [18:29:47][INFO] ROframe: 9, clusters loaded : 1249
[3187:its-tracker]:  - Vertexer initialisation completed in: 0.124786 ms
[3187:its-tracker]:  - Tracklet finding completed in: 0.001312 ms
[3187:its-tracker]:  - Adjacent tracklets validation completed in: 0.000214 ms
[3187:its-tracker]:  - Vertex finding completed in: 0.00025 ms
[3187:its-tracker]: [18:29:47][INFO] Found tracks: 0
[3187:its-tracker]: [18:29:47][INFO] ROframe: 10, clusters loaded : 1258
[3187:its-tracker]:  - Vertexer initialisation completed in: 0.114762 ms
[3187:its-tracker]:  - Tracklet finding completed in: 0.000892 ms
[3187:its-tracker]:  - Adjacent tracklets validation completed in: 0.000195 ms
[3187:its-tracker]:  - Vertex finding completed in: 0.000157 ms
[3187:its-tracker]: [18:29:47][INFO] Found tracks: 0
[3187:its-tracker]: [18:29:47][INFO] ROframe: 11, clusters loaded : 26274
[3187:its-tracker]:  - Vertexer initialisation completed in: 1.3394 ms
[3187:its-tracker]:  - Tracklet finding completed in: 3.89794 ms
[3187:its-tracker]:  - Adjacent tracklets validation completed in: 0.689827 ms
[3187:its-tracker]:  - Vertex finding completed in: 0.183377 ms
[3187:its-tracker]: 		Found vertex with:   1370 contributors
[3187:its-tracker]:  - Context initialisation completed in: 2.74892 ms
[3187:its-tracker]:  - Tracklet finding completed in: 11.4011 ms
[3187:its-tracker]:  - Cell finding completed in: 4.40227 ms
[3187:its-tracker]:  - Neighbour finding completed in: 0.622523 ms
[3187:its-tracker]:  - Road finding completed in: 0.322021 ms
[3187:its-tracker]:  - Track finding completed in: 14.26 ms
[3187:its-tracker]:  - Vertex processing completed in: 33.7568ms
[3187:its-tracker]:  - Context initialisation completed in: 0.260695 ms
[3187:its-tracker]:  - Tracklet finding completed in: 5.68701 ms
[3187:its-tracker]:  - Cell finding completed in: 1.41877 ms
[3187:its-tracker]:  - Neighbour finding completed in: 0.159687 ms
[3187:its-tracker]:  - Road finding completed in: 0.001443 ms
[3187:its-tracker]:  - Track finding completed in: 0.000362 ms
[3187:its-tracker]:  - Vertex processing completed in: 7.52797ms
[3187:its-tracker]: [18:29:47][INFO] Found tracks: 1089
[3187:its-tracker]: [18:29:47][INFO] ROframe: 12, clusters loaded : 21734
[3187:its-tracker]:  - Vertexer initialisation completed in: 0.998722 ms
[3187:its-tracker]:  - Tracklet finding completed in: 1.99548 ms
[3187:its-tracker]:  - Adjacent tracklets validation completed in: 0.411933 ms
[3187:its-tracker]:  - Vertex finding completed in: 0.107283 ms
[3187:its-tracker]: 		Found vertex with:   1024 contributors
[3187:its-tracker]:  - Context initialisation completed in: 1.60767 ms
[3187:its-tracker]:  - Tracklet finding completed in: 6.19402 ms
[3187:its-tracker]:  - Cell finding completed in: 2.52836 ms
[3187:its-tracker]:  - Neighbour finding completed in: 0.421265 ms
[3187:its-tracker]:  - Road finding completed in: 0.098979 ms
[3187:its-tracker]:  - Track finding completed in: 8.41331 ms
[3187:its-tracker]:  - Vertex processing completed in: 19.2636ms
[3187:its-tracker]:  - Context initialisation completed in: 0.188109 ms
[3187:its-tracker]:  - Tracklet finding completed in: 4.36584 ms
[3187:its-tracker]:  - Cell finding completed in: 0.980615 ms
[3187:its-tracker]:  - Neighbour finding completed in: 0.112846 ms
[3187:its-tracker]:  - Road finding completed in: 0.001153 ms
[3187:its-tracker]:  - Track finding completed in: 0.000567 ms
[3187:its-tracker]:  - Vertex processing completed in: 5.64913ms
[3187:its-tracker]: [18:29:47][INFO] Found tracks: 833
[3187:its-tracker]: [18:29:47][INFO] ROframe: 13, clusters loaded : 1335
[3187:its-tracker]:  - Vertexer initialisation completed in: 0.144448 ms
[3187:its-tracker]:  - Tracklet finding completed in: 0.002635 ms
[3187:its-tracker]:  - Adjacent tracklets validation completed in: 0.000903 ms
[3187:its-tracker]:  - Vertex finding completed in: 0.000859 ms
[3187:its-tracker]: [18:29:47][INFO] Found tracks: 0
[3187:its-tracker]: [18:29:47][INFO] ROframe: 14, clusters loaded : 1309
[3187:its-tracker]:  - Vertexer initialisation completed in: 0.127278 ms
[3187:its-tracker]:  - Tracklet finding completed in: 0.000887 ms
[3187:its-tracker]:  - Adjacent tracklets validation completed in: 0.000133 ms
[3187:its-tracker]:  - Vertex finding completed in: 0.00017 ms
[3187:its-tracker]: [18:29:47][INFO] Found tracks: 0
[3187:its-tracker]: [18:29:47][INFO] ROframe: 15, clusters loaded : 1260
[3187:its-tracker]:  - Vertexer initialisation completed in: 0.110039 ms
[3187:its-tracker]:  - Tracklet finding completed in: 0.001108 ms
[3187:its-tracker]:  - Adjacent tracklets validation completed in: 0.000252 ms
[3187:its-tracker]:  - Vertex finding completed in: 0.000214 ms
[3187:its-tracker]: [18:29:47][INFO] Found tracks: 0
[3187:its-tracker]: [18:29:47][INFO] ROframe: 16, clusters loaded : 1242
[3187:its-tracker]:  - Vertexer initialisation completed in: 0.122261 ms
[3187:its-tracker]:  - Tracklet finding completed in: 0.002268 ms
[3187:its-tracker]:  - Adjacent tracklets validation completed in: 0.000201 ms
[3187:its-tracker]:  - Vertex finding completed in: 0.000214 ms
[3187:its-tracker]: [18:29:47][INFO] Found tracks: 0
[3187:its-tracker]: [18:29:47][INFO] ROframe: 17, clusters loaded : 1235
[3187:its-tracker]:  - Vertexer initialisation completed in: 0.114331 ms
[3187:its-tracker]:  - Tracklet finding completed in: 0.000755 ms
[3187:its-tracker]:  - Adjacent tracklets validation completed in: 0.000128 ms
[3187:its-tracker]:  - Vertex finding completed in: 6.2e-05 ms
[3187:its-tracker]: [18:29:47][INFO] Found tracks: 0
[3187:its-tracker]: [18:29:47][INFO] ROframe: 18, clusters loaded : 1385
[3187:its-tracker]:  - Vertexer initialisation completed in: 0.13496 ms
[3187:its-tracker]:  - Tracklet finding completed in: 0.004872 ms
[3187:its-tracker]:  - Adjacent tracklets validation completed in: 0.001326 ms
[3187:its-tracker]:  - Vertex finding completed in: 0.006365 ms
[3187:its-tracker]: 		Found vertex with:      5 contributors
[3187:its-tracker]:  - Context initialisation completed in: 0.995936 ms
[3187:its-tracker]:  - Tracklet finding completed in: 0.130995 ms
[3187:its-tracker]:  - Cell finding completed in: 0.006145 ms
[3187:its-tracker]:  - Neighbour finding completed in: 0.003788 ms
[3187:its-tracker]:  - Road finding completed in: 0.001858 ms
[3187:its-tracker]:  - Track finding completed in: 0.057 ms
[3187:its-tracker]:  - Vertex processing completed in: 1.19572ms
[3187:its-tracker]:  - Context initialisation completed in: 0.002665 ms
[3187:its-tracker]:  - Tracklet finding completed in: 0.087793 ms
[3187:its-tracker]:  - Cell finding completed in: 0.003315 ms
[3187:its-tracker]:  - Neighbour finding completed in: 0.001053 ms
[3187:its-tracker]:  - Road finding completed in: 8.2e-05 ms
[3187:its-tracker]:  - Track finding completed in: 0.000102 ms
[3187:its-tracker]:  - Vertex processing completed in: 0.09501ms
[3187:its-tracker]: [18:29:47][INFO] Found tracks: 4
[3187:its-tracker]: [18:29:47][INFO] ROframe: 19, clusters loaded : 20863
[3187:its-tracker]:  - Vertexer initialisation completed in: 0.947425 ms
[3187:its-tracker]:  - Tracklet finding completed in: 1.87846 ms
[3187:its-tracker]:  - Adjacent tracklets validation completed in: 0.389414 ms
[3187:its-tracker]:  - Vertex finding completed in: 0.168907 ms
[3187:its-tracker]: 		Found vertex with:    615 contributors
[3187:its-tracker]: 		Found vertex with:    448 contributors
[3187:its-tracker]:  - Context initialisation completed in: 1.54384 ms
[3187:its-tracker]:  - Tracklet finding completed in: 5.63284 ms
[3187:its-tracker]:  - Cell finding completed in: 1.73416 ms
[3187:its-tracker]:  - Neighbour finding completed in: 0.251536 ms
[3187:its-tracker]:  - Road finding completed in: 0.058318 ms
[3187:its-tracker]:  - Track finding completed in: 4.83295 ms
[3187:its-tracker]:  - Vertex processing completed in: 14.0537ms
[3187:its-tracker]:  - Context initialisation completed in: 0.129209 ms
[3187:its-tracker]:  - Tracklet finding completed in: 4.99723 ms
[3187:its-tracker]:  - Cell finding completed in: 1.55528 ms
[3187:its-tracker]:  - Neighbour finding completed in: 0.280063 ms
[3187:its-tracker]:  - Road finding completed in: 0.071825 ms
[3187:its-tracker]:  - Track finding completed in: 4.49634 ms
[3187:its-tracker]:  - Vertex processing completed in: 11.53ms
[3187:its-tracker]:  - Context initialisation completed in: 0.110074 ms
[3187:its-tracker]:  - Tracklet finding completed in: 4.06089 ms
[3187:its-tracker]:  - Cell finding completed in: 0.682099 ms
[3187:its-tracker]:  - Neighbour finding completed in: 0.073435 ms
[3187:its-tracker]:  - Road finding completed in: 0.000791 ms
[3187:its-tracker]:  - Track finding completed in: 0.000687 ms
[3187:its-tracker]:  - Vertex processing completed in: 4.92797ms
[3187:its-tracker]:  - Context initialisation completed in: 0.054869 ms
[3187:its-tracker]:  - Tracklet finding completed in: 4.03371 ms
[3187:its-tracker]:  - Cell finding completed in: 0.63929 ms
[3187:its-tracker]:  - Neighbour finding completed in: 0.087394 ms
[3187:its-tracker]:  - Road finding completed in: 0.000921 ms
[3187:its-tracker]:  - Track finding completed in: 0.000391 ms
[3187:its-tracker]:  - Vertex processing completed in: 4.81658ms
[3187:its-tracker]: [18:29:47][INFO] Found tracks: 869
[3187:its-tracker]: [18:29:47][INFO] ROframe: 20, clusters loaded : 4215
[3187:its-tracker]:  - Vertexer initialisation completed in: 0.261297 ms
[3187:its-tracker]:  - Tracklet finding completed in: 0.098544 ms
[3187:its-tracker]:  - Adjacent tracklets validation completed in: 0.01306 ms
[3187:its-tracker]:  - Vertex finding completed in: 0.007465 ms
[3187:its-tracker]: 		Found vertex with:      3 contributors
[3187:its-tracker]:  - Context initialisation completed in: 1.15734 ms
[3187:its-tracker]:  - Tracklet finding completed in: 0.570519 ms
[3187:its-tracker]:  - Cell finding completed in: 0.041371 ms
[3187:its-tracker]:  - Neighbour finding completed in: 0.00314 ms
[3187:its-tracker]:  - Road finding completed in: 0.000249 ms
[3187:its-tracker]:  - Track finding completed in: 0.000279 ms
[3187:its-tracker]:  - Vertex processing completed in: 1.7729ms
[3187:its-tracker]:  - Context initialisation completed in: 0.00445 ms
[3187:its-tracker]:  - Tracklet finding completed in: 0.513275 ms
[3187:its-tracker]:  - Cell finding completed in: 0.033746 ms
[3187:its-tracker]:  - Neighbour finding completed in: 0.002216 ms
[3187:its-tracker]:  - Road finding completed in: 0.000148 ms
[3187:its-tracker]:  - Track finding completed in: 8.3e-05 ms
[3187:its-tracker]:  - Vertex processing completed in: 0.553918ms
[3187:its-tracker]: [18:29:47][INFO] Found tracks: 0
[3187:its-tracker]: [18:29:47][INFO] ROframe: 21, clusters loaded : 1260
[3187:its-tracker]:  - Vertexer initialisation completed in: 0.184889 ms
[3187:its-tracker]:  - Tracklet finding completed in: 0.002483 ms
[3187:its-tracker]:  - Adjacent tracklets validation completed in: 0.00057 ms
[3187:its-tracker]:  - Vertex finding completed in: 0.000965 ms
[3187:its-tracker]: [18:29:47][INFO] Found tracks: 0
[3187:its-tracker]: [18:29:47][INFO] ROframe: 22, clusters loaded : 1287
[3187:its-tracker]:  - Vertexer initialisation completed in: 0.136223 ms
[3187:its-tracker]:  - Tracklet finding completed in: 0.001294 ms
[3187:its-tracker]:  - Adjacent tracklets validation completed in: 9e-05 ms
[3187:its-tracker]:  - Vertex finding completed in: 6.2e-05 ms
[3187:its-tracker]: [18:29:47][INFO] Found tracks: 0
[3187:its-tracker]: [18:29:47][INFO] ROframe: 23, clusters loaded : 1290
[3187:its-tracker]:  - Vertexer initialisation completed in: 0.134737 ms
[3187:its-tracker]:  - Tracklet finding completed in: 0.001836 ms
[3187:its-tracker]:  - Adjacent tracklets validation completed in: 0.000302 ms
[3187:its-tracker]:  - Vertex finding completed in: 0.000448 ms
[3187:its-tracker]: [18:29:47][INFO] Found tracks: 0
[3187:its-tracker]: [18:29:47][INFO] ROframe: 24, clusters loaded : 1311
[3187:its-tracker]:  - Vertexer initialisation completed in: 0.164684 ms
[3187:its-tracker]:  - Tracklet finding completed in: 0.00111 ms
[3187:its-tracker]:  - Adjacent tracklets validation completed in: 0.000255 ms
[3187:its-tracker]:  - Vertex finding completed in: 0.000432 ms
[3187:its-tracker]: [18:29:47][INFO] Found tracks: 0
[3187:its-tracker]: [18:29:47][INFO] ROframe: 25, clusters loaded : 1265
[3187:its-tracker]:  - Vertexer initialisation completed in: 0.129218 ms
[3187:its-tracker]:  - Tracklet finding completed in: 0.000896 ms
[3187:its-tracker]:  - Adjacent tracklets validation completed in: 0.000276 ms
[3187:its-tracker]:  - Vertex finding completed in: 0.000274 ms
[3187:its-tracker]: [18:29:47][INFO] Found tracks: 0
[3187:its-tracker]: [18:29:47][INFO] ROframe: 26, clusters loaded : 1313
[3187:its-tracker]:  - Vertexer initialisation completed in: 0.119114 ms
[3187:its-tracker]:  - Tracklet finding completed in: 0.001174 ms
[3187:its-tracker]:  - Adjacent tracklets validation completed in: 0.000275 ms
[3187:its-tracker]:  - Vertex finding completed in: 0.000335 ms
[3187:its-tracker]: [18:29:47][INFO] Found tracks: 0
[3187:its-tracker]: [18:29:47][INFO] ROframe: 27, clusters loaded : 35304
[3187:its-tracker]:  - Vertexer initialisation completed in: 1.71442 ms
[3187:its-tracker]:  - Tracklet finding completed in: 5.79789 ms
[3187:its-tracker]:  - Adjacent tracklets validation completed in: 1.36687 ms
[3187:its-tracker]:  - Vertex finding completed in: 0.282096 ms
[3187:its-tracker]: 		Found vertex with:   1863 contributors
[3187:its-tracker]:  - Context initialisation completed in: 2.18498 ms
[3187:its-tracker]:  - Tracklet finding completed in: 16.3035 ms
[3187:its-tracker]:  - Cell finding completed in: 10.7758 ms
[3187:its-tracker]:  - Neighbour finding completed in: 0.955033 ms
[3187:its-tracker]:  - Road finding completed in: 0.420891 ms
[3187:its-tracker]:  - Track finding completed in: 15.7071 ms
[3187:its-tracker]:  - Vertex processing completed in: 46.3472ms
[3187:its-tracker]:  - Context initialisation completed in: 0.416344 ms
[3187:its-tracker]:  - Tracklet finding completed in: 8.6021 ms
[3187:its-tracker]:  - Cell finding completed in: 2.49534 ms
[3187:its-tracker]:  - Neighbour finding completed in: 0.250182 ms
[3187:its-tracker]:  - Road finding completed in: 0.001985 ms
[3187:its-tracker]:  - Track finding completed in: 0.000509 ms
[3187:its-tracker]:  - Vertex processing completed in: 11.7665ms
[3187:its-tracker]: [18:29:47][INFO] Found tracks: 1555
[3187:its-tracker]: [18:29:47][INFO] ROframe: 28, clusters loaded : 4938
[3187:its-tracker]:  - Vertexer initialisation completed in: 0.253456 ms
[3187:its-tracker]:  - Tracklet finding completed in: 0.152037 ms
[3187:its-tracker]:  - Adjacent tracklets validation completed in: 0.026959 ms
[3187:its-tracker]:  - Vertex finding completed in: 0.029161 ms
[3187:its-tracker]: 		Found vertex with:    215 contributors
[3187:its-tracker]:  - Context initialisation completed in: 1.16967 ms
[3187:its-tracker]:  - Tracklet finding completed in: 0.7797 ms
[3187:its-tracker]:  - Cell finding completed in: 0.186049 ms
[3187:its-tracker]:  - Neighbour finding completed in: 0.083537 ms
[3187:its-tracker]:  - Road finding completed in: 0.021333 ms
[3187:its-tracker]:  - Track finding completed in: 1.75861 ms
[3187:its-tracker]:  - Vertex processing completed in: 3.9989ms
[3187:its-tracker]:  - Context initialisation completed in: 0.034895 ms
[3187:its-tracker]:  - Tracklet finding completed in: 0.542637 ms
[3187:its-tracker]:  - Cell finding completed in: 0.073596 ms
[3187:its-tracker]:  - Neighbour finding completed in: 0.020844 ms
[3187:its-tracker]:  - Road finding completed in: 0.000273 ms
[3187:its-tracker]:  - Track finding completed in: 0.000183 ms
[3187:its-tracker]:  - Vertex processing completed in: 0.672428ms
[3187:its-tracker]: [18:29:47][INFO] Found tracks: 187
[3187:its-tracker]: [18:29:47][INFO] ROframe: 29, clusters loaded : 1268
[3187:its-tracker]:  - Vertexer initialisation completed in: 0.131489 ms
[3187:its-tracker]:  - Tracklet finding completed in: 0.001529 ms
[3187:its-tracker]:  - Adjacent tracklets validation completed in: 0.000714 ms
[3187:its-tracker]:  - Vertex finding completed in: 0.000941 ms
[3187:its-tracker]: [18:29:47][INFO] Found tracks: 0
[3187:its-tracker]: [18:29:47][INFO] ROframe: 30, clusters loaded : 1234
[3187:its-tracker]:  - Vertexer initialisation completed in: 0.121946 ms
[3187:its-tracker]:  - Tracklet finding completed in: 0.000955 ms
[3187:its-tracker]:  - Adjacent tracklets validation completed in: 0.000151 ms
[3187:its-tracker]:  - Vertex finding completed in: 0.000155 ms
[3187:its-tracker]: [18:29:47][INFO] Found tracks: 0
[3187:its-tracker]: [18:29:47][INFO] ROframe: 31, clusters loaded : 39116
[3187:its-tracker]:  - Vertexer initialisation completed in: 1.84508 ms
[3187:its-tracker]:  - Tracklet finding completed in: 6.94803 ms
[3187:its-tracker]:  - Adjacent tracklets validation completed in: 1.79618 ms
[3187:its-tracker]:  - Vertex finding completed in: 0.275691 ms
[3187:its-tracker]: 		Found vertex with:   2065 contributors
[3187:its-tracker]:  - Context initialisation completed in: 2.13567 ms
[3187:its-tracker]:  - Tracklet finding completed in: 19.1617 ms
[3187:its-tracker]:  - Cell finding completed in: 12.7836 ms
[3187:its-tracker]:  - Neighbour finding completed in: 1.70336 ms
[3187:its-tracker]:  - Road finding completed in: 0.594335 ms
[3187:its-tracker]:  - Track finding completed in: 20.1006 ms
[3187:its-tracker]:  - Vertex processing completed in: 56.4793ms
[3187:its-tracker]:  - Context initialisation completed in: 0.480975 ms
[3187:its-tracker]:  - Tracklet finding completed in: 10.3092 ms
[3187:its-tracker]:  - Cell finding completed in: 3.20872 ms
[3187:its-tracker]:  - Neighbour finding completed in: 0.36459 ms
[3187:its-tracker]:  - Road finding completed in: 0.003101 ms
[3187:its-tracker]:  - Track finding completed in: 0.000609 ms
[3187:its-tracker]:  - Vertex processing completed in: 14.3672ms
[3187:its-tracker]: [18:29:48][INFO] Found tracks: 1740
[3187:its-tracker]: [18:29:48][INFO] ROframe: 32, clusters loaded : 96219
[3187:its-tracker]:  - Vertexer initialisation completed in: 6.81935 ms
[3187:its-tracker]:  - Tracklet finding completed in: 64.9709 ms
[3187:its-tracker]:  - Adjacent tracklets validation completed in: 20.5887 ms
[3187:its-tracker]:  - Vertex finding completed in: 1.22937 ms
[3187:its-tracker]: 		Found vertex with:   3464 contributors
[3187:its-tracker]: 		Found vertex with:    173 contributors
[3187:its-tracker]:  - Context initialisation completed in: 5.18363 ms
[3187:its-tracker]:  - Tracklet finding completed in: 76.557 ms
[3187:its-tracker]:  - Cell finding completed in: 59.8235 ms
[3187:its-tracker]:  - Neighbour finding completed in: 2.56675 ms
[3187:its-tracker]:  - Road finding completed in: 1.03411 ms
[3187:its-tracker]:  - Track finding completed in: 42.8017 ms
[3187:its-tracker]:  - Vertex processing completed in: 187.967ms
[3187:its-tracker]:  - Context initialisation completed in: 1.76536 ms
[3187:its-tracker]:  - Tracklet finding completed in: 64.0758 ms
[3187:its-tracker]:  - Cell finding completed in: 23.2346 ms
[3187:its-tracker]:  - Neighbour finding completed in: 0.384325 ms
[3187:its-tracker]:  - Road finding completed in: 0.019489 ms
[3187:its-tracker]:  - Track finding completed in: 2.67732 ms
[3187:its-tracker]:  - Vertex processing completed in: 92.1568ms
[3187:its-tracker]:  - Context initialisation completed in: 0.592509 ms
[3187:its-tracker]:  - Tracklet finding completed in: 45.0814 ms
[3187:its-tracker]:  - Cell finding completed in: 24.1639 ms
[3187:its-tracker]:  - Neighbour finding completed in: 0.764166 ms
[3187:its-tracker]:  - Road finding completed in: 0.004057 ms
[3187:its-tracker]:  - Track finding completed in: 0.000561 ms
[3187:its-tracker]:  - Vertex processing completed in: 70.6066ms
[3187:its-tracker]:  - Context initialisation completed in: 0.666968 ms
[3187:its-tracker]:  - Tracklet finding completed in: 46.4315 ms
[3187:its-tracker]:  - Cell finding completed in: 22.2147 ms
[3187:its-tracker]:  - Neighbour finding completed in: 0.347119 ms
[3187:its-tracker]:  - Road finding completed in: 0.002314 ms
[3187:its-tracker]:  - Track finding completed in: 0.000719 ms
[3187:its-tracker]:  - Vertex processing completed in: 69.6633ms
[3187:its-tracker]: [18:29:48][INFO] Found tracks: 2959
[3187:its-tracker]: [18:29:48][INFO] ROframe: 33, clusters loaded : 1400
[3187:its-tracker]:  - Vertexer initialisation completed in: 0.14158 ms
[3187:its-tracker]:  - Tracklet finding completed in: 0.00407 ms
[3187:its-tracker]:  - Adjacent tracklets validation completed in: 0.000619 ms
[3187:its-tracker]:  - Vertex finding completed in: 0.000911 ms
[3187:its-tracker]: [18:29:48][INFO] Found tracks: 0
[3187:its-tracker]: [18:29:48][INFO] ROframe: 34, clusters loaded : 1239
[3187:its-tracker]:  - Vertexer initialisation completed in: 0.124528 ms
[3187:its-tracker]:  - Tracklet finding completed in: 0.000817 ms
[3187:its-tracker]:  - Adjacent tracklets validation completed in: 0.000241 ms
[3187:its-tracker]:  - Vertex finding completed in: 0.000192 ms
[3187:its-tracker]: [18:29:48][INFO] Found tracks: 0
[3187:its-tracker]: [18:29:48][INFO] ITSTracker pushed 9236 tracks
[3187:its-tracker]: [18:29:48][INFO] ITS CA-Tracker total timing: Cpu: 9.700e-01 Real: 9.654e-01 s in 1 slots
[3188:its-track-writer]: [18:29:48][INFO] ITSTrackWriter pulled 9236 tracks, in 35 RO frames
[INFO] Quitting
[INFO] QUIT_REQUESTED
[3183:internal-dpl-clock]: [18:29:48][INFO] Received device shutdown request (signal 15).
[3183:internal-dpl-clock]: [18:29:48][INFO] Waiting for graceful device shutdown. Hit Ctrl-C again to abort immediately.
[3188:its-track-writer]: [18:29:48][INFO] Received device shutdown request (signal 15).
[3188:its-track-writer]: [18:29:48][INFO] Waiting for graceful device shutdown. Hit Ctrl-C again to abort immediately.
[3185:its-clusterer]: [18:29:48][INFO] Received device shutdown request (signal 15).
[3185:its-clusterer]: [18:29:48][INFO] Waiting for graceful device shutdown. Hit Ctrl-C again to abort immediately.
[3186:its-cluster-writer]: [18:29:48][INFO] Received device shutdown request (signal 15).
[3186:its-cluster-writer]: [18:29:48][INFO] Waiting for graceful device shutdown. Hit Ctrl-C again to abort immediately.
[3187:its-tracker]: [18:29:48][INFO] Received device shutdown request (signal 15).
[3187:its-tracker]: [18:29:48][INFO] Waiting for graceful device shutdown. Hit Ctrl-C again to abort immediately.
[3184:its-digit-reader]: [18:29:48][INFO] Received device shutdown request (signal 15).
[3184:its-digit-reader]: [18:29:48][INFO] Waiting for graceful device shutdown. Hit Ctrl-C again to abort immediately.
[3184:its-digit-reader]: [18:29:48][STATE] RUNNING ---> READY
[3184:its-digit-reader]: [18:29:48][STATE] READY ---> RESETTING TASK
[3184:its-digit-reader]: [18:29:48][STATE] RESETTING TASK ---> DEVICE READY
[3184:its-digit-reader]: [18:29:48][STATE] DEVICE READY ---> RESETTING DEVICE
[3184:its-digit-reader]: [18:29:48][STATE] RESETTING DEVICE ---> IDLE
[3184:its-digit-reader]: [18:29:48][STATE] IDLE ---> EXITING
[3184:its-digit-reader]: [18:29:48][STATE] Exiting FairMQ state machine
[3183:internal-dpl-clock]: [18:29:49][STATE] RUNNING ---> READY
[3183:internal-dpl-clock]: [18:29:49][STATE] READY ---> RESETTING TASK
[3183:internal-dpl-clock]: [18:29:49][STATE] RESETTING TASK ---> DEVICE READY
[3183:internal-dpl-clock]: [18:29:49][STATE] DEVICE READY ---> RESETTING DEVICE
[3185:its-clusterer]: [18:29:49][STATE] RUNNING ---> READY
[3185:its-clusterer]: [18:29:49][STATE] READY ---> RESETTING TASK
[3185:its-clusterer]: [18:29:49][STATE] RESETTING TASK ---> DEVICE READY
[3185:its-clusterer]: [18:29:49][STATE] DEVICE READY ---> RESETTING DEVICE
[3187:its-tracker]: [18:29:49][STATE] RUNNING ---> READY
[3183:internal-dpl-clock]: [18:29:49][STATE] RESETTING DEVICE ---> IDLE
[3183:internal-dpl-clock]: [18:29:49][STATE] IDLE ---> EXITING
[3183:internal-dpl-clock]: [18:29:49][STATE] Exiting FairMQ state machine
[3187:its-tracker]: [18:29:49][STATE] READY ---> RESETTING TASK
[3187:its-tracker]: [18:29:49][STATE] RESETTING TASK ---> DEVICE READY
[3187:its-tracker]: [18:29:49][STATE] DEVICE READY ---> RESETTING DEVICE
[3187:its-tracker]: [18:29:49][STATE] RESETTING DEVICE ---> IDLE
[3185:its-clusterer]: [18:29:49][STATE] RESETTING DEVICE ---> IDLE
[3185:its-clusterer]: [18:29:49][STATE] IDLE ---> EXITING
[3185:its-clusterer]: [18:29:49][STATE] Exiting FairMQ state machine
[3187:its-tracker]: [18:29:49][STATE] IDLE ---> EXITING
[3187:its-tracker]: [18:29:49][STATE] Exiting FairMQ state machine
[3188:its-track-writer]: [18:29:50][STATE] RUNNING ---> READY
[3188:its-track-writer]: [18:29:50][STATE] READY ---> RESETTING TASK
[3188:its-track-writer]: [18:29:50][STATE] RESETTING TASK ---> DEVICE READY
[3188:its-track-writer]: [18:29:50][STATE] DEVICE READY ---> RESETTING DEVICE
[3188:its-track-writer]: [18:29:50][STATE] RESETTING DEVICE ---> IDLE
[3188:its-track-writer]: [18:29:50][STATE] IDLE ---> EXITING
[3188:its-track-writer]: [18:29:50][STATE] Exiting FairMQ state machine
[3186:its-cluster-writer]: [18:29:50][STATE] RUNNING ---> READY
[3186:its-cluster-writer]: [18:29:50][STATE] READY ---> RESETTING TASK
[3186:its-cluster-writer]: [18:29:50][STATE] RESETTING TASK ---> DEVICE READY
[3186:its-cluster-writer]: [18:29:50][STATE] DEVICE READY ---> RESETTING DEVICE
[3186:its-cluster-writer]: Cleaning up for shared memory id '614b662f'...
[3186:its-cluster-writer]: No region counter found. No regions to cleanup.
[3186:its-cluster-writer]: Successfully removed 'fmq_614b662f_m_0'.
[3186:its-cluster-writer]: Successfully removed 'fmq_614b662f_mng'.
[3186:its-cluster-writer]: Successfully removed 'fmq_614b662f_mtx'.
[3186:its-cluster-writer]: Successfully removed 'fmq_614b662f_cv'.
[3186:its-cluster-writer]: [18:29:50][STATE] RESETTING DEVICE ---> IDLE
[3186:its-cluster-writer]: [18:29:50][STATE] IDLE ---> EXITING
[3186:its-cluster-writer]: [18:29:50][STATE] Exiting FairMQ state machine
[INFO] Dumping used configuration in dpl-config.json
