===============================
execute this script as follows:
./generate_its.sh system region nevents
where:
system = 1 -> pp
       = 2 -> Pb-Pb
region = 1 -> ITS only
       = 2 -> whole detector
===============================
will generate Pb-Pb events
will transport events in the ITS only
Will generate: 20 events
Moving to /eos/user/f/ftorales/its_data/alignment/lbnl_alice_alignment_tasks/2284183/14
/eos/user/f/ftorales/its_data/alignment/lbnl_alice_alignment_tasks/2284183/14

==============================================================================================
1. MC generation run
[INFO] Running with 6 sim workers 
[INFO] CREATING SIM SHARED MEM SEGMENT FOR 6 WORKERS
Spawning particle server on PID 996; Redirect output to o2sim_serverlog
Spawning sim worker 0 on PID 998; Redirect output to o2sim_workerlog0
Spawning hit merger on PID 999; Redirect output to o2sim_mergerlog
[INFO] DISTRIBUTING EVENT : 1
[INFO] EVENT FINISHED : 1
[INFO] DISTRIBUTING EVENT : 2
[INFO] EVENT FINISHED : 2
[INFO] DISTRIBUTING EVENT : 3
[INFO] EVENT FINISHED : 3
[INFO] DISTRIBUTING EVENT : 4
[INFO] EVENT FINISHED : 4
[INFO] DISTRIBUTING EVENT : 5
[INFO] EVENT FINISHED : 5
[INFO] DISTRIBUTING EVENT : 6
[INFO] EVENT FINISHED : 6
[INFO] DISTRIBUTING EVENT : 7
[INFO] EVENT FINISHED : 7
[INFO] DISTRIBUTING EVENT : 8
[INFO] DISTRIBUTING EVENT : 9
[INFO] DISTRIBUTING EVENT : 10
[INFO] EVENT FINISHED : 9
[INFO] EVENT FINISHED : 8
[INFO] EVENT FINISHED : 10
[INFO] DISTRIBUTING EVENT : 11
[INFO] EVENT FINISHED : 11
[INFO] DISTRIBUTING EVENT : 12
[INFO] EVENT FINISHED : 12
[INFO] DISTRIBUTING EVENT : 13
[INFO] EVENT FINISHED : 13
[INFO] DISTRIBUTING EVENT : 14
[INFO] DISTRIBUTING EVENT : 15
[INFO] EVENT FINISHED : 14
[INFO] EVENT FINISHED : 15
[INFO] DISTRIBUTING EVENT : 16
[INFO] EVENT FINISHED : 16
[INFO] DISTRIBUTING EVENT : 17
[INFO] EVENT FINISHED : 17
[INFO] DISTRIBUTING EVENT : 18
[INFO] EVENT FINISHED : 18
[INFO] DISTRIBUTING EVENT : 19
[INFO] EVENT FINISHED : 19
[INFO] DISTRIBUTING EVENT : 20
[INFO] EVENT FINISHED : 20
[INFO] Merger process 999 returned
[INFO] Simulation process took 203.054 s
[INFO] SIMULATION RETURNED SUCCESFULLY

==============================================================================================
2. Hits to digits conversion
Run: 1621488969
Fill:      0
Period: 
LHC State: 
Start: Thu May 20 07:36:11 2021
End  : Thu May 20 07:36:12 2021
Beam0: Z:A =   0:  0, Energy = 0.000
Beam1: Z:A =   0:  0, Energy = 0.000
sqrt[s]    = 0.000
crossing angle (radian) = 0.000000e+00
magnet currents (A) L3 = -30000.000, Dipole = -6000
Detectors: Cont.RO Triggers
      ITS:    -       -    
[INFO] MC-TRUTH 1
[INFO] TPC: GEM setup - initialization from scratch
[INFO] TPC: GEM setup (polya) took 10.96
[INFO] TPC is in grp? no; is skipped? no
[INFO] ITS is in grp? yes; is skipped? no
[INFO] MFT is in grp? no; is skipped? no
[INFO] TOF is in grp? no; is skipped? no
[INFO] FT0 is in grp? no; is skipped? no
[INFO] FV0 is in grp? no; is skipped? no
[INFO] EMC is in grp? no; is skipped? no
[INFO] HMP is in grp? no; is skipped? no
[INFO] ZDC is in grp? no; is skipped? no
[INFO] TRD is in grp? no; is skipped? no
[INFO] MCH is in grp? no; is skipped? no
[INFO] MID is in grp? no; is skipped? no
[INFO] FDD is in grp? no; is skipped? no
[INFO] PHS is in grp? no; is skipped? no
[INFO] CPV is in grp? no; is skipped? no
[INFO] Initialising O2 Data Processing Layer
[INFO] O2 Data Processing Layer initialised. We brake for nobody.
[INFO] Optimised build. O2DEBUG / LOG(DEBUG) / LOGF(DEBUG) / assert statement will not be shown.
[INFO] Redeployment of configuration asked.
[INFO] Starting internal-dpl-clock on pid 2120
[INFO] Starting SimReader on pid 2121
[INFO] Starting ITSDigitizer on pid 2122
[INFO] Starting GRPUpdater on pid 2123
[INFO] Starting ITSDigitWriter on pid 2124
[INFO] Redeployment of configuration done.
[2121:SimReader]: [INFO] MC-TRUTH 1
[2124:ITSDigitWriter]: [INFO] MC-TRUTH 1
[2122:ITSDigitizer]: [INFO] MC-TRUTH 1
[2122:ITSDigitizer]: [INFO] Spawing new device ITSDigitizer in process with pid 2122
[2124:ITSDigitWriter]: [INFO] Spawing new device ITSDigitWriter in process with pid 2124
[2121:SimReader]: [INFO] Spawing new device SimReader in process with pid 2121
[2122:ITSDigitizer]: [07:42:18][INFO] 
[2122:ITSDigitizer]:       ______      _    _______  _________ 
[2122:ITSDigitizer]:      / ____/___ _(_)_______   |/  /_  __ \    version 1.4.29
[2122:ITSDigitizer]:     / /_  / __ `/ / ___/__  /|_/ /_  / / /    build RELWITHDEBINFO
[2122:ITSDigitizer]:    / __/ / /_/ / / /    _  /  / / / /_/ /     https://github.com/FairRootGroup/FairMQ
[2122:ITSDigitizer]:   /_/    \__,_/_/_/     /_/  /_/  \___\_\     LGPL-3.0  © 2012-2020 GSI
[2122:ITSDigitizer]: 
[2124:ITSDigitWriter]: [07:42:18][INFO] 
[2124:ITSDigitWriter]:       ______      _    _______  _________ 
[2124:ITSDigitWriter]:      / ____/___ _(_)_______   |/  /_  __ \    version 1.4.29
[2124:ITSDigitWriter]:     / /_  / __ `/ / ___/__  /|_/ /_  / / /    build RELWITHDEBINFO
[2124:ITSDigitWriter]:    / __/ / /_/ / / /    _  /  / / / /_/ /     https://github.com/FairRootGroup/FairMQ
[2124:ITSDigitWriter]:   /_/    \__,_/_/_/     /_/  /_/  \___\_\     LGPL-3.0  © 2012-2020 GSI
[2124:ITSDigitWriter]: 
[2121:SimReader]: [07:42:18][INFO] 
[2121:SimReader]:       ______      _    _______  _________ 
[2121:SimReader]:      / ____/___ _(_)_______   |/  /_  __ \    version 1.4.29
[2121:SimReader]:     / /_  / __ `/ / ___/__  /|_/ /_  / / /    build RELWITHDEBINFO
[2121:SimReader]:    / __/ / /_/ / / /    _  /  / / / /_/ /     https://github.com/FairRootGroup/FairMQ
[2121:SimReader]:   /_/    \__,_/_/_/     /_/  /_/  \___\_\     LGPL-3.0  © 2012-2020 GSI
[2121:SimReader]: 
[2122:ITSDigitizer]: [07:42:18][STATE] Starting FairMQ state machine --> IDLE
[2124:ITSDigitWriter]: [07:42:18][STATE] Starting FairMQ state machine --> IDLE
[2121:SimReader]: [07:42:18][STATE] Starting FairMQ state machine --> IDLE
[2121:SimReader]: 2021-05-20 07:42:18	Monitoring	[0;49mStdOut backend initialized[0m
[2122:ITSDigitizer]: 2021-05-20 07:42:18	Monitoring	[0;49mStdOut backend initialized[0m
[2122:ITSDigitizer]: [07:42:18][STATE] IDLE ---> INITIALIZING DEVICE
[2124:ITSDigitWriter]: 2021-05-20 07:42:18	Monitoring	[0;49mStdOut backend initialized[0m
[2124:ITSDigitWriter]: [07:42:18][STATE] IDLE ---> INITIALIZING DEVICE
[2121:SimReader]: [07:42:18][STATE] IDLE ---> INITIALIZING DEVICE
[2121:SimReader]: 2021-05-20 07:42:18	Monitoring	[0;49mBuffering enabled (100)[0m
[2121:SimReader]: [07:42:18][INFO] adding o2sim
[2121:SimReader]: 
[2121:SimReader]: [07:42:18][INFO] INCONTEXTSTRING 
[2121:SimReader]: [07:42:18][INFO] Imposing hadronic interaction rate 50000Hz
[2121:SimReader]: [07:42:18][WARN] No bunch filling provided, impose default one
[2121:SimReader]: [07:42:18][INFO] Deducing mu=0.00771915 per BC from IR=50000 with 576 BCs
[2121:SimReader]: [07:42:18][INFO] InteractionSampler with 576 colliding BCs, mu(BC)= 0.00771915 -> total IR= 50000
[2121:SimReader]: [07:42:18][INFO] Current BCid:    0 Orbit:      1 |T in BC(ns): 0.000(0 coll left)
[2121:SimReader]: [07:42:18][INFO] setting up 1 chains
[2122:ITSDigitizer]: 2021-05-20 07:42:18	Monitoring	[0;49mBuffering enabled (100)[0m
[2122:ITSDigitizer]: [07:42:18][INFO] Initializing geometry service
[2122:ITSDigitizer]: [07:42:18][INFO] Loading geometry FAIRGeom from o2sim_geometry.root
[2120:internal-dpl-clock]: [INFO] MC-TRUTH 1
[2120:internal-dpl-clock]: [INFO] Spawing new device internal-dpl-clock in process with pid 2120
[2120:internal-dpl-clock]: [07:42:18][INFO] 
[2120:internal-dpl-clock]:       ______      _    _______  _________ 
[2120:internal-dpl-clock]:      / ____/___ _(_)_______   |/  /_  __ \    version 1.4.29
[2120:internal-dpl-clock]:     / /_  / __ `/ / ___/__  /|_/ /_  / / /    build RELWITHDEBINFO
[2120:internal-dpl-clock]:    / __/ / /_/ / / /    _  /  / / / /_/ /     https://github.com/FairRootGroup/FairMQ
[2120:internal-dpl-clock]:   /_/    \__,_/_/_/     /_/  /_/  \___\_\     LGPL-3.0  © 2012-2020 GSI
[2120:internal-dpl-clock]: 
[2120:internal-dpl-clock]: [07:42:18][STATE] Starting FairMQ state machine --> IDLE
[2120:internal-dpl-clock]: 2021-05-20 07:42:18	Monitoring	[0;49mStdOut backend initialized[0m
[2124:ITSDigitWriter]: 2021-05-20 07:42:18	Monitoring	[0;49mBuffering enabled (100)[0m
[2124:ITSDigitWriter]: [07:42:18][INFO] 0: branch  ITSDigitMCTruth set up
[2124:ITSDigitWriter]: [07:42:18][INFO] 1: branch  ITSDigitMC2ROF set up
[2124:ITSDigitWriter]: [07:42:18][INFO] 2: branch  ITSDigit set up
[2120:internal-dpl-clock]: [07:42:18][STATE] IDLE ---> INITIALIZING DEVICE
[2124:ITSDigitWriter]: [07:42:18][INFO] 3: branch  ITSDigitROF set up
[2120:internal-dpl-clock]: 2021-05-20 07:42:18	Monitoring	[0;49mBuffering enabled (100)[0m
[2120:internal-dpl-clock]: [07:42:18][STATE] INITIALIZING DEVICE ---> INITIALIZED
[2120:internal-dpl-clock]: [07:42:18][STATE] INITIALIZED ---> BINDING
[2124:ITSDigitWriter]: [07:42:18][STATE] INITIALIZING DEVICE ---> INITIALIZED
[2120:internal-dpl-clock]: [07:42:18][STATE] BINDING ---> BOUND
[2120:internal-dpl-clock]: [07:42:18][STATE] BOUND ---> CONNECTING
[2120:internal-dpl-clock]: [07:42:18][STATE] CONNECTING ---> DEVICE READY
[2120:internal-dpl-clock]: [07:42:18][STATE] DEVICE READY ---> INITIALIZING TASK
[2120:internal-dpl-clock]: [07:42:18][STATE] INITIALIZING TASK ---> READY
[2120:internal-dpl-clock]: [07:42:18][STATE] READY ---> RUNNING
[2120:internal-dpl-clock]: [07:42:18][INFO] DEVICE: Running...
[2124:ITSDigitWriter]: [07:42:18][STATE] INITIALIZED ---> BINDING
[2124:ITSDigitWriter]: [07:42:18][STATE] BINDING ---> BOUND
[2124:ITSDigitWriter]: [07:42:18][STATE] BOUND ---> CONNECTING
[2124:ITSDigitWriter]: [07:42:18][STATE] CONNECTING ---> DEVICE READY
[2124:ITSDigitWriter]: [07:42:18][STATE] DEVICE READY ---> INITIALIZING TASK
[2124:ITSDigitWriter]: [07:42:18][STATE] INITIALIZING TASK ---> READY
[2124:ITSDigitWriter]: [07:42:18][STATE] READY ---> RUNNING
[2124:ITSDigitWriter]: [07:42:18][INFO] DEVICE: Running...
[2123:GRPUpdater]: [INFO] MC-TRUTH 1
[2123:GRPUpdater]: [INFO] Spawing new device GRPUpdater in process with pid 2123
[2123:GRPUpdater]: [07:42:18][INFO] 
[2123:GRPUpdater]:       ______      _    _______  _________ 
[2123:GRPUpdater]:      / ____/___ _(_)_______   |/  /_  __ \    version 1.4.29
[2123:GRPUpdater]:     / /_  / __ `/ / ___/__  /|_/ /_  / / /    build RELWITHDEBINFO
[2123:GRPUpdater]:    / __/ / /_/ / / /    _  /  / / / /_/ /     https://github.com/FairRootGroup/FairMQ
[2123:GRPUpdater]:   /_/    \__,_/_/_/     /_/  /_/  \___\_\     LGPL-3.0  © 2012-2020 GSI
[2123:GRPUpdater]: 
[2123:GRPUpdater]: [07:42:18][STATE] Starting FairMQ state machine --> IDLE
[2123:GRPUpdater]: 2021-05-20 07:42:18	Monitoring	[0;49mStdOut backend initialized[0m
[2123:GRPUpdater]: [07:42:18][STATE] IDLE ---> INITIALIZING DEVICE
[2123:GRPUpdater]: 2021-05-20 07:42:18	Monitoring	[0;49mBuffering enabled (100)[0m
[2123:GRPUpdater]: [07:42:18][STATE] INITIALIZING DEVICE ---> INITIALIZED
[2123:GRPUpdater]: [07:42:18][STATE] INITIALIZED ---> BINDING
[2123:GRPUpdater]: [07:42:18][STATE] BINDING ---> BOUND
[2123:GRPUpdater]: [07:42:18][STATE] BOUND ---> CONNECTING
[2123:GRPUpdater]: [07:42:18][STATE] CONNECTING ---> DEVICE READY
[2123:GRPUpdater]: [07:42:18][STATE] DEVICE READY ---> INITIALIZING TASK
[2123:GRPUpdater]: [07:42:18][STATE] INITIALIZING TASK ---> READY
[2123:GRPUpdater]: [07:42:18][STATE] READY ---> RUNNING
[2123:GRPUpdater]: [07:42:18][INFO] DEVICE: Running...
[2122:ITSDigitizer]: Info in <TGeoManager::CloseGeometry>: Geometry loaded from file...
[2122:ITSDigitizer]: Info in <TGeoManager::SetTopVolume>: Top volume is cave. Master volume is cave
[2122:ITSDigitizer]: Info in <TGeoNavigator::BuildCache>: --- Maximum geometry depth set to 100
[2122:ITSDigitizer]: Info in <TGeoManager::CloseGeometry>: Voxelization retrieved from file
[2122:ITSDigitizer]: Info in <TGeoManager::CountLevels>: max level = 9, max placements = 126
[2122:ITSDigitizer]: Info in <TGeoManager::CloseGeometry>: 179840 nodes/ 399 volume UID's in FAIR geometry
[2122:ITSDigitizer]: Info in <TGeoManager::CloseGeometry>: ----------------modeler ready----------------
[2122:ITSDigitizer]: [07:42:20][INFO] Initializing field service
[2121:SimReader]: [07:42:20][INFO] Automatic deduction of number of collisions ... will just take number of background entries 20
[2121:SimReader]: Summary of DigitizationContext --
[2121:SimReader]: Parts per collision 1
[2121:SimReader]: Collision parts taken from simulations specified by prefix:
[2121:SimReader]: Number of Collisions 20
[2121:SimReader]: Collision 0 TIME BCid:  242 Orbit:      1 |T in BC(ns): -0.093 (0 , 0)
[2121:SimReader]: Collision 1 TIME BCid:  832 Orbit:      1 |T in BC(ns): 0.131 (0 , 1)
[2121:SimReader]: Collision 2 TIME BCid: 1002 Orbit:      1 |T in BC(ns): -0.148 (0 , 2)
[2121:SimReader]: Collision 3 TIME BCid: 1006 Orbit:      1 |T in BC(ns): 0.240 (0 , 3)
[2121:SimReader]: Collision 4 TIME BCid: 1818 Orbit:      1 |T in BC(ns): -0.080 (0 , 4)
[2121:SimReader]: Collision 5 TIME BCid:  392 Orbit:      2 |T in BC(ns): 0.154 (0 , 5)
[2121:SimReader]: Collision 6 TIME BCid: 2008 Orbit:      2 |T in BC(ns): -0.062 (0 , 6)
[2121:SimReader]: Collision 7 TIME BCid: 2122 Orbit:      2 |T in BC(ns): 0.245 (0 , 7)
[2121:SimReader]: Collision 8 TIME BCid: 2150 Orbit:      2 |T in BC(ns): 0.262 (0 , 8)
[2121:SimReader]: Collision 9 TIME BCid:  838 Orbit:      3 |T in BC(ns): -0.065 (0 , 9)
[2121:SimReader]: Collision 10 TIME BCid: 1208 Orbit:      3 |T in BC(ns): -0.090 (0 , 10)
[2121:SimReader]: Collision 11 TIME BCid: 1568 Orbit:      3 |T in BC(ns): 0.177 (0 , 11)
[2121:SimReader]: Collision 12 TIME BCid: 2136 Orbit:      3 |T in BC(ns): -0.046 (0 , 12)
[2121:SimReader]: Collision 13 TIME BCid:  976 Orbit:      4 |T in BC(ns): 0.087 (0 , 13)
[2121:SimReader]: Collision 14 TIME BCid: 2140 Orbit:      4 |T in BC(ns): -0.455 (0 , 14)
[2121:SimReader]: Collision 15 TIME BCid: 2152 Orbit:      4 |T in BC(ns): 0.002 (0 , 15)
[2121:SimReader]: Collision 16 TIME BCid: 1194 Orbit:      5 |T in BC(ns): 0.089 (0 , 16)
[2121:SimReader]: Collision 17 TIME BCid: 1228 Orbit:      5 |T in BC(ns): -0.197 (0 , 17)
[2121:SimReader]: Collision 18 TIME BCid: 1378 Orbit:      5 |T in BC(ns): -0.079 (0 , 18)
[2121:SimReader]: Collision 19 TIME BCid:    6 Orbit:      6 |T in BC(ns): 0.422 (0 , 19)
[2121:SimReader]: [07:42:20][INFO] Initializing Spec ... have 20 times 
[2121:SimReader]: [07:42:20][INFO] Serializing Context for later reuse
[2122:ITSDigitizer]: [07:42:20][INFO] MagneticField::Print: MagneticFieldMap:
[2122:ITSDigitizer]: [07:42:20][INFO] MagneticField::Print: Solenoid (-1*)5 kG, Dipole ON (-1) 
[2122:ITSDigitizer]: [07:42:20][INFO] MagneticField::Print: Machine B fields for p-p  beam (7000 GeV): QGrad: 22.0002 Dipole: 37.8781
[2122:ITSDigitizer]: [07:42:20][INFO] MagneticField::Print: Uses Sol30_Dip6_Hole  of /cvmfs/alice.cern.ch/el7-x86_64/Packages/O2/nightly-20210129-1/share/Common/maps/mfchebKGI_sym.root
[2122:ITSDigitizer]: Info in <TGeoGlobalMagField::SetField>: Global magnetic field set to <MagneticFieldMap>
[2122:ITSDigitizer]: Info in <TGeoGlobalMagField::Lock>: Global magnetic field <MagneticFieldMap> is now locked
[2122:ITSDigitizer]: [07:42:20][INFO] Set Alpide charge threshold to 150, single hit will be accounted from 15 electrons
[2122:ITSDigitizer]: [07:42:20][INFO] ITS simulated in CONTINUOUS RO mode
[2121:SimReader]: [07:42:20][STATE] INITIALIZING DEVICE ---> INITIALIZED
[2121:SimReader]: [07:42:20][STATE] INITIALIZED ---> BINDING
[2121:SimReader]: [07:42:20][STATE] BINDING ---> BOUND
[2121:SimReader]: [07:42:20][STATE] BOUND ---> CONNECTING
[2121:SimReader]: [07:42:20][STATE] CONNECTING ---> DEVICE READY
[2121:SimReader]: [07:42:20][STATE] DEVICE READY ---> INITIALIZING TASK
[2121:SimReader]: [07:42:20][STATE] INITIALIZING TASK ---> READY
[2121:SimReader]: [07:42:20][STATE] READY ---> RUNNING
[2121:SimReader]: [07:42:20][INFO] DEVICE: Running...
[2121:SimReader]: [07:42:20][INFO] SENDING SOMETHING TO OTHERS
[2122:ITSDigitizer]: [07:42:20][INFO] Loading ITS L2G matrices from TGeo
[2122:ITSDigitizer]: Alpide response object of 40500 matrices to map chagre in xyz to 5x5 pixels
[2122:ITSDigitizer]: X(col) range: +0.000000e+00 : +1.462000e-03 | step: 5.000000e-05 | Nbins: 30
[2122:ITSDigitizer]: Y(row) range: +0.000000e+00 : +1.344000e-03 | step: 5.000000e-05 | Nbins: 27
[2122:ITSDigitizer]: Z(dpt) range: -2.000000e-03 : +2.500000e-03 | step: 8.999999e-05 | Nbins: 50
[2122:ITSDigitizer]: Alpide digitization params:
[2122:ITSDigitizer]: Continuous readout             : ON
[2122:ITSDigitizer]: Readout Frame Length(ns)       : 9880.510742
[2122:ITSDigitizer]: Strobe delay (ns)              : 99.803139
[2122:ITSDigitizer]: Strobe length (ns)             : 9780.708008
[2122:ITSDigitizer]: Threshold (N electrons)        : 150
[2122:ITSDigitizer]: Min N electrons to accoint     : 15
[2122:ITSDigitizer]: Number of charge sharing steps : 7
[2122:ITSDigitizer]: ELoss to N electrons factor    : 2.777778e+08
[2122:ITSDigitizer]: Noise level per pixel          : 1.000000e-07
[2122:ITSDigitizer]: Charge time-response:
[2122:ITSDigitizer]: o2::itsmft::AlpideSignalTrapezoid | Duration: 7500.0 MaxRiseTime: 1100.0 (RiseTime=0 at q=450.0) (ns)
[2122:ITSDigitizer]: [07:42:22][STATE] INITIALIZING DEVICE ---> INITIALIZED
[2122:ITSDigitizer]: [07:42:22][STATE] INITIALIZED ---> BINDING
[2122:ITSDigitizer]: [07:42:22][STATE] BINDING ---> BOUND
[2122:ITSDigitizer]: [07:42:22][STATE] BOUND ---> CONNECTING
[2122:ITSDigitizer]: [07:42:22][STATE] CONNECTING ---> DEVICE READY
[2122:ITSDigitizer]: [07:42:22][STATE] DEVICE READY ---> INITIALIZING TASK
[2122:ITSDigitizer]: [07:42:22][STATE] INITIALIZING TASK ---> READY
[2122:ITSDigitizer]: [07:42:22][STATE] READY ---> RUNNING
[2122:ITSDigitizer]: [07:42:22][INFO] DEVICE: Running...
[2122:ITSDigitizer]: [07:42:22][INFO] GOT 20 COLLISSION TIMES
[2122:ITSDigitizer]: [07:42:22][INFO] SIMCHAINS 1
[2122:ITSDigitizer]: [07:42:22][INFO]  CALLING ITS DIGITIZATION 
[2122:ITSDigitizer]: [07:42:23][INFO] Digitizing ITS hits of entry 0 from source 0 at time BCid:  242 Orbit:      1 |T in BC(ns): -0.093 ROFrame= 9) cont.mode: 1 Min/Max ROFrames 0/8
[2122:ITSDigitizer]: [07:42:23][INFO] Filling ITS digits output for RO frames 0:8
[2122:ITSDigitizer]: ROF: 0 | 1283 entries starting from 0
[2122:ITSDigitizer]: BCid:    0 Orbit:      0
[2122:ITSDigitizer]: ROF: 1 | 1267 entries starting from 1283
[2122:ITSDigitizer]: BCid:  396 Orbit:      0
[2122:ITSDigitizer]: ROF: 2 | 1323 entries starting from 2550
[2122:ITSDigitizer]: BCid:  792 Orbit:      0
[2122:ITSDigitizer]: ROF: 3 | 1229 entries starting from 3873
[2122:ITSDigitizer]: BCid: 1188 Orbit:      0
[2122:ITSDigitizer]: ROF: 4 | 1245 entries starting from 5102
[2122:ITSDigitizer]: BCid: 1584 Orbit:      0
[2122:ITSDigitizer]: ROF: 5 | 1248 entries starting from 6347
[2122:ITSDigitizer]: BCid: 1980 Orbit:      0
[2122:ITSDigitizer]: ROF: 6 | 1259 entries starting from 7595
[2122:ITSDigitizer]: BCid: 2376 Orbit:      0
[2122:ITSDigitizer]: ROF: 7 | 1258 entries starting from 8854
[2122:ITSDigitizer]: BCid: 2772 Orbit:      0
[2122:ITSDigitizer]: ROF: 8 | 1247 entries starting from 10112
[2122:ITSDigitizer]: BCid: 3168 Orbit:      0
[2122:ITSDigitizer]: [07:42:24][INFO] Added 11359 digits 
[2122:ITSDigitizer]: [07:42:24][INFO] Digitizing ITS hits of entry 1 from source 0 at time BCid:  832 Orbit:      1 |T in BC(ns): 0.131 ROFrame= 11) cont.mode: 1 Min/Max ROFrames 9/11
[2122:ITSDigitizer]: [07:42:24][INFO] Filling ITS digits output for RO frames 9:10
[2122:ITSDigitizer]: ROF: 9 | 119823 entries starting from 11359
[2122:ITSDigitizer]: BCid:    0 Orbit:      1
[2122:ITSDigitizer]: MCEventID: 0 ROFs: 9-11 Entry in ROFRecords: 9
[2122:ITSDigitizer]: ROF: 10 | 119863 entries starting from 131182
[2122:ITSDigitizer]: BCid:  396 Orbit:      1
[2122:ITSDigitizer]: [07:42:24][INFO] Added 239686 digits 
[2122:ITSDigitizer]: [07:42:24][INFO] Digitizing ITS hits of entry 2 from source 0 at time BCid: 1002 Orbit:      1 |T in BC(ns): -0.148 ROFrame= 11) cont.mode: 1 Min/Max ROFrames 11/12
[2122:ITSDigitizer]: [07:42:25][INFO] Digitizing ITS hits of entry 3 from source 0 at time BCid: 1006 Orbit:      1 |T in BC(ns): 0.240 ROFrame= 11) cont.mode: 1 Min/Max ROFrames 11/12
[2122:ITSDigitizer]: [07:42:25][INFO] Digitizing ITS hits of entry 4 from source 0 at time BCid: 1818 Orbit:      1 |T in BC(ns): -0.080 ROFrame= 13) cont.mode: 1 Min/Max ROFrames 11/12
[2122:ITSDigitizer]: [07:42:25][INFO] Filling ITS digits output for RO frames 11:12
[2122:ITSDigitizer]: ROF: 11 | 547465 entries starting from 251045
[2122:ITSDigitizer]: BCid:  792 Orbit:      1
[2122:ITSDigitizer]: MCEventID: 1 ROFs: 11-12 Entry in ROFRecords: 11
[2122:ITSDigitizer]: MCEventID: 2 ROFs: 11-12 Entry in ROFRecords: 11
[2122:ITSDigitizer]: MCEventID: 3 ROFs: 11-12 Entry in ROFRecords: 11
[2122:ITSDigitizer]: ROF: 12 | 260231 entries starting from 798510
[2122:ITSDigitizer]: BCid: 1188 Orbit:      1
[2122:ITSDigitizer]: [07:42:26][INFO] Added 807696 digits 
[2122:ITSDigitizer]: [07:42:26][INFO] Digitizing ITS hits of entry 5 from source 0 at time BCid:  392 Orbit:      2 |T in BC(ns): 0.154 ROFrame= 18) cont.mode: 1 Min/Max ROFrames 13/17
[2122:ITSDigitizer]: [07:42:26][INFO] Filling ITS digits output for RO frames 13:17
[2122:ITSDigitizer]: ROF: 13 | 22191 entries starting from 1058741
[2122:ITSDigitizer]: BCid: 1584 Orbit:      1
[2122:ITSDigitizer]: MCEventID: 4 ROFs: 13-14 Entry in ROFRecords: 13
[2122:ITSDigitizer]: ROF: 14 | 22186 entries starting from 1080932
[2122:ITSDigitizer]: BCid: 1980 Orbit:      1
[2122:ITSDigitizer]: ROF: 15 | 1252 entries starting from 1103118
[2122:ITSDigitizer]: BCid: 2376 Orbit:      1
[2122:ITSDigitizer]: ROF: 16 | 1225 entries starting from 1104370
[2122:ITSDigitizer]: BCid: 2772 Orbit:      1
[2122:ITSDigitizer]: ROF: 17 | 1220 entries starting from 1105595
[2122:ITSDigitizer]: BCid: 3168 Orbit:      1
[2122:ITSDigitizer]: [07:42:26][INFO] Added 48074 digits 
[2122:ITSDigitizer]: [07:42:26][INFO] Digitizing ITS hits of entry 6 from source 0 at time BCid: 2008 Orbit:      2 |T in BC(ns): -0.062 ROFrame= 23) cont.mode: 1 Min/Max ROFrames 18/22
[2122:ITSDigitizer]: [07:42:26][INFO] Filling ITS digits output for RO frames 18:22
[2122:ITSDigitizer]: ROF: 18 | 1779 entries starting from 1106815
[2122:ITSDigitizer]: BCid:    0 Orbit:      2
[2122:ITSDigitizer]: MCEventID: 5 ROFs: 18-19 Entry in ROFRecords: 18
[2122:ITSDigitizer]: ROF: 19 | 1948 entries starting from 1108594
[2122:ITSDigitizer]: BCid:  396 Orbit:      2
[2122:ITSDigitizer]: ROF: 20 | 1266 entries starting from 1110542
[2122:ITSDigitizer]: BCid:  792 Orbit:      2
[2122:ITSDigitizer]: ROF: 21 | 1281 entries starting from 1111808
[2122:ITSDigitizer]: BCid: 1188 Orbit:      2
[2122:ITSDigitizer]: ROF: 22 | 1288 entries starting from 1113089
[2122:ITSDigitizer]: BCid: 1584 Orbit:      2
[2122:ITSDigitizer]: [07:42:26][INFO] Added 7562 digits 
[2122:ITSDigitizer]: [07:42:26][INFO] Digitizing ITS hits of entry 7 from source 0 at time BCid: 2122 Orbit:      2 |T in BC(ns): 0.245 ROFrame= 23) cont.mode: 1 Min/Max ROFrames 23/24
[2122:ITSDigitizer]: [07:42:26][INFO] Digitizing ITS hits of entry 8 from source 0 at time BCid: 2150 Orbit:      2 |T in BC(ns): 0.262 ROFrame= 23) cont.mode: 1 Min/Max ROFrames 23/24
[2122:ITSDigitizer]: [07:42:26][INFO] Digitizing ITS hits of entry 9 from source 0 at time BCid:  838 Orbit:      3 |T in BC(ns): -0.065 ROFrame= 29) cont.mode: 1 Min/Max ROFrames 23/28
[2122:ITSDigitizer]: [07:42:26][INFO] Filling ITS digits output for RO frames 23:28
[2122:ITSDigitizer]: ROF: 23 | 86238 entries starting from 1114377
[2122:ITSDigitizer]: BCid: 1980 Orbit:      2
[2122:ITSDigitizer]: MCEventID: 6 ROFs: 23-24 Entry in ROFRecords: 23
[2122:ITSDigitizer]: MCEventID: 7 ROFs: 23-24 Entry in ROFRecords: 23
[2122:ITSDigitizer]: MCEventID: 8 ROFs: 23-24 Entry in ROFRecords: 23
[2122:ITSDigitizer]: ROF: 24 | 59719 entries starting from 1200615
[2122:ITSDigitizer]: BCid: 2376 Orbit:      2
[2122:ITSDigitizer]: ROF: 25 | 1247 entries starting from 1260334
[2122:ITSDigitizer]: BCid: 2772 Orbit:      2
[2122:ITSDigitizer]: ROF: 26 | 1309 entries starting from 1261581
[2122:ITSDigitizer]: BCid: 3168 Orbit:      2
[2122:ITSDigitizer]: ROF: 27 | 1301 entries starting from 1262890
[2122:ITSDigitizer]: BCid:    0 Orbit:      3
[2122:ITSDigitizer]: ROF: 28 | 1301 entries starting from 1264191
[2122:ITSDigitizer]: BCid:  396 Orbit:      3
[2122:ITSDigitizer]: [07:42:26][INFO] Added 151115 digits 
[2122:ITSDigitizer]: [07:42:26][INFO] Digitizing ITS hits of entry 10 from source 0 at time BCid: 1208 Orbit:      3 |T in BC(ns): -0.090 ROFrame= 30) cont.mode: 1 Min/Max ROFrames 29/31
[2122:ITSDigitizer]: [07:42:26][INFO] Filling ITS digits output for RO frames 29:29
[2122:ITSDigitizer]: ROF: 29 | 32548 entries starting from 1265492
[2122:ITSDigitizer]: BCid:  792 Orbit:      3
[2122:ITSDigitizer]: MCEventID: 9 ROFs: 29-31 Entry in ROFRecords: 29
[2122:ITSDigitizer]: [07:42:26][INFO] Added 32548 digits 
[2122:ITSDigitizer]: [07:42:26][INFO] Digitizing ITS hits of entry 11 from source 0 at time BCid: 1568 Orbit:      3 |T in BC(ns): 0.177 ROFrame= 30) cont.mode: 1 Min/Max ROFrames 30/31
[2122:ITSDigitizer]: [07:42:27][INFO] Digitizing ITS hits of entry 12 from source 0 at time BCid: 2136 Orbit:      3 |T in BC(ns): -0.046 ROFrame= 32) cont.mode: 1 Min/Max ROFrames 30/32
[2122:ITSDigitizer]: [07:42:27][INFO] Filling ITS digits output for RO frames 30:31
[2122:ITSDigitizer]: ROF: 30 | 104026 entries starting from 1298040
[2122:ITSDigitizer]: BCid: 1188 Orbit:      3
[2122:ITSDigitizer]: MCEventID: 10 ROFs: 30-30 Entry in ROFRecords: 30
[2122:ITSDigitizer]: MCEventID: 11 ROFs: 30-32 Entry in ROFRecords: 30
[2122:ITSDigitizer]: ROF: 31 | 118581 entries starting from 1402066
[2122:ITSDigitizer]: BCid: 1584 Orbit:      3
[2122:ITSDigitizer]: [07:42:28][INFO] Added 222607 digits 
[2122:ITSDigitizer]: [07:42:28][INFO] Digitizing ITS hits of entry 13 from source 0 at time BCid:  976 Orbit:      4 |T in BC(ns): 0.087 ROFrame= 38) cont.mode: 1 Min/Max ROFrames 32/37
[2122:ITSDigitizer]: [07:42:28][INFO] Filling ITS digits output for RO frames 32:37
[2122:ITSDigitizer]: ROF: 32 | 235586 entries starting from 1520647
[2122:ITSDigitizer]: BCid: 1980 Orbit:      3
[2122:ITSDigitizer]: MCEventID: 12 ROFs: 32-34 Entry in ROFRecords: 32
[2122:ITSDigitizer]: ROF: 33 | 235394 entries starting from 1756233
[2122:ITSDigitizer]: BCid: 2376 Orbit:      3
[2122:ITSDigitizer]: ROF: 34 | 1446 entries starting from 1991627
[2122:ITSDigitizer]: BCid: 2772 Orbit:      3
[2122:ITSDigitizer]: ROF: 35 | 1292 entries starting from 1993073
[2122:ITSDigitizer]: BCid: 3168 Orbit:      3
[2122:ITSDigitizer]: ROF: 36 | 1293 entries starting from 1994365
[2122:ITSDigitizer]: BCid:    0 Orbit:      4
[2122:ITSDigitizer]: ROF: 37 | 1260 entries starting from 1995658
[2122:ITSDigitizer]: BCid:  396 Orbit:      4
[2122:ITSDigitizer]: [07:42:28][INFO] Added 476271 digits 
[2122:ITSDigitizer]: [07:42:28][INFO] Digitizing ITS hits of entry 14 from source 0 at time BCid: 2140 Orbit:      4 |T in BC(ns): -0.455 ROFrame= 41) cont.mode: 1 Min/Max ROFrames 38/40
[2122:ITSDigitizer]: [07:42:28][INFO] Filling ITS digits output for RO frames 38:40
[2122:ITSDigitizer]: ROF: 38 | 1372 entries starting from 1996918
[2122:ITSDigitizer]: BCid:  792 Orbit:      4
[2122:ITSDigitizer]: MCEventID: 13 ROFs: 38-39 Entry in ROFRecords: 38
[2122:ITSDigitizer]: ROF: 39 | 1357 entries starting from 1998290
[2122:ITSDigitizer]: BCid: 1188 Orbit:      4
[2122:ITSDigitizer]: ROF: 40 | 1256 entries starting from 1999647
[2122:ITSDigitizer]: BCid: 1584 Orbit:      4
[2122:ITSDigitizer]: [07:42:28][INFO] Added 3985 digits 
[2122:ITSDigitizer]: [07:42:28][INFO] Digitizing ITS hits of entry 15 from source 0 at time BCid: 2152 Orbit:      4 |T in BC(ns): 0.002 ROFrame= 41) cont.mode: 1 Min/Max ROFrames 41/42
[2122:ITSDigitizer]: [07:42:28][INFO] Digitizing ITS hits of entry 16 from source 0 at time BCid: 1194 Orbit:      5 |T in BC(ns): 0.089 ROFrame= 48) cont.mode: 1 Min/Max ROFrames 41/47
[2122:ITSDigitizer]: [07:42:28][INFO] Filling ITS digits output for RO frames 41:47
[2122:ITSDigitizer]: ROF: 41 | 86221 entries starting from 2000903
[2122:ITSDigitizer]: BCid: 1980 Orbit:      4
[2122:ITSDigitizer]: MCEventID: 14 ROFs: 41-42 Entry in ROFRecords: 41
[2122:ITSDigitizer]: MCEventID: 15 ROFs: 41-43 Entry in ROFRecords: 41
[2122:ITSDigitizer]: ROF: 42 | 86157 entries starting from 2087124
[2122:ITSDigitizer]: BCid: 2376 Orbit:      4
[2122:ITSDigitizer]: ROF: 43 | 1394 entries starting from 2173281
[2122:ITSDigitizer]: BCid: 2772 Orbit:      4
[2122:ITSDigitizer]: ROF: 44 | 1266 entries starting from 2174675
[2122:ITSDigitizer]: BCid: 3168 Orbit:      4
[2122:ITSDigitizer]: ROF: 45 | 1290 entries starting from 2175941
[2122:ITSDigitizer]: BCid:    0 Orbit:      5
[2122:ITSDigitizer]: ROF: 46 | 1269 entries starting from 2177231
[2122:ITSDigitizer]: BCid:  396 Orbit:      5
[2122:ITSDigitizer]: ROF: 47 | 1239 entries starting from 2178500
[2122:ITSDigitizer]: BCid:  792 Orbit:      5
[2122:ITSDigitizer]: [07:42:28][INFO] Added 178836 digits 
[2122:ITSDigitizer]: [07:42:28][INFO] Digitizing ITS hits of entry 17 from source 0 at time BCid: 1228 Orbit:      5 |T in BC(ns): -0.197 ROFrame= 48) cont.mode: 1 Min/Max ROFrames 48/49
[2122:ITSDigitizer]: [07:42:29][INFO] Digitizing ITS hits of entry 18 from source 0 at time BCid: 1378 Orbit:      5 |T in BC(ns): -0.079 ROFrame= 48) cont.mode: 1 Min/Max ROFrames 48/49
[2122:ITSDigitizer]: [07:42:30][INFO] Digitizing ITS hits of entry 19 from source 0 at time BCid:    6 Orbit:      6 |T in BC(ns): 0.422 ROFrame= 54) cont.mode: 1 Min/Max ROFrames 48/53
[2122:ITSDigitizer]: [07:42:30][INFO] Filling ITS digits output for RO frames 48:53
[2122:ITSDigitizer]: ROF: 48 | 363520 entries starting from 2179739
[2122:ITSDigitizer]: BCid: 1188 Orbit:      5
[2122:ITSDigitizer]: MCEventID: 16 ROFs: 48-49 Entry in ROFRecords: 48
[2122:ITSDigitizer]: MCEventID: 17 ROFs: 48-49 Entry in ROFRecords: 48
[2122:ITSDigitizer]: MCEventID: 18 ROFs: 48-50 Entry in ROFRecords: 48
[2122:ITSDigitizer]: ROF: 49 | 172072 entries starting from 2543259
[2122:ITSDigitizer]: BCid: 1584 Orbit:      5
[2122:ITSDigitizer]: ROF: 50 | 1403 entries starting from 2715331
[2122:ITSDigitizer]: BCid: 1980 Orbit:      5
[2122:ITSDigitizer]: ROF: 51 | 1241 entries starting from 2716734
[2122:ITSDigitizer]: BCid: 2376 Orbit:      5
[2122:ITSDigitizer]: ROF: 52 | 1325 entries starting from 2717975
[2122:ITSDigitizer]: BCid: 2772 Orbit:      5
[2122:ITSDigitizer]: ROF: 53 | 1226 entries starting from 2719300
[2122:ITSDigitizer]: BCid: 3168 Orbit:      5
[2122:ITSDigitizer]: [07:42:30][INFO] Added 540787 digits 
[2122:ITSDigitizer]: [07:42:30][INFO] Filling ITS digits output for RO frames 54:55
[2122:ITSDigitizer]: ROF: 54 | 248675 entries starting from 2720526
[2122:ITSDigitizer]: BCid:    0 Orbit:      6
[2122:ITSDigitizer]: MCEventID: 19 ROFs: 54-55 Entry in ROFRecords: 54
[2122:ITSDigitizer]: ROF: 55 | 2409 entries starting from 2969201
[2122:ITSDigitizer]: BCid:  396 Orbit:      6
[2122:ITSDigitizer]: [07:42:30][INFO] Added 251084 digits 
[2122:ITSDigitizer]: [07:42:30][INFO] ITS: Sending ROMode= 3 to GRPUpdater
[2122:ITSDigitizer]: [07:42:30][INFO] Digitization took 7.56s
[2124:ITSDigitWriter]: [07:42:30][INFO] WRITING 2989419 LABELS 
[2123:GRPUpdater]: [07:42:30][INFO] Updated GRP in o2sim_grp.root for detectors RO mode
[2123:GRPUpdater]: Run: 1621488969
[2123:GRPUpdater]: Fill:      0
[2123:GRPUpdater]: Period: 
[2123:GRPUpdater]: LHC State: 
[2123:GRPUpdater]: Start: Thu May 20 07:36:11 2021
[2123:GRPUpdater]: End  : Thu May 20 07:36:12 2021
[2123:GRPUpdater]: Beam0: Z:A =   0:  0, Energy = 0.000
[2123:GRPUpdater]: Beam1: Z:A =   0:  0, Energy = 0.000
[2123:GRPUpdater]: sqrt[s]    = 0.000
[2123:GRPUpdater]: crossing angle (radian) = 0.000000e+00
[2123:GRPUpdater]: magnet currents (A) L3 = -30000.000, Dipole = -6000
[2123:GRPUpdater]: Detectors: Cont.RO Triggers
[2123:GRPUpdater]:       ITS:    +       -    
[2124:ITSDigitWriter]: [07:42:31][INFO] RECEIVED DIGITS SIZE 2971610
[INFO] Quitting
[INFO] QUIT_REQUESTED
[2121:SimReader]: [07:42:32][INFO] Received device shutdown request (signal 15).
[2121:SimReader]: [07:42:32][INFO] Waiting for graceful device shutdown. Hit Ctrl-C again to abort immediately.
[2123:GRPUpdater]: [07:42:32][INFO] Received device shutdown request (signal 15).
[2123:GRPUpdater]: [07:42:32][INFO] Waiting for graceful device shutdown. Hit Ctrl-C again to abort immediately.
[2124:ITSDigitWriter]: [07:42:32][INFO] Received device shutdown request (signal 15).
[2124:ITSDigitWriter]: [07:42:32][INFO] Waiting for graceful device shutdown. Hit Ctrl-C again to abort immediately.
[2120:internal-dpl-clock]: [07:42:32][INFO] Received device shutdown request (signal 15).
[2120:internal-dpl-clock]: [07:42:32][INFO] Waiting for graceful device shutdown. Hit Ctrl-C again to abort immediately.
[2121:SimReader]: [07:42:32][STATE] RUNNING ---> READY
[2122:ITSDigitizer]: [07:42:32][INFO] Received device shutdown request (signal 15).
[2122:ITSDigitizer]: [07:42:32][INFO] Waiting for graceful device shutdown. Hit Ctrl-C again to abort immediately.
[2121:SimReader]: [07:42:32][STATE] READY ---> RESETTING TASK
[2121:SimReader]: [07:42:32][STATE] RESETTING TASK ---> DEVICE READY
[2121:SimReader]: [07:42:32][STATE] DEVICE READY ---> RESETTING DEVICE
[2121:SimReader]: [07:42:32][STATE] RESETTING DEVICE ---> IDLE
[2121:SimReader]: [07:42:32][STATE] IDLE ---> EXITING
[2121:SimReader]: [07:42:32][STATE] Exiting FairMQ state machine
[2120:internal-dpl-clock]: [07:42:32][STATE] RUNNING ---> READY
[2122:ITSDigitizer]: [07:42:32][STATE] RUNNING ---> READY
[2120:internal-dpl-clock]: [07:42:32][STATE] READY ---> RESETTING TASK
[2120:internal-dpl-clock]: [07:42:32][STATE] RESETTING TASK ---> DEVICE READY
[2120:internal-dpl-clock]: [07:42:32][STATE] DEVICE READY ---> RESETTING DEVICE
[2123:GRPUpdater]: [07:42:32][STATE] RUNNING ---> READY
[2123:GRPUpdater]: [07:42:32][STATE] READY ---> RESETTING TASK
[2123:GRPUpdater]: [07:42:32][STATE] RESETTING TASK ---> DEVICE READY
[2123:GRPUpdater]: [07:42:32][STATE] DEVICE READY ---> RESETTING DEVICE
[2122:ITSDigitizer]: [07:42:32][STATE] READY ---> RESETTING TASK
[2122:ITSDigitizer]: [07:42:32][STATE] RESETTING TASK ---> DEVICE READY
[2122:ITSDigitizer]: [07:42:32][STATE] DEVICE READY ---> RESETTING DEVICE
[2123:GRPUpdater]: [07:42:32][STATE] RESETTING DEVICE ---> IDLE
[2123:GRPUpdater]: [07:42:32][STATE] IDLE ---> EXITING
[2120:internal-dpl-clock]: [07:42:32][STATE] RESETTING DEVICE ---> IDLE
[2120:internal-dpl-clock]: [07:42:32][STATE] IDLE ---> EXITING
[2123:GRPUpdater]: [07:42:32][STATE] Exiting FairMQ state machine
[2120:internal-dpl-clock]: [07:42:32][STATE] Exiting FairMQ state machine
[2122:ITSDigitizer]: [07:42:32][STATE] RESETTING DEVICE ---> IDLE
[2122:ITSDigitizer]: [07:42:32][STATE] IDLE ---> EXITING
[2122:ITSDigitizer]: [07:42:32][STATE] Exiting FairMQ state machine
[2124:ITSDigitWriter]: [07:42:36][STATE] RUNNING ---> READY
[2124:ITSDigitWriter]: [07:42:36][STATE] READY ---> RESETTING TASK
[2124:ITSDigitWriter]: [07:42:36][STATE] RESETTING TASK ---> DEVICE READY
[2124:ITSDigitWriter]: [07:42:36][STATE] DEVICE READY ---> RESETTING DEVICE
[2124:ITSDigitWriter]: Cleaning up for shared memory id '9a79b5e0'...
[2124:ITSDigitWriter]: No region counter found. No regions to cleanup.
[2124:ITSDigitWriter]: Successfully removed 'fmq_9a79b5e0_m_0'.
[2124:ITSDigitWriter]: Successfully removed 'fmq_9a79b5e0_mng'.
[2124:ITSDigitWriter]: Successfully removed 'fmq_9a79b5e0_mtx'.
[2124:ITSDigitWriter]: Successfully removed 'fmq_9a79b5e0_cv'.
[2124:ITSDigitWriter]: [07:42:36][STATE] RESETTING DEVICE ---> IDLE
[2124:ITSDigitWriter]: [07:42:36][STATE] IDLE ---> EXITING
[2124:ITSDigitWriter]: [07:42:36][STATE] Exiting FairMQ state machine
[INFO] Dumping used configuration in dpl-config.json

==============================================================================================
3. Tracking
[INFO] Initialising O2 Data Processing Layer
[INFO] O2 Data Processing Layer initialised. We brake for nobody.
[INFO] Optimised build. O2DEBUG / LOG(DEBUG) / LOGF(DEBUG) / assert statement will not be shown.
[INFO] Redeployment of configuration asked.
[INFO] Starting internal-dpl-clock on pid 3203
[INFO] Starting its-digit-reader on pid 3204
[INFO] Starting its-clusterer on pid 3205
[INFO] Starting its-cluster-writer on pid 3206
[INFO] Starting its-tracker on pid 3207
[INFO] Starting its-track-writer on pid 3208
[INFO] Redeployment of configuration done.
[3207:its-tracker]: [INFO] Spawing new device its-tracker in process with pid 3207
[3203:internal-dpl-clock]: [INFO] Spawing new device internal-dpl-clock in process with pid 3203
[3205:its-clusterer]: [INFO] Spawing new device its-clusterer in process with pid 3205
[3203:internal-dpl-clock]: [07:45:47][INFO] 
[3203:internal-dpl-clock]:       ______      _    _______  _________ 
[3203:internal-dpl-clock]:      / ____/___ _(_)_______   |/  /_  __ \    version 1.4.29
[3203:internal-dpl-clock]:     / /_  / __ `/ / ___/__  /|_/ /_  / / /    build RELWITHDEBINFO
[3203:internal-dpl-clock]:    / __/ / /_/ / / /    _  /  / / / /_/ /     https://github.com/FairRootGroup/FairMQ
[3203:internal-dpl-clock]:   /_/    \__,_/_/_/     /_/  /_/  \___\_\     LGPL-3.0  © 2012-2020 GSI
[3203:internal-dpl-clock]: 
[3203:internal-dpl-clock]: [07:45:47][STATE] Starting FairMQ state machine --> IDLE
[3205:its-clusterer]: [07:45:47][INFO] 
[3205:its-clusterer]:       ______      _    _______  _________ 
[3205:its-clusterer]:      / ____/___ _(_)_______   |/  /_  __ \    version 1.4.29
[3205:its-clusterer]:     / /_  / __ `/ / ___/__  /|_/ /_  / / /    build RELWITHDEBINFO
[3205:its-clusterer]:    / __/ / /_/ / / /    _  /  / / / /_/ /     https://github.com/FairRootGroup/FairMQ
[3205:its-clusterer]:   /_/    \__,_/_/_/     /_/  /_/  \___\_\     LGPL-3.0  © 2012-2020 GSI
[3205:its-clusterer]: 
[3205:its-clusterer]: [07:45:47][STATE] Starting FairMQ state machine --> IDLE
[3203:internal-dpl-clock]: 2021-05-20 07:45:47	Monitoring	[0;49mStdOut backend initialized[0m
[3203:internal-dpl-clock]: [07:45:47][STATE] IDLE ---> INITIALIZING DEVICE
[3204:its-digit-reader]: [INFO] Spawing new device its-digit-reader in process with pid 3204
[3205:its-clusterer]: 2021-05-20 07:45:47	Monitoring	[0;49mStdOut backend initialized[0m
[3205:its-clusterer]: [07:45:47][STATE] IDLE ---> INITIALIZING DEVICE
[3207:its-tracker]: [07:45:47][INFO] 
[3207:its-tracker]:       ______      _    _______  _________ 
[3207:its-tracker]:      / ____/___ _(_)_______   |/  /_  __ \    version 1.4.29
[3207:its-tracker]:     / /_  / __ `/ / ___/__  /|_/ /_  / / /    build RELWITHDEBINFO
[3207:its-tracker]:    / __/ / /_/ / / /    _  /  / / / /_/ /     https://github.com/FairRootGroup/FairMQ
[3207:its-tracker]:   /_/    \__,_/_/_/     /_/  /_/  \___\_\     LGPL-3.0  © 2012-2020 GSI
[3207:its-tracker]: 
[3207:its-tracker]: [07:45:47][STATE] Starting FairMQ state machine --> IDLE
[3203:internal-dpl-clock]: 2021-05-20 07:45:47	Monitoring	[0;49mBuffering enabled (100)[0m
[3203:internal-dpl-clock]: [07:45:47][STATE] INITIALIZING DEVICE ---> INITIALIZED
[3203:internal-dpl-clock]: [07:45:47][STATE] INITIALIZED ---> BINDING
[3203:internal-dpl-clock]: [07:45:47][STATE] BINDING ---> BOUND
[3203:internal-dpl-clock]: [07:45:47][STATE] BOUND ---> CONNECTING
[3203:internal-dpl-clock]: [07:45:47][STATE] CONNECTING ---> DEVICE READY
[3203:internal-dpl-clock]: [07:45:47][STATE] DEVICE READY ---> INITIALIZING TASK
[3203:internal-dpl-clock]: [07:45:47][STATE] INITIALIZING TASK ---> READY
[3203:internal-dpl-clock]: [07:45:47][STATE] READY ---> RUNNING
[3203:internal-dpl-clock]: [07:45:47][INFO] DEVICE: Running...
[3204:its-digit-reader]: [07:45:47][INFO] 
[3204:its-digit-reader]:       ______      _    _______  _________ 
[3204:its-digit-reader]:      / ____/___ _(_)_______   |/  /_  __ \    version 1.4.29
[3204:its-digit-reader]:     / /_  / __ `/ / ___/__  /|_/ /_  / / /    build RELWITHDEBINFO
[3204:its-digit-reader]:    / __/ / /_/ / / /    _  /  / / / /_/ /     https://github.com/FairRootGroup/FairMQ
[3204:its-digit-reader]:   /_/    \__,_/_/_/     /_/  /_/  \___\_\     LGPL-3.0  © 2012-2020 GSI
[3204:its-digit-reader]: 
[3204:its-digit-reader]: [07:45:47][STATE] Starting FairMQ state machine --> IDLE
[3204:its-digit-reader]: 2021-05-20 07:45:47	Monitoring	[0;49mStdOut backend initialized[0m
[3204:its-digit-reader]: [07:45:47][STATE] IDLE ---> INITIALIZING DEVICE
[3205:its-clusterer]: 2021-05-20 07:45:47	Monitoring	[0;49mBuffering enabled (100)[0m
[3207:its-tracker]: 2021-05-20 07:45:47	Monitoring	[0;49mStdOut backend initialized[0m
[3207:its-tracker]: [07:45:47][STATE] IDLE ---> INITIALIZING DEVICE
[3207:its-tracker]: 2021-05-20 07:45:47	Monitoring	[0;49mBuffering enabled (100)[0m
[3207:its-tracker]: [07:45:47][INFO] Created GPUReconstruction instance for device type CPU (1) 
[3204:its-digit-reader]: 2021-05-20 07:45:47	Monitoring	[0;49mBuffering enabled (100)[0m
[3205:its-clusterer]: [07:45:47][INFO] Dictionary ITSdictionary.bin is absent, ITSClusterer expects cluster patterns
[3205:its-clusterer]: [07:45:47][INFO] Clusterizer masks overflow pixels separated by < 406 BC and <= 0 in row/col
[3205:its-clusterer]: [07:45:47][INFO] Inclusive clusterization timing (w/o disk IO): Cpu: 0 Real: 0 s in 1 slots
[3205:its-clusterer]: [07:45:47][INFO] Threads output merging timing                : Cpu: 0 Real: 0 s in 1 slots
[3206:its-cluster-writer]: [INFO] Spawing new device its-cluster-writer in process with pid 3206
[3206:its-cluster-writer]: [07:45:47][INFO] 
[3206:its-cluster-writer]:       ______      _    _______  _________ 
[3206:its-cluster-writer]:      / ____/___ _(_)_______   |/  /_  __ \    version 1.4.29
[3206:its-cluster-writer]:     / /_  / __ `/ / ___/__  /|_/ /_  / / /    build RELWITHDEBINFO
[3206:its-cluster-writer]:    / __/ / /_/ / / /    _  /  / / / /_/ /     https://github.com/FairRootGroup/FairMQ
[3206:its-cluster-writer]:   /_/    \__,_/_/_/     /_/  /_/  \___\_\     LGPL-3.0  © 2012-2020 GSI
[3206:its-cluster-writer]: 
[3206:its-cluster-writer]: [07:45:47][STATE] Starting FairMQ state machine --> IDLE
[3206:its-cluster-writer]: 2021-05-20 07:45:47	Monitoring	[0;49mStdOut backend initialized[0m
[3206:its-cluster-writer]: [07:45:47][STATE] IDLE ---> INITIALIZING DEVICE
[3205:its-clusterer]: [07:45:47][STATE] INITIALIZING DEVICE ---> INITIALIZED
[3205:its-clusterer]: [07:45:47][STATE] INITIALIZED ---> BINDING
[3205:its-clusterer]: [07:45:47][STATE] BINDING ---> BOUND
[3205:its-clusterer]: [07:45:47][STATE] BOUND ---> CONNECTING
[3205:its-clusterer]: [07:45:47][STATE] CONNECTING ---> DEVICE READY
[3205:its-clusterer]: [07:45:47][STATE] DEVICE READY ---> INITIALIZING TASK
[3205:its-clusterer]: [07:45:47][STATE] INITIALIZING TASK ---> READY
[3205:its-clusterer]: [07:45:47][STATE] READY ---> RUNNING
[3205:its-clusterer]: [07:45:47][INFO] DEVICE: Running...
[3204:its-digit-reader]: [07:45:47][STATE] INITIALIZING DEVICE ---> INITIALIZED
[3204:its-digit-reader]: [07:45:47][STATE] INITIALIZED ---> BINDING
[3204:its-digit-reader]: [07:45:47][STATE] BINDING ---> BOUND
[3204:its-digit-reader]: [07:45:47][STATE] BOUND ---> CONNECTING
[3204:its-digit-reader]: [07:45:47][STATE] CONNECTING ---> DEVICE READY
[3204:its-digit-reader]: [07:45:47][STATE] DEVICE READY ---> INITIALIZING TASK
[3204:its-digit-reader]: [07:45:47][STATE] INITIALIZING TASK ---> READY
[3204:its-digit-reader]: [07:45:47][STATE] READY ---> RUNNING
[3204:its-digit-reader]: [07:45:47][INFO] DEVICE: Running...
[3206:its-cluster-writer]: 2021-05-20 07:45:47	Monitoring	[0;49mBuffering enabled (100)[0m
[3206:its-cluster-writer]: [07:45:47][INFO] 0: branch  ITSClusterComp set up
[3206:its-cluster-writer]: [07:45:47][INFO] 1: branch  ITSClusterPatt set up
[3206:its-cluster-writer]: [07:45:47][INFO] 2: branch  ITSClustersROF set up
[3206:its-cluster-writer]: [07:45:47][INFO] 3: branch  ITSClusterMCTruth set up
[3206:its-cluster-writer]: [07:45:47][INFO] 4: branch  ITSClustersMC2ROF set up
[3206:its-cluster-writer]: [07:45:47][STATE] INITIALIZING DEVICE ---> INITIALIZED
[3206:its-cluster-writer]: [07:45:47][STATE] INITIALIZED ---> BINDING
[3206:its-cluster-writer]: [07:45:47][STATE] BINDING ---> BOUND
[3206:its-cluster-writer]: [07:45:47][STATE] BOUND ---> CONNECTING
[3206:its-cluster-writer]: [07:45:47][STATE] CONNECTING ---> DEVICE READY
[3206:its-cluster-writer]: [07:45:47][STATE] DEVICE READY ---> INITIALIZING TASK
[3206:its-cluster-writer]: [07:45:47][STATE] INITIALIZING TASK ---> READY
[3206:its-cluster-writer]: [07:45:47][STATE] READY ---> RUNNING
[3206:its-cluster-writer]: [07:45:47][INFO] DEVICE: Running...
[3208:its-track-writer]: [INFO] Spawing new device its-track-writer in process with pid 3208
[3208:its-track-writer]: [07:45:47][INFO] 
[3208:its-track-writer]:       ______      _    _______  _________ 
[3208:its-track-writer]:      / ____/___ _(_)_______   |/  /_  __ \    version 1.4.29
[3208:its-track-writer]:     / /_  / __ `/ / ___/__  /|_/ /_  / / /    build RELWITHDEBINFO
[3208:its-track-writer]:    / __/ / /_/ / / /    _  /  / / / /_/ /     https://github.com/FairRootGroup/FairMQ
[3208:its-track-writer]:   /_/    \__,_/_/_/     /_/  /_/  \___\_\     LGPL-3.0  © 2012-2020 GSI
[3208:its-track-writer]: 
[3208:its-track-writer]: [07:45:47][STATE] Starting FairMQ state machine --> IDLE
[3208:its-track-writer]: 2021-05-20 07:45:47	Monitoring	[0;49mStdOut backend initialized[0m
[3208:its-track-writer]: [07:45:47][STATE] IDLE ---> INITIALIZING DEVICE
[3208:its-track-writer]: 2021-05-20 07:45:47	Monitoring	[0;49mBuffering enabled (100)[0m
[3208:its-track-writer]: [07:45:47][INFO] 0: branch  ITSTrack set up
[3207:its-tracker]: [07:45:47][INFO] MagneticField::Print: MagneticFieldMap:
[3207:its-tracker]: [07:45:47][INFO] MagneticField::Print: Solenoid (-1*)5 kG, Dipole ON (-1) 
[3207:its-tracker]: [07:45:47][INFO] MagneticField::Print: Machine B fields for p-p  beam (7000 GeV): QGrad: 22.0002 Dipole: 37.8781
[3207:its-tracker]: [07:45:47][INFO] MagneticField::Print: Uses Sol30_Dip6_Hole  of /cvmfs/alice.cern.ch/el7-x86_64/Packages/O2/nightly-20210129-1/share/Common/maps/mfchebKGI_sym.root
[3208:its-track-writer]: [07:45:47][INFO] 1: branch  ITSTrackClusIdx set up
[3207:its-tracker]: Info in <TGeoGlobalMagField::SetField>: Global magnetic field set to <MagneticFieldMap>
[3207:its-tracker]: Info in <TGeoGlobalMagField::Lock>: Global magnetic field <MagneticFieldMap> is now locked
[3207:its-tracker]: [07:45:47][INFO] Loading geometry FAIRGeom from o2sim_geometry.root
[3208:its-track-writer]: [07:45:47][INFO] 2: branch  Vertices set up
[3208:its-track-writer]: [07:45:47][INFO] 3: branch  VerticesROF set up
[3208:its-track-writer]: [07:45:47][INFO] 4: branch  ITSTracksROF set up
[3208:its-track-writer]: [07:45:47][INFO] 5: branch  ITSTrackMCTruth set up
[3208:its-track-writer]: [07:45:47][INFO] 6: branch  ITSTracksMC2ROF set up
[3208:its-track-writer]: [07:45:47][STATE] INITIALIZING DEVICE ---> INITIALIZED
[3208:its-track-writer]: [07:45:47][STATE] INITIALIZED ---> BINDING
[3208:its-track-writer]: [07:45:47][STATE] BINDING ---> BOUND
[3208:its-track-writer]: [07:45:47][STATE] BOUND ---> CONNECTING
[3208:its-track-writer]: [07:45:47][STATE] CONNECTING ---> DEVICE READY
[3208:its-track-writer]: [07:45:47][STATE] DEVICE READY ---> INITIALIZING TASK
[3208:its-track-writer]: [07:45:47][STATE] INITIALIZING TASK ---> READY
[3208:its-track-writer]: [07:45:47][STATE] READY ---> RUNNING
[3208:its-track-writer]: [07:45:47][INFO] DEVICE: Running...
[3207:its-tracker]: Info in <TGeoManager::CloseGeometry>: Geometry loaded from file...
[3207:its-tracker]: Info in <TGeoManager::SetTopVolume>: Top volume is cave. Master volume is cave
[3207:its-tracker]: Info in <TGeoNavigator::BuildCache>: --- Maximum geometry depth set to 100
[3207:its-tracker]: Info in <TGeoManager::CloseGeometry>: Voxelization retrieved from file
[3207:its-tracker]: Info in <TGeoManager::CountLevels>: max level = 9, max placements = 126
[3207:its-tracker]: Info in <TGeoManager::CloseGeometry>: 179840 nodes/ 399 volume UID's in FAIR geometry
[3207:its-tracker]: Info in <TGeoManager::CloseGeometry>: ----------------modeler ready----------------
[3207:its-tracker]: [07:45:49][INFO] Loading ITS T2L matrices from TGeo
[3207:its-tracker]: [07:45:49][WARN] It is faster to use 2D rotation for T2G instead of full Transform3D matrices
[3207:its-tracker]: [07:45:49][INFO] Loading ITS T2G matrices from TGeo
[3204:its-digit-reader]: [07:45:49][INFO] ITSDigitReader pushed 2971610 digits, in 56 RO frames
[3207:its-tracker]: [07:45:50][INFO] Loading ITS T2G rotation 2D matrices
[3207:its-tracker]: [07:45:50][INFO] Initializing tracker in sync. phase reconstruction with 1 passes
[3207:its-tracker]: [07:45:50][INFO] Not using lookup table for material budget approximation
[3207:its-tracker]: [07:45:50][INFO] Dictionary ITSdictionary.bin is absent, Tracker expects cluster patterns
[3207:its-tracker]: [07:45:50][STATE] INITIALIZING DEVICE ---> INITIALIZED
[3207:its-tracker]: [07:45:50][STATE] INITIALIZED ---> BINDING
[3207:its-tracker]: [07:45:50][STATE] BINDING ---> BOUND
[3207:its-tracker]: [07:45:50][STATE] BOUND ---> CONNECTING
[3207:its-tracker]: [07:45:50][STATE] CONNECTING ---> DEVICE READY
[3207:its-tracker]: [07:45:50][STATE] DEVICE READY ---> INITIALIZING TASK
[3207:its-tracker]: [07:45:50][STATE] INITIALIZING TASK ---> READY
[3207:its-tracker]: [07:45:50][STATE] READY ---> RUNNING
[3207:its-tracker]: [07:45:50][INFO] DEVICE: Running...
[3205:its-clusterer]: [07:45:50][INFO] ITSClusterer pulled 2971610 digits, in 56 RO frames
[3205:its-clusterer]: [07:45:50][INFO] ITSClusterer pulled 2989419 labels 
[3205:its-clusterer]: [07:45:50][INFO] ITSClusterer pushed 492018 clusters, in 56 RO frames
[3206:its-cluster-writer]: [07:45:51][INFO] ITSClusterWriter pulled 492018 clusters, in 56 RO frames
[3207:its-tracker]: [07:45:51][INFO] ITSTracker pulled 492018 clusters, 56 RO frames
[3207:its-tracker]: [07:45:51][INFO] 492018 MC label objects , in 20 MC events
[3207:its-tracker]: [07:45:51][INFO] ITSTracker RO: continuous=1
[3207:its-tracker]: [07:45:51][INFO] Loading ITS L2G matrices from TGeo
[3207:its-tracker]: [07:45:51][INFO] ROframe: 0, clusters loaded : 1283
[3207:its-tracker]:  - Vertexer initialisation completed in: 0.268974 ms
[3207:its-tracker]:  - Tracklet finding completed in: 0.018706 ms
[3207:its-tracker]:  - Adjacent tracklets validation completed in: 0.004471 ms
[3207:its-tracker]:  - Vertex finding completed in: 0.007834 ms
[3207:its-tracker]: [07:45:51][INFO] Found tracks: 0
[3207:its-tracker]: [07:45:51][INFO] ROframe: 1, clusters loaded : 1267
[3207:its-tracker]:  - Vertexer initialisation completed in: 0.235556 ms
[3207:its-tracker]:  - Tracklet finding completed in: 0.026783 ms
[3207:its-tracker]:  - Adjacent tracklets validation completed in: 0.000543 ms
[3207:its-tracker]:  - Vertex finding completed in: 0.000419 ms
[3207:its-tracker]: [07:45:51][INFO] Found tracks: 0
[3207:its-tracker]: [07:45:51][INFO] ROframe: 2, clusters loaded : 1323
[3207:its-tracker]:  - Vertexer initialisation completed in: 0.20826 ms
[3207:its-tracker]:  - Tracklet finding completed in: 0.001557 ms
[3207:its-tracker]:  - Adjacent tracklets validation completed in: 0.000446 ms
[3207:its-tracker]:  - Vertex finding completed in: 0.000302 ms
[3207:its-tracker]: [07:45:51][INFO] Found tracks: 0
[3207:its-tracker]: [07:45:51][INFO] ROframe: 3, clusters loaded : 1229
[3207:its-tracker]:  - Vertexer initialisation completed in: 0.220615 ms
[3207:its-tracker]:  - Tracklet finding completed in: 0.001421 ms
[3207:its-tracker]:  - Adjacent tracklets validation completed in: 0.000444 ms
[3207:its-tracker]:  - Vertex finding completed in: 0.000584 ms
[3207:its-tracker]: [07:45:51][INFO] Found tracks: 0
[3207:its-tracker]: [07:45:51][INFO] ROframe: 4, clusters loaded : 1245
[3207:its-tracker]:  - Vertexer initialisation completed in: 0.21367 ms
[3207:its-tracker]:  - Tracklet finding completed in: 0.001231 ms
[3207:its-tracker]:  - Adjacent tracklets validation completed in: 0.000353 ms
[3207:its-tracker]:  - Vertex finding completed in: 0.000451 ms
[3207:its-tracker]: [07:45:51][INFO] Found tracks: 0
[3207:its-tracker]: [07:45:51][INFO] ROframe: 5, clusters loaded : 1248
[3207:its-tracker]:  - Vertexer initialisation completed in: 0.211053 ms
[3207:its-tracker]:  - Tracklet finding completed in: 0.001132 ms
[3207:its-tracker]:  - Adjacent tracklets validation completed in: 0.000305 ms
[3207:its-tracker]:  - Vertex finding completed in: 0.00039 ms
[3207:its-tracker]: [07:45:51][INFO] Found tracks: 0
[3207:its-tracker]: [07:45:51][INFO] ROframe: 6, clusters loaded : 1259
[3207:its-tracker]:  - Vertexer initialisation completed in: 0.225168 ms
[3207:its-tracker]:  - Tracklet finding completed in: 0.00173 ms
[3207:its-tracker]:  - Adjacent tracklets validation completed in: 0.00039 ms
[3207:its-tracker]:  - Vertex finding completed in: 0.000329 ms
[3207:its-tracker]: [07:45:51][INFO] Found tracks: 0
[3207:its-tracker]: [07:45:51][INFO] ROframe: 7, clusters loaded : 1258
[3207:its-tracker]:  - Vertexer initialisation completed in: 0.210984 ms
[3207:its-tracker]:  - Tracklet finding completed in: 0.001416 ms
[3207:its-tracker]:  - Adjacent tracklets validation completed in: 0.000307 ms
[3207:its-tracker]:  - Vertex finding completed in: 0.000319 ms
[3207:its-tracker]: [07:45:51][INFO] Found tracks: 0
[3207:its-tracker]: [07:45:51][INFO] ROframe: 8, clusters loaded : 1247
[3207:its-tracker]:  - Vertexer initialisation completed in: 0.20136 ms
[3207:its-tracker]:  - Tracklet finding completed in: 0.004147 ms
[3207:its-tracker]:  - Adjacent tracklets validation completed in: 0.000341 ms
[3207:its-tracker]:  - Vertex finding completed in: 0.000338 ms
[3207:its-tracker]: [07:45:51][INFO] Found tracks: 0
[3207:its-tracker]: [07:45:51][INFO] ROframe: 9, clusters loaded : 28138
[3207:its-tracker]:  - Vertexer initialisation completed in: 1.84129 ms
[3207:its-tracker]:  - Tracklet finding completed in: 6.97303 ms
[3207:its-tracker]:  - Adjacent tracklets validation completed in: 1.40824 ms
[3207:its-tracker]:  - Vertex finding completed in: 0.269768 ms
[3207:its-tracker]: 		Found vertex with:   1425 contributors
[3207:its-tracker]:  - Context initialisation completed in: 3.87991 ms
[3207:its-tracker]:  - Tracklet finding completed in: 14.7944 ms
[3207:its-tracker]:  - Cell finding completed in: 6.46211 ms
[3207:its-tracker]:  - Neighbour finding completed in: 1.23669 ms
[3207:its-tracker]:  - Road finding completed in: 0.678621 ms
[3207:its-tracker]:  - Track finding completed in: 21.8473 ms
[3207:its-tracker]:  - Vertex processing completed in: 48.899ms
[3207:its-tracker]:  - Context initialisation completed in: 0.369438 ms
[3207:its-tracker]:  - Tracklet finding completed in: 8.9997 ms
[3207:its-tracker]:  - Cell finding completed in: 2.05341 ms
[3207:its-tracker]:  - Neighbour finding completed in: 0.261006 ms
[3207:its-tracker]:  - Road finding completed in: 0.002038 ms
[3207:its-tracker]:  - Track finding completed in: 0.000769 ms
[3207:its-tracker]:  - Vertex processing completed in: 11.6864ms
[3207:its-tracker]: [07:45:51][INFO] Found tracks: 1192
[3207:its-tracker]: [07:45:51][INFO] ROframe: 10, clusters loaded : 1304
[3207:its-tracker]:  - Vertexer initialisation completed in: 0.226934 ms
[3207:its-tracker]:  - Tracklet finding completed in: 0.003457 ms
[3207:its-tracker]:  - Adjacent tracklets validation completed in: 0.000787 ms
[3207:its-tracker]:  - Vertex finding completed in: 0.0011 ms
[3207:its-tracker]: [07:45:51][INFO] Found tracks: 0
[3207:its-tracker]: [07:45:51][INFO] ROframe: 11, clusters loaded : 120878
[3207:its-tracker]:  - Vertexer initialisation completed in: 6.98435 ms
[3207:its-tracker]:  - Tracklet finding completed in: 96.4174 ms
[3207:its-tracker]:  - Adjacent tracklets validation completed in: 61.0962 ms
[3207:its-tracker]:  - Vertex finding completed in: 3.76064 ms
[3207:its-tracker]: 		Found vertex with:   3564 contributors
[3207:its-tracker]: 		Found vertex with:   1488 contributors
[3207:its-tracker]: 		Found vertex with:    639 contributors
[3207:its-tracker]:  - Context initialisation completed in: 7.88621 ms
[3207:its-tracker]:  - Tracklet finding completed in: 130.11 ms
[3207:its-tracker]:  - Cell finding completed in: 118.191 ms
[3207:its-tracker]:  - Neighbour finding completed in: 4.92091 ms
[3207:its-tracker]:  - Road finding completed in: 1.91216 ms
[3207:its-tracker]:  - Track finding completed in: 56.1589 ms
[3207:its-tracker]:  - Vertex processing completed in: 319.18ms
[3207:its-tracker]:  - Context initialisation completed in: 2.09719 ms
[3207:its-tracker]:  - Tracklet finding completed in: 97.2742 ms
[3207:its-tracker]:  - Cell finding completed in: 56.4704 ms
[3207:its-tracker]:  - Neighbour finding completed in: 1.83318 ms
[3207:its-tracker]:  - Road finding completed in: 0.33486 ms
[3207:its-tracker]:  - Track finding completed in: 23.5519 ms
[3207:its-tracker]:  - Vertex processing completed in: 181.562ms
[3207:its-tracker]:  - Context initialisation completed in: 1.46982 ms
[3207:its-tracker]:  - Tracklet finding completed in: 97.7135 ms
[3207:its-tracker]:  - Cell finding completed in: 37.4986 ms
[3207:its-tracker]:  - Neighbour finding completed in: 0.958372 ms
[3207:its-tracker]:  - Road finding completed in: 0.143711 ms
[3207:its-tracker]:  - Track finding completed in: 9.19353 ms
[3207:its-tracker]:  - Vertex processing completed in: 146.978ms
[3207:its-tracker]:  - Context initialisation completed in: 1.20017 ms
[3207:its-tracker]:  - Tracklet finding completed in: 81.2628 ms
[3207:its-tracker]:  - Cell finding completed in: 41.4967 ms
[3207:its-tracker]:  - Neighbour finding completed in: 1.22704 ms
[3207:its-tracker]:  - Road finding completed in: 0.004984 ms
[3207:its-tracker]:  - Track finding completed in: 0.000553 ms
[3207:its-tracker]:  - Vertex processing completed in: 125.192ms
[3207:its-tracker]:  - Context initialisation completed in: 1.22986 ms
[3207:its-tracker]:  - Tracklet finding completed in: 84.7265 ms
[3207:its-tracker]:  - Cell finding completed in: 35.3971 ms
[3207:its-tracker]:  - Neighbour finding completed in: 0.642632 ms
[3207:its-tracker]:  - Road finding completed in: 0.002935 ms
[3207:its-tracker]:  - Track finding completed in: 0.000596 ms
[3207:its-tracker]:  - Vertex processing completed in: 122ms
[3207:its-tracker]:  - Context initialisation completed in: 1.07771 ms
[3207:its-tracker]:  - Tracklet finding completed in: 93.7139 ms
[3207:its-tracker]:  - Cell finding completed in: 27.277 ms
[3207:its-tracker]:  - Neighbour finding completed in: 0.361482 ms
[3207:its-tracker]:  - Road finding completed in: 0.004768 ms
[3207:its-tracker]:  - Track finding completed in: 0.000427 ms
[3207:its-tracker]:  - Vertex processing completed in: 122.435ms
[3207:its-tracker]: [07:45:52][INFO] Found tracks: 4807
[3207:its-tracker]: [07:45:52][INFO] ROframe: 12, clusters loaded : 1365
[3207:its-tracker]:  - Vertexer initialisation completed in: 0.130703 ms
[3207:its-tracker]:  - Tracklet finding completed in: 0.002961 ms
[3207:its-tracker]:  - Adjacent tracklets validation completed in: 0.000591 ms
[3207:its-tracker]:  - Vertex finding completed in: 0.000842 ms
[3207:its-tracker]: [07:45:52][INFO] Found tracks: 0
[3207:its-tracker]: [07:45:52][INFO] ROframe: 13, clusters loaded : 5644
[3207:its-tracker]:  - Vertexer initialisation completed in: 0.256301 ms
[3207:its-tracker]:  - Tracklet finding completed in: 0.157638 ms
[3207:its-tracker]:  - Adjacent tracklets validation completed in: 0.030955 ms
[3207:its-tracker]:  - Vertex finding completed in: 0.022717 ms
[3207:its-tracker]: 		Found vertex with:    177 contributors
[3207:its-tracker]:  - Context initialisation completed in: 1.22996 ms
[3207:its-tracker]:  - Tracklet finding completed in: 0.85707 ms
[3207:its-tracker]:  - Cell finding completed in: 0.20551 ms
[3207:its-tracker]:  - Neighbour finding completed in: 0.083594 ms
[3207:its-tracker]:  - Road finding completed in: 0.024202 ms
[3207:its-tracker]:  - Track finding completed in: 1.54876 ms
[3207:its-tracker]:  - Vertex processing completed in: 3.9491ms
[3207:its-tracker]:  - Context initialisation completed in: 0.034045 ms
[3207:its-tracker]:  - Tracklet finding completed in: 0.67866 ms
[3207:its-tracker]:  - Cell finding completed in: 0.102696 ms
[3207:its-tracker]:  - Neighbour finding completed in: 0.023956 ms
[3207:its-tracker]:  - Road finding completed in: 0.000365 ms
[3207:its-tracker]:  - Track finding completed in: 0.000166 ms
[3207:its-tracker]:  - Vertex processing completed in: 0.839888ms
[3207:its-tracker]: [07:45:52][INFO] Found tracks: 161
[3207:its-tracker]: [07:45:52][INFO] ROframe: 14, clusters loaded : 1215
[3207:its-tracker]:  - Vertexer initialisation completed in: 0.144236 ms
[3207:its-tracker]:  - Tracklet finding completed in: 0.000927 ms
[3207:its-tracker]:  - Adjacent tracklets validation completed in: 0.000443 ms
[3207:its-tracker]:  - Vertex finding completed in: 0.00032 ms
[3207:its-tracker]: [07:45:52][INFO] Found tracks: 0
[3207:its-tracker]: [07:45:52][INFO] ROframe: 15, clusters loaded : 1252
[3207:its-tracker]:  - Vertexer initialisation completed in: 0.119724 ms
[3207:its-tracker]:  - Tracklet finding completed in: 0.001082 ms
[3207:its-tracker]:  - Adjacent tracklets validation completed in: 0.000195 ms
[3207:its-tracker]:  - Vertex finding completed in: 0.000164 ms
[3207:its-tracker]: [07:45:52][INFO] Found tracks: 0
[3207:its-tracker]: [07:45:52][INFO] ROframe: 16, clusters loaded : 1225
[3207:its-tracker]:  - Vertexer initialisation completed in: 0.129321 ms
[3207:its-tracker]:  - Tracklet finding completed in: 0.000894 ms
[3207:its-tracker]:  - Adjacent tracklets validation completed in: 0.000154 ms
[3207:its-tracker]:  - Vertex finding completed in: 0.000141 ms
[3207:its-tracker]: [07:45:52][INFO] Found tracks: 0
[3207:its-tracker]: [07:45:52][INFO] ROframe: 17, clusters loaded : 1220
[3207:its-tracker]:  - Vertexer initialisation completed in: 0.116709 ms
[3207:its-tracker]:  - Tracklet finding completed in: 0.00073 ms
[3207:its-tracker]:  - Adjacent tracklets validation completed in: 0.000146 ms
[3207:its-tracker]:  - Vertex finding completed in: 0.000122 ms
[3207:its-tracker]: [07:45:52][INFO] Found tracks: 0
[3207:its-tracker]: [07:45:52][INFO] ROframe: 18, clusters loaded : 1445
[3207:its-tracker]:  - Vertexer initialisation completed in: 0.118132 ms
[3207:its-tracker]:  - Tracklet finding completed in: 0.004894 ms
[3207:its-tracker]:  - Adjacent tracklets validation completed in: 0.000921 ms
[3207:its-tracker]:  - Vertex finding completed in: 0.00524 ms
[3207:its-tracker]: 		Found vertex with:      5 contributors
[3207:its-tracker]:  - Context initialisation completed in: 1.05159 ms
[3207:its-tracker]:  - Tracklet finding completed in: 0.113375 ms
[3207:its-tracker]:  - Cell finding completed in: 0.007554 ms
[3207:its-tracker]:  - Neighbour finding completed in: 0.01071 ms
[3207:its-tracker]:  - Road finding completed in: 0.001793 ms
[3207:its-tracker]:  - Track finding completed in: 0.054407 ms
[3207:its-tracker]:  - Vertex processing completed in: 1.23943ms
[3207:its-tracker]:  - Context initialisation completed in: 0.003329 ms
[3207:its-tracker]:  - Tracklet finding completed in: 0.105606 ms
[3207:its-tracker]:  - Cell finding completed in: 0.00467 ms
[3207:its-tracker]:  - Neighbour finding completed in: 0.0016 ms
[3207:its-tracker]:  - Road finding completed in: 0.000137 ms
[3207:its-tracker]:  - Track finding completed in: 0.00017 ms
[3207:its-tracker]:  - Vertex processing completed in: 0.115512ms
[3207:its-tracker]: [07:45:52][INFO] Found tracks: 5
[3207:its-tracker]: [07:45:52][INFO] ROframe: 19, clusters loaded : 1386
[3207:its-tracker]:  - Vertexer initialisation completed in: 0.121699 ms
[3207:its-tracker]:  - Tracklet finding completed in: 0.00424 ms
[3207:its-tracker]:  - Adjacent tracklets validation completed in: 0.000682 ms
[3207:its-tracker]:  - Vertex finding completed in: 0.000383 ms
[3207:its-tracker]: [07:45:52][INFO] Found tracks: 0
[3207:its-tracker]: [07:45:52][INFO] ROframe: 20, clusters loaded : 1266
[3207:its-tracker]:  - Vertexer initialisation completed in: 0.122185 ms
[3207:its-tracker]:  - Tracklet finding completed in: 0.000586 ms
[3207:its-tracker]:  - Adjacent tracklets validation completed in: 0.000166 ms
[3207:its-tracker]:  - Vertex finding completed in: 0.000195 ms
[3207:its-tracker]: [07:45:52][INFO] Found tracks: 0
[3207:its-tracker]: [07:45:52][INFO] ROframe: 21, clusters loaded : 1281
[3207:its-tracker]:  - Vertexer initialisation completed in: 0.120552 ms
[3207:its-tracker]:  - Tracklet finding completed in: 0.000537 ms
[3207:its-tracker]:  - Adjacent tracklets validation completed in: 0.000126 ms
[3207:its-tracker]:  - Vertex finding completed in: 0.000204 ms
[3207:its-tracker]: [07:45:52][INFO] Found tracks: 0
[3207:its-tracker]: [07:45:52][INFO] ROframe: 22, clusters loaded : 1288
[3207:its-tracker]:  - Vertexer initialisation completed in: 0.122749 ms
[3207:its-tracker]:  - Tracklet finding completed in: 0.00078 ms
[3207:its-tracker]:  - Adjacent tracklets validation completed in: 0.000199 ms
[3207:its-tracker]:  - Vertex finding completed in: 0.000109 ms
[3207:its-tracker]: [07:45:52][INFO] Found tracks: 0
[3207:its-tracker]: [07:45:52][INFO] ROframe: 23, clusters loaded : 20780
[3207:its-tracker]:  - Vertexer initialisation completed in: 0.861337 ms
[3207:its-tracker]:  - Tracklet finding completed in: 1.7339 ms
[3207:its-tracker]:  - Adjacent tracklets validation completed in: 0.369323 ms
[3207:its-tracker]:  - Vertex finding completed in: 0.155689 ms
[3207:its-tracker]: 		Found vertex with:    640 contributors
[3207:its-tracker]: 		Found vertex with:    306 contributors
[3207:its-tracker]: 		Found vertex with:     20 contributors
[3207:its-tracker]:  - Context initialisation completed in: 1.58743 ms
[3207:its-tracker]:  - Tracklet finding completed in: 5.45153 ms
[3207:its-tracker]:  - Cell finding completed in: 1.67932 ms
[3207:its-tracker]:  - Neighbour finding completed in: 0.303028 ms
[3207:its-tracker]:  - Road finding completed in: 0.069744 ms
[3207:its-tracker]:  - Track finding completed in: 5.60547 ms
[3207:its-tracker]:  - Vertex processing completed in: 14.6965ms
[3207:its-tracker]:  - Context initialisation completed in: 0.133346 ms
[3207:its-tracker]:  - Tracklet finding completed in: 4.2984 ms
[3207:its-tracker]:  - Cell finding completed in: 0.775205 ms
[3207:its-tracker]:  - Neighbour finding completed in: 0.127966 ms
[3207:its-tracker]:  - Road finding completed in: 0.033098 ms
[3207:its-tracker]:  - Track finding completed in: 2.59839 ms
[3207:its-tracker]:  - Vertex processing completed in: 7.9664ms
[3207:its-tracker]:  - Context initialisation completed in: 0.080193 ms
[3207:its-tracker]:  - Tracklet finding completed in: 3.77692 ms
[3207:its-tracker]:  - Cell finding completed in: 0.30793 ms
[3207:its-tracker]:  - Neighbour finding completed in: 0.017343 ms
[3207:its-tracker]:  - Road finding completed in: 0.003651 ms
[3207:its-tracker]:  - Track finding completed in: 0.478702 ms
[3207:its-tracker]:  - Vertex processing completed in: 4.66474ms
[3207:its-tracker]:  - Context initialisation completed in: 0.046596 ms
[3207:its-tracker]:  - Tracklet finding completed in: 4.5021 ms
[3207:its-tracker]:  - Cell finding completed in: 0.689078 ms
[3207:its-tracker]:  - Neighbour finding completed in: 0.114206 ms
[3207:its-tracker]:  - Road finding completed in: 0.001137 ms
[3207:its-tracker]:  - Track finding completed in: 0.000368 ms
[3207:its-tracker]:  - Vertex processing completed in: 5.35348ms
[3207:its-tracker]:  - Context initialisation completed in: 0.074457 ms
[3207:its-tracker]:  - Tracklet finding completed in: 3.85388 ms
[3207:its-tracker]:  - Cell finding completed in: 0.448034 ms
[3207:its-tracker]:  - Neighbour finding completed in: 0.048218 ms
[3207:its-tracker]:  - Road finding completed in: 0.000622 ms
[3207:its-tracker]:  - Track finding completed in: 0.000238 ms
[3207:its-tracker]:  - Vertex processing completed in: 4.42545ms
[3207:its-tracker]:  - Context initialisation completed in: 0.048584 ms
[3207:its-tracker]:  - Tracklet finding completed in: 3.98233 ms
[3207:its-tracker]:  - Cell finding completed in: 0.268862 ms
[3207:its-tracker]:  - Neighbour finding completed in: 0.008467 ms
[3207:its-tracker]:  - Road finding completed in: 0.000187 ms
[3207:its-tracker]:  - Track finding completed in: 0.000228 ms
[3207:its-tracker]:  - Vertex processing completed in: 4.30866ms
[3207:its-tracker]: [07:45:52][INFO] Found tracks: 866
[3207:its-tracker]: [07:45:52][INFO] ROframe: 24, clusters loaded : 1271
[3207:its-tracker]:  - Vertexer initialisation completed in: 0.132013 ms
[3207:its-tracker]:  - Tracklet finding completed in: 0.002777 ms
[3207:its-tracker]:  - Adjacent tracklets validation completed in: 0.000652 ms
[3207:its-tracker]:  - Vertex finding completed in: 0.000919 ms
[3207:its-tracker]: [07:45:52][INFO] Found tracks: 0
[3207:its-tracker]: [07:45:52][INFO] ROframe: 25, clusters loaded : 1247
[3207:its-tracker]:  - Vertexer initialisation completed in: 0.126424 ms
[3207:its-tracker]:  - Tracklet finding completed in: 0.000885 ms
[3207:its-tracker]:  - Adjacent tracklets validation completed in: 0.000367 ms
[3207:its-tracker]:  - Vertex finding completed in: 0.000368 ms
[3207:its-tracker]: [07:45:52][INFO] Found tracks: 0
[3207:its-tracker]: [07:45:52][INFO] ROframe: 26, clusters loaded : 1309
[3207:its-tracker]:  - Vertexer initialisation completed in: 0.133867 ms
[3207:its-tracker]:  - Tracklet finding completed in: 0.001053 ms
[3207:its-tracker]:  - Adjacent tracklets validation completed in: 0.000304 ms
[3207:its-tracker]:  - Vertex finding completed in: 0.000156 ms
[3207:its-tracker]: [07:45:52][INFO] Found tracks: 0
[3207:its-tracker]: [07:45:52][INFO] ROframe: 27, clusters loaded : 1301
[3207:its-tracker]:  - Vertexer initialisation completed in: 0.121414 ms
[3207:its-tracker]:  - Tracklet finding completed in: 0.001061 ms
[3207:its-tracker]:  - Adjacent tracklets validation completed in: 0.000242 ms
[3207:its-tracker]:  - Vertex finding completed in: 0.000209 ms
[3207:its-tracker]: [07:45:52][INFO] Found tracks: 0
[3207:its-tracker]: [07:45:52][INFO] ROframe: 28, clusters loaded : 1301
[3207:its-tracker]:  - Vertexer initialisation completed in: 0.118196 ms
[3207:its-tracker]:  - Tracklet finding completed in: 0.000647 ms
[3207:its-tracker]:  - Adjacent tracklets validation completed in: 0.000218 ms
[3207:its-tracker]:  - Vertex finding completed in: 0.000225 ms
[3207:its-tracker]: [07:45:52][INFO] Found tracks: 0
[3207:its-tracker]: [07:45:52][INFO] ROframe: 29, clusters loaded : 8213
[3207:its-tracker]:  - Vertexer initialisation completed in: 0.39615 ms
[3207:its-tracker]:  - Tracklet finding completed in: 0.37507 ms
[3207:its-tracker]:  - Adjacent tracklets validation completed in: 0.067413 ms
[3207:its-tracker]:  - Vertex finding completed in: 0.060501 ms
[3207:its-tracker]: 		Found vertex with:    372 contributors
[3207:its-tracker]:  - Context initialisation completed in: 1.26048 ms
[3207:its-tracker]:  - Tracklet finding completed in: 1.78594 ms
[3207:its-tracker]:  - Cell finding completed in: 0.619378 ms
[3207:its-tracker]:  - Neighbour finding completed in: 0.244577 ms
[3207:its-tracker]:  - Road finding completed in: 0.081854 ms
[3207:its-tracker]:  - Track finding completed in: 4.52188 ms
[3207:its-tracker]:  - Vertex processing completed in: 8.51411ms
[3207:its-tracker]:  - Context initialisation completed in: 0.090086 ms
[3207:its-tracker]:  - Tracklet finding completed in: 1.27175 ms
[3207:its-tracker]:  - Cell finding completed in: 0.174661 ms
[3207:its-tracker]:  - Neighbour finding completed in: 0.044371 ms
[3207:its-tracker]:  - Road finding completed in: 0.000459 ms
[3207:its-tracker]:  - Track finding completed in: 0.00024 ms
[3207:its-tracker]:  - Vertex processing completed in: 1.58157ms
[3207:its-tracker]: [07:45:52][INFO] Found tracks: 318
[3207:its-tracker]: [07:45:52][INFO] ROframe: 30, clusters loaded : 28514
[3207:its-tracker]:  - Vertexer initialisation completed in: 1.21174 ms
[3207:its-tracker]:  - Tracklet finding completed in: 3.78197 ms
[3207:its-tracker]:  - Adjacent tracklets validation completed in: 0.873566 ms
[3207:its-tracker]:  - Vertex finding completed in: 0.22544 ms
[3207:its-tracker]: 		Found vertex with:   1519 contributors
[3207:its-tracker]:  - Context initialisation completed in: 1.88136 ms
[3207:its-tracker]:  - Tracklet finding completed in: 9.92991 ms
[3207:its-tracker]:  - Cell finding completed in: 4.43969 ms
[3207:its-tracker]:  - Neighbour finding completed in: 0.684204 ms
[3207:its-tracker]:  - Road finding completed in: 0.181901 ms
[3207:its-tracker]:  - Track finding completed in: 13.6287 ms
[3207:its-tracker]:  - Vertex processing completed in: 30.7458ms
[3207:its-tracker]:  - Context initialisation completed in: 0.357303 ms
[3207:its-tracker]:  - Tracklet finding completed in: 8.22822 ms
[3207:its-tracker]:  - Cell finding completed in: 1.91297 ms
[3207:its-tracker]:  - Neighbour finding completed in: 0.333394 ms
[3207:its-tracker]:  - Road finding completed in: 0.002027 ms
[3207:its-tracker]:  - Track finding completed in: 0.000395 ms
[3207:its-tracker]:  - Vertex processing completed in: 10.8343ms
[3207:its-tracker]: [07:45:52][INFO] Found tracks: 1269
[3207:its-tracker]: [07:45:52][INFO] ROframe: 31, clusters loaded : 14455
[3207:its-tracker]:  - Vertexer initialisation completed in: 0.965201 ms
[3207:its-tracker]:  - Tracklet finding completed in: 1.58079 ms
[3207:its-tracker]:  - Adjacent tracklets validation completed in: 0.255821 ms
[3207:its-tracker]:  - Vertex finding completed in: 0.012561 ms
[3207:its-tracker]: 		Found vertex with:     21 contributors
[3207:its-tracker]:  - Context initialisation completed in: 2.1262 ms
[3207:its-tracker]:  - Tracklet finding completed in: 4.23146 ms
[3207:its-tracker]:  - Cell finding completed in: 0.641515 ms
[3207:its-tracker]:  - Neighbour finding completed in: 0.055169 ms
[3207:its-tracker]:  - Road finding completed in: 0.003378 ms
[3207:its-tracker]:  - Track finding completed in: 0.129323 ms
[3207:its-tracker]:  - Vertex processing completed in: 7.18704ms
[3207:its-tracker]:  - Context initialisation completed in: 0.037955 ms
[3207:its-tracker]:  - Tracklet finding completed in: 4.17974 ms
[3207:its-tracker]:  - Cell finding completed in: 0.644815 ms
[3207:its-tracker]:  - Neighbour finding completed in: 0.038091 ms
[3207:its-tracker]:  - Road finding completed in: 0.00062 ms
[3207:its-tracker]:  - Track finding completed in: 0.000281 ms
[3207:its-tracker]:  - Vertex processing completed in: 4.9015ms
[3207:its-tracker]: [07:45:52][INFO] Found tracks: 3
[3207:its-tracker]: [07:45:52][INFO] ROframe: 32, clusters loaded : 54930
[3207:its-tracker]:  - Vertexer initialisation completed in: 3.28017 ms
[3207:its-tracker]:  - Tracklet finding completed in: 18.1779 ms
[3207:its-tracker]:  - Adjacent tracklets validation completed in: 8.81945 ms
[3207:its-tracker]:  - Vertex finding completed in: 0.708929 ms
[3207:its-tracker]: 		Found vertex with:   3002 contributors
[3207:its-tracker]:  - Context initialisation completed in: 3.78813 ms
[3207:its-tracker]:  - Tracklet finding completed in: 37.9015 ms
[3207:its-tracker]:  - Cell finding completed in: 23.6417 ms
[3207:its-tracker]:  - Neighbour finding completed in: 2.77413 ms
[3207:its-tracker]:  - Road finding completed in: 0.681971 ms
[3207:its-tracker]:  - Track finding completed in: 45.1087 ms
[3207:its-tracker]:  - Vertex processing completed in: 113.896ms
[3207:its-tracker]:  - Context initialisation completed in: 0.958363 ms
[3207:its-tracker]:  - Tracklet finding completed in: 21.8492 ms
[3207:its-tracker]:  - Cell finding completed in: 7.00558 ms
[3207:its-tracker]:  - Neighbour finding completed in: 0.595437 ms
[3207:its-tracker]:  - Road finding completed in: 0.003502 ms
[3207:its-tracker]:  - Track finding completed in: 0.000563 ms
[3207:its-tracker]:  - Vertex processing completed in: 30.4126ms
[3207:its-tracker]: [07:45:53][INFO] Found tracks: 2433
[3207:its-tracker]: [07:45:53][INFO] ROframe: 33, clusters loaded : 1276
[3207:its-tracker]:  - Vertexer initialisation completed in: 0.221725 ms
[3207:its-tracker]:  - Tracklet finding completed in: 0.003481 ms
[3207:its-tracker]:  - Adjacent tracklets validation completed in: 0.000713 ms
[3207:its-tracker]:  - Vertex finding completed in: 0.001563 ms
[3207:its-tracker]: [07:45:53][INFO] Found tracks: 0
[3207:its-tracker]: [07:45:53][INFO] ROframe: 34, clusters loaded : 1323
[3207:its-tracker]:  - Vertexer initialisation completed in: 0.21917 ms
[3207:its-tracker]:  - Tracklet finding completed in: 0.002051 ms
[3207:its-tracker]:  - Adjacent tracklets validation completed in: 0.000378 ms
[3207:its-tracker]:  - Vertex finding completed in: 0.000387 ms
[3207:its-tracker]: [07:45:53][INFO] Found tracks: 0
[3207:its-tracker]: [07:45:53][INFO] ROframe: 35, clusters loaded : 1292
[3207:its-tracker]:  - Vertexer initialisation completed in: 0.209558 ms
[3207:its-tracker]:  - Tracklet finding completed in: 0.001862 ms
[3207:its-tracker]:  - Adjacent tracklets validation completed in: 0.000335 ms
[3207:its-tracker]:  - Vertex finding completed in: 0.000269 ms
[3207:its-tracker]: [07:45:53][INFO] Found tracks: 0
[3207:its-tracker]: [07:45:53][INFO] ROframe: 36, clusters loaded : 1293
[3207:its-tracker]:  - Vertexer initialisation completed in: 0.207023 ms
[3207:its-tracker]:  - Tracklet finding completed in: 0.001167 ms
[3207:its-tracker]:  - Adjacent tracklets validation completed in: 0.000305 ms
[3207:its-tracker]:  - Vertex finding completed in: 0.00028 ms
[3207:its-tracker]: [07:45:53][INFO] Found tracks: 0
[3207:its-tracker]: [07:45:53][INFO] ROframe: 37, clusters loaded : 1260
[3207:its-tracker]:  - Vertexer initialisation completed in: 0.222003 ms
[3207:its-tracker]:  - Tracklet finding completed in: 0.002261 ms
[3207:its-tracker]:  - Adjacent tracklets validation completed in: 0.000388 ms
[3207:its-tracker]:  - Vertex finding completed in: 0.000277 ms
[3207:its-tracker]: [07:45:53][INFO] Found tracks: 0
[3207:its-tracker]: [07:45:53][INFO] ROframe: 38, clusters loaded : 1282
[3207:its-tracker]:  - Vertexer initialisation completed in: 0.2137 ms
[3207:its-tracker]:  - Tracklet finding completed in: 0.003803 ms
[3207:its-tracker]:  - Adjacent tracklets validation completed in: 0.001134 ms
[3207:its-tracker]:  - Vertex finding completed in: 0.007151 ms
[3207:its-tracker]: 		Found vertex with:      5 contributors
[3207:its-tracker]:  - Context initialisation completed in: 1.5791 ms
[3207:its-tracker]:  - Tracklet finding completed in: 0.133351 ms
[3207:its-tracker]:  - Cell finding completed in: 0.005982 ms
[3207:its-tracker]:  - Neighbour finding completed in: 0.004013 ms
[3207:its-tracker]:  - Road finding completed in: 0.001782 ms
[3207:its-tracker]:  - Track finding completed in: 0.136573 ms
[3207:its-tracker]:  - Vertex processing completed in: 1.8608ms
[3207:its-tracker]:  - Context initialisation completed in: 0.004154 ms
[3207:its-tracker]:  - Tracklet finding completed in: 0.126286 ms
[3207:its-tracker]:  - Cell finding completed in: 0.002684 ms
[3207:its-tracker]:  - Neighbour finding completed in: 0.001912 ms
[3207:its-tracker]:  - Road finding completed in: 0.000201 ms
[3207:its-tracker]:  - Track finding completed in: 0.000247 ms
[3207:its-tracker]:  - Vertex processing completed in: 0.135484ms
[3207:its-tracker]: [07:45:53][INFO] Found tracks: 2
[3207:its-tracker]: [07:45:53][INFO] ROframe: 39, clusters loaded : 1236
[3207:its-tracker]:  - Vertexer initialisation completed in: 0.212394 ms
[3207:its-tracker]:  - Tracklet finding completed in: 0.00129 ms
[3207:its-tracker]:  - Adjacent tracklets validation completed in: 0.000375 ms
[3207:its-tracker]:  - Vertex finding completed in: 0.000466 ms
[3207:its-tracker]: [07:45:53][INFO] Found tracks: 0
[3207:its-tracker]: [07:45:53][INFO] ROframe: 40, clusters loaded : 1256
[3207:its-tracker]:  - Vertexer initialisation completed in: 0.229431 ms
[3207:its-tracker]:  - Tracklet finding completed in: 0.002154 ms
[3207:its-tracker]:  - Adjacent tracklets validation completed in: 0.000408 ms
[3207:its-tracker]:  - Vertex finding completed in: 0.000361 ms
[3207:its-tracker]: [07:45:53][INFO] Found tracks: 0
[3207:its-tracker]: [07:45:53][INFO] ROframe: 41, clusters loaded : 20584
[3207:its-tracker]:  - Vertexer initialisation completed in: 1.23558 ms
[3207:its-tracker]:  - Tracklet finding completed in: 2.36318 ms
[3207:its-tracker]:  - Adjacent tracklets validation completed in: 0.695398 ms
[3207:its-tracker]:  - Vertex finding completed in: 0.173701 ms
[3207:its-tracker]: 		Found vertex with:   1015 contributors
[3207:its-tracker]:  - Context initialisation completed in: 2.2128 ms
[3207:its-tracker]:  - Tracklet finding completed in: 8.26359 ms
[3207:its-tracker]:  - Cell finding completed in: 2.66562 ms
[3207:its-tracker]:  - Neighbour finding completed in: 0.414201 ms
[3207:its-tracker]:  - Road finding completed in: 0.098866 ms
[3207:its-tracker]:  - Track finding completed in: 8.34791 ms
[3207:its-tracker]:  - Vertex processing completed in: 22.003ms
[3207:its-tracker]:  - Context initialisation completed in: 0.182281 ms
[3207:its-tracker]:  - Tracklet finding completed in: 4.10763 ms
[3207:its-tracker]:  - Cell finding completed in: 0.859755 ms
[3207:its-tracker]:  - Neighbour finding completed in: 0.117934 ms
[3207:its-tracker]:  - Road finding completed in: 0.001352 ms
[3207:its-tracker]:  - Track finding completed in: 0.000372 ms
[3207:its-tracker]:  - Vertex processing completed in: 5.26933ms
[3207:its-tracker]: [07:45:53][INFO] Found tracks: 815
[3207:its-tracker]: [07:45:53][INFO] ROframe: 42, clusters loaded : 1232
[3207:its-tracker]:  - Vertexer initialisation completed in: 0.134239 ms
[3207:its-tracker]:  - Tracklet finding completed in: 0.002018 ms
[3207:its-tracker]:  - Adjacent tracklets validation completed in: 0.000502 ms
[3207:its-tracker]:  - Vertex finding completed in: 0.000783 ms
[3207:its-tracker]: [07:45:53][INFO] Found tracks: 0
[3207:its-tracker]: [07:45:53][INFO] ROframe: 43, clusters loaded : 1332
[3207:its-tracker]:  - Vertexer initialisation completed in: 0.121202 ms
[3207:its-tracker]:  - Tracklet finding completed in: 0.000957 ms
[3207:its-tracker]:  - Adjacent tracklets validation completed in: 0.000206 ms
[3207:its-tracker]:  - Vertex finding completed in: 0.000126 ms
[3207:its-tracker]: [07:45:53][INFO] Found tracks: 0
[3207:its-tracker]: [07:45:53][INFO] ROframe: 44, clusters loaded : 1266
[3207:its-tracker]:  - Vertexer initialisation completed in: 0.117134 ms
[3207:its-tracker]:  - Tracklet finding completed in: 0.000919 ms
[3207:its-tracker]:  - Adjacent tracklets validation completed in: 0.000237 ms
[3207:its-tracker]:  - Vertex finding completed in: 0.000139 ms
[3207:its-tracker]: [07:45:53][INFO] Found tracks: 0
[3207:its-tracker]: [07:45:53][INFO] ROframe: 45, clusters loaded : 1290
[3207:its-tracker]:  - Vertexer initialisation completed in: 0.133928 ms
[3207:its-tracker]:  - Tracklet finding completed in: 0.001015 ms
[3207:its-tracker]:  - Adjacent tracklets validation completed in: 0.000243 ms
[3207:its-tracker]:  - Vertex finding completed in: 0.000195 ms
[3207:its-tracker]: [07:45:53][INFO] Found tracks: 0
[3207:its-tracker]: [07:45:53][INFO] ROframe: 46, clusters loaded : 1269
[3207:its-tracker]:  - Vertexer initialisation completed in: 0.12281 ms
[3207:its-tracker]:  - Tracklet finding completed in: 0.000778 ms
[3207:its-tracker]:  - Adjacent tracklets validation completed in: 0.000136 ms
[3207:its-tracker]:  - Vertex finding completed in: 0.00023 ms
[3207:its-tracker]: [07:45:53][INFO] Found tracks: 0
[3207:its-tracker]: [07:45:53][INFO] ROframe: 47, clusters loaded : 1239
[3207:its-tracker]:  - Vertexer initialisation completed in: 0.122481 ms
[3207:its-tracker]:  - Tracklet finding completed in: 0.000515 ms
[3207:its-tracker]:  - Adjacent tracklets validation completed in: 0.000187 ms
[3207:its-tracker]:  - Vertex finding completed in: 0.000115 ms
[3207:its-tracker]: [07:45:53][INFO] Found tracks: 0
[3207:its-tracker]: [07:45:53][INFO] ROframe: 48, clusters loaded : 83228
[3207:its-tracker]:  - Vertexer initialisation completed in: 4.72711 ms
[3207:its-tracker]:  - Tracklet finding completed in: 24.2903 ms
[3207:its-tracker]:  - Adjacent tracklets validation completed in: 16.8471 ms
[3207:its-tracker]:  - Vertex finding completed in: 1.2586 ms
[3207:its-tracker]: 		Found vertex with:   1973 contributors
[3207:its-tracker]: 		Found vertex with:    585 contributors
[3207:its-tracker]:  - Context initialisation completed in: 3.74938 ms
[3207:its-tracker]:  - Tracklet finding completed in: 55.2712 ms
[3207:its-tracker]:  - Cell finding completed in: 44.4575 ms
[3207:its-tracker]:  - Neighbour finding completed in: 1.97387 ms
[3207:its-tracker]:  - Road finding completed in: 0.512305 ms
[3207:its-tracker]:  - Track finding completed in: 21.5948 ms
[3207:its-tracker]:  - Vertex processing completed in: 127.559ms
[3207:its-tracker]:  - Context initialisation completed in: 0.897157 ms
[3207:its-tracker]:  - Tracklet finding completed in: 42.7289 ms
[3207:its-tracker]:  - Cell finding completed in: 19.1854 ms
[3207:its-tracker]:  - Neighbour finding completed in: 0.465443 ms
[3207:its-tracker]:  - Road finding completed in: 0.121556 ms
[3207:its-tracker]:  - Track finding completed in: 6.60152 ms
[3207:its-tracker]:  - Vertex processing completed in: 70ms
[3207:its-tracker]:  - Context initialisation completed in: 0.464981 ms
[3207:its-tracker]:  - Tracklet finding completed in: 48.8284 ms
[3207:its-tracker]:  - Cell finding completed in: 26.563 ms
[3207:its-tracker]:  - Neighbour finding completed in: 0.891152 ms
[3207:its-tracker]:  - Road finding completed in: 0.011631 ms
[3207:its-tracker]:  - Track finding completed in: 0.000549 ms
[3207:its-tracker]:  - Vertex processing completed in: 76.7597ms
[3207:its-tracker]:  - Context initialisation completed in: 0.698941 ms
[3207:its-tracker]:  - Tracklet finding completed in: 52.8433 ms
[3207:its-tracker]:  - Cell finding completed in: 19.4028 ms
[3207:its-tracker]:  - Neighbour finding completed in: 0.205595 ms
[3207:its-tracker]:  - Road finding completed in: 0.001211 ms
[3207:its-tracker]:  - Track finding completed in: 0.000477 ms
[3207:its-tracker]:  - Vertex processing completed in: 73.1523ms
[3207:its-tracker]: [07:45:53][INFO] Found tracks: 2276
[3207:its-tracker]: [07:45:53][INFO] ROframe: 49, clusters loaded : 1262
[3207:its-tracker]:  - Vertexer initialisation completed in: 0.210475 ms
[3207:its-tracker]:  - Tracklet finding completed in: 0.003075 ms
[3207:its-tracker]:  - Adjacent tracklets validation completed in: 0.001081 ms
[3207:its-tracker]:  - Vertex finding completed in: 0.000959 ms
[3207:its-tracker]: [07:45:53][INFO] Found tracks: 0
[3207:its-tracker]: [07:45:53][INFO] ROframe: 50, clusters loaded : 1302
[3207:its-tracker]:  - Vertexer initialisation completed in: 0.205022 ms
[3207:its-tracker]:  - Tracklet finding completed in: 0.001176 ms
[3207:its-tracker]:  - Adjacent tracklets validation completed in: 0.000369 ms
[3207:its-tracker]:  - Vertex finding completed in: 0.000406 ms
[3207:its-tracker]: [07:45:53][INFO] Found tracks: 0
[3207:its-tracker]: [07:45:53][INFO] ROframe: 51, clusters loaded : 1241
[3207:its-tracker]:  - Vertexer initialisation completed in: 0.220249 ms
[3207:its-tracker]:  - Tracklet finding completed in: 0.001346 ms
[3207:its-tracker]:  - Adjacent tracklets validation completed in: 0.000333 ms
[3207:its-tracker]:  - Vertex finding completed in: 0.000311 ms
[3207:its-tracker]: [07:45:53][INFO] Found tracks: 0
[3207:its-tracker]: [07:45:53][INFO] ROframe: 52, clusters loaded : 1325
[3207:its-tracker]:  - Vertexer initialisation completed in: 0.220168 ms
[3207:its-tracker]:  - Tracklet finding completed in: 0.001075 ms
[3207:its-tracker]:  - Adjacent tracklets validation completed in: 0.000318 ms
[3207:its-tracker]:  - Vertex finding completed in: 0.000319 ms
[3207:its-tracker]: [07:45:53][INFO] Found tracks: 0
[3207:its-tracker]: [07:45:53][INFO] ROframe: 53, clusters loaded : 1226
[3207:its-tracker]:  - Vertexer initialisation completed in: 0.218705 ms
[3207:its-tracker]:  - Tracklet finding completed in: 0.00152 ms
[3207:its-tracker]:  - Adjacent tracklets validation completed in: 0.000309 ms
[3207:its-tracker]:  - Vertex finding completed in: 0.000289 ms
[3207:its-tracker]: [07:45:53][INFO] Found tracks: 0
[3207:its-tracker]: [07:45:53][INFO] ROframe: 54, clusters loaded : 49181
[3207:its-tracker]:  - Vertexer initialisation completed in: 2.25562 ms
[3207:its-tracker]:  - Tracklet finding completed in: 8.96547 ms
[3207:its-tracker]:  - Adjacent tracklets validation completed in: 2.93278 ms
[3207:its-tracker]:  - Vertex finding completed in: 0.257112 ms
[3207:its-tracker]: 		Found vertex with:   1272 contributors
[3207:its-tracker]:  - Context initialisation completed in: 3.53411 ms
[3207:its-tracker]:  - Tracklet finding completed in: 28.7972 ms
[3207:its-tracker]:  - Cell finding completed in: 13.9405 ms
[3207:its-tracker]:  - Neighbour finding completed in: 0.961958 ms
[3207:its-tracker]:  - Road finding completed in: 0.17112 ms
[3207:its-tracker]:  - Track finding completed in: 14.6429 ms
[3207:its-tracker]:  - Vertex processing completed in: 62.0477ms
[3207:its-tracker]:  - Context initialisation completed in: 0.457031 ms
[3207:its-tracker]:  - Tracklet finding completed in: 18.1076 ms
[3207:its-tracker]:  - Cell finding completed in: 7.06531 ms
[3207:its-tracker]:  - Neighbour finding completed in: 0.434354 ms
[3207:its-tracker]:  - Road finding completed in: 0.008205 ms
[3207:its-tracker]:  - Track finding completed in: 0.000596 ms
[3207:its-tracker]:  - Vertex processing completed in: 26.0731ms
[3207:its-tracker]: [07:45:53][INFO] Found tracks: 1042
[3207:its-tracker]: [07:45:53][INFO] ROframe: 55, clusters loaded : 1236
[3207:its-tracker]:  - Vertexer initialisation completed in: 0.144381 ms
[3207:its-tracker]:  - Tracklet finding completed in: 0.001878 ms
[3207:its-tracker]:  - Adjacent tracklets validation completed in: 0.000539 ms
[3207:its-tracker]:  - Vertex finding completed in: 0.000796 ms
[3207:its-tracker]: [07:45:53][INFO] Found tracks: 0
[3207:its-tracker]: [07:45:53][INFO] ITSTracker pushed 15189 tracks
[3207:its-tracker]: [07:45:53][INFO] ITS CA-Tracker total timing: Cpu: 2.400e+00 Real: 2.406e+00 s in 1 slots
[3208:its-track-writer]: [07:45:53][INFO] ITSTrackWriter pulled 15189 tracks, in 56 RO frames
[INFO] Quitting
[INFO] QUIT_REQUESTED
[3204:its-digit-reader]: [07:45:53][INFO] Received device shutdown request (signal 15).
[3204:its-digit-reader]: [07:45:53][INFO] Waiting for graceful device shutdown. Hit Ctrl-C again to abort immediately.
[3203:internal-dpl-clock]: [07:45:53][INFO] Received device shutdown request (signal 15).
[3203:internal-dpl-clock]: [07:45:53][INFO] Waiting for graceful device shutdown. Hit Ctrl-C again to abort immediately.
[3205:its-clusterer]: [07:45:53][INFO] Received device shutdown request (signal 15).
[3205:its-clusterer]: [07:45:53][INFO] Waiting for graceful device shutdown. Hit Ctrl-C again to abort immediately.
[3206:its-cluster-writer]: [07:45:53][INFO] Received device shutdown request (signal 15).
[3206:its-cluster-writer]: [07:45:53][INFO] Waiting for graceful device shutdown. Hit Ctrl-C again to abort immediately.
[3204:its-digit-reader]: [07:45:53][STATE] RUNNING ---> READY
[3204:its-digit-reader]: [07:45:53][STATE] READY ---> RESETTING TASK
[3204:its-digit-reader]: [07:45:53][STATE] RESETTING TASK ---> DEVICE READY
[3204:its-digit-reader]: [07:45:53][STATE] DEVICE READY ---> RESETTING DEVICE
[3204:its-digit-reader]: [07:45:53][STATE] RESETTING DEVICE ---> IDLE
[3204:its-digit-reader]: [07:45:53][STATE] IDLE ---> EXITING
[3204:its-digit-reader]: [07:45:53][STATE] Exiting FairMQ state machine
[3207:its-tracker]: [07:45:53][INFO] Received device shutdown request (signal 15).
[3207:its-tracker]: [07:45:53][INFO] Waiting for graceful device shutdown. Hit Ctrl-C again to abort immediately.
[3208:its-track-writer]: [07:45:53][INFO] Received device shutdown request (signal 15).
[3208:its-track-writer]: [07:45:53][INFO] Waiting for graceful device shutdown. Hit Ctrl-C again to abort immediately.
[3205:its-clusterer]: [07:45:54][STATE] RUNNING ---> READY
[3207:its-tracker]: [07:45:54][STATE] RUNNING ---> READY
[3203:internal-dpl-clock]: [07:45:54][STATE] RUNNING ---> READY
[3207:its-tracker]: [07:45:54][STATE] READY ---> RESETTING TASK
[3207:its-tracker]: [07:45:54][STATE] RESETTING TASK ---> DEVICE READY
[3203:internal-dpl-clock]: [07:45:54][STATE] READY ---> RESETTING TASK
[3205:its-clusterer]: [07:45:54][STATE] READY ---> RESETTING TASK
[3205:its-clusterer]: [07:45:54][STATE] RESETTING TASK ---> DEVICE READY
[3203:internal-dpl-clock]: [07:45:54][STATE] RESETTING TASK ---> DEVICE READY
[3207:its-tracker]: [07:45:54][STATE] DEVICE READY ---> RESETTING DEVICE
[3205:its-clusterer]: [07:45:54][STATE] DEVICE READY ---> RESETTING DEVICE
[3203:internal-dpl-clock]: [07:45:54][STATE] DEVICE READY ---> RESETTING DEVICE
[3203:internal-dpl-clock]: [07:45:54][STATE] RESETTING DEVICE ---> IDLE
[3203:internal-dpl-clock]: [07:45:54][STATE] IDLE ---> EXITING
[3203:internal-dpl-clock]: [07:45:54][STATE] Exiting FairMQ state machine
[3205:its-clusterer]: [07:45:54][STATE] RESETTING DEVICE ---> IDLE
[3205:its-clusterer]: [07:45:54][STATE] IDLE ---> EXITING
[3205:its-clusterer]: [07:45:54][STATE] Exiting FairMQ state machine
[3207:its-tracker]: [07:45:54][STATE] RESETTING DEVICE ---> IDLE
[3207:its-tracker]: [07:45:54][STATE] IDLE ---> EXITING
[3207:its-tracker]: [07:45:54][STATE] Exiting FairMQ state machine
[3206:its-cluster-writer]: [07:45:55][STATE] RUNNING ---> READY
[3206:its-cluster-writer]: [07:45:55][STATE] READY ---> RESETTING TASK
[3206:its-cluster-writer]: [07:45:55][STATE] RESETTING TASK ---> DEVICE READY
[3206:its-cluster-writer]: [07:45:55][STATE] DEVICE READY ---> RESETTING DEVICE
[3206:its-cluster-writer]: [07:45:55][STATE] RESETTING DEVICE ---> IDLE
[3206:its-cluster-writer]: [07:45:55][STATE] IDLE ---> EXITING
[3206:its-cluster-writer]: [07:45:55][STATE] Exiting FairMQ state machine
[3208:its-track-writer]: [07:45:55][STATE] RUNNING ---> READY
[3208:its-track-writer]: [07:45:55][STATE] READY ---> RESETTING TASK
[3208:its-track-writer]: [07:45:55][STATE] RESETTING TASK ---> DEVICE READY
[3208:its-track-writer]: [07:45:55][STATE] DEVICE READY ---> RESETTING DEVICE
[3208:its-track-writer]: Cleaning up for shared memory id 'b672486d'...
[3208:its-track-writer]: No region counter found. No regions to cleanup.
[3208:its-track-writer]: Successfully removed 'fmq_b672486d_m_0'.
[3208:its-track-writer]: Successfully removed 'fmq_b672486d_mng'.
[3208:its-track-writer]: Successfully removed 'fmq_b672486d_mtx'.
[3208:its-track-writer]: Successfully removed 'fmq_b672486d_cv'.
[3208:its-track-writer]: [07:45:55][STATE] RESETTING DEVICE ---> IDLE
[3208:its-track-writer]: [07:45:55][STATE] IDLE ---> EXITING
[3208:its-track-writer]: [07:45:55][STATE] Exiting FairMQ state machine
[INFO] Dumping used configuration in dpl-config.json
