000 (2282549.000.000) 05/19 23:50:47 Job submitted from host: <188.185.70.244:9618?addrs=188.185.70.244-9618+[2001-1458-d00-7--100-2ee]-9618&alias=bigbird10.cern.ch&noUDP&sock=schedd_2037_ca81_27>
...
000 (2282549.001.000) 05/19 23:50:47 Job submitted from host: <188.185.70.244:9618?addrs=188.185.70.244-9618+[2001-1458-d00-7--100-2ee]-9618&alias=bigbird10.cern.ch&noUDP&sock=schedd_2037_ca81_27>
...
000 (2282549.002.000) 05/19 23:50:47 Job submitted from host: <188.185.70.244:9618?addrs=188.185.70.244-9618+[2001-1458-d00-7--100-2ee]-9618&alias=bigbird10.cern.ch&noUDP&sock=schedd_2037_ca81_27>
...
000 (2282549.003.000) 05/19 23:50:47 Job submitted from host: <188.185.70.244:9618?addrs=188.185.70.244-9618+[2001-1458-d00-7--100-2ee]-9618&alias=bigbird10.cern.ch&noUDP&sock=schedd_2037_ca81_27>
...
000 (2282549.004.000) 05/19 23:50:47 Job submitted from host: <188.185.70.244:9618?addrs=188.185.70.244-9618+[2001-1458-d00-7--100-2ee]-9618&alias=bigbird10.cern.ch&noUDP&sock=schedd_2037_ca81_27>
...
000 (2282549.005.000) 05/19 23:50:47 Job submitted from host: <188.185.70.244:9618?addrs=188.185.70.244-9618+[2001-1458-d00-7--100-2ee]-9618&alias=bigbird10.cern.ch&noUDP&sock=schedd_2037_ca81_27>
...
000 (2282549.006.000) 05/19 23:50:47 Job submitted from host: <188.185.70.244:9618?addrs=188.185.70.244-9618+[2001-1458-d00-7--100-2ee]-9618&alias=bigbird10.cern.ch&noUDP&sock=schedd_2037_ca81_27>
...
000 (2282549.007.000) 05/19 23:50:47 Job submitted from host: <188.185.70.244:9618?addrs=188.185.70.244-9618+[2001-1458-d00-7--100-2ee]-9618&alias=bigbird10.cern.ch&noUDP&sock=schedd_2037_ca81_27>
...
000 (2282549.008.000) 05/19 23:50:47 Job submitted from host: <188.185.70.244:9618?addrs=188.185.70.244-9618+[2001-1458-d00-7--100-2ee]-9618&alias=bigbird10.cern.ch&noUDP&sock=schedd_2037_ca81_27>
...
000 (2282549.009.000) 05/19 23:50:47 Job submitted from host: <188.185.70.244:9618?addrs=188.185.70.244-9618+[2001-1458-d00-7--100-2ee]-9618&alias=bigbird10.cern.ch&noUDP&sock=schedd_2037_ca81_27>
...
000 (2282549.010.000) 05/19 23:50:47 Job submitted from host: <188.185.70.244:9618?addrs=188.185.70.244-9618+[2001-1458-d00-7--100-2ee]-9618&alias=bigbird10.cern.ch&noUDP&sock=schedd_2037_ca81_27>
...
000 (2282549.011.000) 05/19 23:50:47 Job submitted from host: <188.185.70.244:9618?addrs=188.185.70.244-9618+[2001-1458-d00-7--100-2ee]-9618&alias=bigbird10.cern.ch&noUDP&sock=schedd_2037_ca81_27>
...
000 (2282549.012.000) 05/19 23:50:47 Job submitted from host: <188.185.70.244:9618?addrs=188.185.70.244-9618+[2001-1458-d00-7--100-2ee]-9618&alias=bigbird10.cern.ch&noUDP&sock=schedd_2037_ca81_27>
...
000 (2282549.013.000) 05/19 23:50:47 Job submitted from host: <188.185.70.244:9618?addrs=188.185.70.244-9618+[2001-1458-d00-7--100-2ee]-9618&alias=bigbird10.cern.ch&noUDP&sock=schedd_2037_ca81_27>
...
000 (2282549.014.000) 05/19 23:50:47 Job submitted from host: <188.185.70.244:9618?addrs=188.185.70.244-9618+[2001-1458-d00-7--100-2ee]-9618&alias=bigbird10.cern.ch&noUDP&sock=schedd_2037_ca81_27>
...
000 (2282549.015.000) 05/19 23:50:47 Job submitted from host: <188.185.70.244:9618?addrs=188.185.70.244-9618+[2001-1458-d00-7--100-2ee]-9618&alias=bigbird10.cern.ch&noUDP&sock=schedd_2037_ca81_27>
...
000 (2282549.016.000) 05/19 23:50:47 Job submitted from host: <188.185.70.244:9618?addrs=188.185.70.244-9618+[2001-1458-d00-7--100-2ee]-9618&alias=bigbird10.cern.ch&noUDP&sock=schedd_2037_ca81_27>
...
000 (2282549.017.000) 05/19 23:50:47 Job submitted from host: <188.185.70.244:9618?addrs=188.185.70.244-9618+[2001-1458-d00-7--100-2ee]-9618&alias=bigbird10.cern.ch&noUDP&sock=schedd_2037_ca81_27>
...
000 (2282549.018.000) 05/19 23:50:47 Job submitted from host: <188.185.70.244:9618?addrs=188.185.70.244-9618+[2001-1458-d00-7--100-2ee]-9618&alias=bigbird10.cern.ch&noUDP&sock=schedd_2037_ca81_27>
...
000 (2282549.019.000) 05/19 23:50:47 Job submitted from host: <188.185.70.244:9618?addrs=188.185.70.244-9618+[2001-1458-d00-7--100-2ee]-9618&alias=bigbird10.cern.ch&noUDP&sock=schedd_2037_ca81_27>
...
040 (2282549.002.000) 05/19 23:56:44 Started transferring input files
	Transferring to host: <128.142.76.28:9618?addrs=128.142.76.28-9618+[2001-1458-301-f4--100-559]-9618&alias=b7s12n4332.cern.ch&noUDP&sock=slot1_8_23200_3fa8_78156>
...
040 (2282549.002.000) 05/19 23:56:44 Finished transferring input files
...
040 (2282549.003.000) 05/19 23:56:45 Started transferring input files
	Transferring to host: <188.184.169.233:9618?addrs=188.184.169.233-9618+[2001-1458-301-c0--100-1b3]-9618&alias=b7g52n4916.cern.ch&noUDP&sock=slot1_3_6016_90ee_18739>
...
040 (2282549.003.000) 05/19 23:56:45 Finished transferring input files
...
001 (2282549.002.000) 05/19 23:56:45 Job executing on host: <128.142.76.28:9618?addrs=128.142.76.28-9618+[2001-1458-301-f4--100-559]-9618&alias=b7s12n4332.cern.ch&noUDP&sock=startd_16799_4b91>
...
040 (2282549.000.000) 05/19 23:56:45 Started transferring input files
	Transferring to host: <128.142.76.182:9618?addrs=128.142.76.182-9618+[2001-1458-301-f4--100-604]-9618&alias=b7s12n0475.cern.ch&noUDP&sock=slot1_3_6540_c583_43916>
...
040 (2282549.000.000) 05/19 23:56:45 Finished transferring input files
...
001 (2282549.003.000) 05/19 23:56:46 Job executing on host: <188.184.169.233:9618?addrs=188.184.169.233-9618+[2001-1458-301-c0--100-1b3]-9618&alias=b7g52n4916.cern.ch&noUDP&sock=startd_4762_ea15>
...
001 (2282549.000.000) 05/19 23:56:46 Job executing on host: <128.142.76.182:9618?addrs=128.142.76.182-9618+[2001-1458-301-f4--100-604]-9618&alias=b7s12n0475.cern.ch&noUDP&sock=startd_5428_bc28>
...
040 (2282549.001.000) 05/19 23:56:46 Started transferring input files
	Transferring to host: <128.142.77.107:9618?addrs=128.142.77.107-9618+[2001-1458-301-f4--100-27e]-9618&alias=b7s12n3833.cern.ch&noUDP&sock=slot1_1_5844_6067_18418>
...
040 (2282549.001.000) 05/19 23:56:47 Finished transferring input files
...
040 (2282549.005.000) 05/19 23:56:47 Started transferring input files
	Transferring to host: <188.184.169.67:9618?addrs=188.184.169.67-9618+[2001-1458-301-c0--100-36e]-9618&alias=b7g52n2421.cern.ch&noUDP&sock=slot1_5_16499_c9b8_71167>
...
040 (2282549.005.000) 05/19 23:56:47 Finished transferring input files
...
040 (2282549.004.000) 05/19 23:56:47 Started transferring input files
	Transferring to host: <188.184.169.234:9618?addrs=188.184.169.234-9618+[2001-1458-301-c0--100-1df]-9618&alias=b7g52n4315.cern.ch&noUDP&sock=slot1_1_5305_9a31_78144>
...
040 (2282549.004.000) 05/19 23:56:47 Finished transferring input files
...
001 (2282549.001.000) 05/19 23:56:47 Job executing on host: <128.142.77.107:9618?addrs=128.142.77.107-9618+[2001-1458-301-f4--100-27e]-9618&alias=b7s12n3833.cern.ch&noUDP&sock=startd_4585_81d2>
...
001 (2282549.005.000) 05/19 23:56:48 Job executing on host: <188.184.169.67:9618?addrs=188.184.169.67-9618+[2001-1458-301-c0--100-36e]-9618&alias=b7g52n2421.cern.ch&noUDP&sock=startd_16478_1dab>
...
001 (2282549.004.000) 05/19 23:56:48 Job executing on host: <188.184.169.234:9618?addrs=188.184.169.234-9618+[2001-1458-301-c0--100-1df]-9618&alias=b7g52n4315.cern.ch&noUDP&sock=startd_17261_3053>
...
040 (2282549.008.000) 05/19 23:56:49 Started transferring input files
	Transferring to host: <188.184.213.88:9618?addrs=188.184.213.88-9618+[2001-1458-301-10c--100-155]-9618&alias=b7g24n0568.cern.ch&noUDP&sock=slot1_3_4631_b555_17692>
...
040 (2282549.007.000) 05/19 23:56:49 Started transferring input files
	Transferring to host: <188.184.196.35:9618?addrs=188.184.196.35-9618+[2001-1458-301-102--100-2f]-9618&alias=b7g24n0050.cern.ch&noUDP&sock=slot1_4_4467_27cf_93784>
...
040 (2282549.009.000) 05/19 23:56:49 Started transferring input files
	Transferring to host: <188.184.138.189:9618?addrs=188.184.138.189-9618+[2001-1458-301-45--100-c9]-9618&alias=b7g42n0404.cern.ch&noUDP&sock=slot1_2_29427_bbc6_77673>
...
040 (2282549.008.000) 05/19 23:56:49 Finished transferring input files
...
040 (2282549.007.000) 05/19 23:56:49 Finished transferring input files
...
040 (2282549.009.000) 05/19 23:56:49 Finished transferring input files
...
001 (2282549.007.000) 05/19 23:56:50 Job executing on host: <188.184.196.35:9618?addrs=188.184.196.35-9618+[2001-1458-301-102--100-2f]-9618&alias=b7g24n0050.cern.ch&noUDP&sock=startd_2005_d77a>
...
001 (2282549.008.000) 05/19 23:56:50 Job executing on host: <188.184.213.88:9618?addrs=188.184.213.88-9618+[2001-1458-301-10c--100-155]-9618&alias=b7g24n0568.cern.ch&noUDP&sock=startd_3763_aef8>
...
001 (2282549.009.000) 05/19 23:56:50 Job executing on host: <188.184.138.189:9618?addrs=188.184.138.189-9618+[2001-1458-301-45--100-c9]-9618&alias=b7g42n0404.cern.ch&noUDP&sock=startd_5592_39b0>
...
040 (2282549.011.000) 05/19 23:56:51 Started transferring input files
	Transferring to host: <188.184.254.11:9618?addrs=188.184.254.11-9618+[2001-1458-301-8--100-e]-9618&alias=b7g42n0021.cern.ch&noUDP&sock=slot1_5_3213_995c_23748>
...
040 (2282549.011.000) 05/19 23:56:51 Finished transferring input files
...
001 (2282549.011.000) 05/19 23:56:52 Job executing on host: <188.184.254.11:9618?addrs=188.184.254.11-9618+[2001-1458-301-8--100-e]-9618&alias=b7g42n0021.cern.ch&noUDP&sock=startd_2837_8645>
...
040 (2282549.014.000) 05/19 23:56:53 Started transferring input files
	Transferring to host: <128.142.83.67:9618?addrs=128.142.83.67-9618+[2001-1458-301-f5--100-5a3]-9618&alias=b7s13n5914.cern.ch&noUDP&sock=slot1_2_21219_7478_77980>
...
040 (2282549.013.000) 05/19 23:56:53 Started transferring input files
	Transferring to host: <188.184.212.33:9618?addrs=188.184.212.33-9618+[2001-1458-301-10c--100-13]-9618&alias=b7g24n0035.cern.ch&noUDP&sock=slot1_3_2985_f3d2_93763>
...
040 (2282549.014.000) 05/19 23:56:53 Finished transferring input files
...
040 (2282549.013.000) 05/19 23:56:53 Finished transferring input files
...
001 (2282549.013.000) 05/19 23:56:54 Job executing on host: <188.184.212.33:9618?addrs=188.184.212.33-9618+[2001-1458-301-10c--100-13]-9618&alias=b7g24n0035.cern.ch&noUDP&sock=startd_20347_ed97>
...
001 (2282549.014.000) 05/19 23:56:54 Job executing on host: <128.142.83.67:9618?addrs=128.142.83.67-9618+[2001-1458-301-f5--100-5a3]-9618&alias=b7s13n5914.cern.ch&noUDP&sock=startd_16128_0b85>
...
006 (2282549.002.000) 05/19 23:56:54 Image size of job updated: 152332
	146  -  MemoryUsage of job (MB)
	149396  -  ResidentSetSize of job (KB)
...
040 (2282549.018.000) 05/19 23:56:55 Started transferring input files
	Transferring to host: <128.142.78.115:9618?addrs=128.142.78.115-9618+[2001-1458-301-f4--100-e8]-9618&alias=b7s12n1272.cern.ch&noUDP&sock=slot1_4_6275_0e18_23854>
...
040 (2282549.018.000) 05/19 23:56:55 Finished transferring input files
...
040 (2282549.019.000) 05/19 23:56:55 Started transferring input files
	Transferring to host: <128.142.74.213:9618?addrs=128.142.74.213-9618+[2001-1458-301-75--100-85]-9618&alias=b7s11n0312.cern.ch&noUDP&sock=slot1_2_26158_6d61_90716>
...
040 (2282549.019.000) 05/19 23:56:55 Finished transferring input files
...
006 (2282549.003.000) 05/19 23:56:55 Image size of job updated: 194292
	189  -  MemoryUsage of job (MB)
	193360  -  ResidentSetSize of job (KB)
...
006 (2282549.000.000) 05/19 23:56:55 Image size of job updated: 139568
	133  -  MemoryUsage of job (MB)
	136120  -  ResidentSetSize of job (KB)
...
006 (2282549.001.000) 05/19 23:56:56 Image size of job updated: 90864
	89  -  MemoryUsage of job (MB)
	90784  -  ResidentSetSize of job (KB)
...
040 (2282549.017.000) 05/19 23:56:56 Started transferring input files
	Transferring to host: <128.142.78.17:9618?addrs=128.142.78.17-9618&alias=b7s12n9502.cern.ch&noUDP&sock=slot1_2_5339_8ef2_23347>
...
040 (2282549.017.000) 05/19 23:56:56 Finished transferring input files
...
001 (2282549.018.000) 05/19 23:56:56 Job executing on host: <128.142.78.115:9618?addrs=128.142.78.115-9618+[2001-1458-301-f4--100-e8]-9618&alias=b7s12n1272.cern.ch&noUDP&sock=startd_5029_0dde>
...
006 (2282549.005.000) 05/19 23:56:56 Image size of job updated: 719972
	106  -  MemoryUsage of job (MB)
	107964  -  ResidentSetSize of job (KB)
...
006 (2282549.004.000) 05/19 23:56:56 Image size of job updated: 683236
	125  -  MemoryUsage of job (MB)
	127324  -  ResidentSetSize of job (KB)
...
001 (2282549.019.000) 05/19 23:56:56 Job executing on host: <128.142.74.213:9618?addrs=128.142.74.213-9618+[2001-1458-301-75--100-85]-9618&alias=b7s11n0312.cern.ch&noUDP&sock=startd_16220_263c>
...
001 (2282549.017.000) 05/19 23:56:57 Job executing on host: <128.142.78.17:9618?addrs=128.142.78.17-9618&alias=b7s12n9502.cern.ch&noUDP&sock=startd_4367_fa2c>
...
006 (2282549.008.000) 05/19 23:56:58 Image size of job updated: 698164
	121  -  MemoryUsage of job (MB)
	123624  -  ResidentSetSize of job (KB)
...
006 (2282549.009.000) 05/19 23:56:58 Image size of job updated: 748556
	101  -  MemoryUsage of job (MB)
	103076  -  ResidentSetSize of job (KB)
...
006 (2282549.007.000) 05/19 23:56:58 Image size of job updated: 677876
	123  -  MemoryUsage of job (MB)
	125584  -  ResidentSetSize of job (KB)
...
040 (2282549.010.000) 05/19 23:57:00 Started transferring input files
	Transferring to host: <188.184.196.254:9618?addrs=188.184.196.254-9618+[2001-1458-301-102--100-e2]-9618&alias=b7g24n0494.cern.ch&noUDP&sock=slot1_5_21204_e2d7_71130>
...
040 (2282549.010.000) 05/19 23:57:00 Finished transferring input files
...
006 (2282549.011.000) 05/19 23:57:00 Image size of job updated: 718076
	132  -  MemoryUsage of job (MB)
	135044  -  ResidentSetSize of job (KB)
...
001 (2282549.010.000) 05/19 23:57:01 Job executing on host: <188.184.196.254:9618?addrs=188.184.196.254-9618+[2001-1458-301-102--100-e2]-9618&alias=b7g24n0494.cern.ch&noUDP&sock=startd_20228_4dd1>
...
040 (2282549.006.000) 05/19 23:57:03 Started transferring input files
	Transferring to host: <128.142.84.208:9618?addrs=128.142.84.208-9618+[2001-1458-301-f6--100-3c]-9618&alias=b7s14n7040.cern.ch&noUDP&sock=slot1_6_21066_a712_73657>
...
040 (2282549.006.000) 05/19 23:57:03 Finished transferring input files
...
006 (2282549.013.000) 05/19 23:57:03 Image size of job updated: 152028
	149  -  MemoryUsage of job (MB)
	151948  -  ResidentSetSize of job (KB)
...
006 (2282549.014.000) 05/19 23:57:03 Image size of job updated: 735272
	135  -  MemoryUsage of job (MB)
	137256  -  ResidentSetSize of job (KB)
...
001 (2282549.006.000) 05/19 23:57:04 Job executing on host: <128.142.84.208:9618?addrs=128.142.84.208-9618+[2001-1458-301-f6--100-3c]-9618&alias=b7s14n7040.cern.ch&noUDP&sock=startd_17209_8566>
...
006 (2282549.018.000) 05/19 23:57:04 Image size of job updated: 154844
	152  -  MemoryUsage of job (MB)
	154764  -  ResidentSetSize of job (KB)
...
006 (2282549.017.000) 05/19 23:57:05 Image size of job updated: 108608
	106  -  MemoryUsage of job (MB)
	108528  -  ResidentSetSize of job (KB)
...
006 (2282549.019.000) 05/19 23:57:05 Image size of job updated: 758580
	156  -  MemoryUsage of job (MB)
	159712  -  ResidentSetSize of job (KB)
...
040 (2282549.012.000) 05/19 23:57:07 Started transferring input files
	Transferring to host: <128.142.75.82:9618?addrs=128.142.75.82-9618+[2001-1458-301-75--100-5e3]-9618&alias=b7s11n9738.cern.ch&noUDP&sock=slot1_7_25406_9342_77795>
...
040 (2282549.012.000) 05/19 23:57:07 Finished transferring input files
...
001 (2282549.012.000) 05/19 23:57:08 Job executing on host: <128.142.75.82:9618?addrs=128.142.75.82-9618+[2001-1458-301-75--100-5e3]-9618&alias=b7s11n9738.cern.ch&noUDP&sock=startd_15194_6610>
...
040 (2282549.016.000) 05/19 23:57:09 Started transferring input files
	Transferring to host: <188.184.168.180:9618?addrs=188.184.168.180-9618+[2001-1458-301-c0--100-37b]-9618&alias=b7g52n9567.cern.ch&noUDP&sock=slot1_4_26257_2e85_73925>
...
040 (2282549.016.000) 05/19 23:57:09 Finished transferring input files
...
006 (2282549.010.000) 05/19 23:57:09 Image size of job updated: 761664
	126  -  MemoryUsage of job (MB)
	129024  -  ResidentSetSize of job (KB)
...
001 (2282549.016.000) 05/19 23:57:10 Job executing on host: <188.184.168.180:9618?addrs=188.184.168.180-9618+[2001-1458-301-c0--100-37b]-9618&alias=b7g52n9567.cern.ch&noUDP&sock=startd_16772_c683>
...
040 (2282549.015.000) 05/19 23:57:11 Started transferring input files
	Transferring to host: <188.184.168.163:9618?addrs=188.184.168.163-9618+[2001-1458-301-c0--100-2b7]-9618&alias=b7g52n5728.cern.ch&noUDP&sock=slot1_3_22816_af99_77732>
...
040 (2282549.015.000) 05/19 23:57:11 Finished transferring input files
...
006 (2282549.006.000) 05/19 23:57:12 Image size of job updated: 746172
	102  -  MemoryUsage of job (MB)
	103912  -  ResidentSetSize of job (KB)
...
001 (2282549.015.000) 05/19 23:57:12 Job executing on host: <188.184.168.163:9618?addrs=188.184.168.163-9618+[2001-1458-301-c0--100-2b7]-9618&alias=b7g52n5728.cern.ch&noUDP&sock=startd_16078_bfc9>
...
006 (2282549.012.000) 05/19 23:57:16 Image size of job updated: 122616
	120  -  MemoryUsage of job (MB)
	122536  -  ResidentSetSize of job (KB)
...
006 (2282549.016.000) 05/19 23:57:18 Image size of job updated: 816252
	153  -  MemoryUsage of job (MB)
	155740  -  ResidentSetSize of job (KB)
...
006 (2282549.015.000) 05/19 23:57:21 Image size of job updated: 98256
	96  -  MemoryUsage of job (MB)
	98176  -  ResidentSetSize of job (KB)
...
006 (2282549.002.000) 05/20 00:01:55 Image size of job updated: 62029904
	943  -  MemoryUsage of job (MB)
	965336  -  ResidentSetSize of job (KB)
...
006 (2282549.000.000) 05/20 00:01:56 Image size of job updated: 62097444
	963  -  MemoryUsage of job (MB)
	985784  -  ResidentSetSize of job (KB)
...
006 (2282549.001.000) 05/20 00:01:56 Image size of job updated: 61931504
	781  -  MemoryUsage of job (MB)
	799532  -  ResidentSetSize of job (KB)
...
006 (2282549.005.000) 05/20 00:01:56 Image size of job updated: 61998432
	862  -  MemoryUsage of job (MB)
	882500  -  ResidentSetSize of job (KB)
...
006 (2282549.004.000) 05/20 00:01:56 Image size of job updated: 62100424
	933  -  MemoryUsage of job (MB)
	954400  -  ResidentSetSize of job (KB)
...
006 (2282549.003.000) 05/20 00:01:56 Image size of job updated: 62183456
	1043  -  MemoryUsage of job (MB)
	1067716  -  ResidentSetSize of job (KB)
...
006 (2282549.008.000) 05/20 00:01:58 Image size of job updated: 62121632
	931  -  MemoryUsage of job (MB)
	953292  -  ResidentSetSize of job (KB)
...
006 (2282549.007.000) 05/20 00:01:58 Image size of job updated: 62149592
	936  -  MemoryUsage of job (MB)
	958164  -  ResidentSetSize of job (KB)
...
006 (2282549.009.000) 05/20 00:01:58 Image size of job updated: 62030928
	916  -  MemoryUsage of job (MB)
	937000  -  ResidentSetSize of job (KB)
...
006 (2282549.011.000) 05/20 00:02:00 Image size of job updated: 62042452
	914  -  MemoryUsage of job (MB)
	935688  -  ResidentSetSize of job (KB)
...
006 (2282549.018.000) 05/20 00:02:04 Image size of job updated: 62190652
	1025  -  MemoryUsage of job (MB)
	1049444  -  ResidentSetSize of job (KB)
...
006 (2282549.013.000) 05/20 00:02:04 Image size of job updated: 62130956
	948  -  MemoryUsage of job (MB)
	969976  -  ResidentSetSize of job (KB)
...
006 (2282549.014.000) 05/20 00:02:04 Image size of job updated: 62078744
	932  -  MemoryUsage of job (MB)
	954060  -  ResidentSetSize of job (KB)
...
006 (2282549.017.000) 05/20 00:02:05 Image size of job updated: 61994772
	876  -  MemoryUsage of job (MB)
	896152  -  ResidentSetSize of job (KB)
...
006 (2282549.019.000) 05/20 00:02:06 Image size of job updated: 62213064
	1009  -  MemoryUsage of job (MB)
	1032256  -  ResidentSetSize of job (KB)
...
006 (2282549.010.000) 05/20 00:02:09 Image size of job updated: 62184868
	970  -  MemoryUsage of job (MB)
	992564  -  ResidentSetSize of job (KB)
...
006 (2282549.006.000) 05/20 00:02:12 Image size of job updated: 61998908
	927  -  MemoryUsage of job (MB)
	949236  -  ResidentSetSize of job (KB)
...
006 (2282549.012.000) 05/20 00:02:16 Image size of job updated: 62125772
	949  -  MemoryUsage of job (MB)
	971496  -  ResidentSetSize of job (KB)
...
006 (2282549.016.000) 05/20 00:02:18 Image size of job updated: 62196872
	1029  -  MemoryUsage of job (MB)
	1053220  -  ResidentSetSize of job (KB)
...
006 (2282549.015.000) 05/20 00:02:22 Image size of job updated: 61982008
	859  -  MemoryUsage of job (MB)
	879456  -  ResidentSetSize of job (KB)
...
006 (2282549.002.000) 05/20 00:06:55 Image size of job updated: 62414536
	943  -  MemoryUsage of job (MB)
	965336  -  ResidentSetSize of job (KB)
...
006 (2282549.000.000) 05/20 00:06:56 Image size of job updated: 85628488
	963  -  MemoryUsage of job (MB)
	985784  -  ResidentSetSize of job (KB)
...
006 (2282549.001.000) 05/20 00:06:56 Image size of job updated: 62306904
	1039  -  MemoryUsage of job (MB)
	1063348  -  ResidentSetSize of job (KB)
...
006 (2282549.003.000) 05/20 00:06:57 Image size of job updated: 62312684
	1043  -  MemoryUsage of job (MB)
	1067716  -  ResidentSetSize of job (KB)
...
006 (2282549.004.000) 05/20 00:06:57 Image size of job updated: 62296908
	933  -  MemoryUsage of job (MB)
	954400  -  ResidentSetSize of job (KB)
...
006 (2282549.005.000) 05/20 00:06:57 Image size of job updated: 62354356
	1127  -  MemoryUsage of job (MB)
	1153916  -  ResidentSetSize of job (KB)
...
006 (2282549.008.000) 05/20 00:06:58 Image size of job updated: 62372268
	931  -  MemoryUsage of job (MB)
	953292  -  ResidentSetSize of job (KB)
...
006 (2282549.007.000) 05/20 00:06:58 Image size of job updated: 62233032
	936  -  MemoryUsage of job (MB)
	958164  -  ResidentSetSize of job (KB)
...
006 (2282549.009.000) 05/20 00:06:58 Image size of job updated: 62214332
	916  -  MemoryUsage of job (MB)
	937000  -  ResidentSetSize of job (KB)
...
006 (2282549.011.000) 05/20 00:07:00 Image size of job updated: 62300464
	914  -  MemoryUsage of job (MB)
	935688  -  ResidentSetSize of job (KB)
...
006 (2282549.013.000) 05/20 00:07:05 Image size of job updated: 62312668
	948  -  MemoryUsage of job (MB)
	969976  -  ResidentSetSize of job (KB)
...
006 (2282549.014.000) 05/20 00:07:05 Image size of job updated: 62434724
	932  -  MemoryUsage of job (MB)
	954060  -  ResidentSetSize of job (KB)
...
006 (2282549.018.000) 05/20 00:07:05 Image size of job updated: 85713144
	1025  -  MemoryUsage of job (MB)
	1049444  -  ResidentSetSize of job (KB)
...
006 (2282549.017.000) 05/20 00:07:06 Image size of job updated: 62256668
	876  -  MemoryUsage of job (MB)
	896152  -  ResidentSetSize of job (KB)
...
006 (2282549.019.000) 05/20 00:07:07 Image size of job updated: 85740084
	1009  -  MemoryUsage of job (MB)
	1032256  -  ResidentSetSize of job (KB)
...
006 (2282549.010.000) 05/20 00:07:09 Image size of job updated: 85207584
	970  -  MemoryUsage of job (MB)
	993200  -  ResidentSetSize of job (KB)
...
006 (2282549.006.000) 05/20 00:07:13 Image size of job updated: 62278404
	927  -  MemoryUsage of job (MB)
	949236  -  ResidentSetSize of job (KB)
...
006 (2282549.012.000) 05/20 00:07:17 Image size of job updated: 62271752
	949  -  MemoryUsage of job (MB)
	971496  -  ResidentSetSize of job (KB)
...
006 (2282549.016.000) 05/20 00:07:18 Image size of job updated: 85687604
	1029  -  MemoryUsage of job (MB)
	1053220  -  ResidentSetSize of job (KB)
...
006 (2282549.015.000) 05/20 00:07:22 Image size of job updated: 62285676
	859  -  MemoryUsage of job (MB)
	879456  -  ResidentSetSize of job (KB)
...
006 (2282549.018.000) 05/20 00:08:31 Image size of job updated: 101158164
	1025  -  MemoryUsage of job (MB)
	1049444  -  ResidentSetSize of job (KB)
...
040 (2282549.018.000) 05/20 00:08:36 Entered queue to transfer output files
...
040 (2282549.018.000) 05/20 00:08:43 Started transferring output files
...
040 (2282549.018.000) 05/20 00:08:44 Finished transferring output files
...
005 (2282549.018.000) 05/20 00:08:44 Job terminated.
	(1) Normal termination (return value 0)
		Usr 0 00:20:42, Sys 0 00:01:27  -  Run Remote Usage
		Usr 0 00:00:00, Sys 0 00:00:00  -  Run Local Usage
		Usr 0 00:20:42, Sys 0 00:01:27  -  Total Remote Usage
		Usr 0 00:00:00, Sys 0 00:00:00  -  Total Local Usage
	166968  -  Run Bytes Sent By Job
	2996  -  Run Bytes Received By Job
	166968  -  Total Bytes Sent By Job
	2996  -  Total Bytes Received By Job
	Partitionable Resources :    Usage  Request Allocated 
	   Cpus                 :     0.66        4         4 
	   Disk (KB)            :   186     8192000   8392485 
	   Memory (MB)          :  1025        8000      8000 

	Job terminated of its own accord at 2021-05-19T22:08:31Z.
...
006 (2282549.000.000) 05/20 00:08:49 Image size of job updated: 101074076
	963  -  MemoryUsage of job (MB)
	985784  -  ResidentSetSize of job (KB)
...
040 (2282549.016.000) 05/20 00:08:54 Entered queue to transfer output files
...
040 (2282549.000.000) 05/20 00:08:54 Entered queue to transfer output files
...
040 (2282549.010.000) 05/20 00:08:56 Entered queue to transfer output files
...
006 (2282549.019.000) 05/20 00:08:56 Image size of job updated: 100554012
	1009  -  MemoryUsage of job (MB)
	1032256  -  ResidentSetSize of job (KB)
...
040 (2282549.019.000) 05/20 00:09:01 Entered queue to transfer output files
...
040 (2282549.016.000) 05/20 00:10:09 Started transferring output files
...
040 (2282549.016.000) 05/20 00:10:09 Finished transferring output files
...
005 (2282549.016.000) 05/20 00:10:09 Job terminated.
	(1) Normal termination (return value 0)
		Usr 0 00:20:12, Sys 0 00:01:29  -  Run Remote Usage
		Usr 0 00:00:00, Sys 0 00:00:00  -  Run Local Usage
		Usr 0 00:20:12, Sys 0 00:01:29  -  Total Remote Usage
		Usr 0 00:00:00, Sys 0 00:00:00  -  Total Local Usage
	177357  -  Run Bytes Sent By Job
	2996  -  Run Bytes Received By Job
	177357  -  Total Bytes Sent By Job
	2996  -  Total Bytes Received By Job
	Partitionable Resources :    Usage  Request Allocated 
	   Cpus                 :        0        4         4 
	   Disk (KB)            :      196  8192000   8454888 
	   Memory (MB)          :     1029     8000      8000 

	Job terminated of its own accord at 2021-05-19T22:08:49Z.
...
006 (2282549.007.000) 05/20 00:10:58 Image size of job updated: 85648172
	936  -  MemoryUsage of job (MB)
	958164  -  ResidentSetSize of job (KB)
...
040 (2282549.007.000) 05/20 00:11:03 Entered queue to transfer output files
...
040 (2282549.000.000) 05/20 00:11:14 Started transferring output files
...
040 (2282549.000.000) 05/20 00:11:14 Finished transferring output files
...
006 (2282549.009.000) 05/20 00:11:15 Image size of job updated: 85619064
	916  -  MemoryUsage of job (MB)
	937000  -  ResidentSetSize of job (KB)
...
040 (2282549.009.000) 05/20 00:11:20 Entered queue to transfer output files
...
006 (2282549.004.000) 05/20 00:11:22 Image size of job updated: 85663756
	933  -  MemoryUsage of job (MB)
	954400  -  ResidentSetSize of job (KB)
...
006 (2282549.011.000) 05/20 00:11:22 Image size of job updated: 85824636
	914  -  MemoryUsage of job (MB)
	935688  -  ResidentSetSize of job (KB)
...
005 (2282549.000.000) 05/20 00:11:26 Job terminated.
	(1) Normal termination (return value 0)
		Usr 0 00:18:15, Sys 0 00:01:32  -  Run Remote Usage
		Usr 0 00:00:00, Sys 0 00:00:00  -  Run Local Usage
		Usr 0 00:18:15, Sys 0 00:01:32  -  Total Remote Usage
		Usr 0 00:00:00, Sys 0 00:00:00  -  Total Local Usage
	169606  -  Run Bytes Sent By Job
	2996  -  Run Bytes Received By Job
	169606  -  Total Bytes Sent By Job
	2996  -  Total Bytes Received By Job
	Partitionable Resources :    Usage  Request Allocated 
	   Cpus                 :     0.64        4         4 
	   Disk (KB)            :   189     8192000   8401581 
	   Memory (MB)          :   963        8000      8000 

	Job terminated of its own accord at 2021-05-19T22:08:49Z.
...
006 (2282549.006.000) 05/20 00:11:27 Image size of job updated: 85610160
	927  -  MemoryUsage of job (MB)
	949236  -  ResidentSetSize of job (KB)
...
040 (2282549.004.000) 05/20 00:11:27 Entered queue to transfer output files
...
040 (2282549.010.000) 05/20 00:11:27 Started transferring output files
...
040 (2282549.011.000) 05/20 00:11:27 Entered queue to transfer output files
...
040 (2282549.010.000) 05/20 00:11:28 Finished transferring output files
...
040 (2282549.006.000) 05/20 00:11:32 Entered queue to transfer output files
...
040 (2282549.019.000) 05/20 00:11:47 Started transferring output files
...
005 (2282549.010.000) 05/20 00:11:47 Job terminated.
	(1) Normal termination (return value 0)
		Usr 0 00:20:00, Sys 0 00:01:30  -  Run Remote Usage
		Usr 0 00:00:00, Sys 0 00:00:00  -  Run Local Usage
		Usr 0 00:20:00, Sys 0 00:01:30  -  Total Remote Usage
		Usr 0 00:00:00, Sys 0 00:00:00  -  Total Local Usage
	166154  -  Run Bytes Sent By Job
	2996  -  Run Bytes Received By Job
	166154  -  Total Bytes Sent By Job
	2996  -  Total Bytes Received By Job
	Partitionable Resources :    Usage  Request Allocated 
	   Cpus                 :     3.51        4         4 
	   Disk (KB)            :   186     8192000   8371762 
	   Memory (MB)          :   970        8000      8000 

	Job terminated of its own accord at 2021-05-19T22:08:51Z.
...
040 (2282549.019.000) 05/20 00:11:54 Finished transferring output files
...
040 (2282549.007.000) 05/20 00:11:54 Started transferring output files
...
040 (2282549.007.000) 05/20 00:11:55 Finished transferring output files
...
006 (2282549.002.000) 05/20 00:11:55 Image size of job updated: 85869976
	943  -  MemoryUsage of job (MB)
	965336  -  ResidentSetSize of job (KB)
...
006 (2282549.001.000) 05/20 00:11:57 Image size of job updated: 69261244
	1039  -  MemoryUsage of job (MB)
	1063348  -  ResidentSetSize of job (KB)
...
006 (2282549.005.000) 05/20 00:11:58 Image size of job updated: 85725800
	1127  -  MemoryUsage of job (MB)
	1153916  -  ResidentSetSize of job (KB)
...
005 (2282549.019.000) 05/20 00:11:58 Job terminated.
	(1) Normal termination (return value 0)
		Usr 0 00:20:13, Sys 0 00:01:29  -  Run Remote Usage
		Usr 0 00:00:00, Sys 0 00:00:00  -  Run Local Usage
		Usr 0 00:20:13, Sys 0 00:01:29  -  Total Remote Usage
		Usr 0 00:00:00, Sys 0 00:00:00  -  Total Local Usage
	165501  -  Run Bytes Sent By Job
	2996  -  Run Bytes Received By Job
	165501  -  Total Bytes Sent By Job
	2996  -  Total Bytes Received By Job
	Partitionable Resources :    Usage  Request Allocated 
	   Cpus                 :     2.21        4         4 
	   Disk (KB)            :   185     8192000   8529732 
	   Memory (MB)          :  1009        8000      8000 

	Job terminated of its own accord at 2021-05-19T22:08:56Z.
...
006 (2282549.008.000) 05/20 00:11:59 Image size of job updated: 85765840
	931  -  MemoryUsage of job (MB)
	953292  -  ResidentSetSize of job (KB)
...
005 (2282549.007.000) 05/20 00:11:59 Job terminated.
	(1) Normal termination (return value 0)
		Usr 0 00:24:53, Sys 0 00:01:36  -  Run Remote Usage
		Usr 0 00:00:00, Sys 0 00:00:00  -  Run Local Usage
		Usr 0 00:24:53, Sys 0 00:01:36  -  Total Remote Usage
		Usr 0 00:00:00, Sys 0 00:00:00  -  Total Local Usage
	179101  -  Run Bytes Sent By Job
	2996  -  Run Bytes Received By Job
	179101  -  Total Bytes Sent By Job
	2996  -  Total Bytes Received By Job
	Partitionable Resources :    Usage  Request Allocated 
	   Cpus                 :     0.50        4         4 
	   Disk (KB)            :   198     8192000   8515208 
	   Memory (MB)          :   936        8000      8000 

	Job terminated of its own accord at 2021-05-19T22:10:58Z.
...
040 (2282549.009.000) 05/20 00:11:59 Started transferring output files
...
040 (2282549.009.000) 05/20 00:11:59 Finished transferring output files
...
005 (2282549.009.000) 05/20 00:11:59 Job terminated.
	(1) Normal termination (return value 0)
		Usr 0 00:22:23, Sys 0 00:01:48  -  Run Remote Usage
		Usr 0 00:00:00, Sys 0 00:00:00  -  Run Local Usage
		Usr 0 00:22:23, Sys 0 00:01:48  -  Total Remote Usage
		Usr 0 00:00:00, Sys 0 00:00:00  -  Total Local Usage
	155101  -  Run Bytes Sent By Job
	2996  -  Run Bytes Received By Job
	155101  -  Total Bytes Sent By Job
	2996  -  Total Bytes Received By Job
	Partitionable Resources :    Usage  Request Allocated 
	   Cpus                 :     3.68        4         4 
	   Disk (KB)            :   175     8192000   8526819 
	   Memory (MB)          :   916        8000      8000 

	Job terminated of its own accord at 2021-05-19T22:11:15Z.
...
040 (2282549.004.000) 05/20 00:11:59 Started transferring output files
...
040 (2282549.004.000) 05/20 00:12:00 Finished transferring output files
...
005 (2282549.004.000) 05/20 00:12:00 Job terminated.
	(1) Normal termination (return value 0)
		Usr 0 00:23:39, Sys 0 00:01:40  -  Run Remote Usage
		Usr 0 00:00:00, Sys 0 00:00:00  -  Run Local Usage
		Usr 0 00:23:39, Sys 0 00:01:40  -  Total Remote Usage
		Usr 0 00:00:00, Sys 0 00:00:00  -  Total Local Usage
	160817  -  Run Bytes Sent By Job
	2996  -  Run Bytes Received By Job
	160817  -  Total Bytes Sent By Job
	2996  -  Total Bytes Received By Job
	Partitionable Resources :    Usage  Request Allocated 
	   Cpus                 :     3.97        4         4 
	   Disk (KB)            :   180     8192000   8483297 
	   Memory (MB)          :   933        8000      8000 

	Job terminated of its own accord at 2021-05-19T22:11:22Z.
...
040 (2282549.011.000) 05/20 00:12:00 Started transferring output files
...
040 (2282549.011.000) 05/20 00:12:00 Finished transferring output files
...
040 (2282549.006.000) 05/20 00:12:00 Started transferring output files
...
040 (2282549.006.000) 05/20 00:12:00 Finished transferring output files
...
005 (2282549.011.000) 05/20 00:12:00 Job terminated.
	(1) Normal termination (return value 0)
		Usr 0 00:24:41, Sys 0 00:01:40  -  Run Remote Usage
		Usr 0 00:00:00, Sys 0 00:00:00  -  Run Local Usage
		Usr 0 00:24:41, Sys 0 00:01:40  -  Total Remote Usage
		Usr 0 00:00:00, Sys 0 00:00:00  -  Total Local Usage
	179528  -  Run Bytes Sent By Job
	2996  -  Run Bytes Received By Job
	179528  -  Total Bytes Sent By Job
	2996  -  Total Bytes Received By Job
	Partitionable Resources :    Usage  Request Allocated 
	   Cpus                 :     0.64        4         4 
	   Disk (KB)            :   198     8192000   8451296 
	   Memory (MB)          :   914        8000      8000 

	Job terminated of its own accord at 2021-05-19T22:11:22Z.
...
005 (2282549.006.000) 05/20 00:12:00 Job terminated.
	(1) Normal termination (return value 0)
		Usr 0 00:22:32, Sys 0 00:01:39  -  Run Remote Usage
		Usr 0 00:00:00, Sys 0 00:00:00  -  Run Local Usage
		Usr 0 00:22:32, Sys 0 00:01:39  -  Total Remote Usage
		Usr 0 00:00:00, Sys 0 00:00:00  -  Total Local Usage
	186672  -  Run Bytes Sent By Job
	2996  -  Run Bytes Received By Job
	186672  -  Total Bytes Sent By Job
	2996  -  Total Bytes Received By Job
	Partitionable Resources :    Usage  Request Allocated 
	   Cpus                 :     1.57        4         4 
	   Disk (KB)            :   206     8192000   8558791 
	   Memory (MB)          :   927        8000      8000 

	Job terminated of its own accord at 2021-05-19T22:11:27Z.
...
006 (2282549.013.000) 05/20 00:12:05 Image size of job updated: 85704244
	948  -  MemoryUsage of job (MB)
	969976  -  ResidentSetSize of job (KB)
...
006 (2282549.014.000) 05/20 00:12:05 Image size of job updated: 85641024
	932  -  MemoryUsage of job (MB)
	954060  -  ResidentSetSize of job (KB)
...
006 (2282549.017.000) 05/20 00:12:07 Image size of job updated: 85595588
	876  -  MemoryUsage of job (MB)
	896152  -  ResidentSetSize of job (KB)
...
040 (2282549.013.000) 05/20 00:12:11 Started transferring output files
...
040 (2282549.013.000) 05/20 00:12:11 Finished transferring output files
...
005 (2282549.013.000) 05/20 00:12:11 Job terminated.
	(1) Normal termination (return value 0)
		Usr 0 00:27:17, Sys 0 00:01:38  -  Run Remote Usage
		Usr 0 00:00:00, Sys 0 00:00:00  -  Run Local Usage
		Usr 0 00:27:17, Sys 0 00:01:38  -  Total Remote Usage
		Usr 0 00:00:00, Sys 0 00:00:00  -  Total Local Usage
	172892  -  Run Bytes Sent By Job
	2996  -  Run Bytes Received By Job
	172892  -  Total Bytes Sent By Job
	2996  -  Total Bytes Received By Job
	Partitionable Resources :    Usage  Request Allocated 
	   Cpus                 :     1.30        4         4 
	   Disk (KB)            :   192     8192000   8500955 
	   Memory (MB)          :   948        8000      8000 

	Job terminated of its own accord at 2021-05-19T22:12:11Z.
...
006 (2282549.012.000) 05/20 00:12:18 Image size of job updated: 85856724
	949  -  MemoryUsage of job (MB)
	971496  -  ResidentSetSize of job (KB)
...
006 (2282549.015.000) 05/20 00:12:22 Image size of job updated: 85658720
	859  -  MemoryUsage of job (MB)
	879456  -  ResidentSetSize of job (KB)
...
006 (2282549.012.000) 05/20 00:12:40 Image size of job updated: 101104444
	949  -  MemoryUsage of job (MB)
	971496  -  ResidentSetSize of job (KB)
...
040 (2282549.012.000) 05/20 00:12:40 Started transferring output files
...
040 (2282549.012.000) 05/20 00:12:40 Finished transferring output files
...
005 (2282549.012.000) 05/20 00:12:41 Job terminated.
	(1) Normal termination (return value 0)
		Usr 0 00:24:38, Sys 0 00:01:47  -  Run Remote Usage
		Usr 0 00:00:00, Sys 0 00:00:00  -  Run Local Usage
		Usr 0 00:24:38, Sys 0 00:01:47  -  Total Remote Usage
		Usr 0 00:00:00, Sys 0 00:00:00  -  Total Local Usage
	173049  -  Run Bytes Sent By Job
	2996  -  Run Bytes Received By Job
	173049  -  Total Bytes Sent By Job
	2996  -  Total Bytes Received By Job
	Partitionable Resources :    Usage  Request Allocated 
	   Cpus                 :     3.99        4         4 
	   Disk (KB)            :   192     8192000   8557635 
	   Memory (MB)          :   949        8000      8000 

	Job terminated of its own accord at 2021-05-19T22:12:40Z.
...
006 (2282549.008.000) 05/20 00:12:51 Image size of job updated: 100942912
	931  -  MemoryUsage of job (MB)
	953292  -  ResidentSetSize of job (KB)
...
040 (2282549.008.000) 05/20 00:12:51 Started transferring output files
...
040 (2282549.008.000) 05/20 00:12:51 Finished transferring output files
...
005 (2282549.008.000) 05/20 00:12:51 Job terminated.
	(1) Normal termination (return value 0)
		Usr 0 00:29:51, Sys 0 00:01:46  -  Run Remote Usage
		Usr 0 00:00:00, Sys 0 00:00:00  -  Run Local Usage
		Usr 0 00:29:51, Sys 0 00:01:46  -  Total Remote Usage
		Usr 0 00:00:00, Sys 0 00:00:00  -  Total Local Usage
	165622  -  Run Bytes Sent By Job
	2996  -  Run Bytes Received By Job
	165622  -  Total Bytes Sent By Job
	2996  -  Total Bytes Received By Job
	Partitionable Resources :    Usage  Request Allocated 
	   Cpus                 :     0.62        4         4 
	   Disk (KB)            :   185     8192000   8473563 
	   Memory (MB)          :   931        8000      8000 

	Job terminated of its own accord at 2021-05-19T22:12:51Z.
...
006 (2282549.002.000) 05/20 00:13:03 Image size of job updated: 101163508
	943  -  MemoryUsage of job (MB)
	965336  -  ResidentSetSize of job (KB)
...
040 (2282549.002.000) 05/20 00:13:03 Started transferring output files
...
040 (2282549.002.000) 05/20 00:13:03 Finished transferring output files
...
005 (2282549.002.000) 05/20 00:13:03 Job terminated.
	(1) Normal termination (return value 0)
		Usr 0 00:31:38, Sys 0 00:01:44  -  Run Remote Usage
		Usr 0 00:00:00, Sys 0 00:00:00  -  Run Local Usage
		Usr 0 00:31:38, Sys 0 00:01:44  -  Total Remote Usage
		Usr 0 00:00:00, Sys 0 00:00:00  -  Total Local Usage
	175168  -  Run Bytes Sent By Job
	2996  -  Run Bytes Received By Job
	175168  -  Total Bytes Sent By Job
	2996  -  Total Bytes Received By Job
	Partitionable Resources :    Usage  Request Allocated 
	   Cpus                 :     4.03        4         4 
	   Disk (KB)            :   194     8192000   8449527 
	   Memory (MB)          :   943        8000      8000 

	Job terminated of its own accord at 2021-05-19T22:13:03Z.
...
040 (2282549.017.000) 05/20 00:13:52 Started transferring output files
...
040 (2282549.017.000) 05/20 00:13:52 Finished transferring output files
...
005 (2282549.017.000) 05/20 00:13:52 Job terminated.
	(1) Normal termination (return value 0)
		Usr 0 00:24:33, Sys 0 00:02:00  -  Run Remote Usage
		Usr 0 00:00:00, Sys 0 00:00:00  -  Run Local Usage
		Usr 0 00:24:33, Sys 0 00:02:00  -  Total Remote Usage
		Usr 0 00:00:00, Sys 0 00:00:00  -  Total Local Usage
	180714  -  Run Bytes Sent By Job
	2996  -  Run Bytes Received By Job
	180714  -  Total Bytes Sent By Job
	2996  -  Total Bytes Received By Job
	Partitionable Resources :    Usage  Request Allocated 
	   Cpus                 :     0.60        4         4 
	   Disk (KB)            :   199     8192000   8382758 
	   Memory (MB)          :   876        8000      8000 

	Job terminated of its own accord at 2021-05-19T22:13:52Z.
...
006 (2282549.015.000) 05/20 00:14:14 Image size of job updated: 101035516
	859  -  MemoryUsage of job (MB)
	879456  -  ResidentSetSize of job (KB)
...
040 (2282549.015.000) 05/20 00:14:14 Started transferring output files
...
040 (2282549.015.000) 05/20 00:14:14 Finished transferring output files
...
005 (2282549.015.000) 05/20 00:14:14 Job terminated.
	(1) Normal termination (return value 0)
		Usr 0 00:23:35, Sys 0 00:01:53  -  Run Remote Usage
		Usr 0 00:00:00, Sys 0 00:00:00  -  Run Local Usage
		Usr 0 00:23:35, Sys 0 00:01:53  -  Total Remote Usage
		Usr 0 00:00:00, Sys 0 00:00:00  -  Total Local Usage
	178835  -  Run Bytes Sent By Job
	2996  -  Run Bytes Received By Job
	178835  -  Total Bytes Sent By Job
	2996  -  Total Bytes Received By Job
	Partitionable Resources :    Usage  Request Allocated 
	   Cpus                 :     3.85        4         4 
	   Disk (KB)            :   198     8192000   8489545 
	   Memory (MB)          :   859        8000      8000 

	Job terminated of its own accord at 2021-05-19T22:14:14Z.
...
006 (2282549.014.000) 05/20 00:14:52 Image size of job updated: 101135088
	932  -  MemoryUsage of job (MB)
	954060  -  ResidentSetSize of job (KB)
...
040 (2282549.014.000) 05/20 00:14:52 Started transferring output files
...
040 (2282549.014.000) 05/20 00:14:52 Finished transferring output files
...
005 (2282549.014.000) 05/20 00:14:52 Job terminated.
	(1) Normal termination (return value 0)
		Usr 0 00:27:28, Sys 0 00:01:52  -  Run Remote Usage
		Usr 0 00:00:00, Sys 0 00:00:00  -  Run Local Usage
		Usr 0 00:27:28, Sys 0 00:01:52  -  Total Remote Usage
		Usr 0 00:00:00, Sys 0 00:00:00  -  Total Local Usage
	189856  -  Run Bytes Sent By Job
	2996  -  Run Bytes Received By Job
	189856  -  Total Bytes Sent By Job
	2996  -  Total Bytes Received By Job
	Partitionable Resources :    Usage  Request Allocated 
	   Cpus                 :     0.53        4         4 
	   Disk (KB)            :   209     8192000   8463461 
	   Memory (MB)          :   932        8000      8000 

	Job terminated of its own accord at 2021-05-19T22:14:52Z.
...
040 (2282549.005.000) 05/20 00:15:14 Started transferring output files
...
040 (2282549.005.000) 05/20 00:15:15 Finished transferring output files
...
005 (2282549.005.000) 05/20 00:15:15 Job terminated.
	(1) Normal termination (return value 0)
		Usr 0 00:30:54, Sys 0 00:01:52  -  Run Remote Usage
		Usr 0 00:00:00, Sys 0 00:00:00  -  Run Local Usage
		Usr 0 00:30:54, Sys 0 00:01:52  -  Total Remote Usage
		Usr 0 00:00:00, Sys 0 00:00:00  -  Total Local Usage
	183103  -  Run Bytes Sent By Job
	2996  -  Run Bytes Received By Job
	183103  -  Total Bytes Sent By Job
	2996  -  Total Bytes Received By Job
	Partitionable Resources :    Usage  Request Allocated 
	   Cpus                 :     3.90        4         4 
	   Disk (KB)            :   202     8192000   8592406 
	   Memory (MB)          :  1127        8000      8000 

	Job terminated of its own accord at 2021-05-19T22:15:14Z.
...
006 (2282549.001.000) 05/20 00:16:11 Image size of job updated: 101061128
	1039  -  MemoryUsage of job (MB)
	1063348  -  ResidentSetSize of job (KB)
...
040 (2282549.001.000) 05/20 00:16:11 Started transferring output files
...
040 (2282549.001.000) 05/20 00:16:11 Finished transferring output files
...
005 (2282549.001.000) 05/20 00:16:11 Job terminated.
	(1) Normal termination (return value 0)
		Usr 0 00:27:09, Sys 0 00:01:59  -  Run Remote Usage
		Usr 0 00:00:00, Sys 0 00:00:00  -  Run Local Usage
		Usr 0 00:27:09, Sys 0 00:01:59  -  Total Remote Usage
		Usr 0 00:00:00, Sys 0 00:00:00  -  Total Local Usage
	181637  -  Run Bytes Sent By Job
	2996  -  Run Bytes Received By Job
	181637  -  Total Bytes Sent By Job
	2996  -  Total Bytes Received By Job
	Partitionable Resources :    Usage  Request Allocated 
	   Cpus                 :     3.01        4         4 
	   Disk (KB)            :   201     8192000   8512866 
	   Memory (MB)          :  1039        8000      8000 

	Job terminated of its own accord at 2021-05-19T22:16:11Z.
...
040 (2282549.003.000) 05/20 01:57:05 Entered queue to transfer output files
...
040 (2282549.003.000) 05/20 01:57:07 Started transferring output files
...
040 (2282549.003.000) 05/20 01:57:07 Finished transferring output files
...
009 (2282549.003.000) 05/20 01:57:07 Job was aborted by the user.
	Job removed by SYSTEM_PERIODIC_REMOVE due to wall time exceeded allowed max.
...
