000 (2284183.000.000) 05/20 07:27:27 Job submitted from host: <188.185.70.244:9618?addrs=188.185.70.244-9618+[2001-1458-d00-7--100-2ee]-9618&alias=bigbird10.cern.ch&noUDP&sock=schedd_2037_ca81_27>
...
000 (2284183.001.000) 05/20 07:27:27 Job submitted from host: <188.185.70.244:9618?addrs=188.185.70.244-9618+[2001-1458-d00-7--100-2ee]-9618&alias=bigbird10.cern.ch&noUDP&sock=schedd_2037_ca81_27>
...
000 (2284183.002.000) 05/20 07:27:27 Job submitted from host: <188.185.70.244:9618?addrs=188.185.70.244-9618+[2001-1458-d00-7--100-2ee]-9618&alias=bigbird10.cern.ch&noUDP&sock=schedd_2037_ca81_27>
...
000 (2284183.003.000) 05/20 07:27:27 Job submitted from host: <188.185.70.244:9618?addrs=188.185.70.244-9618+[2001-1458-d00-7--100-2ee]-9618&alias=bigbird10.cern.ch&noUDP&sock=schedd_2037_ca81_27>
...
000 (2284183.004.000) 05/20 07:27:27 Job submitted from host: <188.185.70.244:9618?addrs=188.185.70.244-9618+[2001-1458-d00-7--100-2ee]-9618&alias=bigbird10.cern.ch&noUDP&sock=schedd_2037_ca81_27>
...
000 (2284183.005.000) 05/20 07:27:27 Job submitted from host: <188.185.70.244:9618?addrs=188.185.70.244-9618+[2001-1458-d00-7--100-2ee]-9618&alias=bigbird10.cern.ch&noUDP&sock=schedd_2037_ca81_27>
...
000 (2284183.006.000) 05/20 07:27:27 Job submitted from host: <188.185.70.244:9618?addrs=188.185.70.244-9618+[2001-1458-d00-7--100-2ee]-9618&alias=bigbird10.cern.ch&noUDP&sock=schedd_2037_ca81_27>
...
000 (2284183.007.000) 05/20 07:27:27 Job submitted from host: <188.185.70.244:9618?addrs=188.185.70.244-9618+[2001-1458-d00-7--100-2ee]-9618&alias=bigbird10.cern.ch&noUDP&sock=schedd_2037_ca81_27>
...
000 (2284183.008.000) 05/20 07:27:27 Job submitted from host: <188.185.70.244:9618?addrs=188.185.70.244-9618+[2001-1458-d00-7--100-2ee]-9618&alias=bigbird10.cern.ch&noUDP&sock=schedd_2037_ca81_27>
...
000 (2284183.009.000) 05/20 07:27:27 Job submitted from host: <188.185.70.244:9618?addrs=188.185.70.244-9618+[2001-1458-d00-7--100-2ee]-9618&alias=bigbird10.cern.ch&noUDP&sock=schedd_2037_ca81_27>
...
000 (2284183.010.000) 05/20 07:27:27 Job submitted from host: <188.185.70.244:9618?addrs=188.185.70.244-9618+[2001-1458-d00-7--100-2ee]-9618&alias=bigbird10.cern.ch&noUDP&sock=schedd_2037_ca81_27>
...
000 (2284183.011.000) 05/20 07:27:27 Job submitted from host: <188.185.70.244:9618?addrs=188.185.70.244-9618+[2001-1458-d00-7--100-2ee]-9618&alias=bigbird10.cern.ch&noUDP&sock=schedd_2037_ca81_27>
...
000 (2284183.012.000) 05/20 07:27:27 Job submitted from host: <188.185.70.244:9618?addrs=188.185.70.244-9618+[2001-1458-d00-7--100-2ee]-9618&alias=bigbird10.cern.ch&noUDP&sock=schedd_2037_ca81_27>
...
000 (2284183.013.000) 05/20 07:27:27 Job submitted from host: <188.185.70.244:9618?addrs=188.185.70.244-9618+[2001-1458-d00-7--100-2ee]-9618&alias=bigbird10.cern.ch&noUDP&sock=schedd_2037_ca81_27>
...
000 (2284183.014.000) 05/20 07:27:27 Job submitted from host: <188.185.70.244:9618?addrs=188.185.70.244-9618+[2001-1458-d00-7--100-2ee]-9618&alias=bigbird10.cern.ch&noUDP&sock=schedd_2037_ca81_27>
...
000 (2284183.015.000) 05/20 07:27:27 Job submitted from host: <188.185.70.244:9618?addrs=188.185.70.244-9618+[2001-1458-d00-7--100-2ee]-9618&alias=bigbird10.cern.ch&noUDP&sock=schedd_2037_ca81_27>
...
000 (2284183.016.000) 05/20 07:27:27 Job submitted from host: <188.185.70.244:9618?addrs=188.185.70.244-9618+[2001-1458-d00-7--100-2ee]-9618&alias=bigbird10.cern.ch&noUDP&sock=schedd_2037_ca81_27>
...
000 (2284183.017.000) 05/20 07:27:27 Job submitted from host: <188.185.70.244:9618?addrs=188.185.70.244-9618+[2001-1458-d00-7--100-2ee]-9618&alias=bigbird10.cern.ch&noUDP&sock=schedd_2037_ca81_27>
...
000 (2284183.018.000) 05/20 07:27:27 Job submitted from host: <188.185.70.244:9618?addrs=188.185.70.244-9618+[2001-1458-d00-7--100-2ee]-9618&alias=bigbird10.cern.ch&noUDP&sock=schedd_2037_ca81_27>
...
000 (2284183.019.000) 05/20 07:27:27 Job submitted from host: <188.185.70.244:9618?addrs=188.185.70.244-9618+[2001-1458-d00-7--100-2ee]-9618&alias=bigbird10.cern.ch&noUDP&sock=schedd_2037_ca81_27>
...
040 (2284183.000.000) 05/20 07:30:13 Started transferring input files
	Transferring to host: <128.142.161.125:9618?addrs=128.142.161.125-9618&alias=b7g03p1231.cern.ch&noUDP&sock=slot1_12_182520_99f7_2344>
...
040 (2284183.000.000) 05/20 07:30:13 Finished transferring input files
...
001 (2284183.000.000) 05/20 07:30:14 Job executing on host: <128.142.161.125:9618?addrs=128.142.161.125-9618&alias=b7g03p1231.cern.ch&noUDP&sock=startd_2982_fb81>
...
006 (2284183.000.000) 05/20 07:30:23 Image size of job updated: 230300
	225  -  MemoryUsage of job (MB)
	230220  -  ResidentSetSize of job (KB)
...
040 (2284183.001.000) 05/20 07:32:21 Started transferring input files
	Transferring to host: <128.142.73.26:9618?addrs=128.142.73.26-9618+[2001-1458-301-75--100-16]-9618&alias=b7s11n1435.cern.ch&noUDP&sock=slot1_2_5782_b124_21002>
...
040 (2284183.001.000) 05/20 07:32:21 Finished transferring input files
...
040 (2284183.002.000) 05/20 07:32:21 Started transferring input files
	Transferring to host: <128.142.161.107:9618?addrs=128.142.161.107-9618+[2001-1458-301-b8--100-29]-9618&alias=b7g03p4485.cern.ch&noUDP&sock=slot1_16_288022_4df9_6675>
...
040 (2284183.002.000) 05/20 07:32:21 Finished transferring input files
...
001 (2284183.001.000) 05/20 07:32:22 Job executing on host: <128.142.73.26:9618?addrs=128.142.73.26-9618+[2001-1458-301-75--100-16]-9618&alias=b7s11n1435.cern.ch&noUDP&sock=startd_4642_9ab8>
...
001 (2284183.002.000) 05/20 07:32:22 Job executing on host: <128.142.161.107:9618?addrs=128.142.161.107-9618+[2001-1458-301-b8--100-29]-9618&alias=b7g03p4485.cern.ch&noUDP&sock=startd_286800_8602>
...
040 (2284183.003.000) 05/20 07:32:25 Started transferring input files
	Transferring to host: <188.184.168.178:9618?addrs=188.184.168.178-9618+[2001-1458-301-c0--100-55]-9618&alias=b7g52n3357.cern.ch&noUDP&sock=slot1_1_6077_8bd0_24397>
...
040 (2284183.003.000) 05/20 07:32:25 Finished transferring input files
...
040 (2284183.005.000) 05/20 07:32:26 Started transferring input files
	Transferring to host: <128.142.68.149:9618?addrs=128.142.68.149-9618+[2001-1458-301-52--100-2c9]-9618&alias=b7s10n2296.cern.ch&noUDP&sock=slot1_2_4667_12d7_22113>
...
040 (2284183.005.000) 05/20 07:32:26 Finished transferring input files
...
040 (2284183.006.000) 05/20 07:32:26 Started transferring input files
	Transferring to host: <188.184.169.252:9618?addrs=188.184.169.252-9618&alias=b7g52n9545.cern.ch&noUDP&sock=slot1_2_6192_92f5_24332>
...
040 (2284183.006.000) 05/20 07:32:26 Finished transferring input files
...
001 (2284183.003.000) 05/20 07:32:26 Job executing on host: <188.184.168.178:9618?addrs=188.184.168.178-9618+[2001-1458-301-c0--100-55]-9618&alias=b7g52n3357.cern.ch&noUDP&sock=startd_4911_1db1>
...
001 (2284183.005.000) 05/20 07:32:27 Job executing on host: <128.142.68.149:9618?addrs=128.142.68.149-9618+[2001-1458-301-52--100-2c9]-9618&alias=b7s10n2296.cern.ch&noUDP&sock=startd_3796_5198>
...
001 (2284183.006.000) 05/20 07:32:27 Job executing on host: <188.184.169.252:9618?addrs=188.184.169.252-9618&alias=b7g52n9545.cern.ch&noUDP&sock=startd_5016_2323>
...
040 (2284183.004.000) 05/20 07:32:27 Started transferring input files
	Transferring to host: <188.184.169.53:9618?addrs=188.184.169.53-9618+[2001-1458-301-c0--100-588]-9618&alias=b7g52n9865.cern.ch&noUDP&sock=slot1_4_25052_2674_78293>
...
040 (2284183.007.000) 05/20 07:32:27 Started transferring input files
	Transferring to host: <128.142.193.251:9618?addrs=128.142.193.251-9618+[2001-1458-301-cc--100-1a8]-9618&alias=b7g52n0271.cern.ch&noUDP&sock=slot1_4_18984_b1fd_94549>
...
040 (2284183.004.000) 05/20 07:32:27 Finished transferring input files
...
040 (2284183.007.000) 05/20 07:32:27 Finished transferring input files
...
040 (2284183.008.000) 05/20 07:32:28 Started transferring input files
	Transferring to host: <188.184.198.74:9618?addrs=188.184.198.74-9618+[2001-1458-301-c1--100-23]-9618&alias=b7g52n7514.cern.ch&noUDP&sock=slot1_4_11585_6e30_78869>
...
040 (2284183.008.000) 05/20 07:32:28 Finished transferring input files
...
040 (2284183.011.000) 05/20 07:32:28 Started transferring input files
	Transferring to host: <128.142.76.112:9618?addrs=128.142.76.112-9618+[2001-1458-301-f4--100-11d]-9618&alias=b7s12n8752.cern.ch&noUDP&sock=slot1_4_6404_f27d_18524>
...
040 (2284183.012.000) 05/20 07:32:28 Started transferring input files
	Transferring to host: <188.184.212.82:9618?addrs=188.184.212.82-9618+[2001-1458-301-10c--100-73]-9618&alias=b7g24n0216.cern.ch&noUDP&sock=slot1_1_4671_e457_17914>
...
040 (2284183.011.000) 05/20 07:32:28 Finished transferring input files
...
040 (2284183.012.000) 05/20 07:32:28 Finished transferring input files
...
040 (2284183.009.000) 05/20 07:32:28 Started transferring input files
	Transferring to host: <128.142.76.22:9618?addrs=128.142.76.22-9618+[2001-1458-301-f4--100-98]-9618&alias=b7s12n2410.cern.ch&noUDP&sock=slot1_1_8024_623f_74258>
...
040 (2284183.009.000) 05/20 07:32:28 Finished transferring input files
...
001 (2284183.004.000) 05/20 07:32:28 Job executing on host: <188.184.169.53:9618?addrs=188.184.169.53-9618+[2001-1458-301-c0--100-588]-9618&alias=b7g52n9865.cern.ch&noUDP&sock=startd_17575_9110>
...
001 (2284183.007.000) 05/20 07:32:28 Job executing on host: <128.142.193.251:9618?addrs=128.142.193.251-9618+[2001-1458-301-cc--100-1a8]-9618&alias=b7g52n0271.cern.ch&noUDP&sock=startd_18280_2354>
...
001 (2284183.008.000) 05/20 07:32:29 Job executing on host: <188.184.198.74:9618?addrs=188.184.198.74-9618+[2001-1458-301-c1--100-23]-9618&alias=b7g52n7514.cern.ch&noUDP&sock=startd_17734_a09e>
...
001 (2284183.011.000) 05/20 07:32:29 Job executing on host: <128.142.76.112:9618?addrs=128.142.76.112-9618+[2001-1458-301-f4--100-11d]-9618&alias=b7s12n8752.cern.ch&noUDP&sock=startd_5144_ef43>
...
001 (2284183.012.000) 05/20 07:32:29 Job executing on host: <188.184.212.82:9618?addrs=188.184.212.82-9618+[2001-1458-301-10c--100-73]-9618&alias=b7g24n0216.cern.ch&noUDP&sock=startd_3788_d4d6>
...
001 (2284183.009.000) 05/20 07:32:29 Job executing on host: <128.142.76.22:9618?addrs=128.142.76.22-9618+[2001-1458-301-f4--100-98]-9618&alias=b7s12n2410.cern.ch&noUDP&sock=startd_16680_abcc>
...
040 (2284183.015.000) 05/20 07:32:29 Started transferring input files
	Transferring to host: <188.184.212.218:9618?addrs=188.184.212.218-9618+[2001-1458-301-10c--100-d1]-9618&alias=b7g24n0404.cern.ch&noUDP&sock=slot1_6_3836_8f15_29186>
...
040 (2284183.013.000) 05/20 07:32:29 Started transferring input files
	Transferring to host: <188.184.197.202:9618?addrs=188.184.197.202-9618+[2001-1458-301-103--100-1f7]-9618&alias=b7g23n3842.cern.ch&noUDP&sock=slot1_5_5804_3165_30834>
...
040 (2284183.015.000) 05/20 07:32:29 Finished transferring input files
...
040 (2284183.013.000) 05/20 07:32:29 Finished transferring input files
...
006 (2284183.001.000) 05/20 07:32:30 Image size of job updated: 172884
	169  -  MemoryUsage of job (MB)
	172804  -  ResidentSetSize of job (KB)
...
040 (2284183.016.000) 05/20 07:32:30 Started transferring input files
	Transferring to host: <188.184.197.63:9618?addrs=188.184.197.63-9618+[2001-1458-301-103--100-409]-9618&alias=b7g23n3119.cern.ch&noUDP&sock=slot1_1_4586_0074_18454>
...
040 (2284183.016.000) 05/20 07:32:30 Finished transferring input files
...
001 (2284183.013.000) 05/20 07:32:30 Job executing on host: <188.184.197.202:9618?addrs=188.184.197.202-9618+[2001-1458-301-103--100-1f7]-9618&alias=b7g23n3842.cern.ch&noUDP&sock=startd_4252_18c8>
...
001 (2284183.015.000) 05/20 07:32:30 Job executing on host: <188.184.212.218:9618?addrs=188.184.212.218-9618+[2001-1458-301-10c--100-d1]-9618&alias=b7g24n0404.cern.ch&noUDP&sock=startd_3169_3fb7>
...
001 (2284183.016.000) 05/20 07:32:31 Job executing on host: <188.184.197.63:9618?addrs=188.184.197.63-9618+[2001-1458-301-103--100-409]-9618&alias=b7g23n3119.cern.ch&noUDP&sock=startd_3834_6232>
...
040 (2284183.017.000) 05/20 07:32:31 Started transferring input files
	Transferring to host: <188.184.212.221:9618?addrs=188.184.212.221-9618+[2001-1458-301-10c--100-d0]-9618&alias=b7g24n0436.cern.ch&noUDP&sock=slot1_1_3081_97d6_31154>
...
040 (2284183.010.000) 05/20 07:32:31 Started transferring input files
	Transferring to host: <188.184.168.141:9618?addrs=188.184.168.141-9618&alias=b7g52n6629.cern.ch&noUDP&sock=slot1_1_3462_0ac6_18730>
...
040 (2284183.017.000) 05/20 07:32:31 Finished transferring input files
...
040 (2284183.010.000) 05/20 07:32:31 Finished transferring input files
...
040 (2284183.018.000) 05/20 07:32:31 Started transferring input files
	Transferring to host: <188.184.138.134:9618?addrs=188.184.138.134-9618+[2001-1458-301-45--100-5f]-9618&alias=b7g42n0218.cern.ch&noUDP&sock=slot1_2_4626_2f75_18487>
...
040 (2284183.018.000) 05/20 07:32:31 Finished transferring input files
...
006 (2284183.002.000) 05/20 07:32:31 Image size of job updated: 812280
	219  -  MemoryUsage of job (MB)
	224124  -  ResidentSetSize of job (KB)
...
001 (2284183.017.000) 05/20 07:32:32 Job executing on host: <188.184.212.221:9618?addrs=188.184.212.221-9618+[2001-1458-301-10c--100-d0]-9618&alias=b7g24n0436.cern.ch&noUDP&sock=startd_2516_585f>
...
001 (2284183.010.000) 05/20 07:32:32 Job executing on host: <188.184.168.141:9618?addrs=188.184.168.141-9618&alias=b7g52n6629.cern.ch&noUDP&sock=startd_2862_ac24>
...
001 (2284183.018.000) 05/20 07:32:32 Job executing on host: <188.184.138.134:9618?addrs=188.184.138.134-9618+[2001-1458-301-45--100-5f]-9618&alias=b7g42n0218.cern.ch&noUDP&sock=startd_3750_c43d>
...
006 (2284183.005.000) 05/20 07:32:35 Image size of job updated: 730592
	78  -  MemoryUsage of job (MB)
	79168  -  ResidentSetSize of job (KB)
...
006 (2284183.003.000) 05/20 07:32:35 Image size of job updated: 750612
	167  -  MemoryUsage of job (MB)
	170224  -  ResidentSetSize of job (KB)
...
006 (2284183.006.000) 05/20 07:32:36 Image size of job updated: 827796
	186  -  MemoryUsage of job (MB)
	190372  -  ResidentSetSize of job (KB)
...
006 (2284183.008.000) 05/20 07:32:37 Image size of job updated: 761436
	125  -  MemoryUsage of job (MB)
	127252  -  ResidentSetSize of job (KB)
...
006 (2284183.011.000) 05/20 07:32:37 Image size of job updated: 130896
	126  -  MemoryUsage of job (MB)
	128928  -  ResidentSetSize of job (KB)
...
006 (2284183.009.000) 05/20 07:32:37 Image size of job updated: 705684
	71  -  MemoryUsage of job (MB)
	72288  -  ResidentSetSize of job (KB)
...
006 (2284183.012.000) 05/20 07:32:37 Image size of job updated: 107268
	105  -  MemoryUsage of job (MB)
	107188  -  ResidentSetSize of job (KB)
...
006 (2284183.007.000) 05/20 07:32:37 Image size of job updated: 187992
	183  -  MemoryUsage of job (MB)
	187020  -  ResidentSetSize of job (KB)
...
006 (2284183.004.000) 05/20 07:32:37 Image size of job updated: 754284
	114  -  MemoryUsage of job (MB)
	115920  -  ResidentSetSize of job (KB)
...
006 (2284183.015.000) 05/20 07:32:39 Image size of job updated: 685600
	149  -  MemoryUsage of job (MB)
	151696  -  ResidentSetSize of job (KB)
...
006 (2284183.013.000) 05/20 07:32:39 Image size of job updated: 137424
	135  -  MemoryUsage of job (MB)
	137344  -  ResidentSetSize of job (KB)
...
006 (2284183.016.000) 05/20 07:32:40 Image size of job updated: 799656
	146  -  MemoryUsage of job (MB)
	149412  -  ResidentSetSize of job (KB)
...
006 (2284183.017.000) 05/20 07:32:41 Image size of job updated: 768156
	140  -  MemoryUsage of job (MB)
	143124  -  ResidentSetSize of job (KB)
...
006 (2284183.010.000) 05/20 07:32:41 Image size of job updated: 702088
	124  -  MemoryUsage of job (MB)
	126608  -  ResidentSetSize of job (KB)
...
006 (2284183.018.000) 05/20 07:32:41 Image size of job updated: 797220
	157  -  MemoryUsage of job (MB)
	160200  -  ResidentSetSize of job (KB)
...
040 (2284183.014.000) 05/20 07:32:48 Started transferring input files
	Transferring to host: <188.184.213.62:9618?addrs=188.184.213.62-9618+[2001-1458-301-10c--100-11d]-9618&alias=b7g24n0564.cern.ch&noUDP&sock=slot1_2_2750_5fa9_73067>
...
040 (2284183.014.000) 05/20 07:32:48 Finished transferring input files
...
040 (2284183.019.000) 05/20 07:32:48 Started transferring input files
	Transferring to host: <128.142.240.194:9618?addrs=128.142.240.194-9618+[2001-1458-301-9--100-343]-9618&alias=b7g41n8463.cern.ch&noUDP&sock=slot1_3_16720_80a1_72936>
...
040 (2284183.019.000) 05/20 07:32:48 Finished transferring input files
...
001 (2284183.014.000) 05/20 07:32:49 Job executing on host: <188.184.213.62:9618?addrs=188.184.213.62-9618+[2001-1458-301-10c--100-11d]-9618&alias=b7g24n0564.cern.ch&noUDP&sock=startd_20464_2e2b>
...
001 (2284183.019.000) 05/20 07:32:49 Job executing on host: <128.142.240.194:9618?addrs=128.142.240.194-9618+[2001-1458-301-9--100-343]-9618&alias=b7g41n8463.cern.ch&noUDP&sock=startd_6441_9198>
...
006 (2284183.014.000) 05/20 07:32:57 Image size of job updated: 693640
	115  -  MemoryUsage of job (MB)
	117152  -  ResidentSetSize of job (KB)
...
006 (2284183.019.000) 05/20 07:32:58 Image size of job updated: 153192
	148  -  MemoryUsage of job (MB)
	150876  -  ResidentSetSize of job (KB)
...
006 (2284183.000.000) 05/20 07:35:24 Image size of job updated: 62076652
	225  -  MemoryUsage of job (MB)
	230228  -  ResidentSetSize of job (KB)
...
006 (2284183.001.000) 05/20 07:37:30 Image size of job updated: 62034744
	634  -  MemoryUsage of job (MB)
	648628  -  ResidentSetSize of job (KB)
...
006 (2284183.002.000) 05/20 07:37:32 Image size of job updated: 17702784
	219  -  MemoryUsage of job (MB)
	224136  -  ResidentSetSize of job (KB)
...
006 (2284183.005.000) 05/20 07:37:35 Image size of job updated: 61603056
	708  -  MemoryUsage of job (MB)
	724148  -  ResidentSetSize of job (KB)
...
006 (2284183.003.000) 05/20 07:37:36 Image size of job updated: 62134152
	971  -  MemoryUsage of job (MB)
	993600  -  ResidentSetSize of job (KB)
...
006 (2284183.008.000) 05/20 07:37:37 Image size of job updated: 62095204
	940  -  MemoryUsage of job (MB)
	962536  -  ResidentSetSize of job (KB)
...
006 (2284183.009.000) 05/20 07:37:37 Image size of job updated: 61938532
	780  -  MemoryUsage of job (MB)
	798308  -  ResidentSetSize of job (KB)
...
006 (2284183.011.000) 05/20 07:37:37 Image size of job updated: 62067056
	126  -  MemoryUsage of job (MB)
	128988  -  ResidentSetSize of job (KB)
...
006 (2284183.012.000) 05/20 07:37:37 Image size of job updated: 62114888
	916  -  MemoryUsage of job (MB)
	937460  -  ResidentSetSize of job (KB)
...
006 (2284183.006.000) 05/20 07:37:37 Image size of job updated: 62172504
	733  -  MemoryUsage of job (MB)
	750228  -  ResidentSetSize of job (KB)
...
006 (2284183.007.000) 05/20 07:37:38 Image size of job updated: 62164884
	183  -  MemoryUsage of job (MB)
	187052  -  ResidentSetSize of job (KB)
...
006 (2284183.004.000) 05/20 07:37:39 Image size of job updated: 62018788
	913  -  MemoryUsage of job (MB)
	934140  -  ResidentSetSize of job (KB)
...
006 (2284183.015.000) 05/20 07:37:40 Image size of job updated: 61994124
	149  -  MemoryUsage of job (MB)
	152284  -  ResidentSetSize of job (KB)
...
006 (2284183.013.000) 05/20 07:37:40 Image size of job updated: 62067108
	925  -  MemoryUsage of job (MB)
	946704  -  ResidentSetSize of job (KB)
...
006 (2284183.016.000) 05/20 07:37:41 Image size of job updated: 62111992
	952  -  MemoryUsage of job (MB)
	974300  -  ResidentSetSize of job (KB)
...
006 (2284183.017.000) 05/20 07:37:42 Image size of job updated: 62113700
	943  -  MemoryUsage of job (MB)
	965104  -  ResidentSetSize of job (KB)
...
006 (2284183.010.000) 05/20 07:37:42 Image size of job updated: 62115388
	900  -  MemoryUsage of job (MB)
	921200  -  ResidentSetSize of job (KB)
...
006 (2284183.018.000) 05/20 07:37:42 Image size of job updated: 62125100
	410  -  MemoryUsage of job (MB)
	419616  -  ResidentSetSize of job (KB)
...
006 (2284183.000.000) 05/20 07:37:42 Image size of job updated: 85162696
	225  -  MemoryUsage of job (MB)
	230228  -  ResidentSetSize of job (KB)
...
040 (2284183.000.000) 05/20 07:37:42 Started transferring output files
...
040 (2284183.000.000) 05/20 07:37:42 Finished transferring output files
...
005 (2284183.000.000) 05/20 07:37:42 Job terminated.
	(1) Normal termination (return value 0)
		Usr 0 00:08:17, Sys 0 00:01:08  -  Run Remote Usage
		Usr 0 00:00:00, Sys 0 00:00:00  -  Run Local Usage
		Usr 0 00:08:17, Sys 0 00:01:08  -  Total Remote Usage
		Usr 0 00:00:00, Sys 0 00:00:00  -  Total Local Usage
	93688  -  Run Bytes Sent By Job
	2996  -  Run Bytes Received By Job
	93688  -  Total Bytes Sent By Job
	2996  -  Total Bytes Received By Job
	Partitionable Resources :    Usage  Request Allocated 
	   Cpus                 :     0.36        4         4 
	   Disk (KB)            :   114     8192000   9813845 
	   Memory (MB)          :   225        8000      8000 

	Job terminated of its own accord at 2021-05-20T05:37:42Z.
...
006 (2284183.014.000) 05/20 07:37:57 Image size of job updated: 62124236
	936  -  MemoryUsage of job (MB)
	958420  -  ResidentSetSize of job (KB)
...
006 (2284183.019.000) 05/20 07:37:59 Image size of job updated: 62076776
	148  -  MemoryUsage of job (MB)
	150896  -  ResidentSetSize of job (KB)
...
040 (2284183.007.000) 05/20 07:41:35 Started transferring output files
...
040 (2284183.007.000) 05/20 07:41:35 Finished transferring output files
...
005 (2284183.007.000) 05/20 07:41:35 Job terminated.
	(1) Normal termination (return value 0)
		Usr 0 00:11:47, Sys 0 00:01:19  -  Run Remote Usage
		Usr 0 00:00:00, Sys 0 00:00:00  -  Run Local Usage
		Usr 0 00:11:47, Sys 0 00:01:19  -  Total Remote Usage
		Usr 0 00:00:00, Sys 0 00:00:00  -  Total Local Usage
	90532  -  Run Bytes Sent By Job
	2996  -  Run Bytes Received By Job
	90532  -  Total Bytes Sent By Job
	2996  -  Total Bytes Received By Job
	Partitionable Resources :    Usage  Request Allocated 
	   Cpus                 :     0.67        4         4 
	   Disk (KB)            :   112     8192000   8492140 
	   Memory (MB)          :   183        8000      8000 

	Job terminated of its own accord at 2021-05-20T05:41:34Z.
...
006 (2284183.006.000) 05/20 07:41:49 Image size of job updated: 62172504
	733  -  MemoryUsage of job (MB)
	750584  -  ResidentSetSize of job (KB)
...
040 (2284183.006.000) 05/20 07:41:49 Started transferring output files
...
040 (2284183.006.000) 05/20 07:41:49 Finished transferring output files
...
005 (2284183.006.000) 05/20 07:41:49 Job terminated.
	(1) Normal termination (return value 0)
		Usr 0 00:11:48, Sys 0 00:01:20  -  Run Remote Usage
		Usr 0 00:00:00, Sys 0 00:00:00  -  Run Local Usage
		Usr 0 00:11:48, Sys 0 00:01:20  -  Total Remote Usage
		Usr 0 00:00:00, Sys 0 00:00:00  -  Total Local Usage
	95317  -  Run Bytes Sent By Job
	2996  -  Run Bytes Received By Job
	95317  -  Total Bytes Sent By Job
	2996  -  Total Bytes Received By Job
	Partitionable Resources :    Usage  Request Allocated 
	   Cpus                 :     0.58        4         4 
	   Disk (KB)            :   115     8192000   8415854 
	   Memory (MB)          :   733        8000      8000 

	Job terminated of its own accord at 2021-05-20T05:41:49Z.
...
006 (2284183.001.000) 05/20 07:41:54 Image size of job updated: 85572336
	634  -  MemoryUsage of job (MB)
	648848  -  ResidentSetSize of job (KB)
...
040 (2284183.001.000) 05/20 07:41:54 Started transferring output files
...
040 (2284183.001.000) 05/20 07:41:54 Finished transferring output files
...
005 (2284183.001.000) 05/20 07:41:55 Job terminated.
	(1) Normal termination (return value 0)
		Usr 0 00:10:40, Sys 0 00:01:25  -  Run Remote Usage
		Usr 0 00:00:00, Sys 0 00:00:00  -  Run Local Usage
		Usr 0 00:10:40, Sys 0 00:01:25  -  Total Remote Usage
		Usr 0 00:00:00, Sys 0 00:00:00  -  Total Local Usage
	90593  -  Run Bytes Sent By Job
	2996  -  Run Bytes Received By Job
	90593  -  Total Bytes Sent By Job
	2996  -  Total Bytes Received By Job
	Partitionable Resources :    Usage  Request Allocated 
	   Cpus                 :     0.48        4         4 
	   Disk (KB)            :   112     8192000   8522250 
	   Memory (MB)          :   634        8000      8000 

	Job terminated of its own accord at 2021-05-20T05:41:54Z.
...
006 (2284183.011.000) 05/20 07:42:05 Image size of job updated: 85098212
	126  -  MemoryUsage of job (MB)
	128988  -  ResidentSetSize of job (KB)
...
040 (2284183.011.000) 05/20 07:42:05 Started transferring output files
...
040 (2284183.011.000) 05/20 07:42:05 Finished transferring output files
...
005 (2284183.011.000) 05/20 07:42:05 Job terminated.
	(1) Normal termination (return value 0)
		Usr 0 00:10:13, Sys 0 00:01:23  -  Run Remote Usage
		Usr 0 00:00:00, Sys 0 00:00:00  -  Run Local Usage
		Usr 0 00:10:13, Sys 0 00:01:23  -  Total Remote Usage
		Usr 0 00:00:00, Sys 0 00:00:00  -  Total Local Usage
	100481  -  Run Bytes Sent By Job
	2996  -  Run Bytes Received By Job
	100481  -  Total Bytes Sent By Job
	2996  -  Total Bytes Received By Job
	Partitionable Resources :    Usage  Request Allocated 
	   Cpus                 :     3.91        4         4 
	   Disk (KB)            :   121     8192000   8435110 
	   Memory (MB)          :   126        8000      8000 

	Job terminated of its own accord at 2021-05-20T05:42:05Z.
...
006 (2284183.015.000) 05/20 07:42:11 Image size of job updated: 85631528
	149  -  MemoryUsage of job (MB)
	152284  -  ResidentSetSize of job (KB)
...
040 (2284183.015.000) 05/20 07:42:11 Started transferring output files
...
040 (2284183.015.000) 05/20 07:42:11 Finished transferring output files
...
005 (2284183.015.000) 05/20 07:42:11 Job terminated.
	(1) Normal termination (return value 0)
		Usr 0 00:10:01, Sys 0 00:01:30  -  Run Remote Usage
		Usr 0 00:00:00, Sys 0 00:00:00  -  Run Local Usage
		Usr 0 00:10:01, Sys 0 00:01:30  -  Total Remote Usage
		Usr 0 00:00:00, Sys 0 00:00:00  -  Total Local Usage
	102503  -  Run Bytes Sent By Job
	2996  -  Run Bytes Received By Job
	102503  -  Total Bytes Sent By Job
	2996  -  Total Bytes Received By Job
	Partitionable Resources :    Usage  Request Allocated 
	   Cpus                 :     1.34        4         4 
	   Disk (KB)            :   123     8192000   8476859 
	   Memory (MB)          :   149        8000      8000 

	Job terminated of its own accord at 2021-05-20T05:42:11Z.
...
006 (2284183.005.000) 05/20 07:42:36 Image size of job updated: 62029176
	708  -  MemoryUsage of job (MB)
	724148  -  ResidentSetSize of job (KB)
...
006 (2284183.003.000) 05/20 07:42:36 Image size of job updated: 85604716
	971  -  MemoryUsage of job (MB)
	993600  -  ResidentSetSize of job (KB)
...
006 (2284183.008.000) 05/20 07:42:37 Image size of job updated: 62230696
	940  -  MemoryUsage of job (MB)
	962536  -  ResidentSetSize of job (KB)
...
006 (2284183.009.000) 05/20 07:42:38 Image size of job updated: 85502356
	780  -  MemoryUsage of job (MB)
	798308  -  ResidentSetSize of job (KB)
...
006 (2284183.012.000) 05/20 07:42:38 Image size of job updated: 85683272
	916  -  MemoryUsage of job (MB)
	937460  -  ResidentSetSize of job (KB)
...
006 (2284183.004.000) 05/20 07:42:39 Image size of job updated: 85654200
	913  -  MemoryUsage of job (MB)
	934140  -  ResidentSetSize of job (KB)
...
006 (2284183.013.000) 05/20 07:42:40 Image size of job updated: 85611008
	925  -  MemoryUsage of job (MB)
	946704  -  ResidentSetSize of job (KB)
...
006 (2284183.016.000) 05/20 07:42:42 Image size of job updated: 62140660
	952  -  MemoryUsage of job (MB)
	974300  -  ResidentSetSize of job (KB)
...
006 (2284183.017.000) 05/20 07:42:42 Image size of job updated: 69263168
	943  -  MemoryUsage of job (MB)
	965104  -  ResidentSetSize of job (KB)
...
006 (2284183.010.000) 05/20 07:42:42 Image size of job updated: 69270324
	900  -  MemoryUsage of job (MB)
	921200  -  ResidentSetSize of job (KB)
...
006 (2284183.018.000) 05/20 07:42:42 Image size of job updated: 85651728
	410  -  MemoryUsage of job (MB)
	419656  -  ResidentSetSize of job (KB)
...
040 (2284183.018.000) 05/20 07:42:54 Started transferring output files
...
040 (2284183.018.000) 05/20 07:42:55 Finished transferring output files
...
005 (2284183.018.000) 05/20 07:42:55 Job terminated.
	(1) Normal termination (return value 0)
		Usr 0 00:11:40, Sys 0 00:01:31  -  Run Remote Usage
		Usr 0 00:00:00, Sys 0 00:00:00  -  Run Local Usage
		Usr 0 00:11:40, Sys 0 00:01:31  -  Total Remote Usage
		Usr 0 00:00:00, Sys 0 00:00:00  -  Total Local Usage
	92417  -  Run Bytes Sent By Job
	2996  -  Run Bytes Received By Job
	92417  -  Total Bytes Sent By Job
	2996  -  Total Bytes Received By Job
	Partitionable Resources :    Usage  Request Allocated 
	   Cpus                 :     4.07        4         4 
	   Disk (KB)            :   113     8192000   8620492 
	   Memory (MB)          :   410        8000      8000 

	Job terminated of its own accord at 2021-05-20T05:42:54Z.
...
006 (2284183.014.000) 05/20 07:42:58 Image size of job updated: 85518140
	936  -  MemoryUsage of job (MB)
	958420  -  ResidentSetSize of job (KB)
...
006 (2284183.019.000) 05/20 07:42:59 Image size of job updated: 69253952
	772  -  MemoryUsage of job (MB)
	789864  -  ResidentSetSize of job (KB)
...
040 (2284183.016.000) 05/20 07:44:21 Started transferring output files
...
040 (2284183.016.000) 05/20 07:44:21 Finished transferring output files
...
005 (2284183.016.000) 05/20 07:44:21 Job terminated.
	(1) Normal termination (return value 0)
		Usr 0 00:13:53, Sys 0 00:01:42  -  Run Remote Usage
		Usr 0 00:00:00, Sys 0 00:00:00  -  Run Local Usage
		Usr 0 00:13:53, Sys 0 00:01:42  -  Total Remote Usage
		Usr 0 00:00:00, Sys 0 00:00:00  -  Total Local Usage
	107031  -  Run Bytes Sent By Job
	2996  -  Run Bytes Received By Job
	107031  -  Total Bytes Sent By Job
	2996  -  Total Bytes Received By Job
	Partitionable Resources :    Usage  Request Allocated 
	   Cpus                 :     0.60        4         4 
	   Disk (KB)            :   128     8192000   8611293 
	   Memory (MB)          :   952        8000      8000 

	Job terminated of its own accord at 2021-05-20T05:44:21Z.
...
040 (2284183.012.000) 05/20 07:44:22 Started transferring output files
...
040 (2284183.012.000) 05/20 07:44:22 Finished transferring output files
...
005 (2284183.012.000) 05/20 07:44:22 Job terminated.
	(1) Normal termination (return value 0)
		Usr 0 00:11:58, Sys 0 00:01:39  -  Run Remote Usage
		Usr 0 00:00:00, Sys 0 00:00:00  -  Run Local Usage
		Usr 0 00:11:58, Sys 0 00:01:39  -  Total Remote Usage
		Usr 0 00:00:00, Sys 0 00:00:00  -  Total Local Usage
	94271  -  Run Bytes Sent By Job
	2996  -  Run Bytes Received By Job
	94271  -  Total Bytes Sent By Job
	2996  -  Total Bytes Received By Job
	Partitionable Resources :    Usage  Request Allocated 
	   Cpus                 :     0.61        4         4 
	   Disk (KB)            :   115     8192000   8530057 
	   Memory (MB)          :   916        8000      8000 

	Job terminated of its own accord at 2021-05-20T05:44:22Z.
...
040 (2284183.017.000) 05/20 07:44:50 Started transferring output files
...
040 (2284183.017.000) 05/20 07:44:50 Finished transferring output files
...
005 (2284183.017.000) 05/20 07:44:51 Job terminated.
	(1) Normal termination (return value 0)
		Usr 0 00:15:01, Sys 0 00:01:40  -  Run Remote Usage
		Usr 0 00:00:00, Sys 0 00:00:00  -  Run Local Usage
		Usr 0 00:15:01, Sys 0 00:01:40  -  Total Remote Usage
		Usr 0 00:00:00, Sys 0 00:00:00  -  Total Local Usage
	91704  -  Run Bytes Sent By Job
	2996  -  Run Bytes Received By Job
	91704  -  Total Bytes Sent By Job
	2996  -  Total Bytes Received By Job
	Partitionable Resources :    Usage  Request Allocated 
	   Cpus                 :     4.27        4         4 
	   Disk (KB)            :   113     8192000   8589606 
	   Memory (MB)          :   943        8000      8000 

	Job terminated of its own accord at 2021-05-20T05:44:50Z.
...
040 (2284183.013.000) 05/20 07:44:58 Started transferring output files
...
040 (2284183.013.000) 05/20 07:44:58 Finished transferring output files
...
005 (2284183.013.000) 05/20 07:44:58 Job terminated.
	(1) Normal termination (return value 0)
		Usr 0 00:14:30, Sys 0 00:01:47  -  Run Remote Usage
		Usr 0 00:00:00, Sys 0 00:00:00  -  Run Local Usage
		Usr 0 00:14:30, Sys 0 00:01:47  -  Total Remote Usage
		Usr 0 00:00:00, Sys 0 00:00:00  -  Total Local Usage
	103493  -  Run Bytes Sent By Job
	2996  -  Run Bytes Received By Job
	103493  -  Total Bytes Sent By Job
	2996  -  Total Bytes Received By Job
	Partitionable Resources :    Usage  Request Allocated 
	   Cpus                 :     0.61        4         4 
	   Disk (KB)            :   124     8192000   8648457 
	   Memory (MB)          :   925        8000      8000 

	Job terminated of its own accord at 2021-05-20T05:44:58Z.
...
006 (2284183.019.000) 05/20 07:45:10 Image size of job updated: 100573644
	772  -  MemoryUsage of job (MB)
	789868  -  ResidentSetSize of job (KB)
...
040 (2284183.019.000) 05/20 07:45:10 Started transferring output files
...
040 (2284183.019.000) 05/20 07:45:10 Finished transferring output files
...
005 (2284183.019.000) 05/20 07:45:10 Job terminated.
	(1) Normal termination (return value 0)
		Usr 0 00:12:28, Sys 0 00:01:40  -  Run Remote Usage
		Usr 0 00:00:00, Sys 0 00:00:00  -  Run Local Usage
		Usr 0 00:12:28, Sys 0 00:01:40  -  Total Remote Usage
		Usr 0 00:00:00, Sys 0 00:00:00  -  Total Local Usage
	94336  -  Run Bytes Sent By Job
	2996  -  Run Bytes Received By Job
	94336  -  Total Bytes Sent By Job
	2996  -  Total Bytes Received By Job
	Partitionable Resources :    Usage  Request Allocated 
	   Cpus                 :     2.55        4         4 
	   Disk (KB)            :   115     8192000   8659935 
	   Memory (MB)          :   772        8000      8000 

	Job terminated of its own accord at 2021-05-20T05:45:10Z.
...
040 (2284183.004.000) 05/20 07:45:47 Started transferring output files
...
040 (2284183.004.000) 05/20 07:45:47 Finished transferring output files
...
005 (2284183.004.000) 05/20 07:45:47 Job terminated.
	(1) Normal termination (return value 0)
		Usr 0 00:14:37, Sys 0 00:01:45  -  Run Remote Usage
		Usr 0 00:00:00, Sys 0 00:00:00  -  Run Local Usage
		Usr 0 00:14:37, Sys 0 00:01:45  -  Total Remote Usage
		Usr 0 00:00:00, Sys 0 00:00:00  -  Total Local Usage
	94160  -  Run Bytes Sent By Job
	2996  -  Run Bytes Received By Job
	94160  -  Total Bytes Sent By Job
	2996  -  Total Bytes Received By Job
	Partitionable Resources :    Usage  Request Allocated 
	   Cpus                 :     3.91        4         4 
	   Disk (KB)            :   115     8192000   8407828 
	   Memory (MB)          :   913        8000      8000 

	Job terminated of its own accord at 2021-05-20T05:45:47Z.
...
006 (2284183.003.000) 05/20 07:45:51 Image size of job updated: 100645844
	971  -  MemoryUsage of job (MB)
	993600  -  ResidentSetSize of job (KB)
...
040 (2284183.003.000) 05/20 07:45:51 Started transferring output files
...
040 (2284183.003.000) 05/20 07:45:51 Finished transferring output files
...
005 (2284183.003.000) 05/20 07:45:51 Job terminated.
	(1) Normal termination (return value 0)
		Usr 0 00:16:56, Sys 0 00:01:38  -  Run Remote Usage
		Usr 0 00:00:00, Sys 0 00:00:00  -  Run Local Usage
		Usr 0 00:16:56, Sys 0 00:01:38  -  Total Remote Usage
		Usr 0 00:00:00, Sys 0 00:00:00  -  Total Local Usage
	93696  -  Run Bytes Sent By Job
	2996  -  Run Bytes Received By Job
	93696  -  Total Bytes Sent By Job
	2996  -  Total Bytes Received By Job
	Partitionable Resources :    Usage  Request Allocated 
	   Cpus                 :     0.67        4         4 
	   Disk (KB)            :   115     8192000   8398506 
	   Memory (MB)          :   971        8000      8000 

	Job terminated of its own accord at 2021-05-20T05:45:51Z.
...
040 (2284183.014.000) 05/20 07:45:55 Started transferring output files
...
040 (2284183.014.000) 05/20 07:45:55 Finished transferring output files
...
005 (2284183.014.000) 05/20 07:45:56 Job terminated.
	(1) Normal termination (return value 0)
		Usr 0 00:15:53, Sys 0 00:01:40  -  Run Remote Usage
		Usr 0 00:00:00, Sys 0 00:00:00  -  Run Local Usage
		Usr 0 00:15:53, Sys 0 00:01:40  -  Total Remote Usage
		Usr 0 00:00:00, Sys 0 00:00:00  -  Total Local Usage
	100308  -  Run Bytes Sent By Job
	2996  -  Run Bytes Received By Job
	100308  -  Total Bytes Sent By Job
	2996  -  Total Bytes Received By Job
	Partitionable Resources :    Usage  Request Allocated 
	   Cpus                 :     0.64        4         4 
	   Disk (KB)            :   121     8192000   8537672 
	   Memory (MB)          :   936        8000      8000 

	Job terminated of its own accord at 2021-05-20T05:45:55Z.
...
006 (2284183.010.000) 05/20 07:45:56 Image size of job updated: 100558092
	900  -  MemoryUsage of job (MB)
	921200  -  ResidentSetSize of job (KB)
...
040 (2284183.010.000) 05/20 07:45:56 Started transferring output files
...
040 (2284183.010.000) 05/20 07:45:56 Finished transferring output files
...
005 (2284183.010.000) 05/20 07:45:56 Job terminated.
	(1) Normal termination (return value 0)
		Usr 0 00:14:30, Sys 0 00:01:39  -  Run Remote Usage
		Usr 0 00:00:00, Sys 0 00:00:00  -  Run Local Usage
		Usr 0 00:14:30, Sys 0 00:01:39  -  Total Remote Usage
		Usr 0 00:00:00, Sys 0 00:00:00  -  Total Local Usage
	103616  -  Run Bytes Sent By Job
	2996  -  Run Bytes Received By Job
	103616  -  Total Bytes Sent By Job
	2996  -  Total Bytes Received By Job
	Partitionable Resources :    Usage  Request Allocated 
	   Cpus                 :     0.57        4         4 
	   Disk (KB)            :   124     8192000   8421615 
	   Memory (MB)          :   900        8000      8000 

	Job terminated of its own accord at 2021-05-20T05:45:56Z.
...
040 (2284183.009.000) 05/20 07:46:06 Started transferring output files
...
040 (2284183.009.000) 05/20 07:46:06 Finished transferring output files
...
005 (2284183.009.000) 05/20 07:46:06 Job terminated.
	(1) Normal termination (return value 0)
		Usr 0 00:13:48, Sys 0 00:01:49  -  Run Remote Usage
		Usr 0 00:00:00, Sys 0 00:00:00  -  Run Local Usage
		Usr 0 00:13:48, Sys 0 00:01:49  -  Total Remote Usage
		Usr 0 00:00:00, Sys 0 00:00:00  -  Total Local Usage
	100915  -  Run Bytes Sent By Job
	2996  -  Run Bytes Received By Job
	100915  -  Total Bytes Sent By Job
	2996  -  Total Bytes Received By Job
	Partitionable Resources :    Usage  Request Allocated 
	   Cpus                 :     0.59        4         4 
	   Disk (KB)            :   122     8192000   8580724 
	   Memory (MB)          :   780        8000      8000 

	Job terminated of its own accord at 2021-05-20T05:46:05Z.
...
006 (2284183.008.000) 05/20 07:46:17 Image size of job updated: 85204604
	940  -  MemoryUsage of job (MB)
	962536  -  ResidentSetSize of job (KB)
...
040 (2284183.008.000) 05/20 07:46:17 Started transferring output files
...
040 (2284183.008.000) 05/20 07:46:17 Finished transferring output files
...
005 (2284183.008.000) 05/20 07:46:17 Job terminated.
	(1) Normal termination (return value 0)
		Usr 0 00:19:24, Sys 0 00:01:38  -  Run Remote Usage
		Usr 0 00:00:00, Sys 0 00:00:00  -  Run Local Usage
		Usr 0 00:19:24, Sys 0 00:01:38  -  Total Remote Usage
		Usr 0 00:00:00, Sys 0 00:00:00  -  Total Local Usage
	105273  -  Run Bytes Sent By Job
	2996  -  Run Bytes Received By Job
	105273  -  Total Bytes Sent By Job
	2996  -  Total Bytes Received By Job
	Partitionable Resources :    Usage  Request Allocated 
	   Cpus                 :     0.57        4         4 
	   Disk (KB)            :   126     8192000   8500346 
	   Memory (MB)          :   940        8000      8000 

	Job terminated of its own accord at 2021-05-20T05:46:17Z.
...
006 (2284183.005.000) 05/20 07:47:34 Image size of job updated: 69253952
	708  -  MemoryUsage of job (MB)
	724148  -  ResidentSetSize of job (KB)
...
040 (2284183.005.000) 05/20 07:47:34 Started transferring output files
...
040 (2284183.005.000) 05/20 07:47:34 Finished transferring output files
...
005 (2284183.005.000) 05/20 07:47:34 Job terminated.
	(1) Normal termination (return value 0)
		Usr 0 00:14:01, Sys 0 00:01:56  -  Run Remote Usage
		Usr 0 00:00:00, Sys 0 00:00:00  -  Run Local Usage
		Usr 0 00:14:01, Sys 0 00:01:56  -  Total Remote Usage
		Usr 0 00:00:00, Sys 0 00:00:00  -  Total Local Usage
	94667  -  Run Bytes Sent By Job
	2996  -  Run Bytes Received By Job
	94667  -  Total Bytes Sent By Job
	2996  -  Total Bytes Received By Job
	Partitionable Resources :    Usage  Request Allocated 
	   Cpus                 :     0.01        4         4 
	   Disk (KB)            :   116     8192000   8379836 
	   Memory (MB)          :   708        8000      8000 

	Job terminated of its own accord at 2021-05-20T05:47:34Z.
...
040 (2284183.002.000) 05/20 09:32:46 Started transferring output files
...
040 (2284183.002.000) 05/20 09:32:46 Finished transferring output files
...
009 (2284183.002.000) 05/20 09:32:46 Job was aborted by the user.
	Job removed by SYSTEM_PERIODIC_REMOVE due to wall time exceeded allowed max.
...
