000 (2289234.000.000) 05/20 21:22:22 Job submitted from host: <188.185.70.244:9618?addrs=188.185.70.244-9618+[2001-1458-d00-7--100-2ee]-9618&alias=bigbird10.cern.ch&noUDP&sock=schedd_2037_ca81_27>
...
000 (2289234.001.000) 05/20 21:22:22 Job submitted from host: <188.185.70.244:9618?addrs=188.185.70.244-9618+[2001-1458-d00-7--100-2ee]-9618&alias=bigbird10.cern.ch&noUDP&sock=schedd_2037_ca81_27>
...
000 (2289234.002.000) 05/20 21:22:22 Job submitted from host: <188.185.70.244:9618?addrs=188.185.70.244-9618+[2001-1458-d00-7--100-2ee]-9618&alias=bigbird10.cern.ch&noUDP&sock=schedd_2037_ca81_27>
...
000 (2289234.003.000) 05/20 21:22:22 Job submitted from host: <188.185.70.244:9618?addrs=188.185.70.244-9618+[2001-1458-d00-7--100-2ee]-9618&alias=bigbird10.cern.ch&noUDP&sock=schedd_2037_ca81_27>
...
000 (2289234.004.000) 05/20 21:22:22 Job submitted from host: <188.185.70.244:9618?addrs=188.185.70.244-9618+[2001-1458-d00-7--100-2ee]-9618&alias=bigbird10.cern.ch&noUDP&sock=schedd_2037_ca81_27>
...
000 (2289234.005.000) 05/20 21:22:22 Job submitted from host: <188.185.70.244:9618?addrs=188.185.70.244-9618+[2001-1458-d00-7--100-2ee]-9618&alias=bigbird10.cern.ch&noUDP&sock=schedd_2037_ca81_27>
...
000 (2289234.006.000) 05/20 21:22:22 Job submitted from host: <188.185.70.244:9618?addrs=188.185.70.244-9618+[2001-1458-d00-7--100-2ee]-9618&alias=bigbird10.cern.ch&noUDP&sock=schedd_2037_ca81_27>
...
000 (2289234.007.000) 05/20 21:22:22 Job submitted from host: <188.185.70.244:9618?addrs=188.185.70.244-9618+[2001-1458-d00-7--100-2ee]-9618&alias=bigbird10.cern.ch&noUDP&sock=schedd_2037_ca81_27>
...
000 (2289234.008.000) 05/20 21:22:22 Job submitted from host: <188.185.70.244:9618?addrs=188.185.70.244-9618+[2001-1458-d00-7--100-2ee]-9618&alias=bigbird10.cern.ch&noUDP&sock=schedd_2037_ca81_27>
...
000 (2289234.009.000) 05/20 21:22:22 Job submitted from host: <188.185.70.244:9618?addrs=188.185.70.244-9618+[2001-1458-d00-7--100-2ee]-9618&alias=bigbird10.cern.ch&noUDP&sock=schedd_2037_ca81_27>
...
000 (2289234.010.000) 05/20 21:22:22 Job submitted from host: <188.185.70.244:9618?addrs=188.185.70.244-9618+[2001-1458-d00-7--100-2ee]-9618&alias=bigbird10.cern.ch&noUDP&sock=schedd_2037_ca81_27>
...
000 (2289234.011.000) 05/20 21:22:22 Job submitted from host: <188.185.70.244:9618?addrs=188.185.70.244-9618+[2001-1458-d00-7--100-2ee]-9618&alias=bigbird10.cern.ch&noUDP&sock=schedd_2037_ca81_27>
...
000 (2289234.012.000) 05/20 21:22:22 Job submitted from host: <188.185.70.244:9618?addrs=188.185.70.244-9618+[2001-1458-d00-7--100-2ee]-9618&alias=bigbird10.cern.ch&noUDP&sock=schedd_2037_ca81_27>
...
000 (2289234.013.000) 05/20 21:22:22 Job submitted from host: <188.185.70.244:9618?addrs=188.185.70.244-9618+[2001-1458-d00-7--100-2ee]-9618&alias=bigbird10.cern.ch&noUDP&sock=schedd_2037_ca81_27>
...
000 (2289234.014.000) 05/20 21:22:22 Job submitted from host: <188.185.70.244:9618?addrs=188.185.70.244-9618+[2001-1458-d00-7--100-2ee]-9618&alias=bigbird10.cern.ch&noUDP&sock=schedd_2037_ca81_27>
...
000 (2289234.015.000) 05/20 21:22:22 Job submitted from host: <188.185.70.244:9618?addrs=188.185.70.244-9618+[2001-1458-d00-7--100-2ee]-9618&alias=bigbird10.cern.ch&noUDP&sock=schedd_2037_ca81_27>
...
000 (2289234.016.000) 05/20 21:22:22 Job submitted from host: <188.185.70.244:9618?addrs=188.185.70.244-9618+[2001-1458-d00-7--100-2ee]-9618&alias=bigbird10.cern.ch&noUDP&sock=schedd_2037_ca81_27>
...
000 (2289234.017.000) 05/20 21:22:22 Job submitted from host: <188.185.70.244:9618?addrs=188.185.70.244-9618+[2001-1458-d00-7--100-2ee]-9618&alias=bigbird10.cern.ch&noUDP&sock=schedd_2037_ca81_27>
...
000 (2289234.018.000) 05/20 21:22:22 Job submitted from host: <188.185.70.244:9618?addrs=188.185.70.244-9618+[2001-1458-d00-7--100-2ee]-9618&alias=bigbird10.cern.ch&noUDP&sock=schedd_2037_ca81_27>
...
000 (2289234.019.000) 05/20 21:22:22 Job submitted from host: <188.185.70.244:9618?addrs=188.185.70.244-9618+[2001-1458-d00-7--100-2ee]-9618&alias=bigbird10.cern.ch&noUDP&sock=schedd_2037_ca81_27>
...
040 (2289234.001.000) 05/20 21:22:52 Started transferring input files
	Transferring to host: <128.142.75.252:9618?addrs=128.142.75.252-9618+[2001-1458-301-75--100-c9]-9618&alias=b7s11n7781.cern.ch&noUDP&sock=slot1_7_6322_2bba_23942>
...
040 (2289234.001.000) 05/20 21:22:52 Finished transferring input files
...
040 (2289234.002.000) 05/20 21:22:52 Started transferring input files
	Transferring to host: <128.142.83.124:9618?addrs=128.142.83.124-9618+[2001-1458-301-f5--100-be]-9618&alias=b7s13n5399.cern.ch&noUDP&sock=slot1_5_32618_14e7_74613>
...
040 (2289234.002.000) 05/20 21:22:52 Finished transferring input files
...
001 (2289234.001.000) 05/20 21:22:53 Job executing on host: <128.142.75.252:9618?addrs=128.142.75.252-9618+[2001-1458-301-75--100-c9]-9618&alias=b7s11n7781.cern.ch&noUDP&sock=startd_5096_02b7>
...
001 (2289234.002.000) 05/20 21:22:53 Job executing on host: <128.142.83.124:9618?addrs=128.142.83.124-9618+[2001-1458-301-f5--100-be]-9618&alias=b7s13n5399.cern.ch&noUDP&sock=startd_16517_dddc>
...
040 (2289234.000.000) 05/20 21:23:00 Started transferring input files
	Transferring to host: <128.142.77.10:9618?addrs=128.142.77.10-9618+[2001-1458-301-f4--100-a]-9618&alias=b7s12n4761.cern.ch&noUDP&sock=slot1_2_12402_14b1_73925>
...
040 (2289234.000.000) 05/20 21:23:00 Finished transferring input files
...
001 (2289234.000.000) 05/20 21:23:01 Job executing on host: <128.142.77.10:9618?addrs=128.142.77.10-9618+[2001-1458-301-f4--100-a]-9618&alias=b7s12n4761.cern.ch&noUDP&sock=startd_16211_f9e1>
...
006 (2289234.002.000) 05/20 21:23:02 Image size of job updated: 826432
	163  -  MemoryUsage of job (MB)
	166048  -  ResidentSetSize of job (KB)
...
006 (2289234.001.000) 05/20 21:23:02 Image size of job updated: 145900
	143  -  MemoryUsage of job (MB)
	145820  -  ResidentSetSize of job (KB)
...
006 (2289234.000.000) 05/20 21:23:09 Image size of job updated: 840000
	128  -  MemoryUsage of job (MB)
	131048  -  ResidentSetSize of job (KB)
...
040 (2289234.003.000) 05/20 21:24:19 Started transferring input files
	Transferring to host: <128.142.80.108:9618?addrs=128.142.80.108-9618&alias=b7s13n6634.cern.ch&noUDP&sock=slot1_5_5813_88c5_19637>
...
040 (2289234.007.000) 05/20 21:24:19 Started transferring input files
	Transferring to host: <188.184.168.37:9618?addrs=188.184.168.37-9618+[2001-1458-301-c0--100-3bd]-9618&alias=b7g52n0387.cern.ch&noUDP&sock=slot1_2_27054_bd85_95395>
...
040 (2289234.004.000) 05/20 21:24:19 Started transferring input files
	Transferring to host: <128.142.69.101:9618?addrs=128.142.69.101-9618+[2001-1458-301-52--100-34]-9618&alias=b7s10n2340.cern.ch&noUDP&sock=slot1_10_5568_e8db_29871>
...
040 (2289234.011.000) 05/20 21:24:19 Started transferring input files
	Transferring to host: <128.142.77.103:9618?addrs=128.142.77.103-9618+[2001-1458-301-f4--100-40e]-9618&alias=b7s12n2225.cern.ch&noUDP&sock=slot1_3_5535_a87a_19524>
...
040 (2289234.003.000) 05/20 21:24:19 Finished transferring input files
...
040 (2289234.004.000) 05/20 21:24:19 Finished transferring input files
...
040 (2289234.011.000) 05/20 21:24:19 Finished transferring input files
...
040 (2289234.007.000) 05/20 21:24:19 Finished transferring input files
...
040 (2289234.010.000) 05/20 21:24:19 Started transferring input files
	Transferring to host: <128.142.71.191:9618?addrs=128.142.71.191-9618+[2001-1458-301-52--100-41]-9618&alias=b7s10n4156.cern.ch&noUDP&sock=slot1_4_5393_9b34_24761>
...
001 (2289234.007.000) 05/20 21:24:20 Job executing on host: <188.184.168.37:9618?addrs=188.184.168.37-9618+[2001-1458-301-c0--100-3bd]-9618&alias=b7g52n0387.cern.ch&noUDP&sock=startd_16619_d485>
...
001 (2289234.011.000) 05/20 21:24:20 Job executing on host: <128.142.77.103:9618?addrs=128.142.77.103-9618+[2001-1458-301-f4--100-40e]-9618&alias=b7s12n2225.cern.ch&noUDP&sock=startd_4523_faf2>
...
001 (2289234.003.000) 05/20 21:24:20 Job executing on host: <128.142.80.108:9618?addrs=128.142.80.108-9618&alias=b7s13n6634.cern.ch&noUDP&sock=startd_4645_a980>
...
001 (2289234.004.000) 05/20 21:24:20 Job executing on host: <128.142.69.101:9618?addrs=128.142.69.101-9618+[2001-1458-301-52--100-34]-9618&alias=b7s10n2340.cern.ch&noUDP&sock=startd_4333_a7f4>
...
040 (2289234.010.000) 05/20 21:24:20 Finished transferring input files
...
001 (2289234.010.000) 05/20 21:24:20 Job executing on host: <128.142.71.191:9618?addrs=128.142.71.191-9618+[2001-1458-301-52--100-41]-9618&alias=b7s10n4156.cern.ch&noUDP&sock=startd_4314_9fa7>
...
040 (2289234.016.000) 05/20 21:24:21 Started transferring input files
	Transferring to host: <188.184.190.174:9618?addrs=188.184.190.174-9618+[2001-1458-301-4b--100-a8]-9618&alias=b7g42n0369.cern.ch&noUDP&sock=slot1_8_3182_c1ba_24150>
...
040 (2289234.016.000) 05/20 21:24:21 Finished transferring input files
...
001 (2289234.016.000) 05/20 21:24:22 Job executing on host: <188.184.190.174:9618?addrs=188.184.190.174-9618+[2001-1458-301-4b--100-a8]-9618&alias=b7g42n0369.cern.ch&noUDP&sock=startd_2757_a6b2>
...
040 (2289234.018.000) 05/20 21:24:22 Started transferring input files
	Transferring to host: <188.184.197.47:9618?addrs=188.184.197.47-9618+[2001-1458-301-103--100-d6]-9618&alias=b7g23n7361.cern.ch&noUDP&sock=slot1_6_13836_76ac_78634>
...
040 (2289234.008.000) 05/20 21:24:22 Started transferring input files
	Transferring to host: <188.184.169.230:9618?addrs=188.184.169.230-9618+[2001-1458-301-c0--100-45c]-9618&alias=b7g52n2065.cern.ch&noUDP&sock=slot1_9_5995_c50d_24307>
...
040 (2289234.018.000) 05/20 21:24:22 Finished transferring input files
...
040 (2289234.008.000) 05/20 21:24:22 Finished transferring input files
...
040 (2289234.009.000) 05/20 21:24:22 Started transferring input files
	Transferring to host: <128.142.79.134:9618?addrs=128.142.79.134-9618+[2001-1458-301-f4--100-4dc]-9618&alias=b7s12n8506.cern.ch&noUDP&sock=slot1_2_9402_4f37_74320>
...
040 (2289234.009.000) 05/20 21:24:22 Finished transferring input files
...
001 (2289234.008.000) 05/20 21:24:23 Job executing on host: <188.184.169.230:9618?addrs=188.184.169.230-9618+[2001-1458-301-c0--100-45c]-9618&alias=b7g52n2065.cern.ch&noUDP&sock=startd_4849_96d2>
...
001 (2289234.018.000) 05/20 21:24:23 Job executing on host: <188.184.197.47:9618?addrs=188.184.197.47-9618+[2001-1458-301-103--100-d6]-9618&alias=b7g23n7361.cern.ch&noUDP&sock=startd_18658_6a21>
...
040 (2289234.012.000) 05/20 21:24:23 Started transferring input files
	Transferring to host: <188.184.198.133:9618?addrs=188.184.198.133-9618+[2001-1458-301-c1--100-323]-9618&alias=b7g52n7757.cern.ch&noUDP&sock=slot1_4_5458_6797_29445>
...
040 (2289234.012.000) 05/20 21:24:23 Finished transferring input files
...
001 (2289234.009.000) 05/20 21:24:23 Job executing on host: <128.142.79.134:9618?addrs=128.142.79.134-9618+[2001-1458-301-f4--100-4dc]-9618&alias=b7s12n8506.cern.ch&noUDP&sock=startd_2338_4083>
...
040 (2289234.013.000) 05/20 21:24:23 Started transferring input files
	Transferring to host: <188.184.212.62:9618?addrs=188.184.212.62-9618+[2001-1458-301-10c--100-37]-9618&alias=b7g24n0133.cern.ch&noUDP&sock=slot1_3_4175_6a43_30863>
...
040 (2289234.013.000) 05/20 21:24:23 Finished transferring input files
...
001 (2289234.012.000) 05/20 21:24:24 Job executing on host: <188.184.198.133:9618?addrs=188.184.198.133-9618+[2001-1458-301-c1--100-323]-9618&alias=b7g52n7757.cern.ch&noUDP&sock=startd_4247_aacf>
...
001 (2289234.013.000) 05/20 21:24:25 Job executing on host: <188.184.212.62:9618?addrs=188.184.212.62-9618+[2001-1458-301-10c--100-37]-9618&alias=b7g24n0133.cern.ch&noUDP&sock=startd_3543_c822>
...
040 (2289234.014.000) 05/20 21:24:25 Started transferring input files
	Transferring to host: <188.184.196.119:9618?addrs=188.184.196.119-9618+[2001-1458-301-102--100-6c]-9618&alias=b7g24n0179.cern.ch&noUDP&sock=slot1_1_4782_19fc_19735>
...
040 (2289234.014.000) 05/20 21:24:25 Finished transferring input files
...
001 (2289234.014.000) 05/20 21:24:26 Job executing on host: <188.184.196.119:9618?addrs=188.184.196.119-9618+[2001-1458-301-102--100-6c]-9618&alias=b7g24n0179.cern.ch&noUDP&sock=startd_3674_a30a>
...
040 (2289234.017.000) 05/20 21:24:26 Started transferring input files
	Transferring to host: <188.184.190.232:9618?addrs=188.184.190.232-9618+[2001-1458-301-4b--100-e4]-9618&alias=b7g42n0496.cern.ch&noUDP&sock=slot1_1_6138_86b3_30857>
...
040 (2289234.017.000) 05/20 21:24:26 Finished transferring input files
...
001 (2289234.017.000) 05/20 21:24:27 Job executing on host: <188.184.190.232:9618?addrs=188.184.190.232-9618+[2001-1458-301-4b--100-e4]-9618&alias=b7g42n0496.cern.ch&noUDP&sock=startd_4874_bcb0>
...
006 (2289234.011.000) 05/20 21:24:28 Image size of job updated: 740564
	211  -  MemoryUsage of job (MB)
	215940  -  ResidentSetSize of job (KB)
...
006 (2289234.007.000) 05/20 21:24:28 Image size of job updated: 667452
	147  -  MemoryUsage of job (MB)
	150020  -  ResidentSetSize of job (KB)
...
006 (2289234.003.000) 05/20 21:24:28 Image size of job updated: 669372
	108  -  MemoryUsage of job (MB)
	109652  -  ResidentSetSize of job (KB)
...
006 (2289234.004.000) 05/20 21:24:28 Image size of job updated: 99980
	96  -  MemoryUsage of job (MB)
	97936  -  ResidentSetSize of job (KB)
...
006 (2289234.010.000) 05/20 21:24:29 Image size of job updated: 702344
	104  -  MemoryUsage of job (MB)
	106160  -  ResidentSetSize of job (KB)
...
006 (2289234.016.000) 05/20 21:24:30 Image size of job updated: 804956
	87  -  MemoryUsage of job (MB)
	88132  -  ResidentSetSize of job (KB)
...
006 (2289234.008.000) 05/20 21:24:31 Image size of job updated: 269268
	112  -  MemoryUsage of job (MB)
	114016  -  ResidentSetSize of job (KB)
...
006 (2289234.018.000) 05/20 21:24:31 Image size of job updated: 699116
	87  -  MemoryUsage of job (MB)
	88196  -  ResidentSetSize of job (KB)
...
006 (2289234.012.000) 05/20 21:24:32 Image size of job updated: 710360
	120  -  MemoryUsage of job (MB)
	122388  -  ResidentSetSize of job (KB)
...
006 (2289234.009.000) 05/20 21:24:32 Image size of job updated: 130688
	126  -  MemoryUsage of job (MB)
	128764  -  ResidentSetSize of job (KB)
...
006 (2289234.013.000) 05/20 21:24:33 Image size of job updated: 110564
	108  -  MemoryUsage of job (MB)
	110480  -  ResidentSetSize of job (KB)
...
040 (2289234.006.000) 05/20 21:24:34 Started transferring input files
	Transferring to host: <128.142.74.213:9618?addrs=128.142.74.213-9618+[2001-1458-301-75--100-85]-9618&alias=b7s11n0312.cern.ch&noUDP&sock=slot1_2_26158_6d61_91571>
...
040 (2289234.006.000) 05/20 21:24:34 Finished transferring input files
...
001 (2289234.006.000) 05/20 21:24:35 Job executing on host: <128.142.74.213:9618?addrs=128.142.74.213-9618+[2001-1458-301-75--100-85]-9618&alias=b7s11n0312.cern.ch&noUDP&sock=startd_16220_263c>
...
006 (2289234.014.000) 05/20 21:24:35 Image size of job updated: 133796
	131  -  MemoryUsage of job (MB)
	133796  -  ResidentSetSize of job (KB)
...
006 (2289234.017.000) 05/20 21:24:36 Image size of job updated: 690392
	109  -  MemoryUsage of job (MB)
	110632  -  ResidentSetSize of job (KB)
...
040 (2289234.005.000) 05/20 21:24:37 Started transferring input files
	Transferring to host: <128.142.76.30:9618?addrs=128.142.76.30-9618+[2001-1458-301-f4--100-4eb]-9618&alias=b7s12n8105.cern.ch&noUDP&sock=slot1_4_19975_f1c5_72461>
...
040 (2289234.005.000) 05/20 21:24:37 Finished transferring input files
...
001 (2289234.005.000) 05/20 21:24:38 Job executing on host: <128.142.76.30:9618?addrs=128.142.76.30-9618+[2001-1458-301-f4--100-4eb]-9618&alias=b7s12n8105.cern.ch&noUDP&sock=startd_14902_1c69>
...
040 (2289234.015.000) 05/20 21:24:41 Started transferring input files
	Transferring to host: <188.184.196.63:9618?addrs=188.184.196.63-9618+[2001-1458-301-102--100-52]-9618&alias=b7g24n0132.cern.ch&noUDP&sock=slot1_1_32434_6fe0_75489>
...
040 (2289234.015.000) 05/20 21:24:41 Finished transferring input files
...
001 (2289234.015.000) 05/20 21:24:42 Job executing on host: <188.184.196.63:9618?addrs=188.184.196.63-9618+[2001-1458-301-102--100-52]-9618&alias=b7g24n0132.cern.ch&noUDP&sock=startd_20496_2133>
...
006 (2289234.006.000) 05/20 21:24:43 Image size of job updated: 669492
	124  -  MemoryUsage of job (MB)
	126256  -  ResidentSetSize of job (KB)
...
006 (2289234.005.000) 05/20 21:24:46 Image size of job updated: 104684
	103  -  MemoryUsage of job (MB)
	104604  -  ResidentSetSize of job (KB)
...
040 (2289234.019.000) 05/20 21:24:49 Started transferring input files
	Transferring to host: <188.184.210.59:9618?addrs=188.184.210.59-9618+[2001-1458-301-10b--100-33]-9618&alias=b7g23n7760.cern.ch&noUDP&sock=slot1_7_26145_4480_71807>
...
040 (2289234.019.000) 05/20 21:24:49 Finished transferring input files
...
006 (2289234.015.000) 05/20 21:24:50 Image size of job updated: 122416
	120  -  MemoryUsage of job (MB)
	122332  -  ResidentSetSize of job (KB)
...
001 (2289234.019.000) 05/20 21:24:50 Job executing on host: <188.184.210.59:9618?addrs=188.184.210.59-9618+[2001-1458-301-10b--100-33]-9618&alias=b7g23n7760.cern.ch&noUDP&sock=startd_18546_9785>
...
006 (2289234.019.000) 05/20 21:24:59 Image size of job updated: 878816
	118  -  MemoryUsage of job (MB)
	120072  -  ResidentSetSize of job (KB)
...
006 (2289234.002.000) 05/20 21:28:03 Image size of job updated: 61863540
	383  -  MemoryUsage of job (MB)
	392136  -  ResidentSetSize of job (KB)
...
006 (2289234.001.000) 05/20 21:28:03 Image size of job updated: 61861136
	800  -  MemoryUsage of job (MB)
	818476  -  ResidentSetSize of job (KB)
...
006 (2289234.000.000) 05/20 21:28:09 Image size of job updated: 63487952
	522  -  MemoryUsage of job (MB)
	534284  -  ResidentSetSize of job (KB)
...
006 (2289234.011.000) 05/20 21:29:28 Image size of job updated: 61870476
	234  -  MemoryUsage of job (MB)
	239516  -  ResidentSetSize of job (KB)
...
006 (2289234.007.000) 05/20 21:29:28 Image size of job updated: 61835728
	338  -  MemoryUsage of job (MB)
	345380  -  ResidentSetSize of job (KB)
...
006 (2289234.003.000) 05/20 21:29:28 Image size of job updated: 61854348
	108  -  MemoryUsage of job (MB)
	109684  -  ResidentSetSize of job (KB)
...
006 (2289234.004.000) 05/20 21:29:28 Image size of job updated: 61835592
	98  -  MemoryUsage of job (MB)
	99620  -  ResidentSetSize of job (KB)
...
006 (2289234.010.000) 05/20 21:29:30 Image size of job updated: 61863328
	800  -  MemoryUsage of job (MB)
	818432  -  ResidentSetSize of job (KB)
...
006 (2289234.016.000) 05/20 21:29:30 Image size of job updated: 65094820
	522  -  MemoryUsage of job (MB)
	534304  -  ResidentSetSize of job (KB)
...
006 (2289234.008.000) 05/20 21:29:31 Image size of job updated: 61863344
	159  -  MemoryUsage of job (MB)
	162060  -  ResidentSetSize of job (KB)
...
006 (2289234.018.000) 05/20 21:29:31 Image size of job updated: 61870556
	96  -  MemoryUsage of job (MB)
	98264  -  ResidentSetSize of job (KB)
...
006 (2289234.012.000) 05/20 21:29:32 Image size of job updated: 65248452
	2838  -  MemoryUsage of job (MB)
	2905688  -  ResidentSetSize of job (KB)
...
006 (2289234.009.000) 05/20 21:29:33 Image size of job updated: 61863492
	667  -  MemoryUsage of job (MB)
	682164  -  ResidentSetSize of job (KB)
...
006 (2289234.013.000) 05/20 21:29:33 Image size of job updated: 61835976
	754  -  MemoryUsage of job (MB)
	771388  -  ResidentSetSize of job (KB)
...
006 (2289234.014.000) 05/20 21:29:36 Image size of job updated: 63706076
	522  -  MemoryUsage of job (MB)
	534196  -  ResidentSetSize of job (KB)
...
006 (2289234.017.000) 05/20 21:29:37 Image size of job updated: 63466252
	522  -  MemoryUsage of job (MB)
	534320  -  ResidentSetSize of job (KB)
...
006 (2289234.006.000) 05/20 21:29:43 Image size of job updated: 61844988
	759  -  MemoryUsage of job (MB)
	776972  -  ResidentSetSize of job (KB)
...
006 (2289234.005.000) 05/20 21:29:46 Image size of job updated: 63410704
	522  -  MemoryUsage of job (MB)
	534312  -  ResidentSetSize of job (KB)
...
006 (2289234.015.000) 05/20 21:29:50 Image size of job updated: 18045040
	189  -  MemoryUsage of job (MB)
	193056  -  ResidentSetSize of job (KB)
...
006 (2289234.019.000) 05/20 21:30:00 Image size of job updated: 61870632
	451  -  MemoryUsage of job (MB)
	460956  -  ResidentSetSize of job (KB)
...
006 (2289234.011.000) 05/20 21:30:35 Image size of job updated: 61870476
	235  -  MemoryUsage of job (MB)
	240544  -  ResidentSetSize of job (KB)
...
040 (2289234.011.000) 05/20 21:30:35 Started transferring output files
...
040 (2289234.011.000) 05/20 21:30:35 Finished transferring output files
...
005 (2289234.011.000) 05/20 21:30:35 Job terminated.
	(1) Normal termination (return value 0)
		Usr 0 00:04:56, Sys 0 00:01:07  -  Run Remote Usage
		Usr 0 00:00:00, Sys 0 00:00:00  -  Run Local Usage
		Usr 0 00:04:56, Sys 0 00:01:07  -  Total Remote Usage
		Usr 0 00:00:00, Sys 0 00:00:00  -  Total Local Usage
	212840  -  Run Bytes Sent By Job
	3190  -  Run Bytes Received By Job
	212840  -  Total Bytes Sent By Job
	3190  -  Total Bytes Received By Job
	Partitionable Resources :    Usage  Request Allocated 
	   Cpus                 :     1.05        4         4 
	   Disk (KB)            :   231     8192000   8461532 
	   Memory (MB)          :   235        8000      8000 

	Job terminated of its own accord at 2021-05-20T19:30:35Z.
...
006 (2289234.006.000) 05/20 21:32:13 Image size of job updated: 61844988
	759  -  MemoryUsage of job (MB)
	777036  -  ResidentSetSize of job (KB)
...
040 (2289234.006.000) 05/20 21:32:13 Started transferring output files
...
040 (2289234.006.000) 05/20 21:32:14 Finished transferring output files
...
005 (2289234.006.000) 05/20 21:32:14 Job terminated.
	(1) Normal termination (return value 0)
		Usr 0 00:05:38, Sys 0 00:01:21  -  Run Remote Usage
		Usr 0 00:00:00, Sys 0 00:00:00  -  Run Local Usage
		Usr 0 00:05:38, Sys 0 00:01:21  -  Total Remote Usage
		Usr 0 00:00:00, Sys 0 00:00:00  -  Total Local Usage
	203510  -  Run Bytes Sent By Job
	3190  -  Run Bytes Received By Job
	203510  -  Total Bytes Sent By Job
	3190  -  Total Bytes Received By Job
	Partitionable Resources :    Usage  Request Allocated 
	   Cpus                 :     0.65        4         4 
	   Disk (KB)            :   222     8192000   8505678 
	   Memory (MB)          :   759        8000      8000 

	Job terminated of its own accord at 2021-05-20T19:32:13Z.
...
006 (2289234.007.000) 05/20 21:32:40 Image size of job updated: 85325764
	338  -  MemoryUsage of job (MB)
	345740  -  ResidentSetSize of job (KB)
...
040 (2289234.007.000) 05/20 21:32:40 Started transferring output files
...
040 (2289234.007.000) 05/20 21:32:40 Finished transferring output files
...
005 (2289234.007.000) 05/20 21:32:40 Job terminated.
	(1) Normal termination (return value 0)
		Usr 0 00:06:05, Sys 0 00:01:25  -  Run Remote Usage
		Usr 0 00:00:00, Sys 0 00:00:00  -  Run Local Usage
		Usr 0 00:06:05, Sys 0 00:01:25  -  Total Remote Usage
		Usr 0 00:00:00, Sys 0 00:00:00  -  Total Local Usage
	210492  -  Run Bytes Sent By Job
	3190  -  Run Bytes Received By Job
	210492  -  Total Bytes Sent By Job
	3190  -  Total Bytes Received By Job
	Partitionable Resources :    Usage  Request Allocated 
	   Cpus                 :                 4         4 
	   Disk (KB)            :      222  8192000   8364204 
	   Memory (MB)          :      338     8000      8000 

	Job terminated of its own accord at 2021-05-20T19:32:40Z.
...
006 (2289234.002.000) 05/20 21:32:41 Image size of job updated: 61863540
	383  -  MemoryUsage of job (MB)
	392160  -  ResidentSetSize of job (KB)
...
040 (2289234.002.000) 05/20 21:32:42 Started transferring output files
...
040 (2289234.002.000) 05/20 21:32:42 Finished transferring output files
...
005 (2289234.002.000) 05/20 21:32:42 Job terminated.
	(1) Normal termination (return value 0)
		Usr 0 00:06:59, Sys 0 00:01:35  -  Run Remote Usage
		Usr 0 00:00:00, Sys 0 00:00:00  -  Run Local Usage
		Usr 0 00:06:59, Sys 0 00:01:35  -  Total Remote Usage
		Usr 0 00:00:00, Sys 0 00:00:00  -  Total Local Usage
	223840  -  Run Bytes Sent By Job
	3190  -  Run Bytes Received By Job
	223840  -  Total Bytes Sent By Job
	3190  -  Total Bytes Received By Job
	Partitionable Resources :    Usage  Request Allocated 
	   Cpus                 :     0.63        4         4 
	   Disk (KB)            :   242     8192000   8650756 
	   Memory (MB)          :   383        8000      8000 

	Job terminated of its own accord at 2021-05-20T19:32:41Z.
...
006 (2289234.008.000) 05/20 21:32:43 Image size of job updated: 69260704
	159  -  MemoryUsage of job (MB)
	162068  -  ResidentSetSize of job (KB)
...
040 (2289234.008.000) 05/20 21:32:43 Started transferring output files
...
040 (2289234.008.000) 05/20 21:32:44 Finished transferring output files
...
005 (2289234.008.000) 05/20 21:32:44 Job terminated.
	(1) Normal termination (return value 0)
		Usr 0 00:05:50, Sys 0 00:01:22  -  Run Remote Usage
		Usr 0 00:00:00, Sys 0 00:00:00  -  Run Local Usage
		Usr 0 00:05:50, Sys 0 00:01:22  -  Total Remote Usage
		Usr 0 00:00:00, Sys 0 00:00:00  -  Total Local Usage
	200898  -  Run Bytes Sent By Job
	3190  -  Run Bytes Received By Job
	200898  -  Total Bytes Sent By Job
	3190  -  Total Bytes Received By Job
	Partitionable Resources :    Usage  Request Allocated 
	   Cpus                 :     0.12        4         4 
	   Disk (KB)            :   220     8192000   8571227 
	   Memory (MB)          :   159        8000      8000 

	Job terminated of its own accord at 2021-05-20T19:32:43Z.
...
040 (2289234.009.000) 05/20 21:33:28 Entered queue to transfer output files
...
040 (2289234.001.000) 05/20 21:34:14 Entered queue to transfer output files
...
006 (2289234.003.000) 05/20 21:34:28 Image size of job updated: 61854348
	574  -  MemoryUsage of job (MB)
	587100  -  ResidentSetSize of job (KB)
...
006 (2289234.004.000) 05/20 21:34:28 Image size of job updated: 61835592
	395  -  MemoryUsage of job (MB)
	403780  -  ResidentSetSize of job (KB)
...
006 (2289234.018.000) 05/20 21:34:32 Image size of job updated: 69221660
	256  -  MemoryUsage of job (MB)
	262124  -  ResidentSetSize of job (KB)
...
006 (2289234.013.000) 05/20 21:34:33 Image size of job updated: 61835976
	754  -  MemoryUsage of job (MB)
	771636  -  ResidentSetSize of job (KB)
...
006 (2289234.012.000) 05/20 21:34:33 Image size of job updated: 65248452
	2840  -  MemoryUsage of job (MB)
	2907884  -  ResidentSetSize of job (KB)
...
006 (2289234.003.000) 05/20 21:34:56 Image size of job updated: 61854348
	574  -  MemoryUsage of job (MB)
	587236  -  ResidentSetSize of job (KB)
...
040 (2289234.010.000) 05/20 21:34:56 Entered queue to transfer output files
...
006 (2289234.019.000) 05/20 21:35:00 Image size of job updated: 85459376
	451  -  MemoryUsage of job (MB)
	461636  -  ResidentSetSize of job (KB)
...
040 (2289234.003.000) 05/20 21:35:01 Entered queue to transfer output files
...
040 (2289234.013.000) 05/20 21:35:18 Entered queue to transfer output files
...
040 (2289234.019.000) 05/20 21:35:51 Entered queue to transfer output files
...
040 (2289234.009.000) 05/20 21:35:53 Started transferring output files
...
040 (2289234.001.000) 05/20 21:35:53 Started transferring output files
...
040 (2289234.010.000) 05/20 21:35:54 Started transferring output files
...
040 (2289234.003.000) 05/20 21:35:54 Started transferring output files
...
040 (2289234.013.000) 05/20 21:35:55 Started transferring output files
...
040 (2289234.019.000) 05/20 21:35:55 Started transferring output files
...
040 (2289234.009.000) 05/20 21:35:55 Finished transferring output files
...
040 (2289234.001.000) 05/20 21:35:55 Finished transferring output files
...
040 (2289234.010.000) 05/20 21:35:56 Finished transferring output files
...
040 (2289234.003.000) 05/20 21:35:56 Finished transferring output files
...
040 (2289234.013.000) 05/20 21:35:56 Finished transferring output files
...
040 (2289234.019.000) 05/20 21:35:56 Finished transferring output files
...
005 (2289234.009.000) 05/20 21:35:57 Job terminated.
	(1) Normal termination (return value 0)
		Usr 0 00:06:16, Sys 0 00:01:25  -  Run Remote Usage
		Usr 0 00:00:00, Sys 0 00:00:00  -  Run Local Usage
		Usr 0 00:06:16, Sys 0 00:01:25  -  Total Remote Usage
		Usr 0 00:00:00, Sys 0 00:00:00  -  Total Local Usage
	213933  -  Run Bytes Sent By Job
	3190  -  Run Bytes Received By Job
	213933  -  Total Bytes Sent By Job
	3190  -  Total Bytes Received By Job
	Partitionable Resources :    Usage  Request Allocated 
	   Cpus                 :     0.63        4         4 
	   Disk (KB)            :   233     8192000   8480652 
	   Memory (MB)          :   667        8000      8000 

	Job terminated of its own accord at 2021-05-20T19:33:23Z.
...
005 (2289234.001.000) 05/20 21:35:57 Job terminated.
	(1) Normal termination (return value 0)
		Usr 0 00:06:59, Sys 0 00:01:38  -  Run Remote Usage
		Usr 0 00:00:00, Sys 0 00:00:00  -  Run Local Usage
		Usr 0 00:06:59, Sys 0 00:01:38  -  Total Remote Usage
		Usr 0 00:00:00, Sys 0 00:00:00  -  Total Local Usage
	201213  -  Run Bytes Sent By Job
	3190  -  Run Bytes Received By Job
	201213  -  Total Bytes Sent By Job
	3190  -  Total Bytes Received By Job
	Partitionable Resources :    Usage  Request Allocated 
	   Cpus                 :     0.55        4         4 
	   Disk (KB)            :   220     8192000   8786104 
	   Memory (MB)          :   800        8000      8000 

	Job terminated of its own accord at 2021-05-20T19:34:09Z.
...
005 (2289234.010.000) 05/20 21:35:59 Job terminated.
	(1) Normal termination (return value 0)
		Usr 0 00:06:56, Sys 0 00:01:45  -  Run Remote Usage
		Usr 0 00:00:00, Sys 0 00:00:00  -  Run Local Usage
		Usr 0 00:06:56, Sys 0 00:01:45  -  Total Remote Usage
		Usr 0 00:00:00, Sys 0 00:00:00  -  Total Local Usage
	191059  -  Run Bytes Sent By Job
	3190  -  Run Bytes Received By Job
	191059  -  Total Bytes Sent By Job
	3190  -  Total Bytes Received By Job
	Partitionable Resources :    Usage  Request Allocated 
	   Cpus                 :     0.34        4         4 
	   Disk (KB)            :   210     8192000   8566752 
	   Memory (MB)          :   800        8000      8000 

	Job terminated of its own accord at 2021-05-20T19:34:51Z.
...
005 (2289234.003.000) 05/20 21:35:59 Job terminated.
	(1) Normal termination (return value 0)
		Usr 0 00:06:54, Sys 0 00:01:35  -  Run Remote Usage
		Usr 0 00:00:00, Sys 0 00:00:00  -  Run Local Usage
		Usr 0 00:06:54, Sys 0 00:01:35  -  Total Remote Usage
		Usr 0 00:00:00, Sys 0 00:00:00  -  Total Local Usage
	194178  -  Run Bytes Sent By Job
	3190  -  Run Bytes Received By Job
	194178  -  Total Bytes Sent By Job
	3190  -  Total Bytes Received By Job
	Partitionable Resources :    Usage  Request Allocated 
	   Cpus                 :     0.56        4         4 
	   Disk (KB)            :   212     8192000   8368306 
	   Memory (MB)          :   574        8000      8000 

	Job terminated of its own accord at 2021-05-20T19:34:56Z.
...
005 (2289234.013.000) 05/20 21:35:59 Job terminated.
	(1) Normal termination (return value 0)
		Usr 0 00:07:10, Sys 0 00:01:38  -  Run Remote Usage
		Usr 0 00:00:00, Sys 0 00:00:00  -  Run Local Usage
		Usr 0 00:07:10, Sys 0 00:01:38  -  Total Remote Usage
		Usr 0 00:00:00, Sys 0 00:00:00  -  Total Local Usage
	194131  -  Run Bytes Sent By Job
	3190  -  Run Bytes Received By Job
	194131  -  Total Bytes Sent By Job
	3190  -  Total Bytes Received By Job
	Partitionable Resources :    Usage  Request Allocated 
	   Cpus                 :        0        4         4 
	   Disk (KB)            :      213  8192000   8400163 
	   Memory (MB)          :      754     8000      8000 

	Job terminated of its own accord at 2021-05-20T19:35:13Z.
...
005 (2289234.019.000) 05/20 21:35:59 Job terminated.
	(1) Normal termination (return value 0)
		Usr 0 00:07:06, Sys 0 00:01:41  -  Run Remote Usage
		Usr 0 00:00:00, Sys 0 00:00:00  -  Run Local Usage
		Usr 0 00:07:06, Sys 0 00:01:41  -  Total Remote Usage
		Usr 0 00:00:00, Sys 0 00:00:00  -  Total Local Usage
	205607  -  Run Bytes Sent By Job
	3190  -  Run Bytes Received By Job
	205607  -  Total Bytes Sent By Job
	3190  -  Total Bytes Received By Job
	Partitionable Resources :    Usage  Request Allocated 
	   Cpus                 :     0.60        4         4 
	   Disk (KB)            :   224     8192000   8542265 
	   Memory (MB)          :   451        8000      8000 

	Job terminated of its own accord at 2021-05-20T19:35:46Z.
...
006 (2289234.018.000) 05/20 21:36:27 Image size of job updated: 69221660
	257  -  MemoryUsage of job (MB)
	263064  -  ResidentSetSize of job (KB)
...
040 (2289234.018.000) 05/20 21:36:27 Started transferring output files
...
040 (2289234.018.000) 05/20 21:36:27 Finished transferring output files
...
005 (2289234.018.000) 05/20 21:36:27 Job terminated.
	(1) Normal termination (return value 0)
		Usr 0 00:07:27, Sys 0 00:01:52  -  Run Remote Usage
		Usr 0 00:00:00, Sys 0 00:00:00  -  Run Local Usage
		Usr 0 00:07:27, Sys 0 00:01:52  -  Total Remote Usage
		Usr 0 00:00:00, Sys 0 00:00:00  -  Total Local Usage
	223089  -  Run Bytes Sent By Job
	3190  -  Run Bytes Received By Job
	223089  -  Total Bytes Sent By Job
	3190  -  Total Bytes Received By Job
	Partitionable Resources :    Usage  Request Allocated 
	   Cpus                 :     0.56        4         4 
	   Disk (KB)            :   241     8192000   8390277 
	   Memory (MB)          :   257        8000      8000 

	Job terminated of its own accord at 2021-05-20T19:36:27Z.
...
006 (2289234.004.000) 05/20 21:37:30 Image size of job updated: 84704092
	395  -  MemoryUsage of job (MB)
	403792  -  ResidentSetSize of job (KB)
...
040 (2289234.004.000) 05/20 21:37:30 Started transferring output files
...
040 (2289234.004.000) 05/20 21:37:31 Finished transferring output files
...
005 (2289234.004.000) 05/20 21:37:31 Job terminated.
	(1) Normal termination (return value 0)
		Usr 0 00:07:29, Sys 0 00:01:53  -  Run Remote Usage
		Usr 0 00:00:00, Sys 0 00:00:00  -  Run Local Usage
		Usr 0 00:07:29, Sys 0 00:01:53  -  Total Remote Usage
		Usr 0 00:00:00, Sys 0 00:00:00  -  Total Local Usage
	184958  -  Run Bytes Sent By Job
	3190  -  Run Bytes Received By Job
	184958  -  Total Bytes Sent By Job
	3190  -  Total Bytes Received By Job
	Partitionable Resources :    Usage  Request Allocated 
	   Cpus                 :     0.53        4         4 
	   Disk (KB)            :   204     8192000   8622442 
	   Memory (MB)          :   395        8000      8000 

	Job terminated of its own accord at 2021-05-20T19:37:30Z.
...
040 (2289234.000.000) 05/20 21:39:44 Started transferring output files
...
040 (2289234.000.000) 05/20 21:39:44 Finished transferring output files
...
040 (2289234.014.000) 05/20 21:39:44 Started transferring output files
...
040 (2289234.015.000) 05/20 21:39:44 Started transferring output files
...
040 (2289234.014.000) 05/20 21:39:44 Finished transferring output files
...
004 (2289234.000.000) 05/20 21:39:44 Job was evicted.
	(0) CPU times
		Usr 0 00:03:06, Sys 0 00:00:35  -  Run Remote Usage
		Usr 0 00:00:00, Sys 0 00:00:00  -  Run Local Usage
	5702  -  Run Bytes Sent By Job
	3190  -  Run Bytes Received By Job
	Partitionable Resources :    Usage  Request Allocated 
	   Cpus                 :     0.01        4         4 
	   Disk (KB)            :    30     8192000   8818308 
	   Memory (MB)          :   522        8000      8000 
...
040 (2289234.015.000) 05/20 21:39:44 Finished transferring output files
...
004 (2289234.014.000) 05/20 21:39:44 Job was evicted.
	(0) CPU times
		Usr 0 00:02:49, Sys 0 00:00:33  -  Run Remote Usage
		Usr 0 00:00:00, Sys 0 00:00:00  -  Run Local Usage
	5704  -  Run Bytes Sent By Job
	3190  -  Run Bytes Received By Job
	Partitionable Resources :    Usage  Request Allocated 
	   Cpus                 :     0.01        4         4 
	   Disk (KB)            :    29     8192000   8436222 
	   Memory (MB)          :   522        8000      8000 
...
004 (2289234.015.000) 05/20 21:39:44 Job was evicted.
	(0) CPU times
		Usr 0 00:02:58, Sys 0 00:00:32  -  Run Remote Usage
		Usr 0 00:00:00, Sys 0 00:00:00  -  Run Local Usage
	5464  -  Run Bytes Sent By Job
	3190  -  Run Bytes Received By Job
	Partitionable Resources :    Usage  Request Allocated 
	   Cpus                 :     0.00        4         4 
	   Disk (KB)            :    29     8192000   8418305 
	   Memory (MB)          :   189        8000      8000 
...
040 (2289234.012.000) 05/20 21:39:44 Started transferring output files
...
040 (2289234.005.000) 05/20 21:39:44 Started transferring output files
...
009 (2289234.000.000) 05/20 21:39:44 Job was aborted by the user.
	via condor_rm (by user ftorales)
...
009 (2289234.014.000) 05/20 21:39:44 Job was aborted by the user.
	via condor_rm (by user ftorales)
...
009 (2289234.015.000) 05/20 21:39:44 Job was aborted by the user.
	via condor_rm (by user ftorales)
...
040 (2289234.012.000) 05/20 21:39:44 Finished transferring output files
...
040 (2289234.005.000) 05/20 21:39:44 Finished transferring output files
...
004 (2289234.012.000) 05/20 21:39:44 Job was evicted.
	(0) CPU times
		Usr 0 00:03:24, Sys 0 00:00:42  -  Run Remote Usage
		Usr 0 00:00:00, Sys 0 00:00:00  -  Run Local Usage
	6209  -  Run Bytes Sent By Job
	3190  -  Run Bytes Received By Job
	Partitionable Resources :    Usage  Request Allocated 
	   Cpus                 :     0.01        4         4 
	   Disk (KB)            :    30     8192000   8503128 
	   Memory (MB)          :  2840        8000      8000 
...
040 (2289234.016.000) 05/20 21:39:44 Started transferring output files
...
004 (2289234.005.000) 05/20 21:39:44 Job was evicted.
	(0) CPU times
		Usr 0 00:03:12, Sys 0 00:00:39  -  Run Remote Usage
		Usr 0 00:00:00, Sys 0 00:00:00  -  Run Local Usage
	5702  -  Run Bytes Sent By Job
	3190  -  Run Bytes Received By Job
	Partitionable Resources :    Usage  Request Allocated 
	   Cpus                 :     0.01        4         4 
	   Disk (KB)            :    29     8192000   8504771 
	   Memory (MB)          :   522        8000      8000 
...
040 (2289234.016.000) 05/20 21:39:44 Finished transferring output files
...
004 (2289234.016.000) 05/20 21:39:45 Job was evicted.
	(0) CPU times
		Usr 0 00:02:43, Sys 0 00:00:33  -  Run Remote Usage
		Usr 0 00:00:00, Sys 0 00:00:00  -  Run Local Usage
	5704  -  Run Bytes Sent By Job
	3190  -  Run Bytes Received By Job
	Partitionable Resources :    Usage  Request Allocated 
	   Cpus                 :     0.01        4         4 
	   Disk (KB)            :    29     8192000   8459221 
	   Memory (MB)          :   522        8000      8000 
...
009 (2289234.012.000) 05/20 21:39:45 Job was aborted by the user.
	via condor_rm (by user ftorales)
...
009 (2289234.016.000) 05/20 21:39:45 Job was aborted by the user.
	via condor_rm (by user ftorales)
...
009 (2289234.005.000) 05/20 21:39:45 Job was aborted by the user.
	via condor_rm (by user ftorales)
...
040 (2289234.017.000) 05/20 21:39:45 Started transferring output files
...
040 (2289234.017.000) 05/20 21:39:45 Finished transferring output files
...
004 (2289234.017.000) 05/20 21:39:45 Job was evicted.
	(0) CPU times
		Usr 0 00:03:09, Sys 0 00:00:34  -  Run Remote Usage
		Usr 0 00:00:00, Sys 0 00:00:00  -  Run Local Usage
	5704  -  Run Bytes Sent By Job
	3190  -  Run Bytes Received By Job
	Partitionable Resources :    Usage  Request Allocated 
	   Cpus                 :     0.01        4         4 
	   Disk (KB)            :    29     8192000   8428963 
	   Memory (MB)          :   522        8000      8000 
...
009 (2289234.017.000) 05/20 21:39:45 Job was aborted by the user.
	via condor_rm (by user ftorales)
...
