===============================
execute this script as follows:
./generate_its.sh system region nevents
where:
system = 1 -> pp
       = 2 -> Pb-Pb
region = 1 -> ITS only
       = 2 -> whole detector
===============================
will generate Pb-Pb events
will transport events in the ITS only
Will generate: 20 events
Moving to /eos/user/f/ftorales/its_data/alignment/lbnl_alice_alignment_tasks/2284183/10
/eos/user/f/ftorales/its_data/alignment/lbnl_alice_alignment_tasks/2284183/10

==============================================================================================
1. MC generation run
[INFO] Running with 6 sim workers 
[INFO] CREATING SIM SHARED MEM SEGMENT FOR 6 WORKERS
Spawning particle server on PID 996; Redirect output to o2sim_serverlog
Spawning sim worker 0 on PID 998; Redirect output to o2sim_workerlog0
Spawning hit merger on PID 999; Redirect output to o2sim_mergerlog
[INFO] DISTRIBUTING EVENT : 1
[INFO] EVENT FINISHED : 1
[INFO] DISTRIBUTING EVENT : 2
[INFO] EVENT FINISHED : 2
[INFO] DISTRIBUTING EVENT : 3
[INFO] EVENT FINISHED : 3
[INFO] DISTRIBUTING EVENT : 4
[INFO] EVENT FINISHED : 4
[INFO] DISTRIBUTING EVENT : 5
[INFO] EVENT FINISHED : 5
[INFO] DISTRIBUTING EVENT : 6
[INFO] EVENT FINISHED : 6
[INFO] DISTRIBUTING EVENT : 7
[INFO] DISTRIBUTING EVENT : 8
[INFO] EVENT FINISHED : 8
[INFO] DISTRIBUTING EVENT : 9
[INFO] EVENT FINISHED : 7
[INFO] EVENT FINISHED : 9
[INFO] DISTRIBUTING EVENT : 10
[INFO] EVENT FINISHED : 10
[INFO] DISTRIBUTING EVENT : 11
[INFO] EVENT FINISHED : 11
[INFO] DISTRIBUTING EVENT : 12
[INFO] EVENT FINISHED : 12
[INFO] DISTRIBUTING EVENT : 13
[INFO] DISTRIBUTING EVENT : 14
[INFO] EVENT FINISHED : 13
[INFO] EVENT FINISHED : 14
[INFO] DISTRIBUTING EVENT : 15
[INFO] EVENT FINISHED : 15
[INFO] DISTRIBUTING EVENT : 16
[INFO] EVENT FINISHED : 16
[INFO] DISTRIBUTING EVENT : 17
[INFO] EVENT FINISHED : 17
[INFO] DISTRIBUTING EVENT : 18
[INFO] EVENT FINISHED : 18
[INFO] DISTRIBUTING EVENT : 19
[INFO] EVENT FINISHED : 19
[INFO] DISTRIBUTING EVENT : 20
[INFO] EVENT FINISHED : 20
[INFO] Merger process 999 returned
[INFO] Simulation process took 192.988 s
[INFO] SIMULATION RETURNED SUCCESFULLY

==============================================================================================
2. Hits to digits conversion
Run: 1621488968
Fill:      0
Period: 
LHC State: 
Start: Thu May 20 07:36:11 2021
End  : Thu May 20 07:36:12 2021
Beam0: Z:A =   0:  0, Energy = 0.000
Beam1: Z:A =   0:  0, Energy = 0.000
sqrt[s]    = 0.000
crossing angle (radian) = 0.000000e+00
magnet currents (A) L3 = -30000.000, Dipole = -6000
Detectors: Cont.RO Triggers
      ITS:    -       -    
[INFO] MC-TRUTH 1
[INFO] TPC: GEM setup - initialization from scratch
[INFO] TPC: GEM setup (polya) took 10.95
[INFO] TPC is in grp? no; is skipped? no
[INFO] ITS is in grp? yes; is skipped? no
[INFO] MFT is in grp? no; is skipped? no
[INFO] TOF is in grp? no; is skipped? no
[INFO] FT0 is in grp? no; is skipped? no
[INFO] FV0 is in grp? no; is skipped? no
[INFO] EMC is in grp? no; is skipped? no
[INFO] HMP is in grp? no; is skipped? no
[INFO] ZDC is in grp? no; is skipped? no
[INFO] TRD is in grp? no; is skipped? no
[INFO] MCH is in grp? no; is skipped? no
[INFO] MID is in grp? no; is skipped? no
[INFO] FDD is in grp? no; is skipped? no
[INFO] PHS is in grp? no; is skipped? no
[INFO] CPV is in grp? no; is skipped? no
[INFO] Initialising O2 Data Processing Layer
[INFO] O2 Data Processing Layer initialised. We brake for nobody.
[INFO] Optimised build. O2DEBUG / LOG(DEBUG) / LOGF(DEBUG) / assert statement will not be shown.
[INFO] Redeployment of configuration asked.
[INFO] Starting internal-dpl-clock on pid 2120
[INFO] Starting SimReader on pid 2121
[INFO] Starting ITSDigitizer on pid 2122
[INFO] Starting GRPUpdater on pid 2123
[INFO] Starting ITSDigitWriter on pid 2124
[INFO] Redeployment of configuration done.
[2121:SimReader]: [INFO] MC-TRUTH 1
[2122:ITSDigitizer]: [INFO] MC-TRUTH 1
[2124:ITSDigitWriter]: [INFO] MC-TRUTH 1
[2120:internal-dpl-clock]: [INFO] MC-TRUTH 1
[2123:GRPUpdater]: [INFO] MC-TRUTH 1
[2120:internal-dpl-clock]: [INFO] Spawing new device internal-dpl-clock in process with pid 2120
[2121:SimReader]: [INFO] Spawing new device SimReader in process with pid 2121
[2122:ITSDigitizer]: [INFO] Spawing new device ITSDigitizer in process with pid 2122
[2123:GRPUpdater]: [INFO] Spawing new device GRPUpdater in process with pid 2123
[2124:ITSDigitWriter]: [INFO] Spawing new device ITSDigitWriter in process with pid 2124
[2122:ITSDigitizer]: [07:42:19][INFO] 
[2122:ITSDigitizer]:       ______      _    _______  _________ 
[2122:ITSDigitizer]:      / ____/___ _(_)_______   |/  /_  __ \    version 1.4.29
[2122:ITSDigitizer]:     / /_  / __ `/ / ___/__  /|_/ /_  / / /    build RELWITHDEBINFO
[2122:ITSDigitizer]:    / __/ / /_/ / / /    _  /  / / / /_/ /     https://github.com/FairRootGroup/FairMQ
[2122:ITSDigitizer]:   /_/    \__,_/_/_/     /_/  /_/  \___\_\     LGPL-3.0  © 2012-2020 GSI
[2122:ITSDigitizer]: 
[2120:internal-dpl-clock]: [07:42:19][INFO] 
[2120:internal-dpl-clock]:       ______      _    _______  _________ 
[2120:internal-dpl-clock]:      / ____/___ _(_)_______   |/  /_  __ \    version 1.4.29
[2120:internal-dpl-clock]:     / /_  / __ `/ / ___/__  /|_/ /_  / / /    build RELWITHDEBINFO
[2120:internal-dpl-clock]:    / __/ / /_/ / / /    _  /  / / / /_/ /     https://github.com/FairRootGroup/FairMQ
[2120:internal-dpl-clock]:   /_/    \__,_/_/_/     /_/  /_/  \___\_\     LGPL-3.0  © 2012-2020 GSI
[2120:internal-dpl-clock]: 
[2121:SimReader]: [07:42:19][INFO] 
[2121:SimReader]:       ______      _    _______  _________ 
[2121:SimReader]:      / ____/___ _(_)_______   |/  /_  __ \    version 1.4.29
[2121:SimReader]:     / /_  / __ `/ / ___/__  /|_/ /_  / / /    build RELWITHDEBINFO
[2121:SimReader]:    / __/ / /_/ / / /    _  /  / / / /_/ /     https://github.com/FairRootGroup/FairMQ
[2121:SimReader]:   /_/    \__,_/_/_/     /_/  /_/  \___\_\     LGPL-3.0  © 2012-2020 GSI
[2121:SimReader]: 
[2123:GRPUpdater]: [07:42:19][INFO] 
[2123:GRPUpdater]:       ______      _    _______  _________ 
[2123:GRPUpdater]:      / ____/___ _(_)_______   |/  /_  __ \    version 1.4.29
[2123:GRPUpdater]:     / /_  / __ `/ / ___/__  /|_/ /_  / / /    build RELWITHDEBINFO
[2123:GRPUpdater]:    / __/ / /_/ / / /    _  /  / / / /_/ /     https://github.com/FairRootGroup/FairMQ
[2123:GRPUpdater]:   /_/    \__,_/_/_/     /_/  /_/  \___\_\     LGPL-3.0  © 2012-2020 GSI
[2123:GRPUpdater]: 
[2124:ITSDigitWriter]: [07:42:19][INFO] 
[2124:ITSDigitWriter]:       ______      _    _______  _________ 
[2124:ITSDigitWriter]:      / ____/___ _(_)_______   |/  /_  __ \    version 1.4.29
[2124:ITSDigitWriter]:     / /_  / __ `/ / ___/__  /|_/ /_  / / /    build RELWITHDEBINFO
[2124:ITSDigitWriter]:    / __/ / /_/ / / /    _  /  / / / /_/ /     https://github.com/FairRootGroup/FairMQ
[2124:ITSDigitWriter]:   /_/    \__,_/_/_/     /_/  /_/  \___\_\     LGPL-3.0  © 2012-2020 GSI
[2124:ITSDigitWriter]: 
[2120:internal-dpl-clock]: [07:42:19][STATE] Starting FairMQ state machine --> IDLE
[2121:SimReader]: [07:42:19][STATE] Starting FairMQ state machine --> IDLE
[2122:ITSDigitizer]: [07:42:19][STATE] Starting FairMQ state machine --> IDLE
[2123:GRPUpdater]: [07:42:19][STATE] Starting FairMQ state machine --> IDLE
[2124:ITSDigitWriter]: [07:42:19][STATE] Starting FairMQ state machine --> IDLE
[2120:internal-dpl-clock]: 2021-05-20 07:42:19	Monitoring	[0;49mStdOut backend initialized[0m
[2121:SimReader]: 2021-05-20 07:42:19	Monitoring	[0;49mStdOut backend initialized[0m
[2122:ITSDigitizer]: 2021-05-20 07:42:19	Monitoring	[0;49mStdOut backend initialized[0m
[2123:GRPUpdater]: 2021-05-20 07:42:19	Monitoring	[0;49mStdOut backend initialized[0m
[2124:ITSDigitWriter]: 2021-05-20 07:42:19	Monitoring	[0;49mStdOut backend initialized[0m
[2120:internal-dpl-clock]: [07:42:19][STATE] IDLE ---> INITIALIZING DEVICE
[2120:internal-dpl-clock]: 2021-05-20 07:42:19	Monitoring	[0;49mBuffering enabled (100)[0m
[2120:internal-dpl-clock]: [07:42:19][STATE] INITIALIZING DEVICE ---> INITIALIZED
[2120:internal-dpl-clock]: [07:42:19][STATE] INITIALIZED ---> BINDING
[2120:internal-dpl-clock]: [07:42:19][STATE] BINDING ---> BOUND
[2120:internal-dpl-clock]: [07:42:19][STATE] BOUND ---> CONNECTING
[2120:internal-dpl-clock]: [07:42:19][STATE] CONNECTING ---> DEVICE READY
[2120:internal-dpl-clock]: [07:42:19][STATE] DEVICE READY ---> INITIALIZING TASK
[2120:internal-dpl-clock]: [07:42:19][STATE] INITIALIZING TASK ---> READY
[2120:internal-dpl-clock]: [07:42:19][STATE] READY ---> RUNNING
[2120:internal-dpl-clock]: [07:42:19][INFO] DEVICE: Running...
[2121:SimReader]: [07:42:19][STATE] IDLE ---> INITIALIZING DEVICE
[2121:SimReader]: 2021-05-20 07:42:19	Monitoring	[0;49mBuffering enabled (100)[0m
[2121:SimReader]: [07:42:19][INFO] adding o2sim
[2121:SimReader]: 
[2121:SimReader]: [07:42:19][INFO] INCONTEXTSTRING 
[2121:SimReader]: [07:42:19][INFO] Imposing hadronic interaction rate 50000Hz
[2121:SimReader]: [07:42:19][WARN] No bunch filling provided, impose default one
[2121:SimReader]: [07:42:19][INFO] Deducing mu=0.00771915 per BC from IR=50000 with 576 BCs
[2121:SimReader]: [07:42:19][INFO] InteractionSampler with 576 colliding BCs, mu(BC)= 0.00771915 -> total IR= 50000
[2121:SimReader]: [07:42:19][INFO] Current BCid:    0 Orbit:      1 |T in BC(ns): 0.000(0 coll left)
[2121:SimReader]: [07:42:19][INFO] setting up 1 chains
[2122:ITSDigitizer]: [07:42:19][STATE] IDLE ---> INITIALIZING DEVICE
[2122:ITSDigitizer]: 2021-05-20 07:42:19	Monitoring	[0;49mBuffering enabled (100)[0m
[2122:ITSDigitizer]: [07:42:19][INFO] Initializing geometry service
[2122:ITSDigitizer]: [07:42:19][INFO] Loading geometry FAIRGeom from o2sim_geometry.root
[2123:GRPUpdater]: [07:42:19][STATE] IDLE ---> INITIALIZING DEVICE
[2123:GRPUpdater]: 2021-05-20 07:42:19	Monitoring	[0;49mBuffering enabled (100)[0m
[2123:GRPUpdater]: [07:42:19][STATE] INITIALIZING DEVICE ---> INITIALIZED
[2123:GRPUpdater]: [07:42:19][STATE] INITIALIZED ---> BINDING
[2123:GRPUpdater]: [07:42:19][STATE] BINDING ---> BOUND
[2123:GRPUpdater]: [07:42:19][STATE] BOUND ---> CONNECTING
[2123:GRPUpdater]: [07:42:19][STATE] CONNECTING ---> DEVICE READY
[2123:GRPUpdater]: [07:42:19][STATE] DEVICE READY ---> INITIALIZING TASK
[2123:GRPUpdater]: [07:42:19][STATE] INITIALIZING TASK ---> READY
[2123:GRPUpdater]: [07:42:19][STATE] READY ---> RUNNING
[2123:GRPUpdater]: [07:42:19][INFO] DEVICE: Running...
[2124:ITSDigitWriter]: [07:42:19][STATE] IDLE ---> INITIALIZING DEVICE
[2124:ITSDigitWriter]: 2021-05-20 07:42:19	Monitoring	[0;49mBuffering enabled (100)[0m
[2124:ITSDigitWriter]: [07:42:19][INFO] 0: branch  ITSDigitMCTruth set up
[2124:ITSDigitWriter]: [07:42:19][INFO] 1: branch  ITSDigitMC2ROF set up
[2124:ITSDigitWriter]: [07:42:19][INFO] 2: branch  ITSDigit set up
[2124:ITSDigitWriter]: [07:42:19][INFO] 3: branch  ITSDigitROF set up
[2124:ITSDigitWriter]: [07:42:19][STATE] INITIALIZING DEVICE ---> INITIALIZED
[2124:ITSDigitWriter]: [07:42:19][STATE] INITIALIZED ---> BINDING
[2124:ITSDigitWriter]: [07:42:19][STATE] BINDING ---> BOUND
[2124:ITSDigitWriter]: [07:42:19][STATE] BOUND ---> CONNECTING
[2124:ITSDigitWriter]: [07:42:19][STATE] CONNECTING ---> DEVICE READY
[2124:ITSDigitWriter]: [07:42:19][STATE] DEVICE READY ---> INITIALIZING TASK
[2124:ITSDigitWriter]: [07:42:19][STATE] INITIALIZING TASK ---> READY
[2124:ITSDigitWriter]: [07:42:19][STATE] READY ---> RUNNING
[2124:ITSDigitWriter]: [07:42:19][INFO] DEVICE: Running...
[2122:ITSDigitizer]: Info in <TGeoManager::CloseGeometry>: Geometry loaded from file...
[2122:ITSDigitizer]: Info in <TGeoManager::SetTopVolume>: Top volume is cave. Master volume is cave
[2122:ITSDigitizer]: Info in <TGeoNavigator::BuildCache>: --- Maximum geometry depth set to 100
[2122:ITSDigitizer]: Info in <TGeoManager::CloseGeometry>: Voxelization retrieved from file
[2122:ITSDigitizer]: Info in <TGeoManager::CountLevels>: max level = 9, max placements = 126
[2122:ITSDigitizer]: Info in <TGeoManager::CloseGeometry>: 179840 nodes/ 399 volume UID's in FAIR geometry
[2122:ITSDigitizer]: Info in <TGeoManager::CloseGeometry>: ----------------modeler ready----------------
[2122:ITSDigitizer]: [07:42:21][INFO] Initializing field service
[2122:ITSDigitizer]: [07:42:21][INFO] MagneticField::Print: MagneticFieldMap:
[2122:ITSDigitizer]: [07:42:21][INFO] MagneticField::Print: Solenoid (-1*)5 kG, Dipole ON (-1) 
[2122:ITSDigitizer]: [07:42:21][INFO] MagneticField::Print: Machine B fields for p-p  beam (7000 GeV): QGrad: 22.0002 Dipole: 37.8781
[2122:ITSDigitizer]: [07:42:21][INFO] MagneticField::Print: Uses Sol30_Dip6_Hole  of /cvmfs/alice.cern.ch/el7-x86_64/Packages/O2/nightly-20210129-1/share/Common/maps/mfchebKGI_sym.root
[2122:ITSDigitizer]: Info in <TGeoGlobalMagField::SetField>: Global magnetic field set to <MagneticFieldMap>
[2122:ITSDigitizer]: Info in <TGeoGlobalMagField::Lock>: Global magnetic field <MagneticFieldMap> is now locked
[2122:ITSDigitizer]: [07:42:21][INFO] Set Alpide charge threshold to 150, single hit will be accounted from 15 electrons
[2122:ITSDigitizer]: [07:42:21][INFO] ITS simulated in CONTINUOUS RO mode
[2121:SimReader]: [07:42:21][INFO] Automatic deduction of number of collisions ... will just take number of background entries 20
[2121:SimReader]: Summary of DigitizationContext --
[2121:SimReader]: Parts per collision 1
[2121:SimReader]: Collision parts taken from simulations specified by prefix:
[2121:SimReader]: Number of Collisions 20
[2121:SimReader]: Collision 0 TIME BCid:  218 Orbit:      1 |T in BC(ns): 0.052 (0 , 0)
[2121:SimReader]: Collision 1 TIME BCid: 1158 Orbit:      1 |T in BC(ns): -0.241 (0 , 1)
[2121:SimReader]: Collision 2 TIME BCid: 1988 Orbit:      1 |T in BC(ns): -0.323 (0 , 2)
[2121:SimReader]: Collision 3 TIME BCid: 1992 Orbit:      1 |T in BC(ns): 0.009 (0 , 3)
[2121:SimReader]: Collision 4 TIME BCid:   38 Orbit:      2 |T in BC(ns): 0.122 (0 , 4)
[2121:SimReader]: Collision 5 TIME BCid:  606 Orbit:      2 |T in BC(ns): 0.173 (0 , 5)
[2121:SimReader]: Collision 6 TIME BCid: 1390 Orbit:      2 |T in BC(ns): -0.060 (0 , 6)
[2121:SimReader]: Collision 7 TIME BCid: 1982 Orbit:      2 |T in BC(ns): 0.154 (0 , 7)
[2121:SimReader]: Collision 8 TIME BCid:  432 Orbit:      3 |T in BC(ns): 0.084 (0 , 8)
[2121:SimReader]: Collision 9 TIME BCid:  768 Orbit:      3 |T in BC(ns): 0.131 (0 , 9)
[2121:SimReader]: Collision 10 TIME BCid:  798 Orbit:      3 |T in BC(ns): -0.194 (0 , 10)
[2121:SimReader]: Collision 11 TIME BCid: 1186 Orbit:      4 |T in BC(ns): -0.031 (0 , 11)
[2121:SimReader]: Collision 12 TIME BCid: 2144 Orbit:      4 |T in BC(ns): -0.281 (0 , 12)
[2121:SimReader]: Collision 13 TIME BCid: 2150 Orbit:      4 |T in BC(ns): -0.178 (0 , 13)
[2121:SimReader]: Collision 14 TIME BCid:   30 Orbit:      5 |T in BC(ns): -0.145 (0 , 14)
[2121:SimReader]: Collision 15 TIME BCid:   54 Orbit:      5 |T in BC(ns): -0.000 (0 , 15)
[2121:SimReader]: Collision 16 TIME BCid:  580 Orbit:      5 |T in BC(ns): 0.229 (0 , 16)
[2121:SimReader]: Collision 17 TIME BCid: 2200 Orbit:      5 |T in BC(ns): 0.065 (0 , 17)
[2121:SimReader]: Collision 18 TIME BCid:  240 Orbit:      6 |T in BC(ns): 0.032 (0 , 18)
[2121:SimReader]: Collision 19 TIME BCid:  592 Orbit:      6 |T in BC(ns): 0.200 (0 , 19)
[2121:SimReader]: [07:42:21][INFO] Initializing Spec ... have 20 times 
[2121:SimReader]: [07:42:21][INFO] Serializing Context for later reuse
[2122:ITSDigitizer]: [07:42:21][INFO] Loading ITS L2G matrices from TGeo
[2121:SimReader]: [07:42:22][STATE] INITIALIZING DEVICE ---> INITIALIZED
[2121:SimReader]: [07:42:22][STATE] INITIALIZED ---> BINDING
[2121:SimReader]: [07:42:22][STATE] BINDING ---> BOUND
[2121:SimReader]: [07:42:22][STATE] BOUND ---> CONNECTING
[2121:SimReader]: [07:42:22][STATE] CONNECTING ---> DEVICE READY
[2121:SimReader]: [07:42:22][STATE] DEVICE READY ---> INITIALIZING TASK
[2121:SimReader]: [07:42:22][STATE] INITIALIZING TASK ---> READY
[2121:SimReader]: [07:42:22][STATE] READY ---> RUNNING
[2121:SimReader]: [07:42:22][INFO] DEVICE: Running...
[2121:SimReader]: [07:42:22][INFO] SENDING SOMETHING TO OTHERS
[2122:ITSDigitizer]: Alpide response object of 40500 matrices to map chagre in xyz to 5x5 pixels
[2122:ITSDigitizer]: X(col) range: +0.000000e+00 : +1.462000e-03 | step: 5.000000e-05 | Nbins: 30
[2122:ITSDigitizer]: Y(row) range: +0.000000e+00 : +1.344000e-03 | step: 5.000000e-05 | Nbins: 27
[2122:ITSDigitizer]: Z(dpt) range: -2.000000e-03 : +2.500000e-03 | step: 8.999999e-05 | Nbins: 50
[2122:ITSDigitizer]: Alpide digitization params:
[2122:ITSDigitizer]: Continuous readout             : ON
[2122:ITSDigitizer]: Readout Frame Length(ns)       : 9880.510742
[2122:ITSDigitizer]: Strobe delay (ns)              : 99.803139
[2122:ITSDigitizer]: Strobe length (ns)             : 9780.708008
[2122:ITSDigitizer]: Threshold (N electrons)        : 150
[2122:ITSDigitizer]: Min N electrons to accoint     : 15
[2122:ITSDigitizer]: Number of charge sharing steps : 7
[2122:ITSDigitizer]: ELoss to N electrons factor    : 2.777778e+08
[2122:ITSDigitizer]: Noise level per pixel          : 1.000000e-07
[2122:ITSDigitizer]: Charge time-response:
[2122:ITSDigitizer]: o2::itsmft::AlpideSignalTrapezoid | Duration: 7500.0 MaxRiseTime: 1100.0 (RiseTime=0 at q=450.0) (ns)
[2122:ITSDigitizer]: [07:42:23][STATE] INITIALIZING DEVICE ---> INITIALIZED
[2122:ITSDigitizer]: [07:42:23][STATE] INITIALIZED ---> BINDING
[2122:ITSDigitizer]: [07:42:23][STATE] BINDING ---> BOUND
[2122:ITSDigitizer]: [07:42:23][STATE] BOUND ---> CONNECTING
[2122:ITSDigitizer]: [07:42:23][STATE] CONNECTING ---> DEVICE READY
[2122:ITSDigitizer]: [07:42:23][STATE] DEVICE READY ---> INITIALIZING TASK
[2122:ITSDigitizer]: [07:42:23][STATE] INITIALIZING TASK ---> READY
[2122:ITSDigitizer]: [07:42:23][STATE] READY ---> RUNNING
[2122:ITSDigitizer]: [07:42:23][INFO] DEVICE: Running...
[2122:ITSDigitizer]: [07:42:23][INFO] GOT 20 COLLISSION TIMES
[2122:ITSDigitizer]: [07:42:23][INFO] SIMCHAINS 1
[2122:ITSDigitizer]: [07:42:23][INFO]  CALLING ITS DIGITIZATION 
[2122:ITSDigitizer]: [07:42:24][INFO] Digitizing ITS hits of entry 0 from source 0 at time BCid:  218 Orbit:      1 |T in BC(ns): 0.052 ROFrame= 9) cont.mode: 1 Min/Max ROFrames 0/8
[2122:ITSDigitizer]: [07:42:24][INFO] Filling ITS digits output for RO frames 0:8
[2122:ITSDigitizer]: ROF: 0 | 1283 entries starting from 0
[2122:ITSDigitizer]: BCid:    0 Orbit:      0
[2122:ITSDigitizer]: ROF: 1 | 1267 entries starting from 1283
[2122:ITSDigitizer]: BCid:  396 Orbit:      0
[2122:ITSDigitizer]: ROF: 2 | 1323 entries starting from 2550
[2122:ITSDigitizer]: BCid:  792 Orbit:      0
[2122:ITSDigitizer]: ROF: 3 | 1229 entries starting from 3873
[2122:ITSDigitizer]: BCid: 1188 Orbit:      0
[2122:ITSDigitizer]: ROF: 4 | 1245 entries starting from 5102
[2122:ITSDigitizer]: BCid: 1584 Orbit:      0
[2122:ITSDigitizer]: ROF: 5 | 1248 entries starting from 6347
[2122:ITSDigitizer]: BCid: 1980 Orbit:      0
[2122:ITSDigitizer]: ROF: 6 | 1259 entries starting from 7595
[2122:ITSDigitizer]: BCid: 2376 Orbit:      0
[2122:ITSDigitizer]: ROF: 7 | 1258 entries starting from 8854
[2122:ITSDigitizer]: BCid: 2772 Orbit:      0
[2122:ITSDigitizer]: ROF: 8 | 1247 entries starting from 10112
[2122:ITSDigitizer]: BCid: 3168 Orbit:      0
[2122:ITSDigitizer]: [07:42:24][INFO] Added 11359 digits 
[2122:ITSDigitizer]: [07:42:24][INFO] Digitizing ITS hits of entry 1 from source 0 at time BCid: 1158 Orbit:      1 |T in BC(ns): -0.241 ROFrame= 11) cont.mode: 1 Min/Max ROFrames 9/11
[2122:ITSDigitizer]: [07:42:24][INFO] Filling ITS digits output for RO frames 9:10
[2122:ITSDigitizer]: ROF: 9 | 97703 entries starting from 11359
[2122:ITSDigitizer]: BCid:    0 Orbit:      1
[2122:ITSDigitizer]: MCEventID: 0 ROFs: 9-11 Entry in ROFRecords: 9
[2122:ITSDigitizer]: ROF: 10 | 97663 entries starting from 109062
[2122:ITSDigitizer]: BCid:  396 Orbit:      1
[2122:ITSDigitizer]: [07:42:24][INFO] Added 195366 digits 
[2122:ITSDigitizer]: [07:42:25][INFO] Digitizing ITS hits of entry 2 from source 0 at time BCid: 1988 Orbit:      1 |T in BC(ns): -0.323 ROFrame= 14) cont.mode: 1 Min/Max ROFrames 11/13
[2122:ITSDigitizer]: [07:42:25][INFO] Filling ITS digits output for RO frames 11:13
[2122:ITSDigitizer]: ROF: 11 | 31561 entries starting from 206725
[2122:ITSDigitizer]: BCid:  792 Orbit:      1
[2122:ITSDigitizer]: MCEventID: 1 ROFs: 11-13 Entry in ROFRecords: 11
[2122:ITSDigitizer]: ROF: 12 | 31624 entries starting from 238286
[2122:ITSDigitizer]: BCid: 1188 Orbit:      1
[2122:ITSDigitizer]: ROF: 13 | 1371 entries starting from 269910
[2122:ITSDigitizer]: BCid: 1584 Orbit:      1
[2122:ITSDigitizer]: [07:42:25][INFO] Added 64556 digits 
[2122:ITSDigitizer]: [07:42:25][INFO] Digitizing ITS hits of entry 4 from source 0 at time BCid:   38 Orbit:      2 |T in BC(ns): 0.122 ROFrame= 18) cont.mode: 1 Min/Max ROFrames 14/17
[2122:ITSDigitizer]: [07:42:25][INFO] Filling ITS digits output for RO frames 14:17
[2122:ITSDigitizer]: ROF: 14 | 41150 entries starting from 271281
[2122:ITSDigitizer]: BCid: 1980 Orbit:      1
[2122:ITSDigitizer]: MCEventID: 2 ROFs: 14-15 Entry in ROFRecords: 14
[2122:ITSDigitizer]: ROF: 15 | 1402 entries starting from 312431
[2122:ITSDigitizer]: BCid: 2376 Orbit:      1
[2122:ITSDigitizer]: ROF: 16 | 1264 entries starting from 313833
[2122:ITSDigitizer]: BCid: 2772 Orbit:      1
[2122:ITSDigitizer]: ROF: 17 | 1272 entries starting from 315097
[2122:ITSDigitizer]: BCid: 3168 Orbit:      1
[2122:ITSDigitizer]: [07:42:25][INFO] Added 45088 digits 
[2122:ITSDigitizer]: [07:42:25][INFO] Digitizing ITS hits of entry 5 from source 0 at time BCid:  606 Orbit:      2 |T in BC(ns): 0.173 ROFrame= 19) cont.mode: 1 Min/Max ROFrames 18/19
[2122:ITSDigitizer]: [07:42:25][INFO] Filling ITS digits output for RO frames 18:18
[2122:ITSDigitizer]: ROF: 18 | 273822 entries starting from 316369
[2122:ITSDigitizer]: BCid:    0 Orbit:      2
[2122:ITSDigitizer]: MCEventID: 4 ROFs: 18-19 Entry in ROFRecords: 18
[2122:ITSDigitizer]: [07:42:26][INFO] Added 273822 digits 
[2122:ITSDigitizer]: [07:42:26][INFO] Digitizing ITS hits of entry 6 from source 0 at time BCid: 1390 Orbit:      2 |T in BC(ns): -0.060 ROFrame= 21) cont.mode: 1 Min/Max ROFrames 19/21
[2122:ITSDigitizer]: [07:42:26][INFO] Filling ITS digits output for RO frames 19:20
[2122:ITSDigitizer]: ROF: 19 | 116481 entries starting from 590191
[2122:ITSDigitizer]: BCid:  396 Orbit:      2
[2122:ITSDigitizer]: MCEventID: 5 ROFs: 19-21 Entry in ROFRecords: 19
[2122:ITSDigitizer]: ROF: 20 | 115365 entries starting from 706672
[2122:ITSDigitizer]: BCid:  792 Orbit:      2
[2122:ITSDigitizer]: [07:42:26][INFO] Added 231846 digits 
[2122:ITSDigitizer]: [07:42:26][INFO] Digitizing ITS hits of entry 7 from source 0 at time BCid: 1982 Orbit:      2 |T in BC(ns): 0.154 ROFrame= 23) cont.mode: 1 Min/Max ROFrames 21/22
[2122:ITSDigitizer]: [07:42:26][INFO] Filling ITS digits output for RO frames 21:22
[2122:ITSDigitizer]: ROF: 21 | 3716 entries starting from 822037
[2122:ITSDigitizer]: BCid: 1188 Orbit:      2
[2122:ITSDigitizer]: MCEventID: 6 ROFs: 21-22 Entry in ROFRecords: 21
[2122:ITSDigitizer]: ROF: 22 | 3667 entries starting from 825753
[2122:ITSDigitizer]: BCid: 1584 Orbit:      2
[2122:ITSDigitizer]: [07:42:26][INFO] Added 7383 digits 
[2122:ITSDigitizer]: [07:42:26][INFO] Digitizing ITS hits of entry 8 from source 0 at time BCid:  432 Orbit:      3 |T in BC(ns): 0.084 ROFrame= 28) cont.mode: 1 Min/Max ROFrames 23/27
[2122:ITSDigitizer]: [07:42:26][INFO] Filling ITS digits output for RO frames 23:27
[2122:ITSDigitizer]: ROF: 23 | 2176 entries starting from 829420
[2122:ITSDigitizer]: BCid: 1980 Orbit:      2
[2122:ITSDigitizer]: MCEventID: 7 ROFs: 23-23 Entry in ROFRecords: 23
[2122:ITSDigitizer]: ROF: 24 | 1197 entries starting from 831596
[2122:ITSDigitizer]: BCid: 2376 Orbit:      2
[2122:ITSDigitizer]: ROF: 25 | 1338 entries starting from 832793
[2122:ITSDigitizer]: BCid: 2772 Orbit:      2
[2122:ITSDigitizer]: ROF: 26 | 1307 entries starting from 834131
[2122:ITSDigitizer]: BCid: 3168 Orbit:      2
[2122:ITSDigitizer]: ROF: 27 | 1355 entries starting from 835438
[2122:ITSDigitizer]: BCid:    0 Orbit:      3
[2122:ITSDigitizer]: [07:42:26][INFO] Added 7373 digits 
[2122:ITSDigitizer]: [07:42:26][INFO] Digitizing ITS hits of entry 9 from source 0 at time BCid:  768 Orbit:      3 |T in BC(ns): 0.131 ROFrame= 28) cont.mode: 1 Min/Max ROFrames 28/29
[2122:ITSDigitizer]: [07:42:27][INFO] Digitizing ITS hits of entry 10 from source 0 at time BCid:  798 Orbit:      3 |T in BC(ns): -0.194 ROFrame= 29) cont.mode: 1 Min/Max ROFrames 28/30
[2122:ITSDigitizer]: [07:42:27][INFO] Filling ITS digits output for RO frames 28:28
[2122:ITSDigitizer]: ROF: 28 | 300064 entries starting from 836793
[2122:ITSDigitizer]: BCid:  396 Orbit:      3
[2122:ITSDigitizer]: MCEventID: 8 ROFs: 28-29 Entry in ROFRecords: 28
[2122:ITSDigitizer]: MCEventID: 9 ROFs: 28-30 Entry in ROFRecords: 28
[2122:ITSDigitizer]: [07:42:28][INFO] Added 300064 digits 
[2122:ITSDigitizer]: [07:42:28][INFO] Digitizing ITS hits of entry 11 from source 0 at time BCid: 1186 Orbit:      4 |T in BC(ns): -0.031 ROFrame= 38) cont.mode: 1 Min/Max ROFrames 29/37
[2122:ITSDigitizer]: [07:42:28][INFO] Filling ITS digits output for RO frames 29:37
[2122:ITSDigitizer]: ROF: 29 | 403334 entries starting from 1136857
[2122:ITSDigitizer]: BCid:  792 Orbit:      3
[2122:ITSDigitizer]: MCEventID: 10 ROFs: 29-30 Entry in ROFRecords: 29
[2122:ITSDigitizer]: ROF: 30 | 3051 entries starting from 1540191
[2122:ITSDigitizer]: BCid: 1188 Orbit:      3
[2122:ITSDigitizer]: ROF: 31 | 1219 entries starting from 1543242
[2122:ITSDigitizer]: BCid: 1584 Orbit:      3
[2122:ITSDigitizer]: ROF: 32 | 1249 entries starting from 1544461
[2122:ITSDigitizer]: BCid: 1980 Orbit:      3
[2122:ITSDigitizer]: ROF: 33 | 1238 entries starting from 1545710
[2122:ITSDigitizer]: BCid: 2376 Orbit:      3
[2122:ITSDigitizer]: ROF: 34 | 1203 entries starting from 1546948
[2122:ITSDigitizer]: BCid: 2772 Orbit:      3
[2122:ITSDigitizer]: ROF: 35 | 1263 entries starting from 1548151
[2122:ITSDigitizer]: BCid: 3168 Orbit:      3
[2122:ITSDigitizer]: ROF: 36 | 1313 entries starting from 1549414
[2122:ITSDigitizer]: BCid:    0 Orbit:      4
[2122:ITSDigitizer]: ROF: 37 | 1260 entries starting from 1550727
[2122:ITSDigitizer]: BCid:  396 Orbit:      4
[2122:ITSDigitizer]: [07:42:28][INFO] Added 415130 digits 
[2122:ITSDigitizer]: [07:42:28][INFO] Digitizing ITS hits of entry 12 from source 0 at time BCid: 2144 Orbit:      4 |T in BC(ns): -0.281 ROFrame= 41) cont.mode: 1 Min/Max ROFrames 38/40
[2122:ITSDigitizer]: [07:42:28][INFO] Filling ITS digits output for RO frames 38:40
[2122:ITSDigitizer]: ROF: 38 | 87520 entries starting from 1551987
[2122:ITSDigitizer]: BCid:  792 Orbit:      4
[2122:ITSDigitizer]: MCEventID: 11 ROFs: 38-40 Entry in ROFRecords: 38
[2122:ITSDigitizer]: ROF: 39 | 126386 entries starting from 1639507
[2122:ITSDigitizer]: BCid: 1188 Orbit:      4
[2122:ITSDigitizer]: ROF: 40 | 1837 entries starting from 1765893
[2122:ITSDigitizer]: BCid: 1584 Orbit:      4
[2122:ITSDigitizer]: [07:42:28][INFO] Added 215743 digits 
[2122:ITSDigitizer]: [07:42:28][INFO] Digitizing ITS hits of entry 13 from source 0 at time BCid: 2150 Orbit:      4 |T in BC(ns): -0.178 ROFrame= 41) cont.mode: 1 Min/Max ROFrames 41/42
[2122:ITSDigitizer]: [07:42:28][INFO] Digitizing ITS hits of entry 14 from source 0 at time BCid:   30 Orbit:      5 |T in BC(ns): -0.145 ROFrame= 45) cont.mode: 1 Min/Max ROFrames 41/44
[2122:ITSDigitizer]: [07:42:28][INFO] Filling ITS digits output for RO frames 41:44
[2122:ITSDigitizer]: ROF: 41 | 8186 entries starting from 1767730
[2122:ITSDigitizer]: BCid: 1980 Orbit:      4
[2122:ITSDigitizer]: MCEventID: 12 ROFs: 41-42 Entry in ROFRecords: 41
[2122:ITSDigitizer]: MCEventID: 13 ROFs: 41-42 Entry in ROFRecords: 41
[2122:ITSDigitizer]: ROF: 42 | 8252 entries starting from 1775916
[2122:ITSDigitizer]: BCid: 2376 Orbit:      4
[2122:ITSDigitizer]: ROF: 43 | 1288 entries starting from 1784168
[2122:ITSDigitizer]: BCid: 2772 Orbit:      4
[2122:ITSDigitizer]: ROF: 44 | 1184 entries starting from 1785456
[2122:ITSDigitizer]: BCid: 3168 Orbit:      4
[2122:ITSDigitizer]: [07:42:29][INFO] Added 18910 digits 
[2122:ITSDigitizer]: [07:42:29][INFO] Digitizing ITS hits of entry 15 from source 0 at time BCid:   54 Orbit:      5 |T in BC(ns): -0.000 ROFrame= 45) cont.mode: 1 Min/Max ROFrames 45/46
[2122:ITSDigitizer]: [07:42:29][INFO] Digitizing ITS hits of entry 16 from source 0 at time BCid:  580 Orbit:      5 |T in BC(ns): 0.229 ROFrame= 46) cont.mode: 1 Min/Max ROFrames 45/46
[2122:ITSDigitizer]: [07:42:29][INFO] Filling ITS digits output for RO frames 45:45
[2122:ITSDigitizer]: ROF: 45 | 105117 entries starting from 1786640
[2122:ITSDigitizer]: BCid:    0 Orbit:      5
[2122:ITSDigitizer]: MCEventID: 14 ROFs: 45-46 Entry in ROFRecords: 45
[2122:ITSDigitizer]: MCEventID: 15 ROFs: 45-46 Entry in ROFRecords: 45
[2122:ITSDigitizer]: [07:42:29][INFO] Added 105117 digits 
[2122:ITSDigitizer]: [07:42:29][INFO] Digitizing ITS hits of entry 17 from source 0 at time BCid: 2200 Orbit:      5 |T in BC(ns): 0.065 ROFrame= 50) cont.mode: 1 Min/Max ROFrames 46/49
[2122:ITSDigitizer]: [07:42:29][INFO] Filling ITS digits output for RO frames 46:49
[2122:ITSDigitizer]: ROF: 46 | 37138 entries starting from 1891757
[2122:ITSDigitizer]: BCid:  396 Orbit:      5
[2122:ITSDigitizer]: MCEventID: 16 ROFs: 46-47 Entry in ROFRecords: 46
[2122:ITSDigitizer]: ROF: 47 | 36602 entries starting from 1928895
[2122:ITSDigitizer]: BCid:  792 Orbit:      5
[2122:ITSDigitizer]: ROF: 48 | 1329 entries starting from 1965497
[2122:ITSDigitizer]: BCid: 1188 Orbit:      5
[2122:ITSDigitizer]: ROF: 49 | 1200 entries starting from 1966826
[2122:ITSDigitizer]: BCid: 1584 Orbit:      5
[2122:ITSDigitizer]: [07:42:29][INFO] Added 76269 digits 
[2122:ITSDigitizer]: [07:42:30][INFO] Digitizing ITS hits of entry 18 from source 0 at time BCid:  240 Orbit:      6 |T in BC(ns): 0.032 ROFrame= 54) cont.mode: 1 Min/Max ROFrames 50/53
[2122:ITSDigitizer]: [07:42:30][INFO] Filling ITS digits output for RO frames 50:53
[2122:ITSDigitizer]: ROF: 50 | 174601 entries starting from 1968026
[2122:ITSDigitizer]: BCid: 1980 Orbit:      5
[2122:ITSDigitizer]: MCEventID: 17 ROFs: 50-51 Entry in ROFRecords: 50
[2122:ITSDigitizer]: ROF: 51 | 174752 entries starting from 2142627
[2122:ITSDigitizer]: BCid: 2376 Orbit:      5
[2122:ITSDigitizer]: ROF: 52 | 1248 entries starting from 2317379
[2122:ITSDigitizer]: BCid: 2772 Orbit:      5
[2122:ITSDigitizer]: ROF: 53 | 1241 entries starting from 2318627
[2122:ITSDigitizer]: BCid: 3168 Orbit:      5
[2122:ITSDigitizer]: [07:42:30][INFO] Added 351842 digits 
[2122:ITSDigitizer]: [07:42:30][INFO] Digitizing ITS hits of entry 19 from source 0 at time BCid:  592 Orbit:      6 |T in BC(ns): 0.200 ROFrame= 55) cont.mode: 1 Min/Max ROFrames 54/56
[2122:ITSDigitizer]: [07:42:30][INFO] Filling ITS digits output for RO frames 54:54
[2122:ITSDigitizer]: ROF: 54 | 161956 entries starting from 2319868
[2122:ITSDigitizer]: BCid:    0 Orbit:      6
[2122:ITSDigitizer]: MCEventID: 18 ROFs: 54-56 Entry in ROFRecords: 54
[2122:ITSDigitizer]: [07:42:30][INFO] Added 161956 digits 
[2122:ITSDigitizer]: [07:42:30][INFO] Filling ITS digits output for RO frames 55:57
[2122:ITSDigitizer]: ROF: 55 | 177198 entries starting from 2481824
[2122:ITSDigitizer]: BCid:  396 Orbit:      6
[2122:ITSDigitizer]: MCEventID: 19 ROFs: 55-57 Entry in ROFRecords: 55
[2122:ITSDigitizer]: ROF: 56 | 16782 entries starting from 2659022
[2122:ITSDigitizer]: BCid:  792 Orbit:      6
[2122:ITSDigitizer]: ROF: 57 | 1341 entries starting from 2675804
[2122:ITSDigitizer]: BCid: 1188 Orbit:      6
[2122:ITSDigitizer]: [07:42:30][INFO] Added 195321 digits 
[2122:ITSDigitizer]: [07:42:31][INFO] ITS: Sending ROMode= 3 to GRPUpdater
[2122:ITSDigitizer]: [07:42:31][INFO] Digitization took 6.92s
[2123:GRPUpdater]: [07:42:31][INFO] Updated GRP in o2sim_grp.root for detectors RO mode
[2124:ITSDigitWriter]: [07:42:31][INFO] WRITING 2691492 LABELS 
[2123:GRPUpdater]: Run: 1621488968
[2123:GRPUpdater]: Fill:      0
[2123:GRPUpdater]: Period: 
[2123:GRPUpdater]: LHC State: 
[2123:GRPUpdater]: Start: Thu May 20 07:36:11 2021
[2123:GRPUpdater]: End  : Thu May 20 07:36:12 2021
[2123:GRPUpdater]: Beam0: Z:A =   0:  0, Energy = 0.000
[2123:GRPUpdater]: Beam1: Z:A =   0:  0, Energy = 0.000
[2123:GRPUpdater]: sqrt[s]    = 0.000
[2123:GRPUpdater]: crossing angle (radian) = 0.000000e+00
[2123:GRPUpdater]: magnet currents (A) L3 = -30000.000, Dipole = -6000
[2123:GRPUpdater]: Detectors: Cont.RO Triggers
[2123:GRPUpdater]:       ITS:    +       -    
[2124:ITSDigitWriter]: [07:42:31][INFO] RECEIVED DIGITS SIZE 2677145
[INFO] Quitting
[INFO] QUIT_REQUESTED
[2120:internal-dpl-clock]: [07:42:32][INFO] Received device shutdown request (signal 15).
[2120:internal-dpl-clock]: [07:42:32][INFO] Waiting for graceful device shutdown. Hit Ctrl-C again to abort immediately.
[2123:GRPUpdater]: [07:42:32][INFO] Received device shutdown request (signal 15).
[2123:GRPUpdater]: [07:42:32][INFO] Waiting for graceful device shutdown. Hit Ctrl-C again to abort immediately.
[2122:ITSDigitizer]: [07:42:32][INFO] Received device shutdown request (signal 15).
[2122:ITSDigitizer]: [07:42:32][INFO] Waiting for graceful device shutdown. Hit Ctrl-C again to abort immediately.
[2121:SimReader]: [07:42:32][INFO] Received device shutdown request (signal 15).
[2121:SimReader]: [07:42:32][INFO] Waiting for graceful device shutdown. Hit Ctrl-C again to abort immediately.
[2121:SimReader]: [07:42:32][STATE] RUNNING ---> READY
[2121:SimReader]: [07:42:32][STATE] READY ---> RESETTING TASK
[2121:SimReader]: [07:42:32][STATE] RESETTING TASK ---> DEVICE READY
[2121:SimReader]: [07:42:32][STATE] DEVICE READY ---> RESETTING DEVICE
[2121:SimReader]: [07:42:32][STATE] RESETTING DEVICE ---> IDLE
[2121:SimReader]: [07:42:32][STATE] IDLE ---> EXITING
[2121:SimReader]: [07:42:32][STATE] Exiting FairMQ state machine
[2124:ITSDigitWriter]: [07:42:32][INFO] Received device shutdown request (signal 15).
[2124:ITSDigitWriter]: [07:42:32][INFO] Waiting for graceful device shutdown. Hit Ctrl-C again to abort immediately.
[2123:GRPUpdater]: [07:42:32][STATE] RUNNING ---> READY
[2123:GRPUpdater]: [07:42:32][STATE] READY ---> RESETTING TASK
[2123:GRPUpdater]: [07:42:32][STATE] RESETTING TASK ---> DEVICE READY
[2123:GRPUpdater]: [07:42:32][STATE] DEVICE READY ---> RESETTING DEVICE
[2122:ITSDigitizer]: [07:42:32][STATE] RUNNING ---> READY
[2120:internal-dpl-clock]: [07:42:32][STATE] RUNNING ---> READY
[2120:internal-dpl-clock]: [07:42:32][STATE] READY ---> RESETTING TASK
[2120:internal-dpl-clock]: [07:42:32][STATE] RESETTING TASK ---> DEVICE READY
[2120:internal-dpl-clock]: [07:42:32][STATE] DEVICE READY ---> RESETTING DEVICE
[2122:ITSDigitizer]: [07:42:32][STATE] READY ---> RESETTING TASK
[2122:ITSDigitizer]: [07:42:32][STATE] RESETTING TASK ---> DEVICE READY
[2122:ITSDigitizer]: [07:42:32][STATE] DEVICE READY ---> RESETTING DEVICE
[2120:internal-dpl-clock]: [07:42:32][STATE] RESETTING DEVICE ---> IDLE
[2120:internal-dpl-clock]: [07:42:32][STATE] IDLE ---> EXITING
[2120:internal-dpl-clock]: [07:42:32][STATE] Exiting FairMQ state machine
[2123:GRPUpdater]: [07:42:32][STATE] RESETTING DEVICE ---> IDLE
[2123:GRPUpdater]: [07:42:32][STATE] IDLE ---> EXITING
[2123:GRPUpdater]: [07:42:32][STATE] Exiting FairMQ state machine
[2122:ITSDigitizer]: [07:42:32][STATE] RESETTING DEVICE ---> IDLE
[2122:ITSDigitizer]: [07:42:32][STATE] IDLE ---> EXITING
[2122:ITSDigitizer]: [07:42:32][STATE] Exiting FairMQ state machine
[2124:ITSDigitWriter]: [07:42:36][STATE] RUNNING ---> READY
[2124:ITSDigitWriter]: [07:42:36][STATE] READY ---> RESETTING TASK
[2124:ITSDigitWriter]: [07:42:36][STATE] RESETTING TASK ---> DEVICE READY
[2124:ITSDigitWriter]: [07:42:36][STATE] DEVICE READY ---> RESETTING DEVICE
[2124:ITSDigitWriter]: Cleaning up for shared memory id '9a79b5e0'...
[2124:ITSDigitWriter]: No region counter found. No regions to cleanup.
[2124:ITSDigitWriter]: Successfully removed 'fmq_9a79b5e0_m_0'.
[2124:ITSDigitWriter]: Successfully removed 'fmq_9a79b5e0_mng'.
[2124:ITSDigitWriter]: Successfully removed 'fmq_9a79b5e0_mtx'.
[2124:ITSDigitWriter]: Successfully removed 'fmq_9a79b5e0_cv'.
[2124:ITSDigitWriter]: [07:42:36][STATE] RESETTING DEVICE ---> IDLE
[2124:ITSDigitWriter]: [07:42:36][STATE] IDLE ---> EXITING
[2124:ITSDigitWriter]: [07:42:36][STATE] Exiting FairMQ state machine
[INFO] Dumping used configuration in dpl-config.json

==============================================================================================
3. Tracking
[INFO] Initialising O2 Data Processing Layer
[INFO] O2 Data Processing Layer initialised. We brake for nobody.
[INFO] Optimised build. O2DEBUG / LOG(DEBUG) / LOGF(DEBUG) / assert statement will not be shown.
[INFO] Redeployment of configuration asked.
[INFO] Starting internal-dpl-clock on pid 3203
[INFO] Starting its-digit-reader on pid 3204
[INFO] Starting its-clusterer on pid 3205
[INFO] Starting its-cluster-writer on pid 3206
[INFO] Starting its-tracker on pid 3207
[INFO] Starting its-track-writer on pid 3208
[INFO] Redeployment of configuration done.
[3204:its-digit-reader]: [INFO] Spawing new device its-digit-reader in process with pid 3204
[3206:its-cluster-writer]: [INFO] Spawing new device its-cluster-writer in process with pid 3206
[3204:its-digit-reader]: [07:45:49][INFO] 
[3204:its-digit-reader]:       ______      _    _______  _________ 
[3204:its-digit-reader]:      / ____/___ _(_)_______   |/  /_  __ \    version 1.4.29
[3204:its-digit-reader]:     / /_  / __ `/ / ___/__  /|_/ /_  / / /    build RELWITHDEBINFO
[3204:its-digit-reader]:    / __/ / /_/ / / /    _  /  / / / /_/ /     https://github.com/FairRootGroup/FairMQ
[3204:its-digit-reader]:   /_/    \__,_/_/_/     /_/  /_/  \___\_\     LGPL-3.0  © 2012-2020 GSI
[3204:its-digit-reader]: 
[3204:its-digit-reader]: [07:45:49][STATE] Starting FairMQ state machine --> IDLE
[3206:its-cluster-writer]: [07:45:49][INFO] 
[3206:its-cluster-writer]:       ______      _    _______  _________ 
[3206:its-cluster-writer]:      / ____/___ _(_)_______   |/  /_  __ \    version 1.4.29
[3206:its-cluster-writer]:     / /_  / __ `/ / ___/__  /|_/ /_  / / /    build RELWITHDEBINFO
[3206:its-cluster-writer]:    / __/ / /_/ / / /    _  /  / / / /_/ /     https://github.com/FairRootGroup/FairMQ
[3206:its-cluster-writer]:   /_/    \__,_/_/_/     /_/  /_/  \___\_\     LGPL-3.0  © 2012-2020 GSI
[3206:its-cluster-writer]: 
[3206:its-cluster-writer]: [07:45:49][STATE] Starting FairMQ state machine --> IDLE
[3204:its-digit-reader]: 2021-05-20 07:45:49	Monitoring	[0;49mStdOut backend initialized[0m
[3206:its-cluster-writer]: 2021-05-20 07:45:49	Monitoring	[0;49mStdOut backend initialized[0m
[3203:internal-dpl-clock]: [INFO] Spawing new device internal-dpl-clock in process with pid 3203
[3203:internal-dpl-clock]: [07:45:49][INFO] 
[3203:internal-dpl-clock]:       ______      _    _______  _________ 
[3203:internal-dpl-clock]:      / ____/___ _(_)_______   |/  /_  __ \    version 1.4.29
[3203:internal-dpl-clock]:     / /_  / __ `/ / ___/__  /|_/ /_  / / /    build RELWITHDEBINFO
[3203:internal-dpl-clock]:    / __/ / /_/ / / /    _  /  / / / /_/ /     https://github.com/FairRootGroup/FairMQ
[3203:internal-dpl-clock]:   /_/    \__,_/_/_/     /_/  /_/  \___\_\     LGPL-3.0  © 2012-2020 GSI
[3203:internal-dpl-clock]: 
[3203:internal-dpl-clock]: [07:45:49][STATE] Starting FairMQ state machine --> IDLE
[3203:internal-dpl-clock]: 2021-05-20 07:45:49	Monitoring	[0;49mStdOut backend initialized[0m
[3203:internal-dpl-clock]: [07:45:49][STATE] IDLE ---> INITIALIZING DEVICE
[3203:internal-dpl-clock]: 2021-05-20 07:45:49	Monitoring	[0;49mBuffering enabled (100)[0m
[3203:internal-dpl-clock]: [07:45:49][STATE] INITIALIZING DEVICE ---> INITIALIZED
[3203:internal-dpl-clock]: [07:45:49][STATE] INITIALIZED ---> BINDING
[3203:internal-dpl-clock]: [07:45:49][STATE] BINDING ---> BOUND
[3203:internal-dpl-clock]: [07:45:49][STATE] BOUND ---> CONNECTING
[3203:internal-dpl-clock]: [07:45:49][STATE] CONNECTING ---> DEVICE READY
[3203:internal-dpl-clock]: [07:45:49][STATE] DEVICE READY ---> INITIALIZING TASK
[3203:internal-dpl-clock]: [07:45:49][STATE] INITIALIZING TASK ---> READY
[3203:internal-dpl-clock]: [07:45:49][STATE] READY ---> RUNNING
[3203:internal-dpl-clock]: [07:45:49][INFO] DEVICE: Running...
[3204:its-digit-reader]: [07:45:49][STATE] IDLE ---> INITIALIZING DEVICE
[3204:its-digit-reader]: 2021-05-20 07:45:49	Monitoring	[0;49mBuffering enabled (100)[0m
[3205:its-clusterer]: [INFO] Spawing new device its-clusterer in process with pid 3205
[3206:its-cluster-writer]: [07:45:49][STATE] IDLE ---> INITIALIZING DEVICE
[3205:its-clusterer]: [07:45:49][INFO] 
[3205:its-clusterer]:       ______      _    _______  _________ 
[3205:its-clusterer]:      / ____/___ _(_)_______   |/  /_  __ \    version 1.4.29
[3205:its-clusterer]:     / /_  / __ `/ / ___/__  /|_/ /_  / / /    build RELWITHDEBINFO
[3205:its-clusterer]:    / __/ / /_/ / / /    _  /  / / / /_/ /     https://github.com/FairRootGroup/FairMQ
[3205:its-clusterer]:   /_/    \__,_/_/_/     /_/  /_/  \___\_\     LGPL-3.0  © 2012-2020 GSI
[3205:its-clusterer]: 
[3205:its-clusterer]: [07:45:49][STATE] Starting FairMQ state machine --> IDLE
[3205:its-clusterer]: 2021-05-20 07:45:49	Monitoring	[0;49mStdOut backend initialized[0m
[3205:its-clusterer]: [07:45:49][STATE] IDLE ---> INITIALIZING DEVICE
[3207:its-tracker]: [INFO] Spawing new device its-tracker in process with pid 3207
[3208:its-track-writer]: [INFO] Spawing new device its-track-writer in process with pid 3208
[3205:its-clusterer]: 2021-05-20 07:45:49	Monitoring	[0;49mBuffering enabled (100)[0m
[3207:its-tracker]: [07:45:49][INFO] 
[3207:its-tracker]:       ______      _    _______  _________ 
[3207:its-tracker]:      / ____/___ _(_)_______   |/  /_  __ \    version 1.4.29
[3207:its-tracker]:     / /_  / __ `/ / ___/__  /|_/ /_  / / /    build RELWITHDEBINFO
[3207:its-tracker]:    / __/ / /_/ / / /    _  /  / / / /_/ /     https://github.com/FairRootGroup/FairMQ
[3207:its-tracker]:   /_/    \__,_/_/_/     /_/  /_/  \___\_\     LGPL-3.0  © 2012-2020 GSI
[3207:its-tracker]: 
[3207:its-tracker]: [07:45:49][STATE] Starting FairMQ state machine --> IDLE
[3207:its-tracker]: 2021-05-20 07:45:49	Monitoring	[0;49mStdOut backend initialized[0m
[3207:its-tracker]: [07:45:49][STATE] IDLE ---> INITIALIZING DEVICE
[3207:its-tracker]: 2021-05-20 07:45:49	Monitoring	[0;49mBuffering enabled (100)[0m
[3207:its-tracker]: [07:45:49][INFO] Created GPUReconstruction instance for device type CPU (1) 
[3208:its-track-writer]: [07:45:49][INFO] 
[3208:its-track-writer]:       ______      _    _______  _________ 
[3208:its-track-writer]:      / ____/___ _(_)_______   |/  /_  __ \    version 1.4.29
[3208:its-track-writer]:     / /_  / __ `/ / ___/__  /|_/ /_  / / /    build RELWITHDEBINFO
[3208:its-track-writer]:    / __/ / /_/ / / /    _  /  / / / /_/ /     https://github.com/FairRootGroup/FairMQ
[3208:its-track-writer]:   /_/    \__,_/_/_/     /_/  /_/  \___\_\     LGPL-3.0  © 2012-2020 GSI
[3208:its-track-writer]: 
[3208:its-track-writer]: [07:45:49][STATE] Starting FairMQ state machine --> IDLE
[3208:its-track-writer]: 2021-05-20 07:45:49	Monitoring	[0;49mStdOut backend initialized[0m
[3208:its-track-writer]: [07:45:49][STATE] IDLE ---> INITIALIZING DEVICE
[3205:its-clusterer]: [07:45:49][INFO] Dictionary ITSdictionary.bin is absent, ITSClusterer expects cluster patterns
[3205:its-clusterer]: [07:45:49][INFO] Clusterizer masks overflow pixels separated by < 406 BC and <= 0 in row/col
[3205:its-clusterer]: [07:45:49][INFO] Inclusive clusterization timing (w/o disk IO): Cpu: 0 Real: 0 s in 1 slots
[3205:its-clusterer]: [07:45:49][INFO] Threads output merging timing                : Cpu: 0 Real: 0 s in 1 slots
[3205:its-clusterer]: [07:45:49][STATE] INITIALIZING DEVICE ---> INITIALIZED
[3205:its-clusterer]: [07:45:49][STATE] INITIALIZED ---> BINDING
[3205:its-clusterer]: [07:45:49][STATE] BINDING ---> BOUND
[3205:its-clusterer]: [07:45:49][STATE] BOUND ---> CONNECTING
[3205:its-clusterer]: [07:45:49][STATE] CONNECTING ---> DEVICE READY
[3205:its-clusterer]: [07:45:49][STATE] DEVICE READY ---> INITIALIZING TASK
[3205:its-clusterer]: [07:45:49][STATE] INITIALIZING TASK ---> READY
[3205:its-clusterer]: [07:45:49][STATE] READY ---> RUNNING
[3205:its-clusterer]: [07:45:49][INFO] DEVICE: Running...
[3206:its-cluster-writer]: 2021-05-20 07:45:49	Monitoring	[0;49mBuffering enabled (100)[0m
[3206:its-cluster-writer]: [07:45:49][INFO] 0: branch  ITSClusterComp set up
[3206:its-cluster-writer]: [07:45:49][INFO] 1: branch  ITSClusterPatt set up
[3206:its-cluster-writer]: [07:45:49][INFO] 2: branch  ITSClustersROF set up
[3206:its-cluster-writer]: [07:45:49][INFO] 3: branch  ITSClusterMCTruth set up
[3206:its-cluster-writer]: [07:45:49][INFO] 4: branch  ITSClustersMC2ROF set up
[3206:its-cluster-writer]: [07:45:49][STATE] INITIALIZING DEVICE ---> INITIALIZED
[3206:its-cluster-writer]: [07:45:49][STATE] INITIALIZED ---> BINDING
[3206:its-cluster-writer]: [07:45:49][STATE] BINDING ---> BOUND
[3206:its-cluster-writer]: [07:45:49][STATE] BOUND ---> CONNECTING
[3206:its-cluster-writer]: [07:45:49][STATE] CONNECTING ---> DEVICE READY
[3206:its-cluster-writer]: [07:45:49][STATE] DEVICE READY ---> INITIALIZING TASK
[3206:its-cluster-writer]: [07:45:49][STATE] INITIALIZING TASK ---> READY
[3206:its-cluster-writer]: [07:45:49][STATE] READY ---> RUNNING
[3206:its-cluster-writer]: [07:45:49][INFO] DEVICE: Running...
[3204:its-digit-reader]: [07:45:49][STATE] INITIALIZING DEVICE ---> INITIALIZED
[3204:its-digit-reader]: [07:45:49][STATE] INITIALIZED ---> BINDING
[3204:its-digit-reader]: [07:45:49][STATE] BINDING ---> BOUND
[3204:its-digit-reader]: [07:45:49][STATE] BOUND ---> CONNECTING
[3204:its-digit-reader]: [07:45:49][STATE] CONNECTING ---> DEVICE READY
[3204:its-digit-reader]: [07:45:49][STATE] DEVICE READY ---> INITIALIZING TASK
[3204:its-digit-reader]: [07:45:49][STATE] INITIALIZING TASK ---> READY
[3204:its-digit-reader]: [07:45:49][STATE] READY ---> RUNNING
[3204:its-digit-reader]: [07:45:49][INFO] DEVICE: Running...
[3208:its-track-writer]: 2021-05-20 07:45:49	Monitoring	[0;49mBuffering enabled (100)[0m
[3208:its-track-writer]: [07:45:49][INFO] 0: branch  ITSTrack set up
[3208:its-track-writer]: [07:45:49][INFO] 1: branch  ITSTrackClusIdx set up
[3208:its-track-writer]: [07:45:49][INFO] 2: branch  Vertices set up
[3208:its-track-writer]: [07:45:49][INFO] 3: branch  VerticesROF set up
[3208:its-track-writer]: [07:45:49][INFO] 4: branch  ITSTracksROF set up
[3208:its-track-writer]: [07:45:49][INFO] 5: branch  ITSTrackMCTruth set up
[3208:its-track-writer]: [07:45:49][INFO] 6: branch  ITSTracksMC2ROF set up
[3208:its-track-writer]: [07:45:49][STATE] INITIALIZING DEVICE ---> INITIALIZED
[3208:its-track-writer]: [07:45:49][STATE] INITIALIZED ---> BINDING
[3208:its-track-writer]: [07:45:49][STATE] BINDING ---> BOUND
[3208:its-track-writer]: [07:45:49][STATE] BOUND ---> CONNECTING
[3208:its-track-writer]: [07:45:49][STATE] CONNECTING ---> DEVICE READY
[3208:its-track-writer]: [07:45:49][STATE] DEVICE READY ---> INITIALIZING TASK
[3208:its-track-writer]: [07:45:49][STATE] INITIALIZING TASK ---> READY
[3208:its-track-writer]: [07:45:49][STATE] READY ---> RUNNING
[3208:its-track-writer]: [07:45:49][INFO] DEVICE: Running...
[3207:its-tracker]: [07:45:50][INFO] MagneticField::Print: MagneticFieldMap:
[3207:its-tracker]: [07:45:50][INFO] MagneticField::Print: Solenoid (-1*)5 kG, Dipole ON (-1) 
[3207:its-tracker]: [07:45:50][INFO] MagneticField::Print: Machine B fields for p-p  beam (7000 GeV): QGrad: 22.0002 Dipole: 37.8781
[3207:its-tracker]: [07:45:50][INFO] MagneticField::Print: Uses Sol30_Dip6_Hole  of /cvmfs/alice.cern.ch/el7-x86_64/Packages/O2/nightly-20210129-1/share/Common/maps/mfchebKGI_sym.root
[3207:its-tracker]: Info in <TGeoGlobalMagField::SetField>: Global magnetic field set to <MagneticFieldMap>
[3207:its-tracker]: Info in <TGeoGlobalMagField::Lock>: Global magnetic field <MagneticFieldMap> is now locked
[3207:its-tracker]: [07:45:50][INFO] Loading geometry FAIRGeom from o2sim_geometry.root
[3207:its-tracker]: Info in <TGeoManager::CloseGeometry>: Geometry loaded from file...
[3207:its-tracker]: Info in <TGeoManager::SetTopVolume>: Top volume is cave. Master volume is cave
[3207:its-tracker]: Info in <TGeoNavigator::BuildCache>: --- Maximum geometry depth set to 100
[3207:its-tracker]: Info in <TGeoManager::CloseGeometry>: Voxelization retrieved from file
[3207:its-tracker]: Info in <TGeoManager::CountLevels>: max level = 9, max placements = 126
[3207:its-tracker]: Info in <TGeoManager::CloseGeometry>: 179840 nodes/ 399 volume UID's in FAIR geometry
[3207:its-tracker]: Info in <TGeoManager::CloseGeometry>: ----------------modeler ready----------------
[3207:its-tracker]: [07:45:51][INFO] Loading ITS T2L matrices from TGeo
[3207:its-tracker]: [07:45:51][WARN] It is faster to use 2D rotation for T2G instead of full Transform3D matrices
[3207:its-tracker]: [07:45:51][INFO] Loading ITS T2G matrices from TGeo
[3204:its-digit-reader]: [07:45:51][INFO] ITSDigitReader pushed 2677145 digits, in 58 RO frames
[3205:its-clusterer]: [07:45:51][INFO] ITSClusterer pulled 2677145 digits, in 58 RO frames
[3205:its-clusterer]: [07:45:51][INFO] ITSClusterer pulled 2691492 labels 
[3207:its-tracker]: [07:45:52][INFO] Loading ITS T2G rotation 2D matrices
[3207:its-tracker]: [07:45:52][INFO] Initializing tracker in sync. phase reconstruction with 1 passes
[3207:its-tracker]: [07:45:52][INFO] Not using lookup table for material budget approximation
[3207:its-tracker]: [07:45:52][INFO] Dictionary ITSdictionary.bin is absent, Tracker expects cluster patterns
[3207:its-tracker]: [07:45:52][STATE] INITIALIZING DEVICE ---> INITIALIZED
[3207:its-tracker]: [07:45:52][STATE] INITIALIZED ---> BINDING
[3207:its-tracker]: [07:45:52][STATE] BINDING ---> BOUND
[3207:its-tracker]: [07:45:52][STATE] BOUND ---> CONNECTING
[3207:its-tracker]: [07:45:52][STATE] CONNECTING ---> DEVICE READY
[3207:its-tracker]: [07:45:52][STATE] DEVICE READY ---> INITIALIZING TASK
[3207:its-tracker]: [07:45:52][STATE] INITIALIZING TASK ---> READY
[3207:its-tracker]: [07:45:52][STATE] READY ---> RUNNING
[3207:its-tracker]: [07:45:52][INFO] DEVICE: Running...
[3205:its-clusterer]: [07:45:52][INFO] ITSClusterer pushed 477236 clusters, in 58 RO frames
[3206:its-cluster-writer]: [07:45:52][INFO] ITSClusterWriter pulled 477236 clusters, in 58 RO frames
[3207:its-tracker]: [07:45:52][INFO] ITSTracker pulled 477236 clusters, 58 RO frames
[3207:its-tracker]: [07:45:52][INFO] 477236 MC label objects , in 20 MC events
[3207:its-tracker]: [07:45:52][INFO] ITSTracker RO: continuous=1
[3207:its-tracker]: [07:45:52][INFO] Loading ITS L2G matrices from TGeo
[3207:its-tracker]: [07:45:53][INFO] ROframe: 0, clusters loaded : 1283
[3207:its-tracker]:  - Vertexer initialisation completed in: 0.267607 ms
[3207:its-tracker]:  - Tracklet finding completed in: 0.008459 ms
[3207:its-tracker]:  - Adjacent tracklets validation completed in: 0.003615 ms
[3207:its-tracker]:  - Vertex finding completed in: 0.008184 ms
[3207:its-tracker]: [07:45:53][INFO] Found tracks: 0
[3207:its-tracker]: [07:45:53][INFO] ROframe: 1, clusters loaded : 1267
[3207:its-tracker]:  - Vertexer initialisation completed in: 0.299437 ms
[3207:its-tracker]:  - Tracklet finding completed in: 0.030617 ms
[3207:its-tracker]:  - Adjacent tracklets validation completed in: 0.00028 ms
[3207:its-tracker]:  - Vertex finding completed in: 0.000539 ms
[3207:its-tracker]: [07:45:53][INFO] Found tracks: 0
[3207:its-tracker]: [07:45:53][INFO] ROframe: 2, clusters loaded : 1323
[3207:its-tracker]:  - Vertexer initialisation completed in: 0.218107 ms
[3207:its-tracker]:  - Tracklet finding completed in: 0.001106 ms
[3207:its-tracker]:  - Adjacent tracklets validation completed in: 0.000358 ms
[3207:its-tracker]:  - Vertex finding completed in: 0.00035 ms
[3207:its-tracker]: [07:45:53][INFO] Found tracks: 0
[3207:its-tracker]: [07:45:53][INFO] ROframe: 3, clusters loaded : 1229
[3207:its-tracker]:  - Vertexer initialisation completed in: 0.237296 ms
[3207:its-tracker]:  - Tracklet finding completed in: 0.000896 ms
[3207:its-tracker]:  - Adjacent tracklets validation completed in: 0.000304 ms
[3207:its-tracker]:  - Vertex finding completed in: 0.000216 ms
[3207:its-tracker]: [07:45:53][INFO] Found tracks: 0
[3207:its-tracker]: [07:45:53][INFO] ROframe: 4, clusters loaded : 1245
[3207:its-tracker]:  - Vertexer initialisation completed in: 0.227108 ms
[3207:its-tracker]:  - Tracklet finding completed in: 0.00101 ms
[3207:its-tracker]:  - Adjacent tracklets validation completed in: 0.000366 ms
[3207:its-tracker]:  - Vertex finding completed in: 0.000323 ms
[3207:its-tracker]: [07:45:53][INFO] Found tracks: 0
[3207:its-tracker]: [07:45:53][INFO] ROframe: 5, clusters loaded : 1248
[3207:its-tracker]:  - Vertexer initialisation completed in: 0.223866 ms
[3207:its-tracker]:  - Tracklet finding completed in: 0.001049 ms
[3207:its-tracker]:  - Adjacent tracklets validation completed in: 0.000389 ms
[3207:its-tracker]:  - Vertex finding completed in: 0.000428 ms
[3207:its-tracker]: [07:45:53][INFO] Found tracks: 0
[3207:its-tracker]: [07:45:53][INFO] ROframe: 6, clusters loaded : 1259
[3207:its-tracker]:  - Vertexer initialisation completed in: 0.21465 ms
[3207:its-tracker]:  - Tracklet finding completed in: 0.001362 ms
[3207:its-tracker]:  - Adjacent tracklets validation completed in: 0.000322 ms
[3207:its-tracker]:  - Vertex finding completed in: 0.000381 ms
[3207:its-tracker]: [07:45:53][INFO] Found tracks: 0
[3207:its-tracker]: [07:45:53][INFO] ROframe: 7, clusters loaded : 1258
[3207:its-tracker]:  - Vertexer initialisation completed in: 0.19044 ms
[3207:its-tracker]:  - Tracklet finding completed in: 0.001191 ms
[3207:its-tracker]:  - Adjacent tracklets validation completed in: 0.000283 ms
[3207:its-tracker]:  - Vertex finding completed in: 0.000258 ms
[3207:its-tracker]: [07:45:53][INFO] Found tracks: 0
[3207:its-tracker]: [07:45:53][INFO] ROframe: 8, clusters loaded : 1247
[3207:its-tracker]:  - Vertexer initialisation completed in: 0.199809 ms
[3207:its-tracker]:  - Tracklet finding completed in: 0.003203 ms
[3207:its-tracker]:  - Adjacent tracklets validation completed in: 0.000381 ms
[3207:its-tracker]:  - Vertex finding completed in: 0.000304 ms
[3207:its-tracker]: [07:45:53][INFO] Found tracks: 0
[3207:its-tracker]: [07:45:53][INFO] ROframe: 9, clusters loaded : 22903
[3207:its-tracker]:  - Vertexer initialisation completed in: 1.5137 ms
[3207:its-tracker]:  - Tracklet finding completed in: 4.11767 ms
[3207:its-tracker]:  - Adjacent tracklets validation completed in: 0.712631 ms
[3207:its-tracker]:  - Vertex finding completed in: 0.21096 ms
[3207:its-tracker]: 		Found vertex with:   1110 contributors
[3207:its-tracker]:  - Context initialisation completed in: 3.3828 ms
[3207:its-tracker]:  - Tracklet finding completed in: 9.72837 ms
[3207:its-tracker]:  - Cell finding completed in: 4.63151 ms
[3207:its-tracker]:  - Neighbour finding completed in: 0.878958 ms
[3207:its-tracker]:  - Road finding completed in: 0.482319 ms
[3207:its-tracker]:  - Track finding completed in: 16.4005 ms
[3207:its-tracker]:  - Vertex processing completed in: 35.5044ms
[3207:its-tracker]:  - Context initialisation completed in: 0.283654 ms
[3207:its-tracker]:  - Tracklet finding completed in: 6.04387 ms
[3207:its-tracker]:  - Cell finding completed in: 1.66401 ms
[3207:its-tracker]:  - Neighbour finding completed in: 0.202773 ms
[3207:its-tracker]:  - Road finding completed in: 0.0018 ms
[3207:its-tracker]:  - Track finding completed in: 0.000522 ms
[3207:its-tracker]:  - Vertex processing completed in: 8.19663ms
[3207:its-tracker]: [07:45:53][INFO] Found tracks: 961
[3207:its-tracker]: [07:45:53][INFO] ROframe: 10, clusters loaded : 1261
[3207:its-tracker]:  - Vertexer initialisation completed in: 0.206772 ms
[3207:its-tracker]:  - Tracklet finding completed in: 0.002436 ms
[3207:its-tracker]:  - Adjacent tracklets validation completed in: 0.000597 ms
[3207:its-tracker]:  - Vertex finding completed in: 0.001049 ms
[3207:its-tracker]: [07:45:53][INFO] Found tracks: 0
[3207:its-tracker]: [07:45:53][INFO] ROframe: 11, clusters loaded : 8118
[3207:its-tracker]:  - Vertexer initialisation completed in: 0.573454 ms
[3207:its-tracker]:  - Tracklet finding completed in: 0.485101 ms
[3207:its-tracker]:  - Adjacent tracklets validation completed in: 0.086239 ms
[3207:its-tracker]:  - Vertex finding completed in: 0.054423 ms
[3207:its-tracker]: 		Found vertex with:    342 contributors
[3207:its-tracker]:  - Context initialisation completed in: 1.64407 ms
[3207:its-tracker]:  - Tracklet finding completed in: 2.00709 ms
[3207:its-tracker]:  - Cell finding completed in: 0.70929 ms
[3207:its-tracker]:  - Neighbour finding completed in: 0.194793 ms
[3207:its-tracker]:  - Road finding completed in: 0.05068 ms
[3207:its-tracker]:  - Track finding completed in: 4.06214 ms
[3207:its-tracker]:  - Vertex processing completed in: 8.66805ms
[3207:its-tracker]:  - Context initialisation completed in: 0.085864 ms
[3207:its-tracker]:  - Tracklet finding completed in: 1.41594 ms
[3207:its-tracker]:  - Cell finding completed in: 0.219794 ms
[3207:its-tracker]:  - Neighbour finding completed in: 0.056416 ms
[3207:its-tracker]:  - Road finding completed in: 0.000756 ms
[3207:its-tracker]:  - Track finding completed in: 0.000257 ms
[3207:its-tracker]:  - Vertex processing completed in: 1.77902ms
[3207:its-tracker]: [07:45:53][INFO] Found tracks: 309
[3207:its-tracker]: [07:45:53][INFO] ROframe: 12, clusters loaded : 1370
[3207:its-tracker]:  - Vertexer initialisation completed in: 0.228765 ms
[3207:its-tracker]:  - Tracklet finding completed in: 0.002424 ms
[3207:its-tracker]:  - Adjacent tracklets validation completed in: 0.000554 ms
[3207:its-tracker]:  - Vertex finding completed in: 0.001221 ms
[3207:its-tracker]: [07:45:53][INFO] Found tracks: 0
[3207:its-tracker]: [07:45:53][INFO] ROframe: 13, clusters loaded : 1309
[3207:its-tracker]:  - Vertexer initialisation completed in: 0.182712 ms
[3207:its-tracker]:  - Tracklet finding completed in: 0.001502 ms
[3207:its-tracker]:  - Adjacent tracklets validation completed in: 0.000362 ms
[3207:its-tracker]:  - Vertex finding completed in: 0.000502 ms
[3207:its-tracker]: [07:45:53][INFO] Found tracks: 0
[3207:its-tracker]: [07:45:53][INFO] ROframe: 14, clusters loaded : 10312
[3207:its-tracker]:  - Vertexer initialisation completed in: 0.650034 ms
[3207:its-tracker]:  - Tracklet finding completed in: 0.752277 ms
[3207:its-tracker]:  - Adjacent tracklets validation completed in: 0.1239 ms
[3207:its-tracker]:  - Vertex finding completed in: 0.069115 ms
[3207:its-tracker]: 		Found vertex with:    466 contributors
[3207:its-tracker]:  - Context initialisation completed in: 1.63758 ms
[3207:its-tracker]:  - Tracklet finding completed in: 2.89127 ms
[3207:its-tracker]:  - Cell finding completed in: 0.870044 ms
[3207:its-tracker]:  - Neighbour finding completed in: 0.297484 ms
[3207:its-tracker]:  - Road finding completed in: 0.121599 ms
[3207:its-tracker]:  - Track finding completed in: 5.16126 ms
[3207:its-tracker]:  - Vertex processing completed in: 10.9792ms
[3207:its-tracker]:  - Context initialisation completed in: 0.099155 ms
[3207:its-tracker]:  - Tracklet finding completed in: 2.00521 ms
[3207:its-tracker]:  - Cell finding completed in: 0.386836 ms
[3207:its-tracker]:  - Neighbour finding completed in: 0.076641 ms
[3207:its-tracker]:  - Road finding completed in: 0.0007 ms
[3207:its-tracker]:  - Track finding completed in: 0.000386 ms
[3207:its-tracker]:  - Vertex processing completed in: 2.56893ms
[3207:its-tracker]: [07:45:53][INFO] Found tracks: 389
[3207:its-tracker]: [07:45:53][INFO] ROframe: 15, clusters loaded : 1264
[3207:its-tracker]:  - Vertexer initialisation completed in: 0.251205 ms
[3207:its-tracker]:  - Tracklet finding completed in: 0.002892 ms
[3207:its-tracker]:  - Adjacent tracklets validation completed in: 0.000824 ms
[3207:its-tracker]:  - Vertex finding completed in: 0.001102 ms
[3207:its-tracker]: [07:45:53][INFO] Found tracks: 0
[3207:its-tracker]: [07:45:53][INFO] ROframe: 16, clusters loaded : 1264
[3207:its-tracker]:  - Vertexer initialisation completed in: 0.240244 ms
[3207:its-tracker]:  - Tracklet finding completed in: 0.001883 ms
[3207:its-tracker]:  - Adjacent tracklets validation completed in: 0.000333 ms
[3207:its-tracker]:  - Vertex finding completed in: 0.000693 ms
[3207:its-tracker]: [07:45:53][INFO] Found tracks: 0
[3207:its-tracker]: [07:45:53][INFO] ROframe: 17, clusters loaded : 1272
[3207:its-tracker]:  - Vertexer initialisation completed in: 0.198139 ms
[3207:its-tracker]:  - Tracklet finding completed in: 0.001364 ms
[3207:its-tracker]:  - Adjacent tracklets validation completed in: 0.000273 ms
[3207:its-tracker]:  - Vertex finding completed in: 0.000777 ms
[3207:its-tracker]: [07:45:53][INFO] Found tracks: 0
[3207:its-tracker]: [07:45:53][INFO] ROframe: 18, clusters loaded : 63875
[3207:its-tracker]:  - Vertexer initialisation completed in: 4.40384 ms
[3207:its-tracker]:  - Tracklet finding completed in: 34.826 ms
[3207:its-tracker]:  - Adjacent tracklets validation completed in: 22.2881 ms
[3207:its-tracker]:  - Vertex finding completed in: 0.837079 ms
[3207:its-tracker]: 		Found vertex with:   3371 contributors
[3207:its-tracker]:  - Context initialisation completed in: 4.22591 ms
[3207:its-tracker]:  - Tracklet finding completed in: 48.5153 ms
[3207:its-tracker]:  - Cell finding completed in: 34.1436 ms
[3207:its-tracker]:  - Neighbour finding completed in: 3.2587 ms
[3207:its-tracker]:  - Road finding completed in: 1.71903 ms
[3207:its-tracker]:  - Track finding completed in: 47.546 ms
[3207:its-tracker]:  - Vertex processing completed in: 139.408ms
[3207:its-tracker]:  - Context initialisation completed in: 1.14393 ms
[3207:its-tracker]:  - Tracklet finding completed in: 30.3349 ms
[3207:its-tracker]:  - Cell finding completed in: 11.1468 ms
[3207:its-tracker]:  - Neighbour finding completed in: 0.754951 ms
[3207:its-tracker]:  - Road finding completed in: 0.005126 ms
[3207:its-tracker]:  - Track finding completed in: 0.000548 ms
[3207:its-tracker]:  - Vertex processing completed in: 43.3862ms
[3207:its-tracker]: [07:45:53][INFO] Found tracks: 2832
[3207:its-tracker]: [07:45:53][INFO] ROframe: 19, clusters loaded : 26163
[3207:its-tracker]:  - Vertexer initialisation completed in: 1.44701 ms
[3207:its-tracker]:  - Tracklet finding completed in: 3.55207 ms
[3207:its-tracker]:  - Adjacent tracklets validation completed in: 0.825272 ms
[3207:its-tracker]:  - Vertex finding completed in: 0.189144 ms
[3207:its-tracker]: 		Found vertex with:   1207 contributors
[3207:its-tracker]:  - Context initialisation completed in: 2.48575 ms
[3207:its-tracker]:  - Tracklet finding completed in: 11.2723 ms
[3207:its-tracker]:  - Cell finding completed in: 5.28713 ms
[3207:its-tracker]:  - Neighbour finding completed in: 0.835756 ms
[3207:its-tracker]:  - Road finding completed in: 0.292169 ms
[3207:its-tracker]:  - Track finding completed in: 16.7919 ms
[3207:its-tracker]:  - Vertex processing completed in: 36.965ms
[3207:its-tracker]:  - Context initialisation completed in: 0.355083 ms
[3207:its-tracker]:  - Tracklet finding completed in: 7.29353 ms
[3207:its-tracker]:  - Cell finding completed in: 1.81972 ms
[3207:its-tracker]:  - Neighbour finding completed in: 0.227335 ms
[3207:its-tracker]:  - Road finding completed in: 0.002296 ms
[3207:its-tracker]:  - Track finding completed in: 0.000634 ms
[3207:its-tracker]:  - Vertex processing completed in: 9.6986ms
[3207:its-tracker]: [07:45:53][INFO] Found tracks: 1076
[3207:its-tracker]: [07:45:53][INFO] ROframe: 20, clusters loaded : 1293
[3207:its-tracker]:  - Vertexer initialisation completed in: 0.246311 ms
[3207:its-tracker]:  - Tracklet finding completed in: 0.002182 ms
[3207:its-tracker]:  - Adjacent tracklets validation completed in: 0.000563 ms
[3207:its-tracker]:  - Vertex finding completed in: 0.001086 ms
[3207:its-tracker]: [07:45:53][INFO] Found tracks: 0
[3207:its-tracker]: [07:45:53][INFO] ROframe: 21, clusters loaded : 1838
[3207:its-tracker]:  - Vertexer initialisation completed in: 0.217092 ms
[3207:its-tracker]:  - Tracklet finding completed in: 0.023046 ms
[3207:its-tracker]:  - Adjacent tracklets validation completed in: 0.004077 ms
[3207:its-tracker]:  - Vertex finding completed in: 0.01034 ms
[3207:its-tracker]: 		Found vertex with:     29 contributors
[3207:its-tracker]:  - Context initialisation completed in: 1.36755 ms
[3207:its-tracker]:  - Tracklet finding completed in: 0.32682 ms
[3207:its-tracker]:  - Cell finding completed in: 0.029905 ms
[3207:its-tracker]:  - Neighbour finding completed in: 0.020727 ms
[3207:its-tracker]:  - Road finding completed in: 0.007976 ms
[3207:its-tracker]:  - Track finding completed in: 0.440749 ms
[3207:its-tracker]:  - Vertex processing completed in: 2.19373ms
[3207:its-tracker]:  - Context initialisation completed in: 0.010413 ms
[3207:its-tracker]:  - Tracklet finding completed in: 0.218621 ms
[3207:its-tracker]:  - Cell finding completed in: 0.012941 ms
[3207:its-tracker]:  - Neighbour finding completed in: 0.006314 ms
[3207:its-tracker]:  - Road finding completed in: 0.000214 ms
[3207:its-tracker]:  - Track finding completed in: 0.000211 ms
[3207:its-tracker]:  - Vertex processing completed in: 0.248714ms
[3207:its-tracker]: [07:45:53][INFO] Found tracks: 28
[3207:its-tracker]: [07:45:53][INFO] ROframe: 22, clusters loaded : 1274
[3207:its-tracker]:  - Vertexer initialisation completed in: 0.199114 ms
[3207:its-tracker]:  - Tracklet finding completed in: 0.002372 ms
[3207:its-tracker]:  - Adjacent tracklets validation completed in: 0.000464 ms
[3207:its-tracker]:  - Vertex finding completed in: 0.000609 ms
[3207:its-tracker]: [07:45:53][INFO] Found tracks: 0
[3207:its-tracker]: [07:45:53][INFO] ROframe: 23, clusters loaded : 1437
[3207:its-tracker]:  - Vertexer initialisation completed in: 0.196652 ms
[3207:its-tracker]:  - Tracklet finding completed in: 0.008552 ms
[3207:its-tracker]:  - Adjacent tracklets validation completed in: 0.001914 ms
[3207:its-tracker]:  - Vertex finding completed in: 0.006991 ms
[3207:its-tracker]: 		Found vertex with:     10 contributors
[3207:its-tracker]:  - Context initialisation completed in: 1.27408 ms
[3207:its-tracker]:  - Tracklet finding completed in: 0.198548 ms
[3207:its-tracker]:  - Cell finding completed in: 0.01131 ms
[3207:its-tracker]:  - Neighbour finding completed in: 0.010242 ms
[3207:its-tracker]:  - Road finding completed in: 0.003633 ms
[3207:its-tracker]:  - Track finding completed in: 0.154078 ms
[3207:its-tracker]:  - Vertex processing completed in: 1.65189ms
[3207:its-tracker]:  - Context initialisation completed in: 0.005756 ms
[3207:its-tracker]:  - Tracklet finding completed in: 0.14532 ms
[3207:its-tracker]:  - Cell finding completed in: 0.005352 ms
[3207:its-tracker]:  - Neighbour finding completed in: 0.002976 ms
[3207:its-tracker]:  - Road finding completed in: 0.000169 ms
[3207:its-tracker]:  - Track finding completed in: 0.000241 ms
[3207:its-tracker]:  - Vertex processing completed in: 0.159814ms
[3207:its-tracker]: [07:45:53][INFO] Found tracks: 11
[3207:its-tracker]: [07:45:53][INFO] ROframe: 24, clusters loaded : 1197
[3207:its-tracker]:  - Vertexer initialisation completed in: 0.239325 ms
[3207:its-tracker]:  - Tracklet finding completed in: 0.002408 ms
[3207:its-tracker]:  - Adjacent tracklets validation completed in: 0.000373 ms
[3207:its-tracker]:  - Vertex finding completed in: 0.000577 ms
[3207:its-tracker]: [07:45:53][INFO] Found tracks: 0
[3207:its-tracker]: [07:45:53][INFO] ROframe: 25, clusters loaded : 1338
[3207:its-tracker]:  - Vertexer initialisation completed in: 0.263147 ms
[3207:its-tracker]:  - Tracklet finding completed in: 0.001026 ms
[3207:its-tracker]:  - Adjacent tracklets validation completed in: 0.000344 ms
[3207:its-tracker]:  - Vertex finding completed in: 0.000488 ms
[3207:its-tracker]: [07:45:53][INFO] Found tracks: 0
[3207:its-tracker]: [07:45:53][INFO] ROframe: 26, clusters loaded : 1307
[3207:its-tracker]:  - Vertexer initialisation completed in: 0.213432 ms
[3207:its-tracker]:  - Tracklet finding completed in: 0.001071 ms
[3207:its-tracker]:  - Adjacent tracklets validation completed in: 0.000291 ms
[3207:its-tracker]:  - Vertex finding completed in: 0.00042 ms
[3207:its-tracker]: [07:45:53][INFO] Found tracks: 0
[3207:its-tracker]: [07:45:53][INFO] ROframe: 27, clusters loaded : 1355
[3207:its-tracker]:  - Vertexer initialisation completed in: 0.241849 ms
[3207:its-tracker]:  - Tracklet finding completed in: 0.001604 ms
[3207:its-tracker]:  - Adjacent tracklets validation completed in: 0.000354 ms
[3207:its-tracker]:  - Vertex finding completed in: 0.000434 ms
[3207:its-tracker]: [07:45:53][INFO] Found tracks: 0
[3207:its-tracker]: [07:45:53][INFO] ROframe: 28, clusters loaded : 68613
[3207:its-tracker]:  - Vertexer initialisation completed in: 4.0695 ms
[3207:its-tracker]:  - Tracklet finding completed in: 24.1413 ms
[3207:its-tracker]:  - Adjacent tracklets validation completed in: 11.0667 ms
[3207:its-tracker]:  - Vertex finding completed in: 0.954583 ms
[3207:its-tracker]: 		Found vertex with:   2974 contributors
[3207:its-tracker]: 		Found vertex with:    256 contributors
[3207:its-tracker]:  - Context initialisation completed in: 4.64489 ms
[3207:its-tracker]:  - Tracklet finding completed in: 52.2222 ms
[3207:its-tracker]:  - Cell finding completed in: 40.4756 ms
[3207:its-tracker]:  - Neighbour finding completed in: 3.10221 ms
[3207:its-tracker]:  - Road finding completed in: 1.24596 ms
[3207:its-tracker]:  - Track finding completed in: 43.5091 ms
[3207:its-tracker]:  - Vertex processing completed in: 145.2ms
[3207:its-tracker]:  - Context initialisation completed in: 1.1918 ms
[3207:its-tracker]:  - Tracklet finding completed in: 34.5629 ms
[3207:its-tracker]:  - Cell finding completed in: 9.85748 ms
[3207:its-tracker]:  - Neighbour finding completed in: 0.324409 ms
[3207:its-tracker]:  - Road finding completed in: 0.048987 ms
[3207:its-tracker]:  - Track finding completed in: 4.33194 ms
[3207:its-tracker]:  - Vertex processing completed in: 50.3176ms
[3207:its-tracker]:  - Context initialisation completed in: 0.464413 ms
[3207:its-tracker]:  - Tracklet finding completed in: 30.9202 ms
[3207:its-tracker]:  - Cell finding completed in: 12.4817 ms
[3207:its-tracker]:  - Neighbour finding completed in: 0.759207 ms
[3207:its-tracker]:  - Road finding completed in: 0.00539 ms
[3207:its-tracker]:  - Track finding completed in: 0.000731 ms
[3207:its-tracker]:  - Vertex processing completed in: 44.6317ms
[3207:its-tracker]:  - Context initialisation completed in: 0.546296 ms
[3207:its-tracker]:  - Tracklet finding completed in: 32.1736 ms
[3207:its-tracker]:  - Cell finding completed in: 8.76622 ms
[3207:its-tracker]:  - Neighbour finding completed in: 0.180927 ms
[3207:its-tracker]:  - Road finding completed in: 0.001762 ms
[3207:its-tracker]:  - Track finding completed in: 0.000529 ms
[3207:its-tracker]:  - Vertex processing completed in: 41.6693ms
[3207:its-tracker]: [07:45:53][INFO] Found tracks: 2879
[3207:its-tracker]: [07:45:53][INFO] ROframe: 29, clusters loaded : 45008
[3207:its-tracker]:  - Vertexer initialisation completed in: 2.80444 ms
[3207:its-tracker]:  - Tracklet finding completed in: 11.8347 ms
[3207:its-tracker]:  - Adjacent tracklets validation completed in: 4.13687 ms
[3207:its-tracker]:  - Vertex finding completed in: 0.330408 ms
[3207:its-tracker]: 		Found vertex with:   1638 contributors
[3207:its-tracker]:  - Context initialisation completed in: 3.29726 ms
[3207:its-tracker]:  - Tracklet finding completed in: 24.5999 ms
[3207:its-tracker]:  - Cell finding completed in: 12.8748 ms
[3207:its-tracker]:  - Neighbour finding completed in: 1.33223 ms
[3207:its-tracker]:  - Road finding completed in: 0.441246 ms
[3207:its-tracker]:  - Track finding completed in: 22.0707 ms
[3207:its-tracker]:  - Vertex processing completed in: 64.6162ms
[3207:its-tracker]:  - Context initialisation completed in: 0.554739 ms
[3207:its-tracker]:  - Tracklet finding completed in: 17.7681 ms
[3207:its-tracker]:  - Cell finding completed in: 5.34532 ms
[3207:its-tracker]:  - Neighbour finding completed in: 0.328397 ms
[3207:its-tracker]:  - Road finding completed in: 0.002363 ms
[3207:its-tracker]:  - Track finding completed in: 0.000502 ms
[3207:its-tracker]:  - Vertex processing completed in: 23.9994ms
[3207:its-tracker]: [07:45:53][INFO] Found tracks: 1440
[3207:its-tracker]: [07:45:53][INFO] ROframe: 30, clusters loaded : 1448
[3207:its-tracker]:  - Vertexer initialisation completed in: 0.139078 ms
[3207:its-tracker]:  - Tracklet finding completed in: 0.002675 ms
[3207:its-tracker]:  - Adjacent tracklets validation completed in: 0.000482 ms
[3207:its-tracker]:  - Vertex finding completed in: 0.001443 ms
[3207:its-tracker]: [07:45:53][INFO] Found tracks: 0
[3207:its-tracker]: [07:45:53][INFO] ROframe: 31, clusters loaded : 1219
[3207:its-tracker]:  - Vertexer initialisation completed in: 0.115424 ms
[3207:its-tracker]:  - Tracklet finding completed in: 0.000527 ms
[3207:its-tracker]:  - Adjacent tracklets validation completed in: 0.000125 ms
[3207:its-tracker]:  - Vertex finding completed in: 0.000113 ms
[3207:its-tracker]: [07:45:53][INFO] Found tracks: 0
[3207:its-tracker]: [07:45:53][INFO] ROframe: 32, clusters loaded : 1249
[3207:its-tracker]:  - Vertexer initialisation completed in: 0.238592 ms
[3207:its-tracker]:  - Tracklet finding completed in: 0.001355 ms
[3207:its-tracker]:  - Adjacent tracklets validation completed in: 0.00036 ms
[3207:its-tracker]:  - Vertex finding completed in: 0.000635 ms
[3207:its-tracker]: [07:45:53][INFO] Found tracks: 0
[3207:its-tracker]: [07:45:53][INFO] ROframe: 33, clusters loaded : 1238
[3207:its-tracker]:  - Vertexer initialisation completed in: 0.197767 ms
[3207:its-tracker]:  - Tracklet finding completed in: 0.00161 ms
[3207:its-tracker]:  - Adjacent tracklets validation completed in: 0.000296 ms
[3207:its-tracker]:  - Vertex finding completed in: 0.000235 ms
[3207:its-tracker]: [07:45:53][INFO] Found tracks: 0
[3207:its-tracker]: [07:45:53][INFO] ROframe: 34, clusters loaded : 1203
[3207:its-tracker]:  - Vertexer initialisation completed in: 0.234193 ms
[3207:its-tracker]:  - Tracklet finding completed in: 0.001154 ms
[3207:its-tracker]:  - Adjacent tracklets validation completed in: 0.000271 ms
[3207:its-tracker]:  - Vertex finding completed in: 0.000289 ms
[3207:its-tracker]: [07:45:53][INFO] Found tracks: 0
[3207:its-tracker]: [07:45:53][INFO] ROframe: 35, clusters loaded : 1263
[3207:its-tracker]:  - Vertexer initialisation completed in: 0.215269 ms
[3207:its-tracker]:  - Tracklet finding completed in: 0.001756 ms
[3207:its-tracker]:  - Adjacent tracklets validation completed in: 0.000404 ms
[3207:its-tracker]:  - Vertex finding completed in: 0.000254 ms
[3207:its-tracker]: [07:45:53][INFO] Found tracks: 0
[3207:its-tracker]: [07:45:53][INFO] ROframe: 36, clusters loaded : 1313
[3207:its-tracker]:  - Vertexer initialisation completed in: 0.188342 ms
[3207:its-tracker]:  - Tracklet finding completed in: 0.00117 ms
[3207:its-tracker]:  - Adjacent tracklets validation completed in: 0.00033 ms
[3207:its-tracker]:  - Vertex finding completed in: 0.000343 ms
[3207:its-tracker]: [07:45:53][INFO] Found tracks: 0
[3207:its-tracker]: [07:45:53][INFO] ROframe: 37, clusters loaded : 1260
[3207:its-tracker]:  - Vertexer initialisation completed in: 0.274229 ms
[3207:its-tracker]:  - Tracklet finding completed in: 0.000854 ms
[3207:its-tracker]:  - Adjacent tracklets validation completed in: 0.000241 ms
[3207:its-tracker]:  - Vertex finding completed in: 0.000274 ms
[3207:its-tracker]: [07:45:53][INFO] Found tracks: 0
[3207:its-tracker]: [07:45:53][INFO] ROframe: 38, clusters loaded : 29084
[3207:its-tracker]:  - Vertexer initialisation completed in: 1.72567 ms
[3207:its-tracker]:  - Tracklet finding completed in: 5.04233 ms
[3207:its-tracker]:  - Adjacent tracklets validation completed in: 1.31084 ms
[3207:its-tracker]:  - Vertex finding completed in: 0.390869 ms
[3207:its-tracker]: 		Found vertex with:   1419 contributors
[3207:its-tracker]:  - Context initialisation completed in: 2.50222 ms
[3207:its-tracker]:  - Tracklet finding completed in: 13.2896 ms
[3207:its-tracker]:  - Cell finding completed in: 6.48539 ms
[3207:its-tracker]:  - Neighbour finding completed in: 1.03131 ms
[3207:its-tracker]:  - Road finding completed in: 0.329346 ms
[3207:its-tracker]:  - Track finding completed in: 19.8178 ms
[3207:its-tracker]:  - Vertex processing completed in: 43.4557ms
[3207:its-tracker]:  - Context initialisation completed in: 0.394913 ms
[3207:its-tracker]:  - Tracklet finding completed in: 8.56443 ms
[3207:its-tracker]:  - Cell finding completed in: 2.16329 ms
[3207:its-tracker]:  - Neighbour finding completed in: 0.249748 ms
[3207:its-tracker]:  - Road finding completed in: 0.002181 ms
[3207:its-tracker]:  - Track finding completed in: 0.000519 ms
[3207:its-tracker]:  - Vertex processing completed in: 11.3751ms
[3207:its-tracker]: [07:45:54][INFO] Found tracks: 1257
[3207:its-tracker]: [07:45:54][INFO] ROframe: 39, clusters loaded : 26669
[3207:its-tracker]:  - Vertexer initialisation completed in: 1.73366 ms
[3207:its-tracker]:  - Tracklet finding completed in: 5.08605 ms
[3207:its-tracker]:  - Adjacent tracklets validation completed in: 1.23556 ms
[3207:its-tracker]:  - Vertex finding completed in: 0.222012 ms
[3207:its-tracker]: 		Found vertex with:    233 contributors
[3207:its-tracker]:  - Context initialisation completed in: 2.37619 ms
[3207:its-tracker]:  - Tracklet finding completed in: 10.6693 ms
[3207:its-tracker]:  - Cell finding completed in: 3.91573 ms
[3207:its-tracker]:  - Neighbour finding completed in: 0.458331 ms
[3207:its-tracker]:  - Road finding completed in: 0.043145 ms
[3207:its-tracker]:  - Track finding completed in: 2.50719 ms
[3207:its-tracker]:  - Vertex processing completed in: 19.9699ms
[3207:its-tracker]:  - Context initialisation completed in: 0.188839 ms
[3207:its-tracker]:  - Tracklet finding completed in: 10.47 ms
[3207:its-tracker]:  - Cell finding completed in: 3.44422 ms
[3207:its-tracker]:  - Neighbour finding completed in: 0.36918 ms
[3207:its-tracker]:  - Road finding completed in: 0.00294 ms
[3207:its-tracker]:  - Track finding completed in: 0.000439 ms
[3207:its-tracker]:  - Vertex processing completed in: 14.4757ms
[3207:its-tracker]: [07:45:54][INFO] Found tracks: 107
[3207:its-tracker]: [07:45:54][INFO] ROframe: 40, clusters loaded : 1424
[3207:its-tracker]:  - Vertexer initialisation completed in: 0.219426 ms
[3207:its-tracker]:  - Tracklet finding completed in: 0.003149 ms
[3207:its-tracker]:  - Adjacent tracklets validation completed in: 0.000631 ms
[3207:its-tracker]:  - Vertex finding completed in: 0.000973 ms
[3207:its-tracker]: [07:45:54][INFO] Found tracks: 0
[3207:its-tracker]: [07:45:54][INFO] ROframe: 41, clusters loaded : 2854
[3207:its-tracker]:  - Vertexer initialisation completed in: 0.251588 ms
[3207:its-tracker]:  - Tracklet finding completed in: 0.065996 ms
[3207:its-tracker]:  - Adjacent tracklets validation completed in: 0.012251 ms
[3207:its-tracker]:  - Vertex finding completed in: 0.021296 ms
[3207:its-tracker]: 		Found vertex with:     49 contributors
[3207:its-tracker]: 		Found vertex with:     34 contributors
[3207:its-tracker]:  - Context initialisation completed in: 1.49044 ms
[3207:its-tracker]:  - Tracklet finding completed in: 0.501491 ms
[3207:its-tracker]:  - Cell finding completed in: 0.055637 ms
[3207:its-tracker]:  - Neighbour finding completed in: 0.028298 ms
[3207:its-tracker]:  - Road finding completed in: 0.008118 ms
[3207:its-tracker]:  - Track finding completed in: 0.55893 ms
[3207:its-tracker]:  - Vertex processing completed in: 2.64291ms
[3207:its-tracker]:  - Context initialisation completed in: 0.013553 ms
[3207:its-tracker]:  - Tracklet finding completed in: 0.404754 ms
[3207:its-tracker]:  - Cell finding completed in: 0.056564 ms
[3207:its-tracker]:  - Neighbour finding completed in: 0.021676 ms
[3207:its-tracker]:  - Road finding completed in: 0.006639 ms
[3207:its-tracker]:  - Track finding completed in: 0.405357 ms
[3207:its-tracker]:  - Vertex processing completed in: 0.908543ms
[3207:its-tracker]:  - Context initialisation completed in: 0.012014 ms
[3207:its-tracker]:  - Tracklet finding completed in: 0.342717 ms
[3207:its-tracker]:  - Cell finding completed in: 0.028067 ms
[3207:its-tracker]:  - Neighbour finding completed in: 0.01131 ms
[3207:its-tracker]:  - Road finding completed in: 0.000205 ms
[3207:its-tracker]:  - Track finding completed in: 0.000271 ms
[3207:its-tracker]:  - Vertex processing completed in: 0.394584ms
[3207:its-tracker]:  - Context initialisation completed in: 0.007647 ms
[3207:its-tracker]:  - Tracklet finding completed in: 0.355246 ms
[3207:its-tracker]:  - Cell finding completed in: 0.024706 ms
[3207:its-tracker]:  - Neighbour finding completed in: 0.008145 ms
[3207:its-tracker]:  - Road finding completed in: 0.000177 ms
[3207:its-tracker]:  - Track finding completed in: 0.00022 ms
[3207:its-tracker]:  - Vertex processing completed in: 0.396141ms
[3207:its-tracker]: [07:45:54][INFO] Found tracks: 71
[3207:its-tracker]: [07:45:54][INFO] ROframe: 42, clusters loaded : 1310
[3207:its-tracker]:  - Vertexer initialisation completed in: 0.257151 ms
[3207:its-tracker]:  - Tracklet finding completed in: 0.001639 ms
[3207:its-tracker]:  - Adjacent tracklets validation completed in: 0.000421 ms
[3207:its-tracker]:  - Vertex finding completed in: 0.000919 ms
[3207:its-tracker]: [07:45:54][INFO] Found tracks: 0
[3207:its-tracker]: [07:45:54][INFO] ROframe: 43, clusters loaded : 1288
[3207:its-tracker]:  - Vertexer initialisation completed in: 0.220495 ms
[3207:its-tracker]:  - Tracklet finding completed in: 0.001058 ms
[3207:its-tracker]:  - Adjacent tracklets validation completed in: 0.000321 ms
[3207:its-tracker]:  - Vertex finding completed in: 0.000517 ms
[3207:its-tracker]: [07:45:54][INFO] Found tracks: 0
[3207:its-tracker]: [07:45:54][INFO] ROframe: 44, clusters loaded : 1184
[3207:its-tracker]:  - Vertexer initialisation completed in: 0.202206 ms
[3207:its-tracker]:  - Tracklet finding completed in: 0.000934 ms
[3207:its-tracker]:  - Adjacent tracklets validation completed in: 0.00024 ms
[3207:its-tracker]:  - Vertex finding completed in: 0.000384 ms
[3207:its-tracker]: [07:45:54][INFO] Found tracks: 0
[3207:its-tracker]: [07:45:54][INFO] ROframe: 45, clusters loaded : 25321
[3207:its-tracker]:  - Vertexer initialisation completed in: 1.54664 ms
[3207:its-tracker]:  - Tracklet finding completed in: 4.09534 ms
[3207:its-tracker]:  - Adjacent tracklets validation completed in: 0.945236 ms
[3207:its-tracker]:  - Vertex finding completed in: 0.215376 ms
[3207:its-tracker]: 		Found vertex with:   1160 contributors
[3207:its-tracker]: 		Found vertex with:    152 contributors
[3207:its-tracker]:  - Context initialisation completed in: 2.25188 ms
[3207:its-tracker]:  - Tracklet finding completed in: 10.6522 ms
[3207:its-tracker]:  - Cell finding completed in: 4.52044 ms
[3207:its-tracker]:  - Neighbour finding completed in: 0.758437 ms
[3207:its-tracker]:  - Road finding completed in: 0.225723 ms
[3207:its-tracker]:  - Track finding completed in: 13.4307 ms
[3207:its-tracker]:  - Vertex processing completed in: 31.8394ms
[3207:its-tracker]:  - Context initialisation completed in: 0.304014 ms
[3207:its-tracker]:  - Tracklet finding completed in: 7.15757 ms
[3207:its-tracker]:  - Cell finding completed in: 1.14598 ms
[3207:its-tracker]:  - Neighbour finding completed in: 0.104232 ms
[3207:its-tracker]:  - Road finding completed in: 0.029044 ms
[3207:its-tracker]:  - Track finding completed in: 2.25895 ms
[3207:its-tracker]:  - Vertex processing completed in: 10.9998ms
[3207:its-tracker]:  - Context initialisation completed in: 0.106908 ms
[3207:its-tracker]:  - Tracklet finding completed in: 7.04157 ms
[3207:its-tracker]:  - Cell finding completed in: 1.64528 ms
[3207:its-tracker]:  - Neighbour finding completed in: 0.217862 ms
[3207:its-tracker]:  - Road finding completed in: 0.00178 ms
[3207:its-tracker]:  - Track finding completed in: 0.000567 ms
[3207:its-tracker]:  - Vertex processing completed in: 9.01397ms
[3207:its-tracker]:  - Context initialisation completed in: 0.137072 ms
[3207:its-tracker]:  - Tracklet finding completed in: 6.61483 ms
[3207:its-tracker]:  - Cell finding completed in: 0.831793 ms
[3207:its-tracker]:  - Neighbour finding completed in: 0.042717 ms
[3207:its-tracker]:  - Road finding completed in: 0.000478 ms
[3207:its-tracker]:  - Track finding completed in: 0.000439 ms
[3207:its-tracker]:  - Vertex processing completed in: 7.62733ms
[3207:its-tracker]: [07:45:54][INFO] Found tracks: 1067
[3207:its-tracker]: [07:45:54][INFO] ROframe: 46, clusters loaded : 9415
[3207:its-tracker]:  - Vertexer initialisation completed in: 0.61861 ms
[3207:its-tracker]:  - Tracklet finding completed in: 0.614792 ms
[3207:its-tracker]:  - Adjacent tracklets validation completed in: 0.110065 ms
[3207:its-tracker]:  - Vertex finding completed in: 0.113577 ms
[3207:its-tracker]: 		Found vertex with:    413 contributors
[3207:its-tracker]:  - Context initialisation completed in: 1.60192 ms
[3207:its-tracker]:  - Tracklet finding completed in: 2.58622 ms
[3207:its-tracker]:  - Cell finding completed in: 0.750534 ms
[3207:its-tracker]:  - Neighbour finding completed in: 0.250265 ms
[3207:its-tracker]:  - Road finding completed in: 0.066579 ms
[3207:its-tracker]:  - Track finding completed in: 4.86848 ms
[3207:its-tracker]:  - Vertex processing completed in: 10.124ms
[3207:its-tracker]:  - Context initialisation completed in: 0.089796 ms
[3207:its-tracker]:  - Tracklet finding completed in: 1.82551 ms
[3207:its-tracker]:  - Cell finding completed in: 0.305805 ms
[3207:its-tracker]:  - Neighbour finding completed in: 0.08017 ms
[3207:its-tracker]:  - Road finding completed in: 0.000758 ms
[3207:its-tracker]:  - Track finding completed in: 0.000429 ms
[3207:its-tracker]:  - Vertex processing completed in: 2.30247ms
[3207:its-tracker]: [07:45:54][INFO] Found tracks: 360
[3207:its-tracker]: [07:45:54][INFO] ROframe: 47, clusters loaded : 1319
[3207:its-tracker]:  - Vertexer initialisation completed in: 0.261548 ms
[3207:its-tracker]:  - Tracklet finding completed in: 0.002437 ms
[3207:its-tracker]:  - Adjacent tracklets validation completed in: 0.000502 ms
[3207:its-tracker]:  - Vertex finding completed in: 0.000995 ms
[3207:its-tracker]: [07:45:54][INFO] Found tracks: 0
[3207:its-tracker]: [07:45:54][INFO] ROframe: 48, clusters loaded : 1329
[3207:its-tracker]:  - Vertexer initialisation completed in: 0.210021 ms
[3207:its-tracker]:  - Tracklet finding completed in: 0.001534 ms
[3207:its-tracker]:  - Adjacent tracklets validation completed in: 0.000321 ms
[3207:its-tracker]:  - Vertex finding completed in: 0.000609 ms
[3207:its-tracker]: [07:45:54][INFO] Found tracks: 0
[3207:its-tracker]: [07:45:54][INFO] ROframe: 49, clusters loaded : 1200
[3207:its-tracker]:  - Vertexer initialisation completed in: 0.212 ms
[3207:its-tracker]:  - Tracklet finding completed in: 0.00154 ms
[3207:its-tracker]:  - Adjacent tracklets validation completed in: 0.000269 ms
[3207:its-tracker]:  - Vertex finding completed in: 0.00034 ms
[3207:its-tracker]: [07:45:54][INFO] Found tracks: 0
[3207:its-tracker]: [07:45:54][INFO] ROframe: 50, clusters loaded : 40120
[3207:its-tracker]:  - Vertexer initialisation completed in: 2.43642 ms
[3207:its-tracker]:  - Tracklet finding completed in: 9.43642 ms
[3207:its-tracker]:  - Adjacent tracklets validation completed in: 2.99279 ms
[3207:its-tracker]:  - Vertex finding completed in: 0.359169 ms
[3207:its-tracker]: 		Found vertex with:   2014 contributors
[3207:its-tracker]:  - Context initialisation completed in: 2.88508 ms
[3207:its-tracker]:  - Tracklet finding completed in: 21.8709 ms
[3207:its-tracker]:  - Cell finding completed in: 12.6487 ms
[3207:its-tracker]:  - Neighbour finding completed in: 1.62669 ms
[3207:its-tracker]:  - Road finding completed in: 0.55978 ms
[3207:its-tracker]:  - Track finding completed in: 27.8857 ms
[3207:its-tracker]:  - Vertex processing completed in: 67.4769ms
[3207:its-tracker]:  - Context initialisation completed in: 0.607789 ms
[3207:its-tracker]:  - Tracklet finding completed in: 13.8481 ms
[3207:its-tracker]:  - Cell finding completed in: 4.29592 ms
[3207:its-tracker]:  - Neighbour finding completed in: 0.4034 ms
[3207:its-tracker]:  - Road finding completed in: 0.00283 ms
[3207:its-tracker]:  - Track finding completed in: 0.000502 ms
[3207:its-tracker]:  - Vertex processing completed in: 19.1585ms
[3207:its-tracker]: [07:45:54][INFO] Found tracks: 1761
[3207:its-tracker]: [07:45:54][INFO] ROframe: 51, clusters loaded : 1335
[3207:its-tracker]:  - Vertexer initialisation completed in: 0.250825 ms
[3207:its-tracker]:  - Tracklet finding completed in: 0.002601 ms
[3207:its-tracker]:  - Adjacent tracklets validation completed in: 0.000718 ms
[3207:its-tracker]:  - Vertex finding completed in: 0.001115 ms
[3207:its-tracker]: [07:45:54][INFO] Found tracks: 0
[3207:its-tracker]: [07:45:54][INFO] ROframe: 52, clusters loaded : 1248
[3207:its-tracker]:  - Vertexer initialisation completed in: 0.245847 ms
[3207:its-tracker]:  - Tracklet finding completed in: 0.00163 ms
[3207:its-tracker]:  - Adjacent tracklets validation completed in: 0.000301 ms
[3207:its-tracker]:  - Vertex finding completed in: 0.000633 ms
[3207:its-tracker]: [07:45:54][INFO] Found tracks: 0
[3207:its-tracker]: [07:45:54][INFO] ROframe: 53, clusters loaded : 1241
[3207:its-tracker]:  - Vertexer initialisation completed in: 0.210041 ms
[3207:its-tracker]:  - Tracklet finding completed in: 0.001174 ms
[3207:its-tracker]:  - Adjacent tracklets validation completed in: 0.000342 ms
[3207:its-tracker]:  - Vertex finding completed in: 0.000393 ms
[3207:its-tracker]: [07:45:54][INFO] Found tracks: 0
[3207:its-tracker]: [07:45:54][INFO] ROframe: 54, clusters loaded : 38181
[3207:its-tracker]:  - Vertexer initialisation completed in: 2.37646 ms
[3207:its-tracker]:  - Tracklet finding completed in: 8.76873 ms
[3207:its-tracker]:  - Adjacent tracklets validation completed in: 2.65543 ms
[3207:its-tracker]:  - Vertex finding completed in: 0.57313 ms
[3207:its-tracker]: 		Found vertex with:   1995 contributors
[3207:its-tracker]:  - Context initialisation completed in: 2.9806 ms
[3207:its-tracker]:  - Tracklet finding completed in: 20.2093 ms
[3207:its-tracker]:  - Cell finding completed in: 11.2452 ms
[3207:its-tracker]:  - Neighbour finding completed in: 1.43131 ms
[3207:its-tracker]:  - Road finding completed in: 0.526143 ms
[3207:its-tracker]:  - Track finding completed in: 24.3556 ms
[3207:its-tracker]:  - Vertex processing completed in: 60.7481ms
[3207:its-tracker]:  - Context initialisation completed in: 0.532112 ms
[3207:its-tracker]:  - Tracklet finding completed in: 13.08 ms
[3207:its-tracker]:  - Cell finding completed in: 3.86558 ms
[3207:its-tracker]:  - Neighbour finding completed in: 0.391885 ms
[3207:its-tracker]:  - Road finding completed in: 0.002585 ms
[3207:its-tracker]:  - Track finding completed in: 0.000695 ms
[3207:its-tracker]:  - Vertex processing completed in: 17.8728ms
[3207:its-tracker]: [07:45:54][INFO] Found tracks: 1594
[3207:its-tracker]: [07:45:54][INFO] ROframe: 55, clusters loaded : 4735
[3207:its-tracker]:  - Vertexer initialisation completed in: 0.351681 ms
[3207:its-tracker]:  - Tracklet finding completed in: 0.182874 ms
[3207:its-tracker]:  - Adjacent tracklets validation completed in: 0.034277 ms
[3207:its-tracker]:  - Vertex finding completed in: 0.300116 ms
[3207:its-tracker]: 		Found vertex with:    189 contributors
[3207:its-tracker]:  - Context initialisation completed in: 1.48773 ms
[3207:its-tracker]:  - Tracklet finding completed in: 1.00294 ms
[3207:its-tracker]:  - Cell finding completed in: 0.238225 ms
[3207:its-tracker]:  - Neighbour finding completed in: 0.104408 ms
[3207:its-tracker]:  - Road finding completed in: 0.046055 ms
[3207:its-tracker]:  - Track finding completed in: 2.30923 ms
[3207:its-tracker]:  - Vertex processing completed in: 5.18858ms
[3207:its-tracker]:  - Context initialisation completed in: 0.044171 ms
[3207:its-tracker]:  - Tracklet finding completed in: 0.770657 ms
[3207:its-tracker]:  - Cell finding completed in: 0.099839 ms
[3207:its-tracker]:  - Neighbour finding completed in: 0.03202 ms
[3207:its-tracker]:  - Road finding completed in: 0.000413 ms
[3207:its-tracker]:  - Track finding completed in: 0.000243 ms
[3207:its-tracker]:  - Vertex processing completed in: 0.947343ms
[3207:its-tracker]: [07:45:54][INFO] Found tracks: 161
[3207:its-tracker]: [07:45:54][INFO] ROframe: 56, clusters loaded : 1365
[3207:its-tracker]:  - Vertexer initialisation completed in: 0.237958 ms
[3207:its-tracker]:  - Tracklet finding completed in: 0.002838 ms
[3207:its-tracker]:  - Adjacent tracklets validation completed in: 0.000547 ms
[3207:its-tracker]:  - Vertex finding completed in: 0.000928 ms
[3207:its-tracker]: [07:45:54][INFO] Found tracks: 0
[3207:its-tracker]: [07:45:54][INFO] ROframe: 57, clusters loaded : 1291
[3207:its-tracker]:  - Vertexer initialisation completed in: 0.214388 ms
[3207:its-tracker]:  - Tracklet finding completed in: 0.002115 ms
[3207:its-tracker]:  - Adjacent tracklets validation completed in: 0.000447 ms
[3207:its-tracker]:  - Vertex finding completed in: 0.000366 ms
[3207:its-tracker]: [07:45:54][INFO] Found tracks: 0
[3207:its-tracker]: [07:45:54][INFO] ITSTracker pushed 16303 tracks
[3207:its-tracker]: [07:45:54][INFO] ITS CA-Tracker total timing: Cpu: 1.520e+00 Real: 1.546e+00 s in 1 slots
[3208:its-track-writer]: [07:45:54][INFO] ITSTrackWriter pulled 16303 tracks, in 58 RO frames
[INFO] Quitting
[INFO] QUIT_REQUESTED
[3205:its-clusterer]: [07:45:54][INFO] Received device shutdown request (signal 15).
[3205:its-clusterer]: [07:45:54][INFO] Waiting for graceful device shutdown. Hit Ctrl-C again to abort immediately.
[3207:its-tracker]: [07:45:54][INFO] Received device shutdown request (signal 15).
[3207:its-tracker]: [07:45:54][INFO] Waiting for graceful device shutdown. Hit Ctrl-C again to abort immediately.
[3208:its-track-writer]: [07:45:54][INFO] Received device shutdown request (signal 15).
[3208:its-track-writer]: [07:45:54][INFO] Waiting for graceful device shutdown. Hit Ctrl-C again to abort immediately.
[3203:internal-dpl-clock]: [07:45:54][INFO] Received device shutdown request (signal 15).
[3203:internal-dpl-clock]: [07:45:54][INFO] Waiting for graceful device shutdown. Hit Ctrl-C again to abort immediately.
[3206:its-cluster-writer]: [07:45:54][INFO] Received device shutdown request (signal 15).
[3206:its-cluster-writer]: [07:45:54][INFO] Waiting for graceful device shutdown. Hit Ctrl-C again to abort immediately.
[3204:its-digit-reader]: [07:45:54][INFO] Received device shutdown request (signal 15).
[3204:its-digit-reader]: [07:45:54][INFO] Waiting for graceful device shutdown. Hit Ctrl-C again to abort immediately.
[3204:its-digit-reader]: [07:45:54][STATE] RUNNING ---> READY
[3204:its-digit-reader]: [07:45:54][STATE] READY ---> RESETTING TASK
[3204:its-digit-reader]: [07:45:54][STATE] RESETTING TASK ---> DEVICE READY
[3204:its-digit-reader]: [07:45:54][STATE] DEVICE READY ---> RESETTING DEVICE
[3204:its-digit-reader]: [07:45:54][STATE] RESETTING DEVICE ---> IDLE
[3204:its-digit-reader]: [07:45:54][STATE] IDLE ---> EXITING
[3204:its-digit-reader]: [07:45:54][STATE] Exiting FairMQ state machine
[3203:internal-dpl-clock]: [07:45:55][STATE] RUNNING ---> READY
[3205:its-clusterer]: [07:45:55][STATE] RUNNING ---> READY
[3203:internal-dpl-clock]: [07:45:55][STATE] READY ---> RESETTING TASK
[3203:internal-dpl-clock]: [07:45:55][STATE] RESETTING TASK ---> DEVICE READY
[3203:internal-dpl-clock]: [07:45:55][STATE] DEVICE READY ---> RESETTING DEVICE
[3205:its-clusterer]: [07:45:55][STATE] READY ---> RESETTING TASK
[3205:its-clusterer]: [07:45:55][STATE] RESETTING TASK ---> DEVICE READY
[3207:its-tracker]: [07:45:55][STATE] RUNNING ---> READY
[3207:its-tracker]: [07:45:55][STATE] READY ---> RESETTING TASK
[3207:its-tracker]: [07:45:55][STATE] RESETTING TASK ---> DEVICE READY
[3207:its-tracker]: [07:45:55][STATE] DEVICE READY ---> RESETTING DEVICE
[3207:its-tracker]: [07:45:55][STATE] RESETTING DEVICE ---> IDLE
[3205:its-clusterer]: [07:45:55][STATE] DEVICE READY ---> RESETTING DEVICE
[3203:internal-dpl-clock]: [07:45:55][STATE] RESETTING DEVICE ---> IDLE
[3207:its-tracker]: [07:45:55][STATE] IDLE ---> EXITING
[3203:internal-dpl-clock]: [07:45:55][STATE] IDLE ---> EXITING
[3203:internal-dpl-clock]: [07:45:55][STATE] Exiting FairMQ state machine
[3207:its-tracker]: [07:45:55][STATE] Exiting FairMQ state machine
[3205:its-clusterer]: [07:45:55][STATE] RESETTING DEVICE ---> IDLE
[3205:its-clusterer]: [07:45:55][STATE] IDLE ---> EXITING
[3205:its-clusterer]: [07:45:55][STATE] Exiting FairMQ state machine
[3208:its-track-writer]: [07:45:56][STATE] RUNNING ---> READY
[3206:its-cluster-writer]: [07:45:56][STATE] RUNNING ---> READY
[3206:its-cluster-writer]: [07:45:56][STATE] READY ---> RESETTING TASK
[3208:its-track-writer]: [07:45:56][STATE] READY ---> RESETTING TASK
[3206:its-cluster-writer]: [07:45:56][STATE] RESETTING TASK ---> DEVICE READY
[3208:its-track-writer]: [07:45:56][STATE] RESETTING TASK ---> DEVICE READY
[3208:its-track-writer]: [07:45:56][STATE] DEVICE READY ---> RESETTING DEVICE
[3206:its-cluster-writer]: [07:45:56][STATE] DEVICE READY ---> RESETTING DEVICE
[3208:its-track-writer]: [07:45:56][STATE] RESETTING DEVICE ---> IDLE
[3208:its-track-writer]: [07:45:56][STATE] IDLE ---> EXITING
[3206:its-cluster-writer]: Cleaning up for shared memory id 'b672486d'...
[3206:its-cluster-writer]: No region counter found. No regions to cleanup.
[3206:its-cluster-writer]: Successfully removed 'fmq_b672486d_m_0'.
[3206:its-cluster-writer]: Successfully removed 'fmq_b672486d_mng'.
[3206:its-cluster-writer]: Successfully removed 'fmq_b672486d_mtx'.
[3206:its-cluster-writer]: Successfully removed 'fmq_b672486d_cv'.
[3208:its-track-writer]: [07:45:56][STATE] Exiting FairMQ state machine
[3206:its-cluster-writer]: [07:45:56][STATE] RESETTING DEVICE ---> IDLE
[3206:its-cluster-writer]: [07:45:56][STATE] IDLE ---> EXITING
[3206:its-cluster-writer]: [07:45:56][STATE] Exiting FairMQ state machine
[INFO] Dumping used configuration in dpl-config.json
