===============================
execute this script as follows:
./generate_its.sh system region nevents
where:
system = 1 -> pp
       = 2 -> Pb-Pb
region = 1 -> ITS only
       = 2 -> whole detector
===============================
will generate Pb-Pb events
will transport events in the ITS only
Will generate: 20 events
Moving to /eos/user/f/ftorales/its_data/alignment/lbnl_alice_alignment_tasks/2284183/15
/eos/user/f/ftorales/its_data/alignment/lbnl_alice_alignment_tasks/2284183/15

==============================================================================================
1. MC generation run
[INFO] Running with 6 sim workers 
[INFO] CREATING SIM SHARED MEM SEGMENT FOR 6 WORKERS
Spawning particle server on PID 996; Redirect output to o2sim_serverlog
Spawning sim worker 0 on PID 998; Redirect output to o2sim_workerlog0
Spawning hit merger on PID 999; Redirect output to o2sim_mergerlog
[INFO] DISTRIBUTING EVENT : 1
[INFO] EVENT FINISHED : 1
[INFO] DISTRIBUTING EVENT : 2
[INFO] EVENT FINISHED : 2
[INFO] DISTRIBUTING EVENT : 3
[INFO] EVENT FINISHED : 3
[INFO] DISTRIBUTING EVENT : 4
[INFO] DISTRIBUTING EVENT : 5
[INFO] EVENT FINISHED : 4
[INFO] EVENT FINISHED : 5
[INFO] DISTRIBUTING EVENT : 6
[INFO] EVENT FINISHED : 6
[INFO] DISTRIBUTING EVENT : 7
[INFO] EVENT FINISHED : 7
[INFO] DISTRIBUTING EVENT : 8
[INFO] EVENT FINISHED : 8
[INFO] DISTRIBUTING EVENT : 9
[INFO] EVENT FINISHED : 9
[INFO] DISTRIBUTING EVENT : 10
[INFO] EVENT FINISHED : 10
[INFO] DISTRIBUTING EVENT : 11
[INFO] DISTRIBUTING EVENT : 12
[INFO] EVENT FINISHED : 11
[INFO] EVENT FINISHED : 12
[INFO] DISTRIBUTING EVENT : 13
[INFO] DISTRIBUTING EVENT : 14
[INFO] EVENT FINISHED : 13
[INFO] EVENT FINISHED : 14
[INFO] DISTRIBUTING EVENT : 15
[INFO] DISTRIBUTING EVENT : 16
[INFO] EVENT FINISHED : 15
[INFO] EVENT FINISHED : 16
[INFO] DISTRIBUTING EVENT : 17
[INFO] DISTRIBUTING EVENT : 18
[INFO] EVENT FINISHED : 17
[INFO] DISTRIBUTING EVENT : 19
[INFO] EVENT FINISHED : 18
[INFO] EVENT FINISHED : 19
[INFO] DISTRIBUTING EVENT : 20
[INFO] EVENT FINISHED : 20
[INFO] Merger process 999 returned
[INFO] Simulation process took 99.0368 s
[INFO] SIMULATION RETURNED SUCCESFULLY

==============================================================================================
2. Hits to digits conversion
Run: 1621488924
Fill:      0
Period: 
LHC State: 
Start: Thu May 20 07:35:27 2021
End  : Thu May 20 07:35:27 2021
Beam0: Z:A =   0:  0, Energy = 0.000
Beam1: Z:A =   0:  0, Energy = 0.000
sqrt[s]    = 0.000
crossing angle (radian) = 0.000000e+00
magnet currents (A) L3 = -30000.000, Dipole = -6000
Detectors: Cont.RO Triggers
      ITS:    -       -    
[INFO] MC-TRUTH 1
[INFO] TPC: GEM setup - initialization from scratch
[INFO] TPC: GEM setup (polya) took 8.95
[INFO] TPC is in grp? no; is skipped? no
[INFO] ITS is in grp? yes; is skipped? no
[INFO] MFT is in grp? no; is skipped? no
[INFO] TOF is in grp? no; is skipped? no
[INFO] FT0 is in grp? no; is skipped? no
[INFO] FV0 is in grp? no; is skipped? no
[INFO] EMC is in grp? no; is skipped? no
[INFO] HMP is in grp? no; is skipped? no
[INFO] ZDC is in grp? no; is skipped? no
[INFO] TRD is in grp? no; is skipped? no
[INFO] MCH is in grp? no; is skipped? no
[INFO] MID is in grp? no; is skipped? no
[INFO] FDD is in grp? no; is skipped? no
[INFO] PHS is in grp? no; is skipped? no
[INFO] CPV is in grp? no; is skipped? no
[INFO] Initialising O2 Data Processing Layer
[INFO] O2 Data Processing Layer initialised. We brake for nobody.
[INFO] Optimised build. O2DEBUG / LOG(DEBUG) / LOGF(DEBUG) / assert statement will not be shown.
[INFO] Redeployment of configuration asked.
[INFO] Starting internal-dpl-clock on pid 2120
[INFO] Starting SimReader on pid 2121
[INFO] Starting ITSDigitizer on pid 2122
[INFO] Starting GRPUpdater on pid 2123
[INFO] Starting ITSDigitWriter on pid 2124
[INFO] Redeployment of configuration done.
[2124:ITSDigitWriter]: [INFO] MC-TRUTH 1
[2120:internal-dpl-clock]: [INFO] MC-TRUTH 1
[2123:GRPUpdater]: [INFO] MC-TRUTH 1
[2124:ITSDigitWriter]: [INFO] Spawing new device ITSDigitWriter in process with pid 2124
[2120:internal-dpl-clock]: [INFO] Spawing new device internal-dpl-clock in process with pid 2120
[2122:ITSDigitizer]: [INFO] MC-TRUTH 1
[2123:GRPUpdater]: [INFO] Spawing new device GRPUpdater in process with pid 2123
[2121:SimReader]: [INFO] MC-TRUTH 1
[2120:internal-dpl-clock]: [07:39:28][INFO] 
[2120:internal-dpl-clock]:       ______      _    _______  _________ 
[2120:internal-dpl-clock]:      / ____/___ _(_)_______   |/  /_  __ \    version 1.4.29
[2120:internal-dpl-clock]:     / /_  / __ `/ / ___/__  /|_/ /_  / / /    build RELWITHDEBINFO
[2120:internal-dpl-clock]:    / __/ / /_/ / / /    _  /  / / / /_/ /     https://github.com/FairRootGroup/FairMQ
[2120:internal-dpl-clock]:   /_/    \__,_/_/_/     /_/  /_/  \___\_\     LGPL-3.0  © 2012-2020 GSI
[2120:internal-dpl-clock]: 
[2123:GRPUpdater]: [07:39:28][INFO] 
[2123:GRPUpdater]:       ______      _    _______  _________ 
[2123:GRPUpdater]:      / ____/___ _(_)_______   |/  /_  __ \    version 1.4.29
[2123:GRPUpdater]:     / /_  / __ `/ / ___/__  /|_/ /_  / / /    build RELWITHDEBINFO
[2123:GRPUpdater]:    / __/ / /_/ / / /    _  /  / / / /_/ /     https://github.com/FairRootGroup/FairMQ
[2123:GRPUpdater]:   /_/    \__,_/_/_/     /_/  /_/  \___\_\     LGPL-3.0  © 2012-2020 GSI
[2123:GRPUpdater]: 
[2124:ITSDigitWriter]: [07:39:28][INFO] 
[2124:ITSDigitWriter]:       ______      _    _______  _________ 
[2124:ITSDigitWriter]:      / ____/___ _(_)_______   |/  /_  __ \    version 1.4.29
[2124:ITSDigitWriter]:     / /_  / __ `/ / ___/__  /|_/ /_  / / /    build RELWITHDEBINFO
[2124:ITSDigitWriter]:    / __/ / /_/ / / /    _  /  / / / /_/ /     https://github.com/FairRootGroup/FairMQ
[2124:ITSDigitWriter]:   /_/    \__,_/_/_/     /_/  /_/  \___\_\     LGPL-3.0  © 2012-2020 GSI
[2124:ITSDigitWriter]: 
[2120:internal-dpl-clock]: [07:39:28][STATE] Starting FairMQ state machine --> IDLE
[2123:GRPUpdater]: [07:39:28][STATE] Starting FairMQ state machine --> IDLE
[2124:ITSDigitWriter]: [07:39:28][STATE] Starting FairMQ state machine --> IDLE
[2120:internal-dpl-clock]: 2021-05-20 07:39:28	Monitoring	[0;49mStdOut backend initialized[0m
[2123:GRPUpdater]: 2021-05-20 07:39:28	Monitoring	[0;49mStdOut backend initialized[0m
[2124:ITSDigitWriter]: 2021-05-20 07:39:28	Monitoring	[0;49mStdOut backend initialized[0m
[2120:internal-dpl-clock]: [07:39:28][STATE] IDLE ---> INITIALIZING DEVICE
[2120:internal-dpl-clock]: 2021-05-20 07:39:28	Monitoring	[0;49mBuffering enabled (100)[0m
[2120:internal-dpl-clock]: [07:39:28][STATE] INITIALIZING DEVICE ---> INITIALIZED
[2120:internal-dpl-clock]: [07:39:28][STATE] INITIALIZED ---> BINDING
[2120:internal-dpl-clock]: [07:39:28][STATE] BINDING ---> BOUND
[2120:internal-dpl-clock]: [07:39:28][STATE] BOUND ---> CONNECTING
[2120:internal-dpl-clock]: [07:39:28][STATE] CONNECTING ---> DEVICE READY
[2120:internal-dpl-clock]: [07:39:28][STATE] DEVICE READY ---> INITIALIZING TASK
[2120:internal-dpl-clock]: [07:39:28][STATE] INITIALIZING TASK ---> READY
[2120:internal-dpl-clock]: [07:39:28][STATE] READY ---> RUNNING
[2120:internal-dpl-clock]: [07:39:28][INFO] DEVICE: Running...
[2121:SimReader]: [INFO] Spawing new device SimReader in process with pid 2121
[2121:SimReader]: [07:39:28][INFO] 
[2121:SimReader]:       ______      _    _______  _________ 
[2121:SimReader]:      / ____/___ _(_)_______   |/  /_  __ \    version 1.4.29
[2121:SimReader]:     / /_  / __ `/ / ___/__  /|_/ /_  / / /    build RELWITHDEBINFO
[2121:SimReader]:    / __/ / /_/ / / /    _  /  / / / /_/ /     https://github.com/FairRootGroup/FairMQ
[2121:SimReader]:   /_/    \__,_/_/_/     /_/  /_/  \___\_\     LGPL-3.0  © 2012-2020 GSI
[2121:SimReader]: 
[2121:SimReader]: [07:39:28][STATE] Starting FairMQ state machine --> IDLE
[2121:SimReader]: 2021-05-20 07:39:28	Monitoring	[0;49mStdOut backend initialized[0m
[2121:SimReader]: [07:39:28][STATE] IDLE ---> INITIALIZING DEVICE
[2122:ITSDigitizer]: [INFO] Spawing new device ITSDigitizer in process with pid 2122
[2122:ITSDigitizer]: [07:39:28][INFO] 
[2122:ITSDigitizer]:       ______      _    _______  _________ 
[2122:ITSDigitizer]:      / ____/___ _(_)_______   |/  /_  __ \    version 1.4.29
[2122:ITSDigitizer]:     / /_  / __ `/ / ___/__  /|_/ /_  / / /    build RELWITHDEBINFO
[2122:ITSDigitizer]:    / __/ / /_/ / / /    _  /  / / / /_/ /     https://github.com/FairRootGroup/FairMQ
[2122:ITSDigitizer]:   /_/    \__,_/_/_/     /_/  /_/  \___\_\     LGPL-3.0  © 2012-2020 GSI
[2122:ITSDigitizer]: 
[2122:ITSDigitizer]: [07:39:28][STATE] Starting FairMQ state machine --> IDLE
[2122:ITSDigitizer]: 2021-05-20 07:39:28	Monitoring	[0;49mStdOut backend initialized[0m
[2122:ITSDigitizer]: [07:39:28][STATE] IDLE ---> INITIALIZING DEVICE
[2122:ITSDigitizer]: 2021-05-20 07:39:28	Monitoring	[0;49mBuffering enabled (100)[0m
[2122:ITSDigitizer]: [07:39:28][INFO] Initializing geometry service
[2122:ITSDigitizer]: [07:39:28][INFO] Loading geometry FAIRGeom from o2sim_geometry.root
[2123:GRPUpdater]: [07:39:28][STATE] IDLE ---> INITIALIZING DEVICE
[2123:GRPUpdater]: 2021-05-20 07:39:28	Monitoring	[0;49mBuffering enabled (100)[0m
[2123:GRPUpdater]: [07:39:28][STATE] INITIALIZING DEVICE ---> INITIALIZED
[2123:GRPUpdater]: [07:39:28][STATE] INITIALIZED ---> BINDING
[2123:GRPUpdater]: [07:39:28][STATE] BINDING ---> BOUND
[2123:GRPUpdater]: [07:39:28][STATE] BOUND ---> CONNECTING
[2123:GRPUpdater]: [07:39:28][STATE] CONNECTING ---> DEVICE READY
[2123:GRPUpdater]: [07:39:28][STATE] DEVICE READY ---> INITIALIZING TASK
[2123:GRPUpdater]: [07:39:28][STATE] INITIALIZING TASK ---> READY
[2123:GRPUpdater]: [07:39:28][STATE] READY ---> RUNNING
[2123:GRPUpdater]: [07:39:28][INFO] DEVICE: Running...
[2124:ITSDigitWriter]: [07:39:28][STATE] IDLE ---> INITIALIZING DEVICE
[2121:SimReader]: 2021-05-20 07:39:28	Monitoring	[0;49mBuffering enabled (100)[0m
[2121:SimReader]: [07:39:28][INFO] adding o2sim
[2121:SimReader]: 
[2121:SimReader]: [07:39:28][INFO] INCONTEXTSTRING 
[2121:SimReader]: [07:39:28][INFO] Imposing hadronic interaction rate 50000Hz
[2121:SimReader]: [07:39:28][WARN] No bunch filling provided, impose default one
[2121:SimReader]: [07:39:28][INFO] Deducing mu=0.00771915 per BC from IR=50000 with 576 BCs
[2121:SimReader]: [07:39:28][INFO] InteractionSampler with 576 colliding BCs, mu(BC)= 0.00771915 -> total IR= 50000
[2121:SimReader]: [07:39:28][INFO] Current BCid:    0 Orbit:      1 |T in BC(ns): 0.000(0 coll left)
[2121:SimReader]: [07:39:28][INFO] setting up 1 chains
[2124:ITSDigitWriter]: 2021-05-20 07:39:28	Monitoring	[0;49mBuffering enabled (100)[0m
[2124:ITSDigitWriter]: [07:39:28][INFO] 0: branch  ITSDigitMCTruth set up
[2124:ITSDigitWriter]: [07:39:28][INFO] 1: branch  ITSDigitMC2ROF set up
[2124:ITSDigitWriter]: [07:39:28][INFO] 2: branch  ITSDigit set up
[2124:ITSDigitWriter]: [07:39:28][INFO] 3: branch  ITSDigitROF set up
[2124:ITSDigitWriter]: [07:39:28][STATE] INITIALIZING DEVICE ---> INITIALIZED
[2124:ITSDigitWriter]: [07:39:28][STATE] INITIALIZED ---> BINDING
[2124:ITSDigitWriter]: [07:39:28][STATE] BINDING ---> BOUND
[2124:ITSDigitWriter]: [07:39:28][STATE] BOUND ---> CONNECTING
[2124:ITSDigitWriter]: [07:39:28][STATE] CONNECTING ---> DEVICE READY
[2124:ITSDigitWriter]: [07:39:28][STATE] DEVICE READY ---> INITIALIZING TASK
[2124:ITSDigitWriter]: [07:39:28][STATE] INITIALIZING TASK ---> READY
[2124:ITSDigitWriter]: [07:39:28][STATE] READY ---> RUNNING
[2124:ITSDigitWriter]: [07:39:28][INFO] DEVICE: Running...
[2122:ITSDigitizer]: Info in <TGeoManager::CloseGeometry>: Geometry loaded from file...
[2122:ITSDigitizer]: Info in <TGeoManager::SetTopVolume>: Top volume is cave. Master volume is cave
[2122:ITSDigitizer]: Info in <TGeoNavigator::BuildCache>: --- Maximum geometry depth set to 100
[2122:ITSDigitizer]: Info in <TGeoManager::CloseGeometry>: Voxelization retrieved from file
[2122:ITSDigitizer]: Info in <TGeoManager::CountLevels>: max level = 9, max placements = 126
[2122:ITSDigitizer]: Info in <TGeoManager::CloseGeometry>: 179840 nodes/ 399 volume UID's in FAIR geometry
[2122:ITSDigitizer]: Info in <TGeoManager::CloseGeometry>: ----------------modeler ready----------------
[2122:ITSDigitizer]: [07:39:29][INFO] Initializing field service
[2122:ITSDigitizer]: [07:39:30][INFO] MagneticField::Print: MagneticFieldMap:
[2122:ITSDigitizer]: [07:39:30][INFO] MagneticField::Print: Solenoid (-1*)5 kG, Dipole ON (-1) 
[2122:ITSDigitizer]: [07:39:30][INFO] MagneticField::Print: Machine B fields for p-p  beam (7000 GeV): QGrad: 22.0002 Dipole: 37.8781
[2122:ITSDigitizer]: [07:39:30][INFO] MagneticField::Print: Uses Sol30_Dip6_Hole  of /cvmfs/alice.cern.ch/el7-x86_64/Packages/O2/nightly-20210129-1/share/Common/maps/mfchebKGI_sym.root
[2122:ITSDigitizer]: Info in <TGeoGlobalMagField::SetField>: Global magnetic field set to <MagneticFieldMap>
[2122:ITSDigitizer]: Info in <TGeoGlobalMagField::Lock>: Global magnetic field <MagneticFieldMap> is now locked
[2122:ITSDigitizer]: [07:39:30][INFO] Set Alpide charge threshold to 150, single hit will be accounted from 15 electrons
[2122:ITSDigitizer]: [07:39:30][INFO] ITS simulated in CONTINUOUS RO mode
[2122:ITSDigitizer]: [07:39:30][INFO] Loading ITS L2G matrices from TGeo
[2121:SimReader]: [07:39:30][INFO] Automatic deduction of number of collisions ... will just take number of background entries 20
[2121:SimReader]: Summary of DigitizationContext --
[2121:SimReader]: Parts per collision 1
[2121:SimReader]: Collision parts taken from simulations specified by prefix:
[2121:SimReader]: Number of Collisions 20
[2121:SimReader]: Collision 0 TIME BCid:   92 Orbit:      1 |T in BC(ns): -0.046 (0 , 0)
[2121:SimReader]: Collision 1 TIME BCid: 1610 Orbit:      1 |T in BC(ns): -0.118 (0 , 1)
[2121:SimReader]: Collision 2 TIME BCid:  208 Orbit:      2 |T in BC(ns): 0.187 (0 , 2)
[2121:SimReader]: Collision 3 TIME BCid:  270 Orbit:      2 |T in BC(ns): -0.444 (0 , 3)
[2121:SimReader]: Collision 4 TIME BCid:  406 Orbit:      2 |T in BC(ns): 0.001 (0 , 4)
[2121:SimReader]: Collision 5 TIME BCid:  450 Orbit:      2 |T in BC(ns): 0.044 (0 , 5)
[2121:SimReader]: Collision 6 TIME BCid: 1616 Orbit:      2 |T in BC(ns): 0.216 (0 , 6)
[2121:SimReader]: Collision 7 TIME BCid: 2192 Orbit:      2 |T in BC(ns): 0.248 (0 , 7)
[2121:SimReader]: Collision 8 TIME BCid: 1034 Orbit:      3 |T in BC(ns): -0.010 (0 , 8)
[2121:SimReader]: Collision 9 TIME BCid: 1396 Orbit:      3 |T in BC(ns): -0.055 (0 , 9)
[2121:SimReader]: Collision 10 TIME BCid: 1398 Orbit:      3 |T in BC(ns): 0.038 (0 , 10)
[2121:SimReader]: Collision 11 TIME BCid: 1544 Orbit:      3 |T in BC(ns): 0.080 (0 , 11)
[2121:SimReader]: Collision 12 TIME BCid: 1758 Orbit:      3 |T in BC(ns): -0.123 (0 , 12)
[2121:SimReader]: Collision 13 TIME BCid:   30 Orbit:      4 |T in BC(ns): -0.143 (0 , 13)
[2121:SimReader]: Collision 14 TIME BCid:  198 Orbit:      4 |T in BC(ns): 0.220 (0 , 14)
[2121:SimReader]: Collision 15 TIME BCid: 1394 Orbit:      4 |T in BC(ns): 0.050 (0 , 15)
[2121:SimReader]: Collision 16 TIME BCid:   10 Orbit:      5 |T in BC(ns): 0.683 (0 , 16)
[2121:SimReader]: Collision 17 TIME BCid: 1752 Orbit:      5 |T in BC(ns): 0.204 (0 , 17)
[2121:SimReader]: Collision 18 TIME BCid:  600 Orbit:      6 |T in BC(ns): -0.084 (0 , 18)
[2121:SimReader]: Collision 19 TIME BCid: 1004 Orbit:      6 |T in BC(ns): -0.284 (0 , 19)
[2121:SimReader]: [07:39:30][INFO] Initializing Spec ... have 20 times 
[2121:SimReader]: [07:39:30][INFO] Serializing Context for later reuse
[2121:SimReader]: [07:39:30][STATE] INITIALIZING DEVICE ---> INITIALIZED
[2121:SimReader]: [07:39:30][STATE] INITIALIZED ---> BINDING
[2121:SimReader]: [07:39:30][STATE] BINDING ---> BOUND
[2121:SimReader]: [07:39:30][STATE] BOUND ---> CONNECTING
[2121:SimReader]: [07:39:30][STATE] CONNECTING ---> DEVICE READY
[2121:SimReader]: [07:39:30][STATE] DEVICE READY ---> INITIALIZING TASK
[2121:SimReader]: [07:39:30][STATE] INITIALIZING TASK ---> READY
[2121:SimReader]: [07:39:30][STATE] READY ---> RUNNING
[2121:SimReader]: [07:39:30][INFO] DEVICE: Running...
[2121:SimReader]: [07:39:30][INFO] SENDING SOMETHING TO OTHERS
[2122:ITSDigitizer]: Alpide response object of 40500 matrices to map chagre in xyz to 5x5 pixels
[2122:ITSDigitizer]: X(col) range: +0.000000e+00 : +1.462000e-03 | step: 5.000000e-05 | Nbins: 30
[2122:ITSDigitizer]: Y(row) range: +0.000000e+00 : +1.344000e-03 | step: 5.000000e-05 | Nbins: 27
[2122:ITSDigitizer]: Z(dpt) range: -2.000000e-03 : +2.500000e-03 | step: 8.999999e-05 | Nbins: 50
[2122:ITSDigitizer]: Alpide digitization params:
[2122:ITSDigitizer]: Continuous readout             : ON
[2122:ITSDigitizer]: Readout Frame Length(ns)       : 9880.510742
[2122:ITSDigitizer]: Strobe delay (ns)              : 99.803139
[2122:ITSDigitizer]: Strobe length (ns)             : 9780.708008
[2122:ITSDigitizer]: Threshold (N electrons)        : 150
[2122:ITSDigitizer]: Min N electrons to accoint     : 15
[2122:ITSDigitizer]: Number of charge sharing steps : 7
[2122:ITSDigitizer]: ELoss to N electrons factor    : 2.777778e+08
[2122:ITSDigitizer]: Noise level per pixel          : 1.000000e-07
[2122:ITSDigitizer]: Charge time-response:
[2122:ITSDigitizer]: o2::itsmft::AlpideSignalTrapezoid | Duration: 7500.0 MaxRiseTime: 1100.0 (RiseTime=0 at q=450.0) (ns)
[2122:ITSDigitizer]: [07:39:31][STATE] INITIALIZING DEVICE ---> INITIALIZED
[2122:ITSDigitizer]: [07:39:31][STATE] INITIALIZED ---> BINDING
[2122:ITSDigitizer]: [07:39:31][STATE] BINDING ---> BOUND
[2122:ITSDigitizer]: [07:39:31][STATE] BOUND ---> CONNECTING
[2122:ITSDigitizer]: [07:39:31][STATE] CONNECTING ---> DEVICE READY
[2122:ITSDigitizer]: [07:39:31][STATE] DEVICE READY ---> INITIALIZING TASK
[2122:ITSDigitizer]: [07:39:31][STATE] INITIALIZING TASK ---> READY
[2122:ITSDigitizer]: [07:39:31][STATE] READY ---> RUNNING
[2122:ITSDigitizer]: [07:39:31][INFO] DEVICE: Running...
[2122:ITSDigitizer]: [07:39:31][INFO] GOT 20 COLLISSION TIMES
[2122:ITSDigitizer]: [07:39:31][INFO] SIMCHAINS 1
[2122:ITSDigitizer]: [07:39:31][INFO]  CALLING ITS DIGITIZATION 
[2122:ITSDigitizer]: [07:39:32][INFO] Digitizing ITS hits of entry 0 from source 0 at time BCid:   92 Orbit:      1 |T in BC(ns): -0.046 ROFrame= 9) cont.mode: 1 Min/Max ROFrames 0/8
[2122:ITSDigitizer]: [07:39:32][INFO] Filling ITS digits output for RO frames 0:8
[2122:ITSDigitizer]: ROF: 0 | 1283 entries starting from 0
[2122:ITSDigitizer]: BCid:    0 Orbit:      0
[2122:ITSDigitizer]: ROF: 1 | 1267 entries starting from 1283
[2122:ITSDigitizer]: BCid:  396 Orbit:      0
[2122:ITSDigitizer]: ROF: 2 | 1323 entries starting from 2550
[2122:ITSDigitizer]: BCid:  792 Orbit:      0
[2122:ITSDigitizer]: ROF: 3 | 1229 entries starting from 3873
[2122:ITSDigitizer]: BCid: 1188 Orbit:      0
[2122:ITSDigitizer]: ROF: 4 | 1245 entries starting from 5102
[2122:ITSDigitizer]: BCid: 1584 Orbit:      0
[2122:ITSDigitizer]: ROF: 5 | 1248 entries starting from 6347
[2122:ITSDigitizer]: BCid: 1980 Orbit:      0
[2122:ITSDigitizer]: ROF: 6 | 1259 entries starting from 7595
[2122:ITSDigitizer]: BCid: 2376 Orbit:      0
[2122:ITSDigitizer]: ROF: 7 | 1258 entries starting from 8854
[2122:ITSDigitizer]: BCid: 2772 Orbit:      0
[2122:ITSDigitizer]: ROF: 8 | 1247 entries starting from 10112
[2122:ITSDigitizer]: BCid: 3168 Orbit:      0
[2122:ITSDigitizer]: [07:39:32][INFO] Added 11359 digits 
[2122:ITSDigitizer]: [07:39:32][INFO] Digitizing ITS hits of entry 1 from source 0 at time BCid: 1610 Orbit:      1 |T in BC(ns): -0.118 ROFrame= 13) cont.mode: 1 Min/Max ROFrames 9/12
[2122:ITSDigitizer]: [07:39:32][INFO] Filling ITS digits output for RO frames 9:12
[2122:ITSDigitizer]: ROF: 9 | 1750 entries starting from 11359
[2122:ITSDigitizer]: BCid:    0 Orbit:      1
[2122:ITSDigitizer]: MCEventID: 0 ROFs: 9-9 Entry in ROFRecords: 9
[2122:ITSDigitizer]: ROF: 10 | 1242 entries starting from 13109
[2122:ITSDigitizer]: BCid:  396 Orbit:      1
[2122:ITSDigitizer]: ROF: 11 | 1225 entries starting from 14351
[2122:ITSDigitizer]: BCid:  792 Orbit:      1
[2122:ITSDigitizer]: ROF: 12 | 1256 entries starting from 15576
[2122:ITSDigitizer]: BCid: 1188 Orbit:      1
[2122:ITSDigitizer]: [07:39:32][INFO] Added 5473 digits 
[2122:ITSDigitizer]: [07:39:32][INFO] Digitizing ITS hits of entry 3 from source 0 at time BCid:  270 Orbit:      2 |T in BC(ns): -0.444 ROFrame= 18) cont.mode: 1 Min/Max ROFrames 13/17
[2122:ITSDigitizer]: [07:39:32][INFO] Filling ITS digits output for RO frames 13:17
[2122:ITSDigitizer]: ROF: 13 | 22831 entries starting from 16832
[2122:ITSDigitizer]: BCid: 1584 Orbit:      1
[2122:ITSDigitizer]: MCEventID: 1 ROFs: 13-14 Entry in ROFRecords: 13
[2122:ITSDigitizer]: ROF: 14 | 1500 entries starting from 39663
[2122:ITSDigitizer]: BCid: 1980 Orbit:      1
[2122:ITSDigitizer]: ROF: 15 | 1318 entries starting from 41163
[2122:ITSDigitizer]: BCid: 2376 Orbit:      1
[2122:ITSDigitizer]: ROF: 16 | 1264 entries starting from 42481
[2122:ITSDigitizer]: BCid: 2772 Orbit:      1
[2122:ITSDigitizer]: ROF: 17 | 1252 entries starting from 43745
[2122:ITSDigitizer]: BCid: 3168 Orbit:      1
[2122:ITSDigitizer]: [07:39:32][INFO] Added 28165 digits 
[2122:ITSDigitizer]: [07:39:32][INFO] Digitizing ITS hits of entry 4 from source 0 at time BCid:  406 Orbit:      2 |T in BC(ns): 0.001 ROFrame= 19) cont.mode: 1 Min/Max ROFrames 18/20
[2122:ITSDigitizer]: [07:39:32][INFO] Filling ITS digits output for RO frames 18:18
[2122:ITSDigitizer]: ROF: 18 | 75023 entries starting from 44997
[2122:ITSDigitizer]: BCid:    0 Orbit:      2
[2122:ITSDigitizer]: MCEventID: 3 ROFs: 18-20 Entry in ROFRecords: 18
[2122:ITSDigitizer]: [07:39:32][INFO] Added 75023 digits 
[2122:ITSDigitizer]: [07:39:32][INFO] Digitizing ITS hits of entry 5 from source 0 at time BCid:  450 Orbit:      2 |T in BC(ns): 0.044 ROFrame= 19) cont.mode: 1 Min/Max ROFrames 19/20
[2122:ITSDigitizer]: [07:39:32][INFO] Digitizing ITS hits of entry 6 from source 0 at time BCid: 1616 Orbit:      2 |T in BC(ns): 0.216 ROFrame= 22) cont.mode: 1 Min/Max ROFrames 19/21
[2122:ITSDigitizer]: [07:39:32][INFO] Filling ITS digits output for RO frames 19:21
[2122:ITSDigitizer]: ROF: 19 | 149512 entries starting from 120020
[2122:ITSDigitizer]: BCid:  396 Orbit:      2
[2122:ITSDigitizer]: MCEventID: 4 ROFs: 19-20 Entry in ROFRecords: 19
[2122:ITSDigitizer]: MCEventID: 5 ROFs: 19-20 Entry in ROFRecords: 19
[2122:ITSDigitizer]: ROF: 20 | 1661 entries starting from 269532
[2122:ITSDigitizer]: BCid:  792 Orbit:      2
[2122:ITSDigitizer]: ROF: 21 | 1250 entries starting from 271193
[2122:ITSDigitizer]: BCid: 1188 Orbit:      2
[2122:ITSDigitizer]: [07:39:32][INFO] Added 152423 digits 
[2122:ITSDigitizer]: [07:39:32][INFO] Digitizing ITS hits of entry 7 from source 0 at time BCid: 2192 Orbit:      2 |T in BC(ns): 0.248 ROFrame= 23) cont.mode: 1 Min/Max ROFrames 22/24
[2122:ITSDigitizer]: [07:39:32][INFO] Filling ITS digits output for RO frames 22:22
[2122:ITSDigitizer]: ROF: 22 | 4447 entries starting from 272443
[2122:ITSDigitizer]: BCid: 1584 Orbit:      2
[2122:ITSDigitizer]: MCEventID: 6 ROFs: 22-24 Entry in ROFRecords: 22
[2122:ITSDigitizer]: [07:39:32][INFO] Added 4447 digits 
[2122:ITSDigitizer]: [07:39:33][INFO] Digitizing ITS hits of entry 8 from source 0 at time BCid: 1034 Orbit:      3 |T in BC(ns): -0.010 ROFrame= 29) cont.mode: 1 Min/Max ROFrames 23/28
[2122:ITSDigitizer]: [07:39:33][INFO] Filling ITS digits output for RO frames 23:28
[2122:ITSDigitizer]: ROF: 23 | 93322 entries starting from 276890
[2122:ITSDigitizer]: BCid: 1980 Orbit:      2
[2122:ITSDigitizer]: MCEventID: 7 ROFs: 23-25 Entry in ROFRecords: 23
[2122:ITSDigitizer]: ROF: 24 | 93350 entries starting from 370212
[2122:ITSDigitizer]: BCid: 2376 Orbit:      2
[2122:ITSDigitizer]: ROF: 25 | 1416 entries starting from 463562
[2122:ITSDigitizer]: BCid: 2772 Orbit:      2
[2122:ITSDigitizer]: ROF: 26 | 1284 entries starting from 464978
[2122:ITSDigitizer]: BCid: 3168 Orbit:      2
[2122:ITSDigitizer]: ROF: 27 | 1322 entries starting from 466262
[2122:ITSDigitizer]: BCid:    0 Orbit:      3
[2122:ITSDigitizer]: ROF: 28 | 1267 entries starting from 467584
[2122:ITSDigitizer]: BCid:  396 Orbit:      3
[2122:ITSDigitizer]: [07:39:33][INFO] Added 191961 digits 
[2122:ITSDigitizer]: [07:39:33][INFO] Digitizing ITS hits of entry 9 from source 0 at time BCid: 1396 Orbit:      3 |T in BC(ns): -0.055 ROFrame= 30) cont.mode: 1 Min/Max ROFrames 29/31
[2122:ITSDigitizer]: [07:39:33][INFO] Filling ITS digits output for RO frames 29:29
[2122:ITSDigitizer]: ROF: 29 | 169391 entries starting from 468851
[2122:ITSDigitizer]: BCid:  792 Orbit:      3
[2122:ITSDigitizer]: MCEventID: 8 ROFs: 29-31 Entry in ROFRecords: 29
[2122:ITSDigitizer]: [07:39:34][INFO] Added 169391 digits 
[2122:ITSDigitizer]: [07:39:34][INFO] Digitizing ITS hits of entry 10 from source 0 at time BCid: 1398 Orbit:      3 |T in BC(ns): 0.038 ROFrame= 30) cont.mode: 1 Min/Max ROFrames 30/32
[2122:ITSDigitizer]: [07:39:34][INFO] Digitizing ITS hits of entry 11 from source 0 at time BCid: 1544 Orbit:      3 |T in BC(ns): 0.080 ROFrame= 30) cont.mode: 1 Min/Max ROFrames 30/32
[2122:ITSDigitizer]: [07:39:34][INFO] Digitizing ITS hits of entry 12 from source 0 at time BCid: 1758 Orbit:      3 |T in BC(ns): -0.123 ROFrame= 31) cont.mode: 1 Min/Max ROFrames 30/32
[2122:ITSDigitizer]: [07:39:34][INFO] Filling ITS digits output for RO frames 30:30
[2122:ITSDigitizer]: ROF: 30 | 332770 entries starting from 638242
[2122:ITSDigitizer]: BCid: 1188 Orbit:      3
[2122:ITSDigitizer]: MCEventID: 9 ROFs: 30-32 Entry in ROFRecords: 30
[2122:ITSDigitizer]: MCEventID: 10 ROFs: 30-31 Entry in ROFRecords: 30
[2122:ITSDigitizer]: MCEventID: 11 ROFs: 30-32 Entry in ROFRecords: 30
[2122:ITSDigitizer]: [07:39:34][INFO] Added 332770 digits 
[2122:ITSDigitizer]: [07:39:34][INFO] Digitizing ITS hits of entry 13 from source 0 at time BCid:   30 Orbit:      4 |T in BC(ns): -0.143 ROFrame= 36) cont.mode: 1 Min/Max ROFrames 31/35
[2122:ITSDigitizer]: [07:39:34][INFO] Filling ITS digits output for RO frames 31:35
[2122:ITSDigitizer]: ROF: 31 | 269865 entries starting from 971012
[2122:ITSDigitizer]: BCid: 1584 Orbit:      3
[2122:ITSDigitizer]: MCEventID: 12 ROFs: 31-33 Entry in ROFRecords: 31
[2122:ITSDigitizer]: ROF: 32 | 106343 entries starting from 1240877
[2122:ITSDigitizer]: BCid: 1980 Orbit:      3
[2122:ITSDigitizer]: ROF: 33 | 1358 entries starting from 1347220
[2122:ITSDigitizer]: BCid: 2376 Orbit:      3
[2122:ITSDigitizer]: ROF: 34 | 1175 entries starting from 1348578
[2122:ITSDigitizer]: BCid: 2772 Orbit:      3
[2122:ITSDigitizer]: ROF: 35 | 1228 entries starting from 1349753
[2122:ITSDigitizer]: BCid: 3168 Orbit:      3
[2122:ITSDigitizer]: [07:39:35][INFO] Added 379969 digits 
[2122:ITSDigitizer]: [07:39:35][INFO] Digitizing ITS hits of entry 14 from source 0 at time BCid:  198 Orbit:      4 |T in BC(ns): 0.220 ROFrame= 36) cont.mode: 1 Min/Max ROFrames 36/37
[2122:ITSDigitizer]: [07:39:35][INFO] Digitizing ITS hits of entry 15 from source 0 at time BCid: 1394 Orbit:      4 |T in BC(ns): 0.050 ROFrame= 39) cont.mode: 1 Min/Max ROFrames 36/38
[2122:ITSDigitizer]: [07:39:35][INFO] Filling ITS digits output for RO frames 36:38
[2122:ITSDigitizer]: ROF: 36 | 84198 entries starting from 1350981
[2122:ITSDigitizer]: BCid:    0 Orbit:      4
[2122:ITSDigitizer]: MCEventID: 13 ROFs: 36-37 Entry in ROFRecords: 36
[2122:ITSDigitizer]: MCEventID: 14 ROFs: 36-37 Entry in ROFRecords: 36
[2122:ITSDigitizer]: ROF: 37 | 3704 entries starting from 1435179
[2122:ITSDigitizer]: BCid:  396 Orbit:      4
[2122:ITSDigitizer]: ROF: 38 | 1304 entries starting from 1438883
[2122:ITSDigitizer]: BCid:  792 Orbit:      4
[2122:ITSDigitizer]: [07:39:35][INFO] Added 89206 digits 
[2122:ITSDigitizer]: [07:39:35][INFO] Digitizing ITS hits of entry 16 from source 0 at time BCid:   10 Orbit:      5 |T in BC(ns): 0.683 ROFrame= 45) cont.mode: 1 Min/Max ROFrames 39/44
[2122:ITSDigitizer]: [07:39:35][INFO] Filling ITS digits output for RO frames 39:44
[2122:ITSDigitizer]: ROF: 39 | 19325 entries starting from 1440187
[2122:ITSDigitizer]: BCid: 1188 Orbit:      4
[2122:ITSDigitizer]: MCEventID: 15 ROFs: 39-41 Entry in ROFRecords: 39
[2122:ITSDigitizer]: ROF: 40 | 19187 entries starting from 1459512
[2122:ITSDigitizer]: BCid: 1584 Orbit:      4
[2122:ITSDigitizer]: ROF: 41 | 1307 entries starting from 1478699
[2122:ITSDigitizer]: BCid: 1980 Orbit:      4
[2122:ITSDigitizer]: ROF: 42 | 1234 entries starting from 1480006
[2122:ITSDigitizer]: BCid: 2376 Orbit:      4
[2122:ITSDigitizer]: ROF: 43 | 1254 entries starting from 1481240
[2122:ITSDigitizer]: BCid: 2772 Orbit:      4
[2122:ITSDigitizer]: ROF: 44 | 1284 entries starting from 1482494
[2122:ITSDigitizer]: BCid: 3168 Orbit:      4
[2122:ITSDigitizer]: [07:39:35][INFO] Added 43591 digits 
[2122:ITSDigitizer]: [07:39:35][INFO] Digitizing ITS hits of entry 17 from source 0 at time BCid: 1752 Orbit:      5 |T in BC(ns): 0.204 ROFrame= 49) cont.mode: 1 Min/Max ROFrames 45/48
[2122:ITSDigitizer]: [07:39:35][INFO] Filling ITS digits output for RO frames 45:48
[2122:ITSDigitizer]: ROF: 45 | 72792 entries starting from 1483778
[2122:ITSDigitizer]: BCid:    0 Orbit:      5
[2122:ITSDigitizer]: MCEventID: 16 ROFs: 45-46 Entry in ROFRecords: 45
[2122:ITSDigitizer]: ROF: 46 | 1587 entries starting from 1556570
[2122:ITSDigitizer]: BCid:  396 Orbit:      5
[2122:ITSDigitizer]: ROF: 47 | 1312 entries starting from 1558157
[2122:ITSDigitizer]: BCid:  792 Orbit:      5
[2122:ITSDigitizer]: ROF: 48 | 1251 entries starting from 1559469
[2122:ITSDigitizer]: BCid: 1188 Orbit:      5
[2122:ITSDigitizer]: [07:39:35][INFO] Added 76942 digits 
[2122:ITSDigitizer]: [07:39:35][INFO] Digitizing ITS hits of entry 18 from source 0 at time BCid:  600 Orbit:      6 |T in BC(ns): -0.084 ROFrame= 55) cont.mode: 1 Min/Max ROFrames 49/54
[2122:ITSDigitizer]: [07:39:35][INFO] Filling ITS digits output for RO frames 49:54
[2122:ITSDigitizer]: ROF: 49 | 26261 entries starting from 1560720
[2122:ITSDigitizer]: BCid: 1584 Orbit:      5
[2122:ITSDigitizer]: MCEventID: 17 ROFs: 49-50 Entry in ROFRecords: 49
[2122:ITSDigitizer]: ROF: 50 | 26268 entries starting from 1586981
[2122:ITSDigitizer]: BCid: 1980 Orbit:      5
[2122:ITSDigitizer]: ROF: 51 | 1314 entries starting from 1613249
[2122:ITSDigitizer]: BCid: 2376 Orbit:      5
[2122:ITSDigitizer]: ROF: 52 | 1276 entries starting from 1614563
[2122:ITSDigitizer]: BCid: 2772 Orbit:      5
[2122:ITSDigitizer]: ROF: 53 | 1329 entries starting from 1615839
[2122:ITSDigitizer]: BCid: 3168 Orbit:      5
[2122:ITSDigitizer]: ROF: 54 | 1315 entries starting from 1617168
[2122:ITSDigitizer]: BCid:    0 Orbit:      6
[2122:ITSDigitizer]: [07:39:35][INFO] Added 57763 digits 
[2122:ITSDigitizer]: [07:39:35][INFO] Digitizing ITS hits of entry 19 from source 0 at time BCid: 1004 Orbit:      6 |T in BC(ns): -0.284 ROFrame= 56) cont.mode: 1 Min/Max ROFrames 55/56
[2122:ITSDigitizer]: [07:39:35][INFO] Filling ITS digits output for RO frames 55:55
[2122:ITSDigitizer]: ROF: 55 | 1674 entries starting from 1618483
[2122:ITSDigitizer]: BCid:  396 Orbit:      6
[2122:ITSDigitizer]: MCEventID: 18 ROFs: 55-56 Entry in ROFRecords: 55
[2122:ITSDigitizer]: [07:39:35][INFO] Added 1674 digits 
[2122:ITSDigitizer]: [07:39:35][INFO] Filling ITS digits output for RO frames 56:57
[2122:ITSDigitizer]: ROF: 56 | 12070 entries starting from 1620157
[2122:ITSDigitizer]: BCid:  792 Orbit:      6
[2122:ITSDigitizer]: MCEventID: 19 ROFs: 56-57 Entry in ROFRecords: 56
[2122:ITSDigitizer]: ROF: 57 | 11587 entries starting from 1632227
[2122:ITSDigitizer]: BCid: 1188 Orbit:      6
[2122:ITSDigitizer]: [07:39:35][INFO] Added 23657 digits 
[2122:ITSDigitizer]: [07:39:35][INFO] ITS: Sending ROMode= 3 to GRPUpdater
[2122:ITSDigitizer]: [07:39:35][INFO] Digitization took 3.66s
[2124:ITSDigitWriter]: [07:39:35][INFO] WRITING 1652854 LABELS 
[2123:GRPUpdater]: [07:39:35][INFO] Updated GRP in o2sim_grp.root for detectors RO mode
[2123:GRPUpdater]: Run: 1621488924
[2123:GRPUpdater]: Fill:      0
[2123:GRPUpdater]: Period: 
[2123:GRPUpdater]: LHC State: 
[2123:GRPUpdater]: Start: Thu May 20 07:35:27 2021
[2123:GRPUpdater]: End  : Thu May 20 07:35:27 2021
[2123:GRPUpdater]: Beam0: Z:A =   0:  0, Energy = 0.000
[2123:GRPUpdater]: Beam1: Z:A =   0:  0, Energy = 0.000
[2123:GRPUpdater]: sqrt[s]    = 0.000
[2123:GRPUpdater]: crossing angle (radian) = 0.000000e+00
[2123:GRPUpdater]: magnet currents (A) L3 = -30000.000, Dipole = -6000
[2123:GRPUpdater]: Detectors: Cont.RO Triggers
[2123:GRPUpdater]:       ITS:    +       -    
[2124:ITSDigitWriter]: [07:39:35][INFO] RECEIVED DIGITS SIZE 1643814
[INFO] Quitting
[INFO] QUIT_REQUESTED
[2121:SimReader]: [07:39:36][INFO] Received device shutdown request (signal 15).
[2121:SimReader]: [07:39:36][INFO] Waiting for graceful device shutdown. Hit Ctrl-C again to abort immediately.
[2122:ITSDigitizer]: [07:39:36][INFO] Received device shutdown request (signal 15).
[2122:ITSDigitizer]: [07:39:36][INFO] Waiting for graceful device shutdown. Hit Ctrl-C again to abort immediately.
[2121:SimReader]: [07:39:36][STATE] RUNNING ---> READY
[2121:SimReader]: [07:39:36][STATE] READY ---> RESETTING TASK
[2121:SimReader]: [07:39:36][STATE] RESETTING TASK ---> DEVICE READY
[2121:SimReader]: [07:39:36][STATE] DEVICE READY ---> RESETTING DEVICE
[2121:SimReader]: [07:39:36][STATE] RESETTING DEVICE ---> IDLE
[2121:SimReader]: [07:39:36][STATE] IDLE ---> EXITING
[2121:SimReader]: [07:39:36][STATE] Exiting FairMQ state machine
[2120:internal-dpl-clock]: [07:39:36][INFO] Received device shutdown request (signal 15).
[2120:internal-dpl-clock]: [07:39:36][INFO] Waiting for graceful device shutdown. Hit Ctrl-C again to abort immediately.
[2123:GRPUpdater]: [07:39:36][INFO] Received device shutdown request (signal 15).
[2123:GRPUpdater]: [07:39:36][INFO] Waiting for graceful device shutdown. Hit Ctrl-C again to abort immediately.
[2124:ITSDigitWriter]: [07:39:36][INFO] Received device shutdown request (signal 15).
[2124:ITSDigitWriter]: [07:39:36][INFO] Waiting for graceful device shutdown. Hit Ctrl-C again to abort immediately.
[2120:internal-dpl-clock]: [07:39:36][STATE] RUNNING ---> READY
[2120:internal-dpl-clock]: [07:39:36][STATE] READY ---> RESETTING TASK
[2120:internal-dpl-clock]: [07:39:36][STATE] RESETTING TASK ---> DEVICE READY
[2120:internal-dpl-clock]: [07:39:36][STATE] DEVICE READY ---> RESETTING DEVICE
[2120:internal-dpl-clock]: [07:39:36][STATE] RESETTING DEVICE ---> IDLE
[2120:internal-dpl-clock]: [07:39:36][STATE] IDLE ---> EXITING
[2120:internal-dpl-clock]: [07:39:36][STATE] Exiting FairMQ state machine
[2123:GRPUpdater]: [07:39:36][STATE] RUNNING ---> READY
[2122:ITSDigitizer]: [07:39:36][STATE] RUNNING ---> READY
[2123:GRPUpdater]: [07:39:36][STATE] READY ---> RESETTING TASK
[2122:ITSDigitizer]: [07:39:36][STATE] READY ---> RESETTING TASK
[2122:ITSDigitizer]: [07:39:36][STATE] RESETTING TASK ---> DEVICE READY
[2123:GRPUpdater]: [07:39:36][STATE] RESETTING TASK ---> DEVICE READY
[2122:ITSDigitizer]: [07:39:36][STATE] DEVICE READY ---> RESETTING DEVICE
[2123:GRPUpdater]: [07:39:36][STATE] DEVICE READY ---> RESETTING DEVICE
[2122:ITSDigitizer]: [07:39:36][STATE] RESETTING DEVICE ---> IDLE
[2123:GRPUpdater]: [07:39:36][STATE] RESETTING DEVICE ---> IDLE
[2123:GRPUpdater]: [07:39:36][STATE] IDLE ---> EXITING
[2122:ITSDigitizer]: [07:39:36][STATE] IDLE ---> EXITING
[2123:GRPUpdater]: [07:39:36][STATE] Exiting FairMQ state machine
[2122:ITSDigitizer]: [07:39:36][STATE] Exiting FairMQ state machine
[2124:ITSDigitWriter]: [07:39:38][STATE] RUNNING ---> READY
[2124:ITSDigitWriter]: [07:39:38][STATE] READY ---> RESETTING TASK
[2124:ITSDigitWriter]: [07:39:38][STATE] RESETTING TASK ---> DEVICE READY
[2124:ITSDigitWriter]: [07:39:38][STATE] DEVICE READY ---> RESETTING DEVICE
[2124:ITSDigitWriter]: Cleaning up for shared memory id '9a79b5e0'...
[2124:ITSDigitWriter]: No region counter found. No regions to cleanup.
[2124:ITSDigitWriter]: Successfully removed 'fmq_9a79b5e0_m_0'.
[2124:ITSDigitWriter]: Successfully removed 'fmq_9a79b5e0_mng'.
[2124:ITSDigitWriter]: Successfully removed 'fmq_9a79b5e0_mtx'.
[2124:ITSDigitWriter]: Successfully removed 'fmq_9a79b5e0_cv'.
[2124:ITSDigitWriter]: [07:39:38][STATE] RESETTING DEVICE ---> IDLE
[2124:ITSDigitWriter]: [07:39:38][STATE] IDLE ---> EXITING
[2124:ITSDigitWriter]: [07:39:38][STATE] Exiting FairMQ state machine
[INFO] Dumping used configuration in dpl-config.json

==============================================================================================
3. Tracking
[INFO] Initialising O2 Data Processing Layer
[INFO] O2 Data Processing Layer initialised. We brake for nobody.
[INFO] Optimised build. O2DEBUG / LOG(DEBUG) / LOGF(DEBUG) / assert statement will not be shown.
[INFO] Redeployment of configuration asked.
[INFO] Starting internal-dpl-clock on pid 3203
[INFO] Starting its-digit-reader on pid 3204
[INFO] Starting its-clusterer on pid 3205
[INFO] Starting its-cluster-writer on pid 3206
[INFO] Starting its-tracker on pid 3207
[INFO] Starting its-track-writer on pid 3208
[INFO] Redeployment of configuration done.
[3204:its-digit-reader]: [INFO] Spawing new device its-digit-reader in process with pid 3204
[3204:its-digit-reader]: [07:42:07][INFO] 
[3204:its-digit-reader]:       ______      _    _______  _________ 
[3204:its-digit-reader]:      / ____/___ _(_)_______   |/  /_  __ \    version 1.4.29
[3204:its-digit-reader]:     / /_  / __ `/ / ___/__  /|_/ /_  / / /    build RELWITHDEBINFO
[3204:its-digit-reader]:    / __/ / /_/ / / /    _  /  / / / /_/ /     https://github.com/FairRootGroup/FairMQ
[3204:its-digit-reader]:   /_/    \__,_/_/_/     /_/  /_/  \___\_\     LGPL-3.0  © 2012-2020 GSI
[3204:its-digit-reader]: 
[3204:its-digit-reader]: [07:42:07][STATE] Starting FairMQ state machine --> IDLE
[3206:its-cluster-writer]: [INFO] Spawing new device its-cluster-writer in process with pid 3206
[3207:its-tracker]: [INFO] Spawing new device its-tracker in process with pid 3207
[3204:its-digit-reader]: 2021-05-20 07:42:07	Monitoring	[0;49mStdOut backend initialized[0m
[3203:internal-dpl-clock]: [INFO] Spawing new device internal-dpl-clock in process with pid 3203
[3204:its-digit-reader]: [07:42:07][STATE] IDLE ---> INITIALIZING DEVICE
[3205:its-clusterer]: [INFO] Spawing new device its-clusterer in process with pid 3205
[3206:its-cluster-writer]: [07:42:07][INFO] 
[3206:its-cluster-writer]:       ______      _    _______  _________ 
[3206:its-cluster-writer]:      / ____/___ _(_)_______   |/  /_  __ \    version 1.4.29
[3206:its-cluster-writer]:     / /_  / __ `/ / ___/__  /|_/ /_  / / /    build RELWITHDEBINFO
[3206:its-cluster-writer]:    / __/ / /_/ / / /    _  /  / / / /_/ /     https://github.com/FairRootGroup/FairMQ
[3206:its-cluster-writer]:   /_/    \__,_/_/_/     /_/  /_/  \___\_\     LGPL-3.0  © 2012-2020 GSI
[3206:its-cluster-writer]: 
[3206:its-cluster-writer]: [07:42:07][STATE] Starting FairMQ state machine --> IDLE
[3206:its-cluster-writer]: 2021-05-20 07:42:07	Monitoring	[0;49mStdOut backend initialized[0m
[3206:its-cluster-writer]: [07:42:07][STATE] IDLE ---> INITIALIZING DEVICE
[3207:its-tracker]: [07:42:07][INFO] 
[3207:its-tracker]:       ______      _    _______  _________ 
[3207:its-tracker]:      / ____/___ _(_)_______   |/  /_  __ \    version 1.4.29
[3207:its-tracker]:     / /_  / __ `/ / ___/__  /|_/ /_  / / /    build RELWITHDEBINFO
[3207:its-tracker]:    / __/ / /_/ / / /    _  /  / / / /_/ /     https://github.com/FairRootGroup/FairMQ
[3207:its-tracker]:   /_/    \__,_/_/_/     /_/  /_/  \___\_\     LGPL-3.0  © 2012-2020 GSI
[3207:its-tracker]: 
[3207:its-tracker]: [07:42:07][STATE] Starting FairMQ state machine --> IDLE
[3207:its-tracker]: 2021-05-20 07:42:07	Monitoring	[0;49mStdOut backend initialized[0m
[3207:its-tracker]: [07:42:07][STATE] IDLE ---> INITIALIZING DEVICE
[3207:its-tracker]: 2021-05-20 07:42:07	Monitoring	[0;49mBuffering enabled (100)[0m
[3207:its-tracker]: [07:42:07][INFO] Created GPUReconstruction instance for device type CPU (1) 
[3208:its-track-writer]: [INFO] Spawing new device its-track-writer in process with pid 3208
[3208:its-track-writer]: [07:42:07][INFO] 
[3208:its-track-writer]:       ______      _    _______  _________ 
[3208:its-track-writer]:      / ____/___ _(_)_______   |/  /_  __ \    version 1.4.29
[3208:its-track-writer]:     / /_  / __ `/ / ___/__  /|_/ /_  / / /    build RELWITHDEBINFO
[3208:its-track-writer]:    / __/ / /_/ / / /    _  /  / / / /_/ /     https://github.com/FairRootGroup/FairMQ
[3208:its-track-writer]:   /_/    \__,_/_/_/     /_/  /_/  \___\_\     LGPL-3.0  © 2012-2020 GSI
[3208:its-track-writer]: 
[3208:its-track-writer]: [07:42:07][STATE] Starting FairMQ state machine --> IDLE
[3208:its-track-writer]: 2021-05-20 07:42:07	Monitoring	[0;49mStdOut backend initialized[0m
[3203:internal-dpl-clock]: [07:42:07][INFO] 
[3203:internal-dpl-clock]:       ______      _    _______  _________ 
[3203:internal-dpl-clock]:      / ____/___ _(_)_______   |/  /_  __ \    version 1.4.29
[3203:internal-dpl-clock]:     / /_  / __ `/ / ___/__  /|_/ /_  / / /    build RELWITHDEBINFO
[3203:internal-dpl-clock]:    / __/ / /_/ / / /    _  /  / / / /_/ /     https://github.com/FairRootGroup/FairMQ
[3203:internal-dpl-clock]:   /_/    \__,_/_/_/     /_/  /_/  \___\_\     LGPL-3.0  © 2012-2020 GSI
[3203:internal-dpl-clock]: 
[3203:internal-dpl-clock]: [07:42:07][STATE] Starting FairMQ state machine --> IDLE
[3203:internal-dpl-clock]: 2021-05-20 07:42:07	Monitoring	[0;49mStdOut backend initialized[0m
[3203:internal-dpl-clock]: [07:42:07][STATE] IDLE ---> INITIALIZING DEVICE
[3203:internal-dpl-clock]: 2021-05-20 07:42:07	Monitoring	[0;49mBuffering enabled (100)[0m
[3203:internal-dpl-clock]: [07:42:07][STATE] INITIALIZING DEVICE ---> INITIALIZED
[3203:internal-dpl-clock]: [07:42:07][STATE] INITIALIZED ---> BINDING
[3203:internal-dpl-clock]: [07:42:07][STATE] BINDING ---> BOUND
[3203:internal-dpl-clock]: [07:42:07][STATE] BOUND ---> CONNECTING
[3203:internal-dpl-clock]: [07:42:07][STATE] CONNECTING ---> DEVICE READY
[3203:internal-dpl-clock]: [07:42:07][STATE] DEVICE READY ---> INITIALIZING TASK
[3203:internal-dpl-clock]: [07:42:07][STATE] INITIALIZING TASK ---> READY
[3203:internal-dpl-clock]: [07:42:07][STATE] READY ---> RUNNING
[3203:internal-dpl-clock]: [07:42:07][INFO] DEVICE: Running...
[3204:its-digit-reader]: 2021-05-20 07:42:07	Monitoring	[0;49mBuffering enabled (100)[0m
[3205:its-clusterer]: [07:42:07][INFO] 
[3205:its-clusterer]:       ______      _    _______  _________ 
[3205:its-clusterer]:      / ____/___ _(_)_______   |/  /_  __ \    version 1.4.29
[3205:its-clusterer]:     / /_  / __ `/ / ___/__  /|_/ /_  / / /    build RELWITHDEBINFO
[3205:its-clusterer]:    / __/ / /_/ / / /    _  /  / / / /_/ /     https://github.com/FairRootGroup/FairMQ
[3205:its-clusterer]:   /_/    \__,_/_/_/     /_/  /_/  \___\_\     LGPL-3.0  © 2012-2020 GSI
[3205:its-clusterer]: 
[3205:its-clusterer]: [07:42:07][STATE] Starting FairMQ state machine --> IDLE
[3205:its-clusterer]: 2021-05-20 07:42:07	Monitoring	[0;49mStdOut backend initialized[0m
[3205:its-clusterer]: [07:42:07][STATE] IDLE ---> INITIALIZING DEVICE
[3205:its-clusterer]: 2021-05-20 07:42:07	Monitoring	[0;49mBuffering enabled (100)[0m
[3208:its-track-writer]: [07:42:07][STATE] IDLE ---> INITIALIZING DEVICE
[3205:its-clusterer]: [07:42:07][INFO] Dictionary ITSdictionary.bin is absent, ITSClusterer expects cluster patterns
[3205:its-clusterer]: [07:42:07][INFO] Clusterizer masks overflow pixels separated by < 406 BC and <= 0 in row/col
[3205:its-clusterer]: [07:42:07][INFO] Inclusive clusterization timing (w/o disk IO): Cpu: 0 Real: 0 s in 1 slots
[3205:its-clusterer]: [07:42:07][INFO] Threads output merging timing                : Cpu: 0 Real: 0 s in 1 slots
[3205:its-clusterer]: [07:42:07][STATE] INITIALIZING DEVICE ---> INITIALIZED
[3205:its-clusterer]: [07:42:07][STATE] INITIALIZED ---> BINDING
[3205:its-clusterer]: [07:42:07][STATE] BINDING ---> BOUND
[3205:its-clusterer]: [07:42:07][STATE] BOUND ---> CONNECTING
[3205:its-clusterer]: [07:42:07][STATE] CONNECTING ---> DEVICE READY
[3205:its-clusterer]: [07:42:07][STATE] DEVICE READY ---> INITIALIZING TASK
[3205:its-clusterer]: [07:42:07][STATE] INITIALIZING TASK ---> READY
[3205:its-clusterer]: [07:42:07][STATE] READY ---> RUNNING
[3205:its-clusterer]: [07:42:07][INFO] DEVICE: Running...
[3204:its-digit-reader]: [07:42:07][STATE] INITIALIZING DEVICE ---> INITIALIZED
[3204:its-digit-reader]: [07:42:07][STATE] INITIALIZED ---> BINDING
[3204:its-digit-reader]: [07:42:07][STATE] BINDING ---> BOUND
[3204:its-digit-reader]: [07:42:07][STATE] BOUND ---> CONNECTING
[3204:its-digit-reader]: [07:42:07][STATE] CONNECTING ---> DEVICE READY
[3204:its-digit-reader]: [07:42:07][STATE] DEVICE READY ---> INITIALIZING TASK
[3204:its-digit-reader]: [07:42:07][STATE] INITIALIZING TASK ---> READY
[3204:its-digit-reader]: [07:42:07][STATE] READY ---> RUNNING
[3204:its-digit-reader]: [07:42:07][INFO] DEVICE: Running...
[3208:its-track-writer]: 2021-05-20 07:42:07	Monitoring	[0;49mBuffering enabled (100)[0m
[3208:its-track-writer]: [07:42:07][INFO] 0: branch  ITSTrack set up
[3208:its-track-writer]: [07:42:07][INFO] 1: branch  ITSTrackClusIdx set up
[3208:its-track-writer]: [07:42:07][INFO] 2: branch  Vertices set up
[3208:its-track-writer]: [07:42:07][INFO] 3: branch  VerticesROF set up
[3208:its-track-writer]: [07:42:07][INFO] 4: branch  ITSTracksROF set up
[3208:its-track-writer]: [07:42:07][INFO] 5: branch  ITSTrackMCTruth set up
[3208:its-track-writer]: [07:42:07][INFO] 6: branch  ITSTracksMC2ROF set up
[3208:its-track-writer]: [07:42:07][STATE] INITIALIZING DEVICE ---> INITIALIZED
[3208:its-track-writer]: [07:42:07][STATE] INITIALIZED ---> BINDING
[3208:its-track-writer]: [07:42:07][STATE] BINDING ---> BOUND
[3208:its-track-writer]: [07:42:07][STATE] BOUND ---> CONNECTING
[3208:its-track-writer]: [07:42:07][STATE] CONNECTING ---> DEVICE READY
[3208:its-track-writer]: [07:42:07][STATE] DEVICE READY ---> INITIALIZING TASK
[3208:its-track-writer]: [07:42:07][STATE] INITIALIZING TASK ---> READY
[3208:its-track-writer]: [07:42:07][STATE] READY ---> RUNNING
[3208:its-track-writer]: [07:42:07][INFO] DEVICE: Running...
[3207:its-tracker]: [07:42:07][INFO] MagneticField::Print: MagneticFieldMap:
[3207:its-tracker]: [07:42:07][INFO] MagneticField::Print: Solenoid (-1*)5 kG, Dipole ON (-1) 
[3207:its-tracker]: [07:42:07][INFO] MagneticField::Print: Machine B fields for p-p  beam (7000 GeV): QGrad: 22.0002 Dipole: 37.8781
[3207:its-tracker]: [07:42:07][INFO] MagneticField::Print: Uses Sol30_Dip6_Hole  of /cvmfs/alice.cern.ch/el7-x86_64/Packages/O2/nightly-20210129-1/share/Common/maps/mfchebKGI_sym.root
[3207:its-tracker]: [07:42:07][INFO] Loading geometry FAIRGeom from o2sim_geometry.root
[3207:its-tracker]: Info in <TGeoGlobalMagField::SetField>: Global magnetic field set to <MagneticFieldMap>
[3207:its-tracker]: Info in <TGeoGlobalMagField::Lock>: Global magnetic field <MagneticFieldMap> is now locked
[3207:its-tracker]: Info in <TGeoManager::CloseGeometry>: Geometry loaded from file...
[3207:its-tracker]: Info in <TGeoManager::SetTopVolume>: Top volume is cave. Master volume is cave
[3207:its-tracker]: Info in <TGeoNavigator::BuildCache>: --- Maximum geometry depth set to 100
[3207:its-tracker]: Info in <TGeoManager::CloseGeometry>: Voxelization retrieved from file
[3207:its-tracker]: Info in <TGeoManager::CountLevels>: max level = 9, max placements = 126
[3207:its-tracker]: Info in <TGeoManager::CloseGeometry>: 179840 nodes/ 399 volume UID's in FAIR geometry
[3207:its-tracker]: Info in <TGeoManager::CloseGeometry>: ----------------modeler ready----------------
[3207:its-tracker]: [07:42:08][INFO] Loading ITS T2L matrices from TGeo
[3206:its-cluster-writer]: 2021-05-20 07:42:07	Monitoring	[0;49mBuffering enabled (100)[0m
[3206:its-cluster-writer]: [07:42:08][INFO] 0: branch  ITSClusterComp set up
[3206:its-cluster-writer]: [07:42:08][INFO] 1: branch  ITSClusterPatt set up
[3206:its-cluster-writer]: [07:42:08][INFO] 2: branch  ITSClustersROF set up
[3206:its-cluster-writer]: [07:42:08][INFO] 3: branch  ITSClusterMCTruth set up
[3206:its-cluster-writer]: [07:42:08][INFO] 4: branch  ITSClustersMC2ROF set up
[3206:its-cluster-writer]: [07:42:08][STATE] INITIALIZING DEVICE ---> INITIALIZED
[3206:its-cluster-writer]: [07:42:08][STATE] INITIALIZED ---> BINDING
[3206:its-cluster-writer]: [07:42:08][STATE] BINDING ---> BOUND
[3206:its-cluster-writer]: [07:42:08][STATE] BOUND ---> CONNECTING
[3206:its-cluster-writer]: [07:42:08][STATE] CONNECTING ---> DEVICE READY
[3206:its-cluster-writer]: [07:42:08][STATE] DEVICE READY ---> INITIALIZING TASK
[3206:its-cluster-writer]: [07:42:08][STATE] INITIALIZING TASK ---> READY
[3206:its-cluster-writer]: [07:42:08][STATE] READY ---> RUNNING
[3206:its-cluster-writer]: [07:42:08][INFO] DEVICE: Running...
[3204:its-digit-reader]: [07:42:08][INFO] ITSDigitReader pushed 1643814 digits, in 58 RO frames
[3207:its-tracker]: [07:42:08][WARN] It is faster to use 2D rotation for T2G instead of full Transform3D matrices
[3207:its-tracker]: [07:42:08][INFO] Loading ITS T2G matrices from TGeo
[3205:its-clusterer]: [07:42:08][INFO] ITSClusterer pulled 1643814 digits, in 58 RO frames
[3205:its-clusterer]: [07:42:08][INFO] ITSClusterer pulled 1652854 labels 
[3205:its-clusterer]: [07:42:08][INFO] ITSClusterer pushed 277330 clusters, in 58 RO frames
[3207:its-tracker]: [07:42:08][INFO] Loading ITS T2G rotation 2D matrices
[3207:its-tracker]: [07:42:08][INFO] Initializing tracker in sync. phase reconstruction with 1 passes
[3207:its-tracker]: [07:42:08][INFO] Not using lookup table for material budget approximation
[3207:its-tracker]: [07:42:08][INFO] Dictionary ITSdictionary.bin is absent, Tracker expects cluster patterns
[3207:its-tracker]: [07:42:08][STATE] INITIALIZING DEVICE ---> INITIALIZED
[3207:its-tracker]: [07:42:08][STATE] INITIALIZED ---> BINDING
[3207:its-tracker]: [07:42:08][STATE] BINDING ---> BOUND
[3207:its-tracker]: [07:42:08][STATE] BOUND ---> CONNECTING
[3207:its-tracker]: [07:42:08][STATE] CONNECTING ---> DEVICE READY
[3207:its-tracker]: [07:42:08][STATE] DEVICE READY ---> INITIALIZING TASK
[3207:its-tracker]: [07:42:08][STATE] INITIALIZING TASK ---> READY
[3207:its-tracker]: [07:42:08][STATE] READY ---> RUNNING
[3207:its-tracker]: [07:42:08][INFO] DEVICE: Running...
[3206:its-cluster-writer]: [07:42:08][INFO] ITSClusterWriter pulled 277330 clusters, in 58 RO frames
[3207:its-tracker]: [07:42:08][INFO] ITSTracker pulled 277330 clusters, 58 RO frames
[3207:its-tracker]: [07:42:08][INFO] 277330 MC label objects , in 20 MC events
[3207:its-tracker]: [07:42:08][INFO] ITSTracker RO: continuous=1
[3207:its-tracker]: [07:42:08][INFO] Loading ITS L2G matrices from TGeo
[3207:its-tracker]: [07:42:09][INFO] ROframe: 0, clusters loaded : 1283
[3207:its-tracker]:  - Vertexer initialisation completed in: 0.157575 ms
[3207:its-tracker]:  - Tracklet finding completed in: 0.006011 ms
[3207:its-tracker]:  - Adjacent tracklets validation completed in: 0.003635 ms
[3207:its-tracker]:  - Vertex finding completed in: 0.005798 ms
[3207:its-tracker]: [07:42:09][INFO] Found tracks: 0
[3207:its-tracker]: [07:42:09][INFO] ROframe: 1, clusters loaded : 1267
[3207:its-tracker]:  - Vertexer initialisation completed in: 0.129423 ms
[3207:its-tracker]:  - Tracklet finding completed in: 0.017478 ms
[3207:its-tracker]:  - Adjacent tracklets validation completed in: 0.000296 ms
[3207:its-tracker]:  - Vertex finding completed in: 0.000273 ms
[3207:its-tracker]: [07:42:09][INFO] Found tracks: 0
[3207:its-tracker]: [07:42:09][INFO] ROframe: 2, clusters loaded : 1323
[3207:its-tracker]:  - Vertexer initialisation completed in: 0.224207 ms
[3207:its-tracker]:  - Tracklet finding completed in: 0.001778 ms
[3207:its-tracker]:  - Adjacent tracklets validation completed in: 0.000411 ms
[3207:its-tracker]:  - Vertex finding completed in: 0.000526 ms
[3207:its-tracker]: [07:42:09][INFO] Found tracks: 0
[3207:its-tracker]: [07:42:09][INFO] ROframe: 3, clusters loaded : 1229
[3207:its-tracker]:  - Vertexer initialisation completed in: 0.216382 ms
[3207:its-tracker]:  - Tracklet finding completed in: 0.001612 ms
[3207:its-tracker]:  - Adjacent tracklets validation completed in: 0.000391 ms
[3207:its-tracker]:  - Vertex finding completed in: 0.00039 ms
[3207:its-tracker]: [07:42:09][INFO] Found tracks: 0
[3207:its-tracker]: [07:42:09][INFO] ROframe: 4, clusters loaded : 1245
[3207:its-tracker]:  - Vertexer initialisation completed in: 0.161345 ms
[3207:its-tracker]:  - Tracklet finding completed in: 0.00126 ms
[3207:its-tracker]:  - Adjacent tracklets validation completed in: 0.000398 ms
[3207:its-tracker]:  - Vertex finding completed in: 0.000356 ms
[3207:its-tracker]: [07:42:09][INFO] Found tracks: 0
[3207:its-tracker]: [07:42:09][INFO] ROframe: 5, clusters loaded : 1248
[3207:its-tracker]:  - Vertexer initialisation completed in: 0.140325 ms
[3207:its-tracker]:  - Tracklet finding completed in: 0.001006 ms
[3207:its-tracker]:  - Adjacent tracklets validation completed in: 0.00023 ms
[3207:its-tracker]:  - Vertex finding completed in: 0.000297 ms
[3207:its-tracker]: [07:42:09][INFO] Found tracks: 0
[3207:its-tracker]: [07:42:09][INFO] ROframe: 6, clusters loaded : 1259
[3207:its-tracker]:  - Vertexer initialisation completed in: 0.155461 ms
[3207:its-tracker]:  - Tracklet finding completed in: 0.001438 ms
[3207:its-tracker]:  - Adjacent tracklets validation completed in: 0.000362 ms
[3207:its-tracker]:  - Vertex finding completed in: 0.000387 ms
[3207:its-tracker]: [07:42:09][INFO] Found tracks: 0
[3207:its-tracker]: [07:42:09][INFO] ROframe: 7, clusters loaded : 1258
[3207:its-tracker]:  - Vertexer initialisation completed in: 0.17384 ms
[3207:its-tracker]:  - Tracklet finding completed in: 0.001269 ms
[3207:its-tracker]:  - Adjacent tracklets validation completed in: 0.000344 ms
[3207:its-tracker]:  - Vertex finding completed in: 0.000327 ms
[3207:its-tracker]: [07:42:09][INFO] Found tracks: 0
[3207:its-tracker]: [07:42:09][INFO] ROframe: 8, clusters loaded : 1247
[3207:its-tracker]:  - Vertexer initialisation completed in: 0.124487 ms
[3207:its-tracker]:  - Tracklet finding completed in: 0.002907 ms
[3207:its-tracker]:  - Adjacent tracklets validation completed in: 0.000375 ms
[3207:its-tracker]:  - Vertex finding completed in: 0.000301 ms
[3207:its-tracker]: [07:42:09][INFO] Found tracks: 0
[3207:its-tracker]: [07:42:09][INFO] ROframe: 9, clusters loaded : 1360
[3207:its-tracker]:  - Vertexer initialisation completed in: 0.128905 ms
[3207:its-tracker]:  - Tracklet finding completed in: 0.007162 ms
[3207:its-tracker]:  - Adjacent tracklets validation completed in: 0.001816 ms
[3207:its-tracker]:  - Vertex finding completed in: 0.025649 ms
[3207:its-tracker]: 		Found vertex with:      5 contributors
[3207:its-tracker]:  - Context initialisation completed in: 1.844 ms
[3207:its-tracker]:  - Tracklet finding completed in: 0.131688 ms
[3207:its-tracker]:  - Cell finding completed in: 0.005477 ms
[3207:its-tracker]:  - Neighbour finding completed in: 0.006278 ms
[3207:its-tracker]:  - Road finding completed in: 0.012066 ms
[3207:its-tracker]:  - Track finding completed in: 0.652347 ms
[3207:its-tracker]:  - Vertex processing completed in: 2.65186ms
[3207:its-tracker]:  - Context initialisation completed in: 0.003397 ms
[3207:its-tracker]:  - Tracklet finding completed in: 0.102418 ms
[3207:its-tracker]:  - Cell finding completed in: 0.002639 ms
[3207:its-tracker]:  - Neighbour finding completed in: 0.001589 ms
[3207:its-tracker]:  - Road finding completed in: 0.00017 ms
[3207:its-tracker]:  - Track finding completed in: 0.000205 ms
[3207:its-tracker]:  - Vertex processing completed in: 0.110418ms
[3207:its-tracker]: [07:42:09][INFO] Found tracks: 5
[3207:its-tracker]: [07:42:09][INFO] ROframe: 10, clusters loaded : 1242
[3207:its-tracker]:  - Vertexer initialisation completed in: 0.131444 ms
[3207:its-tracker]:  - Tracklet finding completed in: 0.00131 ms
[3207:its-tracker]:  - Adjacent tracklets validation completed in: 0.000341 ms
[3207:its-tracker]:  - Vertex finding completed in: 0.000424 ms
[3207:its-tracker]: [07:42:09][INFO] Found tracks: 0
[3207:its-tracker]: [07:42:09][INFO] ROframe: 11, clusters loaded : 1225
[3207:its-tracker]:  - Vertexer initialisation completed in: 0.126585 ms
[3207:its-tracker]:  - Tracklet finding completed in: 0.000808 ms
[3207:its-tracker]:  - Adjacent tracklets validation completed in: 0.000254 ms
[3207:its-tracker]:  - Vertex finding completed in: 0.000235 ms
[3207:its-tracker]: [07:42:09][INFO] Found tracks: 0
[3207:its-tracker]: [07:42:09][INFO] ROframe: 12, clusters loaded : 1256
[3207:its-tracker]:  - Vertexer initialisation completed in: 0.125404 ms
[3207:its-tracker]:  - Tracklet finding completed in: 0.001058 ms
[3207:its-tracker]:  - Adjacent tracklets validation completed in: 0.000305 ms
[3207:its-tracker]:  - Vertex finding completed in: 0.000363 ms
[3207:its-tracker]: [07:42:09][INFO] Found tracks: 0
[3207:its-tracker]: [07:42:09][INFO] ROframe: 13, clusters loaded : 6280
[3207:its-tracker]:  - Vertexer initialisation completed in: 0.304088 ms
[3207:its-tracker]:  - Tracklet finding completed in: 0.284044 ms
[3207:its-tracker]:  - Adjacent tracklets validation completed in: 0.064892 ms
[3207:its-tracker]:  - Vertex finding completed in: 0.046116 ms
[3207:its-tracker]: 		Found vertex with:    267 contributors
[3207:its-tracker]:  - Context initialisation completed in: 1.51691 ms
[3207:its-tracker]:  - Tracklet finding completed in: 1.28001 ms
[3207:its-tracker]:  - Cell finding completed in: 0.33117 ms
[3207:its-tracker]:  - Neighbour finding completed in: 0.218514 ms
[3207:its-tracker]:  - Road finding completed in: 0.055526 ms
[3207:its-tracker]:  - Track finding completed in: 2.86781 ms
[3207:its-tracker]:  - Vertex processing completed in: 6.26994ms
[3207:its-tracker]:  - Context initialisation completed in: 0.050926 ms
[3207:its-tracker]:  - Tracklet finding completed in: 0.859327 ms
[3207:its-tracker]:  - Cell finding completed in: 0.136517 ms
[3207:its-tracker]:  - Neighbour finding completed in: 0.038616 ms
[3207:its-tracker]:  - Road finding completed in: 0.00073 ms
[3207:its-tracker]:  - Track finding completed in: 0.000222 ms
[3207:its-tracker]:  - Vertex processing completed in: 1.08634ms
[3207:its-tracker]: [07:42:09][INFO] Found tracks: 215
[3207:its-tracker]: [07:42:09][INFO] ROframe: 14, clusters loaded : 1267
[3207:its-tracker]:  - Vertexer initialisation completed in: 0.149149 ms
[3207:its-tracker]:  - Tracklet finding completed in: 0.001844 ms
[3207:its-tracker]:  - Adjacent tracklets validation completed in: 0.000576 ms
[3207:its-tracker]:  - Vertex finding completed in: 0.00078 ms
[3207:its-tracker]: [07:42:09][INFO] Found tracks: 0
[3207:its-tracker]: [07:42:09][INFO] ROframe: 15, clusters loaded : 1318
[3207:its-tracker]:  - Vertexer initialisation completed in: 0.146663 ms
[3207:its-tracker]:  - Tracklet finding completed in: 0.002052 ms
[3207:its-tracker]:  - Adjacent tracklets validation completed in: 0.000331 ms
[3207:its-tracker]:  - Vertex finding completed in: 0.000372 ms
[3207:its-tracker]: [07:42:09][INFO] Found tracks: 0
[3207:its-tracker]: [07:42:09][INFO] ROframe: 16, clusters loaded : 1264
[3207:its-tracker]:  - Vertexer initialisation completed in: 0.120757 ms
[3207:its-tracker]:  - Tracklet finding completed in: 0.001127 ms
[3207:its-tracker]:  - Adjacent tracklets validation completed in: 0.000284 ms
[3207:its-tracker]:  - Vertex finding completed in: 0.000481 ms
[3207:its-tracker]: [07:42:09][INFO] Found tracks: 0
[3207:its-tracker]: [07:42:09][INFO] ROframe: 17, clusters loaded : 1252
[3207:its-tracker]:  - Vertexer initialisation completed in: 0.126037 ms
[3207:its-tracker]:  - Tracklet finding completed in: 0.001858 ms
[3207:its-tracker]:  - Adjacent tracklets validation completed in: 0.000339 ms
[3207:its-tracker]:  - Vertex finding completed in: 0.000595 ms
[3207:its-tracker]: [07:42:09][INFO] Found tracks: 0
[3207:its-tracker]: [07:42:09][INFO] ROframe: 18, clusters loaded : 17778
[3207:its-tracker]:  - Vertexer initialisation completed in: 1.07955 ms
[3207:its-tracker]:  - Tracklet finding completed in: 2.48177 ms
[3207:its-tracker]:  - Adjacent tracklets validation completed in: 0.306002 ms
[3207:its-tracker]:  - Vertex finding completed in: 0.088528 ms
[3207:its-tracker]: 		Found vertex with:    828 contributors
[3207:its-tracker]:  - Context initialisation completed in: 1.92278 ms
[3207:its-tracker]:  - Tracklet finding completed in: 5.05566 ms
[3207:its-tracker]:  - Cell finding completed in: 2.26803 ms
[3207:its-tracker]:  - Neighbour finding completed in: 0.40852 ms
[3207:its-tracker]:  - Road finding completed in: 0.243841 ms
[3207:its-tracker]:  - Track finding completed in: 7.83264 ms
[3207:its-tracker]:  - Vertex processing completed in: 17.7315ms
[3207:its-tracker]:  - Context initialisation completed in: 0.215351 ms
[3207:its-tracker]:  - Tracklet finding completed in: 3.96782 ms
[3207:its-tracker]:  - Cell finding completed in: 0.677056 ms
[3207:its-tracker]:  - Neighbour finding completed in: 0.129249 ms
[3207:its-tracker]:  - Road finding completed in: 0.001399 ms
[3207:its-tracker]:  - Track finding completed in: 0.000387 ms
[3207:its-tracker]:  - Vertex processing completed in: 4.99126ms
[3207:its-tracker]: [07:42:09][INFO] Found tracks: 720
[3207:its-tracker]: [07:42:09][INFO] ROframe: 19, clusters loaded : 18317
[3207:its-tracker]:  - Vertexer initialisation completed in: 0.793564 ms
[3207:its-tracker]:  - Tracklet finding completed in: 2.16172 ms
[3207:its-tracker]:  - Adjacent tracklets validation completed in: 0.451308 ms
[3207:its-tracker]:  - Vertex finding completed in: 0.169257 ms
[3207:its-tracker]: 		Found vertex with:    791 contributors
[3207:its-tracker]: 		Found vertex with:    166 contributors
[3207:its-tracker]:  - Context initialisation completed in: 2.28046 ms
[3207:its-tracker]:  - Tracklet finding completed in: 5.0897 ms
[3207:its-tracker]:  - Cell finding completed in: 1.92412 ms
[3207:its-tracker]:  - Neighbour finding completed in: 0.522736 ms
[3207:its-tracker]:  - Road finding completed in: 0.199264 ms
[3207:its-tracker]:  - Track finding completed in: 9.89583 ms
[3207:its-tracker]:  - Vertex processing completed in: 19.9121ms
[3207:its-tracker]:  - Context initialisation completed in: 0.146207 ms
[3207:its-tracker]:  - Tracklet finding completed in: 4.01491 ms
[3207:its-tracker]:  - Cell finding completed in: 0.557508 ms
[3207:its-tracker]:  - Neighbour finding completed in: 0.107946 ms
[3207:its-tracker]:  - Road finding completed in: 0.030841 ms
[3207:its-tracker]:  - Track finding completed in: 2.32594 ms
[3207:its-tracker]:  - Vertex processing completed in: 7.18335ms
[3207:its-tracker]:  - Context initialisation completed in: 0.073835 ms
[3207:its-tracker]:  - Tracklet finding completed in: 4.28109 ms
[3207:its-tracker]:  - Cell finding completed in: 0.770704 ms
[3207:its-tracker]:  - Neighbour finding completed in: 0.147855 ms
[3207:its-tracker]:  - Road finding completed in: 0.00125 ms
[3207:its-tracker]:  - Track finding completed in: 0.000494 ms
[3207:its-tracker]:  - Vertex processing completed in: 5.27522ms
[3207:its-tracker]:  - Context initialisation completed in: 0.079124 ms
[3207:its-tracker]:  - Tracklet finding completed in: 3.92025 ms
[3207:its-tracker]:  - Cell finding completed in: 0.36111 ms
[3207:its-tracker]:  - Neighbour finding completed in: 0.036432 ms
[3207:its-tracker]:  - Road finding completed in: 0.000466 ms
[3207:its-tracker]:  - Track finding completed in: 0.000254 ms
[3207:its-tracker]:  - Vertex processing completed in: 4.39764ms
[3207:its-tracker]: [07:42:09][INFO] Found tracks: 796
[3207:its-tracker]: [07:42:09][INFO] ROframe: 20, clusters loaded : 1224
[3207:its-tracker]:  - Vertexer initialisation completed in: 0.214839 ms
[3207:its-tracker]:  - Tracklet finding completed in: 0.002207 ms
[3207:its-tracker]:  - Adjacent tracklets validation completed in: 0.000732 ms
[3207:its-tracker]:  - Vertex finding completed in: 0.001024 ms
[3207:its-tracker]: [07:42:09][INFO] Found tracks: 0
[3207:its-tracker]: [07:42:09][INFO] ROframe: 21, clusters loaded : 1250
[3207:its-tracker]:  - Vertexer initialisation completed in: 0.254837 ms
[3207:its-tracker]:  - Tracklet finding completed in: 0.001737 ms
[3207:its-tracker]:  - Adjacent tracklets validation completed in: 0.000259 ms
[3207:its-tracker]:  - Vertex finding completed in: 0.000214 ms
[3207:its-tracker]: [07:42:09][INFO] Found tracks: 0
[3207:its-tracker]: [07:42:09][INFO] ROframe: 22, clusters loaded : 1854
[3207:its-tracker]:  - Vertexer initialisation completed in: 0.231132 ms
[3207:its-tracker]:  - Tracklet finding completed in: 0.01838 ms
[3207:its-tracker]:  - Adjacent tracklets validation completed in: 0.003554 ms
[3207:its-tracker]:  - Vertex finding completed in: 0.008572 ms
[3207:its-tracker]: 		Found vertex with:     12 contributors
[3207:its-tracker]:  - Context initialisation completed in: 1.44772 ms
[3207:its-tracker]:  - Tracklet finding completed in: 0.245075 ms
[3207:its-tracker]:  - Cell finding completed in: 0.030729 ms
[3207:its-tracker]:  - Neighbour finding completed in: 0.014075 ms
[3207:its-tracker]:  - Road finding completed in: 0.003255 ms
[3207:its-tracker]:  - Track finding completed in: 0.143022 ms
[3207:its-tracker]:  - Vertex processing completed in: 1.88388ms
[3207:its-tracker]:  - Context initialisation completed in: 0.007957 ms
[3207:its-tracker]:  - Tracklet finding completed in: 0.225472 ms
[3207:its-tracker]:  - Cell finding completed in: 0.024169 ms
[3207:its-tracker]:  - Neighbour finding completed in: 0.009539 ms
[3207:its-tracker]:  - Road finding completed in: 0.000363 ms
[3207:its-tracker]:  - Track finding completed in: 0.000236 ms
[3207:its-tracker]:  - Vertex processing completed in: 0.267736ms
[3207:its-tracker]: [07:42:09][INFO] Found tracks: 9
[3207:its-tracker]: [07:42:09][INFO] ROframe: 23, clusters loaded : 21903
[3207:its-tracker]:  - Vertexer initialisation completed in: 1.4192 ms
[3207:its-tracker]:  - Tracklet finding completed in: 3.84283 ms
[3207:its-tracker]:  - Adjacent tracklets validation completed in: 0.768261 ms
[3207:its-tracker]:  - Vertex finding completed in: 0.177634 ms
[3207:its-tracker]: 		Found vertex with:   1078 contributors
[3207:its-tracker]:  - Context initialisation completed in: 2.42992 ms
[3207:its-tracker]:  - Tracklet finding completed in: 8.81374 ms
[3207:its-tracker]:  - Cell finding completed in: 3.65398 ms
[3207:its-tracker]:  - Neighbour finding completed in: 0.885544 ms
[3207:its-tracker]:  - Road finding completed in: 0.235439 ms
[3207:its-tracker]:  - Track finding completed in: 16.1203 ms
[3207:its-tracker]:  - Vertex processing completed in: 32.1389ms
[3207:its-tracker]:  - Context initialisation completed in: 0.287537 ms
[3207:its-tracker]:  - Tracklet finding completed in: 5.89572 ms
[3207:its-tracker]:  - Cell finding completed in: 1.27282 ms
[3207:its-tracker]:  - Neighbour finding completed in: 0.200963 ms
[3207:its-tracker]:  - Road finding completed in: 0.00167 ms
[3207:its-tracker]:  - Track finding completed in: 0.000462 ms
[3207:its-tracker]:  - Vertex processing completed in: 7.65917ms
[3207:its-tracker]: [07:42:09][INFO] Found tracks: 884
[3207:its-tracker]: [07:42:09][INFO] ROframe: 24, clusters loaded : 1277
[3207:its-tracker]:  - Vertexer initialisation completed in: 0.233098 ms
[3207:its-tracker]:  - Tracklet finding completed in: 0.003354 ms
[3207:its-tracker]:  - Adjacent tracklets validation completed in: 0.000786 ms
[3207:its-tracker]:  - Vertex finding completed in: 0.001135 ms
[3207:its-tracker]: [07:42:09][INFO] Found tracks: 0
[3207:its-tracker]: [07:42:09][INFO] ROframe: 25, clusters loaded : 1342
[3207:its-tracker]:  - Vertexer initialisation completed in: 0.202575 ms
[3207:its-tracker]:  - Tracklet finding completed in: 0.001418 ms
[3207:its-tracker]:  - Adjacent tracklets validation completed in: 0.000297 ms
[3207:its-tracker]:  - Vertex finding completed in: 0.000372 ms
[3207:its-tracker]: [07:42:09][INFO] Found tracks: 0
[3207:its-tracker]: [07:42:09][INFO] ROframe: 26, clusters loaded : 1284
[3207:its-tracker]:  - Vertexer initialisation completed in: 0.224356 ms
[3207:its-tracker]:  - Tracklet finding completed in: 0.001585 ms
[3207:its-tracker]:  - Adjacent tracklets validation completed in: 0.000278 ms
[3207:its-tracker]:  - Vertex finding completed in: 0.000336 ms
[3207:its-tracker]: [07:42:09][INFO] Found tracks: 0
[3207:its-tracker]: [07:42:09][INFO] ROframe: 27, clusters loaded : 1322
[3207:its-tracker]:  - Vertexer initialisation completed in: 0.225284 ms
[3207:its-tracker]:  - Tracklet finding completed in: 0.001303 ms
[3207:its-tracker]:  - Adjacent tracklets validation completed in: 0.000386 ms
[3207:its-tracker]:  - Vertex finding completed in: 0.000452 ms
[3207:its-tracker]: [07:42:09][INFO] Found tracks: 0
[3207:its-tracker]: [07:42:09][INFO] ROframe: 28, clusters loaded : 1267
[3207:its-tracker]:  - Vertexer initialisation completed in: 0.227006 ms
[3207:its-tracker]:  - Tracklet finding completed in: 0.001113 ms
[3207:its-tracker]:  - Adjacent tracklets validation completed in: 0.000284 ms
[3207:its-tracker]:  - Vertex finding completed in: 0.000335 ms
[3207:its-tracker]: [07:42:09][INFO] Found tracks: 0
[3207:its-tracker]: [07:42:09][INFO] ROframe: 29, clusters loaded : 39356
[3207:its-tracker]:  - Vertexer initialisation completed in: 2.70613 ms
[3207:its-tracker]:  - Tracklet finding completed in: 12.3718 ms
[3207:its-tracker]:  - Adjacent tracklets validation completed in: 3.50643 ms
[3207:its-tracker]:  - Vertex finding completed in: 0.454443 ms
[3207:its-tracker]: 		Found vertex with:   2070 contributors
[3207:its-tracker]:  - Context initialisation completed in: 3.42823 ms
[3207:its-tracker]:  - Tracklet finding completed in: 21.4283 ms
[3207:its-tracker]:  - Cell finding completed in: 11.8826 ms
[3207:its-tracker]:  - Neighbour finding completed in: 1.88361 ms
[3207:its-tracker]:  - Road finding completed in: 0.72769 ms
[3207:its-tracker]:  - Track finding completed in: 29.8199 ms
[3207:its-tracker]:  - Vertex processing completed in: 69.1703ms
[3207:its-tracker]:  - Context initialisation completed in: 0.585311 ms
[3207:its-tracker]:  - Tracklet finding completed in: 13.6144 ms
[3207:its-tracker]:  - Cell finding completed in: 2.83843 ms
[3207:its-tracker]:  - Neighbour finding completed in: 0.289364 ms
[3207:its-tracker]:  - Road finding completed in: 0.001878 ms
[3207:its-tracker]:  - Track finding completed in: 0.000557 ms
[3207:its-tracker]:  - Vertex processing completed in: 17.3299ms
[3207:its-tracker]: [07:42:09][INFO] Found tracks: 1686
[3207:its-tracker]: [07:42:09][INFO] ROframe: 30, clusters loaded : 38902
[3207:its-tracker]:  - Vertexer initialisation completed in: 1.88597 ms
[3207:its-tracker]:  - Tracklet finding completed in: 5.82529 ms
[3207:its-tracker]:  - Adjacent tracklets validation completed in: 1.75432 ms
[3207:its-tracker]:  - Vertex finding completed in: 0.287937 ms
[3207:its-tracker]: 		Found vertex with:   1804 contributors
[3207:its-tracker]: 		Found vertex with:    294 contributors
[3207:its-tracker]: 		Found vertex with:     18 contributors
[3207:its-tracker]:  - Context initialisation completed in: 2.3187 ms
[3207:its-tracker]:  - Tracklet finding completed in: 15.1097 ms
[3207:its-tracker]:  - Cell finding completed in: 7.52532 ms
[3207:its-tracker]:  - Neighbour finding completed in: 0.852107 ms
[3207:its-tracker]:  - Road finding completed in: 0.187069 ms
[3207:its-tracker]:  - Track finding completed in: 14.7752 ms
[3207:its-tracker]:  - Vertex processing completed in: 40.7681ms
[3207:its-tracker]:  - Context initialisation completed in: 0.36339 ms
[3207:its-tracker]:  - Tracklet finding completed in: 10.4926 ms
[3207:its-tracker]:  - Cell finding completed in: 2.15919 ms
[3207:its-tracker]:  - Neighbour finding completed in: 0.150136 ms
[3207:its-tracker]:  - Road finding completed in: 0.034953 ms
[3207:its-tracker]:  - Track finding completed in: 3.02994 ms
[3207:its-tracker]:  - Vertex processing completed in: 16.2302ms
[3207:its-tracker]:  - Context initialisation completed in: 0.143104 ms
[3207:its-tracker]:  - Tracklet finding completed in: 9.75638 ms
[3207:its-tracker]:  - Cell finding completed in: 1.25365 ms
[3207:its-tracker]:  - Neighbour finding completed in: 0.018308 ms
[3207:its-tracker]:  - Road finding completed in: 0.004031 ms
[3207:its-tracker]:  - Track finding completed in: 0.582033 ms
[3207:its-tracker]:  - Vertex processing completed in: 11.7575ms
[3207:its-tracker]:  - Context initialisation completed in: 0.08958 ms
[3207:its-tracker]:  - Tracklet finding completed in: 9.95866 ms
[3207:its-tracker]:  - Cell finding completed in: 2.64128 ms
[3207:its-tracker]:  - Neighbour finding completed in: 0.247449 ms
[3207:its-tracker]:  - Road finding completed in: 0.001682 ms
[3207:its-tracker]:  - Track finding completed in: 0.000455 ms
[3207:its-tracker]:  - Vertex processing completed in: 12.9391ms
[3207:its-tracker]:  - Context initialisation completed in: 0.153164 ms
[3207:its-tracker]:  - Tracklet finding completed in: 9.71422 ms
[3207:its-tracker]:  - Cell finding completed in: 1.59687 ms
[3207:its-tracker]:  - Neighbour finding completed in: 0.054657 ms
[3207:its-tracker]:  - Road finding completed in: 0.000491 ms
[3207:its-tracker]:  - Track finding completed in: 0.000397 ms
[3207:its-tracker]:  - Vertex processing completed in: 11.5198ms
[3207:its-tracker]:  - Context initialisation completed in: 0.09643 ms
[3207:its-tracker]:  - Tracklet finding completed in: 11.8742 ms
[3207:its-tracker]:  - Cell finding completed in: 1.59443 ms
[3207:its-tracker]:  - Neighbour finding completed in: 0.013312 ms
[3207:its-tracker]:  - Road finding completed in: 0.000916 ms
[3207:its-tracker]:  - Track finding completed in: 0.000913 ms
[3207:its-tracker]:  - Vertex processing completed in: 13.5802ms
[3207:its-tracker]: [07:42:09][INFO] Found tracks: 1696
[3207:its-tracker]: [07:42:09][INFO] ROframe: 31, clusters loaded : 24499
[3207:its-tracker]:  - Vertexer initialisation completed in: 1.39511 ms
[3207:its-tracker]:  - Tracklet finding completed in: 3.45773 ms
[3207:its-tracker]:  - Adjacent tracklets validation completed in: 0.516897 ms
[3207:its-tracker]:  - Vertex finding completed in: 0.140072 ms
[3207:its-tracker]: 		Found vertex with:   1132 contributors
[3207:its-tracker]:  - Context initialisation completed in: 1.81483 ms
[3207:its-tracker]:  - Tracklet finding completed in: 7.69412 ms
[3207:its-tracker]:  - Cell finding completed in: 3.37369 ms
[3207:its-tracker]:  - Neighbour finding completed in: 0.573489 ms
[3207:its-tracker]:  - Road finding completed in: 0.176637 ms
[3207:its-tracker]:  - Track finding completed in: 10.722 ms
[3207:its-tracker]:  - Vertex processing completed in: 24.3548ms
[3207:its-tracker]:  - Context initialisation completed in: 0.229315 ms
[3207:its-tracker]:  - Tracklet finding completed in: 5.18143 ms
[3207:its-tracker]:  - Cell finding completed in: 1.10001 ms
[3207:its-tracker]:  - Neighbour finding completed in: 0.176251 ms
[3207:its-tracker]:  - Road finding completed in: 0.001251 ms
[3207:its-tracker]:  - Track finding completed in: 0.0003 ms
[3207:its-tracker]:  - Vertex processing completed in: 6.68855ms
[3207:its-tracker]: [07:42:09][INFO] Found tracks: 1004
[3207:its-tracker]: [07:42:09][INFO] ROframe: 32, clusters loaded : 1282
[3207:its-tracker]:  - Vertexer initialisation completed in: 0.126765 ms
[3207:its-tracker]:  - Tracklet finding completed in: 0.002497 ms
[3207:its-tracker]:  - Adjacent tracklets validation completed in: 0.000493 ms
[3207:its-tracker]:  - Vertex finding completed in: 0.000781 ms
[3207:its-tracker]: [07:42:09][INFO] Found tracks: 0
[3207:its-tracker]: [07:42:09][INFO] ROframe: 33, clusters loaded : 1303
[3207:its-tracker]:  - Vertexer initialisation completed in: 0.122113 ms
[3207:its-tracker]:  - Tracklet finding completed in: 0.00092 ms
[3207:its-tracker]:  - Adjacent tracklets validation completed in: 0.000168 ms
[3207:its-tracker]:  - Vertex finding completed in: 0.000147 ms
[3207:its-tracker]: [07:42:09][INFO] Found tracks: 0
[3207:its-tracker]: [07:42:09][INFO] ROframe: 34, clusters loaded : 1175
[3207:its-tracker]:  - Vertexer initialisation completed in: 0.123471 ms
[3207:its-tracker]:  - Tracklet finding completed in: 0.000667 ms
[3207:its-tracker]:  - Adjacent tracklets validation completed in: 0.000157 ms
[3207:its-tracker]:  - Vertex finding completed in: 8.9e-05 ms
[3207:its-tracker]: [07:42:09][INFO] Found tracks: 0
[3207:its-tracker]: [07:42:09][INFO] ROframe: 35, clusters loaded : 1228
[3207:its-tracker]:  - Vertexer initialisation completed in: 0.134235 ms
[3207:its-tracker]:  - Tracklet finding completed in: 0.001461 ms
[3207:its-tracker]:  - Adjacent tracklets validation completed in: 0.000423 ms
[3207:its-tracker]:  - Vertex finding completed in: 0.000204 ms
[3207:its-tracker]: [07:42:09][INFO] Found tracks: 0
[3207:its-tracker]: [07:42:09][INFO] ROframe: 36, clusters loaded : 20315
[3207:its-tracker]:  - Vertexer initialisation completed in: 0.871305 ms
[3207:its-tracker]:  - Tracklet finding completed in: 1.75339 ms
[3207:its-tracker]:  - Adjacent tracklets validation completed in: 0.365954 ms
[3207:its-tracker]:  - Vertex finding completed in: 0.22759 ms
[3207:its-tracker]: 		Found vertex with:   1011 contributors
[3207:its-tracker]: 		Found vertex with:     19 contributors
[3207:its-tracker]:  - Context initialisation completed in: 1.78416 ms
[3207:its-tracker]:  - Tracklet finding completed in: 5.82288 ms
[3207:its-tracker]:  - Cell finding completed in: 2.1681 ms
[3207:its-tracker]:  - Neighbour finding completed in: 0.480073 ms
[3207:its-tracker]:  - Road finding completed in: 0.198354 ms
[3207:its-tracker]:  - Track finding completed in: 9.83901 ms
[3207:its-tracker]:  - Vertex processing completed in: 20.2926ms
[3207:its-tracker]:  - Context initialisation completed in: 0.232282 ms
[3207:its-tracker]:  - Tracklet finding completed in: 3.43951 ms
[3207:its-tracker]:  - Cell finding completed in: 0.230328 ms
[3207:its-tracker]:  - Neighbour finding completed in: 0.012537 ms
[3207:its-tracker]:  - Road finding completed in: 0.003079 ms
[3207:its-tracker]:  - Track finding completed in: 0.287373 ms
[3207:its-tracker]:  - Vertex processing completed in: 4.20511ms
[3207:its-tracker]:  - Context initialisation completed in: 0.031276 ms
[3207:its-tracker]:  - Tracklet finding completed in: 3.71631 ms
[3207:its-tracker]:  - Cell finding completed in: 0.720912 ms
[3207:its-tracker]:  - Neighbour finding completed in: 0.117612 ms
[3207:its-tracker]:  - Road finding completed in: 0.000979 ms
[3207:its-tracker]:  - Track finding completed in: 0.000383 ms
[3207:its-tracker]:  - Vertex processing completed in: 4.58748ms
[3207:its-tracker]:  - Context initialisation completed in: 0.063695 ms
[3207:its-tracker]:  - Tracklet finding completed in: 3.46268 ms
[3207:its-tracker]:  - Cell finding completed in: 0.292229 ms
[3207:its-tracker]:  - Neighbour finding completed in: 0.012114 ms
[3207:its-tracker]:  - Road finding completed in: 0.000246 ms
[3207:its-tracker]:  - Track finding completed in: 0.000303 ms
[3207:its-tracker]:  - Vertex processing completed in: 3.83127ms
[3207:its-tracker]: [07:42:09][INFO] Found tracks: 921
[3207:its-tracker]: [07:42:09][INFO] ROframe: 37, clusters loaded : 1263
[3207:its-tracker]:  - Vertexer initialisation completed in: 0.242198 ms
[3207:its-tracker]:  - Tracklet finding completed in: 0.002468 ms
[3207:its-tracker]:  - Adjacent tracklets validation completed in: 0.000728 ms
[3207:its-tracker]:  - Vertex finding completed in: 0.000965 ms
[3207:its-tracker]: [07:42:09][INFO] Found tracks: 0
[3207:its-tracker]: [07:42:09][INFO] ROframe: 38, clusters loaded : 1304
[3207:its-tracker]:  - Vertexer initialisation completed in: 0.211139 ms
[3207:its-tracker]:  - Tracklet finding completed in: 0.001561 ms
[3207:its-tracker]:  - Adjacent tracklets validation completed in: 0.000441 ms
[3207:its-tracker]:  - Vertex finding completed in: 0.000349 ms
[3207:its-tracker]: [07:42:09][INFO] Found tracks: 0
[3207:its-tracker]: [07:42:09][INFO] ROframe: 39, clusters loaded : 5500
[3207:its-tracker]:  - Vertexer initialisation completed in: 0.396953 ms
[3207:its-tracker]:  - Tracklet finding completed in: 0.237572 ms
[3207:its-tracker]:  - Adjacent tracklets validation completed in: 0.051188 ms
[3207:its-tracker]:  - Vertex finding completed in: 0.078029 ms
[3207:its-tracker]: 		Found vertex with:    220 contributors
[3207:its-tracker]:  - Context initialisation completed in: 1.57509 ms
[3207:its-tracker]:  - Tracklet finding completed in: 1.17294 ms
[3207:its-tracker]:  - Cell finding completed in: 0.296737 ms
[3207:its-tracker]:  - Neighbour finding completed in: 0.163571 ms
[3207:its-tracker]:  - Road finding completed in: 0.058305 ms
[3207:its-tracker]:  - Track finding completed in: 3.16323 ms
[3207:its-tracker]:  - Vertex processing completed in: 6.42987ms
[3207:its-tracker]:  - Context initialisation completed in: 0.05461 ms
[3207:its-tracker]:  - Tracklet finding completed in: 0.975436 ms
[3207:its-tracker]:  - Cell finding completed in: 0.130629 ms
[3207:its-tracker]:  - Neighbour finding completed in: 0.042572 ms
[3207:its-tracker]:  - Road finding completed in: 0.000548 ms
[3207:its-tracker]:  - Track finding completed in: 0.000396 ms
[3207:its-tracker]:  - Vertex processing completed in: 1.20419ms
[3207:its-tracker]: [07:42:09][INFO] Found tracks: 193
[3207:its-tracker]: [07:42:09][INFO] ROframe: 40, clusters loaded : 1214
[3207:its-tracker]:  - Vertexer initialisation completed in: 0.205031 ms
[3207:its-tracker]:  - Tracklet finding completed in: 0.002531 ms
[3207:its-tracker]:  - Adjacent tracklets validation completed in: 0.000699 ms
[3207:its-tracker]:  - Vertex finding completed in: 0.000852 ms
[3207:its-tracker]: [07:42:09][INFO] Found tracks: 0
[3207:its-tracker]: [07:42:09][INFO] ROframe: 41, clusters loaded : 1295
[3207:its-tracker]:  - Vertexer initialisation completed in: 0.18475 ms
[3207:its-tracker]:  - Tracklet finding completed in: 0.001887 ms
[3207:its-tracker]:  - Adjacent tracklets validation completed in: 0.000415 ms
[3207:its-tracker]:  - Vertex finding completed in: 0.000671 ms
[3207:its-tracker]: [07:42:09][INFO] Found tracks: 0
[3207:its-tracker]: [07:42:09][INFO] ROframe: 42, clusters loaded : 1234
[3207:its-tracker]:  - Vertexer initialisation completed in: 0.25675 ms
[3207:its-tracker]:  - Tracklet finding completed in: 0.001444 ms
[3207:its-tracker]:  - Adjacent tracklets validation completed in: 0.000403 ms
[3207:its-tracker]:  - Vertex finding completed in: 0.000534 ms
[3207:its-tracker]: [07:42:09][INFO] Found tracks: 0
[3207:its-tracker]: [07:42:09][INFO] ROframe: 43, clusters loaded : 1254
[3207:its-tracker]:  - Vertexer initialisation completed in: 0.205036 ms
[3207:its-tracker]:  - Tracklet finding completed in: 0.001558 ms
[3207:its-tracker]:  - Adjacent tracklets validation completed in: 0.000457 ms
[3207:its-tracker]:  - Vertex finding completed in: 0.000477 ms
[3207:its-tracker]: [07:42:09][INFO] Found tracks: 0
[3207:its-tracker]: [07:42:09][INFO] ROframe: 44, clusters loaded : 1284
[3207:its-tracker]:  - Vertexer initialisation completed in: 0.192461 ms
[3207:its-tracker]:  - Tracklet finding completed in: 0.0017 ms
[3207:its-tracker]:  - Adjacent tracklets validation completed in: 0.000301 ms
[3207:its-tracker]:  - Vertex finding completed in: 0.000248 ms
[3207:its-tracker]: [07:42:09][INFO] Found tracks: 0
[3207:its-tracker]: [07:42:09][INFO] ROframe: 45, clusters loaded : 15448
[3207:its-tracker]:  - Vertexer initialisation completed in: 0.550244 ms
[3207:its-tracker]:  - Tracklet finding completed in: 0.69295 ms
[3207:its-tracker]:  - Adjacent tracklets validation completed in: 0.150656 ms
[3207:its-tracker]:  - Vertex finding completed in: 0.086684 ms
[3207:its-tracker]: 		Found vertex with:    450 contributors
[3207:its-tracker]:  - Context initialisation completed in: 1.45642 ms
[3207:its-tracker]:  - Tracklet finding completed in: 4.6276 ms
[3207:its-tracker]:  - Cell finding completed in: 1.3742 ms
[3207:its-tracker]:  - Neighbour finding completed in: 0.280367 ms
[3207:its-tracker]:  - Road finding completed in: 0.067477 ms
[3207:its-tracker]:  - Track finding completed in: 3.88074 ms
[3207:its-tracker]:  - Vertex processing completed in: 11.6868ms
[3207:its-tracker]:  - Context initialisation completed in: 0.114171 ms
[3207:its-tracker]:  - Tracklet finding completed in: 2.98851 ms
[3207:its-tracker]:  - Cell finding completed in: 0.634801 ms
[3207:its-tracker]:  - Neighbour finding completed in: 0.125211 ms
[3207:its-tracker]:  - Road finding completed in: 0.002836 ms
[3207:its-tracker]:  - Track finding completed in: 0.000454 ms
[3207:its-tracker]:  - Vertex processing completed in: 3.86598ms
[3207:its-tracker]: [07:42:09][INFO] Found tracks: 384
[3207:its-tracker]: [07:42:09][INFO] ROframe: 46, clusters loaded : 1153
[3207:its-tracker]:  - Vertexer initialisation completed in: 0.211398 ms
[3207:its-tracker]:  - Tracklet finding completed in: 0.00225 ms
[3207:its-tracker]:  - Adjacent tracklets validation completed in: 0.000682 ms
[3207:its-tracker]:  - Vertex finding completed in: 0.00149 ms
[3207:its-tracker]: [07:42:09][INFO] Found tracks: 0
[3207:its-tracker]: [07:42:09][INFO] ROframe: 47, clusters loaded : 1312
[3207:its-tracker]:  - Vertexer initialisation completed in: 0.22027 ms
[3207:its-tracker]:  - Tracklet finding completed in: 0.00197 ms
[3207:its-tracker]:  - Adjacent tracklets validation completed in: 0.000358 ms
[3207:its-tracker]:  - Vertex finding completed in: 0.000416 ms
[3207:its-tracker]: [07:42:09][INFO] Found tracks: 0
[3207:its-tracker]: [07:42:09][INFO] ROframe: 48, clusters loaded : 1251
[3207:its-tracker]:  - Vertexer initialisation completed in: 0.211457 ms
[3207:its-tracker]:  - Tracklet finding completed in: 0.001609 ms
[3207:its-tracker]:  - Adjacent tracklets validation completed in: 0.000266 ms
[3207:its-tracker]:  - Vertex finding completed in: 0.000273 ms
[3207:its-tracker]: [07:42:09][INFO] Found tracks: 0
[3207:its-tracker]: [07:42:09][INFO] ROframe: 49, clusters loaded : 6619
[3207:its-tracker]:  - Vertexer initialisation completed in: 0.285003 ms
[3207:its-tracker]:  - Tracklet finding completed in: 0.189956 ms
[3207:its-tracker]:  - Adjacent tracklets validation completed in: 0.037593 ms
[3207:its-tracker]:  - Vertex finding completed in: 0.039553 ms
[3207:its-tracker]: 		Found vertex with:    220 contributors
[3207:its-tracker]:  - Context initialisation completed in: 1.23781 ms
[3207:its-tracker]:  - Tracklet finding completed in: 1.05972 ms
[3207:its-tracker]:  - Cell finding completed in: 0.282019 ms
[3207:its-tracker]:  - Neighbour finding completed in: 0.111885 ms
[3207:its-tracker]:  - Road finding completed in: 0.029559 ms
[3207:its-tracker]:  - Track finding completed in: 1.92648 ms
[3207:its-tracker]:  - Vertex processing completed in: 4.64747ms
[3207:its-tracker]:  - Context initialisation completed in: 0.042039 ms
[3207:its-tracker]:  - Tracklet finding completed in: 0.835949 ms
[3207:its-tracker]:  - Cell finding completed in: 0.136144 ms
[3207:its-tracker]:  - Neighbour finding completed in: 0.031778 ms
[3207:its-tracker]:  - Road finding completed in: 0.000549 ms
[3207:its-tracker]:  - Track finding completed in: 0.000243 ms
[3207:its-tracker]:  - Vertex processing completed in: 1.0467ms
[3207:its-tracker]: [07:42:09][INFO] Found tracks: 213
[3207:its-tracker]: [07:42:09][INFO] ROframe: 50, clusters loaded : 1215
[3207:its-tracker]:  - Vertexer initialisation completed in: 0.202258 ms
[3207:its-tracker]:  - Tracklet finding completed in: 0.002853 ms
[3207:its-tracker]:  - Adjacent tracklets validation completed in: 0.000548 ms
[3207:its-tracker]:  - Vertex finding completed in: 0.00075 ms
[3207:its-tracker]: [07:42:09][INFO] Found tracks: 0
[3207:its-tracker]: [07:42:09][INFO] ROframe: 51, clusters loaded : 1314
[3207:its-tracker]:  - Vertexer initialisation completed in: 0.193467 ms
[3207:its-tracker]:  - Tracklet finding completed in: 0.001008 ms
[3207:its-tracker]:  - Adjacent tracklets validation completed in: 0.000352 ms
[3207:its-tracker]:  - Vertex finding completed in: 0.000402 ms
[3207:its-tracker]: [07:42:09][INFO] Found tracks: 0
[3207:its-tracker]: [07:42:09][INFO] ROframe: 52, clusters loaded : 1276
[3207:its-tracker]:  - Vertexer initialisation completed in: 0.180688 ms
[3207:its-tracker]:  - Tracklet finding completed in: 0.001272 ms
[3207:its-tracker]:  - Adjacent tracklets validation completed in: 0.000329 ms
[3207:its-tracker]:  - Vertex finding completed in: 0.000336 ms
[3207:its-tracker]: [07:42:09][INFO] Found tracks: 0
[3207:its-tracker]: [07:42:09][INFO] ROframe: 53, clusters loaded : 1329
[3207:its-tracker]:  - Vertexer initialisation completed in: 0.11892 ms
[3207:its-tracker]:  - Tracklet finding completed in: 0.001011 ms
[3207:its-tracker]:  - Adjacent tracklets validation completed in: 0.000254 ms
[3207:its-tracker]:  - Vertex finding completed in: 0.000275 ms
[3207:its-tracker]: [07:42:09][INFO] Found tracks: 0
[3207:its-tracker]: [07:42:09][INFO] ROframe: 54, clusters loaded : 1315
[3207:its-tracker]:  - Vertexer initialisation completed in: 0.126568 ms
[3207:its-tracker]:  - Tracklet finding completed in: 0.000977 ms
[3207:its-tracker]:  - Adjacent tracklets validation completed in: 0.000188 ms
[3207:its-tracker]:  - Vertex finding completed in: 0.000115 ms
[3207:its-tracker]: [07:42:09][INFO] Found tracks: 0
[3207:its-tracker]: [07:42:09][INFO] ROframe: 55, clusters loaded : 1343
[3207:its-tracker]:  - Vertexer initialisation completed in: 0.118227 ms
[3207:its-tracker]:  - Tracklet finding completed in: 0.004257 ms
[3207:its-tracker]:  - Adjacent tracklets validation completed in: 0.01234 ms
[3207:its-tracker]:  - Vertex finding completed in: 0.005812 ms
[3207:its-tracker]: 		Found vertex with:      3 contributors
[3207:its-tracker]:  - Context initialisation completed in: 1.02875 ms
[3207:its-tracker]:  - Tracklet finding completed in: 0.103266 ms
[3207:its-tracker]:  - Cell finding completed in: 0.005922 ms
[3207:its-tracker]:  - Neighbour finding completed in: 0.003477 ms
[3207:its-tracker]:  - Road finding completed in: 0.001517 ms
[3207:its-tracker]:  - Track finding completed in: 0.040385 ms
[3207:its-tracker]:  - Vertex processing completed in: 1.18332ms
[3207:its-tracker]:  - Context initialisation completed in: 0.002526 ms
[3207:its-tracker]:  - Tracklet finding completed in: 0.09679 ms
[3207:its-tracker]:  - Cell finding completed in: 0.003684 ms
[3207:its-tracker]:  - Neighbour finding completed in: 0.001032 ms
[3207:its-tracker]:  - Road finding completed in: 0.000153 ms
[3207:its-tracker]:  - Track finding completed in: 0.000211 ms
[3207:its-tracker]:  - Vertex processing completed in: 0.104396ms
[3207:its-tracker]: [07:42:09][INFO] Found tracks: 3
[3207:its-tracker]: [07:42:09][INFO] ROframe: 56, clusters loaded : 3453
[3207:its-tracker]:  - Vertexer initialisation completed in: 0.183618 ms
[3207:its-tracker]:  - Tracklet finding completed in: 0.068928 ms
[3207:its-tracker]:  - Adjacent tracklets validation completed in: 0.011091 ms
[3207:its-tracker]:  - Vertex finding completed in: 0.011432 ms
[3207:its-tracker]: 		Found vertex with:     72 contributors
[3207:its-tracker]:  - Context initialisation completed in: 1.06611 ms
[3207:its-tracker]:  - Tracklet finding completed in: 0.440475 ms
[3207:its-tracker]:  - Cell finding completed in: 0.083244 ms
[3207:its-tracker]:  - Neighbour finding completed in: 0.041832 ms
[3207:its-tracker]:  - Road finding completed in: 0.010628 ms
[3207:its-tracker]:  - Track finding completed in: 0.665386 ms
[3207:its-tracker]:  - Vertex processing completed in: 2.30767ms
[3207:its-tracker]:  - Context initialisation completed in: 0.016635 ms
[3207:its-tracker]:  - Tracklet finding completed in: 0.375597 ms
[3207:its-tracker]:  - Cell finding completed in: 0.049318 ms
[3207:its-tracker]:  - Neighbour finding completed in: 0.014219 ms
[3207:its-tracker]:  - Road finding completed in: 0.000346 ms
[3207:its-tracker]:  - Track finding completed in: 0.000209 ms
[3207:its-tracker]:  - Vertex processing completed in: 0.456324ms
[3207:its-tracker]: [07:42:09][INFO] Found tracks: 66
[3207:its-tracker]: [07:42:09][INFO] ROframe: 57, clusters loaded : 1253
[3207:its-tracker]:  - Vertexer initialisation completed in: 0.124212 ms
[3207:its-tracker]:  - Tracklet finding completed in: 0.001363 ms
[3207:its-tracker]:  - Adjacent tracklets validation completed in: 0.000367 ms
[3207:its-tracker]:  - Vertex finding completed in: 0.000908 ms
[3207:its-tracker]: [07:42:09][INFO] Found tracks: 0
[3207:its-tracker]: [07:42:09][INFO] ITSTracker pushed 8795 tracks
[3207:its-tracker]: [07:42:09][INFO] ITS CA-Tracker total timing: Cpu: 7.100e-01 Real: 7.115e-01 s in 1 slots
[3208:its-track-writer]: [07:42:09][INFO] ITSTrackWriter pulled 8795 tracks, in 58 RO frames
[INFO] Quitting
[INFO] QUIT_REQUESTED
[3204:its-digit-reader]: [07:42:09][INFO] Received device shutdown request (signal 15).
[3204:its-digit-reader]: [07:42:09][INFO] Waiting for graceful device shutdown. Hit Ctrl-C again to abort immediately.
[3207:its-tracker]: [07:42:09][INFO] Received device shutdown request (signal 15).
[3207:its-tracker]: [07:42:09][INFO] Waiting for graceful device shutdown. Hit Ctrl-C again to abort immediately.
[3204:its-digit-reader]: [07:42:09][STATE] RUNNING ---> READY
[3204:its-digit-reader]: [07:42:09][STATE] READY ---> RESETTING TASK
[3204:its-digit-reader]: [07:42:09][STATE] RESETTING TASK ---> DEVICE READY
[3204:its-digit-reader]: [07:42:09][STATE] DEVICE READY ---> RESETTING DEVICE
[3206:its-cluster-writer]: [07:42:09][INFO] Received device shutdown request (signal 15).
[3206:its-cluster-writer]: [07:42:09][INFO] Waiting for graceful device shutdown. Hit Ctrl-C again to abort immediately.
[3204:its-digit-reader]: [07:42:09][STATE] RESETTING DEVICE ---> IDLE
[3204:its-digit-reader]: [07:42:09][STATE] IDLE ---> EXITING
[3204:its-digit-reader]: [07:42:09][STATE] Exiting FairMQ state machine
[3208:its-track-writer]: [07:42:09][INFO] Received device shutdown request (signal 15).
[3208:its-track-writer]: [07:42:09][INFO] Waiting for graceful device shutdown. Hit Ctrl-C again to abort immediately.
[3203:internal-dpl-clock]: [07:42:09][INFO] Received device shutdown request (signal 15).
[3203:internal-dpl-clock]: [07:42:09][INFO] Waiting for graceful device shutdown. Hit Ctrl-C again to abort immediately.
[3205:its-clusterer]: [07:42:09][INFO] Received device shutdown request (signal 15).
[3205:its-clusterer]: [07:42:09][INFO] Waiting for graceful device shutdown. Hit Ctrl-C again to abort immediately.
[3203:internal-dpl-clock]: [07:42:10][STATE] RUNNING ---> READY
[3205:its-clusterer]: [07:42:10][STATE] RUNNING ---> READY
[3205:its-clusterer]: [07:42:10][STATE] READY ---> RESETTING TASK
[3205:its-clusterer]: [07:42:10][STATE] RESETTING TASK ---> DEVICE READY
[3205:its-clusterer]: [07:42:10][STATE] DEVICE READY ---> RESETTING DEVICE
[3203:internal-dpl-clock]: [07:42:10][STATE] READY ---> RESETTING TASK
[3203:internal-dpl-clock]: [07:42:10][STATE] RESETTING TASK ---> DEVICE READY
[3207:its-tracker]: [07:42:10][STATE] RUNNING ---> READY
[3203:internal-dpl-clock]: [07:42:10][STATE] DEVICE READY ---> RESETTING DEVICE
[3207:its-tracker]: [07:42:10][STATE] READY ---> RESETTING TASK
[3207:its-tracker]: [07:42:10][STATE] RESETTING TASK ---> DEVICE READY
[3207:its-tracker]: [07:42:10][STATE] DEVICE READY ---> RESETTING DEVICE
[3203:internal-dpl-clock]: [07:42:10][STATE] RESETTING DEVICE ---> IDLE
[3203:internal-dpl-clock]: [07:42:10][STATE] IDLE ---> EXITING
[3203:internal-dpl-clock]: [07:42:10][STATE] Exiting FairMQ state machine
[3207:its-tracker]: [07:42:10][STATE] RESETTING DEVICE ---> IDLE
[3207:its-tracker]: [07:42:10][STATE] IDLE ---> EXITING
[3207:its-tracker]: [07:42:10][STATE] Exiting FairMQ state machine
[3205:its-clusterer]: [07:42:10][STATE] RESETTING DEVICE ---> IDLE
[3205:its-clusterer]: [07:42:10][STATE] IDLE ---> EXITING
[3205:its-clusterer]: [07:42:10][STATE] Exiting FairMQ state machine
[3208:its-track-writer]: [07:42:11][STATE] RUNNING ---> READY
[3208:its-track-writer]: [07:42:11][STATE] READY ---> RESETTING TASK
[3208:its-track-writer]: [07:42:11][STATE] RESETTING TASK ---> DEVICE READY
[3208:its-track-writer]: [07:42:11][STATE] DEVICE READY ---> RESETTING DEVICE
[3208:its-track-writer]: [07:42:11][STATE] RESETTING DEVICE ---> IDLE
[3208:its-track-writer]: [07:42:11][STATE] IDLE ---> EXITING
[3208:its-track-writer]: [07:42:11][STATE] Exiting FairMQ state machine
[3206:its-cluster-writer]: [07:42:11][STATE] RUNNING ---> READY
[3206:its-cluster-writer]: [07:42:11][STATE] READY ---> RESETTING TASK
[3206:its-cluster-writer]: [07:42:11][STATE] RESETTING TASK ---> DEVICE READY
[3206:its-cluster-writer]: [07:42:11][STATE] DEVICE READY ---> RESETTING DEVICE
[3206:its-cluster-writer]: Cleaning up for shared memory id 'b672486d'...
[3206:its-cluster-writer]: No region counter found. No regions to cleanup.
[3206:its-cluster-writer]: Successfully removed 'fmq_b672486d_m_0'.
[3206:its-cluster-writer]: Successfully removed 'fmq_b672486d_mng'.
[3206:its-cluster-writer]: Successfully removed 'fmq_b672486d_mtx'.
[3206:its-cluster-writer]: Successfully removed 'fmq_b672486d_cv'.
[3206:its-cluster-writer]: [07:42:11][STATE] RESETTING DEVICE ---> IDLE
[3206:its-cluster-writer]: [07:42:11][STATE] IDLE ---> EXITING
[3206:its-cluster-writer]: [07:42:11][STATE] Exiting FairMQ state machine
[INFO] Dumping used configuration in dpl-config.json
