===============================
execute this script as follows:
./generate_its.sh system region nevents
where:
system = 1 -> pp
       = 2 -> Pb-Pb
region = 1 -> ITS only
       = 2 -> whole detector
===============================
will generate Pb-Pb events
will transport events in the ITS only
Will generate: 10 events
Moving to /eos/user/f/ftorales/its_data/alignment/lbnl_alice_alignment_tasks/2287089/15
/eos/user/f/ftorales/its_data/alignment/lbnl_alice_alignment_tasks/2287089/15

==============================================================================================
1. MC generation run
[INFO] Running with 6 sim workers 
[INFO] CREATING SIM SHARED MEM SEGMENT FOR 6 WORKERS
Spawning particle server on PID 996; Redirect output to o2sim_serverlog
Spawning sim worker 0 on PID 998; Redirect output to o2sim_workerlog0
Spawning hit merger on PID 999; Redirect output to o2sim_mergerlog
[INFO] DISTRIBUTING EVENT : 1
[INFO] EVENT FINISHED : 1
[INFO] DISTRIBUTING EVENT : 2
[INFO] EVENT FINISHED : 2
[INFO] DISTRIBUTING EVENT : 3
[INFO] EVENT FINISHED : 3
[INFO] DISTRIBUTING EVENT : 4
[INFO] EVENT FINISHED : 4
[INFO] DISTRIBUTING EVENT : 5
[INFO] EVENT FINISHED : 5
[INFO] DISTRIBUTING EVENT : 6
[INFO] EVENT FINISHED : 6
[INFO] DISTRIBUTING EVENT : 7
[INFO] DISTRIBUTING EVENT : 8
[INFO] EVENT FINISHED : 8
[INFO] DISTRIBUTING EVENT : 9
[INFO] EVENT FINISHED : 7
[INFO] EVENT FINISHED : 9
[INFO] DISTRIBUTING EVENT : 10
[INFO] EVENT FINISHED : 10
[INFO] Merger process 999 returned
[INFO] Simulation process took 76.5716 s
[INFO] SIMULATION RETURNED SUCCESFULLY

==============================================================================================
2. Hits to digits conversion
Run: 1621527823
Fill:      0
Period: 
LHC State: 
Start: Thu May 20 18:23:45 2021
End  : Thu May 20 18:23:45 2021
Beam0: Z:A =   0:  0, Energy = 0.000
Beam1: Z:A =   0:  0, Energy = 0.000
sqrt[s]    = 0.000
crossing angle (radian) = 0.000000e+00
magnet currents (A) L3 = -30000.000, Dipole = -6000
Detectors: Cont.RO Triggers
      ITS:    -       -    
[INFO] MC-TRUTH 1
[INFO] TPC: GEM setup - initialization from scratch
[INFO] TPC: GEM setup (polya) took 8.4
[INFO] TPC is in grp? no; is skipped? no
[INFO] ITS is in grp? yes; is skipped? no
[INFO] MFT is in grp? no; is skipped? no
[INFO] TOF is in grp? no; is skipped? no
[INFO] FT0 is in grp? no; is skipped? no
[INFO] FV0 is in grp? no; is skipped? no
[INFO] EMC is in grp? no; is skipped? no
[INFO] HMP is in grp? no; is skipped? no
[INFO] ZDC is in grp? no; is skipped? no
[INFO] TRD is in grp? no; is skipped? no
[INFO] MCH is in grp? no; is skipped? no
[INFO] MID is in grp? no; is skipped? no
[INFO] FDD is in grp? no; is skipped? no
[INFO] PHS is in grp? no; is skipped? no
[INFO] CPV is in grp? no; is skipped? no
[INFO] Initialising O2 Data Processing Layer
[INFO] O2 Data Processing Layer initialised. We brake for nobody.
[INFO] Optimised build. O2DEBUG / LOG(DEBUG) / LOGF(DEBUG) / assert statement will not be shown.
[INFO] Redeployment of configuration asked.
[INFO] Starting internal-dpl-clock on pid 2100
[INFO] Starting SimReader on pid 2101
[INFO] Starting ITSDigitizer on pid 2102
[INFO] Starting GRPUpdater on pid 2103
[INFO] Starting ITSDigitWriter on pid 2104
[INFO] Redeployment of configuration done.
[2101:SimReader]: [INFO] MC-TRUTH 1
[2100:internal-dpl-clock]: [INFO] MC-TRUTH 1
[2103:GRPUpdater]: [INFO] MC-TRUTH 1
[2104:ITSDigitWriter]: [INFO] MC-TRUTH 1
[2102:ITSDigitizer]: [INFO] MC-TRUTH 1
[2101:SimReader]: [INFO] Spawing new device SimReader in process with pid 2101
[2103:GRPUpdater]: [INFO] Spawing new device GRPUpdater in process with pid 2103
[2100:internal-dpl-clock]: [INFO] Spawing new device internal-dpl-clock in process with pid 2100
[2104:ITSDigitWriter]: [INFO] Spawing new device ITSDigitWriter in process with pid 2104
[2102:ITSDigitizer]: [INFO] Spawing new device ITSDigitizer in process with pid 2102
[2100:internal-dpl-clock]: [18:26:56][INFO] 
[2100:internal-dpl-clock]:       ______      _    _______  _________ 
[2100:internal-dpl-clock]:      / ____/___ _(_)_______   |/  /_  __ \    version 1.4.29
[2100:internal-dpl-clock]:     / /_  / __ `/ / ___/__  /|_/ /_  / / /    build RELWITHDEBINFO
[2100:internal-dpl-clock]:    / __/ / /_/ / / /    _  /  / / / /_/ /     https://github.com/FairRootGroup/FairMQ
[2100:internal-dpl-clock]:   /_/    \__,_/_/_/     /_/  /_/  \___\_\     LGPL-3.0  © 2012-2020 GSI
[2100:internal-dpl-clock]: 
[2101:SimReader]: [18:26:56][INFO] 
[2101:SimReader]:       ______      _    _______  _________ 
[2101:SimReader]:      / ____/___ _(_)_______   |/  /_  __ \    version 1.4.29
[2101:SimReader]:     / /_  / __ `/ / ___/__  /|_/ /_  / / /    build RELWITHDEBINFO
[2101:SimReader]:    / __/ / /_/ / / /    _  /  / / / /_/ /     https://github.com/FairRootGroup/FairMQ
[2101:SimReader]:   /_/    \__,_/_/_/     /_/  /_/  \___\_\     LGPL-3.0  © 2012-2020 GSI
[2101:SimReader]: 
[2103:GRPUpdater]: [18:26:56][INFO] 
[2103:GRPUpdater]:       ______      _    _______  _________ 
[2103:GRPUpdater]:      / ____/___ _(_)_______   |/  /_  __ \    version 1.4.29
[2103:GRPUpdater]:     / /_  / __ `/ / ___/__  /|_/ /_  / / /    build RELWITHDEBINFO
[2103:GRPUpdater]:    / __/ / /_/ / / /    _  /  / / / /_/ /     https://github.com/FairRootGroup/FairMQ
[2103:GRPUpdater]:   /_/    \__,_/_/_/     /_/  /_/  \___\_\     LGPL-3.0  © 2012-2020 GSI
[2103:GRPUpdater]: 
[2104:ITSDigitWriter]: [18:26:56][INFO] 
[2104:ITSDigitWriter]:       ______      _    _______  _________ 
[2104:ITSDigitWriter]:      / ____/___ _(_)_______   |/  /_  __ \    version 1.4.29
[2104:ITSDigitWriter]:     / /_  / __ `/ / ___/__  /|_/ /_  / / /    build RELWITHDEBINFO
[2104:ITSDigitWriter]:    / __/ / /_/ / / /    _  /  / / / /_/ /     https://github.com/FairRootGroup/FairMQ
[2104:ITSDigitWriter]:   /_/    \__,_/_/_/     /_/  /_/  \___\_\     LGPL-3.0  © 2012-2020 GSI
[2104:ITSDigitWriter]: 
[2100:internal-dpl-clock]: [18:26:56][STATE] Starting FairMQ state machine --> IDLE
[2101:SimReader]: [18:26:56][STATE] Starting FairMQ state machine --> IDLE
[2103:GRPUpdater]: [18:26:56][STATE] Starting FairMQ state machine --> IDLE
[2102:ITSDigitizer]: [18:26:56][INFO] 
[2102:ITSDigitizer]:       ______      _    _______  _________ 
[2102:ITSDigitizer]:      / ____/___ _(_)_______   |/  /_  __ \    version 1.4.29
[2102:ITSDigitizer]:     / /_  / __ `/ / ___/__  /|_/ /_  / / /    build RELWITHDEBINFO
[2102:ITSDigitizer]:    / __/ / /_/ / / /    _  /  / / / /_/ /     https://github.com/FairRootGroup/FairMQ
[2102:ITSDigitizer]:   /_/    \__,_/_/_/     /_/  /_/  \___\_\     LGPL-3.0  © 2012-2020 GSI
[2102:ITSDigitizer]: 
[2102:ITSDigitizer]: [18:26:56][STATE] Starting FairMQ state machine --> IDLE
[2104:ITSDigitWriter]: [18:26:56][STATE] Starting FairMQ state machine --> IDLE
[2100:internal-dpl-clock]: 2021-05-20 18:26:56	Monitoring	[0;49mStdOut backend initialized[0m
[2101:SimReader]: 2021-05-20 18:26:56	Monitoring	[0;49mStdOut backend initialized[0m
[2101:SimReader]: [18:26:56][STATE] IDLE ---> INITIALIZING DEVICE
[2102:ITSDigitizer]: 2021-05-20 18:26:56	Monitoring	[0;49mStdOut backend initialized[0m
[2103:GRPUpdater]: 2021-05-20 18:26:56	Monitoring	[0;49mStdOut backend initialized[0m
[2103:GRPUpdater]: [18:26:56][STATE] IDLE ---> INITIALIZING DEVICE
[2104:ITSDigitWriter]: 2021-05-20 18:26:56	Monitoring	[0;49mStdOut backend initialized[0m
[2100:internal-dpl-clock]: [18:26:56][STATE] IDLE ---> INITIALIZING DEVICE
[2100:internal-dpl-clock]: 2021-05-20 18:26:56	Monitoring	[0;49mBuffering enabled (100)[0m
[2100:internal-dpl-clock]: [18:26:56][STATE] INITIALIZING DEVICE ---> INITIALIZED
[2100:internal-dpl-clock]: [18:26:56][STATE] INITIALIZED ---> BINDING
[2100:internal-dpl-clock]: [18:26:57][STATE] BINDING ---> BOUND
[2100:internal-dpl-clock]: [18:26:57][STATE] BOUND ---> CONNECTING
[2100:internal-dpl-clock]: [18:26:57][STATE] CONNECTING ---> DEVICE READY
[2100:internal-dpl-clock]: [18:26:57][STATE] DEVICE READY ---> INITIALIZING TASK
[2100:internal-dpl-clock]: [18:26:57][STATE] INITIALIZING TASK ---> READY
[2100:internal-dpl-clock]: [18:26:57][STATE] READY ---> RUNNING
[2100:internal-dpl-clock]: [18:26:57][INFO] DEVICE: Running...
[2101:SimReader]: 2021-05-20 18:26:56	Monitoring	[0;49mBuffering enabled (100)[0m
[2101:SimReader]: [18:26:56][INFO] adding o2sim
[2101:SimReader]: 
[2101:SimReader]: [18:26:56][INFO] INCONTEXTSTRING 
[2101:SimReader]: [18:26:56][INFO] Imposing hadronic interaction rate 50000Hz
[2101:SimReader]: [18:26:56][WARN] No bunch filling provided, impose default one
[2101:SimReader]: [18:26:56][INFO] Deducing mu=0.00771915 per BC from IR=50000 with 576 BCs
[2101:SimReader]: [18:26:57][INFO] InteractionSampler with 576 colliding BCs, mu(BC)= 0.00771915 -> total IR= 50000
[2101:SimReader]: [18:26:57][INFO] Current BCid:    0 Orbit:      1 |T in BC(ns): 0.000(0 coll left)
[2101:SimReader]: [18:26:57][INFO] setting up 1 chains
[2102:ITSDigitizer]: [18:26:56][STATE] IDLE ---> INITIALIZING DEVICE
[2102:ITSDigitizer]: 2021-05-20 18:26:56	Monitoring	[0;49mBuffering enabled (100)[0m
[2102:ITSDigitizer]: [18:26:56][INFO] Initializing geometry service
[2102:ITSDigitizer]: [18:26:57][INFO] Loading geometry FAIRGeom from o2sim_geometry.root
[2103:GRPUpdater]: 2021-05-20 18:26:56	Monitoring	[0;49mBuffering enabled (100)[0m
[2103:GRPUpdater]: [18:26:56][STATE] INITIALIZING DEVICE ---> INITIALIZED
[2103:GRPUpdater]: [18:26:56][STATE] INITIALIZED ---> BINDING
[2103:GRPUpdater]: [18:26:56][STATE] BINDING ---> BOUND
[2103:GRPUpdater]: [18:26:56][STATE] BOUND ---> CONNECTING
[2103:GRPUpdater]: [18:26:57][STATE] CONNECTING ---> DEVICE READY
[2103:GRPUpdater]: [18:26:57][STATE] DEVICE READY ---> INITIALIZING TASK
[2103:GRPUpdater]: [18:26:57][STATE] INITIALIZING TASK ---> READY
[2103:GRPUpdater]: [18:26:57][STATE] READY ---> RUNNING
[2103:GRPUpdater]: [18:26:57][INFO] DEVICE: Running...
[2104:ITSDigitWriter]: [18:26:56][STATE] IDLE ---> INITIALIZING DEVICE
[2104:ITSDigitWriter]: 2021-05-20 18:26:56	Monitoring	[0;49mBuffering enabled (100)[0m
[2104:ITSDigitWriter]: [18:26:57][INFO] 0: branch  ITSDigitMCTruth set up
[2104:ITSDigitWriter]: [18:26:57][INFO] 1: branch  ITSDigitMC2ROF set up
[2104:ITSDigitWriter]: [18:26:57][INFO] 2: branch  ITSDigit set up
[2104:ITSDigitWriter]: [18:26:57][INFO] 3: branch  ITSDigitROF set up
[2104:ITSDigitWriter]: [18:26:57][STATE] INITIALIZING DEVICE ---> INITIALIZED
[2104:ITSDigitWriter]: [18:26:57][STATE] INITIALIZED ---> BINDING
[2104:ITSDigitWriter]: [18:26:57][STATE] BINDING ---> BOUND
[2104:ITSDigitWriter]: [18:26:57][STATE] BOUND ---> CONNECTING
[2104:ITSDigitWriter]: [18:26:57][STATE] CONNECTING ---> DEVICE READY
[2104:ITSDigitWriter]: [18:26:57][STATE] DEVICE READY ---> INITIALIZING TASK
[2104:ITSDigitWriter]: [18:26:57][STATE] INITIALIZING TASK ---> READY
[2104:ITSDigitWriter]: [18:26:57][STATE] READY ---> RUNNING
[2104:ITSDigitWriter]: [18:26:57][INFO] DEVICE: Running...
[2102:ITSDigitizer]: Info in <TGeoManager::CloseGeometry>: Geometry loaded from file...
[2102:ITSDigitizer]: Info in <TGeoManager::SetTopVolume>: Top volume is cave. Master volume is cave
[2102:ITSDigitizer]: Info in <TGeoNavigator::BuildCache>: --- Maximum geometry depth set to 100
[2102:ITSDigitizer]: Info in <TGeoManager::CloseGeometry>: Voxelization retrieved from file
[2102:ITSDigitizer]: Info in <TGeoManager::CountLevels>: max level = 9, max placements = 126
[2102:ITSDigitizer]: Info in <TGeoManager::CloseGeometry>: 179840 nodes/ 399 volume UID's in FAIR geometry
[2102:ITSDigitizer]: Info in <TGeoManager::CloseGeometry>: ----------------modeler ready----------------
[2102:ITSDigitizer]: [18:26:57][INFO] Initializing field service
[2101:SimReader]: [18:26:58][INFO] Automatic deduction of number of collisions ... will just take number of background entries 10
[2101:SimReader]: Summary of DigitizationContext --
[2101:SimReader]: Parts per collision 1
[2101:SimReader]: Collision parts taken from simulations specified by prefix:
[2101:SimReader]: Number of Collisions 10
[2101:SimReader]: Collision 0 TIME BCid:  976 Orbit:      1 |T in BC(ns): 0.072 (0 , 0)
[2101:SimReader]: Collision 1 TIME BCid: 2006 Orbit:      1 |T in BC(ns): 0.107 (0 , 1)
[2101:SimReader]: Collision 2 TIME BCid:   56 Orbit:      2 |T in BC(ns): 0.057 (0 , 2)
[2101:SimReader]: Collision 3 TIME BCid:   86 Orbit:      2 |T in BC(ns): -0.028 (0 , 3)
[2101:SimReader]: Collision 4 TIME BCid:  244 Orbit:      2 |T in BC(ns): 0.302 (0 , 4)
[2101:SimReader]: Collision 5 TIME BCid:  666 Orbit:      2 |T in BC(ns): 0.243 (0 , 5)
[2101:SimReader]: Collision 6 TIME BCid:  990 Orbit:      2 |T in BC(ns): 0.194 (0 , 6)
[2101:SimReader]: Collision 7 TIME BCid: 1770 Orbit:      2 |T in BC(ns): 0.134 (0 , 7)
[2101:SimReader]: Collision 8 TIME BCid: 2138 Orbit:      2 |T in BC(ns): 0.042 (0 , 8)
[2101:SimReader]: Collision 9 TIME BCid: 2200 Orbit:      2 |T in BC(ns): 0.186 (0 , 9)
[2101:SimReader]: [18:26:58][INFO] Initializing Spec ... have 10 times 
[2101:SimReader]: [18:26:58][INFO] Serializing Context for later reuse
[2102:ITSDigitizer]: [18:26:58][INFO] MagneticField::Print: MagneticFieldMap:
[2102:ITSDigitizer]: [18:26:58][INFO] MagneticField::Print: Solenoid (-1*)5 kG, Dipole ON (-1) 
[2102:ITSDigitizer]: [18:26:58][INFO] MagneticField::Print: Machine B fields for p-p  beam (7000 GeV): QGrad: 22.0002 Dipole: 37.8781
[2102:ITSDigitizer]: [18:26:58][INFO] MagneticField::Print: Uses Sol30_Dip6_Hole  of /cvmfs/alice.cern.ch/el7-x86_64/Packages/O2/nightly-20210129-1/share/Common/maps/mfchebKGI_sym.root
[2102:ITSDigitizer]: Info in <TGeoGlobalMagField::SetField>: Global magnetic field set to <MagneticFieldMap>
[2102:ITSDigitizer]: Info in <TGeoGlobalMagField::Lock>: Global magnetic field <MagneticFieldMap> is now locked
[2102:ITSDigitizer]: [18:26:58][INFO] Set Alpide charge threshold to 150, single hit will be accounted from 15 electrons
[2102:ITSDigitizer]: [18:26:58][INFO] ITS simulated in CONTINUOUS RO mode
[2102:ITSDigitizer]: [18:26:58][INFO] Loading ITS L2G matrices from TGeo
[2101:SimReader]: [18:26:58][STATE] INITIALIZING DEVICE ---> INITIALIZED
[2101:SimReader]: [18:26:58][STATE] INITIALIZED ---> BINDING
[2101:SimReader]: [18:26:58][STATE] BINDING ---> BOUND
[2101:SimReader]: [18:26:58][STATE] BOUND ---> CONNECTING
[2101:SimReader]: [18:26:58][STATE] CONNECTING ---> DEVICE READY
[2101:SimReader]: [18:26:58][STATE] DEVICE READY ---> INITIALIZING TASK
[2101:SimReader]: [18:26:58][STATE] INITIALIZING TASK ---> READY
[2101:SimReader]: [18:26:58][STATE] READY ---> RUNNING
[2101:SimReader]: [18:26:58][INFO] DEVICE: Running...
[2101:SimReader]: [18:26:58][INFO] SENDING SOMETHING TO OTHERS
[2102:ITSDigitizer]: Alpide response object of 40500 matrices to map chagre in xyz to 5x5 pixels
[2102:ITSDigitizer]: X(col) range: +0.000000e+00 : +1.462000e-03 | step: 5.000000e-05 | Nbins: 30
[2102:ITSDigitizer]: Y(row) range: +0.000000e+00 : +1.344000e-03 | step: 5.000000e-05 | Nbins: 27
[2102:ITSDigitizer]: Z(dpt) range: -2.000000e-03 : +2.500000e-03 | step: 8.999999e-05 | Nbins: 50
[2102:ITSDigitizer]: Alpide digitization params:
[2102:ITSDigitizer]: Continuous readout             : ON
[2102:ITSDigitizer]: Readout Frame Length(ns)       : 9880.510742
[2102:ITSDigitizer]: Strobe delay (ns)              : 99.803139
[2102:ITSDigitizer]: Strobe length (ns)             : 9780.708008
[2102:ITSDigitizer]: Threshold (N electrons)        : 150
[2102:ITSDigitizer]: Min N electrons to accoint     : 15
[2102:ITSDigitizer]: Number of charge sharing steps : 7
[2102:ITSDigitizer]: ELoss to N electrons factor    : 2.777778e+08
[2102:ITSDigitizer]: Noise level per pixel          : 1.000000e-07
[2102:ITSDigitizer]: Charge time-response:
[2102:ITSDigitizer]: o2::itsmft::AlpideSignalTrapezoid | Duration: 7500.0 MaxRiseTime: 1100.0 (RiseTime=0 at q=450.0) (ns)
[2102:ITSDigitizer]: [18:26:59][STATE] INITIALIZING DEVICE ---> INITIALIZED
[2102:ITSDigitizer]: [18:26:59][STATE] INITIALIZED ---> BINDING
[2102:ITSDigitizer]: [18:26:59][STATE] BINDING ---> BOUND
[2102:ITSDigitizer]: [18:26:59][STATE] BOUND ---> CONNECTING
[2102:ITSDigitizer]: [18:26:59][STATE] CONNECTING ---> DEVICE READY
[2102:ITSDigitizer]: [18:26:59][STATE] DEVICE READY ---> INITIALIZING TASK
[2102:ITSDigitizer]: [18:26:59][STATE] INITIALIZING TASK ---> READY
[2102:ITSDigitizer]: [18:26:59][STATE] READY ---> RUNNING
[2102:ITSDigitizer]: [18:26:59][INFO] DEVICE: Running...
[2102:ITSDigitizer]: [18:26:59][INFO] GOT 10 COLLISSION TIMES
[2102:ITSDigitizer]: [18:26:59][INFO] SIMCHAINS 1
[2102:ITSDigitizer]: [18:26:59][INFO]  CALLING ITS DIGITIZATION 
[2102:ITSDigitizer]: [18:27:00][INFO] Digitizing ITS hits of entry 0 from source 0 at time BCid:  976 Orbit:      1 |T in BC(ns): 0.072 ROFrame= 11) cont.mode: 1 Min/Max ROFrames 0/10
[2102:ITSDigitizer]: [18:27:00][INFO] Filling ITS digits output for RO frames 0:10
[2102:ITSDigitizer]: ROF: 0 | 1283 entries starting from 0
[2102:ITSDigitizer]: BCid:    0 Orbit:      0
[2102:ITSDigitizer]: ROF: 1 | 1267 entries starting from 1283
[2102:ITSDigitizer]: BCid:  396 Orbit:      0
[2102:ITSDigitizer]: ROF: 2 | 1323 entries starting from 2550
[2102:ITSDigitizer]: BCid:  792 Orbit:      0
[2102:ITSDigitizer]: ROF: 3 | 1229 entries starting from 3873
[2102:ITSDigitizer]: BCid: 1188 Orbit:      0
[2102:ITSDigitizer]: ROF: 4 | 1245 entries starting from 5102
[2102:ITSDigitizer]: BCid: 1584 Orbit:      0
[2102:ITSDigitizer]: ROF: 5 | 1248 entries starting from 6347
[2102:ITSDigitizer]: BCid: 1980 Orbit:      0
[2102:ITSDigitizer]: ROF: 6 | 1259 entries starting from 7595
[2102:ITSDigitizer]: BCid: 2376 Orbit:      0
[2102:ITSDigitizer]: ROF: 7 | 1258 entries starting from 8854
[2102:ITSDigitizer]: BCid: 2772 Orbit:      0
[2102:ITSDigitizer]: ROF: 8 | 1247 entries starting from 10112
[2102:ITSDigitizer]: BCid: 3168 Orbit:      0
[2102:ITSDigitizer]: ROF: 9 | 1249 entries starting from 11359
[2102:ITSDigitizer]: BCid:    0 Orbit:      1
[2102:ITSDigitizer]: ROF: 10 | 1258 entries starting from 12608
[2102:ITSDigitizer]: BCid:  396 Orbit:      1
[2102:ITSDigitizer]: [18:27:00][INFO] Added 13866 digits 
[2102:ITSDigitizer]: [18:27:00][INFO] Digitizing ITS hits of entry 1 from source 0 at time BCid: 2006 Orbit:      1 |T in BC(ns): 0.107 ROFrame= 14) cont.mode: 1 Min/Max ROFrames 11/13
[2102:ITSDigitizer]: [18:27:00][INFO] Filling ITS digits output for RO frames 11:13
[2102:ITSDigitizer]: ROF: 11 | 4619 entries starting from 13866
[2102:ITSDigitizer]: BCid:  792 Orbit:      1
[2102:ITSDigitizer]: MCEventID: 0 ROFs: 11-12 Entry in ROFRecords: 11
[2102:ITSDigitizer]: ROF: 12 | 4749 entries starting from 18485
[2102:ITSDigitizer]: BCid: 1188 Orbit:      1
[2102:ITSDigitizer]: ROF: 13 | 1230 entries starting from 23234
[2102:ITSDigitizer]: BCid: 1584 Orbit:      1
[2102:ITSDigitizer]: [18:27:00][INFO] Added 10598 digits 
[2102:ITSDigitizer]: [18:27:00][INFO] Digitizing ITS hits of entry 2 from source 0 at time BCid:   56 Orbit:      2 |T in BC(ns): 0.057 ROFrame= 18) cont.mode: 1 Min/Max ROFrames 14/17
[2102:ITSDigitizer]: [18:27:00][INFO] Filling ITS digits output for RO frames 14:17
[2102:ITSDigitizer]: ROF: 14 | 46197 entries starting from 24464
[2102:ITSDigitizer]: BCid: 1980 Orbit:      1
[2102:ITSDigitizer]: MCEventID: 1 ROFs: 14-15 Entry in ROFRecords: 14
[2102:ITSDigitizer]: ROF: 15 | 1373 entries starting from 70661
[2102:ITSDigitizer]: BCid: 2376 Orbit:      1
[2102:ITSDigitizer]: ROF: 16 | 1292 entries starting from 72034
[2102:ITSDigitizer]: BCid: 2772 Orbit:      1
[2102:ITSDigitizer]: ROF: 17 | 1269 entries starting from 73326
[2102:ITSDigitizer]: BCid: 3168 Orbit:      1
[2102:ITSDigitizer]: [18:27:00][INFO] Added 50131 digits 
[2102:ITSDigitizer]: [18:27:00][INFO] Digitizing ITS hits of entry 3 from source 0 at time BCid:   86 Orbit:      2 |T in BC(ns): -0.028 ROFrame= 18) cont.mode: 1 Min/Max ROFrames 18/19
[2102:ITSDigitizer]: [18:27:00][INFO] Digitizing ITS hits of entry 4 from source 0 at time BCid:  244 Orbit:      2 |T in BC(ns): 0.302 ROFrame= 18) cont.mode: 1 Min/Max ROFrames 18/19
[2102:ITSDigitizer]: [18:27:01][INFO] Digitizing ITS hits of entry 5 from source 0 at time BCid:  666 Orbit:      2 |T in BC(ns): 0.243 ROFrame= 19) cont.mode: 1 Min/Max ROFrames 18/20
[2102:ITSDigitizer]: [18:27:01][INFO] Filling ITS digits output for RO frames 18:18
[2102:ITSDigitizer]: ROF: 18 | 167119 entries starting from 74595
[2102:ITSDigitizer]: BCid:    0 Orbit:      2
[2102:ITSDigitizer]: MCEventID: 2 ROFs: 18-19 Entry in ROFRecords: 18
[2102:ITSDigitizer]: MCEventID: 3 ROFs: 18-19 Entry in ROFRecords: 18
[2102:ITSDigitizer]: MCEventID: 4 ROFs: 18-20 Entry in ROFRecords: 18
[2102:ITSDigitizer]: [18:27:01][INFO] Added 167119 digits 
[2102:ITSDigitizer]: [18:27:01][INFO] Digitizing ITS hits of entry 7 from source 0 at time BCid: 1770 Orbit:      2 |T in BC(ns): 0.134 ROFrame= 22) cont.mode: 1 Min/Max ROFrames 19/21
[2102:ITSDigitizer]: [18:27:01][INFO] Filling ITS digits output for RO frames 19:21
[2102:ITSDigitizer]: ROF: 19 | 171194 entries starting from 241714
[2102:ITSDigitizer]: BCid:  396 Orbit:      2
[2102:ITSDigitizer]: MCEventID: 5 ROFs: 19-21 Entry in ROFRecords: 19
[2102:ITSDigitizer]: ROF: 20 | 55367 entries starting from 412908
[2102:ITSDigitizer]: BCid:  792 Orbit:      2
[2102:ITSDigitizer]: ROF: 21 | 1445 entries starting from 468275
[2102:ITSDigitizer]: BCid: 1188 Orbit:      2
[2102:ITSDigitizer]: [18:27:01][INFO] Added 228006 digits 
[2102:ITSDigitizer]: [18:27:01][INFO] Digitizing ITS hits of entry 8 from source 0 at time BCid: 2138 Orbit:      2 |T in BC(ns): 0.042 ROFrame= 23) cont.mode: 1 Min/Max ROFrames 22/24
[2102:ITSDigitizer]: [18:27:01][INFO] Filling ITS digits output for RO frames 22:22
[2102:ITSDigitizer]: ROF: 22 | 91009 entries starting from 469720
[2102:ITSDigitizer]: BCid: 1584 Orbit:      2
[2102:ITSDigitizer]: MCEventID: 7 ROFs: 22-24 Entry in ROFRecords: 22
[2102:ITSDigitizer]: [18:27:01][INFO] Added 91009 digits 
[2102:ITSDigitizer]: [18:27:01][INFO] Digitizing ITS hits of entry 9 from source 0 at time BCid: 2200 Orbit:      2 |T in BC(ns): 0.186 ROFrame= 23) cont.mode: 1 Min/Max ROFrames 23/24
[2102:ITSDigitizer]: [18:27:02][INFO] Filling ITS digits output for RO frames 23:25
[2102:ITSDigitizer]: ROF: 23 | 251227 entries starting from 560729
[2102:ITSDigitizer]: BCid: 1980 Orbit:      2
[2102:ITSDigitizer]: MCEventID: 8 ROFs: 23-24 Entry in ROFRecords: 23
[2102:ITSDigitizer]: MCEventID: 9 ROFs: 23-25 Entry in ROFRecords: 23
[2102:ITSDigitizer]: ROF: 24 | 161485 entries starting from 811956
[2102:ITSDigitizer]: BCid: 2376 Orbit:      2
[2102:ITSDigitizer]: ROF: 25 | 1393 entries starting from 973441
[2102:ITSDigitizer]: BCid: 2772 Orbit:      2
[2102:ITSDigitizer]: [18:27:02][INFO] Added 414105 digits 
[2102:ITSDigitizer]: [18:27:02][INFO] ITS: Sending ROMode= 3 to GRPUpdater
[2102:ITSDigitizer]: [18:27:02][INFO] Digitization took 2.02s
[2104:ITSDigitWriter]: [18:27:02][INFO] WRITING 980436 LABELS 
[2103:GRPUpdater]: [18:27:02][INFO] Updated GRP in o2sim_grp.root for detectors RO mode
[2103:GRPUpdater]: Run: 1621527823
[2103:GRPUpdater]: Fill:      0
[2103:GRPUpdater]: Period: 
[2103:GRPUpdater]: LHC State: 
[2103:GRPUpdater]: Start: Thu May 20 18:23:45 2021
[2103:GRPUpdater]: End  : Thu May 20 18:23:45 2021
[2103:GRPUpdater]: Beam0: Z:A =   0:  0, Energy = 0.000
[2103:GRPUpdater]: Beam1: Z:A =   0:  0, Energy = 0.000
[2103:GRPUpdater]: sqrt[s]    = 0.000
[2103:GRPUpdater]: crossing angle (radian) = 0.000000e+00
[2103:GRPUpdater]: magnet currents (A) L3 = -30000.000, Dipole = -6000
[2103:GRPUpdater]: Detectors: Cont.RO Triggers
[2103:GRPUpdater]:       ITS:    +       -    
[2104:ITSDigitWriter]: [18:27:02][INFO] RECEIVED DIGITS SIZE 974834
[INFO] Quitting
[INFO] QUIT_REQUESTED
[2103:GRPUpdater]: [18:27:02][INFO] Received device shutdown request (signal 15).
[2103:GRPUpdater]: [18:27:02][INFO] Waiting for graceful device shutdown. Hit Ctrl-C again to abort immediately.
[2102:ITSDigitizer]: [18:27:02][INFO] Received device shutdown request (signal 15).
[2102:ITSDigitizer]: [18:27:02][INFO] Waiting for graceful device shutdown. Hit Ctrl-C again to abort immediately.
[2104:ITSDigitWriter]: [18:27:02][INFO] Received device shutdown request (signal 15).
[2104:ITSDigitWriter]: [18:27:02][INFO] Waiting for graceful device shutdown. Hit Ctrl-C again to abort immediately.
[2100:internal-dpl-clock]: [18:27:02][INFO] Received device shutdown request (signal 15).
[2100:internal-dpl-clock]: [18:27:02][INFO] Waiting for graceful device shutdown. Hit Ctrl-C again to abort immediately.
[2101:SimReader]: [18:27:02][INFO] Received device shutdown request (signal 15).
[2101:SimReader]: [18:27:02][INFO] Waiting for graceful device shutdown. Hit Ctrl-C again to abort immediately.
[2101:SimReader]: [18:27:02][STATE] RUNNING ---> READY
[2101:SimReader]: [18:27:02][STATE] READY ---> RESETTING TASK
[2101:SimReader]: [18:27:02][STATE] RESETTING TASK ---> DEVICE READY
[2101:SimReader]: [18:27:02][STATE] DEVICE READY ---> RESETTING DEVICE
[2101:SimReader]: [18:27:02][STATE] RESETTING DEVICE ---> IDLE
[2101:SimReader]: [18:27:02][STATE] IDLE ---> EXITING
[2101:SimReader]: [18:27:02][STATE] Exiting FairMQ state machine
[2102:ITSDigitizer]: [18:27:02][STATE] RUNNING ---> READY
[2100:internal-dpl-clock]: [18:27:02][STATE] RUNNING ---> READY
[2102:ITSDigitizer]: [18:27:02][STATE] READY ---> RESETTING TASK
[2102:ITSDigitizer]: [18:27:02][STATE] RESETTING TASK ---> DEVICE READY
[2100:internal-dpl-clock]: [18:27:02][STATE] READY ---> RESETTING TASK
[2100:internal-dpl-clock]: [18:27:02][STATE] RESETTING TASK ---> DEVICE READY
[2102:ITSDigitizer]: [18:27:02][STATE] DEVICE READY ---> RESETTING DEVICE
[2100:internal-dpl-clock]: [18:27:02][STATE] DEVICE READY ---> RESETTING DEVICE
[2103:GRPUpdater]: [18:27:02][STATE] RUNNING ---> READY
[2103:GRPUpdater]: [18:27:02][STATE] READY ---> RESETTING TASK
[2103:GRPUpdater]: [18:27:02][STATE] RESETTING TASK ---> DEVICE READY
[2102:ITSDigitizer]: [18:27:02][STATE] RESETTING DEVICE ---> IDLE
[2103:GRPUpdater]: [18:27:02][STATE] DEVICE READY ---> RESETTING DEVICE
[2102:ITSDigitizer]: [18:27:02][STATE] IDLE ---> EXITING
[2103:GRPUpdater]: [18:27:02][STATE] RESETTING DEVICE ---> IDLE
[2103:GRPUpdater]: [18:27:02][STATE] IDLE ---> EXITING
[2103:GRPUpdater]: [18:27:02][STATE] Exiting FairMQ state machine
[2102:ITSDigitizer]: [18:27:02][STATE] Exiting FairMQ state machine
[2100:internal-dpl-clock]: [18:27:02][STATE] RESETTING DEVICE ---> IDLE
[2100:internal-dpl-clock]: [18:27:02][STATE] IDLE ---> EXITING
[2100:internal-dpl-clock]: [18:27:02][STATE] Exiting FairMQ state machine
[2104:ITSDigitWriter]: [18:27:04][STATE] RUNNING ---> READY
[2104:ITSDigitWriter]: [18:27:04][STATE] READY ---> RESETTING TASK
[2104:ITSDigitWriter]: [18:27:04][STATE] RESETTING TASK ---> DEVICE READY
[2104:ITSDigitWriter]: [18:27:04][STATE] DEVICE READY ---> RESETTING DEVICE
[2104:ITSDigitWriter]: Cleaning up for shared memory id 'ca2969e8'...
[2104:ITSDigitWriter]: No region counter found. No regions to cleanup.
[2104:ITSDigitWriter]: Successfully removed 'fmq_ca2969e8_m_0'.
[2104:ITSDigitWriter]: Successfully removed 'fmq_ca2969e8_mng'.
[2104:ITSDigitWriter]: Successfully removed 'fmq_ca2969e8_mtx'.
[2104:ITSDigitWriter]: Successfully removed 'fmq_ca2969e8_cv'.
[2104:ITSDigitWriter]: [18:27:04][STATE] RESETTING DEVICE ---> IDLE
[2104:ITSDigitWriter]: [18:27:04][STATE] IDLE ---> EXITING
[2104:ITSDigitWriter]: [18:27:04][STATE] Exiting FairMQ state machine
[INFO] Dumping used configuration in dpl-config.json

==============================================================================================
3. Tracking
[INFO] Initialising O2 Data Processing Layer
[INFO] O2 Data Processing Layer initialised. We brake for nobody.
[INFO] Optimised build. O2DEBUG / LOG(DEBUG) / LOGF(DEBUG) / assert statement will not be shown.
[INFO] Redeployment of configuration asked.
[INFO] Starting internal-dpl-clock on pid 3183
[INFO] Starting its-digit-reader on pid 3184
[INFO] Starting its-clusterer on pid 3185
[INFO] Starting its-cluster-writer on pid 3186
[INFO] Starting its-tracker on pid 3187
[INFO] Starting its-track-writer on pid 3188
[INFO] Redeployment of configuration done.
[3183:internal-dpl-clock]: [INFO] Spawing new device internal-dpl-clock in process with pid 3183
[3184:its-digit-reader]: [INFO] Spawing new device its-digit-reader in process with pid 3184
[3186:its-cluster-writer]: [INFO] Spawing new device its-cluster-writer in process with pid 3186
[3185:its-clusterer]: [INFO] Spawing new device its-clusterer in process with pid 3185
[3187:its-tracker]: [INFO] Spawing new device its-tracker in process with pid 3187
[3183:internal-dpl-clock]: [18:29:03][INFO] 
[3183:internal-dpl-clock]:       ______      _    _______  _________ 
[3183:internal-dpl-clock]:      / ____/___ _(_)_______   |/  /_  __ \    version 1.4.29
[3183:internal-dpl-clock]:     / /_  / __ `/ / ___/__  /|_/ /_  / / /    build RELWITHDEBINFO
[3183:internal-dpl-clock]:    / __/ / /_/ / / /    _  /  / / / /_/ /     https://github.com/FairRootGroup/FairMQ
[3183:internal-dpl-clock]:   /_/    \__,_/_/_/     /_/  /_/  \___\_\     LGPL-3.0  © 2012-2020 GSI
[3183:internal-dpl-clock]: 
[3183:internal-dpl-clock]: [18:29:03][STATE] Starting FairMQ state machine --> IDLE
[3184:its-digit-reader]: [18:29:03][INFO] 
[3184:its-digit-reader]:       ______      _    _______  _________ 
[3184:its-digit-reader]:      / ____/___ _(_)_______   |/  /_  __ \    version 1.4.29
[3184:its-digit-reader]:     / /_  / __ `/ / ___/__  /|_/ /_  / / /    build RELWITHDEBINFO
[3184:its-digit-reader]:    / __/ / /_/ / / /    _  /  / / / /_/ /     https://github.com/FairRootGroup/FairMQ
[3184:its-digit-reader]:   /_/    \__,_/_/_/     /_/  /_/  \___\_\     LGPL-3.0  © 2012-2020 GSI
[3184:its-digit-reader]: 
[3184:its-digit-reader]: [18:29:03][STATE] Starting FairMQ state machine --> IDLE
[3185:its-clusterer]: [18:29:03][INFO] 
[3185:its-clusterer]:       ______      _    _______  _________ 
[3185:its-clusterer]:      / ____/___ _(_)_______   |/  /_  __ \    version 1.4.29
[3185:its-clusterer]:     / /_  / __ `/ / ___/__  /|_/ /_  / / /    build RELWITHDEBINFO
[3185:its-clusterer]:    / __/ / /_/ / / /    _  /  / / / /_/ /     https://github.com/FairRootGroup/FairMQ
[3185:its-clusterer]:   /_/    \__,_/_/_/     /_/  /_/  \___\_\     LGPL-3.0  © 2012-2020 GSI
[3185:its-clusterer]: 
[3185:its-clusterer]: [18:29:03][STATE] Starting FairMQ state machine --> IDLE
[3186:its-cluster-writer]: [18:29:03][INFO] 
[3186:its-cluster-writer]:       ______      _    _______  _________ 
[3186:its-cluster-writer]:      / ____/___ _(_)_______   |/  /_  __ \    version 1.4.29
[3186:its-cluster-writer]:     / /_  / __ `/ / ___/__  /|_/ /_  / / /    build RELWITHDEBINFO
[3186:its-cluster-writer]:    / __/ / /_/ / / /    _  /  / / / /_/ /     https://github.com/FairRootGroup/FairMQ
[3186:its-cluster-writer]:   /_/    \__,_/_/_/     /_/  /_/  \___\_\     LGPL-3.0  © 2012-2020 GSI
[3186:its-cluster-writer]: 
[3186:its-cluster-writer]: [18:29:03][STATE] Starting FairMQ state machine --> IDLE
[3187:its-tracker]: [18:29:03][INFO] 
[3187:its-tracker]:       ______      _    _______  _________ 
[3187:its-tracker]:      / ____/___ _(_)_______   |/  /_  __ \    version 1.4.29
[3187:its-tracker]:     / /_  / __ `/ / ___/__  /|_/ /_  / / /    build RELWITHDEBINFO
[3187:its-tracker]:    / __/ / /_/ / / /    _  /  / / / /_/ /     https://github.com/FairRootGroup/FairMQ
[3187:its-tracker]:   /_/    \__,_/_/_/     /_/  /_/  \___\_\     LGPL-3.0  © 2012-2020 GSI
[3187:its-tracker]: 
[3187:its-tracker]: [18:29:03][STATE] Starting FairMQ state machine --> IDLE
[3187:its-tracker]: 2021-05-20 18:29:03	Monitoring	[0;49mStdOut backend initialized[0m
[3183:internal-dpl-clock]: 2021-05-20 18:29:03	Monitoring	[0;49mStdOut backend initialized[0m
[3184:its-digit-reader]: 2021-05-20 18:29:03	Monitoring	[0;49mStdOut backend initialized[0m
[3185:its-clusterer]: 2021-05-20 18:29:03	Monitoring	[0;49mStdOut backend initialized[0m
[3185:its-clusterer]: [18:29:03][STATE] IDLE ---> INITIALIZING DEVICE
[3186:its-cluster-writer]: 2021-05-20 18:29:03	Monitoring	[0;49mStdOut backend initialized[0m
[3187:its-tracker]: [18:29:03][STATE] IDLE ---> INITIALIZING DEVICE
[3183:internal-dpl-clock]: [18:29:03][STATE] IDLE ---> INITIALIZING DEVICE
[3183:internal-dpl-clock]: 2021-05-20 18:29:03	Monitoring	[0;49mBuffering enabled (100)[0m
[3183:internal-dpl-clock]: [18:29:03][STATE] INITIALIZING DEVICE ---> INITIALIZED
[3183:internal-dpl-clock]: [18:29:03][STATE] INITIALIZED ---> BINDING
[3183:internal-dpl-clock]: [18:29:03][STATE] BINDING ---> BOUND
[3183:internal-dpl-clock]: [18:29:03][STATE] BOUND ---> CONNECTING
[3183:internal-dpl-clock]: [18:29:03][STATE] CONNECTING ---> DEVICE READY
[3183:internal-dpl-clock]: [18:29:03][STATE] DEVICE READY ---> INITIALIZING TASK
[3183:internal-dpl-clock]: [18:29:03][STATE] INITIALIZING TASK ---> READY
[3183:internal-dpl-clock]: [18:29:03][STATE] READY ---> RUNNING
[3183:internal-dpl-clock]: [18:29:03][INFO] DEVICE: Running...
[3184:its-digit-reader]: [18:29:03][STATE] IDLE ---> INITIALIZING DEVICE
[3184:its-digit-reader]: 2021-05-20 18:29:03	Monitoring	[0;49mBuffering enabled (100)[0m
[3185:its-clusterer]: 2021-05-20 18:29:03	Monitoring	[0;49mBuffering enabled (100)[0m
[3185:its-clusterer]: [18:29:03][INFO] Dictionary ITSdictionary.bin is absent, ITSClusterer expects cluster patterns
[3185:its-clusterer]: [18:29:03][INFO] Clusterizer masks overflow pixels separated by < 406 BC and <= 0 in row/col
[3185:its-clusterer]: [18:29:03][INFO] Inclusive clusterization timing (w/o disk IO): Cpu: 0 Real: 0 s in 1 slots
[3185:its-clusterer]: [18:29:03][INFO] Threads output merging timing                : Cpu: 0 Real: 0 s in 1 slots
[3185:its-clusterer]: [18:29:03][STATE] INITIALIZING DEVICE ---> INITIALIZED
[3185:its-clusterer]: [18:29:03][STATE] INITIALIZED ---> BINDING
[3185:its-clusterer]: [18:29:03][STATE] BINDING ---> BOUND
[3185:its-clusterer]: [18:29:03][STATE] BOUND ---> CONNECTING
[3185:its-clusterer]: [18:29:03][STATE] CONNECTING ---> DEVICE READY
[3185:its-clusterer]: [18:29:03][STATE] DEVICE READY ---> INITIALIZING TASK
[3185:its-clusterer]: [18:29:03][STATE] INITIALIZING TASK ---> READY
[3185:its-clusterer]: [18:29:03][STATE] READY ---> RUNNING
[3185:its-clusterer]: [18:29:03][INFO] DEVICE: Running...
[3186:its-cluster-writer]: [18:29:03][STATE] IDLE ---> INITIALIZING DEVICE
[3187:its-tracker]: 2021-05-20 18:29:03	Monitoring	[0;49mBuffering enabled (100)[0m
[3187:its-tracker]: [18:29:03][INFO] Created GPUReconstruction instance for device type CPU (1) 
[3188:its-track-writer]: [INFO] Spawing new device its-track-writer in process with pid 3188
[3188:its-track-writer]: [18:29:03][INFO] 
[3188:its-track-writer]:       ______      _    _______  _________ 
[3188:its-track-writer]:      / ____/___ _(_)_______   |/  /_  __ \    version 1.4.29
[3188:its-track-writer]:     / /_  / __ `/ / ___/__  /|_/ /_  / / /    build RELWITHDEBINFO
[3188:its-track-writer]:    / __/ / /_/ / / /    _  /  / / / /_/ /     https://github.com/FairRootGroup/FairMQ
[3188:its-track-writer]:   /_/    \__,_/_/_/     /_/  /_/  \___\_\     LGPL-3.0  © 2012-2020 GSI
[3188:its-track-writer]: 
[3188:its-track-writer]: [18:29:03][STATE] Starting FairMQ state machine --> IDLE
[3188:its-track-writer]: 2021-05-20 18:29:03	Monitoring	[0;49mStdOut backend initialized[0m
[3188:its-track-writer]: [18:29:03][STATE] IDLE ---> INITIALIZING DEVICE
[3184:its-digit-reader]: [18:29:03][STATE] INITIALIZING DEVICE ---> INITIALIZED
[3184:its-digit-reader]: [18:29:03][STATE] INITIALIZED ---> BINDING
[3184:its-digit-reader]: [18:29:03][STATE] BINDING ---> BOUND
[3184:its-digit-reader]: [18:29:03][STATE] BOUND ---> CONNECTING
[3184:its-digit-reader]: [18:29:03][STATE] CONNECTING ---> DEVICE READY
[3184:its-digit-reader]: [18:29:03][STATE] DEVICE READY ---> INITIALIZING TASK
[3184:its-digit-reader]: [18:29:03][STATE] INITIALIZING TASK ---> READY
[3184:its-digit-reader]: [18:29:03][STATE] READY ---> RUNNING
[3184:its-digit-reader]: [18:29:03][INFO] DEVICE: Running...
[3186:its-cluster-writer]: 2021-05-20 18:29:03	Monitoring	[0;49mBuffering enabled (100)[0m
[3186:its-cluster-writer]: [18:29:03][INFO] 0: branch  ITSClusterComp set up
[3186:its-cluster-writer]: [18:29:03][INFO] 1: branch  ITSClusterPatt set up
[3186:its-cluster-writer]: [18:29:03][INFO] 2: branch  ITSClustersROF set up
[3186:its-cluster-writer]: [18:29:03][INFO] 3: branch  ITSClusterMCTruth set up
[3186:its-cluster-writer]: [18:29:03][INFO] 4: branch  ITSClustersMC2ROF set up
[3186:its-cluster-writer]: [18:29:03][STATE] INITIALIZING DEVICE ---> INITIALIZED
[3186:its-cluster-writer]: [18:29:03][STATE] INITIALIZED ---> BINDING
[3186:its-cluster-writer]: [18:29:03][STATE] BINDING ---> BOUND
[3186:its-cluster-writer]: [18:29:03][STATE] BOUND ---> CONNECTING
[3186:its-cluster-writer]: [18:29:03][STATE] CONNECTING ---> DEVICE READY
[3186:its-cluster-writer]: [18:29:03][STATE] DEVICE READY ---> INITIALIZING TASK
[3186:its-cluster-writer]: [18:29:03][STATE] INITIALIZING TASK ---> READY
[3186:its-cluster-writer]: [18:29:03][STATE] READY ---> RUNNING
[3186:its-cluster-writer]: [18:29:03][INFO] DEVICE: Running...
[3188:its-track-writer]: 2021-05-20 18:29:03	Monitoring	[0;49mBuffering enabled (100)[0m
[3188:its-track-writer]: [18:29:03][INFO] 0: branch  ITSTrack set up
[3188:its-track-writer]: [18:29:03][INFO] 1: branch  ITSTrackClusIdx set up
[3188:its-track-writer]: [18:29:03][INFO] 2: branch  Vertices set up
[3188:its-track-writer]: [18:29:03][INFO] 3: branch  VerticesROF set up
[3188:its-track-writer]: [18:29:03][INFO] 4: branch  ITSTracksROF set up
[3188:its-track-writer]: [18:29:03][INFO] 5: branch  ITSTrackMCTruth set up
[3188:its-track-writer]: [18:29:03][INFO] 6: branch  ITSTracksMC2ROF set up
[3188:its-track-writer]: [18:29:03][STATE] INITIALIZING DEVICE ---> INITIALIZED
[3188:its-track-writer]: [18:29:03][STATE] INITIALIZED ---> BINDING
[3188:its-track-writer]: [18:29:03][STATE] BINDING ---> BOUND
[3188:its-track-writer]: [18:29:03][STATE] BOUND ---> CONNECTING
[3188:its-track-writer]: [18:29:03][STATE] CONNECTING ---> DEVICE READY
[3188:its-track-writer]: [18:29:03][STATE] DEVICE READY ---> INITIALIZING TASK
[3188:its-track-writer]: [18:29:03][STATE] INITIALIZING TASK ---> READY
[3188:its-track-writer]: [18:29:03][STATE] READY ---> RUNNING
[3188:its-track-writer]: [18:29:03][INFO] DEVICE: Running...
[3187:its-tracker]: [18:29:04][INFO] MagneticField::Print: MagneticFieldMap:
[3187:its-tracker]: [18:29:04][INFO] MagneticField::Print: Solenoid (-1*)5 kG, Dipole ON (-1) 
[3187:its-tracker]: [18:29:04][INFO] MagneticField::Print: Machine B fields for p-p  beam (7000 GeV): QGrad: 22.0002 Dipole: 37.8781
[3187:its-tracker]: [18:29:04][INFO] MagneticField::Print: Uses Sol30_Dip6_Hole  of /cvmfs/alice.cern.ch/el7-x86_64/Packages/O2/nightly-20210129-1/share/Common/maps/mfchebKGI_sym.root
[3187:its-tracker]: [18:29:04][INFO] Loading geometry FAIRGeom from o2sim_geometry.root
[3187:its-tracker]: Info in <TGeoGlobalMagField::SetField>: Global magnetic field set to <MagneticFieldMap>
[3187:its-tracker]: Info in <TGeoGlobalMagField::Lock>: Global magnetic field <MagneticFieldMap> is now locked
[3187:its-tracker]: Info in <TGeoManager::CloseGeometry>: Geometry loaded from file...
[3187:its-tracker]: Info in <TGeoManager::SetTopVolume>: Top volume is cave. Master volume is cave
[3187:its-tracker]: Info in <TGeoNavigator::BuildCache>: --- Maximum geometry depth set to 100
[3187:its-tracker]: Info in <TGeoManager::CloseGeometry>: Voxelization retrieved from file
[3187:its-tracker]: Info in <TGeoManager::CountLevels>: max level = 9, max placements = 126
[3187:its-tracker]: Info in <TGeoManager::CloseGeometry>: 179840 nodes/ 399 volume UID's in FAIR geometry
[3187:its-tracker]: Info in <TGeoManager::CloseGeometry>: ----------------modeler ready----------------
[3187:its-tracker]: [18:29:04][INFO] Loading ITS T2L matrices from TGeo
[3184:its-digit-reader]: [18:29:04][INFO] ITSDigitReader pushed 974834 digits, in 26 RO frames
[3185:its-clusterer]: [18:29:04][INFO] ITSClusterer pulled 974834 digits, in 26 RO frames
[3185:its-clusterer]: [18:29:04][INFO] ITSClusterer pulled 980436 labels 
[3187:its-tracker]: [18:29:04][WARN] It is faster to use 2D rotation for T2G instead of full Transform3D matrices
[3187:its-tracker]: [18:29:04][INFO] Loading ITS T2G matrices from TGeo
[3185:its-clusterer]: [18:29:05][INFO] ITSClusterer pushed 151212 clusters, in 26 RO frames
[3186:its-cluster-writer]: [18:29:05][INFO] ITSClusterWriter pulled 151212 clusters, in 26 RO frames
[3187:its-tracker]: [18:29:05][INFO] Loading ITS T2G rotation 2D matrices
[3187:its-tracker]: [18:29:05][INFO] Initializing tracker in sync. phase reconstruction with 1 passes
[3187:its-tracker]: [18:29:05][INFO] Not using lookup table for material budget approximation
[3187:its-tracker]: [18:29:05][INFO] Dictionary ITSdictionary.bin is absent, Tracker expects cluster patterns
[3187:its-tracker]: [18:29:05][STATE] INITIALIZING DEVICE ---> INITIALIZED
[3187:its-tracker]: [18:29:05][STATE] INITIALIZED ---> BINDING
[3187:its-tracker]: [18:29:05][STATE] BINDING ---> BOUND
[3187:its-tracker]: [18:29:05][STATE] BOUND ---> CONNECTING
[3187:its-tracker]: [18:29:05][STATE] CONNECTING ---> DEVICE READY
[3187:its-tracker]: [18:29:05][STATE] DEVICE READY ---> INITIALIZING TASK
[3187:its-tracker]: [18:29:05][STATE] INITIALIZING TASK ---> READY
[3187:its-tracker]: [18:29:05][STATE] READY ---> RUNNING
[3187:its-tracker]: [18:29:05][INFO] DEVICE: Running...
[3187:its-tracker]: [18:29:05][INFO] ITSTracker pulled 151212 clusters, 26 RO frames
[3187:its-tracker]: [18:29:05][INFO] 151212 MC label objects , in 10 MC events
[3187:its-tracker]: [18:29:05][INFO] ITSTracker RO: continuous=1
[3187:its-tracker]: [18:29:05][INFO] Loading ITS L2G matrices from TGeo
[3187:its-tracker]: [18:29:05][INFO] ROframe: 0, clusters loaded : 1283
[3187:its-tracker]:  - Vertexer initialisation completed in: 0.153204 ms
[3187:its-tracker]:  - Tracklet finding completed in: 0.005206 ms
[3187:its-tracker]:  - Adjacent tracklets validation completed in: 0.003234 ms
[3187:its-tracker]:  - Vertex finding completed in: 0.004801 ms
[3187:its-tracker]: [18:29:05][INFO] Found tracks: 0
[3187:its-tracker]: [18:29:05][INFO] ROframe: 1, clusters loaded : 1267
[3187:its-tracker]:  - Vertexer initialisation completed in: 0.128861 ms
[3187:its-tracker]:  - Tracklet finding completed in: 0.016201 ms
[3187:its-tracker]:  - Adjacent tracklets validation completed in: 0.000315 ms
[3187:its-tracker]:  - Vertex finding completed in: 0.000318 ms
[3187:its-tracker]: [18:29:05][INFO] Found tracks: 0
[3187:its-tracker]: [18:29:05][INFO] ROframe: 2, clusters loaded : 1323
[3187:its-tracker]:  - Vertexer initialisation completed in: 0.118985 ms
[3187:its-tracker]:  - Tracklet finding completed in: 0.00114 ms
[3187:its-tracker]:  - Adjacent tracklets validation completed in: 0.000249 ms
[3187:its-tracker]:  - Vertex finding completed in: 0.000225 ms
[3187:its-tracker]: [18:29:05][INFO] Found tracks: 0
[3187:its-tracker]: [18:29:05][INFO] ROframe: 3, clusters loaded : 1229
[3187:its-tracker]:  - Vertexer initialisation completed in: 0.12353 ms
[3187:its-tracker]:  - Tracklet finding completed in: 0.001002 ms
[3187:its-tracker]:  - Adjacent tracklets validation completed in: 0.000226 ms
[3187:its-tracker]:  - Vertex finding completed in: 0.00015 ms
[3187:its-tracker]: [18:29:05][INFO] Found tracks: 0
[3187:its-tracker]: [18:29:05][INFO] ROframe: 4, clusters loaded : 1245
[3187:its-tracker]:  - Vertexer initialisation completed in: 0.120712 ms
[3187:its-tracker]:  - Tracklet finding completed in: 0.000856 ms
[3187:its-tracker]:  - Adjacent tracklets validation completed in: 0.000179 ms
[3187:its-tracker]:  - Vertex finding completed in: 0.000206 ms
[3187:its-tracker]: [18:29:05][INFO] Found tracks: 0
[3187:its-tracker]: [18:29:05][INFO] ROframe: 5, clusters loaded : 1248
[3187:its-tracker]:  - Vertexer initialisation completed in: 0.116694 ms
[3187:its-tracker]:  - Tracklet finding completed in: 0.000998 ms
[3187:its-tracker]:  - Adjacent tracklets validation completed in: 0.000177 ms
[3187:its-tracker]:  - Vertex finding completed in: 0.000204 ms
[3187:its-tracker]: [18:29:05][INFO] Found tracks: 0
[3187:its-tracker]: [18:29:05][INFO] ROframe: 6, clusters loaded : 1259
[3187:its-tracker]:  - Vertexer initialisation completed in: 0.119992 ms
[3187:its-tracker]:  - Tracklet finding completed in: 0.001122 ms
[3187:its-tracker]:  - Adjacent tracklets validation completed in: 0.000205 ms
[3187:its-tracker]:  - Vertex finding completed in: 0.000223 ms
[3187:its-tracker]: [18:29:05][INFO] Found tracks: 0
[3187:its-tracker]: [18:29:05][INFO] ROframe: 7, clusters loaded : 1258
[3187:its-tracker]:  - Vertexer initialisation completed in: 0.115314 ms
[3187:its-tracker]:  - Tracklet finding completed in: 0.00121 ms
[3187:its-tracker]:  - Adjacent tracklets validation completed in: 0.000158 ms
[3187:its-tracker]:  - Vertex finding completed in: 0.000134 ms
[3187:its-tracker]: [18:29:05][INFO] Found tracks: 0
[3187:its-tracker]: [18:29:05][INFO] ROframe: 8, clusters loaded : 1247
[3187:its-tracker]:  - Vertexer initialisation completed in: 0.115567 ms
[3187:its-tracker]:  - Tracklet finding completed in: 0.002446 ms
[3187:its-tracker]:  - Adjacent tracklets validation completed in: 0.000163 ms
[3187:its-tracker]:  - Vertex finding completed in: 0.000221 ms
[3187:its-tracker]: [18:29:05][INFO] Found tracks: 0
[3187:its-tracker]: [18:29:05][INFO] ROframe: 9, clusters loaded : 1249
[3187:its-tracker]:  - Vertexer initialisation completed in: 0.124076 ms
[3187:its-tracker]:  - Tracklet finding completed in: 0.001326 ms
[3187:its-tracker]:  - Adjacent tracklets validation completed in: 0.000144 ms
[3187:its-tracker]:  - Vertex finding completed in: 0.000194 ms
[3187:its-tracker]: [18:29:05][INFO] Found tracks: 0
[3187:its-tracker]: [18:29:05][INFO] ROframe: 10, clusters loaded : 1258
[3187:its-tracker]:  - Vertexer initialisation completed in: 0.128813 ms
[3187:its-tracker]:  - Tracklet finding completed in: 0.000977 ms
[3187:its-tracker]:  - Adjacent tracklets validation completed in: 0.00015 ms
[3187:its-tracker]:  - Vertex finding completed in: 0.000133 ms
[3187:its-tracker]: [18:29:05][INFO] Found tracks: 0
[3187:its-tracker]: [18:29:05][INFO] ROframe: 11, clusters loaded : 1915
[3187:its-tracker]:  - Vertexer initialisation completed in: 0.147273 ms
[3187:its-tracker]:  - Tracklet finding completed in: 0.029177 ms
[3187:its-tracker]:  - Adjacent tracklets validation completed in: 0.006459 ms
[3187:its-tracker]:  - Vertex finding completed in: 0.027629 ms
[3187:its-tracker]: 		Found vertex with:     30 contributors
[3187:its-tracker]:  - Context initialisation completed in: 1.67802 ms
[3187:its-tracker]:  - Tracklet finding completed in: 0.206382 ms
[3187:its-tracker]:  - Cell finding completed in: 0.025705 ms
[3187:its-tracker]:  - Neighbour finding completed in: 0.016604 ms
[3187:its-tracker]:  - Road finding completed in: 0.014823 ms
[3187:its-tracker]:  - Track finding completed in: 0.34302 ms
[3187:its-tracker]:  - Vertex processing completed in: 2.28455ms
[3187:its-tracker]:  - Context initialisation completed in: 0.007269 ms
[3187:its-tracker]:  - Tracklet finding completed in: 0.163881 ms
[3187:its-tracker]:  - Cell finding completed in: 0.015005 ms
[3187:its-tracker]:  - Neighbour finding completed in: 0.004249 ms
[3187:its-tracker]:  - Road finding completed in: 0.00015 ms
[3187:its-tracker]:  - Track finding completed in: 0.000195 ms
[3187:its-tracker]:  - Vertex processing completed in: 0.190749ms
[3187:its-tracker]: [18:29:05][INFO] Found tracks: 26
[3187:its-tracker]: [18:29:05][INFO] ROframe: 12, clusters loaded : 1287
[3187:its-tracker]:  - Vertexer initialisation completed in: 0.131444 ms
[3187:its-tracker]:  - Tracklet finding completed in: 0.002131 ms
[3187:its-tracker]:  - Adjacent tracklets validation completed in: 0.000507 ms
[3187:its-tracker]:  - Vertex finding completed in: 0.000505 ms
[3187:its-tracker]: [18:29:05][INFO] Found tracks: 0
[3187:its-tracker]: [18:29:05][INFO] ROframe: 13, clusters loaded : 1230
[3187:its-tracker]:  - Vertexer initialisation completed in: 0.121633 ms
[3187:its-tracker]:  - Tracklet finding completed in: 0.000934 ms
[3187:its-tracker]:  - Adjacent tracklets validation completed in: 0.000209 ms
[3187:its-tracker]:  - Vertex finding completed in: 0.000179 ms
[3187:its-tracker]: [18:29:05][INFO] Found tracks: 0
[3187:its-tracker]: [18:29:05][INFO] ROframe: 14, clusters loaded : 11511
[3187:its-tracker]:  - Vertexer initialisation completed in: 0.522523 ms
[3187:its-tracker]:  - Tracklet finding completed in: 0.776036 ms
[3187:its-tracker]:  - Adjacent tracklets validation completed in: 0.145113 ms
[3187:its-tracker]:  - Vertex finding completed in: 0.062729 ms
[3187:its-tracker]: 		Found vertex with:    563 contributors
[3187:its-tracker]:  - Context initialisation completed in: 1.63579 ms
[3187:its-tracker]:  - Tracklet finding completed in: 2.48842 ms
[3187:its-tracker]:  - Cell finding completed in: 0.912714 ms
[3187:its-tracker]:  - Neighbour finding completed in: 0.304066 ms
[3187:its-tracker]:  - Road finding completed in: 0.120496 ms
[3187:its-tracker]:  - Track finding completed in: 4.61255 ms
[3187:its-tracker]:  - Vertex processing completed in: 10.074ms
[3187:its-tracker]:  - Context initialisation completed in: 0.09879 ms
[3187:its-tracker]:  - Tracklet finding completed in: 1.76608 ms
[3187:its-tracker]:  - Cell finding completed in: 0.343008 ms
[3187:its-tracker]:  - Neighbour finding completed in: 0.064705 ms
[3187:its-tracker]:  - Road finding completed in: 0.000611 ms
[3187:its-tracker]:  - Track finding completed in: 0.000145 ms
[3187:its-tracker]:  - Vertex processing completed in: 2.27334ms
[3187:its-tracker]: [18:29:05][INFO] Found tracks: 472
[3187:its-tracker]: [18:29:05][INFO] ROframe: 15, clusters loaded : 1330
[3187:its-tracker]:  - Vertexer initialisation completed in: 0.123578 ms
[3187:its-tracker]:  - Tracklet finding completed in: 0.002796 ms
[3187:its-tracker]:  - Adjacent tracklets validation completed in: 0.000659 ms
[3187:its-tracker]:  - Vertex finding completed in: 0.000716 ms
[3187:its-tracker]: [18:29:05][INFO] Found tracks: 0
[3187:its-tracker]: [18:29:05][INFO] ROframe: 16, clusters loaded : 1292
[3187:its-tracker]:  - Vertexer initialisation completed in: 0.125205 ms
[3187:its-tracker]:  - Tracklet finding completed in: 0.001129 ms
[3187:its-tracker]:  - Adjacent tracklets validation completed in: 0.000223 ms
[3187:its-tracker]:  - Vertex finding completed in: 0.000177 ms
[3187:its-tracker]: [18:29:05][INFO] Found tracks: 0
[3187:its-tracker]: [18:29:05][INFO] ROframe: 17, clusters loaded : 1269
[3187:its-tracker]:  - Vertexer initialisation completed in: 0.116179 ms
[3187:its-tracker]:  - Tracklet finding completed in: 0.000847 ms
[3187:its-tracker]:  - Adjacent tracklets validation completed in: 0.000276 ms
[3187:its-tracker]:  - Vertex finding completed in: 0.00014 ms
[3187:its-tracker]: [18:29:05][INFO] Found tracks: 0
[3187:its-tracker]: [18:29:05][INFO] ROframe: 18, clusters loaded : 39078
[3187:its-tracker]:  - Vertexer initialisation completed in: 2.28262 ms
[3187:its-tracker]:  - Tracklet finding completed in: 7.77716 ms
[3187:its-tracker]:  - Adjacent tracklets validation completed in: 1.91266 ms
[3187:its-tracker]:  - Vertex finding completed in: 0.314073 ms
[3187:its-tracker]: 		Found vertex with:   1441 contributors
[3187:its-tracker]: 		Found vertex with:    530 contributors
[3187:its-tracker]: 		Found vertex with:     65 contributors
[3187:its-tracker]:  - Context initialisation completed in: 2.60776 ms
[3187:its-tracker]:  - Tracklet finding completed in: 15.8812 ms
[3187:its-tracker]:  - Cell finding completed in: 7.16455 ms
[3187:its-tracker]:  - Neighbour finding completed in: 0.710901 ms
[3187:its-tracker]:  - Road finding completed in: 0.284102 ms
[3187:its-tracker]:  - Track finding completed in: 12.9947 ms
[3187:its-tracker]:  - Vertex processing completed in: 39.6432ms
[3187:its-tracker]:  - Context initialisation completed in: 0.322664 ms
[3187:its-tracker]:  - Tracklet finding completed in: 11.133 ms
[3187:its-tracker]:  - Cell finding completed in: 2.72281 ms
[3187:its-tracker]:  - Neighbour finding completed in: 0.244307 ms
[3187:its-tracker]:  - Road finding completed in: 0.05838 ms
[3187:its-tracker]:  - Track finding completed in: 4.72671 ms
[3187:its-tracker]:  - Vertex processing completed in: 19.2079ms
[3187:its-tracker]:  - Context initialisation completed in: 0.182295 ms
[3187:its-tracker]:  - Tracklet finding completed in: 9.86458 ms
[3187:its-tracker]:  - Cell finding completed in: 1.45878 ms
[3187:its-tracker]:  - Neighbour finding completed in: 0.043974 ms
[3187:its-tracker]:  - Road finding completed in: 0.01006 ms
[3187:its-tracker]:  - Track finding completed in: 0.882255 ms
[3187:its-tracker]:  - Vertex processing completed in: 12.4419ms
[3187:its-tracker]:  - Context initialisation completed in: 0.09892 ms
[3187:its-tracker]:  - Tracklet finding completed in: 9.70484 ms
[3187:its-tracker]:  - Cell finding completed in: 2.25207 ms
[3187:its-tracker]:  - Neighbour finding completed in: 0.195401 ms
[3187:its-tracker]:  - Road finding completed in: 0.001637 ms
[3187:its-tracker]:  - Track finding completed in: 0.000306 ms
[3187:its-tracker]:  - Vertex processing completed in: 12.2532ms
[3187:its-tracker]:  - Context initialisation completed in: 0.13664 ms
[3187:its-tracker]:  - Tracklet finding completed in: 9.66352 ms
[3187:its-tracker]:  - Cell finding completed in: 1.57451 ms
[3187:its-tracker]:  - Neighbour finding completed in: 0.068472 ms
[3187:its-tracker]:  - Road finding completed in: 0.000628 ms
[3187:its-tracker]:  - Track finding completed in: 0.000363 ms
[3187:its-tracker]:  - Vertex processing completed in: 11.4441ms
[3187:its-tracker]:  - Context initialisation completed in: 0.103304 ms
[3187:its-tracker]:  - Tracklet finding completed in: 9.3165 ms
[3187:its-tracker]:  - Cell finding completed in: 1.2897 ms
[3187:its-tracker]:  - Neighbour finding completed in: 0.019948 ms
[3187:its-tracker]:  - Road finding completed in: 0.000384 ms
[3187:its-tracker]:  - Track finding completed in: 0.000159 ms
[3187:its-tracker]:  - Vertex processing completed in: 10.73ms
[3187:its-tracker]: [18:29:05][INFO] Found tracks: 1715
[3187:its-tracker]: [18:29:05][INFO] ROframe: 19, clusters loaded : 13706
[3187:its-tracker]:  - Vertexer initialisation completed in: 0.587879 ms
[3187:its-tracker]:  - Tracklet finding completed in: 0.821835 ms
[3187:its-tracker]:  - Adjacent tracklets validation completed in: 0.172019 ms
[3187:its-tracker]:  - Vertex finding completed in: 0.080973 ms
[3187:its-tracker]: 		Found vertex with:    650 contributors
[3187:its-tracker]:  - Context initialisation completed in: 1.35935 ms
[3187:its-tracker]:  - Tracklet finding completed in: 3.05872 ms
[3187:its-tracker]:  - Cell finding completed in: 1.01823 ms
[3187:its-tracker]:  - Neighbour finding completed in: 0.270577 ms
[3187:its-tracker]:  - Road finding completed in: 0.067736 ms
[3187:its-tracker]:  - Track finding completed in: 5.2405 ms
[3187:its-tracker]:  - Vertex processing completed in: 11.0151ms
[3187:its-tracker]:  - Context initialisation completed in: 0.113575 ms
[3187:its-tracker]:  - Tracklet finding completed in: 2.80353 ms
[3187:its-tracker]:  - Cell finding completed in: 0.544306 ms
[3187:its-tracker]:  - Neighbour finding completed in: 0.119351 ms
[3187:its-tracker]:  - Road finding completed in: 0.001244 ms
[3187:its-tracker]:  - Track finding completed in: 0.000339 ms
[3187:its-tracker]:  - Vertex processing completed in: 3.58234ms
[3187:its-tracker]: [18:29:05][INFO] Found tracks: 557
[3187:its-tracker]: [18:29:05][INFO] ROframe: 20, clusters loaded : 1308
[3187:its-tracker]:  - Vertexer initialisation completed in: 0.236915 ms
[3187:its-tracker]:  - Tracklet finding completed in: 0.002145 ms
[3187:its-tracker]:  - Adjacent tracklets validation completed in: 0.00062 ms
[3187:its-tracker]:  - Vertex finding completed in: 0.001536 ms
[3187:its-tracker]: [18:29:05][INFO] Found tracks: 0
[3187:its-tracker]: [18:29:05][INFO] ROframe: 21, clusters loaded : 1349
[3187:its-tracker]:  - Vertexer initialisation completed in: 0.196273 ms
[3187:its-tracker]:  - Tracklet finding completed in: 0.001603 ms
[3187:its-tracker]:  - Adjacent tracklets validation completed in: 0.000399 ms
[3187:its-tracker]:  - Vertex finding completed in: 0.000436 ms
[3187:its-tracker]: [18:29:05][INFO] Found tracks: 0
[3187:its-tracker]: [18:29:05][INFO] ROframe: 22, clusters loaded : 21945
[3187:its-tracker]:  - Vertexer initialisation completed in: 1.26658 ms
[3187:its-tracker]:  - Tracklet finding completed in: 3.05188 ms
[3187:its-tracker]:  - Adjacent tracklets validation completed in: 0.69566 ms
[3187:its-tracker]:  - Vertex finding completed in: 0.166216 ms
[3187:its-tracker]: 		Found vertex with:   1132 contributors
[3187:its-tracker]:  - Context initialisation completed in: 2.22993 ms
[3187:its-tracker]:  - Tracklet finding completed in: 8.36832 ms
[3187:its-tracker]:  - Cell finding completed in: 2.64885 ms
[3187:its-tracker]:  - Neighbour finding completed in: 0.667037 ms
[3187:its-tracker]:  - Road finding completed in: 0.151243 ms
[3187:its-tracker]:  - Track finding completed in: 12.3343 ms
[3187:its-tracker]:  - Vertex processing completed in: 26.3996ms
[3187:its-tracker]:  - Context initialisation completed in: 0.205339 ms
[3187:its-tracker]:  - Tracklet finding completed in: 4.5997 ms
[3187:its-tracker]:  - Cell finding completed in: 1.13381 ms
[3187:its-tracker]:  - Neighbour finding completed in: 0.144442 ms
[3187:its-tracker]:  - Road finding completed in: 0.001743 ms
[3187:its-tracker]:  - Track finding completed in: 0.000434 ms
[3187:its-tracker]:  - Vertex processing completed in: 6.08547ms
[3187:its-tracker]: [18:29:05][INFO] Found tracks: 956
[3187:its-tracker]: [18:29:05][INFO] ROframe: 23, clusters loaded : 37522
[3187:its-tracker]:  - Vertexer initialisation completed in: 2.65255 ms
[3187:its-tracker]:  - Tracklet finding completed in: 8.7372 ms
[3187:its-tracker]:  - Adjacent tracklets validation completed in: 2.75167 ms
[3187:its-tracker]:  - Vertex finding completed in: 0.3917 ms
[3187:its-tracker]: 		Found vertex with:   1157 contributors
[3187:its-tracker]: 		Found vertex with:    724 contributors
[3187:its-tracker]:  - Context initialisation completed in: 3.53291 ms
[3187:its-tracker]:  - Tracklet finding completed in: 19.9782 ms
[3187:its-tracker]:  - Cell finding completed in: 8.19152 ms
[3187:its-tracker]:  - Neighbour finding completed in: 1.15943 ms
[3187:its-tracker]:  - Road finding completed in: 0.314326 ms
[3187:its-tracker]:  - Track finding completed in: 11.3154 ms
[3187:its-tracker]:  - Vertex processing completed in: 44.4918ms
[3187:its-tracker]:  - Context initialisation completed in: 0.283797 ms
[3187:its-tracker]:  - Tracklet finding completed in: 10.7334 ms
[3187:its-tracker]:  - Cell finding completed in: 2.85107 ms
[3187:its-tracker]:  - Neighbour finding completed in: 0.317716 ms
[3187:its-tracker]:  - Road finding completed in: 0.075789 ms
[3187:its-tracker]:  - Track finding completed in: 5.95304 ms
[3187:its-tracker]:  - Vertex processing completed in: 20.2148ms
[3187:its-tracker]:  - Context initialisation completed in: 0.19209 ms
[3187:its-tracker]:  - Tracklet finding completed in: 9.21342 ms
[3187:its-tracker]:  - Cell finding completed in: 1.93468 ms
[3187:its-tracker]:  - Neighbour finding completed in: 0.15437 ms
[3187:its-tracker]:  - Road finding completed in: 0.001466 ms
[3187:its-tracker]:  - Track finding completed in: 0.000292 ms
[3187:its-tracker]:  - Vertex processing completed in: 11.4963ms
[3187:its-tracker]:  - Context initialisation completed in: 0.126327 ms
[3187:its-tracker]:  - Tracklet finding completed in: 9.03236 ms
[3187:its-tracker]:  - Cell finding completed in: 1.49397 ms
[3187:its-tracker]:  - Neighbour finding completed in: 0.108048 ms
[3187:its-tracker]:  - Road finding completed in: 0.000676 ms
[3187:its-tracker]:  - Track finding completed in: 0.000257 ms
[3187:its-tracker]:  - Vertex processing completed in: 10.7616ms
[3187:its-tracker]: [18:29:05][INFO] Found tracks: 1629
[3187:its-tracker]: [18:29:05][INFO] ROframe: 24, clusters loaded : 1319
[3187:its-tracker]:  - Vertexer initialisation completed in: 0.128054 ms
[3187:its-tracker]:  - Tracklet finding completed in: 0.001962 ms
[3187:its-tracker]:  - Adjacent tracklets validation completed in: 0.000736 ms
[3187:its-tracker]:  - Vertex finding completed in: 0.00068 ms
[3187:its-tracker]: [18:29:05][INFO] Found tracks: 0
[3187:its-tracker]: [18:29:05][INFO] ROframe: 25, clusters loaded : 1285
[3187:its-tracker]:  - Vertexer initialisation completed in: 0.159993 ms
[3187:its-tracker]:  - Tracklet finding completed in: 0.00114 ms
[3187:its-tracker]:  - Adjacent tracklets validation completed in: 0.000395 ms
[3187:its-tracker]:  - Vertex finding completed in: 0.000402 ms
[3187:its-tracker]: [18:29:05][INFO] Found tracks: 0
[3187:its-tracker]: [18:29:05][INFO] ITSTracker pushed 5355 tracks
[3187:its-tracker]: [18:29:05][INFO] ITS CA-Tracker total timing: Cpu: 4.500e-01 Real: 4.530e-01 s in 1 slots
[3188:its-track-writer]: [18:29:05][INFO] ITSTrackWriter pulled 5355 tracks, in 26 RO frames
[INFO] Quitting
[INFO] QUIT_REQUESTED
[3184:its-digit-reader]: [18:29:06][INFO] Received device shutdown request (signal 15).
[3184:its-digit-reader]: [18:29:06][INFO] Waiting for graceful device shutdown. Hit Ctrl-C again to abort immediately.
[3183:internal-dpl-clock]: [18:29:06][INFO] Received device shutdown request (signal 15).
[3183:internal-dpl-clock]: [18:29:06][INFO] Waiting for graceful device shutdown. Hit Ctrl-C again to abort immediately.
[3187:its-tracker]: [18:29:06][INFO] Received device shutdown request (signal 15).
[3187:its-tracker]: [18:29:06][INFO] Waiting for graceful device shutdown. Hit Ctrl-C again to abort immediately.
[3186:its-cluster-writer]: [18:29:06][INFO] Received device shutdown request (signal 15).
[3186:its-cluster-writer]: [18:29:06][INFO] Waiting for graceful device shutdown. Hit Ctrl-C again to abort immediately.
[3185:its-clusterer]: [18:29:06][INFO] Received device shutdown request (signal 15).
[3185:its-clusterer]: [18:29:06][INFO] Waiting for graceful device shutdown. Hit Ctrl-C again to abort immediately.
[3184:its-digit-reader]: [18:29:06][STATE] RUNNING ---> READY
[3184:its-digit-reader]: [18:29:06][STATE] READY ---> RESETTING TASK
[3184:its-digit-reader]: [18:29:06][STATE] RESETTING TASK ---> DEVICE READY
[3184:its-digit-reader]: [18:29:06][STATE] DEVICE READY ---> RESETTING DEVICE
[3188:its-track-writer]: [18:29:06][INFO] Received device shutdown request (signal 15).
[3188:its-track-writer]: [18:29:06][INFO] Waiting for graceful device shutdown. Hit Ctrl-C again to abort immediately.
[3184:its-digit-reader]: [18:29:06][STATE] RESETTING DEVICE ---> IDLE
[3184:its-digit-reader]: [18:29:06][STATE] IDLE ---> EXITING
[3184:its-digit-reader]: [18:29:06][STATE] Exiting FairMQ state machine
[3185:its-clusterer]: [18:29:06][STATE] RUNNING ---> READY
[3187:its-tracker]: [18:29:06][STATE] RUNNING ---> READY
[3183:internal-dpl-clock]: [18:29:06][STATE] RUNNING ---> READY
[3187:its-tracker]: [18:29:06][STATE] READY ---> RESETTING TASK
[3183:internal-dpl-clock]: [18:29:06][STATE] READY ---> RESETTING TASK
[3185:its-clusterer]: [18:29:06][STATE] READY ---> RESETTING TASK
[3185:its-clusterer]: [18:29:06][STATE] RESETTING TASK ---> DEVICE READY
[3187:its-tracker]: [18:29:06][STATE] RESETTING TASK ---> DEVICE READY
[3187:its-tracker]: [18:29:06][STATE] DEVICE READY ---> RESETTING DEVICE
[3183:internal-dpl-clock]: [18:29:06][STATE] RESETTING TASK ---> DEVICE READY
[3183:internal-dpl-clock]: [18:29:06][STATE] DEVICE READY ---> RESETTING DEVICE
[3185:its-clusterer]: [18:29:06][STATE] DEVICE READY ---> RESETTING DEVICE
[3187:its-tracker]: [18:29:06][STATE] RESETTING DEVICE ---> IDLE
[3187:its-tracker]: [18:29:06][STATE] IDLE ---> EXITING
[3183:internal-dpl-clock]: [18:29:06][STATE] RESETTING DEVICE ---> IDLE
[3183:internal-dpl-clock]: [18:29:06][STATE] IDLE ---> EXITING
[3187:its-tracker]: [18:29:06][STATE] Exiting FairMQ state machine
[3183:internal-dpl-clock]: [18:29:06][STATE] Exiting FairMQ state machine
[3185:its-clusterer]: [18:29:06][STATE] RESETTING DEVICE ---> IDLE
[3185:its-clusterer]: [18:29:06][STATE] IDLE ---> EXITING
[3185:its-clusterer]: [18:29:06][STATE] Exiting FairMQ state machine
[3186:its-cluster-writer]: [18:29:07][STATE] RUNNING ---> READY
[3186:its-cluster-writer]: [18:29:07][STATE] READY ---> RESETTING TASK
[3186:its-cluster-writer]: [18:29:07][STATE] RESETTING TASK ---> DEVICE READY
[3186:its-cluster-writer]: [18:29:07][STATE] DEVICE READY ---> RESETTING DEVICE
[3186:its-cluster-writer]: [18:29:07][STATE] RESETTING DEVICE ---> IDLE
[3186:its-cluster-writer]: [18:29:07][STATE] IDLE ---> EXITING
[3186:its-cluster-writer]: [18:29:07][STATE] Exiting FairMQ state machine
[3188:its-track-writer]: [18:29:07][STATE] RUNNING ---> READY
[3188:its-track-writer]: [18:29:07][STATE] READY ---> RESETTING TASK
[3188:its-track-writer]: [18:29:07][STATE] RESETTING TASK ---> DEVICE READY
[3188:its-track-writer]: [18:29:07][STATE] DEVICE READY ---> RESETTING DEVICE
[3188:its-track-writer]: Cleaning up for shared memory id '614b662f'...
[3188:its-track-writer]: No region counter found. No regions to cleanup.
[3188:its-track-writer]: Successfully removed 'fmq_614b662f_m_0'.
[3188:its-track-writer]: Successfully removed 'fmq_614b662f_mng'.
[3188:its-track-writer]: Successfully removed 'fmq_614b662f_mtx'.
[3188:its-track-writer]: Successfully removed 'fmq_614b662f_cv'.
[3188:its-track-writer]: [18:29:07][STATE] RESETTING DEVICE ---> IDLE
[3188:its-track-writer]: [18:29:07][STATE] IDLE ---> EXITING
[3188:its-track-writer]: [18:29:07][STATE] Exiting FairMQ state machine
[INFO] Dumping used configuration in dpl-config.json
