===============================
execute this script as follows:
./generate_its.sh system region nevents
where:
system = 1 -> pp
       = 2 -> Pb-Pb
region = 1 -> ITS only
       = 2 -> whole detector
===============================
will generate Pb-Pb events
will transport events in the ITS only
Will generate: 10 events
Moving to /eos/user/f/ftorales/its_data/alignment/lbnl_alice_alignment_tasks/2287089/14
/eos/user/f/ftorales/its_data/alignment/lbnl_alice_alignment_tasks/2287089/14

==============================================================================================
1. MC generation run
[INFO] Running with 6 sim workers 
[INFO] CREATING SIM SHARED MEM SEGMENT FOR 6 WORKERS
Spawning particle server on PID 996; Redirect output to o2sim_serverlog
Spawning sim worker 0 on PID 998; Redirect output to o2sim_workerlog0
Spawning hit merger on PID 999; Redirect output to o2sim_mergerlog
[INFO] DISTRIBUTING EVENT : 1
[INFO] EVENT FINISHED : 1
[INFO] DISTRIBUTING EVENT : 2
[INFO] EVENT FINISHED : 2
[INFO] DISTRIBUTING EVENT : 3
[INFO] EVENT FINISHED : 3
[INFO] DISTRIBUTING EVENT : 4
[INFO] EVENT FINISHED : 4
[INFO] DISTRIBUTING EVENT : 5
[INFO] EVENT FINISHED : 5
[INFO] DISTRIBUTING EVENT : 6
[INFO] EVENT FINISHED : 6
[INFO] DISTRIBUTING EVENT : 7
[INFO] DISTRIBUTING EVENT : 8
[INFO] EVENT FINISHED : 8
[INFO] DISTRIBUTING EVENT : 9
[INFO] EVENT FINISHED : 7
[INFO] EVENT FINISHED : 9
[INFO] DISTRIBUTING EVENT : 10
[INFO] EVENT FINISHED : 10
[INFO] Merger process 999 returned
[INFO] Simulation process took 82.4573 s
[INFO] SIMULATION RETURNED SUCCESFULLY

==============================================================================================
2. Hits to digits conversion
Run: 1621528545
Fill:      0
Period: 
LHC State: 
Start: Thu May 20 18:35:46 2021
End  : Thu May 20 18:35:47 2021
Beam0: Z:A =   0:  0, Energy = 0.000
Beam1: Z:A =   0:  0, Energy = 0.000
sqrt[s]    = 0.000
crossing angle (radian) = 0.000000e+00
magnet currents (A) L3 = -30000.000, Dipole = -6000
Detectors: Cont.RO Triggers
      ITS:    -       -    
[INFO] MC-TRUTH 1
[INFO] TPC: GEM setup - initialization from scratch
[INFO] TPC: GEM setup (polya) took 8
[INFO] TPC is in grp? no; is skipped? no
[INFO] ITS is in grp? yes; is skipped? no
[INFO] MFT is in grp? no; is skipped? no
[INFO] TOF is in grp? no; is skipped? no
[INFO] FT0 is in grp? no; is skipped? no
[INFO] FV0 is in grp? no; is skipped? no
[INFO] EMC is in grp? no; is skipped? no
[INFO] HMP is in grp? no; is skipped? no
[INFO] ZDC is in grp? no; is skipped? no
[INFO] TRD is in grp? no; is skipped? no
[INFO] MCH is in grp? no; is skipped? no
[INFO] MID is in grp? no; is skipped? no
[INFO] FDD is in grp? no; is skipped? no
[INFO] PHS is in grp? no; is skipped? no
[INFO] CPV is in grp? no; is skipped? no
[INFO] Initialising O2 Data Processing Layer
[INFO] O2 Data Processing Layer initialised. We brake for nobody.
[INFO] Optimised build. O2DEBUG / LOG(DEBUG) / LOGF(DEBUG) / assert statement will not be shown.
[INFO] Redeployment of configuration asked.
[INFO] Starting internal-dpl-clock on pid 2100
[INFO] Starting SimReader on pid 2101
[INFO] Starting ITSDigitizer on pid 2102
[INFO] Starting GRPUpdater on pid 2103
[INFO] Starting ITSDigitWriter on pid 2104
[INFO] Redeployment of configuration done.
[2100:internal-dpl-clock]: [INFO] MC-TRUTH 1
[2103:GRPUpdater]: [INFO] MC-TRUTH 1
[2104:ITSDigitWriter]: [INFO] MC-TRUTH 1
[2101:SimReader]: [INFO] MC-TRUTH 1
[2100:internal-dpl-clock]: [INFO] Spawing new device internal-dpl-clock in process with pid 2100
[2104:ITSDigitWriter]: [INFO] Spawing new device ITSDigitWriter in process with pid 2104
[2101:SimReader]: [INFO] Spawing new device SimReader in process with pid 2101
[2103:GRPUpdater]: [INFO] Spawing new device GRPUpdater in process with pid 2103
[2100:internal-dpl-clock]: [18:39:19][INFO] 
[2100:internal-dpl-clock]:       ______      _    _______  _________ 
[2100:internal-dpl-clock]:      / ____/___ _(_)_______   |/  /_  __ \    version 1.4.29
[2100:internal-dpl-clock]:     / /_  / __ `/ / ___/__  /|_/ /_  / / /    build RELWITHDEBINFO
[2100:internal-dpl-clock]:    / __/ / /_/ / / /    _  /  / / / /_/ /     https://github.com/FairRootGroup/FairMQ
[2100:internal-dpl-clock]:   /_/    \__,_/_/_/     /_/  /_/  \___\_\     LGPL-3.0  © 2012-2020 GSI
[2100:internal-dpl-clock]: 
[2103:GRPUpdater]: [18:39:19][INFO] 
[2103:GRPUpdater]:       ______      _    _______  _________ 
[2103:GRPUpdater]:      / ____/___ _(_)_______   |/  /_  __ \    version 1.4.29
[2103:GRPUpdater]:     / /_  / __ `/ / ___/__  /|_/ /_  / / /    build RELWITHDEBINFO
[2103:GRPUpdater]:    / __/ / /_/ / / /    _  /  / / / /_/ /     https://github.com/FairRootGroup/FairMQ
[2103:GRPUpdater]:   /_/    \__,_/_/_/     /_/  /_/  \___\_\     LGPL-3.0  © 2012-2020 GSI
[2103:GRPUpdater]: 
[2104:ITSDigitWriter]: [18:39:19][INFO] 
[2104:ITSDigitWriter]:       ______      _    _______  _________ 
[2104:ITSDigitWriter]:      / ____/___ _(_)_______   |/  /_  __ \    version 1.4.29
[2104:ITSDigitWriter]:     / /_  / __ `/ / ___/__  /|_/ /_  / / /    build RELWITHDEBINFO
[2104:ITSDigitWriter]:    / __/ / /_/ / / /    _  /  / / / /_/ /     https://github.com/FairRootGroup/FairMQ
[2104:ITSDigitWriter]:   /_/    \__,_/_/_/     /_/  /_/  \___\_\     LGPL-3.0  © 2012-2020 GSI
[2104:ITSDigitWriter]: 
[2101:SimReader]: [18:39:19][INFO] 
[2101:SimReader]:       ______      _    _______  _________ 
[2101:SimReader]:      / ____/___ _(_)_______   |/  /_  __ \    version 1.4.29
[2101:SimReader]:     / /_  / __ `/ / ___/__  /|_/ /_  / / /    build RELWITHDEBINFO
[2101:SimReader]:    / __/ / /_/ / / /    _  /  / / / /_/ /     https://github.com/FairRootGroup/FairMQ
[2101:SimReader]:   /_/    \__,_/_/_/     /_/  /_/  \___\_\     LGPL-3.0  © 2012-2020 GSI
[2101:SimReader]: 
[2104:ITSDigitWriter]: [18:39:19][STATE] Starting FairMQ state machine --> IDLE
[2101:SimReader]: [18:39:19][STATE] Starting FairMQ state machine --> IDLE
[2103:GRPUpdater]: [18:39:19][STATE] Starting FairMQ state machine --> IDLE
[2100:internal-dpl-clock]: [18:39:19][STATE] Starting FairMQ state machine --> IDLE
[2100:internal-dpl-clock]: 2021-05-20 18:39:19	Monitoring	[0;49mStdOut backend initialized[0m
[2101:SimReader]: 2021-05-20 18:39:19	Monitoring	[0;49mStdOut backend initialized[0m
[2103:GRPUpdater]: 2021-05-20 18:39:19	Monitoring	[0;49mStdOut backend initialized[0m
[2104:ITSDigitWriter]: 2021-05-20 18:39:19	Monitoring	[0;49mStdOut backend initialized[0m
[2100:internal-dpl-clock]: [18:39:19][STATE] IDLE ---> INITIALIZING DEVICE
[2100:internal-dpl-clock]: 2021-05-20 18:39:19	Monitoring	[0;49mBuffering enabled (100)[0m
[2100:internal-dpl-clock]: [18:39:19][STATE] INITIALIZING DEVICE ---> INITIALIZED
[2100:internal-dpl-clock]: [18:39:19][STATE] INITIALIZED ---> BINDING
[2100:internal-dpl-clock]: [18:39:19][STATE] BINDING ---> BOUND
[2100:internal-dpl-clock]: [18:39:19][STATE] BOUND ---> CONNECTING
[2100:internal-dpl-clock]: [18:39:19][STATE] CONNECTING ---> DEVICE READY
[2100:internal-dpl-clock]: [18:39:19][STATE] DEVICE READY ---> INITIALIZING TASK
[2100:internal-dpl-clock]: [18:39:19][STATE] INITIALIZING TASK ---> READY
[2100:internal-dpl-clock]: [18:39:19][STATE] READY ---> RUNNING
[2100:internal-dpl-clock]: [18:39:19][INFO] DEVICE: Running...
[2101:SimReader]: [18:39:19][STATE] IDLE ---> INITIALIZING DEVICE
[2101:SimReader]: 2021-05-20 18:39:19	Monitoring	[0;49mBuffering enabled (100)[0m
[2101:SimReader]: [18:39:19][INFO] adding o2sim
[2101:SimReader]: 
[2101:SimReader]: [18:39:19][INFO] INCONTEXTSTRING 
[2101:SimReader]: [18:39:19][INFO] Imposing hadronic interaction rate 50000Hz
[2101:SimReader]: [18:39:19][WARN] No bunch filling provided, impose default one
[2101:SimReader]: [18:39:19][INFO] Deducing mu=0.00771915 per BC from IR=50000 with 576 BCs
[2101:SimReader]: [18:39:19][INFO] InteractionSampler with 576 colliding BCs, mu(BC)= 0.00771915 -> total IR= 50000
[2101:SimReader]: [18:39:19][INFO] Current BCid:    0 Orbit:      1 |T in BC(ns): 0.000(0 coll left)
[2101:SimReader]: [18:39:19][INFO] setting up 1 chains
[2102:ITSDigitizer]: [INFO] MC-TRUTH 1
[2102:ITSDigitizer]: [INFO] Spawing new device ITSDigitizer in process with pid 2102
[2102:ITSDigitizer]: [18:39:19][INFO] 
[2102:ITSDigitizer]:       ______      _    _______  _________ 
[2102:ITSDigitizer]:      / ____/___ _(_)_______   |/  /_  __ \    version 1.4.29
[2102:ITSDigitizer]:     / /_  / __ `/ / ___/__  /|_/ /_  / / /    build RELWITHDEBINFO
[2102:ITSDigitizer]:    / __/ / /_/ / / /    _  /  / / / /_/ /     https://github.com/FairRootGroup/FairMQ
[2102:ITSDigitizer]:   /_/    \__,_/_/_/     /_/  /_/  \___\_\     LGPL-3.0  © 2012-2020 GSI
[2102:ITSDigitizer]: 
[2102:ITSDigitizer]: [18:39:19][STATE] Starting FairMQ state machine --> IDLE
[2102:ITSDigitizer]: 2021-05-20 18:39:19	Monitoring	[0;49mStdOut backend initialized[0m
[2102:ITSDigitizer]: [18:39:19][STATE] IDLE ---> INITIALIZING DEVICE
[2102:ITSDigitizer]: 2021-05-20 18:39:19	Monitoring	[0;49mBuffering enabled (100)[0m
[2102:ITSDigitizer]: [18:39:19][INFO] Initializing geometry service
[2102:ITSDigitizer]: [18:39:19][INFO] Loading geometry FAIRGeom from o2sim_geometry.root
[2103:GRPUpdater]: [18:39:19][STATE] IDLE ---> INITIALIZING DEVICE
[2103:GRPUpdater]: 2021-05-20 18:39:19	Monitoring	[0;49mBuffering enabled (100)[0m
[2103:GRPUpdater]: [18:39:19][STATE] INITIALIZING DEVICE ---> INITIALIZED
[2103:GRPUpdater]: [18:39:19][STATE] INITIALIZED ---> BINDING
[2103:GRPUpdater]: [18:39:19][STATE] BINDING ---> BOUND
[2103:GRPUpdater]: [18:39:19][STATE] BOUND ---> CONNECTING
[2103:GRPUpdater]: [18:39:19][STATE] CONNECTING ---> DEVICE READY
[2103:GRPUpdater]: [18:39:19][STATE] DEVICE READY ---> INITIALIZING TASK
[2103:GRPUpdater]: [18:39:19][STATE] INITIALIZING TASK ---> READY
[2103:GRPUpdater]: [18:39:19][STATE] READY ---> RUNNING
[2103:GRPUpdater]: [18:39:19][INFO] DEVICE: Running...
[2104:ITSDigitWriter]: [18:39:19][STATE] IDLE ---> INITIALIZING DEVICE
[2104:ITSDigitWriter]: 2021-05-20 18:39:19	Monitoring	[0;49mBuffering enabled (100)[0m
[2104:ITSDigitWriter]: [18:39:19][INFO] 0: branch  ITSDigitMCTruth set up
[2104:ITSDigitWriter]: [18:39:19][INFO] 1: branch  ITSDigitMC2ROF set up
[2104:ITSDigitWriter]: [18:39:19][INFO] 2: branch  ITSDigit set up
[2104:ITSDigitWriter]: [18:39:19][INFO] 3: branch  ITSDigitROF set up
[2104:ITSDigitWriter]: [18:39:19][STATE] INITIALIZING DEVICE ---> INITIALIZED
[2104:ITSDigitWriter]: [18:39:19][STATE] INITIALIZED ---> BINDING
[2104:ITSDigitWriter]: [18:39:19][STATE] BINDING ---> BOUND
[2104:ITSDigitWriter]: [18:39:19][STATE] BOUND ---> CONNECTING
[2104:ITSDigitWriter]: [18:39:19][STATE] CONNECTING ---> DEVICE READY
[2104:ITSDigitWriter]: [18:39:19][STATE] DEVICE READY ---> INITIALIZING TASK
[2104:ITSDigitWriter]: [18:39:19][STATE] INITIALIZING TASK ---> READY
[2104:ITSDigitWriter]: [18:39:19][STATE] READY ---> RUNNING
[2104:ITSDigitWriter]: [18:39:19][INFO] DEVICE: Running...
[2102:ITSDigitizer]: Info in <TGeoManager::CloseGeometry>: Geometry loaded from file...
[2102:ITSDigitizer]: Info in <TGeoManager::SetTopVolume>: Top volume is cave. Master volume is cave
[2102:ITSDigitizer]: Info in <TGeoNavigator::BuildCache>: --- Maximum geometry depth set to 100
[2102:ITSDigitizer]: Info in <TGeoManager::CloseGeometry>: Voxelization retrieved from file
[2102:ITSDigitizer]: Info in <TGeoManager::CountLevels>: max level = 9, max placements = 126
[2102:ITSDigitizer]: Info in <TGeoManager::CloseGeometry>: 179840 nodes/ 399 volume UID's in FAIR geometry
[2102:ITSDigitizer]: Info in <TGeoManager::CloseGeometry>: ----------------modeler ready----------------
[2102:ITSDigitizer]: [18:39:20][INFO] Initializing field service
[2101:SimReader]: [18:39:20][INFO] Automatic deduction of number of collisions ... will just take number of background entries 10
[2101:SimReader]: Summary of DigitizationContext --
[2101:SimReader]: Parts per collision 1
[2101:SimReader]: Collision parts taken from simulations specified by prefix:
[2101:SimReader]: Number of Collisions 10
[2101:SimReader]: Collision 0 TIME BCid:  396 Orbit:      1 |T in BC(ns): 0.129 (0 , 0)
[2101:SimReader]: Collision 1 TIME BCid:  862 Orbit:      1 |T in BC(ns): 0.297 (0 , 1)
[2101:SimReader]: Collision 2 TIME BCid:  988 Orbit:      1 |T in BC(ns): 0.008 (0 , 2)
[2101:SimReader]: Collision 3 TIME BCid: 1382 Orbit:      1 |T in BC(ns): -0.079 (0 , 3)
[2101:SimReader]: Collision 4 TIME BCid: 1418 Orbit:      1 |T in BC(ns): -0.492 (0 , 4)
[2101:SimReader]: Collision 5 TIME BCid: 1746 Orbit:      1 |T in BC(ns): 0.220 (0 , 5)
[2101:SimReader]: Collision 6 TIME BCid: 1820 Orbit:      1 |T in BC(ns): 0.147 (0 , 6)
[2101:SimReader]: Collision 7 TIME BCid:  228 Orbit:      2 |T in BC(ns): -0.319 (0 , 7)
[2101:SimReader]: Collision 8 TIME BCid:  260 Orbit:      2 |T in BC(ns): 0.169 (0 , 8)
[2101:SimReader]: Collision 9 TIME BCid:  414 Orbit:      2 |T in BC(ns): 0.143 (0 , 9)
[2101:SimReader]: [18:39:20][INFO] Initializing Spec ... have 10 times 
[2101:SimReader]: [18:39:20][INFO] Serializing Context for later reuse
[2102:ITSDigitizer]: [18:39:20][INFO] MagneticField::Print: MagneticFieldMap:
[2102:ITSDigitizer]: [18:39:20][INFO] MagneticField::Print: Solenoid (-1*)5 kG, Dipole ON (-1) 
[2102:ITSDigitizer]: [18:39:20][INFO] MagneticField::Print: Machine B fields for p-p  beam (7000 GeV): QGrad: 22.0002 Dipole: 37.8781
[2102:ITSDigitizer]: [18:39:20][INFO] MagneticField::Print: Uses Sol30_Dip6_Hole  of /cvmfs/alice.cern.ch/el7-x86_64/Packages/O2/nightly-20210129-1/share/Common/maps/mfchebKGI_sym.root
[2102:ITSDigitizer]: Info in <TGeoGlobalMagField::SetField>: Global magnetic field set to <MagneticFieldMap>
[2102:ITSDigitizer]: Info in <TGeoGlobalMagField::Lock>: Global magnetic field <MagneticFieldMap> is now locked
[2102:ITSDigitizer]: [18:39:20][INFO] Set Alpide charge threshold to 150, single hit will be accounted from 15 electrons
[2102:ITSDigitizer]: [18:39:20][INFO] ITS simulated in CONTINUOUS RO mode
[2102:ITSDigitizer]: [18:39:21][INFO] Loading ITS L2G matrices from TGeo
[2101:SimReader]: [18:39:21][STATE] INITIALIZING DEVICE ---> INITIALIZED
[2101:SimReader]: [18:39:21][STATE] INITIALIZED ---> BINDING
[2101:SimReader]: [18:39:21][STATE] BINDING ---> BOUND
[2101:SimReader]: [18:39:21][STATE] BOUND ---> CONNECTING
[2101:SimReader]: [18:39:21][STATE] CONNECTING ---> DEVICE READY
[2101:SimReader]: [18:39:21][STATE] DEVICE READY ---> INITIALIZING TASK
[2101:SimReader]: [18:39:21][STATE] INITIALIZING TASK ---> READY
[2101:SimReader]: [18:39:21][STATE] READY ---> RUNNING
[2101:SimReader]: [18:39:21][INFO] DEVICE: Running...
[2101:SimReader]: [18:39:21][INFO] SENDING SOMETHING TO OTHERS
[2102:ITSDigitizer]: Alpide response object of 40500 matrices to map chagre in xyz to 5x5 pixels
[2102:ITSDigitizer]: X(col) range: +0.000000e+00 : +1.462000e-03 | step: 5.000000e-05 | Nbins: 30
[2102:ITSDigitizer]: Y(row) range: +0.000000e+00 : +1.344000e-03 | step: 5.000000e-05 | Nbins: 27
[2102:ITSDigitizer]: Z(dpt) range: -2.000000e-03 : +2.500000e-03 | step: 8.999999e-05 | Nbins: 50
[2102:ITSDigitizer]: Alpide digitization params:
[2102:ITSDigitizer]: Continuous readout             : ON
[2102:ITSDigitizer]: Readout Frame Length(ns)       : 9880.510742
[2102:ITSDigitizer]: Strobe delay (ns)              : 99.803139
[2102:ITSDigitizer]: Strobe length (ns)             : 9780.708008
[2102:ITSDigitizer]: Threshold (N electrons)        : 150
[2102:ITSDigitizer]: Min N electrons to accoint     : 15
[2102:ITSDigitizer]: Number of charge sharing steps : 7
[2102:ITSDigitizer]: ELoss to N electrons factor    : 2.777778e+08
[2102:ITSDigitizer]: Noise level per pixel          : 1.000000e-07
[2102:ITSDigitizer]: Charge time-response:
[2102:ITSDigitizer]: o2::itsmft::AlpideSignalTrapezoid | Duration: 7500.0 MaxRiseTime: 1100.0 (RiseTime=0 at q=450.0) (ns)
[2102:ITSDigitizer]: [18:39:22][STATE] INITIALIZING DEVICE ---> INITIALIZED
[2102:ITSDigitizer]: [18:39:22][STATE] INITIALIZED ---> BINDING
[2102:ITSDigitizer]: [18:39:22][STATE] BINDING ---> BOUND
[2102:ITSDigitizer]: [18:39:22][STATE] BOUND ---> CONNECTING
[2102:ITSDigitizer]: [18:39:22][STATE] CONNECTING ---> DEVICE READY
[2102:ITSDigitizer]: [18:39:22][STATE] DEVICE READY ---> INITIALIZING TASK
[2102:ITSDigitizer]: [18:39:22][STATE] INITIALIZING TASK ---> READY
[2102:ITSDigitizer]: [18:39:22][STATE] READY ---> RUNNING
[2102:ITSDigitizer]: [18:39:22][INFO] DEVICE: Running...
[2102:ITSDigitizer]: [18:39:22][INFO] GOT 10 COLLISSION TIMES
[2102:ITSDigitizer]: [18:39:22][INFO] SIMCHAINS 1
[2102:ITSDigitizer]: [18:39:22][INFO]  CALLING ITS DIGITIZATION 
[2102:ITSDigitizer]: [18:39:23][INFO] Digitizing ITS hits of entry 0 from source 0 at time BCid:  396 Orbit:      1 |T in BC(ns): 0.129 ROFrame= 10) cont.mode: 1 Min/Max ROFrames 0/9
[2102:ITSDigitizer]: [18:39:23][INFO] Filling ITS digits output for RO frames 0:9
[2102:ITSDigitizer]: ROF: 0 | 1283 entries starting from 0
[2102:ITSDigitizer]: BCid:    0 Orbit:      0
[2102:ITSDigitizer]: ROF: 1 | 1267 entries starting from 1283
[2102:ITSDigitizer]: BCid:  396 Orbit:      0
[2102:ITSDigitizer]: ROF: 2 | 1323 entries starting from 2550
[2102:ITSDigitizer]: BCid:  792 Orbit:      0
[2102:ITSDigitizer]: ROF: 3 | 1229 entries starting from 3873
[2102:ITSDigitizer]: BCid: 1188 Orbit:      0
[2102:ITSDigitizer]: ROF: 4 | 1245 entries starting from 5102
[2102:ITSDigitizer]: BCid: 1584 Orbit:      0
[2102:ITSDigitizer]: ROF: 5 | 1248 entries starting from 6347
[2102:ITSDigitizer]: BCid: 1980 Orbit:      0
[2102:ITSDigitizer]: ROF: 6 | 1259 entries starting from 7595
[2102:ITSDigitizer]: BCid: 2376 Orbit:      0
[2102:ITSDigitizer]: ROF: 7 | 1258 entries starting from 8854
[2102:ITSDigitizer]: BCid: 2772 Orbit:      0
[2102:ITSDigitizer]: ROF: 8 | 1247 entries starting from 10112
[2102:ITSDigitizer]: BCid: 3168 Orbit:      0
[2102:ITSDigitizer]: ROF: 9 | 1249 entries starting from 11359
[2102:ITSDigitizer]: BCid:    0 Orbit:      1
[2102:ITSDigitizer]: [18:39:23][INFO] Added 12608 digits 
[2102:ITSDigitizer]: [18:39:23][INFO] Digitizing ITS hits of entry 1 from source 0 at time BCid:  862 Orbit:      1 |T in BC(ns): 0.297 ROFrame= 11) cont.mode: 1 Min/Max ROFrames 10/10
[2102:ITSDigitizer]: [18:39:23][INFO] Filling ITS digits output for RO frames 10:10
[2102:ITSDigitizer]: ROF: 10 | 1821 entries starting from 12608
[2102:ITSDigitizer]: BCid:  396 Orbit:      1
[2102:ITSDigitizer]: MCEventID: 0 ROFs: 10-10 Entry in ROFRecords: 10
[2102:ITSDigitizer]: [18:39:23][INFO] Added 1821 digits 
[2102:ITSDigitizer]: [18:39:23][INFO] Digitizing ITS hits of entry 2 from source 0 at time BCid:  988 Orbit:      1 |T in BC(ns): 0.008 ROFrame= 11) cont.mode: 1 Min/Max ROFrames 11/12
[2102:ITSDigitizer]: [18:39:23][INFO] Digitizing ITS hits of entry 3 from source 0 at time BCid: 1382 Orbit:      1 |T in BC(ns): -0.079 ROFrame= 12) cont.mode: 1 Min/Max ROFrames 11/12
[2102:ITSDigitizer]: [18:39:23][INFO] Filling ITS digits output for RO frames 11:11
[2102:ITSDigitizer]: ROF: 11 | 71096 entries starting from 14429
[2102:ITSDigitizer]: BCid:  792 Orbit:      1
[2102:ITSDigitizer]: MCEventID: 1 ROFs: 11-12 Entry in ROFRecords: 11
[2102:ITSDigitizer]: MCEventID: 2 ROFs: 11-12 Entry in ROFRecords: 11
[2102:ITSDigitizer]: [18:39:24][INFO] Added 71096 digits 
[2102:ITSDigitizer]: [18:39:24][INFO] Digitizing ITS hits of entry 4 from source 0 at time BCid: 1418 Orbit:      1 |T in BC(ns): -0.492 ROFrame= 12) cont.mode: 1 Min/Max ROFrames 12/14
[2102:ITSDigitizer]: [18:39:24][INFO] Digitizing ITS hits of entry 5 from source 0 at time BCid: 1746 Orbit:      1 |T in BC(ns): 0.220 ROFrame= 13) cont.mode: 1 Min/Max ROFrames 12/14
[2102:ITSDigitizer]: [18:39:24][INFO] Filling ITS digits output for RO frames 12:12
[2102:ITSDigitizer]: ROF: 12 | 297448 entries starting from 85525
[2102:ITSDigitizer]: BCid: 1188 Orbit:      1
[2102:ITSDigitizer]: MCEventID: 3 ROFs: 12-14 Entry in ROFRecords: 12
[2102:ITSDigitizer]: MCEventID: 4 ROFs: 12-14 Entry in ROFRecords: 12
[2102:ITSDigitizer]: [18:39:24][INFO] Added 297448 digits 
[2102:ITSDigitizer]: [18:39:24][INFO] Digitizing ITS hits of entry 6 from source 0 at time BCid: 1820 Orbit:      1 |T in BC(ns): 0.147 ROFrame= 13) cont.mode: 1 Min/Max ROFrames 13/15
[2102:ITSDigitizer]: [18:39:24][INFO] Digitizing ITS hits of entry 7 from source 0 at time BCid:  228 Orbit:      2 |T in BC(ns): -0.319 ROFrame= 18) cont.mode: 1 Min/Max ROFrames 13/17
[2102:ITSDigitizer]: [18:39:24][INFO] Filling ITS digits output for RO frames 13:17
[2102:ITSDigitizer]: ROF: 13 | 421626 entries starting from 382973
[2102:ITSDigitizer]: BCid: 1584 Orbit:      1
[2102:ITSDigitizer]: MCEventID: 5 ROFs: 13-15 Entry in ROFRecords: 13
[2102:ITSDigitizer]: MCEventID: 6 ROFs: 13-14 Entry in ROFRecords: 13
[2102:ITSDigitizer]: ROF: 14 | 126315 entries starting from 804599
[2102:ITSDigitizer]: BCid: 1980 Orbit:      1
[2102:ITSDigitizer]: ROF: 15 | 1294 entries starting from 930914
[2102:ITSDigitizer]: BCid: 2376 Orbit:      1
[2102:ITSDigitizer]: ROF: 16 | 1280 entries starting from 932208
[2102:ITSDigitizer]: BCid: 2772 Orbit:      1
[2102:ITSDigitizer]: ROF: 17 | 1286 entries starting from 933488
[2102:ITSDigitizer]: BCid: 3168 Orbit:      1
[2102:ITSDigitizer]: [18:39:25][INFO] Added 551801 digits 
[2102:ITSDigitizer]: [18:39:25][INFO] Digitizing ITS hits of entry 8 from source 0 at time BCid:  260 Orbit:      2 |T in BC(ns): 0.169 ROFrame= 18) cont.mode: 1 Min/Max ROFrames 18/20
[2102:ITSDigitizer]: [18:39:25][INFO] Digitizing ITS hits of entry 9 from source 0 at time BCid:  414 Orbit:      2 |T in BC(ns): 0.143 ROFrame= 19) cont.mode: 1 Min/Max ROFrames 18/20
[2102:ITSDigitizer]: [18:39:25][INFO] Filling ITS digits output for RO frames 18:18
[2102:ITSDigitizer]: ROF: 18 | 31714 entries starting from 934774
[2102:ITSDigitizer]: BCid:    0 Orbit:      2
[2102:ITSDigitizer]: MCEventID: 7 ROFs: 18-20 Entry in ROFRecords: 18
[2102:ITSDigitizer]: MCEventID: 8 ROFs: 18-20 Entry in ROFRecords: 18
[2102:ITSDigitizer]: [18:39:25][INFO] Added 31714 digits 
[2102:ITSDigitizer]: [18:39:25][INFO] Filling ITS digits output for RO frames 19:20
[2102:ITSDigitizer]: ROF: 19 | 132224 entries starting from 966488
[2102:ITSDigitizer]: BCid:  396 Orbit:      2
[2102:ITSDigitizer]: MCEventID: 9 ROFs: 19-20 Entry in ROFRecords: 19
[2102:ITSDigitizer]: ROF: 20 | 2142 entries starting from 1098712
[2102:ITSDigitizer]: BCid:  792 Orbit:      2
[2102:ITSDigitizer]: [18:39:25][INFO] Added 134366 digits 
[2102:ITSDigitizer]: [18:39:25][INFO] ITS: Sending ROMode= 3 to GRPUpdater
[2102:ITSDigitizer]: [18:39:25][INFO] Digitization took 2.58s
[2104:ITSDigitWriter]: [18:39:25][INFO] WRITING 1107559 LABELS 
[2103:GRPUpdater]: [18:39:25][INFO] Updated GRP in o2sim_grp.root for detectors RO mode
[2103:GRPUpdater]: Run: 1621528545
[2103:GRPUpdater]: Fill:      0
[2103:GRPUpdater]: Period: 
[2103:GRPUpdater]: LHC State: 
[2103:GRPUpdater]: Start: Thu May 20 18:35:46 2021
[2103:GRPUpdater]: End  : Thu May 20 18:35:47 2021
[2103:GRPUpdater]: Beam0: Z:A =   0:  0, Energy = 0.000
[2103:GRPUpdater]: Beam1: Z:A =   0:  0, Energy = 0.000
[2103:GRPUpdater]: sqrt[s]    = 0.000
[2103:GRPUpdater]: crossing angle (radian) = 0.000000e+00
[2103:GRPUpdater]: magnet currents (A) L3 = -30000.000, Dipole = -6000
[2103:GRPUpdater]: Detectors: Cont.RO Triggers
[2103:GRPUpdater]:       ITS:    +       -    
[2104:ITSDigitWriter]: [18:39:25][INFO] RECEIVED DIGITS SIZE 1100854
[INFO] Quitting
[INFO] QUIT_REQUESTED
[2100:internal-dpl-clock]: [18:39:26][INFO] Received device shutdown request (signal 15).
[2100:internal-dpl-clock]: [18:39:26][INFO] Waiting for graceful device shutdown. Hit Ctrl-C again to abort immediately.
[2102:ITSDigitizer]: [18:39:26][INFO] Received device shutdown request (signal 15).
[2102:ITSDigitizer]: [18:39:26][INFO] Waiting for graceful device shutdown. Hit Ctrl-C again to abort immediately.
[2103:GRPUpdater]: [18:39:26][INFO] Received device shutdown request (signal 15).
[2101:SimReader]: [18:39:26][INFO] Received device shutdown request (signal 15).
[2103:GRPUpdater]: [18:39:26][INFO] Waiting for graceful device shutdown. Hit Ctrl-C again to abort immediately.
[2101:SimReader]: [18:39:26][INFO] Waiting for graceful device shutdown. Hit Ctrl-C again to abort immediately.
[2104:ITSDigitWriter]: [18:39:26][INFO] Received device shutdown request (signal 15).
[2104:ITSDigitWriter]: [18:39:26][INFO] Waiting for graceful device shutdown. Hit Ctrl-C again to abort immediately.
[2101:SimReader]: [18:39:26][STATE] RUNNING ---> READY
[2101:SimReader]: [18:39:26][STATE] READY ---> RESETTING TASK
[2101:SimReader]: [18:39:26][STATE] RESETTING TASK ---> DEVICE READY
[2101:SimReader]: [18:39:26][STATE] DEVICE READY ---> RESETTING DEVICE
[2101:SimReader]: [18:39:26][STATE] RESETTING DEVICE ---> IDLE
[2101:SimReader]: [18:39:26][STATE] IDLE ---> EXITING
[2101:SimReader]: [18:39:26][STATE] Exiting FairMQ state machine
[2102:ITSDigitizer]: [18:39:26][STATE] RUNNING ---> READY
[2103:GRPUpdater]: [18:39:26][STATE] RUNNING ---> READY
[2100:internal-dpl-clock]: [18:39:26][STATE] RUNNING ---> READY
[2103:GRPUpdater]: [18:39:26][STATE] READY ---> RESETTING TASK
[2102:ITSDigitizer]: [18:39:26][STATE] READY ---> RESETTING TASK
[2100:internal-dpl-clock]: [18:39:26][STATE] READY ---> RESETTING TASK
[2103:GRPUpdater]: [18:39:26][STATE] RESETTING TASK ---> DEVICE READY
[2102:ITSDigitizer]: [18:39:26][STATE] RESETTING TASK ---> DEVICE READY
[2103:GRPUpdater]: [18:39:26][STATE] DEVICE READY ---> RESETTING DEVICE
[2100:internal-dpl-clock]: [18:39:26][STATE] RESETTING TASK ---> DEVICE READY
[2100:internal-dpl-clock]: [18:39:26][STATE] DEVICE READY ---> RESETTING DEVICE
[2102:ITSDigitizer]: [18:39:26][STATE] DEVICE READY ---> RESETTING DEVICE
[2103:GRPUpdater]: [18:39:26][STATE] RESETTING DEVICE ---> IDLE
[2100:internal-dpl-clock]: [18:39:26][STATE] RESETTING DEVICE ---> IDLE
[2103:GRPUpdater]: [18:39:26][STATE] IDLE ---> EXITING
[2100:internal-dpl-clock]: [18:39:26][STATE] IDLE ---> EXITING
[2103:GRPUpdater]: [18:39:26][STATE] Exiting FairMQ state machine
[2100:internal-dpl-clock]: [18:39:26][STATE] Exiting FairMQ state machine
[2102:ITSDigitizer]: [18:39:26][STATE] RESETTING DEVICE ---> IDLE
[2102:ITSDigitizer]: [18:39:26][STATE] IDLE ---> EXITING
[2102:ITSDigitizer]: [18:39:26][STATE] Exiting FairMQ state machine
[2104:ITSDigitWriter]: [18:39:28][STATE] RUNNING ---> READY
[2104:ITSDigitWriter]: [18:39:28][STATE] READY ---> RESETTING TASK
[2104:ITSDigitWriter]: [18:39:28][STATE] RESETTING TASK ---> DEVICE READY
[2104:ITSDigitWriter]: [18:39:28][STATE] DEVICE READY ---> RESETTING DEVICE
[2104:ITSDigitWriter]: Cleaning up for shared memory id 'ca2969e8'...
[2104:ITSDigitWriter]: No region counter found. No regions to cleanup.
[2104:ITSDigitWriter]: Successfully removed 'fmq_ca2969e8_m_0'.
[2104:ITSDigitWriter]: Successfully removed 'fmq_ca2969e8_mng'.
[2104:ITSDigitWriter]: Successfully removed 'fmq_ca2969e8_mtx'.
[2104:ITSDigitWriter]: Successfully removed 'fmq_ca2969e8_cv'.
[2104:ITSDigitWriter]: [18:39:28][STATE] RESETTING DEVICE ---> IDLE
[2104:ITSDigitWriter]: [18:39:28][STATE] IDLE ---> EXITING
[2104:ITSDigitWriter]: [18:39:28][STATE] Exiting FairMQ state machine
[INFO] Dumping used configuration in dpl-config.json

==============================================================================================
3. Tracking
[INFO] Initialising O2 Data Processing Layer
[INFO] O2 Data Processing Layer initialised. We brake for nobody.
[INFO] Optimised build. O2DEBUG / LOG(DEBUG) / LOGF(DEBUG) / assert statement will not be shown.
[INFO] Redeployment of configuration asked.
[INFO] Starting internal-dpl-clock on pid 3183
[INFO] Starting its-digit-reader on pid 3184
[INFO] Starting its-clusterer on pid 3185
[INFO] Starting its-cluster-writer on pid 3186
[INFO] Starting its-tracker on pid 3187
[INFO] Starting its-track-writer on pid 3188
[INFO] Redeployment of configuration done.
[3186:its-cluster-writer]: [INFO] Spawing new device its-cluster-writer in process with pid 3186
[3186:its-cluster-writer]: [18:41:45][INFO] 
[3186:its-cluster-writer]:       ______      _    _______  _________ 
[3186:its-cluster-writer]:      / ____/___ _(_)_______   |/  /_  __ \    version 1.4.29
[3186:its-cluster-writer]:     / /_  / __ `/ / ___/__  /|_/ /_  / / /    build RELWITHDEBINFO
[3186:its-cluster-writer]:    / __/ / /_/ / / /    _  /  / / / /_/ /     https://github.com/FairRootGroup/FairMQ
[3186:its-cluster-writer]:   /_/    \__,_/_/_/     /_/  /_/  \___\_\     LGPL-3.0  © 2012-2020 GSI
[3186:its-cluster-writer]: 
[3185:its-clusterer]: [INFO] Spawing new device its-clusterer in process with pid 3185
[3186:its-cluster-writer]: [18:41:45][STATE] Starting FairMQ state machine --> IDLE
[3186:its-cluster-writer]: 2021-05-20 18:41:45	Monitoring	[0;49mStdOut backend initialized[0m
[3186:its-cluster-writer]: [18:41:45][STATE] IDLE ---> INITIALIZING DEVICE
[3185:its-clusterer]: [18:41:45][INFO] 
[3185:its-clusterer]:       ______      _    _______  _________ 
[3185:its-clusterer]:      / ____/___ _(_)_______   |/  /_  __ \    version 1.4.29
[3185:its-clusterer]:     / /_  / __ `/ / ___/__  /|_/ /_  / / /    build RELWITHDEBINFO
[3185:its-clusterer]:    / __/ / /_/ / / /    _  /  / / / /_/ /     https://github.com/FairRootGroup/FairMQ
[3185:its-clusterer]:   /_/    \__,_/_/_/     /_/  /_/  \___\_\     LGPL-3.0  © 2012-2020 GSI
[3185:its-clusterer]: 
[3185:its-clusterer]: [18:41:45][STATE] Starting FairMQ state machine --> IDLE
[3185:its-clusterer]: 2021-05-20 18:41:45	Monitoring	[0;49mStdOut backend initialized[0m
[3185:its-clusterer]: [18:41:45][STATE] IDLE ---> INITIALIZING DEVICE
[3186:its-cluster-writer]: 2021-05-20 18:41:45	Monitoring	[0;49mBuffering enabled (100)[0m
[3186:its-cluster-writer]: [18:41:45][INFO] 0: branch  ITSClusterComp set up
[3186:its-cluster-writer]: [18:41:45][INFO] 1: branch  ITSClusterPatt set up
[3186:its-cluster-writer]: [18:41:45][INFO] 2: branch  ITSClustersROF set up
[3186:its-cluster-writer]: [18:41:45][INFO] 3: branch  ITSClusterMCTruth set up
[3186:its-cluster-writer]: [18:41:45][INFO] 4: branch  ITSClustersMC2ROF set up
[3186:its-cluster-writer]: [18:41:45][STATE] INITIALIZING DEVICE ---> INITIALIZED
[3186:its-cluster-writer]: [18:41:45][STATE] INITIALIZED ---> BINDING
[3186:its-cluster-writer]: [18:41:45][STATE] BINDING ---> BOUND
[3186:its-cluster-writer]: [18:41:45][STATE] BOUND ---> CONNECTING
[3186:its-cluster-writer]: [18:41:45][STATE] CONNECTING ---> DEVICE READY
[3186:its-cluster-writer]: [18:41:45][STATE] DEVICE READY ---> INITIALIZING TASK
[3186:its-cluster-writer]: [18:41:45][STATE] INITIALIZING TASK ---> READY
[3186:its-cluster-writer]: [18:41:45][STATE] READY ---> RUNNING
[3186:its-cluster-writer]: [18:41:45][INFO] DEVICE: Running...
[3185:its-clusterer]: 2021-05-20 18:41:45	Monitoring	[0;49mBuffering enabled (100)[0m
[3185:its-clusterer]: [18:41:45][INFO] Dictionary ITSdictionary.bin is absent, ITSClusterer expects cluster patterns
[3185:its-clusterer]: [18:41:45][INFO] Clusterizer masks overflow pixels separated by < 406 BC and <= 0 in row/col
[3185:its-clusterer]: [18:41:45][INFO] Inclusive clusterization timing (w/o disk IO): Cpu: 0 Real: 0 s in 1 slots
[3185:its-clusterer]: [18:41:45][INFO] Threads output merging timing                : Cpu: 0 Real: 0 s in 1 slots
[3185:its-clusterer]: [18:41:45][STATE] INITIALIZING DEVICE ---> INITIALIZED
[3185:its-clusterer]: [18:41:45][STATE] INITIALIZED ---> BINDING
[3188:its-track-writer]: [INFO] Spawing new device its-track-writer in process with pid 3188
[3185:its-clusterer]: [18:41:45][STATE] BINDING ---> BOUND
[3185:its-clusterer]: [18:41:45][STATE] BOUND ---> CONNECTING
[3185:its-clusterer]: [18:41:45][STATE] CONNECTING ---> DEVICE READY
[3185:its-clusterer]: [18:41:45][STATE] DEVICE READY ---> INITIALIZING TASK
[3185:its-clusterer]: [18:41:45][STATE] INITIALIZING TASK ---> READY
[3185:its-clusterer]: [18:41:45][STATE] READY ---> RUNNING
[3185:its-clusterer]: [18:41:45][INFO] DEVICE: Running...
[3184:its-digit-reader]: [INFO] Spawing new device its-digit-reader in process with pid 3184
[3188:its-track-writer]: [18:41:45][INFO] 
[3188:its-track-writer]:       ______      _    _______  _________ 
[3188:its-track-writer]:      / ____/___ _(_)_______   |/  /_  __ \    version 1.4.29
[3188:its-track-writer]:     / /_  / __ `/ / ___/__  /|_/ /_  / / /    build RELWITHDEBINFO
[3188:its-track-writer]:    / __/ / /_/ / / /    _  /  / / / /_/ /     https://github.com/FairRootGroup/FairMQ
[3188:its-track-writer]:   /_/    \__,_/_/_/     /_/  /_/  \___\_\     LGPL-3.0  © 2012-2020 GSI
[3188:its-track-writer]: 
[3188:its-track-writer]: [18:41:45][STATE] Starting FairMQ state machine --> IDLE
[3187:its-tracker]: [INFO] Spawing new device its-tracker in process with pid 3187
[3188:its-track-writer]: 2021-05-20 18:41:45	Monitoring	[0;49mStdOut backend initialized[0m
[3184:its-digit-reader]: [18:41:45][INFO] 
[3184:its-digit-reader]:       ______      _    _______  _________ 
[3184:its-digit-reader]:      / ____/___ _(_)_______   |/  /_  __ \    version 1.4.29
[3184:its-digit-reader]:     / /_  / __ `/ / ___/__  /|_/ /_  / / /    build RELWITHDEBINFO
[3184:its-digit-reader]:    / __/ / /_/ / / /    _  /  / / / /_/ /     https://github.com/FairRootGroup/FairMQ
[3184:its-digit-reader]:   /_/    \__,_/_/_/     /_/  /_/  \___\_\     LGPL-3.0  © 2012-2020 GSI
[3184:its-digit-reader]: 
[3184:its-digit-reader]: [18:41:45][STATE] Starting FairMQ state machine --> IDLE
[3188:its-track-writer]: [18:41:45][STATE] IDLE ---> INITIALIZING DEVICE
[3184:its-digit-reader]: 2021-05-20 18:41:45	Monitoring	[0;49mStdOut backend initialized[0m
[3183:internal-dpl-clock]: [INFO] Spawing new device internal-dpl-clock in process with pid 3183
[3187:its-tracker]: [18:41:45][INFO] 
[3187:its-tracker]:       ______      _    _______  _________ 
[3187:its-tracker]:      / ____/___ _(_)_______   |/  /_  __ \    version 1.4.29
[3187:its-tracker]:     / /_  / __ `/ / ___/__  /|_/ /_  / / /    build RELWITHDEBINFO
[3187:its-tracker]:    / __/ / /_/ / / /    _  /  / / / /_/ /     https://github.com/FairRootGroup/FairMQ
[3187:its-tracker]:   /_/    \__,_/_/_/     /_/  /_/  \___\_\     LGPL-3.0  © 2012-2020 GSI
[3187:its-tracker]: 
[3187:its-tracker]: [18:41:45][STATE] Starting FairMQ state machine --> IDLE
[3183:internal-dpl-clock]: [18:41:45][INFO] 
[3183:internal-dpl-clock]:       ______      _    _______  _________ 
[3183:internal-dpl-clock]:      / ____/___ _(_)_______   |/  /_  __ \    version 1.4.29
[3183:internal-dpl-clock]:     / /_  / __ `/ / ___/__  /|_/ /_  / / /    build RELWITHDEBINFO
[3183:internal-dpl-clock]:    / __/ / /_/ / / /    _  /  / / / /_/ /     https://github.com/FairRootGroup/FairMQ
[3183:internal-dpl-clock]:   /_/    \__,_/_/_/     /_/  /_/  \___\_\     LGPL-3.0  © 2012-2020 GSI
[3183:internal-dpl-clock]: 
[3183:internal-dpl-clock]: [18:41:45][STATE] Starting FairMQ state machine --> IDLE
[3183:internal-dpl-clock]: 2021-05-20 18:41:45	Monitoring	[0;49mStdOut backend initialized[0m
[3183:internal-dpl-clock]: [18:41:45][STATE] IDLE ---> INITIALIZING DEVICE
[3183:internal-dpl-clock]: 2021-05-20 18:41:45	Monitoring	[0;49mBuffering enabled (100)[0m
[3183:internal-dpl-clock]: [18:41:45][STATE] INITIALIZING DEVICE ---> INITIALIZED
[3183:internal-dpl-clock]: [18:41:45][STATE] INITIALIZED ---> BINDING
[3184:its-digit-reader]: [18:41:45][STATE] IDLE ---> INITIALIZING DEVICE
[3187:its-tracker]: 2021-05-20 18:41:45	Monitoring	[0;49mStdOut backend initialized[0m
[3187:its-tracker]: [18:41:45][STATE] IDLE ---> INITIALIZING DEVICE
[3187:its-tracker]: 2021-05-20 18:41:45	Monitoring	[0;49mBuffering enabled (100)[0m
[3187:its-tracker]: [18:41:45][INFO] Created GPUReconstruction instance for device type CPU (1) 
[3183:internal-dpl-clock]: [18:41:45][STATE] BINDING ---> BOUND
[3183:internal-dpl-clock]: [18:41:45][STATE] BOUND ---> CONNECTING
[3183:internal-dpl-clock]: [18:41:45][STATE] CONNECTING ---> DEVICE READY
[3183:internal-dpl-clock]: [18:41:45][STATE] DEVICE READY ---> INITIALIZING TASK
[3183:internal-dpl-clock]: [18:41:45][STATE] INITIALIZING TASK ---> READY
[3183:internal-dpl-clock]: [18:41:45][STATE] READY ---> RUNNING
[3183:internal-dpl-clock]: [18:41:45][INFO] DEVICE: Running...
[3184:its-digit-reader]: 2021-05-20 18:41:45	Monitoring	[0;49mBuffering enabled (100)[0m
[3184:its-digit-reader]: [18:41:45][STATE] INITIALIZING DEVICE ---> INITIALIZED
[3184:its-digit-reader]: [18:41:45][STATE] INITIALIZED ---> BINDING
[3184:its-digit-reader]: [18:41:45][STATE] BINDING ---> BOUND
[3184:its-digit-reader]: [18:41:45][STATE] BOUND ---> CONNECTING
[3184:its-digit-reader]: [18:41:45][STATE] CONNECTING ---> DEVICE READY
[3184:its-digit-reader]: [18:41:45][STATE] DEVICE READY ---> INITIALIZING TASK
[3184:its-digit-reader]: [18:41:45][STATE] INITIALIZING TASK ---> READY
[3184:its-digit-reader]: [18:41:45][STATE] READY ---> RUNNING
[3184:its-digit-reader]: [18:41:45][INFO] DEVICE: Running...
[3188:its-track-writer]: 2021-05-20 18:41:45	Monitoring	[0;49mBuffering enabled (100)[0m
[3188:its-track-writer]: [18:41:45][INFO] 0: branch  ITSTrack set up
[3188:its-track-writer]: [18:41:45][INFO] 1: branch  ITSTrackClusIdx set up
[3188:its-track-writer]: [18:41:45][INFO] 2: branch  Vertices set up
[3188:its-track-writer]: [18:41:45][INFO] 3: branch  VerticesROF set up
[3188:its-track-writer]: [18:41:45][INFO] 4: branch  ITSTracksROF set up
[3188:its-track-writer]: [18:41:45][INFO] 5: branch  ITSTrackMCTruth set up
[3188:its-track-writer]: [18:41:45][INFO] 6: branch  ITSTracksMC2ROF set up
[3188:its-track-writer]: [18:41:45][STATE] INITIALIZING DEVICE ---> INITIALIZED
[3188:its-track-writer]: [18:41:45][STATE] INITIALIZED ---> BINDING
[3188:its-track-writer]: [18:41:45][STATE] BINDING ---> BOUND
[3188:its-track-writer]: [18:41:45][STATE] BOUND ---> CONNECTING
[3188:its-track-writer]: [18:41:45][STATE] CONNECTING ---> DEVICE READY
[3188:its-track-writer]: [18:41:45][STATE] DEVICE READY ---> INITIALIZING TASK
[3188:its-track-writer]: [18:41:45][STATE] INITIALIZING TASK ---> READY
[3188:its-track-writer]: [18:41:45][STATE] READY ---> RUNNING
[3188:its-track-writer]: [18:41:45][INFO] DEVICE: Running...
[3187:its-tracker]: [18:41:45][INFO] MagneticField::Print: MagneticFieldMap:
[3187:its-tracker]: [18:41:45][INFO] MagneticField::Print: Solenoid (-1*)5 kG, Dipole ON (-1) 
[3187:its-tracker]: [18:41:45][INFO] MagneticField::Print: Machine B fields for p-p  beam (7000 GeV): QGrad: 22.0002 Dipole: 37.8781
[3187:its-tracker]: [18:41:45][INFO] MagneticField::Print: Uses Sol30_Dip6_Hole  of /cvmfs/alice.cern.ch/el7-x86_64/Packages/O2/nightly-20210129-1/share/Common/maps/mfchebKGI_sym.root
[3187:its-tracker]: Info in <TGeoGlobalMagField::SetField>: Global magnetic field set to <MagneticFieldMap>
[3187:its-tracker]: Info in <TGeoGlobalMagField::Lock>: Global magnetic field <MagneticFieldMap> is now locked
[3187:its-tracker]: [18:41:45][INFO] Loading geometry FAIRGeom from o2sim_geometry.root
[3187:its-tracker]: Info in <TGeoManager::CloseGeometry>: Geometry loaded from file...
[3187:its-tracker]: Info in <TGeoManager::SetTopVolume>: Top volume is cave. Master volume is cave
[3187:its-tracker]: Info in <TGeoNavigator::BuildCache>: --- Maximum geometry depth set to 100
[3187:its-tracker]: Info in <TGeoManager::CloseGeometry>: Voxelization retrieved from file
[3187:its-tracker]: Info in <TGeoManager::CountLevels>: max level = 9, max placements = 126
[3187:its-tracker]: Info in <TGeoManager::CloseGeometry>: 179840 nodes/ 399 volume UID's in FAIR geometry
[3187:its-tracker]: Info in <TGeoManager::CloseGeometry>: ----------------modeler ready----------------
[3187:its-tracker]: [18:41:46][INFO] Loading ITS T2L matrices from TGeo
[3184:its-digit-reader]: [18:41:46][INFO] ITSDigitReader pushed 1100854 digits, in 21 RO frames
[3187:its-tracker]: [18:41:46][WARN] It is faster to use 2D rotation for T2G instead of full Transform3D matrices
[3187:its-tracker]: [18:41:46][INFO] Loading ITS T2G matrices from TGeo
[3185:its-clusterer]: [18:41:46][INFO] ITSClusterer pulled 1100854 digits, in 21 RO frames
[3185:its-clusterer]: [18:41:46][INFO] ITSClusterer pulled 1107559 labels 
[3185:its-clusterer]: [18:41:46][INFO] ITSClusterer pushed 167593 clusters, in 21 RO frames
[3186:its-cluster-writer]: [18:41:46][INFO] ITSClusterWriter pulled 167593 clusters, in 21 RO frames
[3187:its-tracker]: [18:41:46][INFO] Loading ITS T2G rotation 2D matrices
[3187:its-tracker]: [18:41:46][INFO] Initializing tracker in sync. phase reconstruction with 1 passes
[3187:its-tracker]: [18:41:46][INFO] Not using lookup table for material budget approximation
[3187:its-tracker]: [18:41:46][INFO] Dictionary ITSdictionary.bin is absent, Tracker expects cluster patterns
[3187:its-tracker]: [18:41:46][STATE] INITIALIZING DEVICE ---> INITIALIZED
[3187:its-tracker]: [18:41:46][STATE] INITIALIZED ---> BINDING
[3187:its-tracker]: [18:41:46][STATE] BINDING ---> BOUND
[3187:its-tracker]: [18:41:46][STATE] BOUND ---> CONNECTING
[3187:its-tracker]: [18:41:46][STATE] CONNECTING ---> DEVICE READY
[3187:its-tracker]: [18:41:46][STATE] DEVICE READY ---> INITIALIZING TASK
[3187:its-tracker]: [18:41:46][STATE] INITIALIZING TASK ---> READY
[3187:its-tracker]: [18:41:46][STATE] READY ---> RUNNING
[3187:its-tracker]: [18:41:46][INFO] DEVICE: Running...
[3187:its-tracker]: [18:41:46][INFO] ITSTracker pulled 167593 clusters, 21 RO frames
[3187:its-tracker]: [18:41:46][INFO] 167593 MC label objects , in 10 MC events
[3187:its-tracker]: [18:41:46][INFO] ITSTracker RO: continuous=1
[3187:its-tracker]: [18:41:46][INFO] Loading ITS L2G matrices from TGeo
[3187:its-tracker]: [18:41:46][INFO] ROframe: 0, clusters loaded : 1283
[3187:its-tracker]:  - Vertexer initialisation completed in: 0.313525 ms
[3187:its-tracker]:  - Tracklet finding completed in: 0.009138 ms
[3187:its-tracker]:  - Adjacent tracklets validation completed in: 0.004146 ms
[3187:its-tracker]:  - Vertex finding completed in: 0.007379 ms
[3187:its-tracker]: [18:41:46][INFO] Found tracks: 0
[3187:its-tracker]: [18:41:46][INFO] ROframe: 1, clusters loaded : 1267
[3187:its-tracker]:  - Vertexer initialisation completed in: 0.280545 ms
[3187:its-tracker]:  - Tracklet finding completed in: 0.034983 ms
[3187:its-tracker]:  - Adjacent tracklets validation completed in: 0.000525 ms
[3187:its-tracker]:  - Vertex finding completed in: 0.00075 ms
[3187:its-tracker]: [18:41:46][INFO] Found tracks: 0
[3187:its-tracker]: [18:41:46][INFO] ROframe: 2, clusters loaded : 1323
[3187:its-tracker]:  - Vertexer initialisation completed in: 0.216973 ms
[3187:its-tracker]:  - Tracklet finding completed in: 0.002111 ms
[3187:its-tracker]:  - Adjacent tracklets validation completed in: 0.000539 ms
[3187:its-tracker]:  - Vertex finding completed in: 0.000738 ms
[3187:its-tracker]: [18:41:46][INFO] Found tracks: 0
[3187:its-tracker]: [18:41:46][INFO] ROframe: 3, clusters loaded : 1229
[3187:its-tracker]:  - Vertexer initialisation completed in: 0.230646 ms
[3187:its-tracker]:  - Tracklet finding completed in: 0.00143 ms
[3187:its-tracker]:  - Adjacent tracklets validation completed in: 0.00032 ms
[3187:its-tracker]:  - Vertex finding completed in: 0.000502 ms
[3187:its-tracker]: [18:41:46][INFO] Found tracks: 0
[3187:its-tracker]: [18:41:46][INFO] ROframe: 4, clusters loaded : 1245
[3187:its-tracker]:  - Vertexer initialisation completed in: 0.215582 ms
[3187:its-tracker]:  - Tracklet finding completed in: 0.001737 ms
[3187:its-tracker]:  - Adjacent tracklets validation completed in: 0.000342 ms
[3187:its-tracker]:  - Vertex finding completed in: 0.000487 ms
[3187:its-tracker]: [18:41:46][INFO] Found tracks: 0
[3187:its-tracker]: [18:41:46][INFO] ROframe: 5, clusters loaded : 1248
[3187:its-tracker]:  - Vertexer initialisation completed in: 0.197606 ms
[3187:its-tracker]:  - Tracklet finding completed in: 0.001112 ms
[3187:its-tracker]:  - Adjacent tracklets validation completed in: 0.00035 ms
[3187:its-tracker]:  - Vertex finding completed in: 0.000371 ms
[3187:its-tracker]: [18:41:46][INFO] Found tracks: 0
[3187:its-tracker]: [18:41:46][INFO] ROframe: 6, clusters loaded : 1259
[3187:its-tracker]:  - Vertexer initialisation completed in: 0.243115 ms
[3187:its-tracker]:  - Tracklet finding completed in: 0.002269 ms
[3187:its-tracker]:  - Adjacent tracklets validation completed in: 0.00039 ms
[3187:its-tracker]:  - Vertex finding completed in: 0.000336 ms
[3187:its-tracker]: [18:41:46][INFO] Found tracks: 0
[3187:its-tracker]: [18:41:47][INFO] ROframe: 7, clusters loaded : 1258
[3187:its-tracker]:  - Vertexer initialisation completed in: 0.188308 ms
[3187:its-tracker]:  - Tracklet finding completed in: 0.001451 ms
[3187:its-tracker]:  - Adjacent tracklets validation completed in: 0.000277 ms
[3187:its-tracker]:  - Vertex finding completed in: 0.000278 ms
[3187:its-tracker]: [18:41:47][INFO] Found tracks: 0
[3187:its-tracker]: [18:41:47][INFO] ROframe: 8, clusters loaded : 1247
[3187:its-tracker]:  - Vertexer initialisation completed in: 0.185355 ms
[3187:its-tracker]:  - Tracklet finding completed in: 0.004484 ms
[3187:its-tracker]:  - Adjacent tracklets validation completed in: 0.000515 ms
[3187:its-tracker]:  - Vertex finding completed in: 0.000493 ms
[3187:its-tracker]: [18:41:47][INFO] Found tracks: 0
[3187:its-tracker]: [18:41:47][INFO] ROframe: 9, clusters loaded : 1249
[3187:its-tracker]:  - Vertexer initialisation completed in: 0.18612 ms
[3187:its-tracker]:  - Tracklet finding completed in: 0.001959 ms
[3187:its-tracker]:  - Adjacent tracklets validation completed in: 0.000397 ms
[3187:its-tracker]:  - Vertex finding completed in: 0.000285 ms
[3187:its-tracker]: [18:41:47][INFO] Found tracks: 0
[3187:its-tracker]: [18:41:47][INFO] ROframe: 10, clusters loaded : 1360
[3187:its-tracker]:  - Vertexer initialisation completed in: 0.225009 ms
[3187:its-tracker]:  - Tracklet finding completed in: 0.010346 ms
[3187:its-tracker]:  - Adjacent tracklets validation completed in: 0.002269 ms
[3187:its-tracker]:  - Vertex finding completed in: 0.036621 ms
[3187:its-tracker]: 		Found vertex with:      4 contributors
[3187:its-tracker]:  - Context initialisation completed in: 1.96174 ms
[3187:its-tracker]:  - Tracklet finding completed in: 0.181888 ms
[3187:its-tracker]:  - Cell finding completed in: 0.006169 ms
[3187:its-tracker]:  - Neighbour finding completed in: 0.007374 ms
[3187:its-tracker]:  - Road finding completed in: 0.000288 ms
[3187:its-tracker]:  - Track finding completed in: 0.003842 ms
[3187:its-tracker]:  - Vertex processing completed in: 2.1613ms
[3187:its-tracker]:  - Context initialisation completed in: 0.004688 ms
[3187:its-tracker]:  - Tracklet finding completed in: 0.151366 ms
[3187:its-tracker]:  - Cell finding completed in: 0.005431 ms
[3187:its-tracker]:  - Neighbour finding completed in: 0.003181 ms
[3187:its-tracker]:  - Road finding completed in: 0.00013 ms
[3187:its-tracker]:  - Track finding completed in: 0.000166 ms
[3187:its-tracker]:  - Vertex processing completed in: 0.164962ms
[3187:its-tracker]: [18:41:47][INFO] Found tracks: 0
[3187:its-tracker]: [18:41:47][INFO] ROframe: 11, clusters loaded : 17218
[3187:its-tracker]:  - Vertexer initialisation completed in: 1.23578 ms
[3187:its-tracker]:  - Tracklet finding completed in: 2.65353 ms
[3187:its-tracker]:  - Adjacent tracklets validation completed in: 0.464003 ms
[3187:its-tracker]:  - Vertex finding completed in: 0.144306 ms
[3187:its-tracker]: 		Found vertex with:    891 contributors
[3187:its-tracker]:  - Context initialisation completed in: 2.42373 ms
[3187:its-tracker]:  - Tracklet finding completed in: 6.48439 ms
[3187:its-tracker]:  - Cell finding completed in: 2.53959 ms
[3187:its-tracker]:  - Neighbour finding completed in: 0.704579 ms
[3187:its-tracker]:  - Road finding completed in: 0.401028 ms
[3187:its-tracker]:  - Track finding completed in: 11.8831 ms
[3187:its-tracker]:  - Vertex processing completed in: 24.4365ms
[3187:its-tracker]:  - Context initialisation completed in: 0.214834 ms
[3187:its-tracker]:  - Tracklet finding completed in: 3.97096 ms
[3187:its-tracker]:  - Cell finding completed in: 0.802181 ms
[3187:its-tracker]:  - Neighbour finding completed in: 0.133956 ms
[3187:its-tracker]:  - Road finding completed in: 0.00146 ms
[3187:its-tracker]:  - Track finding completed in: 0.000462 ms
[3187:its-tracker]:  - Vertex processing completed in: 5.12386ms
[3187:its-tracker]: [18:41:47][INFO] Found tracks: 748
[3187:its-tracker]: [18:41:47][INFO] ROframe: 12, clusters loaded : 69409
[3187:its-tracker]:  - Vertexer initialisation completed in: 4.66234 ms
[3187:its-tracker]:  - Tracklet finding completed in: 36.013 ms
[3187:its-tracker]:  - Adjacent tracklets validation completed in: 7.52313 ms
[3187:its-tracker]:  - Vertex finding completed in: 0.828003 ms
[3187:its-tracker]: 		Found vertex with:   3586 contributors
[3187:its-tracker]:  - Context initialisation completed in: 3.43611 ms
[3187:its-tracker]:  - Tracklet finding completed in: 41.5012 ms
[3187:its-tracker]:  - Cell finding completed in: 34.9492 ms
[3187:its-tracker]:  - Neighbour finding completed in: 2.50911 ms
[3187:its-tracker]:  - Road finding completed in: 1.6905 ms
[3187:its-tracker]:  - Track finding completed in: 35.3581 ms
[3187:its-tracker]:  - Vertex processing completed in: 119.444ms
[3187:its-tracker]:  - Context initialisation completed in: 1.0592 ms
[3187:its-tracker]:  - Tracklet finding completed in: 29.4319 ms
[3187:its-tracker]:  - Cell finding completed in: 12.7378 ms
[3187:its-tracker]:  - Neighbour finding completed in: 0.879639 ms
[3187:its-tracker]:  - Road finding completed in: 0.005538 ms
[3187:its-tracker]:  - Track finding completed in: 0.000746 ms
[3187:its-tracker]:  - Vertex processing completed in: 44.1148ms
[3187:its-tracker]: [18:41:47][INFO] Found tracks: 3118
[3187:its-tracker]: [18:41:47][INFO] ROframe: 13, clusters loaded : 29182
[3187:its-tracker]:  - Vertexer initialisation completed in: 1.81976 ms
[3187:its-tracker]:  - Tracklet finding completed in: 5.19297 ms
[3187:its-tracker]:  - Adjacent tracklets validation completed in: 1.4072 ms
[3187:its-tracker]:  - Vertex finding completed in: 0.246908 ms
[3187:its-tracker]: 		Found vertex with:   1471 contributors
[3187:its-tracker]:  - Context initialisation completed in: 2.63913 ms
[3187:its-tracker]:  - Tracklet finding completed in: 13.4327 ms
[3187:its-tracker]:  - Cell finding completed in: 6.66798 ms
[3187:its-tracker]:  - Neighbour finding completed in: 1.04807 ms
[3187:its-tracker]:  - Road finding completed in: 0.307512 ms
[3187:its-tracker]:  - Track finding completed in: 20.1247 ms
[3187:its-tracker]:  - Vertex processing completed in: 44.2201ms
[3187:its-tracker]:  - Context initialisation completed in: 0.456579 ms
[3187:its-tracker]:  - Tracklet finding completed in: 8.38021 ms
[3187:its-tracker]:  - Cell finding completed in: 2.25515 ms
[3187:its-tracker]:  - Neighbour finding completed in: 0.285906 ms
[3187:its-tracker]:  - Road finding completed in: 0.002259 ms
[3187:its-tracker]:  - Track finding completed in: 0.00059 ms
[3187:its-tracker]:  - Vertex processing completed in: 11.3807ms
[3187:its-tracker]: [18:41:47][INFO] Found tracks: 1291
[3187:its-tracker]: [18:41:47][INFO] ROframe: 14, clusters loaded : 1346
[3187:its-tracker]:  - Vertexer initialisation completed in: 0.291941 ms
[3187:its-tracker]:  - Tracklet finding completed in: 0.001755 ms
[3187:its-tracker]:  - Adjacent tracklets validation completed in: 0.000667 ms
[3187:its-tracker]:  - Vertex finding completed in: 0.001247 ms
[3187:its-tracker]: [18:41:47][INFO] Found tracks: 0
[3187:its-tracker]: [18:41:47][INFO] ROframe: 15, clusters loaded : 1283
[3187:its-tracker]:  - Vertexer initialisation completed in: 0.229568 ms
[3187:its-tracker]:  - Tracklet finding completed in: 0.001317 ms
[3187:its-tracker]:  - Adjacent tracklets validation completed in: 0.000718 ms
[3187:its-tracker]:  - Vertex finding completed in: 0.000507 ms
[3187:its-tracker]: [18:41:47][INFO] Found tracks: 0
[3187:its-tracker]: [18:41:47][INFO] ROframe: 16, clusters loaded : 1280
[3187:its-tracker]:  - Vertexer initialisation completed in: 0.249045 ms
[3187:its-tracker]:  - Tracklet finding completed in: 0.002304 ms
[3187:its-tracker]:  - Adjacent tracklets validation completed in: 0.000372 ms
[3187:its-tracker]:  - Vertex finding completed in: 0.000529 ms
[3187:its-tracker]: [18:41:47][INFO] Found tracks: 0
[3187:its-tracker]: [18:41:47][INFO] ROframe: 17, clusters loaded : 1286
[3187:its-tracker]:  - Vertexer initialisation completed in: 0.214755 ms
[3187:its-tracker]:  - Tracklet finding completed in: 0.001581 ms
[3187:its-tracker]:  - Adjacent tracklets validation completed in: 0.00056 ms
[3187:its-tracker]:  - Vertex finding completed in: 0.000295 ms
[3187:its-tracker]: [18:41:47][INFO] Found tracks: 0
[3187:its-tracker]: [18:41:47][INFO] ROframe: 18, clusters loaded : 7355
[3187:its-tracker]:  - Vertexer initialisation completed in: 0.457004 ms
[3187:its-tracker]:  - Tracklet finding completed in: 0.330351 ms
[3187:its-tracker]:  - Adjacent tracklets validation completed in: 0.075434 ms
[3187:its-tracker]:  - Vertex finding completed in: 0.046922 ms
[3187:its-tracker]: 		Found vertex with:    174 contributors
[3187:its-tracker]: 		Found vertex with:     43 contributors
[3187:its-tracker]:  - Context initialisation completed in: 1.57937 ms
[3187:its-tracker]:  - Tracklet finding completed in: 1.59275 ms
[3187:its-tracker]:  - Cell finding completed in: 0.292744 ms
[3187:its-tracker]:  - Neighbour finding completed in: 0.100005 ms
[3187:its-tracker]:  - Road finding completed in: 0.026933 ms
[3187:its-tracker]:  - Track finding completed in: 1.77262 ms
[3187:its-tracker]:  - Vertex processing completed in: 5.36442ms
[3187:its-tracker]:  - Context initialisation completed in: 0.046585 ms
[3187:its-tracker]:  - Tracklet finding completed in: 1.34643 ms
[3187:its-tracker]:  - Cell finding completed in: 0.174003 ms
[3187:its-tracker]:  - Neighbour finding completed in: 0.037832 ms
[3187:its-tracker]:  - Road finding completed in: 0.007292 ms
[3187:its-tracker]:  - Track finding completed in: 0.411105 ms
[3187:its-tracker]:  - Vertex processing completed in: 2.02325ms
[3187:its-tracker]:  - Context initialisation completed in: 0.026427 ms
[3187:its-tracker]:  - Tracklet finding completed in: 1.24511 ms
[3187:its-tracker]:  - Cell finding completed in: 0.161311 ms
[3187:its-tracker]:  - Neighbour finding completed in: 0.048384 ms
[3187:its-tracker]:  - Road finding completed in: 0.000559 ms
[3187:its-tracker]:  - Track finding completed in: 0.000309 ms
[3187:its-tracker]:  - Vertex processing completed in: 1.4821ms
[3187:its-tracker]:  - Context initialisation completed in: 0.022918 ms
[3187:its-tracker]:  - Tracklet finding completed in: 1.27947 ms
[3187:its-tracker]:  - Cell finding completed in: 0.136532 ms
[3187:its-tracker]:  - Neighbour finding completed in: 0.025933 ms
[3187:its-tracker]:  - Road finding completed in: 0.000929 ms
[3187:its-tracker]:  - Track finding completed in: 0.000295 ms
[3187:its-tracker]:  - Vertex processing completed in: 1.46608ms
[3187:its-tracker]: [18:41:47][INFO] Found tracks: 162
[3187:its-tracker]: [18:41:47][INFO] ROframe: 19, clusters loaded : 24015
[3187:its-tracker]:  - Vertexer initialisation completed in: 1.52877 ms
[3187:its-tracker]:  - Tracklet finding completed in: 3.72531 ms
[3187:its-tracker]:  - Adjacent tracklets validation completed in: 0.865976 ms
[3187:its-tracker]:  - Vertex finding completed in: 0.208013 ms
[3187:its-tracker]: 		Found vertex with:   1171 contributors
[3187:its-tracker]:  - Context initialisation completed in: 2.15152 ms
[3187:its-tracker]:  - Tracklet finding completed in: 9.50593 ms
[3187:its-tracker]:  - Cell finding completed in: 3.20054 ms
[3187:its-tracker]:  - Neighbour finding completed in: 0.512264 ms
[3187:its-tracker]:  - Road finding completed in: 0.125991 ms
[3187:its-tracker]:  - Track finding completed in: 10.1375 ms
[3187:its-tracker]:  - Vertex processing completed in: 25.6337ms
[3187:its-tracker]:  - Context initialisation completed in: 0.241555 ms
[3187:its-tracker]:  - Tracklet finding completed in: 4.70474 ms
[3187:its-tracker]:  - Cell finding completed in: 1.12222 ms
[3187:its-tracker]:  - Neighbour finding completed in: 0.140103 ms
[3187:its-tracker]:  - Road finding completed in: 0.001099 ms
[3187:its-tracker]:  - Track finding completed in: 0.000766 ms
[3187:its-tracker]:  - Vertex processing completed in: 6.21048ms
[3187:its-tracker]: [18:41:47][INFO] Found tracks: 1022
[3187:its-tracker]: [18:41:47][INFO] ROframe: 20, clusters loaded : 1251
[3187:its-tracker]:  - Vertexer initialisation completed in: 0.14251 ms
[3187:its-tracker]:  - Tracklet finding completed in: 0.002039 ms
[3187:its-tracker]:  - Adjacent tracklets validation completed in: 0.000549 ms
[3187:its-tracker]:  - Vertex finding completed in: 0.000838 ms
[3187:its-tracker]: [18:41:47][INFO] Found tracks: 0
[3187:its-tracker]: [18:41:47][INFO] ITSTracker pushed 6341 tracks
[3187:its-tracker]: [18:41:47][INFO] ITS CA-Tracker total timing: Cpu: 5.800e-01 Real: 5.889e-01 s in 1 slots
[3188:its-track-writer]: [18:41:47][INFO] ITSTrackWriter pulled 6341 tracks, in 21 RO frames
[INFO] Quitting
[INFO] QUIT_REQUESTED
[3185:its-clusterer]: [18:41:47][INFO] Received device shutdown request (signal 15).
[3185:its-clusterer]: [18:41:47][INFO] Waiting for graceful device shutdown. Hit Ctrl-C again to abort immediately.
[3188:its-track-writer]: [18:41:47][INFO] Received device shutdown request (signal 15).
[3188:its-track-writer]: [18:41:47][INFO] Waiting for graceful device shutdown. Hit Ctrl-C again to abort immediately.
[3186:its-cluster-writer]: [18:41:47][INFO] Received device shutdown request (signal 15).
[3186:its-cluster-writer]: [18:41:47][INFO] Waiting for graceful device shutdown. Hit Ctrl-C again to abort immediately.
[3184:its-digit-reader]: [18:41:47][INFO] Received device shutdown request (signal 15).
[3184:its-digit-reader]: [18:41:47][INFO] Waiting for graceful device shutdown. Hit Ctrl-C again to abort immediately.
[3187:its-tracker]: [18:41:47][INFO] Received device shutdown request (signal 15).
[3187:its-tracker]: [18:41:47][INFO] Waiting for graceful device shutdown. Hit Ctrl-C again to abort immediately.
[3183:internal-dpl-clock]: [18:41:47][INFO] Received device shutdown request (signal 15).
[3183:internal-dpl-clock]: [18:41:47][INFO] Waiting for graceful device shutdown. Hit Ctrl-C again to abort immediately.
[3184:its-digit-reader]: [18:41:47][STATE] RUNNING ---> READY
[3184:its-digit-reader]: [18:41:47][STATE] READY ---> RESETTING TASK
[3184:its-digit-reader]: [18:41:47][STATE] RESETTING TASK ---> DEVICE READY
[3184:its-digit-reader]: [18:41:47][STATE] DEVICE READY ---> RESETTING DEVICE
[3184:its-digit-reader]: [18:41:47][STATE] RESETTING DEVICE ---> IDLE
[3184:its-digit-reader]: [18:41:47][STATE] IDLE ---> EXITING
[3184:its-digit-reader]: [18:41:47][STATE] Exiting FairMQ state machine
[3187:its-tracker]: [18:41:47][STATE] RUNNING ---> READY
[3183:internal-dpl-clock]: [18:41:47][STATE] RUNNING ---> READY
[3183:internal-dpl-clock]: [18:41:47][STATE] READY ---> RESETTING TASK
[3183:internal-dpl-clock]: [18:41:47][STATE] RESETTING TASK ---> DEVICE READY
[3185:its-clusterer]: [18:41:47][STATE] RUNNING ---> READY
[3183:internal-dpl-clock]: [18:41:47][STATE] DEVICE READY ---> RESETTING DEVICE
[3187:its-tracker]: [18:41:47][STATE] READY ---> RESETTING TASK
[3187:its-tracker]: [18:41:47][STATE] RESETTING TASK ---> DEVICE READY
[3187:its-tracker]: [18:41:47][STATE] DEVICE READY ---> RESETTING DEVICE
[3185:its-clusterer]: [18:41:47][STATE] READY ---> RESETTING TASK
[3185:its-clusterer]: [18:41:47][STATE] RESETTING TASK ---> DEVICE READY
[3185:its-clusterer]: [18:41:47][STATE] DEVICE READY ---> RESETTING DEVICE
[3187:its-tracker]: [18:41:47][STATE] RESETTING DEVICE ---> IDLE
[3183:internal-dpl-clock]: [18:41:47][STATE] RESETTING DEVICE ---> IDLE
[3185:its-clusterer]: [18:41:47][STATE] RESETTING DEVICE ---> IDLE
[3185:its-clusterer]: [18:41:47][STATE] IDLE ---> EXITING
[3185:its-clusterer]: [18:41:47][STATE] Exiting FairMQ state machine
[3183:internal-dpl-clock]: [18:41:47][STATE] IDLE ---> EXITING
[3187:its-tracker]: [18:41:47][STATE] IDLE ---> EXITING
[3187:its-tracker]: [18:41:47][STATE] Exiting FairMQ state machine
[3183:internal-dpl-clock]: [18:41:47][STATE] Exiting FairMQ state machine
[3188:its-track-writer]: [18:41:48][STATE] RUNNING ---> READY
[3188:its-track-writer]: [18:41:48][STATE] READY ---> RESETTING TASK
[3188:its-track-writer]: [18:41:48][STATE] RESETTING TASK ---> DEVICE READY
[3188:its-track-writer]: [18:41:48][STATE] DEVICE READY ---> RESETTING DEVICE
[3188:its-track-writer]: [18:41:48][STATE] RESETTING DEVICE ---> IDLE
[3188:its-track-writer]: [18:41:48][STATE] IDLE ---> EXITING
[3188:its-track-writer]: [18:41:48][STATE] Exiting FairMQ state machine
[3186:its-cluster-writer]: [18:41:48][STATE] RUNNING ---> READY
[3186:its-cluster-writer]: [18:41:48][STATE] READY ---> RESETTING TASK
[3186:its-cluster-writer]: [18:41:48][STATE] RESETTING TASK ---> DEVICE READY
[3186:its-cluster-writer]: [18:41:48][STATE] DEVICE READY ---> RESETTING DEVICE
[3186:its-cluster-writer]: Cleaning up for shared memory id '614b662f'...
[3186:its-cluster-writer]: No region counter found. No regions to cleanup.
[3186:its-cluster-writer]: Successfully removed 'fmq_614b662f_m_0'.
[3186:its-cluster-writer]: Successfully removed 'fmq_614b662f_mng'.
[3186:its-cluster-writer]: Successfully removed 'fmq_614b662f_mtx'.
[3186:its-cluster-writer]: Successfully removed 'fmq_614b662f_cv'.
[3186:its-cluster-writer]: [18:41:48][STATE] RESETTING DEVICE ---> IDLE
[3186:its-cluster-writer]: [18:41:48][STATE] IDLE ---> EXITING
[3186:its-cluster-writer]: [18:41:48][STATE] Exiting FairMQ state machine
[INFO] Dumping used configuration in dpl-config.json
