===============================
execute this script as follows:
./generate_its.sh system region nevents
where:
system = 1 -> pp
       = 2 -> Pb-Pb
region = 1 -> ITS only
       = 2 -> whole detector
===============================
will generate Pb-Pb events
will transport events in the ITS only
Will generate: 20 events
Moving to /eos/user/f/ftorales/its_data/alignment/lbnl_alice_alignment_tasks/2284183/6
/eos/user/f/ftorales/its_data/alignment/lbnl_alice_alignment_tasks/2284183/6

==============================================================================================
1. MC generation run
[INFO] Running with 6 sim workers 
[INFO] CREATING SIM SHARED MEM SEGMENT FOR 6 WORKERS
Spawning particle server on PID 996; Redirect output to o2sim_serverlog
Spawning sim worker 0 on PID 998; Redirect output to o2sim_workerlog0
Spawning hit merger on PID 999; Redirect output to o2sim_mergerlog
[INFO] DISTRIBUTING EVENT : 1
[INFO] EVENT FINISHED : 1
[INFO] DISTRIBUTING EVENT : 2
[INFO] EVENT FINISHED : 2
[INFO] DISTRIBUTING EVENT : 3
[INFO] EVENT FINISHED : 3
[INFO] DISTRIBUTING EVENT : 4
[INFO] DISTRIBUTING EVENT : 5
[INFO] EVENT FINISHED : 4
[INFO] DISTRIBUTING EVENT : 6
[INFO] DISTRIBUTING EVENT : 7
[INFO] EVENT FINISHED : 5
[INFO] EVENT FINISHED : 6
[INFO] DISTRIBUTING EVENT : 8
[INFO] EVENT FINISHED : 7
[INFO] EVENT FINISHED : 8
[INFO] DISTRIBUTING EVENT : 9
[INFO] EVENT FINISHED : 9
[INFO] DISTRIBUTING EVENT : 10
[INFO] EVENT FINISHED : 10
[INFO] DISTRIBUTING EVENT : 11
[INFO] DISTRIBUTING EVENT : 12
[INFO] DISTRIBUTING EVENT : 13
[INFO] EVENT FINISHED : 12
[INFO] EVENT FINISHED : 13
[INFO] EVENT FINISHED : 11
[INFO] DISTRIBUTING EVENT : 14
[INFO] EVENT FINISHED : 14
[INFO] DISTRIBUTING EVENT : 15
[INFO] DISTRIBUTING EVENT : 16
[INFO] EVENT FINISHED : 15
[INFO] EVENT FINISHED : 16
[INFO] DISTRIBUTING EVENT : 17
[INFO] EVENT FINISHED : 17
[INFO] DISTRIBUTING EVENT : 18
[INFO] DISTRIBUTING EVENT : 19
[INFO] EVENT FINISHED : 18
[INFO] EVENT FINISHED : 19
[INFO] DISTRIBUTING EVENT : 20
[INFO] EVENT FINISHED : 20
[INFO] Merger process 999 returned
[INFO] Simulation process took 140.784 s
[INFO] SIMULATION RETURNED SUCCESFULLY

==============================================================================================
2. Hits to digits conversion
Run: 1621488894
Fill:      0
Period: 
LHC State: 
Start: Thu May 20 07:34:55 2021
End  : Thu May 20 07:34:55 2021
Beam0: Z:A =   0:  0, Energy = 0.000
Beam1: Z:A =   0:  0, Energy = 0.000
sqrt[s]    = 0.000
crossing angle (radian) = 0.000000e+00
magnet currents (A) L3 = -30000.000, Dipole = -6000
Detectors: Cont.RO Triggers
      ITS:    -       -    
[INFO] MC-TRUTH 1
[INFO] TPC: GEM setup - initialization from scratch
[INFO] TPC: GEM setup (polya) took 7.84
[INFO] TPC is in grp? no; is skipped? no
[INFO] ITS is in grp? yes; is skipped? no
[INFO] MFT is in grp? no; is skipped? no
[INFO] TOF is in grp? no; is skipped? no
[INFO] FT0 is in grp? no; is skipped? no
[INFO] FV0 is in grp? no; is skipped? no
[INFO] EMC is in grp? no; is skipped? no
[INFO] HMP is in grp? no; is skipped? no
[INFO] ZDC is in grp? no; is skipped? no
[INFO] TRD is in grp? no; is skipped? no
[INFO] MCH is in grp? no; is skipped? no
[INFO] MID is in grp? no; is skipped? no
[INFO] FDD is in grp? no; is skipped? no
[INFO] PHS is in grp? no; is skipped? no
[INFO] CPV is in grp? no; is skipped? no
[INFO] Initialising O2 Data Processing Layer
[INFO] O2 Data Processing Layer initialised. We brake for nobody.
[INFO] Optimised build. O2DEBUG / LOG(DEBUG) / LOGF(DEBUG) / assert statement will not be shown.
[INFO] Redeployment of configuration asked.
[INFO] Starting internal-dpl-clock on pid 2120
[INFO] Starting SimReader on pid 2121
[INFO] Starting ITSDigitizer on pid 2122
[INFO] Starting GRPUpdater on pid 2123
[INFO] Starting ITSDigitWriter on pid 2124
[INFO] Redeployment of configuration done.
[2124:ITSDigitWriter]: [INFO] MC-TRUTH 1
[2120:internal-dpl-clock]: [INFO] MC-TRUTH 1
[2121:SimReader]: [INFO] MC-TRUTH 1
[2122:ITSDigitizer]: [INFO] MC-TRUTH 1
[2123:GRPUpdater]: [INFO] MC-TRUTH 1
[2124:ITSDigitWriter]: [INFO] Spawing new device ITSDigitWriter in process with pid 2124
[2120:internal-dpl-clock]: [INFO] Spawing new device internal-dpl-clock in process with pid 2120
[2122:ITSDigitizer]: [INFO] Spawing new device ITSDigitizer in process with pid 2122
[2121:SimReader]: [INFO] Spawing new device SimReader in process with pid 2121
[2123:GRPUpdater]: [INFO] Spawing new device GRPUpdater in process with pid 2123
[2120:internal-dpl-clock]: [07:39:20][INFO] 
[2120:internal-dpl-clock]:       ______      _    _______  _________ 
[2120:internal-dpl-clock]:      / ____/___ _(_)_______   |/  /_  __ \    version 1.4.29
[2120:internal-dpl-clock]:     / /_  / __ `/ / ___/__  /|_/ /_  / / /    build RELWITHDEBINFO
[2120:internal-dpl-clock]:    / __/ / /_/ / / /    _  /  / / / /_/ /     https://github.com/FairRootGroup/FairMQ
[2120:internal-dpl-clock]:   /_/    \__,_/_/_/     /_/  /_/  \___\_\     LGPL-3.0  © 2012-2020 GSI
[2120:internal-dpl-clock]: 
[2121:SimReader]: [07:39:20][INFO] 
[2121:SimReader]:       ______      _    _______  _________ 
[2121:SimReader]:      / ____/___ _(_)_______   |/  /_  __ \    version 1.4.29
[2121:SimReader]:     / /_  / __ `/ / ___/__  /|_/ /_  / / /    build RELWITHDEBINFO
[2121:SimReader]:    / __/ / /_/ / / /    _  /  / / / /_/ /     https://github.com/FairRootGroup/FairMQ
[2121:SimReader]:   /_/    \__,_/_/_/     /_/  /_/  \___\_\     LGPL-3.0  © 2012-2020 GSI
[2121:SimReader]: 
[2122:ITSDigitizer]: [07:39:20][INFO] 
[2122:ITSDigitizer]:       ______      _    _______  _________ 
[2122:ITSDigitizer]:      / ____/___ _(_)_______   |/  /_  __ \    version 1.4.29
[2122:ITSDigitizer]:     / /_  / __ `/ / ___/__  /|_/ /_  / / /    build RELWITHDEBINFO
[2122:ITSDigitizer]:    / __/ / /_/ / / /    _  /  / / / /_/ /     https://github.com/FairRootGroup/FairMQ
[2122:ITSDigitizer]:   /_/    \__,_/_/_/     /_/  /_/  \___\_\     LGPL-3.0  © 2012-2020 GSI
[2122:ITSDigitizer]: 
[2120:internal-dpl-clock]: [07:39:20][STATE] Starting FairMQ state machine --> IDLE
[2121:SimReader]: [07:39:20][STATE] Starting FairMQ state machine --> IDLE
[2122:ITSDigitizer]: [07:39:20][STATE] Starting FairMQ state machine --> IDLE
[2123:GRPUpdater]: [07:39:20][INFO] 
[2123:GRPUpdater]:       ______      _    _______  _________ 
[2123:GRPUpdater]:      / ____/___ _(_)_______   |/  /_  __ \    version 1.4.29
[2123:GRPUpdater]:     / /_  / __ `/ / ___/__  /|_/ /_  / / /    build RELWITHDEBINFO
[2123:GRPUpdater]:    / __/ / /_/ / / /    _  /  / / / /_/ /     https://github.com/FairRootGroup/FairMQ
[2123:GRPUpdater]:   /_/    \__,_/_/_/     /_/  /_/  \___\_\     LGPL-3.0  © 2012-2020 GSI
[2123:GRPUpdater]: 
[2123:GRPUpdater]: [07:39:20][STATE] Starting FairMQ state machine --> IDLE
[2124:ITSDigitWriter]: [07:39:20][INFO] 
[2124:ITSDigitWriter]:       ______      _    _______  _________ 
[2124:ITSDigitWriter]:      / ____/___ _(_)_______   |/  /_  __ \    version 1.4.29
[2124:ITSDigitWriter]:     / /_  / __ `/ / ___/__  /|_/ /_  / / /    build RELWITHDEBINFO
[2124:ITSDigitWriter]:    / __/ / /_/ / / /    _  /  / / / /_/ /     https://github.com/FairRootGroup/FairMQ
[2124:ITSDigitWriter]:   /_/    \__,_/_/_/     /_/  /_/  \___\_\     LGPL-3.0  © 2012-2020 GSI
[2124:ITSDigitWriter]: 
[2124:ITSDigitWriter]: [07:39:20][STATE] Starting FairMQ state machine --> IDLE
[2120:internal-dpl-clock]: 2021-05-20 07:39:20	Monitoring	[0;49mStdOut backend initialized[0m
[2122:ITSDigitizer]: 2021-05-20 07:39:20	Monitoring	[0;49mStdOut backend initialized[0m
[2121:SimReader]: 2021-05-20 07:39:20	Monitoring	[0;49mStdOut backend initialized[0m
[2121:SimReader]: [07:39:20][STATE] IDLE ---> INITIALIZING DEVICE
[2122:ITSDigitizer]: [07:39:20][STATE] IDLE ---> INITIALIZING DEVICE
[2123:GRPUpdater]: 2021-05-20 07:39:20	Monitoring	[0;49mStdOut backend initialized[0m
[2123:GRPUpdater]: [07:39:20][STATE] IDLE ---> INITIALIZING DEVICE
[2120:internal-dpl-clock]: [07:39:20][STATE] IDLE ---> INITIALIZING DEVICE
[2120:internal-dpl-clock]: 2021-05-20 07:39:20	Monitoring	[0;49mBuffering enabled (100)[0m
[2120:internal-dpl-clock]: [07:39:20][STATE] INITIALIZING DEVICE ---> INITIALIZED
[2120:internal-dpl-clock]: [07:39:20][STATE] INITIALIZED ---> BINDING
[2120:internal-dpl-clock]: [07:39:20][STATE] BINDING ---> BOUND
[2120:internal-dpl-clock]: [07:39:20][STATE] BOUND ---> CONNECTING
[2120:internal-dpl-clock]: [07:39:20][STATE] CONNECTING ---> DEVICE READY
[2120:internal-dpl-clock]: [07:39:20][STATE] DEVICE READY ---> INITIALIZING TASK
[2120:internal-dpl-clock]: [07:39:20][STATE] INITIALIZING TASK ---> READY
[2120:internal-dpl-clock]: [07:39:20][STATE] READY ---> RUNNING
[2120:internal-dpl-clock]: [07:39:20][INFO] DEVICE: Running...
[2121:SimReader]: 2021-05-20 07:39:20	Monitoring	[0;49mBuffering enabled (100)[0m
[2121:SimReader]: [07:39:20][INFO] adding o2sim
[2121:SimReader]: 
[2121:SimReader]: [07:39:20][INFO] INCONTEXTSTRING 
[2121:SimReader]: [07:39:20][INFO] Imposing hadronic interaction rate 50000Hz
[2121:SimReader]: [07:39:20][WARN] No bunch filling provided, impose default one
[2121:SimReader]: [07:39:20][INFO] Deducing mu=0.00771915 per BC from IR=50000 with 576 BCs
[2121:SimReader]: [07:39:20][INFO] InteractionSampler with 576 colliding BCs, mu(BC)= 0.00771915 -> total IR= 50000
[2121:SimReader]: [07:39:20][INFO] Current BCid:    0 Orbit:      1 |T in BC(ns): 0.000(0 coll left)
[2121:SimReader]: [07:39:20][INFO] setting up 1 chains
[2122:ITSDigitizer]: 2021-05-20 07:39:20	Monitoring	[0;49mBuffering enabled (100)[0m
[2122:ITSDigitizer]: [07:39:20][INFO] Initializing geometry service
[2122:ITSDigitizer]: [07:39:20][INFO] Loading geometry FAIRGeom from o2sim_geometry.root
[2123:GRPUpdater]: 2021-05-20 07:39:20	Monitoring	[0;49mBuffering enabled (100)[0m
[2123:GRPUpdater]: [07:39:20][STATE] INITIALIZING DEVICE ---> INITIALIZED
[2123:GRPUpdater]: [07:39:20][STATE] INITIALIZED ---> BINDING
[2123:GRPUpdater]: [07:39:20][STATE] BINDING ---> BOUND
[2123:GRPUpdater]: [07:39:20][STATE] BOUND ---> CONNECTING
[2123:GRPUpdater]: [07:39:20][STATE] CONNECTING ---> DEVICE READY
[2123:GRPUpdater]: [07:39:20][STATE] DEVICE READY ---> INITIALIZING TASK
[2123:GRPUpdater]: [07:39:20][STATE] INITIALIZING TASK ---> READY
[2123:GRPUpdater]: [07:39:20][STATE] READY ---> RUNNING
[2123:GRPUpdater]: [07:39:20][INFO] DEVICE: Running...
[2124:ITSDigitWriter]: 2021-05-20 07:39:20	Monitoring	[0;49mStdOut backend initialized[0m
[2124:ITSDigitWriter]: [07:39:20][STATE] IDLE ---> INITIALIZING DEVICE
[2124:ITSDigitWriter]: 2021-05-20 07:39:20	Monitoring	[0;49mBuffering enabled (100)[0m
[2124:ITSDigitWriter]: [07:39:20][INFO] 0: branch  ITSDigitMCTruth set up
[2124:ITSDigitWriter]: [07:39:20][INFO] 1: branch  ITSDigitMC2ROF set up
[2124:ITSDigitWriter]: [07:39:20][INFO] 2: branch  ITSDigit set up
[2124:ITSDigitWriter]: [07:39:20][INFO] 3: branch  ITSDigitROF set up
[2124:ITSDigitWriter]: [07:39:20][STATE] INITIALIZING DEVICE ---> INITIALIZED
[2124:ITSDigitWriter]: [07:39:20][STATE] INITIALIZED ---> BINDING
[2124:ITSDigitWriter]: [07:39:20][STATE] BINDING ---> BOUND
[2124:ITSDigitWriter]: [07:39:20][STATE] BOUND ---> CONNECTING
[2124:ITSDigitWriter]: [07:39:20][STATE] CONNECTING ---> DEVICE READY
[2124:ITSDigitWriter]: [07:39:20][STATE] DEVICE READY ---> INITIALIZING TASK
[2124:ITSDigitWriter]: [07:39:20][STATE] INITIALIZING TASK ---> READY
[2124:ITSDigitWriter]: [07:39:20][STATE] READY ---> RUNNING
[2124:ITSDigitWriter]: [07:39:20][INFO] DEVICE: Running...
[2122:ITSDigitizer]: Info in <TGeoManager::CloseGeometry>: Geometry loaded from file...
[2122:ITSDigitizer]: Info in <TGeoManager::SetTopVolume>: Top volume is cave. Master volume is cave
[2122:ITSDigitizer]: Info in <TGeoNavigator::BuildCache>: --- Maximum geometry depth set to 100
[2122:ITSDigitizer]: Info in <TGeoManager::CloseGeometry>: Voxelization retrieved from file
[2122:ITSDigitizer]: Info in <TGeoManager::CountLevels>: max level = 9, max placements = 126
[2122:ITSDigitizer]: Info in <TGeoManager::CloseGeometry>: 179840 nodes/ 399 volume UID's in FAIR geometry
[2122:ITSDigitizer]: Info in <TGeoManager::CloseGeometry>: ----------------modeler ready----------------
[2122:ITSDigitizer]: [07:39:21][INFO] Initializing field service
[2121:SimReader]: [07:39:21][INFO] Automatic deduction of number of collisions ... will just take number of background entries 20
[2121:SimReader]: Summary of DigitizationContext --
[2121:SimReader]: Parts per collision 1
[2121:SimReader]: Collision parts taken from simulations specified by prefix:
[2121:SimReader]: Number of Collisions 20
[2121:SimReader]: Collision 0 TIME BCid:  386 Orbit:      1 |T in BC(ns): -0.032 (0 , 0)
[2121:SimReader]: Collision 1 TIME BCid: 1186 Orbit:      1 |T in BC(ns): -0.305 (0 , 1)
[2121:SimReader]: Collision 2 TIME BCid: 1360 Orbit:      1 |T in BC(ns): -0.223 (0 , 2)
[2121:SimReader]: Collision 3 TIME BCid: 1382 Orbit:      1 |T in BC(ns): 0.180 (0 , 3)
[2121:SimReader]: Collision 4 TIME BCid: 1764 Orbit:      1 |T in BC(ns): 0.020 (0 , 4)
[2121:SimReader]: Collision 5 TIME BCid: 1976 Orbit:      1 |T in BC(ns): 0.101 (0 , 5)
[2121:SimReader]: Collision 6 TIME BCid:  578 Orbit:      2 |T in BC(ns): 0.090 (0 , 6)
[2121:SimReader]: Collision 7 TIME BCid:  600 Orbit:      2 |T in BC(ns): -0.315 (0 , 7)
[2121:SimReader]: Collision 8 TIME BCid: 1418 Orbit:      3 |T in BC(ns): -0.275 (0 , 8)
[2121:SimReader]: Collision 9 TIME BCid: 1420 Orbit:      3 |T in BC(ns): 0.297 (0 , 9)
[2121:SimReader]: Collision 10 TIME BCid: 1570 Orbit:      3 |T in BC(ns): 0.210 (0 , 10)
[2121:SimReader]: Collision 11 TIME BCid: 1822 Orbit:      3 |T in BC(ns): 0.217 (0 , 11)
[2121:SimReader]: Collision 12 TIME BCid: 2158 Orbit:      3 |T in BC(ns): 0.054 (0 , 12)
[2121:SimReader]: Collision 13 TIME BCid:  254 Orbit:      4 |T in BC(ns): -0.003 (0 , 13)
[2121:SimReader]: Collision 14 TIME BCid:  826 Orbit:      4 |T in BC(ns): 0.110 (0 , 14)
[2121:SimReader]: Collision 15 TIME BCid:  988 Orbit:      4 |T in BC(ns): 0.099 (0 , 15)
[2121:SimReader]: Collision 16 TIME BCid: 1160 Orbit:      4 |T in BC(ns): 0.069 (0 , 16)
[2121:SimReader]: Collision 17 TIME BCid:  280 Orbit:      5 |T in BC(ns): -0.275 (0 , 17)
[2121:SimReader]: Collision 18 TIME BCid:  598 Orbit:      5 |T in BC(ns): -0.225 (0 , 18)
[2121:SimReader]: Collision 19 TIME BCid:  668 Orbit:      5 |T in BC(ns): 0.152 (0 , 19)
[2121:SimReader]: [07:39:21][INFO] Initializing Spec ... have 20 times 
[2121:SimReader]: [07:39:21][INFO] Serializing Context for later reuse
[2122:ITSDigitizer]: [07:39:21][INFO] MagneticField::Print: MagneticFieldMap:
[2122:ITSDigitizer]: [07:39:21][INFO] MagneticField::Print: Solenoid (-1*)5 kG, Dipole ON (-1) 
[2122:ITSDigitizer]: [07:39:21][INFO] MagneticField::Print: Machine B fields for p-p  beam (7000 GeV): QGrad: 22.0002 Dipole: 37.8781
[2122:ITSDigitizer]: [07:39:21][INFO] MagneticField::Print: Uses Sol30_Dip6_Hole  of /cvmfs/alice.cern.ch/el7-x86_64/Packages/O2/nightly-20210129-1/share/Common/maps/mfchebKGI_sym.root
[2122:ITSDigitizer]: Info in <TGeoGlobalMagField::SetField>: Global magnetic field set to <MagneticFieldMap>
[2122:ITSDigitizer]: Info in <TGeoGlobalMagField::Lock>: Global magnetic field <MagneticFieldMap> is now locked
[2122:ITSDigitizer]: [07:39:21][INFO] Set Alpide charge threshold to 150, single hit will be accounted from 15 electrons
[2122:ITSDigitizer]: [07:39:21][INFO] ITS simulated in CONTINUOUS RO mode
[2122:ITSDigitizer]: [07:39:21][INFO] Loading ITS L2G matrices from TGeo
[2121:SimReader]: [07:39:21][STATE] INITIALIZING DEVICE ---> INITIALIZED
[2121:SimReader]: [07:39:21][STATE] INITIALIZED ---> BINDING
[2121:SimReader]: [07:39:21][STATE] BINDING ---> BOUND
[2121:SimReader]: [07:39:21][STATE] BOUND ---> CONNECTING
[2121:SimReader]: [07:39:21][STATE] CONNECTING ---> DEVICE READY
[2121:SimReader]: [07:39:21][STATE] DEVICE READY ---> INITIALIZING TASK
[2121:SimReader]: [07:39:21][STATE] INITIALIZING TASK ---> READY
[2121:SimReader]: [07:39:21][STATE] READY ---> RUNNING
[2121:SimReader]: [07:39:21][INFO] DEVICE: Running...
[2121:SimReader]: [07:39:21][INFO] SENDING SOMETHING TO OTHERS
[2122:ITSDigitizer]: Alpide response object of 40500 matrices to map chagre in xyz to 5x5 pixels
[2122:ITSDigitizer]: X(col) range: +0.000000e+00 : +1.462000e-03 | step: 5.000000e-05 | Nbins: 30
[2122:ITSDigitizer]: Y(row) range: +0.000000e+00 : +1.344000e-03 | step: 5.000000e-05 | Nbins: 27
[2122:ITSDigitizer]: Z(dpt) range: -2.000000e-03 : +2.500000e-03 | step: 8.999999e-05 | Nbins: 50
[2122:ITSDigitizer]: Alpide digitization params:
[2122:ITSDigitizer]: Continuous readout             : ON
[2122:ITSDigitizer]: Readout Frame Length(ns)       : 9880.510742
[2122:ITSDigitizer]: Strobe delay (ns)              : 99.803139
[2122:ITSDigitizer]: Strobe length (ns)             : 9780.708008
[2122:ITSDigitizer]: Threshold (N electrons)        : 150
[2122:ITSDigitizer]: Min N electrons to accoint     : 15
[2122:ITSDigitizer]: Number of charge sharing steps : 7
[2122:ITSDigitizer]: ELoss to N electrons factor    : 2.777778e+08
[2122:ITSDigitizer]: Noise level per pixel          : 1.000000e-07
[2122:ITSDigitizer]: Charge time-response:
[2122:ITSDigitizer]: o2::itsmft::AlpideSignalTrapezoid | Duration: 7500.0 MaxRiseTime: 1100.0 (RiseTime=0 at q=450.0) (ns)
[2122:ITSDigitizer]: [07:39:23][STATE] INITIALIZING DEVICE ---> INITIALIZED
[2122:ITSDigitizer]: [07:39:23][STATE] INITIALIZED ---> BINDING
[2122:ITSDigitizer]: [07:39:23][STATE] BINDING ---> BOUND
[2122:ITSDigitizer]: [07:39:23][STATE] BOUND ---> CONNECTING
[2122:ITSDigitizer]: [07:39:23][STATE] CONNECTING ---> DEVICE READY
[2122:ITSDigitizer]: [07:39:23][STATE] DEVICE READY ---> INITIALIZING TASK
[2122:ITSDigitizer]: [07:39:23][STATE] INITIALIZING TASK ---> READY
[2122:ITSDigitizer]: [07:39:23][STATE] READY ---> RUNNING
[2122:ITSDigitizer]: [07:39:23][INFO] DEVICE: Running...
[2122:ITSDigitizer]: [07:39:23][INFO] GOT 20 COLLISSION TIMES
[2122:ITSDigitizer]: [07:39:23][INFO] SIMCHAINS 1
[2122:ITSDigitizer]: [07:39:23][INFO]  CALLING ITS DIGITIZATION 
[2122:ITSDigitizer]: [07:39:23][INFO] Digitizing ITS hits of entry 0 from source 0 at time BCid:  386 Orbit:      1 |T in BC(ns): -0.032 ROFrame= 9) cont.mode: 1 Min/Max ROFrames 0/8
[2122:ITSDigitizer]: [07:39:23][INFO] Filling ITS digits output for RO frames 0:8
[2122:ITSDigitizer]: ROF: 0 | 1283 entries starting from 0
[2122:ITSDigitizer]: BCid:    0 Orbit:      0
[2122:ITSDigitizer]: ROF: 1 | 1267 entries starting from 1283
[2122:ITSDigitizer]: BCid:  396 Orbit:      0
[2122:ITSDigitizer]: ROF: 2 | 1323 entries starting from 2550
[2122:ITSDigitizer]: BCid:  792 Orbit:      0
[2122:ITSDigitizer]: ROF: 3 | 1229 entries starting from 3873
[2122:ITSDigitizer]: BCid: 1188 Orbit:      0
[2122:ITSDigitizer]: ROF: 4 | 1245 entries starting from 5102
[2122:ITSDigitizer]: BCid: 1584 Orbit:      0
[2122:ITSDigitizer]: ROF: 5 | 1248 entries starting from 6347
[2122:ITSDigitizer]: BCid: 1980 Orbit:      0
[2122:ITSDigitizer]: ROF: 6 | 1259 entries starting from 7595
[2122:ITSDigitizer]: BCid: 2376 Orbit:      0
[2122:ITSDigitizer]: ROF: 7 | 1258 entries starting from 8854
[2122:ITSDigitizer]: BCid: 2772 Orbit:      0
[2122:ITSDigitizer]: ROF: 8 | 1247 entries starting from 10112
[2122:ITSDigitizer]: BCid: 3168 Orbit:      0
[2122:ITSDigitizer]: [07:39:24][INFO] Added 11359 digits 
[2122:ITSDigitizer]: [07:39:24][INFO] Digitizing ITS hits of entry 2 from source 0 at time BCid: 1360 Orbit:      1 |T in BC(ns): -0.223 ROFrame= 12) cont.mode: 1 Min/Max ROFrames 9/11
[2122:ITSDigitizer]: [07:39:24][INFO] Filling ITS digits output for RO frames 9:11
[2122:ITSDigitizer]: ROF: 9 | 207687 entries starting from 11359
[2122:ITSDigitizer]: BCid:    0 Orbit:      1
[2122:ITSDigitizer]: MCEventID: 0 ROFs: 9-11 Entry in ROFRecords: 9
[2122:ITSDigitizer]: ROF: 10 | 256690 entries starting from 219046
[2122:ITSDigitizer]: BCid:  396 Orbit:      1
[2122:ITSDigitizer]: ROF: 11 | 1813 entries starting from 475736
[2122:ITSDigitizer]: BCid:  792 Orbit:      1
[2122:ITSDigitizer]: [07:39:25][INFO] Added 466190 digits 
[2122:ITSDigitizer]: [07:39:25][INFO] Digitizing ITS hits of entry 3 from source 0 at time BCid: 1382 Orbit:      1 |T in BC(ns): 0.180 ROFrame= 12) cont.mode: 1 Min/Max ROFrames 12/14
[2122:ITSDigitizer]: [07:39:25][INFO] Digitizing ITS hits of entry 4 from source 0 at time BCid: 1764 Orbit:      1 |T in BC(ns): 0.020 ROFrame= 13) cont.mode: 1 Min/Max ROFrames 12/14
[2122:ITSDigitizer]: [07:39:25][INFO] Filling ITS digits output for RO frames 12:12
[2122:ITSDigitizer]: ROF: 12 | 462856 entries starting from 477549
[2122:ITSDigitizer]: BCid: 1188 Orbit:      1
[2122:ITSDigitizer]: MCEventID: 2 ROFs: 12-14 Entry in ROFRecords: 12
[2122:ITSDigitizer]: MCEventID: 3 ROFs: 12-14 Entry in ROFRecords: 12
[2122:ITSDigitizer]: [07:39:26][INFO] Added 462856 digits 
[2122:ITSDigitizer]: [07:39:26][INFO] Digitizing ITS hits of entry 5 from source 0 at time BCid: 1976 Orbit:      1 |T in BC(ns): 0.101 ROFrame= 13) cont.mode: 1 Min/Max ROFrames 13/14
[2122:ITSDigitizer]: [07:39:26][INFO] Digitizing ITS hits of entry 6 from source 0 at time BCid:  578 Orbit:      2 |T in BC(ns): 0.090 ROFrame= 19) cont.mode: 1 Min/Max ROFrames 13/18
[2122:ITSDigitizer]: [07:39:26][INFO] Filling ITS digits output for RO frames 13:18
[2122:ITSDigitizer]: ROF: 13 | 478920 entries starting from 940405
[2122:ITSDigitizer]: BCid: 1584 Orbit:      1
[2122:ITSDigitizer]: MCEventID: 4 ROFs: 13-14 Entry in ROFRecords: 13
[2122:ITSDigitizer]: MCEventID: 5 ROFs: 13-14 Entry in ROFRecords: 13
[2122:ITSDigitizer]: ROF: 14 | 17655 entries starting from 1419325
[2122:ITSDigitizer]: BCid: 1980 Orbit:      1
[2122:ITSDigitizer]: ROF: 15 | 1309 entries starting from 1436980
[2122:ITSDigitizer]: BCid: 2376 Orbit:      1
[2122:ITSDigitizer]: ROF: 16 | 1249 entries starting from 1438289
[2122:ITSDigitizer]: BCid: 2772 Orbit:      1
[2122:ITSDigitizer]: ROF: 17 | 1265 entries starting from 1439538
[2122:ITSDigitizer]: BCid: 3168 Orbit:      1
[2122:ITSDigitizer]: ROF: 18 | 1205 entries starting from 1440803
[2122:ITSDigitizer]: BCid:    0 Orbit:      2
[2122:ITSDigitizer]: [07:39:26][INFO] Added 501603 digits 
[2122:ITSDigitizer]: [07:39:26][INFO] Digitizing ITS hits of entry 7 from source 0 at time BCid:  600 Orbit:      2 |T in BC(ns): -0.315 ROFrame= 19) cont.mode: 1 Min/Max ROFrames 19/20
[2122:ITSDigitizer]: [07:39:26][INFO] Digitizing ITS hits of entry 8 from source 0 at time BCid: 1418 Orbit:      3 |T in BC(ns): -0.275 ROFrame= 30) cont.mode: 1 Min/Max ROFrames 19/29
[2122:ITSDigitizer]: [07:39:26][INFO] Filling ITS digits output for RO frames 19:29
[2122:ITSDigitizer]: ROF: 19 | 6292 entries starting from 1442008
[2122:ITSDigitizer]: BCid:  396 Orbit:      2
[2122:ITSDigitizer]: MCEventID: 6 ROFs: 19-20 Entry in ROFRecords: 19
[2122:ITSDigitizer]: MCEventID: 7 ROFs: 19-20 Entry in ROFRecords: 19
[2122:ITSDigitizer]: ROF: 20 | 6324 entries starting from 1448300
[2122:ITSDigitizer]: BCid:  792 Orbit:      2
[2122:ITSDigitizer]: ROF: 21 | 1265 entries starting from 1454624
[2122:ITSDigitizer]: BCid: 1188 Orbit:      2
[2122:ITSDigitizer]: ROF: 22 | 1280 entries starting from 1455889
[2122:ITSDigitizer]: BCid: 1584 Orbit:      2
[2122:ITSDigitizer]: ROF: 23 | 1225 entries starting from 1457169
[2122:ITSDigitizer]: BCid: 1980 Orbit:      2
[2122:ITSDigitizer]: ROF: 24 | 1284 entries starting from 1458394
[2122:ITSDigitizer]: BCid: 2376 Orbit:      2
[2122:ITSDigitizer]: ROF: 25 | 1251 entries starting from 1459678
[2122:ITSDigitizer]: BCid: 2772 Orbit:      2
[2122:ITSDigitizer]: ROF: 26 | 1295 entries starting from 1460929
[2122:ITSDigitizer]: BCid: 3168 Orbit:      2
[2122:ITSDigitizer]: ROF: 27 | 1290 entries starting from 1462224
[2122:ITSDigitizer]: BCid:    0 Orbit:      3
[2122:ITSDigitizer]: ROF: 28 | 1320 entries starting from 1463514
[2122:ITSDigitizer]: BCid:  396 Orbit:      3
[2122:ITSDigitizer]: ROF: 29 | 1247 entries starting from 1464834
[2122:ITSDigitizer]: BCid:  792 Orbit:      3
[2122:ITSDigitizer]: [07:39:26][INFO] Added 24073 digits 
[2122:ITSDigitizer]: [07:39:26][INFO] Digitizing ITS hits of entry 9 from source 0 at time BCid: 1420 Orbit:      3 |T in BC(ns): 0.297 ROFrame= 30) cont.mode: 1 Min/Max ROFrames 30/31
[2122:ITSDigitizer]: [07:39:27][INFO] Digitizing ITS hits of entry 10 from source 0 at time BCid: 1570 Orbit:      3 |T in BC(ns): 0.210 ROFrame= 30) cont.mode: 1 Min/Max ROFrames 30/31
[2122:ITSDigitizer]: [07:39:27][INFO] Digitizing ITS hits of entry 11 from source 0 at time BCid: 1822 Orbit:      3 |T in BC(ns): 0.217 ROFrame= 31) cont.mode: 1 Min/Max ROFrames 30/32
[2122:ITSDigitizer]: [07:39:27][INFO] Filling ITS digits output for RO frames 30:30
[2122:ITSDigitizer]: ROF: 30 | 225629 entries starting from 1466081
[2122:ITSDigitizer]: BCid: 1188 Orbit:      3
[2122:ITSDigitizer]: MCEventID: 8 ROFs: 30-31 Entry in ROFRecords: 30
[2122:ITSDigitizer]: MCEventID: 9 ROFs: 30-31 Entry in ROFRecords: 30
[2122:ITSDigitizer]: MCEventID: 10 ROFs: 30-32 Entry in ROFRecords: 30
[2122:ITSDigitizer]: [07:39:27][INFO] Added 225629 digits 
[2122:ITSDigitizer]: [07:39:27][INFO] Digitizing ITS hits of entry 12 from source 0 at time BCid: 2158 Orbit:      3 |T in BC(ns): 0.054 ROFrame= 32) cont.mode: 1 Min/Max ROFrames 31/32
[2122:ITSDigitizer]: [07:39:27][INFO] Filling ITS digits output for RO frames 31:31
[2122:ITSDigitizer]: ROF: 31 | 233262 entries starting from 1691710
[2122:ITSDigitizer]: BCid: 1584 Orbit:      3
[2122:ITSDigitizer]: MCEventID: 11 ROFs: 31-32 Entry in ROFRecords: 31
[2122:ITSDigitizer]: [07:39:27][INFO] Added 233262 digits 
[2122:ITSDigitizer]: [07:39:27][INFO] Digitizing ITS hits of entry 13 from source 0 at time BCid:  254 Orbit:      4 |T in BC(ns): -0.003 ROFrame= 36) cont.mode: 1 Min/Max ROFrames 32/35
[2122:ITSDigitizer]: [07:39:27][INFO] Filling ITS digits output for RO frames 32:35
[2122:ITSDigitizer]: ROF: 32 | 221839 entries starting from 1924972
[2122:ITSDigitizer]: BCid: 1980 Orbit:      3
[2122:ITSDigitizer]: MCEventID: 12 ROFs: 32-34 Entry in ROFRecords: 32
[2122:ITSDigitizer]: ROF: 33 | 214991 entries starting from 2146811
[2122:ITSDigitizer]: BCid: 2376 Orbit:      3
[2122:ITSDigitizer]: ROF: 34 | 1376 entries starting from 2361802
[2122:ITSDigitizer]: BCid: 2772 Orbit:      3
[2122:ITSDigitizer]: ROF: 35 | 1284 entries starting from 2363178
[2122:ITSDigitizer]: BCid: 3168 Orbit:      3
[2122:ITSDigitizer]: [07:39:28][INFO] Added 439490 digits 
[2122:ITSDigitizer]: [07:39:28][INFO] Digitizing ITS hits of entry 14 from source 0 at time BCid:  826 Orbit:      4 |T in BC(ns): 0.110 ROFrame= 38) cont.mode: 1 Min/Max ROFrames 36/38
[2122:ITSDigitizer]: [07:39:28][INFO] Filling ITS digits output for RO frames 36:37
[2122:ITSDigitizer]: ROF: 36 | 163526 entries starting from 2364462
[2122:ITSDigitizer]: BCid:    0 Orbit:      4
[2122:ITSDigitizer]: MCEventID: 13 ROFs: 36-38 Entry in ROFRecords: 36
[2122:ITSDigitizer]: ROF: 37 | 163628 entries starting from 2527988
[2122:ITSDigitizer]: BCid:  396 Orbit:      4
[2122:ITSDigitizer]: [07:39:28][INFO] Added 327154 digits 
[2122:ITSDigitizer]: [07:39:28][INFO] Digitizing ITS hits of entry 15 from source 0 at time BCid:  988 Orbit:      4 |T in BC(ns): 0.099 ROFrame= 38) cont.mode: 1 Min/Max ROFrames 38/39
[2122:ITSDigitizer]: [07:39:28][INFO] Digitizing ITS hits of entry 16 from source 0 at time BCid: 1160 Orbit:      4 |T in BC(ns): 0.069 ROFrame= 38) cont.mode: 1 Min/Max ROFrames 38/40
[2122:ITSDigitizer]: [07:39:29][INFO] Digitizing ITS hits of entry 17 from source 0 at time BCid:  280 Orbit:      5 |T in BC(ns): -0.275 ROFrame= 45) cont.mode: 1 Min/Max ROFrames 38/44
[2122:ITSDigitizer]: [07:39:29][INFO] Filling ITS digits output for RO frames 38:44
[2122:ITSDigitizer]: ROF: 38 | 235178 entries starting from 2691616
[2122:ITSDigitizer]: BCid:  792 Orbit:      4
[2122:ITSDigitizer]: MCEventID: 14 ROFs: 38-39 Entry in ROFRecords: 38
[2122:ITSDigitizer]: MCEventID: 15 ROFs: 38-40 Entry in ROFRecords: 38
[2122:ITSDigitizer]: MCEventID: 16 ROFs: 38-40 Entry in ROFRecords: 38
[2122:ITSDigitizer]: ROF: 39 | 237551 entries starting from 2926794
[2122:ITSDigitizer]: BCid: 1188 Orbit:      4
[2122:ITSDigitizer]: ROF: 40 | 1913 entries starting from 3164345
[2122:ITSDigitizer]: BCid: 1584 Orbit:      4
[2122:ITSDigitizer]: ROF: 41 | 1253 entries starting from 3166258
[2122:ITSDigitizer]: BCid: 1980 Orbit:      4
[2122:ITSDigitizer]: ROF: 42 | 1243 entries starting from 3167511
[2122:ITSDigitizer]: BCid: 2376 Orbit:      4
[2122:ITSDigitizer]: ROF: 43 | 1229 entries starting from 3168754
[2122:ITSDigitizer]: BCid: 2772 Orbit:      4
[2122:ITSDigitizer]: ROF: 44 | 1320 entries starting from 3169983
[2122:ITSDigitizer]: BCid: 3168 Orbit:      4
[2122:ITSDigitizer]: [07:39:29][INFO] Added 479687 digits 
[2122:ITSDigitizer]: [07:39:29][INFO] Digitizing ITS hits of entry 18 from source 0 at time BCid:  598 Orbit:      5 |T in BC(ns): -0.225 ROFrame= 46) cont.mode: 1 Min/Max ROFrames 45/46
[2122:ITSDigitizer]: [07:39:29][INFO] Filling ITS digits output for RO frames 45:45
[2122:ITSDigitizer]: ROF: 45 | 5841 entries starting from 3171303
[2122:ITSDigitizer]: BCid:    0 Orbit:      5
[2122:ITSDigitizer]: MCEventID: 17 ROFs: 45-46 Entry in ROFRecords: 45
[2122:ITSDigitizer]: [07:39:29][INFO] Added 5841 digits 
[2122:ITSDigitizer]: [07:39:29][INFO] Digitizing ITS hits of entry 19 from source 0 at time BCid:  668 Orbit:      5 |T in BC(ns): 0.152 ROFrame= 46) cont.mode: 1 Min/Max ROFrames 46/48
[2122:ITSDigitizer]: [07:39:29][INFO] Filling ITS digits output for RO frames 46:48
[2122:ITSDigitizer]: ROF: 46 | 85409 entries starting from 3177144
[2122:ITSDigitizer]: BCid:  396 Orbit:      5
[2122:ITSDigitizer]: MCEventID: 18 ROFs: 46-48 Entry in ROFRecords: 46
[2122:ITSDigitizer]: MCEventID: 19 ROFs: 46-48 Entry in ROFRecords: 46
[2122:ITSDigitizer]: ROF: 47 | 80758 entries starting from 3262553
[2122:ITSDigitizer]: BCid:  792 Orbit:      5
[2122:ITSDigitizer]: ROF: 48 | 1354 entries starting from 3343311
[2122:ITSDigitizer]: BCid: 1188 Orbit:      5
[2122:ITSDigitizer]: [07:39:29][INFO] Added 167521 digits 
[2122:ITSDigitizer]: [07:39:29][INFO] ITS: Sending ROMode= 3 to GRPUpdater
[2122:ITSDigitizer]: [07:39:29][INFO] Digitization took 6.14s
[2123:GRPUpdater]: [07:39:29][INFO] Updated GRP in o2sim_grp.root for detectors RO mode
[2124:ITSDigitWriter]: [07:39:29][INFO] WRITING 3363930 LABELS 
[2123:GRPUpdater]: Run: 1621488894
[2123:GRPUpdater]: Fill:      0
[2123:GRPUpdater]: Period: 
[2123:GRPUpdater]: LHC State: 
[2123:GRPUpdater]: Start: Thu May 20 07:34:55 2021
[2123:GRPUpdater]: End  : Thu May 20 07:34:55 2021
[2123:GRPUpdater]: Beam0: Z:A =   0:  0, Energy = 0.000
[2123:GRPUpdater]: Beam1: Z:A =   0:  0, Energy = 0.000
[2123:GRPUpdater]: sqrt[s]    = 0.000
[2123:GRPUpdater]: crossing angle (radian) = 0.000000e+00
[2123:GRPUpdater]: magnet currents (A) L3 = -30000.000, Dipole = -6000
[2123:GRPUpdater]: Detectors: Cont.RO Triggers
[2123:GRPUpdater]:       ITS:    +       -    
[2124:ITSDigitWriter]: [07:39:30][INFO] RECEIVED DIGITS SIZE 3344665
[INFO] Quitting
[INFO] QUIT_REQUESTED
[2120:internal-dpl-clock]: [07:39:30][INFO] Received device shutdown request (signal 15).
[2120:internal-dpl-clock]: [07:39:30][INFO] Waiting for graceful device shutdown. Hit Ctrl-C again to abort immediately.
[2121:SimReader]: [07:39:30][INFO] Received device shutdown request (signal 15).
[2121:SimReader]: [07:39:30][INFO] Waiting for graceful device shutdown. Hit Ctrl-C again to abort immediately.
[2121:SimReader]: [07:39:31][STATE] RUNNING ---> READY
[2121:SimReader]: [07:39:31][STATE] READY ---> RESETTING TASK
[2121:SimReader]: [07:39:31][STATE] RESETTING TASK ---> DEVICE READY
[2121:SimReader]: [07:39:31][STATE] DEVICE READY ---> RESETTING DEVICE
[2121:SimReader]: [07:39:31][STATE] RESETTING DEVICE ---> IDLE
[2121:SimReader]: [07:39:31][STATE] IDLE ---> EXITING
[2121:SimReader]: [07:39:31][STATE] Exiting FairMQ state machine
[2122:ITSDigitizer]: [07:39:31][INFO] Received device shutdown request (signal 15).
[2122:ITSDigitizer]: [07:39:31][INFO] Waiting for graceful device shutdown. Hit Ctrl-C again to abort immediately.
[2123:GRPUpdater]: [07:39:31][INFO] Received device shutdown request (signal 15).
[2123:GRPUpdater]: [07:39:31][INFO] Waiting for graceful device shutdown. Hit Ctrl-C again to abort immediately.
[2124:ITSDigitWriter]: [07:39:31][INFO] Received device shutdown request (signal 15).
[2124:ITSDigitWriter]: [07:39:31][INFO] Waiting for graceful device shutdown. Hit Ctrl-C again to abort immediately.
[2122:ITSDigitizer]: [07:39:31][STATE] RUNNING ---> READY
[2123:GRPUpdater]: [07:39:31][STATE] RUNNING ---> READY
[2123:GRPUpdater]: [07:39:31][STATE] READY ---> RESETTING TASK
[2120:internal-dpl-clock]: [07:39:31][STATE] RUNNING ---> READY
[2123:GRPUpdater]: [07:39:31][STATE] RESETTING TASK ---> DEVICE READY
[2123:GRPUpdater]: [07:39:31][STATE] DEVICE READY ---> RESETTING DEVICE
[2122:ITSDigitizer]: [07:39:31][STATE] READY ---> RESETTING TASK
[2122:ITSDigitizer]: [07:39:31][STATE] RESETTING TASK ---> DEVICE READY
[2120:internal-dpl-clock]: [07:39:31][STATE] READY ---> RESETTING TASK
[2120:internal-dpl-clock]: [07:39:31][STATE] RESETTING TASK ---> DEVICE READY
[2120:internal-dpl-clock]: [07:39:31][STATE] DEVICE READY ---> RESETTING DEVICE
[2122:ITSDigitizer]: [07:39:31][STATE] DEVICE READY ---> RESETTING DEVICE
[2120:internal-dpl-clock]: [07:39:31][STATE] RESETTING DEVICE ---> IDLE
[2120:internal-dpl-clock]: [07:39:31][STATE] IDLE ---> EXITING
[2123:GRPUpdater]: [07:39:31][STATE] RESETTING DEVICE ---> IDLE
[2123:GRPUpdater]: [07:39:31][STATE] IDLE ---> EXITING
[2120:internal-dpl-clock]: [07:39:31][STATE] Exiting FairMQ state machine
[2123:GRPUpdater]: [07:39:31][STATE] Exiting FairMQ state machine
[2122:ITSDigitizer]: [07:39:31][STATE] RESETTING DEVICE ---> IDLE
[2122:ITSDigitizer]: [07:39:31][STATE] IDLE ---> EXITING
[2122:ITSDigitizer]: [07:39:31][STATE] Exiting FairMQ state machine
[2124:ITSDigitWriter]: [07:39:32][STATE] RUNNING ---> READY
[2124:ITSDigitWriter]: [07:39:32][STATE] READY ---> RESETTING TASK
[2124:ITSDigitWriter]: [07:39:32][STATE] RESETTING TASK ---> DEVICE READY
[2124:ITSDigitWriter]: [07:39:32][STATE] DEVICE READY ---> RESETTING DEVICE
[2124:ITSDigitWriter]: Cleaning up for shared memory id '9a79b5e0'...
[2124:ITSDigitWriter]: No region counter found. No regions to cleanup.
[2124:ITSDigitWriter]: Successfully removed 'fmq_9a79b5e0_m_0'.
[2124:ITSDigitWriter]: Successfully removed 'fmq_9a79b5e0_mng'.
[2124:ITSDigitWriter]: Successfully removed 'fmq_9a79b5e0_mtx'.
[2124:ITSDigitWriter]: Successfully removed 'fmq_9a79b5e0_cv'.
[2124:ITSDigitWriter]: [07:39:32][STATE] RESETTING DEVICE ---> IDLE
[2124:ITSDigitWriter]: [07:39:32][STATE] IDLE ---> EXITING
[2124:ITSDigitWriter]: [07:39:32][STATE] Exiting FairMQ state machine
[INFO] Dumping used configuration in dpl-config.json

==============================================================================================
3. Tracking
[INFO] Initialising O2 Data Processing Layer
[INFO] O2 Data Processing Layer initialised. We brake for nobody.
[INFO] Optimised build. O2DEBUG / LOG(DEBUG) / LOGF(DEBUG) / assert statement will not be shown.
[INFO] Redeployment of configuration asked.
[INFO] Starting internal-dpl-clock on pid 3203
[INFO] Starting its-digit-reader on pid 3204
[INFO] Starting its-clusterer on pid 3205
[INFO] Starting its-cluster-writer on pid 3206
[INFO] Starting its-tracker on pid 3207
[INFO] Starting its-track-writer on pid 3208
[INFO] Redeployment of configuration done.
[3205:its-clusterer]: [INFO] Spawing new device its-clusterer in process with pid 3205
[3207:its-tracker]: [INFO] Spawing new device its-tracker in process with pid 3207
[3208:its-track-writer]: [INFO] Spawing new device its-track-writer in process with pid 3208
[3205:its-clusterer]: [07:41:43][INFO] 
[3205:its-clusterer]:       ______      _    _______  _________ 
[3205:its-clusterer]:      / ____/___ _(_)_______   |/  /_  __ \    version 1.4.29
[3205:its-clusterer]:     / /_  / __ `/ / ___/__  /|_/ /_  / / /    build RELWITHDEBINFO
[3205:its-clusterer]:    / __/ / /_/ / / /    _  /  / / / /_/ /     https://github.com/FairRootGroup/FairMQ
[3205:its-clusterer]:   /_/    \__,_/_/_/     /_/  /_/  \___\_\     LGPL-3.0  © 2012-2020 GSI
[3205:its-clusterer]: 
[3207:its-tracker]: [07:41:43][INFO] 
[3207:its-tracker]:       ______      _    _______  _________ 
[3207:its-tracker]:      / ____/___ _(_)_______   |/  /_  __ \    version 1.4.29
[3207:its-tracker]:     / /_  / __ `/ / ___/__  /|_/ /_  / / /    build RELWITHDEBINFO
[3207:its-tracker]:    / __/ / /_/ / / /    _  /  / / / /_/ /     https://github.com/FairRootGroup/FairMQ
[3207:its-tracker]:   /_/    \__,_/_/_/     /_/  /_/  \___\_\     LGPL-3.0  © 2012-2020 GSI
[3207:its-tracker]: 
[3208:its-track-writer]: [07:41:43][INFO] 
[3208:its-track-writer]:       ______      _    _______  _________ 
[3208:its-track-writer]:      / ____/___ _(_)_______   |/  /_  __ \    version 1.4.29
[3208:its-track-writer]:     / /_  / __ `/ / ___/__  /|_/ /_  / / /    build RELWITHDEBINFO
[3208:its-track-writer]:    / __/ / /_/ / / /    _  /  / / / /_/ /     https://github.com/FairRootGroup/FairMQ
[3208:its-track-writer]:   /_/    \__,_/_/_/     /_/  /_/  \___\_\     LGPL-3.0  © 2012-2020 GSI
[3208:its-track-writer]: 
[3205:its-clusterer]: [07:41:43][STATE] Starting FairMQ state machine --> IDLE
[3207:its-tracker]: [07:41:43][STATE] Starting FairMQ state machine --> IDLE
[3203:internal-dpl-clock]: [INFO] Spawing new device internal-dpl-clock in process with pid 3203
[3208:its-track-writer]: [07:41:43][STATE] Starting FairMQ state machine --> IDLE
[3204:its-digit-reader]: [INFO] Spawing new device its-digit-reader in process with pid 3204
[3205:its-clusterer]: 2021-05-20 07:41:43	Monitoring	[0;49mStdOut backend initialized[0m
[3205:its-clusterer]: [07:41:43][STATE] IDLE ---> INITIALIZING DEVICE
[3206:its-cluster-writer]: [INFO] Spawing new device its-cluster-writer in process with pid 3206
[3207:its-tracker]: 2021-05-20 07:41:43	Monitoring	[0;49mStdOut backend initialized[0m
[3207:its-tracker]: [07:41:43][STATE] IDLE ---> INITIALIZING DEVICE
[3208:its-track-writer]: 2021-05-20 07:41:43	Monitoring	[0;49mStdOut backend initialized[0m
[3203:internal-dpl-clock]: [07:41:43][INFO] 
[3203:internal-dpl-clock]:       ______      _    _______  _________ 
[3203:internal-dpl-clock]:      / ____/___ _(_)_______   |/  /_  __ \    version 1.4.29
[3203:internal-dpl-clock]:     / /_  / __ `/ / ___/__  /|_/ /_  / / /    build RELWITHDEBINFO
[3203:internal-dpl-clock]:    / __/ / /_/ / / /    _  /  / / / /_/ /     https://github.com/FairRootGroup/FairMQ
[3203:internal-dpl-clock]:   /_/    \__,_/_/_/     /_/  /_/  \___\_\     LGPL-3.0  © 2012-2020 GSI
[3203:internal-dpl-clock]: 
[3203:internal-dpl-clock]: [07:41:43][STATE] Starting FairMQ state machine --> IDLE
[3203:internal-dpl-clock]: 2021-05-20 07:41:43	Monitoring	[0;49mStdOut backend initialized[0m
[3203:internal-dpl-clock]: [07:41:43][STATE] IDLE ---> INITIALIZING DEVICE
[3203:internal-dpl-clock]: 2021-05-20 07:41:43	Monitoring	[0;49mBuffering enabled (100)[0m
[3203:internal-dpl-clock]: [07:41:43][STATE] INITIALIZING DEVICE ---> INITIALIZED
[3203:internal-dpl-clock]: [07:41:43][STATE] INITIALIZED ---> BINDING
[3203:internal-dpl-clock]: [07:41:43][STATE] BINDING ---> BOUND
[3203:internal-dpl-clock]: [07:41:43][STATE] BOUND ---> CONNECTING
[3203:internal-dpl-clock]: [07:41:43][STATE] CONNECTING ---> DEVICE READY
[3203:internal-dpl-clock]: [07:41:43][STATE] DEVICE READY ---> INITIALIZING TASK
[3203:internal-dpl-clock]: [07:41:43][STATE] INITIALIZING TASK ---> READY
[3203:internal-dpl-clock]: [07:41:43][STATE] READY ---> RUNNING
[3203:internal-dpl-clock]: [07:41:43][INFO] DEVICE: Running...
[3204:its-digit-reader]: [07:41:43][INFO] 
[3204:its-digit-reader]:       ______      _    _______  _________ 
[3204:its-digit-reader]:      / ____/___ _(_)_______   |/  /_  __ \    version 1.4.29
[3204:its-digit-reader]:     / /_  / __ `/ / ___/__  /|_/ /_  / / /    build RELWITHDEBINFO
[3204:its-digit-reader]:    / __/ / /_/ / / /    _  /  / / / /_/ /     https://github.com/FairRootGroup/FairMQ
[3204:its-digit-reader]:   /_/    \__,_/_/_/     /_/  /_/  \___\_\     LGPL-3.0  © 2012-2020 GSI
[3204:its-digit-reader]: 
[3204:its-digit-reader]: [07:41:43][STATE] Starting FairMQ state machine --> IDLE
[3204:its-digit-reader]: 2021-05-20 07:41:43	Monitoring	[0;49mStdOut backend initialized[0m
[3204:its-digit-reader]: [07:41:43][STATE] IDLE ---> INITIALIZING DEVICE
[3204:its-digit-reader]: 2021-05-20 07:41:43	Monitoring	[0;49mBuffering enabled (100)[0m
[3205:its-clusterer]: 2021-05-20 07:41:43	Monitoring	[0;49mBuffering enabled (100)[0m
[3205:its-clusterer]: [07:41:43][INFO] Dictionary ITSdictionary.bin is absent, ITSClusterer expects cluster patterns
[3205:its-clusterer]: [07:41:43][INFO] Clusterizer masks overflow pixels separated by < 406 BC and <= 0 in row/col
[3205:its-clusterer]: [07:41:43][INFO] Inclusive clusterization timing (w/o disk IO): Cpu: 0 Real: 0 s in 1 slots
[3205:its-clusterer]: [07:41:43][INFO] Threads output merging timing                : Cpu: 0 Real: 0 s in 1 slots
[3206:its-cluster-writer]: [07:41:43][INFO] 
[3206:its-cluster-writer]:       ______      _    _______  _________ 
[3206:its-cluster-writer]:      / ____/___ _(_)_______   |/  /_  __ \    version 1.4.29
[3206:its-cluster-writer]:     / /_  / __ `/ / ___/__  /|_/ /_  / / /    build RELWITHDEBINFO
[3206:its-cluster-writer]:    / __/ / /_/ / / /    _  /  / / / /_/ /     https://github.com/FairRootGroup/FairMQ
[3206:its-cluster-writer]:   /_/    \__,_/_/_/     /_/  /_/  \___\_\     LGPL-3.0  © 2012-2020 GSI
[3206:its-cluster-writer]: 
[3206:its-cluster-writer]: [07:41:43][STATE] Starting FairMQ state machine --> IDLE
[3206:its-cluster-writer]: 2021-05-20 07:41:43	Monitoring	[0;49mStdOut backend initialized[0m
[3206:its-cluster-writer]: [07:41:43][STATE] IDLE ---> INITIALIZING DEVICE
[3207:its-tracker]: 2021-05-20 07:41:43	Monitoring	[0;49mBuffering enabled (100)[0m
[3207:its-tracker]: [07:41:43][INFO] Created GPUReconstruction instance for device type CPU (1) 
[3208:its-track-writer]: [07:41:43][STATE] IDLE ---> INITIALIZING DEVICE
[3205:its-clusterer]: [07:41:43][STATE] INITIALIZING DEVICE ---> INITIALIZED
[3205:its-clusterer]: [07:41:43][STATE] INITIALIZED ---> BINDING
[3205:its-clusterer]: [07:41:43][STATE] BINDING ---> BOUND
[3205:its-clusterer]: [07:41:43][STATE] BOUND ---> CONNECTING
[3205:its-clusterer]: [07:41:43][STATE] CONNECTING ---> DEVICE READY
[3205:its-clusterer]: [07:41:43][STATE] DEVICE READY ---> INITIALIZING TASK
[3205:its-clusterer]: [07:41:43][STATE] INITIALIZING TASK ---> READY
[3205:its-clusterer]: [07:41:43][STATE] READY ---> RUNNING
[3205:its-clusterer]: [07:41:43][INFO] DEVICE: Running...
[3204:its-digit-reader]: [07:41:43][STATE] INITIALIZING DEVICE ---> INITIALIZED
[3204:its-digit-reader]: [07:41:43][STATE] INITIALIZED ---> BINDING
[3204:its-digit-reader]: [07:41:43][STATE] BINDING ---> BOUND
[3204:its-digit-reader]: [07:41:43][STATE] BOUND ---> CONNECTING
[3204:its-digit-reader]: [07:41:43][STATE] CONNECTING ---> DEVICE READY
[3204:its-digit-reader]: [07:41:43][STATE] DEVICE READY ---> INITIALIZING TASK
[3204:its-digit-reader]: [07:41:43][STATE] INITIALIZING TASK ---> READY
[3204:its-digit-reader]: [07:41:43][STATE] READY ---> RUNNING
[3204:its-digit-reader]: [07:41:43][INFO] DEVICE: Running...
[3206:its-cluster-writer]: 2021-05-20 07:41:43	Monitoring	[0;49mBuffering enabled (100)[0m
[3206:its-cluster-writer]: [07:41:43][INFO] 0: branch  ITSClusterComp set up
[3206:its-cluster-writer]: [07:41:43][INFO] 1: branch  ITSClusterPatt set up
[3206:its-cluster-writer]: [07:41:43][INFO] 2: branch  ITSClustersROF set up
[3206:its-cluster-writer]: [07:41:43][INFO] 3: branch  ITSClusterMCTruth set up
[3206:its-cluster-writer]: [07:41:43][INFO] 4: branch  ITSClustersMC2ROF set up
[3206:its-cluster-writer]: [07:41:43][STATE] INITIALIZING DEVICE ---> INITIALIZED
[3206:its-cluster-writer]: [07:41:43][STATE] INITIALIZED ---> BINDING
[3206:its-cluster-writer]: [07:41:43][STATE] BINDING ---> BOUND
[3206:its-cluster-writer]: [07:41:43][STATE] BOUND ---> CONNECTING
[3206:its-cluster-writer]: [07:41:43][STATE] CONNECTING ---> DEVICE READY
[3206:its-cluster-writer]: [07:41:43][STATE] DEVICE READY ---> INITIALIZING TASK
[3206:its-cluster-writer]: [07:41:43][STATE] INITIALIZING TASK ---> READY
[3206:its-cluster-writer]: [07:41:43][STATE] READY ---> RUNNING
[3206:its-cluster-writer]: [07:41:43][INFO] DEVICE: Running...
[3207:its-tracker]: [07:41:43][INFO] MagneticField::Print: MagneticFieldMap:
[3207:its-tracker]: [07:41:43][INFO] MagneticField::Print: Solenoid (-1*)5 kG, Dipole ON (-1) 
[3207:its-tracker]: [07:41:43][INFO] MagneticField::Print: Machine B fields for p-p  beam (7000 GeV): QGrad: 22.0002 Dipole: 37.8781
[3207:its-tracker]: [07:41:43][INFO] MagneticField::Print: Uses Sol30_Dip6_Hole  of /cvmfs/alice.cern.ch/el7-x86_64/Packages/O2/nightly-20210129-1/share/Common/maps/mfchebKGI_sym.root
[3207:its-tracker]: Info in <TGeoGlobalMagField::SetField>: Global magnetic field set to <MagneticFieldMap>
[3207:its-tracker]: Info in <TGeoGlobalMagField::Lock>: Global magnetic field <MagneticFieldMap> is now locked
[3207:its-tracker]: [07:41:43][INFO] Loading geometry FAIRGeom from o2sim_geometry.root
[3208:its-track-writer]: 2021-05-20 07:41:43	Monitoring	[0;49mBuffering enabled (100)[0m
[3208:its-track-writer]: [07:41:44][INFO] 0: branch  ITSTrack set up
[3208:its-track-writer]: [07:41:44][INFO] 1: branch  ITSTrackClusIdx set up
[3208:its-track-writer]: [07:41:44][INFO] 2: branch  Vertices set up
[3208:its-track-writer]: [07:41:44][INFO] 3: branch  VerticesROF set up
[3208:its-track-writer]: [07:41:44][INFO] 4: branch  ITSTracksROF set up
[3208:its-track-writer]: [07:41:44][INFO] 5: branch  ITSTrackMCTruth set up
[3208:its-track-writer]: [07:41:44][INFO] 6: branch  ITSTracksMC2ROF set up
[3208:its-track-writer]: [07:41:44][STATE] INITIALIZING DEVICE ---> INITIALIZED
[3208:its-track-writer]: [07:41:44][STATE] INITIALIZED ---> BINDING
[3208:its-track-writer]: [07:41:44][STATE] BINDING ---> BOUND
[3208:its-track-writer]: [07:41:44][STATE] BOUND ---> CONNECTING
[3208:its-track-writer]: [07:41:44][STATE] CONNECTING ---> DEVICE READY
[3208:its-track-writer]: [07:41:44][STATE] DEVICE READY ---> INITIALIZING TASK
[3208:its-track-writer]: [07:41:44][STATE] INITIALIZING TASK ---> READY
[3208:its-track-writer]: [07:41:44][STATE] READY ---> RUNNING
[3208:its-track-writer]: [07:41:44][INFO] DEVICE: Running...
[3207:its-tracker]: Info in <TGeoManager::CloseGeometry>: Geometry loaded from file...
[3207:its-tracker]: Info in <TGeoManager::SetTopVolume>: Top volume is cave. Master volume is cave
[3207:its-tracker]: Info in <TGeoNavigator::BuildCache>: --- Maximum geometry depth set to 100
[3207:its-tracker]: Info in <TGeoManager::CloseGeometry>: Voxelization retrieved from file
[3207:its-tracker]: Info in <TGeoManager::CountLevels>: max level = 9, max placements = 126
[3207:its-tracker]: Info in <TGeoManager::CloseGeometry>: 179840 nodes/ 399 volume UID's in FAIR geometry
[3207:its-tracker]: Info in <TGeoManager::CloseGeometry>: ----------------modeler ready----------------
[3207:its-tracker]: [07:41:44][INFO] Loading ITS T2L matrices from TGeo
[3207:its-tracker]: [07:41:44][WARN] It is faster to use 2D rotation for T2G instead of full Transform3D matrices
[3207:its-tracker]: [07:41:44][INFO] Loading ITS T2G matrices from TGeo
[3204:its-digit-reader]: [07:41:45][INFO] ITSDigitReader pushed 3344665 digits, in 49 RO frames
[3207:its-tracker]: [07:41:45][INFO] Loading ITS T2G rotation 2D matrices
[3207:its-tracker]: [07:41:45][INFO] Initializing tracker in sync. phase reconstruction with 1 passes
[3207:its-tracker]: [07:41:45][INFO] Not using lookup table for material budget approximation
[3207:its-tracker]: [07:41:45][INFO] Dictionary ITSdictionary.bin is absent, Tracker expects cluster patterns
[3207:its-tracker]: [07:41:45][STATE] INITIALIZING DEVICE ---> INITIALIZED
[3207:its-tracker]: [07:41:45][STATE] INITIALIZED ---> BINDING
[3207:its-tracker]: [07:41:45][STATE] BINDING ---> BOUND
[3207:its-tracker]: [07:41:45][STATE] BOUND ---> CONNECTING
[3207:its-tracker]: [07:41:45][STATE] CONNECTING ---> DEVICE READY
[3207:its-tracker]: [07:41:45][STATE] DEVICE READY ---> INITIALIZING TASK
[3207:its-tracker]: [07:41:45][STATE] INITIALIZING TASK ---> READY
[3207:its-tracker]: [07:41:45][STATE] READY ---> RUNNING
[3207:its-tracker]: [07:41:45][INFO] DEVICE: Running...
[3205:its-clusterer]: [07:41:45][INFO] ITSClusterer pulled 3344665 digits, in 49 RO frames
[3205:its-clusterer]: [07:41:45][INFO] ITSClusterer pulled 3363930 labels 
[3205:its-clusterer]: [07:41:45][INFO] ITSClusterer pushed 479214 clusters, in 49 RO frames
[3206:its-cluster-writer]: [07:41:45][INFO] ITSClusterWriter pulled 479214 clusters, in 49 RO frames
[3207:its-tracker]: [07:41:45][INFO] ITSTracker pulled 479214 clusters, 49 RO frames
[3207:its-tracker]: [07:41:45][INFO] 479214 MC label objects , in 20 MC events
[3207:its-tracker]: [07:41:45][INFO] ITSTracker RO: continuous=1
[3207:its-tracker]: [07:41:45][INFO] Loading ITS L2G matrices from TGeo
[3207:its-tracker]: [07:41:46][INFO] ROframe: 0, clusters loaded : 1283
[3207:its-tracker]:  - Vertexer initialisation completed in: 0.156088 ms
[3207:its-tracker]:  - Tracklet finding completed in: 0.005668 ms
[3207:its-tracker]:  - Adjacent tracklets validation completed in: 0.003319 ms
[3207:its-tracker]:  - Vertex finding completed in: 0.019853 ms
[3207:its-tracker]: [07:41:46][INFO] Found tracks: 0
[3207:its-tracker]: [07:41:46][INFO] ROframe: 1, clusters loaded : 1267
[3207:its-tracker]:  - Vertexer initialisation completed in: 0.161042 ms
[3207:its-tracker]:  - Tracklet finding completed in: 0.022952 ms
[3207:its-tracker]:  - Adjacent tracklets validation completed in: 0.000519 ms
[3207:its-tracker]:  - Vertex finding completed in: 0.000625 ms
[3207:its-tracker]: [07:41:46][INFO] Found tracks: 0
[3207:its-tracker]: [07:41:46][INFO] ROframe: 2, clusters loaded : 1323
[3207:its-tracker]:  - Vertexer initialisation completed in: 0.123308 ms
[3207:its-tracker]:  - Tracklet finding completed in: 0.000756 ms
[3207:its-tracker]:  - Adjacent tracklets validation completed in: 0.000353 ms
[3207:its-tracker]:  - Vertex finding completed in: 0.000216 ms
[3207:its-tracker]: [07:41:46][INFO] Found tracks: 0
[3207:its-tracker]: [07:41:46][INFO] ROframe: 3, clusters loaded : 1229
[3207:its-tracker]:  - Vertexer initialisation completed in: 0.139581 ms
[3207:its-tracker]:  - Tracklet finding completed in: 0.000637 ms
[3207:its-tracker]:  - Adjacent tracklets validation completed in: 0.00019 ms
[3207:its-tracker]:  - Vertex finding completed in: 0.000187 ms
[3207:its-tracker]: [07:41:46][INFO] Found tracks: 0
[3207:its-tracker]: [07:41:46][INFO] ROframe: 4, clusters loaded : 1245
[3207:its-tracker]:  - Vertexer initialisation completed in: 0.122797 ms
[3207:its-tracker]:  - Tracklet finding completed in: 0.000498 ms
[3207:its-tracker]:  - Adjacent tracklets validation completed in: 0.000131 ms
[3207:its-tracker]:  - Vertex finding completed in: 0.000186 ms
[3207:its-tracker]: [07:41:46][INFO] Found tracks: 0
[3207:its-tracker]: [07:41:46][INFO] ROframe: 5, clusters loaded : 1248
[3207:its-tracker]:  - Vertexer initialisation completed in: 0.113988 ms
[3207:its-tracker]:  - Tracklet finding completed in: 0.000486 ms
[3207:its-tracker]:  - Adjacent tracklets validation completed in: 0.000123 ms
[3207:its-tracker]:  - Vertex finding completed in: 0.000219 ms
[3207:its-tracker]: [07:41:46][INFO] Found tracks: 0
[3207:its-tracker]: [07:41:46][INFO] ROframe: 6, clusters loaded : 1259
[3207:its-tracker]:  - Vertexer initialisation completed in: 0.133432 ms
[3207:its-tracker]:  - Tracklet finding completed in: 0.000904 ms
[3207:its-tracker]:  - Adjacent tracklets validation completed in: 0.000277 ms
[3207:its-tracker]:  - Vertex finding completed in: 0.000358 ms
[3207:its-tracker]: [07:41:46][INFO] Found tracks: 0
[3207:its-tracker]: [07:41:46][INFO] ROframe: 7, clusters loaded : 1258
[3207:its-tracker]:  - Vertexer initialisation completed in: 0.109794 ms
[3207:its-tracker]:  - Tracklet finding completed in: 0.00062 ms
[3207:its-tracker]:  - Adjacent tracklets validation completed in: 0.000144 ms
[3207:its-tracker]:  - Vertex finding completed in: 0.00018 ms
[3207:its-tracker]: [07:41:46][INFO] Found tracks: 0
[3207:its-tracker]: [07:41:46][INFO] ROframe: 8, clusters loaded : 1247
[3207:its-tracker]:  - Vertexer initialisation completed in: 0.10891 ms
[3207:its-tracker]:  - Tracklet finding completed in: 0.002686 ms
[3207:its-tracker]:  - Adjacent tracklets validation completed in: 0.000229 ms
[3207:its-tracker]:  - Vertex finding completed in: 0.00017 ms
[3207:its-tracker]: [07:41:46][INFO] Found tracks: 0
[3207:its-tracker]: [07:41:46][INFO] ROframe: 9, clusters loaded : 59738
[3207:its-tracker]:  - Vertexer initialisation completed in: 3.29007 ms
[3207:its-tracker]:  - Tracklet finding completed in: 19.4022 ms
[3207:its-tracker]:  - Adjacent tracklets validation completed in: 5.42347 ms
[3207:its-tracker]:  - Vertex finding completed in: 0.623431 ms
[3207:its-tracker]: 		Found vertex with:   3306 contributors
[3207:its-tracker]:  - Context initialisation completed in: 3.41862 ms
[3207:its-tracker]:  - Tracklet finding completed in: 31.8472 ms
[3207:its-tracker]:  - Cell finding completed in: 23.5601 ms
[3207:its-tracker]:  - Neighbour finding completed in: 2.47253 ms
[3207:its-tracker]:  - Road finding completed in: 1.46424 ms
[3207:its-tracker]:  - Track finding completed in: 29.9776 ms
[3207:its-tracker]:  - Vertex processing completed in: 92.7403ms
[3207:its-tracker]:  - Context initialisation completed in: 0.803354 ms
[3207:its-tracker]:  - Tracklet finding completed in: 18.585 ms
[3207:its-tracker]:  - Cell finding completed in: 7.13901 ms
[3207:its-tracker]:  - Neighbour finding completed in: 0.486581 ms
[3207:its-tracker]:  - Road finding completed in: 0.002843 ms
[3207:its-tracker]:  - Track finding completed in: 0.000564 ms
[3207:its-tracker]:  - Vertex processing completed in: 27.0173ms
[3207:its-tracker]: [07:41:46][INFO] Found tracks: 2707
[3207:its-tracker]: [07:41:46][INFO] ROframe: 10, clusters loaded : 40106
[3207:its-tracker]:  - Vertexer initialisation completed in: 1.98241 ms
[3207:its-tracker]:  - Tracklet finding completed in: 7.30366 ms
[3207:its-tracker]:  - Adjacent tracklets validation completed in: 2.11871 ms
[3207:its-tracker]:  - Vertex finding completed in: 0.03908 ms
[3207:its-tracker]: 		Found vertex with:    159 contributors
[3207:its-tracker]:  - Context initialisation completed in: 2.23726 ms
[3207:its-tracker]:  - Tracklet finding completed in: 14.5151 ms
[3207:its-tracker]:  - Cell finding completed in: 5.82456 ms
[3207:its-tracker]:  - Neighbour finding completed in: 0.241204 ms
[3207:its-tracker]:  - Road finding completed in: 0.007963 ms
[3207:its-tracker]:  - Track finding completed in: 0.436951 ms
[3207:its-tracker]:  - Vertex processing completed in: 23.263ms
[3207:its-tracker]:  - Context initialisation completed in: 0.150198 ms
[3207:its-tracker]:  - Tracklet finding completed in: 14.3092 ms
[3207:its-tracker]:  - Cell finding completed in: 5.71767 ms
[3207:its-tracker]:  - Neighbour finding completed in: 0.232146 ms
[3207:its-tracker]:  - Road finding completed in: 0.001914 ms
[3207:its-tracker]:  - Track finding completed in: 0.000554 ms
[3207:its-tracker]:  - Vertex processing completed in: 20.4117ms
[3207:its-tracker]: [07:41:46][INFO] Found tracks: 25
[3207:its-tracker]: [07:41:46][INFO] ROframe: 11, clusters loaded : 1361
[3207:its-tracker]:  - Vertexer initialisation completed in: 0.133781 ms
[3207:its-tracker]:  - Tracklet finding completed in: 0.004072 ms
[3207:its-tracker]:  - Adjacent tracklets validation completed in: 0.000504 ms
[3207:its-tracker]:  - Vertex finding completed in: 0.000822 ms
[3207:its-tracker]: [07:41:46][INFO] Found tracks: 0
[3207:its-tracker]: [07:41:46][INFO] ROframe: 12, clusters loaded : 106763
[3207:its-tracker]:  - Vertexer initialisation completed in: 5.13526 ms
[3207:its-tracker]:  - Tracklet finding completed in: 50.2747 ms
[3207:its-tracker]:  - Adjacent tracklets validation completed in: 24.0658 ms
[3207:its-tracker]:  - Vertex finding completed in: 2.42826 ms
[3207:its-tracker]: 		Found vertex with:   3762 contributors
[3207:its-tracker]: 		Found vertex with:   1946 contributors
[3207:its-tracker]:  - Context initialisation completed in: 4.59054 ms
[3207:its-tracker]:  - Tracklet finding completed in: 76.0657 ms
[3207:its-tracker]:  - Cell finding completed in: 73.9841 ms
[3207:its-tracker]:  - Neighbour finding completed in: 2.97411 ms
[3207:its-tracker]:  - Road finding completed in: 1.25797 ms
[3207:its-tracker]:  - Track finding completed in: 35.9514 ms
[3207:its-tracker]:  - Vertex processing completed in: 194.824ms
[3207:its-tracker]:  - Context initialisation completed in: 1.41368 ms
[3207:its-tracker]:  - Tracklet finding completed in: 54.9131 ms
[3207:its-tracker]:  - Cell finding completed in: 33.3764 ms
[3207:its-tracker]:  - Neighbour finding completed in: 1.38952 ms
[3207:its-tracker]:  - Road finding completed in: 0.370607 ms
[3207:its-tracker]:  - Track finding completed in: 18.4835 ms
[3207:its-tracker]:  - Vertex processing completed in: 109.947ms
[3207:its-tracker]:  - Context initialisation completed in: 1.02406 ms
[3207:its-tracker]:  - Tracklet finding completed in: 49.0479 ms
[3207:its-tracker]:  - Cell finding completed in: 21.9061 ms
[3207:its-tracker]:  - Neighbour finding completed in: 0.771912 ms
[3207:its-tracker]:  - Road finding completed in: 0.004591 ms
[3207:its-tracker]:  - Track finding completed in: 0.000536 ms
[3207:its-tracker]:  - Vertex processing completed in: 72.7551ms
[3207:its-tracker]:  - Context initialisation completed in: 0.782871 ms
[3207:its-tracker]:  - Tracklet finding completed in: 46.0056 ms
[3207:its-tracker]:  - Cell finding completed in: 19.0193 ms
[3207:its-tracker]:  - Neighbour finding completed in: 0.461716 ms
[3207:its-tracker]:  - Road finding completed in: 0.002213 ms
[3207:its-tracker]:  - Track finding completed in: 0.000526 ms
[3207:its-tracker]:  - Vertex processing completed in: 66.2722ms
[3207:its-tracker]: [07:41:46][INFO] Found tracks: 4812
[3207:its-tracker]: [07:41:46][INFO] ROframe: 13, clusters loaded : 4886
[3207:its-tracker]:  - Vertexer initialisation completed in: 0.231902 ms
[3207:its-tracker]:  - Tracklet finding completed in: 0.113163 ms
[3207:its-tracker]:  - Adjacent tracklets validation completed in: 0.02005 ms
[3207:its-tracker]:  - Vertex finding completed in: 0.022627 ms
[3207:its-tracker]: 		Found vertex with:    135 contributors
[3207:its-tracker]:  - Context initialisation completed in: 1.20025 ms
[3207:its-tracker]:  - Tracklet finding completed in: 0.741535 ms
[3207:its-tracker]:  - Cell finding completed in: 0.162922 ms
[3207:its-tracker]:  - Neighbour finding completed in: 0.063154 ms
[3207:its-tracker]:  - Road finding completed in: 0.018408 ms
[3207:its-tracker]:  - Track finding completed in: 1.44883 ms
[3207:its-tracker]:  - Vertex processing completed in: 3.6351ms
[3207:its-tracker]:  - Context initialisation completed in: 0.028926 ms
[3207:its-tracker]:  - Tracklet finding completed in: 0.531173 ms
[3207:its-tracker]:  - Cell finding completed in: 0.066611 ms
[3207:its-tracker]:  - Neighbour finding completed in: 0.015132 ms
[3207:its-tracker]:  - Road finding completed in: 0.000427 ms
[3207:its-tracker]:  - Track finding completed in: 0.000137 ms
[3207:its-tracker]:  - Vertex processing completed in: 0.642406ms
[3207:its-tracker]: [07:41:46][INFO] Found tracks: 154
[3207:its-tracker]: [07:41:46][INFO] ROframe: 14, clusters loaded : 1371
[3207:its-tracker]:  - Vertexer initialisation completed in: 0.131967 ms
[3207:its-tracker]:  - Tracklet finding completed in: 0.0048 ms
[3207:its-tracker]:  - Adjacent tracklets validation completed in: 0.000994 ms
[3207:its-tracker]:  - Vertex finding completed in: 0.00106 ms
[3207:its-tracker]: [07:41:46][INFO] Found tracks: 0
[3207:its-tracker]: [07:41:46][INFO] ROframe: 15, clusters loaded : 1309
[3207:its-tracker]:  - Vertexer initialisation completed in: 0.14967 ms
[3207:its-tracker]:  - Tracklet finding completed in: 0.000644 ms
[3207:its-tracker]:  - Adjacent tracklets validation completed in: 0.000217 ms
[3207:its-tracker]:  - Vertex finding completed in: 0.000364 ms
[3207:its-tracker]: [07:41:46][INFO] Found tracks: 0
[3207:its-tracker]: [07:41:46][INFO] ROframe: 16, clusters loaded : 1249
[3207:its-tracker]:  - Vertexer initialisation completed in: 0.112351 ms
[3207:its-tracker]:  - Tracklet finding completed in: 0.00085 ms
[3207:its-tracker]:  - Adjacent tracklets validation completed in: 0.000183 ms
[3207:its-tracker]:  - Vertex finding completed in: 0.000246 ms
[3207:its-tracker]: [07:41:46][INFO] Found tracks: 0
[3207:its-tracker]: [07:41:46][INFO] ROframe: 17, clusters loaded : 1265
[3207:its-tracker]:  - Vertexer initialisation completed in: 0.124093 ms
[3207:its-tracker]:  - Tracklet finding completed in: 0.000853 ms
[3207:its-tracker]:  - Adjacent tracklets validation completed in: 0.000155 ms
[3207:its-tracker]:  - Vertex finding completed in: 0.000265 ms
[3207:its-tracker]: [07:41:46][INFO] Found tracks: 0
[3207:its-tracker]: [07:41:46][INFO] ROframe: 18, clusters loaded : 1205
[3207:its-tracker]:  - Vertexer initialisation completed in: 0.119415 ms
[3207:its-tracker]:  - Tracklet finding completed in: 0.000616 ms
[3207:its-tracker]:  - Adjacent tracklets validation completed in: 0.000107 ms
[3207:its-tracker]:  - Vertex finding completed in: 0.000224 ms
[3207:its-tracker]: [07:41:46][INFO] Found tracks: 0
[3207:its-tracker]: [07:41:46][INFO] ROframe: 19, clusters loaded : 2388
[3207:its-tracker]:  - Vertexer initialisation completed in: 0.152053 ms
[3207:its-tracker]:  - Tracklet finding completed in: 0.03459 ms
[3207:its-tracker]:  - Adjacent tracklets validation completed in: 0.006057 ms
[3207:its-tracker]:  - Vertex finding completed in: 0.014322 ms
[3207:its-tracker]: 		Found vertex with:     38 contributors
[3207:its-tracker]: 		Found vertex with:     25 contributors
[3207:its-tracker]:  - Context initialisation completed in: 1.06002 ms
[3207:its-tracker]:  - Tracklet finding completed in: 0.269017 ms
[3207:its-tracker]:  - Cell finding completed in: 0.038973 ms
[3207:its-tracker]:  - Neighbour finding completed in: 0.017153 ms
[3207:its-tracker]:  - Road finding completed in: 0.005647 ms
[3207:its-tracker]:  - Track finding completed in: 0.302643 ms
[3207:its-tracker]:  - Vertex processing completed in: 1.69345ms
[3207:its-tracker]:  - Context initialisation completed in: 0.008237 ms
[3207:its-tracker]:  - Tracklet finding completed in: 0.215169 ms
[3207:its-tracker]:  - Cell finding completed in: 0.01693 ms
[3207:its-tracker]:  - Neighbour finding completed in: 0.008784 ms
[3207:its-tracker]:  - Road finding completed in: 0.002419 ms
[3207:its-tracker]:  - Track finding completed in: 0.188612 ms
[3207:its-tracker]:  - Vertex processing completed in: 0.440151ms
[3207:its-tracker]:  - Context initialisation completed in: 0.005599 ms
[3207:its-tracker]:  - Tracklet finding completed in: 0.195399 ms
[3207:its-tracker]:  - Cell finding completed in: 0.01366 ms
[3207:its-tracker]:  - Neighbour finding completed in: 0.005202 ms
[3207:its-tracker]:  - Road finding completed in: 0.000116 ms
[3207:its-tracker]:  - Track finding completed in: 0.000141 ms
[3207:its-tracker]:  - Vertex processing completed in: 0.220117ms
[3207:its-tracker]:  - Context initialisation completed in: 0.004019 ms
[3207:its-tracker]:  - Tracklet finding completed in: 0.171504 ms
[3207:its-tracker]:  - Cell finding completed in: 0.007546 ms
[3207:its-tracker]:  - Neighbour finding completed in: 0.002337 ms
[3207:its-tracker]:  - Road finding completed in: 8.8e-05 ms
[3207:its-tracker]:  - Track finding completed in: 5.9e-05 ms
[3207:its-tracker]:  - Vertex processing completed in: 0.185553ms
[3207:its-tracker]: [07:41:46][INFO] Found tracks: 55
[3207:its-tracker]: [07:41:46][INFO] ROframe: 20, clusters loaded : 1246
[3207:its-tracker]:  - Vertexer initialisation completed in: 0.122492 ms
[3207:its-tracker]:  - Tracklet finding completed in: 0.001038 ms
[3207:its-tracker]:  - Adjacent tracklets validation completed in: 0.000307 ms
[3207:its-tracker]:  - Vertex finding completed in: 0.000506 ms
[3207:its-tracker]: [07:41:46][INFO] Found tracks: 0
[3207:its-tracker]: [07:41:46][INFO] ROframe: 21, clusters loaded : 1265
[3207:its-tracker]:  - Vertexer initialisation completed in: 0.112683 ms
[3207:its-tracker]:  - Tracklet finding completed in: 0.001491 ms
[3207:its-tracker]:  - Adjacent tracklets validation completed in: 0.000199 ms
[3207:its-tracker]:  - Vertex finding completed in: 0.000152 ms
[3207:its-tracker]: [07:41:46][INFO] Found tracks: 0
[3207:its-tracker]: [07:41:46][INFO] ROframe: 22, clusters loaded : 1280
[3207:its-tracker]:  - Vertexer initialisation completed in: 0.113858 ms
[3207:its-tracker]:  - Tracklet finding completed in: 0.000922 ms
[3207:its-tracker]:  - Adjacent tracklets validation completed in: 0.000283 ms
[3207:its-tracker]:  - Vertex finding completed in: 0.000239 ms
[3207:its-tracker]: [07:41:46][INFO] Found tracks: 0
[3207:its-tracker]: [07:41:46][INFO] ROframe: 23, clusters loaded : 1225
[3207:its-tracker]:  - Vertexer initialisation completed in: 0.111317 ms
[3207:its-tracker]:  - Tracklet finding completed in: 0.001433 ms
[3207:its-tracker]:  - Adjacent tracklets validation completed in: 0.000225 ms
[3207:its-tracker]:  - Vertex finding completed in: 0.000207 ms
[3207:its-tracker]: [07:41:46][INFO] Found tracks: 0
[3207:its-tracker]: [07:41:46][INFO] ROframe: 24, clusters loaded : 1284
[3207:its-tracker]:  - Vertexer initialisation completed in: 0.108463 ms
[3207:its-tracker]:  - Tracklet finding completed in: 0.000827 ms
[3207:its-tracker]:  - Adjacent tracklets validation completed in: 0.000161 ms
[3207:its-tracker]:  - Vertex finding completed in: 0.000216 ms
[3207:its-tracker]: [07:41:46][INFO] Found tracks: 0
[3207:its-tracker]: [07:41:46][INFO] ROframe: 25, clusters loaded : 1251
[3207:its-tracker]:  - Vertexer initialisation completed in: 0.137882 ms
[3207:its-tracker]:  - Tracklet finding completed in: 0.000674 ms
[3207:its-tracker]:  - Adjacent tracklets validation completed in: 0.00023 ms
[3207:its-tracker]:  - Vertex finding completed in: 0.000195 ms
[3207:its-tracker]: [07:41:46][INFO] Found tracks: 0
[3207:its-tracker]: [07:41:46][INFO] ROframe: 26, clusters loaded : 1295
[3207:its-tracker]:  - Vertexer initialisation completed in: 0.133034 ms
[3207:its-tracker]:  - Tracklet finding completed in: 0.000794 ms
[3207:its-tracker]:  - Adjacent tracklets validation completed in: 9.3e-05 ms
[3207:its-tracker]:  - Vertex finding completed in: 0.000198 ms
[3207:its-tracker]: [07:41:46][INFO] Found tracks: 0
[3207:its-tracker]: [07:41:46][INFO] ROframe: 27, clusters loaded : 1290
[3207:its-tracker]:  - Vertexer initialisation completed in: 0.130607 ms
[3207:its-tracker]:  - Tracklet finding completed in: 0.000425 ms
[3207:its-tracker]:  - Adjacent tracklets validation completed in: 8.9e-05 ms
[3207:its-tracker]:  - Vertex finding completed in: 0.000114 ms
[3207:its-tracker]: [07:41:46][INFO] Found tracks: 0
[3207:its-tracker]: [07:41:46][INFO] ROframe: 28, clusters loaded : 1320
[3207:its-tracker]:  - Vertexer initialisation completed in: 0.125756 ms
[3207:its-tracker]:  - Tracklet finding completed in: 0.000926 ms
[3207:its-tracker]:  - Adjacent tracklets validation completed in: 0.000174 ms
[3207:its-tracker]:  - Vertex finding completed in: 0.000215 ms
[3207:its-tracker]: [07:41:46][INFO] Found tracks: 0
[3207:its-tracker]: [07:41:46][INFO] ROframe: 29, clusters loaded : 1247
[3207:its-tracker]:  - Vertexer initialisation completed in: 0.108101 ms
[3207:its-tracker]:  - Tracklet finding completed in: 0.0005 ms
[3207:its-tracker]:  - Adjacent tracklets validation completed in: 0.000132 ms
[3207:its-tracker]:  - Vertex finding completed in: 0.000193 ms
[3207:its-tracker]: [07:41:46][INFO] Found tracks: 0
[3207:its-tracker]: [07:41:46][INFO] ROframe: 30, clusters loaded : 53289
[3207:its-tracker]:  - Vertexer initialisation completed in: 2.39448 ms
[3207:its-tracker]:  - Tracklet finding completed in: 10.3099 ms
[3207:its-tracker]:  - Adjacent tracklets validation completed in: 3.76986 ms
[3207:its-tracker]:  - Vertex finding completed in: 0.476191 ms
[3207:its-tracker]: 		Found vertex with:   2776 contributors
[3207:its-tracker]: 		Found vertex with:     52 contributors
[3207:its-tracker]:  - Context initialisation completed in: 2.52458 ms
[3207:its-tracker]:  - Tracklet finding completed in: 24.0833 ms
[3207:its-tracker]:  - Cell finding completed in: 16.7013 ms
[3207:its-tracker]:  - Neighbour finding completed in: 1.5081 ms
[3207:its-tracker]:  - Road finding completed in: 0.442986 ms
[3207:its-tracker]:  - Track finding completed in: 35.6735 ms
[3207:its-tracker]:  - Vertex processing completed in: 80.9338ms
[3207:its-tracker]:  - Context initialisation completed in: 0.921129 ms
[3207:its-tracker]:  - Tracklet finding completed in: 19.8429 ms
[3207:its-tracker]:  - Cell finding completed in: 2.99975 ms
[3207:its-tracker]:  - Neighbour finding completed in: 0.047824 ms
[3207:its-tracker]:  - Road finding completed in: 0.007401 ms
[3207:its-tracker]:  - Track finding completed in: 1.24161 ms
[3207:its-tracker]:  - Vertex processing completed in: 25.0606ms
[3207:its-tracker]:  - Context initialisation completed in: 0.166764 ms
[3207:its-tracker]:  - Tracklet finding completed in: 15.6911 ms
[3207:its-tracker]:  - Cell finding completed in: 5.48314 ms
[3207:its-tracker]:  - Neighbour finding completed in: 0.409291 ms
[3207:its-tracker]:  - Road finding completed in: 0.002357 ms
[3207:its-tracker]:  - Track finding completed in: 0.000553 ms
[3207:its-tracker]:  - Vertex processing completed in: 21.7532ms
[3207:its-tracker]:  - Context initialisation completed in: 0.269846 ms
[3207:its-tracker]:  - Tracklet finding completed in: 15.5719 ms
[3207:its-tracker]:  - Cell finding completed in: 2.94348 ms
[3207:its-tracker]:  - Neighbour finding completed in: 0.024599 ms
[3207:its-tracker]:  - Road finding completed in: 0.00043 ms
[3207:its-tracker]:  - Track finding completed in: 0.000601 ms
[3207:its-tracker]:  - Vertex processing completed in: 18.8109ms
[3207:its-tracker]: [07:41:47][INFO] Found tracks: 2328
[3207:its-tracker]: [07:41:47][INFO] ROframe: 31, clusters loaded : 3299
[3207:its-tracker]:  - Vertexer initialisation completed in: 0.205496 ms
[3207:its-tracker]:  - Tracklet finding completed in: 0.054612 ms
[3207:its-tracker]:  - Adjacent tracklets validation completed in: 0.008622 ms
[3207:its-tracker]:  - Vertex finding completed in: 0.011769 ms
[3207:its-tracker]: 		Found vertex with:     24 contributors
[3207:its-tracker]:  - Context initialisation completed in: 1.00506 ms
[3207:its-tracker]:  - Tracklet finding completed in: 0.389113 ms
[3207:its-tracker]:  - Cell finding completed in: 0.043516 ms
[3207:its-tracker]:  - Neighbour finding completed in: 0.019843 ms
[3207:its-tracker]:  - Road finding completed in: 0.005734 ms
[3207:its-tracker]:  - Track finding completed in: 0.232586 ms
[3207:its-tracker]:  - Vertex processing completed in: 1.69585ms
[3207:its-tracker]:  - Context initialisation completed in: 0.00953 ms
[3207:its-tracker]:  - Tracklet finding completed in: 0.317357 ms
[3207:its-tracker]:  - Cell finding completed in: 0.031621 ms
[3207:its-tracker]:  - Neighbour finding completed in: 0.007851 ms
[3207:its-tracker]:  - Road finding completed in: 0.000296 ms
[3207:its-tracker]:  - Track finding completed in: 0.000123 ms
[3207:its-tracker]:  - Vertex processing completed in: 0.366778ms
[3207:its-tracker]: [07:41:47][INFO] Found tracks: 28
[3207:its-tracker]: [07:41:47][INFO] ROframe: 32, clusters loaded : 49045
[3207:its-tracker]:  - Vertexer initialisation completed in: 2.10841 ms
[3207:its-tracker]:  - Tracklet finding completed in: 8.19631 ms
[3207:its-tracker]:  - Adjacent tracklets validation completed in: 2.70417 ms
[3207:its-tracker]:  - Vertex finding completed in: 0.318325 ms
[3207:its-tracker]: 		Found vertex with:   2369 contributors
[3207:its-tracker]:  - Context initialisation completed in: 2.39556 ms
[3207:its-tracker]:  - Tracklet finding completed in: 21.75 ms
[3207:its-tracker]:  - Cell finding completed in: 15.2621 ms
[3207:its-tracker]:  - Neighbour finding completed in: 1.33689 ms
[3207:its-tracker]:  - Road finding completed in: 0.441319 ms
[3207:its-tracker]:  - Track finding completed in: 22.3135 ms
[3207:its-tracker]:  - Vertex processing completed in: 63.4994ms
[3207:its-tracker]:  - Context initialisation completed in: 0.59917 ms
[3207:its-tracker]:  - Tracklet finding completed in: 13.6802 ms
[3207:its-tracker]:  - Cell finding completed in: 4.73725 ms
[3207:its-tracker]:  - Neighbour finding completed in: 0.317739 ms
[3207:its-tracker]:  - Road finding completed in: 0.002386 ms
[3207:its-tracker]:  - Track finding completed in: 0.000586 ms
[3207:its-tracker]:  - Vertex processing completed in: 19.3373ms
[3207:its-tracker]: [07:41:47][INFO] Found tracks: 2187
[3207:its-tracker]: [07:41:47][INFO] ROframe: 33, clusters loaded : 1263
[3207:its-tracker]:  - Vertexer initialisation completed in: 0.131297 ms
[3207:its-tracker]:  - Tracklet finding completed in: 0.003339 ms
[3207:its-tracker]:  - Adjacent tracklets validation completed in: 0.000562 ms
[3207:its-tracker]:  - Vertex finding completed in: 0.000663 ms
[3207:its-tracker]: [07:41:47][INFO] Found tracks: 0
[3207:its-tracker]: [07:41:47][INFO] ROframe: 34, clusters loaded : 1283
[3207:its-tracker]:  - Vertexer initialisation completed in: 0.135836 ms
[3207:its-tracker]:  - Tracklet finding completed in: 0.000699 ms
[3207:its-tracker]:  - Adjacent tracklets validation completed in: 0.000308 ms
[3207:its-tracker]:  - Vertex finding completed in: 0.00031 ms
[3207:its-tracker]: [07:41:47][INFO] Found tracks: 0
[3207:its-tracker]: [07:41:47][INFO] ROframe: 35, clusters loaded : 1284
[3207:its-tracker]:  - Vertexer initialisation completed in: 0.127645 ms
[3207:its-tracker]:  - Tracklet finding completed in: 0.000852 ms
[3207:its-tracker]:  - Adjacent tracklets validation completed in: 0.000313 ms
[3207:its-tracker]:  - Vertex finding completed in: 0.000381 ms
[3207:its-tracker]: [07:41:47][INFO] Found tracks: 0
[3207:its-tracker]: [07:41:47][INFO] ROframe: 36, clusters loaded : 38334
[3207:its-tracker]:  - Vertexer initialisation completed in: 1.70585 ms
[3207:its-tracker]:  - Tracklet finding completed in: 7.4101 ms
[3207:its-tracker]:  - Adjacent tracklets validation completed in: 3.11838 ms
[3207:its-tracker]:  - Vertex finding completed in: 0.646343 ms
[3207:its-tracker]: 		Found vertex with:   2049 contributors
[3207:its-tracker]:  - Context initialisation completed in: 2.95752 ms
[3207:its-tracker]:  - Tracklet finding completed in: 14.6617 ms
[3207:its-tracker]:  - Cell finding completed in: 8.58954 ms
[3207:its-tracker]:  - Neighbour finding completed in: 0.974689 ms
[3207:its-tracker]:  - Road finding completed in: 0.29565 ms
[3207:its-tracker]:  - Track finding completed in: 18.154 ms
[3207:its-tracker]:  - Vertex processing completed in: 45.633ms
[3207:its-tracker]:  - Context initialisation completed in: 0.443899 ms
[3207:its-tracker]:  - Tracklet finding completed in: 9.30342 ms
[3207:its-tracker]:  - Cell finding completed in: 3.38057 ms
[3207:its-tracker]:  - Neighbour finding completed in: 0.412365 ms
[3207:its-tracker]:  - Road finding completed in: 0.003311 ms
[3207:its-tracker]:  - Track finding completed in: 0.000607 ms
[3207:its-tracker]:  - Vertex processing completed in: 13.5442ms
[3207:its-tracker]: [07:41:47][INFO] Found tracks: 1766
[3207:its-tracker]: [07:41:47][INFO] ROframe: 37, clusters loaded : 1367
[3207:its-tracker]:  - Vertexer initialisation completed in: 0.188317 ms
[3207:its-tracker]:  - Tracklet finding completed in: 0.002827 ms
[3207:its-tracker]:  - Adjacent tracklets validation completed in: 0.000583 ms
[3207:its-tracker]:  - Vertex finding completed in: 0.001161 ms
[3207:its-tracker]: [07:41:47][INFO] Found tracks: 0
[3207:its-tracker]: [07:41:47][INFO] ROframe: 38, clusters loaded : 50159
[3207:its-tracker]:  - Vertexer initialisation completed in: 2.38453 ms
[3207:its-tracker]:  - Tracklet finding completed in: 7.62867 ms
[3207:its-tracker]:  - Adjacent tracklets validation completed in: 2.4262 ms
[3207:its-tracker]:  - Vertex finding completed in: 0.525246 ms
[3207:its-tracker]: 		Found vertex with:   1715 contributors
[3207:its-tracker]: 		Found vertex with:    360 contributors
[3207:its-tracker]:  - Context initialisation completed in: 2.47297 ms
[3207:its-tracker]:  - Tracklet finding completed in: 21.4384 ms
[3207:its-tracker]:  - Cell finding completed in: 13.367 ms
[3207:its-tracker]:  - Neighbour finding completed in: 0.985259 ms
[3207:its-tracker]:  - Road finding completed in: 0.274407 ms
[3207:its-tracker]:  - Track finding completed in: 14.7585 ms
[3207:its-tracker]:  - Vertex processing completed in: 53.2965ms
[3207:its-tracker]:  - Context initialisation completed in: 0.477945 ms
[3207:its-tracker]:  - Tracklet finding completed in: 15.7099 ms
[3207:its-tracker]:  - Cell finding completed in: 4.80695 ms
[3207:its-tracker]:  - Neighbour finding completed in: 0.212056 ms
[3207:its-tracker]:  - Road finding completed in: 0.035798 ms
[3207:its-tracker]:  - Track finding completed in: 3.20759 ms
[3207:its-tracker]:  - Vertex processing completed in: 24.4502ms
[3207:its-tracker]:  - Context initialisation completed in: 0.219679 ms
[3207:its-tracker]:  - Tracklet finding completed in: 15.4357 ms
[3207:its-tracker]:  - Cell finding completed in: 5.46843 ms
[3207:its-tracker]:  - Neighbour finding completed in: 0.306126 ms
[3207:its-tracker]:  - Road finding completed in: 0.003668 ms
[3207:its-tracker]:  - Track finding completed in: 0.000933 ms
[3207:its-tracker]:  - Vertex processing completed in: 21.4346ms
[3207:its-tracker]:  - Context initialisation completed in: 0.236688 ms
[3207:its-tracker]:  - Tracklet finding completed in: 14.703 ms
[3207:its-tracker]:  - Cell finding completed in: 3.75336 ms
[3207:its-tracker]:  - Neighbour finding completed in: 0.081394 ms
[3207:its-tracker]:  - Road finding completed in: 0.0006 ms
[3207:its-tracker]:  - Track finding completed in: 0.000375 ms
[3207:its-tracker]:  - Vertex processing completed in: 18.7754ms
[3207:its-tracker]: [07:41:47][INFO] Found tracks: 1712
[3207:its-tracker]: [07:41:47][INFO] ROframe: 39, clusters loaded : 3796
[3207:its-tracker]:  - Vertexer initialisation completed in: 0.200531 ms
[3207:its-tracker]:  - Tracklet finding completed in: 0.056323 ms
[3207:its-tracker]:  - Adjacent tracklets validation completed in: 0.006067 ms
[3207:its-tracker]:  - Vertex finding completed in: 0.001348 ms
[3207:its-tracker]: [07:41:47][INFO] Found tracks: 0
[3207:its-tracker]: [07:41:47][INFO] ROframe: 40, clusters loaded : 1356
[3207:its-tracker]:  - Vertexer initialisation completed in: 0.137174 ms
[3207:its-tracker]:  - Tracklet finding completed in: 0.001276 ms
[3207:its-tracker]:  - Adjacent tracklets validation completed in: 0.000354 ms
[3207:its-tracker]:  - Vertex finding completed in: 0.000378 ms
[3207:its-tracker]: [07:41:47][INFO] Found tracks: 0
[3207:its-tracker]: [07:41:47][INFO] ROframe: 41, clusters loaded : 1253
[3207:its-tracker]:  - Vertexer initialisation completed in: 0.126194 ms
[3207:its-tracker]:  - Tracklet finding completed in: 0.000427 ms
[3207:its-tracker]:  - Adjacent tracklets validation completed in: 0.000183 ms
[3207:its-tracker]:  - Vertex finding completed in: 0.000101 ms
[3207:its-tracker]: [07:41:47][INFO] Found tracks: 0
[3207:its-tracker]: [07:41:47][INFO] ROframe: 42, clusters loaded : 1243
[3207:its-tracker]:  - Vertexer initialisation completed in: 0.116572 ms
[3207:its-tracker]:  - Tracklet finding completed in: 0.00057 ms
[3207:its-tracker]:  - Adjacent tracklets validation completed in: 0.000139 ms
[3207:its-tracker]:  - Vertex finding completed in: 0.000136 ms
[3207:its-tracker]: [07:41:47][INFO] Found tracks: 0
[3207:its-tracker]: [07:41:47][INFO] ROframe: 43, clusters loaded : 1229
[3207:its-tracker]:  - Vertexer initialisation completed in: 0.107117 ms
[3207:its-tracker]:  - Tracklet finding completed in: 0.000482 ms
[3207:its-tracker]:  - Adjacent tracklets validation completed in: 8.2e-05 ms
[3207:its-tracker]:  - Vertex finding completed in: 0.000197 ms
[3207:its-tracker]: [07:41:47][INFO] Found tracks: 0
[3207:its-tracker]: [07:41:47][INFO] ROframe: 44, clusters loaded : 1320
[3207:its-tracker]:  - Vertexer initialisation completed in: 0.133287 ms
[3207:its-tracker]:  - Tracklet finding completed in: 0.000406 ms
[3207:its-tracker]:  - Adjacent tracklets validation completed in: 0.000169 ms
[3207:its-tracker]:  - Vertex finding completed in: 0.000212 ms
[3207:its-tracker]: [07:41:47][INFO] Found tracks: 0
[3207:its-tracker]: [07:41:47][INFO] ROframe: 45, clusters loaded : 2180
[3207:its-tracker]:  - Vertexer initialisation completed in: 0.137263 ms
[3207:its-tracker]:  - Tracklet finding completed in: 0.029804 ms
[3207:its-tracker]:  - Adjacent tracklets validation completed in: 0.005126 ms
[3207:its-tracker]:  - Vertex finding completed in: 0.011534 ms
[3207:its-tracker]: 		Found vertex with:     41 contributors
[3207:its-tracker]:  - Context initialisation completed in: 1.07589 ms
[3207:its-tracker]:  - Tracklet finding completed in: 0.246884 ms
[3207:its-tracker]:  - Cell finding completed in: 0.037875 ms
[3207:its-tracker]:  - Neighbour finding completed in: 0.018641 ms
[3207:its-tracker]:  - Road finding completed in: 0.007744 ms
[3207:its-tracker]:  - Track finding completed in: 0.427479 ms
[3207:its-tracker]:  - Vertex processing completed in: 1.81451ms
[3207:its-tracker]:  - Context initialisation completed in: 0.0093 ms
[3207:its-tracker]:  - Tracklet finding completed in: 0.171305 ms
[3207:its-tracker]:  - Cell finding completed in: 0.020857 ms
[3207:its-tracker]:  - Neighbour finding completed in: 0.004765 ms
[3207:its-tracker]:  - Road finding completed in: 0.000184 ms
[3207:its-tracker]:  - Track finding completed in: 0.000139 ms
[3207:its-tracker]:  - Vertex processing completed in: 0.20655ms
[3207:its-tracker]: [07:41:47][INFO] Found tracks: 45
[3207:its-tracker]: [07:41:47][INFO] ROframe: 46, clusters loaded : 19267
[3207:its-tracker]:  - Vertexer initialisation completed in: 0.822215 ms
[3207:its-tracker]:  - Tracklet finding completed in: 1.53424 ms
[3207:its-tracker]:  - Adjacent tracklets validation completed in: 0.300047 ms
[3207:its-tracker]:  - Vertex finding completed in: 0.157608 ms
[3207:its-tracker]: 		Found vertex with:    633 contributors
[3207:its-tracker]: 		Found vertex with:    292 contributors
[3207:its-tracker]:  - Context initialisation completed in: 1.43265 ms
[3207:its-tracker]:  - Tracklet finding completed in: 5.04411 ms
[3207:its-tracker]:  - Cell finding completed in: 1.77562 ms
[3207:its-tracker]:  - Neighbour finding completed in: 0.284469 ms
[3207:its-tracker]:  - Road finding completed in: 0.062057 ms
[3207:its-tracker]:  - Track finding completed in: 5.29989 ms
[3207:its-tracker]:  - Vertex processing completed in: 13.8988ms
[3207:its-tracker]:  - Context initialisation completed in: 0.140804 ms
[3207:its-tracker]:  - Tracklet finding completed in: 3.84889 ms
[3207:its-tracker]:  - Cell finding completed in: 0.802875 ms
[3207:its-tracker]:  - Neighbour finding completed in: 0.119773 ms
[3207:its-tracker]:  - Road finding completed in: 0.029714 ms
[3207:its-tracker]:  - Track finding completed in: 2.51136 ms
[3207:its-tracker]:  - Vertex processing completed in: 7.45342ms
[3207:its-tracker]:  - Context initialisation completed in: 0.076044 ms
[3207:its-tracker]:  - Tracklet finding completed in: 3.39064 ms
[3207:its-tracker]:  - Cell finding completed in: 0.643113 ms
[3207:its-tracker]:  - Neighbour finding completed in: 0.076496 ms
[3207:its-tracker]:  - Road finding completed in: 0.000816 ms
[3207:its-tracker]:  - Track finding completed in: 0.000452 ms
[3207:its-tracker]:  - Vertex processing completed in: 4.18756ms
[3207:its-tracker]:  - Context initialisation completed in: 0.049812 ms
[3207:its-tracker]:  - Tracklet finding completed in: 3.22249 ms
[3207:its-tracker]:  - Cell finding completed in: 0.434698 ms
[3207:its-tracker]:  - Neighbour finding completed in: 0.045486 ms
[3207:its-tracker]:  - Road finding completed in: 0.000402 ms
[3207:its-tracker]:  - Track finding completed in: 0.00019 ms
[3207:its-tracker]:  - Vertex processing completed in: 3.75308ms
[3207:its-tracker]: [07:41:47][INFO] Found tracks: 815
[3207:its-tracker]: [07:41:47][INFO] ROframe: 47, clusters loaded : 1272
[3207:its-tracker]:  - Vertexer initialisation completed in: 0.136943 ms
[3207:its-tracker]:  - Tracklet finding completed in: 0.002348 ms
[3207:its-tracker]:  - Adjacent tracklets validation completed in: 0.000563 ms
[3207:its-tracker]:  - Vertex finding completed in: 0.001276 ms
[3207:its-tracker]: [07:41:47][INFO] Found tracks: 0
[3207:its-tracker]: [07:41:47][INFO] ROframe: 48, clusters loaded : 1272
[3207:its-tracker]:  - Vertexer initialisation completed in: 0.136232 ms
[3207:its-tracker]:  - Tracklet finding completed in: 0.002532 ms
[3207:its-tracker]:  - Adjacent tracklets validation completed in: 0.000233 ms
[3207:its-tracker]:  - Vertex finding completed in: 0.000328 ms
[3207:its-tracker]: [07:41:47][INFO] Found tracks: 0
[3207:its-tracker]: [07:41:47][INFO] ITSTracker pushed 16634 tracks
[3207:its-tracker]: [07:41:47][INFO] ITS CA-Tracker total timing: Cpu: 1.460e+00 Real: 1.465e+00 s in 1 slots
[3208:its-track-writer]: [07:41:47][INFO] ITSTrackWriter pulled 16634 tracks, in 49 RO frames
[INFO] Quitting
[INFO] QUIT_REQUESTED
[3205:its-clusterer]: [07:41:47][INFO] Received device shutdown request (signal 15).
[3205:its-clusterer]: [07:41:47][INFO] Waiting for graceful device shutdown. Hit Ctrl-C again to abort immediately.
[3208:its-track-writer]: [07:41:47][INFO] Received device shutdown request (signal 15).
[3208:its-track-writer]: [07:41:47][INFO] Waiting for graceful device shutdown. Hit Ctrl-C again to abort immediately.
[3207:its-tracker]: [07:41:47][INFO] Received device shutdown request (signal 15).
[3207:its-tracker]: [07:41:47][INFO] Waiting for graceful device shutdown. Hit Ctrl-C again to abort immediately.
[3203:internal-dpl-clock]: [07:41:47][INFO] Received device shutdown request (signal 15).
[3203:internal-dpl-clock]: [07:41:47][INFO] Waiting for graceful device shutdown. Hit Ctrl-C again to abort immediately.
[3204:its-digit-reader]: [07:41:47][INFO] Received device shutdown request (signal 15).
[3204:its-digit-reader]: [07:41:47][INFO] Waiting for graceful device shutdown. Hit Ctrl-C again to abort immediately.
[3206:its-cluster-writer]: [07:41:47][INFO] Received device shutdown request (signal 15).
[3206:its-cluster-writer]: [07:41:47][INFO] Waiting for graceful device shutdown. Hit Ctrl-C again to abort immediately.
[3204:its-digit-reader]: [07:41:47][STATE] RUNNING ---> READY
[3204:its-digit-reader]: [07:41:47][STATE] READY ---> RESETTING TASK
[3204:its-digit-reader]: [07:41:47][STATE] RESETTING TASK ---> DEVICE READY
[3204:its-digit-reader]: [07:41:47][STATE] DEVICE READY ---> RESETTING DEVICE
[3204:its-digit-reader]: [07:41:47][STATE] RESETTING DEVICE ---> IDLE
[3204:its-digit-reader]: [07:41:47][STATE] IDLE ---> EXITING
[3204:its-digit-reader]: [07:41:47][STATE] Exiting FairMQ state machine
[3205:its-clusterer]: [07:41:47][STATE] RUNNING ---> READY
[3207:its-tracker]: [07:41:47][STATE] RUNNING ---> READY
[3203:internal-dpl-clock]: [07:41:47][STATE] RUNNING ---> READY
[3205:its-clusterer]: [07:41:47][STATE] READY ---> RESETTING TASK
[3207:its-tracker]: [07:41:47][STATE] READY ---> RESETTING TASK
[3205:its-clusterer]: [07:41:47][STATE] RESETTING TASK ---> DEVICE READY
[3207:its-tracker]: [07:41:47][STATE] RESETTING TASK ---> DEVICE READY
[3203:internal-dpl-clock]: [07:41:47][STATE] READY ---> RESETTING TASK
[3207:its-tracker]: [07:41:47][STATE] DEVICE READY ---> RESETTING DEVICE
[3205:its-clusterer]: [07:41:47][STATE] DEVICE READY ---> RESETTING DEVICE
[3203:internal-dpl-clock]: [07:41:47][STATE] RESETTING TASK ---> DEVICE READY
[3203:internal-dpl-clock]: [07:41:47][STATE] DEVICE READY ---> RESETTING DEVICE
[3207:its-tracker]: [07:41:47][STATE] RESETTING DEVICE ---> IDLE
[3207:its-tracker]: [07:41:47][STATE] IDLE ---> EXITING
[3207:its-tracker]: [07:41:47][STATE] Exiting FairMQ state machine
[3203:internal-dpl-clock]: [07:41:47][STATE] RESETTING DEVICE ---> IDLE
[3203:internal-dpl-clock]: [07:41:47][STATE] IDLE ---> EXITING
[3203:internal-dpl-clock]: [07:41:47][STATE] Exiting FairMQ state machine
[3205:its-clusterer]: [07:41:47][STATE] RESETTING DEVICE ---> IDLE
[3205:its-clusterer]: [07:41:47][STATE] IDLE ---> EXITING
[3205:its-clusterer]: [07:41:47][STATE] Exiting FairMQ state machine
[3206:its-cluster-writer]: [07:41:48][STATE] RUNNING ---> READY
[3206:its-cluster-writer]: [07:41:48][STATE] READY ---> RESETTING TASK
[3206:its-cluster-writer]: [07:41:48][STATE] RESETTING TASK ---> DEVICE READY
[3206:its-cluster-writer]: [07:41:48][STATE] DEVICE READY ---> RESETTING DEVICE
[3206:its-cluster-writer]: [07:41:48][STATE] RESETTING DEVICE ---> IDLE
[3206:its-cluster-writer]: [07:41:48][STATE] IDLE ---> EXITING
[3206:its-cluster-writer]: [07:41:48][STATE] Exiting FairMQ state machine
[3208:its-track-writer]: [07:41:48][STATE] RUNNING ---> READY
[3208:its-track-writer]: [07:41:48][STATE] READY ---> RESETTING TASK
[3208:its-track-writer]: [07:41:48][STATE] RESETTING TASK ---> DEVICE READY
[3208:its-track-writer]: [07:41:48][STATE] DEVICE READY ---> RESETTING DEVICE
[3208:its-track-writer]: Cleaning up for shared memory id 'b672486d'...
[3208:its-track-writer]: No region counter found. No regions to cleanup.
[3208:its-track-writer]: Successfully removed 'fmq_b672486d_m_0'.
[3208:its-track-writer]: Successfully removed 'fmq_b672486d_mng'.
[3208:its-track-writer]: Successfully removed 'fmq_b672486d_mtx'.
[3208:its-track-writer]: Successfully removed 'fmq_b672486d_cv'.
[3208:its-track-writer]: [07:41:48][STATE] RESETTING DEVICE ---> IDLE
[3208:its-track-writer]: [07:41:48][STATE] IDLE ---> EXITING
[3208:its-track-writer]: [07:41:48][STATE] Exiting FairMQ state machine
[INFO] Dumping used configuration in dpl-config.json
