000 (2284182.000.000) 05/20 07:25:59 Job submitted from host: <188.185.70.244:9618?addrs=188.185.70.244-9618+[2001-1458-d00-7--100-2ee]-9618&alias=bigbird10.cern.ch&noUDP&sock=schedd_2037_ca81_27>
...
000 (2284182.001.000) 05/20 07:25:59 Job submitted from host: <188.185.70.244:9618?addrs=188.185.70.244-9618+[2001-1458-d00-7--100-2ee]-9618&alias=bigbird10.cern.ch&noUDP&sock=schedd_2037_ca81_27>
...
000 (2284182.002.000) 05/20 07:25:59 Job submitted from host: <188.185.70.244:9618?addrs=188.185.70.244-9618+[2001-1458-d00-7--100-2ee]-9618&alias=bigbird10.cern.ch&noUDP&sock=schedd_2037_ca81_27>
...
000 (2284182.003.000) 05/20 07:25:59 Job submitted from host: <188.185.70.244:9618?addrs=188.185.70.244-9618+[2001-1458-d00-7--100-2ee]-9618&alias=bigbird10.cern.ch&noUDP&sock=schedd_2037_ca81_27>
...
000 (2284182.004.000) 05/20 07:25:59 Job submitted from host: <188.185.70.244:9618?addrs=188.185.70.244-9618+[2001-1458-d00-7--100-2ee]-9618&alias=bigbird10.cern.ch&noUDP&sock=schedd_2037_ca81_27>
...
000 (2284182.005.000) 05/20 07:25:59 Job submitted from host: <188.185.70.244:9618?addrs=188.185.70.244-9618+[2001-1458-d00-7--100-2ee]-9618&alias=bigbird10.cern.ch&noUDP&sock=schedd_2037_ca81_27>
...
000 (2284182.006.000) 05/20 07:25:59 Job submitted from host: <188.185.70.244:9618?addrs=188.185.70.244-9618+[2001-1458-d00-7--100-2ee]-9618&alias=bigbird10.cern.ch&noUDP&sock=schedd_2037_ca81_27>
...
000 (2284182.007.000) 05/20 07:25:59 Job submitted from host: <188.185.70.244:9618?addrs=188.185.70.244-9618+[2001-1458-d00-7--100-2ee]-9618&alias=bigbird10.cern.ch&noUDP&sock=schedd_2037_ca81_27>
...
000 (2284182.008.000) 05/20 07:25:59 Job submitted from host: <188.185.70.244:9618?addrs=188.185.70.244-9618+[2001-1458-d00-7--100-2ee]-9618&alias=bigbird10.cern.ch&noUDP&sock=schedd_2037_ca81_27>
...
000 (2284182.009.000) 05/20 07:25:59 Job submitted from host: <188.185.70.244:9618?addrs=188.185.70.244-9618+[2001-1458-d00-7--100-2ee]-9618&alias=bigbird10.cern.ch&noUDP&sock=schedd_2037_ca81_27>
...
000 (2284182.010.000) 05/20 07:25:59 Job submitted from host: <188.185.70.244:9618?addrs=188.185.70.244-9618+[2001-1458-d00-7--100-2ee]-9618&alias=bigbird10.cern.ch&noUDP&sock=schedd_2037_ca81_27>
...
000 (2284182.011.000) 05/20 07:25:59 Job submitted from host: <188.185.70.244:9618?addrs=188.185.70.244-9618+[2001-1458-d00-7--100-2ee]-9618&alias=bigbird10.cern.ch&noUDP&sock=schedd_2037_ca81_27>
...
000 (2284182.012.000) 05/20 07:25:59 Job submitted from host: <188.185.70.244:9618?addrs=188.185.70.244-9618+[2001-1458-d00-7--100-2ee]-9618&alias=bigbird10.cern.ch&noUDP&sock=schedd_2037_ca81_27>
...
000 (2284182.013.000) 05/20 07:25:59 Job submitted from host: <188.185.70.244:9618?addrs=188.185.70.244-9618+[2001-1458-d00-7--100-2ee]-9618&alias=bigbird10.cern.ch&noUDP&sock=schedd_2037_ca81_27>
...
000 (2284182.014.000) 05/20 07:25:59 Job submitted from host: <188.185.70.244:9618?addrs=188.185.70.244-9618+[2001-1458-d00-7--100-2ee]-9618&alias=bigbird10.cern.ch&noUDP&sock=schedd_2037_ca81_27>
...
000 (2284182.015.000) 05/20 07:25:59 Job submitted from host: <188.185.70.244:9618?addrs=188.185.70.244-9618+[2001-1458-d00-7--100-2ee]-9618&alias=bigbird10.cern.ch&noUDP&sock=schedd_2037_ca81_27>
...
000 (2284182.016.000) 05/20 07:25:59 Job submitted from host: <188.185.70.244:9618?addrs=188.185.70.244-9618+[2001-1458-d00-7--100-2ee]-9618&alias=bigbird10.cern.ch&noUDP&sock=schedd_2037_ca81_27>
...
000 (2284182.017.000) 05/20 07:25:59 Job submitted from host: <188.185.70.244:9618?addrs=188.185.70.244-9618+[2001-1458-d00-7--100-2ee]-9618&alias=bigbird10.cern.ch&noUDP&sock=schedd_2037_ca81_27>
...
000 (2284182.018.000) 05/20 07:25:59 Job submitted from host: <188.185.70.244:9618?addrs=188.185.70.244-9618+[2001-1458-d00-7--100-2ee]-9618&alias=bigbird10.cern.ch&noUDP&sock=schedd_2037_ca81_27>
...
000 (2284182.019.000) 05/20 07:25:59 Job submitted from host: <188.185.70.244:9618?addrs=188.185.70.244-9618+[2001-1458-d00-7--100-2ee]-9618&alias=bigbird10.cern.ch&noUDP&sock=schedd_2037_ca81_27>
...
040 (2284182.002.000) 05/20 07:27:32 Started transferring input files
	Transferring to host: <128.142.72.137:9618?addrs=128.142.72.137-9618+[2001-1458-301-75--100-265]-9618&alias=b7s11n6949.cern.ch&noUDP&sock=slot1_4_5347_31f3_30458>
...
040 (2284182.002.000) 05/20 07:27:32 Finished transferring input files
...
040 (2284182.001.000) 05/20 07:27:32 Started transferring input files
	Transferring to host: <188.184.133.220:9618?addrs=188.184.133.220-9618+[2001-1458-301-a0--100-1c1]-9618&alias=b7g28n8222.cern.ch&noUDP&sock=slot1_2_3451_4aa5_43921>
...
040 (2284182.000.000) 05/20 07:27:32 Started transferring input files
	Transferring to host: <188.184.132.85:9618?addrs=188.184.132.85-9618+[2001-1458-301-a0--100-43]-9618&alias=b7g28n0562.cern.ch&noUDP&sock=slot1_2_5381_26b4_30745>
...
040 (2284182.001.000) 05/20 07:27:32 Finished transferring input files
...
040 (2284182.000.000) 05/20 07:27:32 Finished transferring input files
...
001 (2284182.002.000) 05/20 07:27:33 Job executing on host: <128.142.72.137:9618?addrs=128.142.72.137-9618+[2001-1458-301-75--100-265]-9618&alias=b7s11n6949.cern.ch&noUDP&sock=startd_4311_90de>
...
001 (2284182.001.000) 05/20 07:27:33 Job executing on host: <188.184.133.220:9618?addrs=188.184.133.220-9618+[2001-1458-301-a0--100-1c1]-9618&alias=b7g28n8222.cern.ch&noUDP&sock=startd_2926_9233>
...
001 (2284182.000.000) 05/20 07:27:33 Job executing on host: <188.184.132.85:9618?addrs=188.184.132.85-9618+[2001-1458-301-a0--100-43]-9618&alias=b7g28n0562.cern.ch&noUDP&sock=startd_4559_ac5b>
...
040 (2284182.005.000) 05/20 07:27:33 Started transferring input files
	Transferring to host: <128.142.74.70:9618?addrs=128.142.74.70-9618+[2001-1458-301-75--100-28e]-9618&alias=b7s11n0910.cern.ch&noUDP&sock=slot1_2_5688_75e0_72304>
...
040 (2284182.003.000) 05/20 07:27:33 Started transferring input files
	Transferring to host: <128.142.79.171:9618?addrs=128.142.79.171-9618+[2001-1458-301-f4--100-4be]-9618&alias=b7s12n6009.cern.ch&noUDP&sock=slot1_9_16419_6bb5_78919>
...
040 (2284182.005.000) 05/20 07:27:33 Finished transferring input files
...
040 (2284182.003.000) 05/20 07:27:33 Finished transferring input files
...
040 (2284182.008.000) 05/20 07:27:34 Started transferring input files
	Transferring to host: <188.184.169.130:9618?addrs=188.184.169.130-9618+[2001-1458-301-c0--100-3f]-9618&alias=b7g52n5305.cern.ch&noUDP&sock=slot1_7_5645_29bf_18088>
...
040 (2284182.008.000) 05/20 07:27:34 Finished transferring input files
...
040 (2284182.009.000) 05/20 07:27:34 Started transferring input files
	Transferring to host: <188.184.197.33:9618?addrs=188.184.197.33-9618+[2001-1458-301-103--100-1ec]-9618&alias=b7g23n5400.cern.ch&noUDP&sock=slot1_5_5002_1c84_30025>
...
040 (2284182.009.000) 05/20 07:27:34 Finished transferring input files
...
040 (2284182.006.000) 05/20 07:27:34 Started transferring input files
	Transferring to host: <128.142.73.248:9618?addrs=128.142.73.248-9618+[2001-1458-301-75--100-398]-9618&alias=b7s11n3203.cern.ch&noUDP&sock=slot1_2_5355_d4f3_30875>
...
040 (2284182.006.000) 05/20 07:27:34 Finished transferring input files
...
001 (2284182.003.000) 05/20 07:27:34 Job executing on host: <128.142.79.171:9618?addrs=128.142.79.171-9618+[2001-1458-301-f4--100-4be]-9618&alias=b7s12n6009.cern.ch&noUDP&sock=startd_16674_8e3b>
...
001 (2284182.005.000) 05/20 07:27:34 Job executing on host: <128.142.74.70:9618?addrs=128.142.74.70-9618+[2001-1458-301-75--100-28e]-9618&alias=b7s11n0910.cern.ch&noUDP&sock=startd_16683_ba95>
...
001 (2284182.008.000) 05/20 07:27:35 Job executing on host: <188.184.169.130:9618?addrs=188.184.169.130-9618+[2001-1458-301-c0--100-3f]-9618&alias=b7g52n5305.cern.ch&noUDP&sock=startd_4524_aa8b>
...
001 (2284182.009.000) 05/20 07:27:35 Job executing on host: <188.184.197.33:9618?addrs=188.184.197.33-9618+[2001-1458-301-103--100-1ec]-9618&alias=b7g23n5400.cern.ch&noUDP&sock=startd_3955_6127>
...
001 (2284182.006.000) 05/20 07:27:35 Job executing on host: <128.142.73.248:9618?addrs=128.142.73.248-9618+[2001-1458-301-75--100-398]-9618&alias=b7s11n3203.cern.ch&noUDP&sock=startd_4237_cedc>
...
040 (2284182.011.000) 05/20 07:27:35 Started transferring input files
	Transferring to host: <188.184.139.141:9618?addrs=188.184.139.141-9618+[2001-1458-301-45--100-1a6]-9618&alias=b7g42n0672.cern.ch&noUDP&sock=slot1_1_3239_eb1d_30019>
...
040 (2284182.011.000) 05/20 07:27:35 Finished transferring input files
...
040 (2284182.014.000) 05/20 07:27:36 Started transferring input files
	Transferring to host: <188.184.212.77:9618?addrs=188.184.212.77-9618+[2001-1458-301-10c--100-44]-9618&alias=b7g24n0146.cern.ch&noUDP&sock=slot1_5_3957_d07a_31048>
...
040 (2284182.010.000) 05/20 07:27:36 Started transferring input files
	Transferring to host: <188.184.210.24:9618?addrs=188.184.210.24-9618+[2001-1458-301-10b--100-384]-9618&alias=b7g23n7987.cern.ch&noUDP&sock=slot1_2_4347_9aca_19145>
...
040 (2284182.013.000) 05/20 07:27:36 Started transferring input files
	Transferring to host: <188.184.213.185:9618?addrs=188.184.213.185-9618+[2001-1458-301-10c--100-1ba]-9618&alias=b7g24n0692.cern.ch&noUDP&sock=slot1_2_4110_9de0_18321>
...
040 (2284182.014.000) 05/20 07:27:36 Finished transferring input files
...
040 (2284182.010.000) 05/20 07:27:36 Finished transferring input files
...
040 (2284182.013.000) 05/20 07:27:36 Finished transferring input files
...
001 (2284182.011.000) 05/20 07:27:36 Job executing on host: <188.184.139.141:9618?addrs=188.184.139.141-9618+[2001-1458-301-45--100-1a6]-9618&alias=b7g42n0672.cern.ch&noUDP&sock=startd_2851_2099>
...
040 (2284182.017.000) 05/20 07:27:37 Started transferring input files
	Transferring to host: <188.184.139.90:9618?addrs=188.184.139.90-9618+[2001-1458-301-45--100-175]-9618&alias=b7g42n0640.cern.ch&noUDP&sock=slot1_3_5251_8def_19113>
...
040 (2284182.017.000) 05/20 07:27:37 Finished transferring input files
...
001 (2284182.014.000) 05/20 07:27:37 Job executing on host: <188.184.212.77:9618?addrs=188.184.212.77-9618+[2001-1458-301-10c--100-44]-9618&alias=b7g24n0146.cern.ch&noUDP&sock=startd_3247_c01a>
...
001 (2284182.013.000) 05/20 07:27:37 Job executing on host: <188.184.213.185:9618?addrs=188.184.213.185-9618+[2001-1458-301-10c--100-1ba]-9618&alias=b7g24n0692.cern.ch&noUDP&sock=startd_3681_7034>
...
001 (2284182.010.000) 05/20 07:27:37 Job executing on host: <188.184.210.24:9618?addrs=188.184.210.24-9618+[2001-1458-301-10b--100-384]-9618&alias=b7g23n7987.cern.ch&noUDP&sock=startd_3656_4a56>
...
040 (2284182.018.000) 05/20 07:27:37 Started transferring input files
	Transferring to host: <188.184.138.22:9618?addrs=188.184.138.22-9618+[2001-1458-301-45--100-1b]-9618&alias=b7g42n0027.cern.ch&noUDP&sock=slot1_1_3003_a293_24054>
...
040 (2284182.018.000) 05/20 07:27:37 Finished transferring input files
...
001 (2284182.017.000) 05/20 07:27:38 Job executing on host: <188.184.139.90:9618?addrs=188.184.139.90-9618+[2001-1458-301-45--100-175]-9618&alias=b7g42n0640.cern.ch&noUDP&sock=startd_4263_a453>
...
040 (2284182.012.000) 05/20 07:27:38 Started transferring input files
	Transferring to host: <188.184.213.204:9618?addrs=188.184.213.204-9618+[2001-1458-301-10c--100-18f]-9618&alias=b7g24n0693.cern.ch&noUDP&sock=slot1_1_3057_aed5_18427>
...
040 (2284182.012.000) 05/20 07:27:38 Finished transferring input files
...
040 (2284182.019.000) 05/20 07:27:38 Started transferring input files
	Transferring to host: <188.184.213.63:9618?addrs=188.184.213.63-9618+[2001-1458-301-10c--100-129]-9618&alias=b7g24n0536.cern.ch&noUDP&sock=slot1_1_5268_884f_24182>
...
040 (2284182.019.000) 05/20 07:27:38 Finished transferring input files
...
040 (2284182.015.000) 05/20 07:27:38 Started transferring input files
	Transferring to host: <188.184.190.222:9618?addrs=188.184.190.222-9618+[2001-1458-301-4b--100-d8]-9618&alias=b7g42n0489.cern.ch&noUDP&sock=slot1_3_1854_0f84_71150>
...
040 (2284182.015.000) 05/20 07:27:38 Finished transferring input files
...
001 (2284182.018.000) 05/20 07:27:38 Job executing on host: <188.184.138.22:9618?addrs=188.184.138.22-9618+[2001-1458-301-45--100-1b]-9618&alias=b7g42n0027.cern.ch&noUDP&sock=startd_2409_f3bd>
...
001 (2284182.012.000) 05/20 07:27:39 Job executing on host: <188.184.213.204:9618?addrs=188.184.213.204-9618+[2001-1458-301-10c--100-18f]-9618&alias=b7g24n0693.cern.ch&noUDP&sock=startd_2691_6172>
...
001 (2284182.019.000) 05/20 07:27:39 Job executing on host: <188.184.213.63:9618?addrs=188.184.213.63-9618+[2001-1458-301-10c--100-129]-9618&alias=b7g24n0536.cern.ch&noUDP&sock=startd_4054_4908>
...
001 (2284182.015.000) 05/20 07:27:39 Job executing on host: <188.184.190.222:9618?addrs=188.184.190.222-9618+[2001-1458-301-4b--100-d8]-9618&alias=b7g42n0489.cern.ch&noUDP&sock=startd_5645_9435>
...
006 (2284182.002.000) 05/20 07:27:42 Image size of job updated: 269268
	133  -  MemoryUsage of job (MB)
	136176  -  ResidentSetSize of job (KB)
...
006 (2284182.001.000) 05/20 07:27:42 Image size of job updated: 101944
	100  -  MemoryUsage of job (MB)
	101864  -  ResidentSetSize of job (KB)
...
006 (2284182.000.000) 05/20 07:27:42 Image size of job updated: 745852
	108  -  MemoryUsage of job (MB)
	110572  -  ResidentSetSize of job (KB)
...
006 (2284182.005.000) 05/20 07:27:43 Image size of job updated: 165336
	162  -  MemoryUsage of job (MB)
	165256  -  ResidentSetSize of job (KB)
...
006 (2284182.003.000) 05/20 07:27:43 Image size of job updated: 155552
	150  -  MemoryUsage of job (MB)
	153516  -  ResidentSetSize of job (KB)
...
006 (2284182.008.000) 05/20 07:27:44 Image size of job updated: 838708
	138  -  MemoryUsage of job (MB)
	141172  -  ResidentSetSize of job (KB)
...
006 (2284182.009.000) 05/20 07:27:44 Image size of job updated: 115524
	113  -  MemoryUsage of job (MB)
	115444  -  ResidentSetSize of job (KB)
...
006 (2284182.006.000) 05/20 07:27:44 Image size of job updated: 116540
	114  -  MemoryUsage of job (MB)
	116460  -  ResidentSetSize of job (KB)
...
006 (2284182.014.000) 05/20 07:27:45 Image size of job updated: 866852
	114  -  MemoryUsage of job (MB)
	115868  -  ResidentSetSize of job (KB)
...
006 (2284182.013.000) 05/20 07:27:45 Image size of job updated: 128884
	126  -  MemoryUsage of job (MB)
	128804  -  ResidentSetSize of job (KB)
...
006 (2284182.010.000) 05/20 07:27:45 Image size of job updated: 112180
	110  -  MemoryUsage of job (MB)
	112180  -  ResidentSetSize of job (KB)
...
006 (2284182.011.000) 05/20 07:27:45 Image size of job updated: 946324
	169  -  MemoryUsage of job (MB)
	173016  -  ResidentSetSize of job (KB)
...
006 (2284182.017.000) 05/20 07:27:46 Image size of job updated: 134812
	132  -  MemoryUsage of job (MB)
	134732  -  ResidentSetSize of job (KB)
...
006 (2284182.019.000) 05/20 07:27:47 Image size of job updated: 893800
	121  -  MemoryUsage of job (MB)
	123112  -  ResidentSetSize of job (KB)
...
006 (2284182.012.000) 05/20 07:27:47 Image size of job updated: 123376
	121  -  MemoryUsage of job (MB)
	123296  -  ResidentSetSize of job (KB)
...
006 (2284182.015.000) 05/20 07:27:47 Image size of job updated: 753156
	106  -  MemoryUsage of job (MB)
	108268  -  ResidentSetSize of job (KB)
...
006 (2284182.018.000) 05/20 07:27:47 Image size of job updated: 107316
	105  -  MemoryUsage of job (MB)
	107236  -  ResidentSetSize of job (KB)
...
040 (2284182.004.000) 05/20 07:27:49 Started transferring input files
	Transferring to host: <188.184.169.67:9618?addrs=188.184.169.67-9618+[2001-1458-301-c0--100-36e]-9618&alias=b7g52n2421.cern.ch&noUDP&sock=slot1_5_16499_c9b8_71458>
...
040 (2284182.004.000) 05/20 07:27:49 Finished transferring input files
...
001 (2284182.004.000) 05/20 07:27:50 Job executing on host: <188.184.169.67:9618?addrs=188.184.169.67-9618+[2001-1458-301-c0--100-36e]-9618&alias=b7g52n2421.cern.ch&noUDP&sock=startd_16478_1dab>
...
040 (2284182.007.000) 05/20 07:27:51 Started transferring input files
	Transferring to host: <128.142.78.140:9618?addrs=128.142.78.140-9618+[2001-1458-301-f4--100-328]-9618&alias=b7s12n3102.cern.ch&noUDP&sock=slot1_1_13017_676a_70539>
...
040 (2284182.007.000) 05/20 07:27:51 Finished transferring input files
...
001 (2284182.007.000) 05/20 07:27:52 Job executing on host: <128.142.78.140:9618?addrs=128.142.78.140-9618+[2001-1458-301-f4--100-328]-9618&alias=b7s12n3102.cern.ch&noUDP&sock=startd_16070_4307>
...
040 (2284182.016.000) 05/20 07:27:53 Started transferring input files
	Transferring to host: <188.184.212.241:9618?addrs=188.184.212.241-9618+[2001-1458-301-10c--100-fb]-9618&alias=b7g24n0498.cern.ch&noUDP&sock=slot1_3_16637_057e_72196>
...
040 (2284182.016.000) 05/20 07:27:53 Finished transferring input files
...
001 (2284182.016.000) 05/20 07:27:54 Job executing on host: <188.184.212.241:9618?addrs=188.184.212.241-9618+[2001-1458-301-10c--100-fb]-9618&alias=b7g24n0498.cern.ch&noUDP&sock=startd_5713_38a6>
...
006 (2284182.004.000) 05/20 07:27:59 Image size of job updated: 184828
	181  -  MemoryUsage of job (MB)
	184748  -  ResidentSetSize of job (KB)
...
006 (2284182.007.000) 05/20 07:28:01 Image size of job updated: 89368
	85  -  MemoryUsage of job (MB)
	86432  -  ResidentSetSize of job (KB)
...
006 (2284182.016.000) 05/20 07:28:03 Image size of job updated: 844292
	85  -  MemoryUsage of job (MB)
	86848  -  ResidentSetSize of job (KB)
...
006 (2284182.002.000) 05/20 07:32:43 Image size of job updated: 61854088
	669  -  MemoryUsage of job (MB)
	684632  -  ResidentSetSize of job (KB)
...
006 (2284182.001.000) 05/20 07:32:43 Image size of job updated: 61881776
	100  -  MemoryUsage of job (MB)
	101984  -  ResidentSetSize of job (KB)
...
006 (2284182.000.000) 05/20 07:32:43 Image size of job updated: 61845196
	462  -  MemoryUsage of job (MB)
	473088  -  ResidentSetSize of job (KB)
...
006 (2284182.005.000) 05/20 07:32:44 Image size of job updated: 61859332
	630  -  MemoryUsage of job (MB)
	645096  -  ResidentSetSize of job (KB)
...
006 (2284182.003.000) 05/20 07:32:44 Image size of job updated: 61603116
	725  -  MemoryUsage of job (MB)
	741604  -  ResidentSetSize of job (KB)
...
006 (2284182.009.000) 05/20 07:32:45 Image size of job updated: 61870472
	426  -  MemoryUsage of job (MB)
	436108  -  ResidentSetSize of job (KB)
...
006 (2284182.006.000) 05/20 07:32:45 Image size of job updated: 16661288
	669  -  MemoryUsage of job (MB)
	684164  -  ResidentSetSize of job (KB)
...
006 (2284182.014.000) 05/20 07:32:45 Image size of job updated: 63817108
	522  -  MemoryUsage of job (MB)
	534304  -  ResidentSetSize of job (KB)
...
006 (2284182.013.000) 05/20 07:32:45 Image size of job updated: 61859236
	555  -  MemoryUsage of job (MB)
	568188  -  ResidentSetSize of job (KB)
...
006 (2284182.010.000) 05/20 07:32:45 Image size of job updated: 61879672
	789  -  MemoryUsage of job (MB)
	807468  -  ResidentSetSize of job (KB)
...
006 (2284182.008.000) 05/20 07:32:45 Image size of job updated: 61863596
	388  -  MemoryUsage of job (MB)
	396948  -  ResidentSetSize of job (KB)
...
006 (2284182.011.000) 05/20 07:32:46 Image size of job updated: 63007884
	522  -  MemoryUsage of job (MB)
	534320  -  ResidentSetSize of job (KB)
...
006 (2284182.017.000) 05/20 07:32:46 Image size of job updated: 61854180
	621  -  MemoryUsage of job (MB)
	635676  -  ResidentSetSize of job (KB)
...
006 (2284182.019.000) 05/20 07:32:47 Image size of job updated: 63916156
	522  -  MemoryUsage of job (MB)
	534308  -  ResidentSetSize of job (KB)
...
006 (2284182.015.000) 05/20 07:32:47 Image size of job updated: 63201288
	522  -  MemoryUsage of job (MB)
	534284  -  ResidentSetSize of job (KB)
...
006 (2284182.012.000) 05/20 07:32:47 Image size of job updated: 61844828
	295  -  MemoryUsage of job (MB)
	301544  -  ResidentSetSize of job (KB)
...
006 (2284182.018.000) 05/20 07:32:48 Image size of job updated: 65051828
	561  -  MemoryUsage of job (MB)
	574152  -  ResidentSetSize of job (KB)
...
006 (2284182.004.000) 05/20 07:33:00 Image size of job updated: 61866556
	401  -  MemoryUsage of job (MB)
	409704  -  ResidentSetSize of job (KB)
...
006 (2284182.007.000) 05/20 07:33:02 Image size of job updated: 61861452
	344  -  MemoryUsage of job (MB)
	351288  -  ResidentSetSize of job (KB)
...
006 (2284182.016.000) 05/20 07:33:04 Image size of job updated: 64364836
	556  -  MemoryUsage of job (MB)
	569096  -  ResidentSetSize of job (KB)
...
006 (2284182.004.000) 05/20 07:36:19 Image size of job updated: 61866556
	401  -  MemoryUsage of job (MB)
	409772  -  ResidentSetSize of job (KB)
...
040 (2284182.004.000) 05/20 07:36:19 Started transferring output files
...
040 (2284182.004.000) 05/20 07:36:19 Finished transferring output files
...
005 (2284182.004.000) 05/20 07:36:20 Job terminated.
	(1) Normal termination (return value 0)
		Usr 0 00:06:14, Sys 0 00:01:28  -  Run Remote Usage
		Usr 0 00:00:00, Sys 0 00:00:00  -  Run Local Usage
		Usr 0 00:06:14, Sys 0 00:01:28  -  Total Remote Usage
		Usr 0 00:00:00, Sys 0 00:00:00  -  Total Local Usage
	199855  -  Run Bytes Sent By Job
	2996  -  Run Bytes Received By Job
	199855  -  Total Bytes Sent By Job
	2996  -  Total Bytes Received By Job
	Partitionable Resources :    Usage  Request Allocated 
	   Cpus                 :                 4         4 
	   Disk (KB)            :      211  8192000   8374676 
	   Memory (MB)          :      401     8000      8000 

	Job terminated of its own accord at 2021-05-20T05:36:19Z.
...
006 (2284182.003.000) 05/20 07:36:28 Image size of job updated: 61603116
	725  -  MemoryUsage of job (MB)
	741692  -  ResidentSetSize of job (KB)
...
040 (2284182.003.000) 05/20 07:36:28 Started transferring output files
...
040 (2284182.003.000) 05/20 07:36:28 Finished transferring output files
...
005 (2284182.003.000) 05/20 07:36:28 Job terminated.
	(1) Normal termination (return value 0)
		Usr 0 00:06:14, Sys 0 00:01:28  -  Run Remote Usage
		Usr 0 00:00:00, Sys 0 00:00:00  -  Run Local Usage
		Usr 0 00:06:14, Sys 0 00:01:28  -  Total Remote Usage
		Usr 0 00:00:00, Sys 0 00:00:00  -  Total Local Usage
	224044  -  Run Bytes Sent By Job
	2996  -  Run Bytes Received By Job
	224044  -  Total Bytes Sent By Job
	2996  -  Total Bytes Received By Job
	Partitionable Resources :    Usage  Request Allocated 
	   Cpus                 :     0.64        4         4 
	   Disk (KB)            :   242     8192000   8539368 
	   Memory (MB)          :   725        8000      8000 

	Job terminated of its own accord at 2021-05-20T05:36:28Z.
...
006 (2284182.002.000) 05/20 07:36:42 Image size of job updated: 61854088
	669  -  MemoryUsage of job (MB)
	684800  -  ResidentSetSize of job (KB)
...
040 (2284182.002.000) 05/20 07:36:42 Started transferring output files
...
040 (2284182.002.000) 05/20 07:36:42 Finished transferring output files
...
005 (2284182.002.000) 05/20 07:36:43 Job terminated.
	(1) Normal termination (return value 0)
		Usr 0 00:06:26, Sys 0 00:01:27  -  Run Remote Usage
		Usr 0 00:00:00, Sys 0 00:00:00  -  Run Local Usage
		Usr 0 00:06:26, Sys 0 00:01:27  -  Total Remote Usage
		Usr 0 00:00:00, Sys 0 00:00:00  -  Total Local Usage
	208192  -  Run Bytes Sent By Job
	2996  -  Run Bytes Received By Job
	208192  -  Total Bytes Sent By Job
	2996  -  Total Bytes Received By Job
	Partitionable Resources :    Usage  Request Allocated 
	   Cpus                 :                 4         4 
	   Disk (KB)            :      219  8192000   8417565 
	   Memory (MB)          :      669     8000      8000 

	Job terminated of its own accord at 2021-05-20T05:36:42Z.
...
006 (2284182.005.000) 05/20 07:36:51 Image size of job updated: 61859332
	631  -  MemoryUsage of job (MB)
	645200  -  ResidentSetSize of job (KB)
...
040 (2284182.005.000) 05/20 07:36:51 Started transferring output files
...
040 (2284182.005.000) 05/20 07:36:51 Finished transferring output files
...
005 (2284182.005.000) 05/20 07:36:51 Job terminated.
	(1) Normal termination (return value 0)
		Usr 0 00:06:27, Sys 0 00:01:31  -  Run Remote Usage
		Usr 0 00:00:00, Sys 0 00:00:00  -  Run Local Usage
		Usr 0 00:06:27, Sys 0 00:01:31  -  Total Remote Usage
		Usr 0 00:00:00, Sys 0 00:00:00  -  Total Local Usage
	190914  -  Run Bytes Sent By Job
	2996  -  Run Bytes Received By Job
	190914  -  Total Bytes Sent By Job
	2996  -  Total Bytes Received By Job
	Partitionable Resources :    Usage  Request Allocated 
	   Cpus                 :     0.61        4         4 
	   Disk (KB)            :   210     8192000   8550345 
	   Memory (MB)          :   631        8000      8000 

	Job terminated of its own accord at 2021-05-20T05:36:51Z.
...
006 (2284182.017.000) 05/20 07:37:02 Image size of job updated: 61854180
	621  -  MemoryUsage of job (MB)
	635744  -  ResidentSetSize of job (KB)
...
040 (2284182.017.000) 05/20 07:37:02 Started transferring output files
...
040 (2284182.017.000) 05/20 07:37:02 Finished transferring output files
...
005 (2284182.017.000) 05/20 07:37:02 Job terminated.
	(1) Normal termination (return value 0)
		Usr 0 00:06:31, Sys 0 00:01:30  -  Run Remote Usage
		Usr 0 00:00:00, Sys 0 00:00:00  -  Run Local Usage
		Usr 0 00:06:31, Sys 0 00:01:30  -  Total Remote Usage
		Usr 0 00:00:00, Sys 0 00:00:00  -  Total Local Usage
	200862  -  Run Bytes Sent By Job
	2996  -  Run Bytes Received By Job
	200862  -  Total Bytes Sent By Job
	2996  -  Total Bytes Received By Job
	Partitionable Resources :    Usage  Request Allocated 
	   Cpus                 :     0.57        4         4 
	   Disk (KB)            :   219     8192000   8377170 
	   Memory (MB)          :   621        8000      8000 

	Job terminated of its own accord at 2021-05-20T05:37:02Z.
...
006 (2284182.013.000) 05/20 07:37:06 Image size of job updated: 85140564
	555  -  MemoryUsage of job (MB)
	568188  -  ResidentSetSize of job (KB)
...
040 (2284182.013.000) 05/20 07:37:06 Started transferring output files
...
040 (2284182.013.000) 05/20 07:37:06 Finished transferring output files
...
005 (2284182.013.000) 05/20 07:37:06 Job terminated.
	(1) Normal termination (return value 0)
		Usr 0 00:06:41, Sys 0 00:01:32  -  Run Remote Usage
		Usr 0 00:00:00, Sys 0 00:00:00  -  Run Local Usage
		Usr 0 00:06:41, Sys 0 00:01:32  -  Total Remote Usage
		Usr 0 00:00:00, Sys 0 00:00:00  -  Total Local Usage
	211230  -  Run Bytes Sent By Job
	2996  -  Run Bytes Received By Job
	211230  -  Total Bytes Sent By Job
	2996  -  Total Bytes Received By Job
	Partitionable Resources :    Usage  Request Allocated 
	   Cpus                 :     0.59        4         4 
	   Disk (KB)            :   229     8192000   8551110 
	   Memory (MB)          :   555        8000      8000 

	Job terminated of its own accord at 2021-05-20T05:37:06Z.
...
006 (2284182.012.000) 05/20 07:37:35 Image size of job updated: 61844828
	295  -  MemoryUsage of job (MB)
	301552  -  ResidentSetSize of job (KB)
...
040 (2284182.012.000) 05/20 07:37:35 Started transferring output files
...
040 (2284182.012.000) 05/20 07:37:36 Finished transferring output files
...
005 (2284182.012.000) 05/20 07:37:36 Job terminated.
	(1) Normal termination (return value 0)
		Usr 0 00:07:04, Sys 0 00:01:35  -  Run Remote Usage
		Usr 0 00:00:00, Sys 0 00:00:00  -  Run Local Usage
		Usr 0 00:07:04, Sys 0 00:01:35  -  Total Remote Usage
		Usr 0 00:00:00, Sys 0 00:00:00  -  Total Local Usage
	222190  -  Run Bytes Sent By Job
	2996  -  Run Bytes Received By Job
	222190  -  Total Bytes Sent By Job
	2996  -  Total Bytes Received By Job
	Partitionable Resources :    Usage  Request Allocated 
	   Cpus                 :                 4         4 
	   Disk (KB)            :      233  8192000   8382079 
	   Memory (MB)          :      295     8000      8000 

	Job terminated of its own accord at 2021-05-20T05:37:35Z.
...
006 (2284182.008.000) 05/20 07:37:43 Image size of job updated: 84683744
	388  -  MemoryUsage of job (MB)
	396996  -  ResidentSetSize of job (KB)
...
040 (2284182.008.000) 05/20 07:37:43 Started transferring output files
...
006 (2284182.001.000) 05/20 07:37:43 Image size of job updated: 61881776
	657  -  MemoryUsage of job (MB)
	671788  -  ResidentSetSize of job (KB)
...
040 (2284182.008.000) 05/20 07:37:43 Finished transferring output files
...
006 (2284182.000.000) 05/20 07:37:43 Image size of job updated: 61845196
	628  -  MemoryUsage of job (MB)
	642408  -  ResidentSetSize of job (KB)
...
005 (2284182.008.000) 05/20 07:37:43 Job terminated.
	(1) Normal termination (return value 0)
		Usr 0 00:06:56, Sys 0 00:01:36  -  Run Remote Usage
		Usr 0 00:00:00, Sys 0 00:00:00  -  Run Local Usage
		Usr 0 00:06:56, Sys 0 00:01:36  -  Total Remote Usage
		Usr 0 00:00:00, Sys 0 00:00:00  -  Total Local Usage
	203561  -  Run Bytes Sent By Job
	2996  -  Run Bytes Received By Job
	203561  -  Total Bytes Sent By Job
	2996  -  Total Bytes Received By Job
	Partitionable Resources :    Usage  Request Allocated 
	   Cpus                 :     0.58        4         4 
	   Disk (KB)            :   222     8192000   8347145 
	   Memory (MB)          :   388        8000      8000 

	Job terminated of its own accord at 2021-05-20T05:37:43Z.
...
006 (2284182.009.000) 05/20 07:37:45 Image size of job updated: 69261736
	427  -  MemoryUsage of job (MB)
	436704  -  ResidentSetSize of job (KB)
...
006 (2284182.006.000) 05/20 07:37:45 Image size of job updated: 61854320
	669  -  MemoryUsage of job (MB)
	684164  -  ResidentSetSize of job (KB)
...
006 (2284182.010.000) 05/20 07:37:46 Image size of job updated: 61879672
	789  -  MemoryUsage of job (MB)
	807472  -  ResidentSetSize of job (KB)
...
006 (2284182.001.000) 05/20 07:38:03 Image size of job updated: 85313212
	657  -  MemoryUsage of job (MB)
	672188  -  ResidentSetSize of job (KB)
...
040 (2284182.010.000) 05/20 07:38:07 Entered queue to transfer output files
...
040 (2284182.001.000) 05/20 07:38:08 Entered queue to transfer output files
...
040 (2284182.010.000) 05/20 07:38:16 Started transferring output files
...
040 (2284182.001.000) 05/20 07:38:16 Started transferring output files
...
040 (2284182.010.000) 05/20 07:38:16 Finished transferring output files
...
040 (2284182.001.000) 05/20 07:38:16 Finished transferring output files
...
005 (2284182.001.000) 05/20 07:38:29 Job terminated.
	(1) Normal termination (return value 0)
		Usr 0 00:06:56, Sys 0 00:01:46  -  Run Remote Usage
		Usr 0 00:00:00, Sys 0 00:00:00  -  Run Local Usage
		Usr 0 00:06:56, Sys 0 00:01:46  -  Total Remote Usage
		Usr 0 00:00:00, Sys 0 00:00:00  -  Total Local Usage
	199785  -  Run Bytes Sent By Job
	2996  -  Run Bytes Received By Job
	199785  -  Total Bytes Sent By Job
	2996  -  Total Bytes Received By Job
	Partitionable Resources :    Usage  Request Allocated 
	   Cpus                 :     0.01        4         4 
	   Disk (KB)            :   218     8192000   8347527 
	   Memory (MB)          :   657        8000      8000 

	Job terminated of its own accord at 2021-05-20T05:38:03Z.
...
005 (2284182.010.000) 05/20 07:38:29 Job terminated.
	(1) Normal termination (return value 0)
		Usr 0 00:07:00, Sys 0 00:01:39  -  Run Remote Usage
		Usr 0 00:00:00, Sys 0 00:00:00  -  Run Local Usage
		Usr 0 00:07:00, Sys 0 00:01:39  -  Total Remote Usage
		Usr 0 00:00:00, Sys 0 00:00:00  -  Total Local Usage
	186343  -  Run Bytes Sent By Job
	2996  -  Run Bytes Received By Job
	186343  -  Total Bytes Sent By Job
	2996  -  Total Bytes Received By Job
	Partitionable Resources :    Usage  Request Allocated 
	   Cpus                 :     0.58        4         4 
	   Disk (KB)            :   205     8192000   8422242 
	   Memory (MB)          :   789        8000      8000 

	Job terminated of its own accord at 2021-05-20T05:38:02Z.
...
006 (2284182.000.000) 05/20 07:39:13 Image size of job updated: 100551260
	628  -  MemoryUsage of job (MB)
	642432  -  ResidentSetSize of job (KB)
...
040 (2284182.000.000) 05/20 07:39:19 Entered queue to transfer output files
...
040 (2284182.000.000) 05/20 07:39:26 Started transferring output files
...
040 (2284182.000.000) 05/20 07:39:27 Finished transferring output files
...
005 (2284182.000.000) 05/20 07:39:32 Job terminated.
	(1) Normal termination (return value 0)
		Usr 0 00:07:36, Sys 0 00:01:46  -  Run Remote Usage
		Usr 0 00:00:00, Sys 0 00:00:00  -  Run Local Usage
		Usr 0 00:07:36, Sys 0 00:01:46  -  Total Remote Usage
		Usr 0 00:00:00, Sys 0 00:00:00  -  Total Local Usage
	191463  -  Run Bytes Sent By Job
	2996  -  Run Bytes Received By Job
	191463  -  Total Bytes Sent By Job
	2996  -  Total Bytes Received By Job
	Partitionable Resources :    Usage  Request Allocated 
	   Cpus                 :     0.57        4         4 
	   Disk (KB)            :   210     8192000   8297555 
	   Memory (MB)          :   628        8000      8000 

	Job terminated of its own accord at 2021-05-20T05:39:13Z.
...
040 (2284182.009.000) 05/20 07:39:51 Entered queue to transfer output files
...
040 (2284182.009.000) 05/20 07:39:54 Started transferring output files
...
040 (2284182.009.000) 05/20 07:39:58 Finished transferring output files
...
040 (2284182.007.000) 05/20 07:39:58 Started transferring output files
...
005 (2284182.009.000) 05/20 07:39:58 Job terminated.
	(1) Normal termination (return value 0)
		Usr 0 00:07:34, Sys 0 00:01:49  -  Run Remote Usage
		Usr 0 00:00:00, Sys 0 00:00:00  -  Run Local Usage
		Usr 0 00:07:34, Sys 0 00:01:49  -  Total Remote Usage
		Usr 0 00:00:00, Sys 0 00:00:00  -  Total Local Usage
	213099  -  Run Bytes Sent By Job
	2996  -  Run Bytes Received By Job
	213099  -  Total Bytes Sent By Job
	2996  -  Total Bytes Received By Job
	Partitionable Resources :    Usage  Request Allocated 
	   Cpus                 :     1.37        4         4 
	   Disk (KB)            :   231     8192000   8570287 
	   Memory (MB)          :   427        8000      8000 

	Job terminated of its own accord at 2021-05-20T05:39:46Z.
...
040 (2284182.007.000) 05/20 07:39:58 Finished transferring output files
...
005 (2284182.007.000) 05/20 07:39:58 Job terminated.
	(1) Normal termination (return value 0)
		Usr 0 00:07:37, Sys 0 00:01:45  -  Run Remote Usage
		Usr 0 00:00:00, Sys 0 00:00:00  -  Run Local Usage
		Usr 0 00:07:37, Sys 0 00:01:45  -  Total Remote Usage
		Usr 0 00:00:00, Sys 0 00:00:00  -  Total Local Usage
	196704  -  Run Bytes Sent By Job
	2996  -  Run Bytes Received By Job
	196704  -  Total Bytes Sent By Job
	2996  -  Total Bytes Received By Job
	Partitionable Resources :    Usage  Request Allocated 
	   Cpus                 :     0.57        4         4 
	   Disk (KB)            :   215     8192000   8561057 
	   Memory (MB)          :   344        8000      8000 

	Job terminated of its own accord at 2021-05-20T05:39:56Z.
...
006 (2284182.006.000) 05/20 07:42:05 Image size of job updated: 100554284
	669  -  MemoryUsage of job (MB)
	684164  -  ResidentSetSize of job (KB)
...
040 (2284182.006.000) 05/20 07:42:05 Started transferring output files
...
040 (2284182.006.000) 05/20 07:42:05 Finished transferring output files
...
005 (2284182.006.000) 05/20 07:42:05 Job terminated.
	(1) Normal termination (return value 0)
		Usr 0 00:08:07, Sys 0 00:01:49  -  Run Remote Usage
		Usr 0 00:00:00, Sys 0 00:00:00  -  Run Local Usage
		Usr 0 00:08:07, Sys 0 00:01:49  -  Total Remote Usage
		Usr 0 00:00:00, Sys 0 00:00:00  -  Total Local Usage
	203186  -  Run Bytes Sent By Job
	2996  -  Run Bytes Received By Job
	203186  -  Total Bytes Sent By Job
	2996  -  Total Bytes Received By Job
	Partitionable Resources :    Usage  Request Allocated 
	   Cpus                 :     1.16        4         4 
	   Disk (KB)            :   222     8192000   8331618 
	   Memory (MB)          :   669        8000      8000 

	Job terminated of its own accord at 2021-05-20T05:42:05Z.
...
040 (2284182.014.000) 05/20 09:27:40 Started transferring output files
...
040 (2284182.014.000) 05/20 09:27:40 Finished transferring output files
...
009 (2284182.014.000) 05/20 09:27:41 Job was aborted by the user.
	Job removed by SYSTEM_PERIODIC_REMOVE due to wall time exceeded allowed max.
...
040 (2284182.011.000) 05/20 09:27:41 Started transferring output files
...
040 (2284182.011.000) 05/20 09:27:41 Finished transferring output files
...
009 (2284182.011.000) 05/20 09:27:41 Job was aborted by the user.
	Job removed by SYSTEM_PERIODIC_REMOVE due to wall time exceeded allowed max.
...
040 (2284182.018.000) 05/20 09:27:41 Started transferring output files
...
040 (2284182.018.000) 05/20 09:27:41 Finished transferring output files
...
009 (2284182.018.000) 05/20 09:27:41 Job was aborted by the user.
	Job removed by SYSTEM_PERIODIC_REMOVE due to wall time exceeded allowed max.
...
040 (2284182.015.000) 05/20 09:27:42 Started transferring output files
...
040 (2284182.015.000) 05/20 09:27:42 Finished transferring output files
...
009 (2284182.015.000) 05/20 09:27:42 Job was aborted by the user.
	Job removed by SYSTEM_PERIODIC_REMOVE due to wall time exceeded allowed max.
...
040 (2284182.016.000) 05/20 09:27:58 Started transferring output files
...
040 (2284182.016.000) 05/20 09:27:58 Finished transferring output files
...
009 (2284182.016.000) 05/20 09:27:58 Job was aborted by the user.
	Job removed by SYSTEM_PERIODIC_REMOVE due to wall time exceeded allowed max.
...
040 (2284182.019.000) 05/20 09:27:59 Started transferring output files
...
040 (2284182.019.000) 05/20 09:27:59 Finished transferring output files
...
009 (2284182.019.000) 05/20 09:27:59 Job was aborted by the user.
	Job removed by SYSTEM_PERIODIC_REMOVE due to wall time exceeded allowed max.
...
