===============================
execute this script as follows:
./generate_its.sh system region nevents
where:
system = 1 -> pp
       = 2 -> Pb-Pb
region = 1 -> ITS only
       = 2 -> whole detector
===============================
will generate Pb-Pb events
will transport events in the ITS only
Will generate: 10 events
Moving to /eos/user/f/ftorales/its_data/alignment/lbnl_alice_alignment_tasks/2287089/13
/eos/user/f/ftorales/its_data/alignment/lbnl_alice_alignment_tasks/2287089/13

==============================================================================================
1. MC generation run
[INFO] Running with 6 sim workers 
[INFO] CREATING SIM SHARED MEM SEGMENT FOR 6 WORKERS
Spawning particle server on PID 996; Redirect output to o2sim_serverlog
Spawning sim worker 0 on PID 998; Redirect output to o2sim_workerlog0
Spawning hit merger on PID 999; Redirect output to o2sim_mergerlog
[INFO] DISTRIBUTING EVENT : 1
[INFO] EVENT FINISHED : 1
[INFO] DISTRIBUTING EVENT : 2
[INFO] EVENT FINISHED : 2
[INFO] DISTRIBUTING EVENT : 3
[INFO] EVENT FINISHED : 3
[INFO] DISTRIBUTING EVENT : 4
[INFO] DISTRIBUTING EVENT : 5
[INFO] EVENT FINISHED : 5
[INFO] EVENT FINISHED : 4
[INFO] DISTRIBUTING EVENT : 6
[INFO] EVENT FINISHED : 6
[INFO] DISTRIBUTING EVENT : 7
[INFO] EVENT FINISHED : 7
[INFO] DISTRIBUTING EVENT : 8
[INFO] EVENT FINISHED : 8
[INFO] DISTRIBUTING EVENT : 9
[INFO] EVENT FINISHED : 9
[INFO] DISTRIBUTING EVENT : 10
[INFO] EVENT FINISHED : 10
[INFO] Merger process 999 returned
[INFO] Simulation process took 122.491 s
[INFO] SIMULATION RETURNED SUCCESFULLY

==============================================================================================
2. Hits to digits conversion
Run: 1621527736
Fill:      0
Period: 
LHC State: 
Start: Thu May 20 18:22:18 2021
End  : Thu May 20 18:22:18 2021
Beam0: Z:A =   0:  0, Energy = 0.000
Beam1: Z:A =   0:  0, Energy = 0.000
sqrt[s]    = 0.000
crossing angle (radian) = 0.000000e+00
magnet currents (A) L3 = -30000.000, Dipole = -6000
Detectors: Cont.RO Triggers
      ITS:    -       -    
[INFO] MC-TRUTH 1
[INFO] TPC: GEM setup - initialization from scratch
[INFO] TPC: GEM setup (polya) took 9.1
[INFO] TPC is in grp? no; is skipped? no
[INFO] ITS is in grp? yes; is skipped? no
[INFO] MFT is in grp? no; is skipped? no
[INFO] TOF is in grp? no; is skipped? no
[INFO] FT0 is in grp? no; is skipped? no
[INFO] FV0 is in grp? no; is skipped? no
[INFO] EMC is in grp? no; is skipped? no
[INFO] HMP is in grp? no; is skipped? no
[INFO] ZDC is in grp? no; is skipped? no
[INFO] TRD is in grp? no; is skipped? no
[INFO] MCH is in grp? no; is skipped? no
[INFO] MID is in grp? no; is skipped? no
[INFO] FDD is in grp? no; is skipped? no
[INFO] PHS is in grp? no; is skipped? no
[INFO] CPV is in grp? no; is skipped? no
[INFO] Initialising O2 Data Processing Layer
[INFO] O2 Data Processing Layer initialised. We brake for nobody.
[INFO] Optimised build. O2DEBUG / LOG(DEBUG) / LOGF(DEBUG) / assert statement will not be shown.
[INFO] Redeployment of configuration asked.
[INFO] Starting internal-dpl-clock on pid 2100
[INFO] Starting SimReader on pid 2101
[INFO] Starting ITSDigitizer on pid 2102
[INFO] Starting GRPUpdater on pid 2103
[INFO] Starting ITSDigitWriter on pid 2104
[INFO] Redeployment of configuration done.
[2100:internal-dpl-clock]: [INFO] MC-TRUTH 1
[2101:SimReader]: [INFO] MC-TRUTH 1
[2102:ITSDigitizer]: [INFO] MC-TRUTH 1
[2104:ITSDigitWriter]: [INFO] MC-TRUTH 1
[2103:GRPUpdater]: [INFO] MC-TRUTH 1
[2102:ITSDigitizer]: [INFO] Spawing new device ITSDigitizer in process with pid 2102
[2100:internal-dpl-clock]: [INFO] Spawing new device internal-dpl-clock in process with pid 2100
[2104:ITSDigitWriter]: [INFO] Spawing new device ITSDigitWriter in process with pid 2104
[2101:SimReader]: [INFO] Spawing new device SimReader in process with pid 2101
[2103:GRPUpdater]: [INFO] Spawing new device GRPUpdater in process with pid 2103
[2100:internal-dpl-clock]: [18:26:24][INFO] 
[2100:internal-dpl-clock]:       ______      _    _______  _________ 
[2100:internal-dpl-clock]:      / ____/___ _(_)_______   |/  /_  __ \    version 1.4.29
[2100:internal-dpl-clock]:     / /_  / __ `/ / ___/__  /|_/ /_  / / /    build RELWITHDEBINFO
[2100:internal-dpl-clock]:    / __/ / /_/ / / /    _  /  / / / /_/ /     https://github.com/FairRootGroup/FairMQ
[2100:internal-dpl-clock]:   /_/    \__,_/_/_/     /_/  /_/  \___\_\     LGPL-3.0  © 2012-2020 GSI
[2100:internal-dpl-clock]: 
[2102:ITSDigitizer]: [18:26:24][INFO] 
[2102:ITSDigitizer]:       ______      _    _______  _________ 
[2102:ITSDigitizer]:      / ____/___ _(_)_______   |/  /_  __ \    version 1.4.29
[2102:ITSDigitizer]:     / /_  / __ `/ / ___/__  /|_/ /_  / / /    build RELWITHDEBINFO
[2102:ITSDigitizer]:    / __/ / /_/ / / /    _  /  / / / /_/ /     https://github.com/FairRootGroup/FairMQ
[2102:ITSDigitizer]:   /_/    \__,_/_/_/     /_/  /_/  \___\_\     LGPL-3.0  © 2012-2020 GSI
[2102:ITSDigitizer]: 
[2103:GRPUpdater]: [18:26:24][INFO] 
[2103:GRPUpdater]:       ______      _    _______  _________ 
[2103:GRPUpdater]:      / ____/___ _(_)_______   |/  /_  __ \    version 1.4.29
[2103:GRPUpdater]:     / /_  / __ `/ / ___/__  /|_/ /_  / / /    build RELWITHDEBINFO
[2103:GRPUpdater]:    / __/ / /_/ / / /    _  /  / / / /_/ /     https://github.com/FairRootGroup/FairMQ
[2103:GRPUpdater]:   /_/    \__,_/_/_/     /_/  /_/  \___\_\     LGPL-3.0  © 2012-2020 GSI
[2103:GRPUpdater]: 
[2104:ITSDigitWriter]: [18:26:24][INFO] 
[2104:ITSDigitWriter]:       ______      _    _______  _________ 
[2104:ITSDigitWriter]:      / ____/___ _(_)_______   |/  /_  __ \    version 1.4.29
[2104:ITSDigitWriter]:     / /_  / __ `/ / ___/__  /|_/ /_  / / /    build RELWITHDEBINFO
[2104:ITSDigitWriter]:    / __/ / /_/ / / /    _  /  / / / /_/ /     https://github.com/FairRootGroup/FairMQ
[2104:ITSDigitWriter]:   /_/    \__,_/_/_/     /_/  /_/  \___\_\     LGPL-3.0  © 2012-2020 GSI
[2104:ITSDigitWriter]: 
[2101:SimReader]: [18:26:24][INFO] 
[2101:SimReader]:       ______      _    _______  _________ 
[2101:SimReader]:      / ____/___ _(_)_______   |/  /_  __ \    version 1.4.29
[2101:SimReader]:     / /_  / __ `/ / ___/__  /|_/ /_  / / /    build RELWITHDEBINFO
[2101:SimReader]:    / __/ / /_/ / / /    _  /  / / / /_/ /     https://github.com/FairRootGroup/FairMQ
[2101:SimReader]:   /_/    \__,_/_/_/     /_/  /_/  \___\_\     LGPL-3.0  © 2012-2020 GSI
[2101:SimReader]: 
[2102:ITSDigitizer]: [18:26:24][STATE] Starting FairMQ state machine --> IDLE
[2100:internal-dpl-clock]: [18:26:24][STATE] Starting FairMQ state machine --> IDLE
[2103:GRPUpdater]: [18:26:24][STATE] Starting FairMQ state machine --> IDLE
[2104:ITSDigitWriter]: [18:26:24][STATE] Starting FairMQ state machine --> IDLE
[2101:SimReader]: [18:26:24][STATE] Starting FairMQ state machine --> IDLE
[2102:ITSDigitizer]: 2021-05-20 18:26:24	Monitoring	[0;49mStdOut backend initialized[0m
[2100:internal-dpl-clock]: 2021-05-20 18:26:24	Monitoring	[0;49mStdOut backend initialized[0m
[2101:SimReader]: 2021-05-20 18:26:24	Monitoring	[0;49mStdOut backend initialized[0m
[2102:ITSDigitizer]: [18:26:24][STATE] IDLE ---> INITIALIZING DEVICE
[2103:GRPUpdater]: 2021-05-20 18:26:24	Monitoring	[0;49mStdOut backend initialized[0m
[2104:ITSDigitWriter]: 2021-05-20 18:26:24	Monitoring	[0;49mStdOut backend initialized[0m
[2100:internal-dpl-clock]: [18:26:24][STATE] IDLE ---> INITIALIZING DEVICE
[2100:internal-dpl-clock]: 2021-05-20 18:26:24	Monitoring	[0;49mBuffering enabled (100)[0m
[2100:internal-dpl-clock]: [18:26:24][STATE] INITIALIZING DEVICE ---> INITIALIZED
[2100:internal-dpl-clock]: [18:26:24][STATE] INITIALIZED ---> BINDING
[2100:internal-dpl-clock]: [18:26:24][STATE] BINDING ---> BOUND
[2100:internal-dpl-clock]: [18:26:24][STATE] BOUND ---> CONNECTING
[2100:internal-dpl-clock]: [18:26:24][STATE] CONNECTING ---> DEVICE READY
[2100:internal-dpl-clock]: [18:26:24][STATE] DEVICE READY ---> INITIALIZING TASK
[2100:internal-dpl-clock]: [18:26:24][STATE] INITIALIZING TASK ---> READY
[2100:internal-dpl-clock]: [18:26:24][STATE] READY ---> RUNNING
[2100:internal-dpl-clock]: [18:26:24][INFO] DEVICE: Running...
[2101:SimReader]: [18:26:24][STATE] IDLE ---> INITIALIZING DEVICE
[2101:SimReader]: 2021-05-20 18:26:24	Monitoring	[0;49mBuffering enabled (100)[0m
[2101:SimReader]: [18:26:24][INFO] adding o2sim
[2101:SimReader]: 
[2101:SimReader]: [18:26:24][INFO] INCONTEXTSTRING 
[2101:SimReader]: [18:26:24][INFO] Imposing hadronic interaction rate 50000Hz
[2101:SimReader]: [18:26:24][WARN] No bunch filling provided, impose default one
[2101:SimReader]: [18:26:24][INFO] Deducing mu=0.00771915 per BC from IR=50000 with 576 BCs
[2101:SimReader]: [18:26:24][INFO] InteractionSampler with 576 colliding BCs, mu(BC)= 0.00771915 -> total IR= 50000
[2101:SimReader]: [18:26:24][INFO] Current BCid:    0 Orbit:      1 |T in BC(ns): 0.000(0 coll left)
[2101:SimReader]: [18:26:24][INFO] setting up 1 chains
[2102:ITSDigitizer]: 2021-05-20 18:26:24	Monitoring	[0;49mBuffering enabled (100)[0m
[2102:ITSDigitizer]: [18:26:24][INFO] Initializing geometry service
[2102:ITSDigitizer]: [18:26:24][INFO] Loading geometry FAIRGeom from o2sim_geometry.root
[2103:GRPUpdater]: [18:26:24][STATE] IDLE ---> INITIALIZING DEVICE
[2103:GRPUpdater]: 2021-05-20 18:26:24	Monitoring	[0;49mBuffering enabled (100)[0m
[2103:GRPUpdater]: [18:26:24][STATE] INITIALIZING DEVICE ---> INITIALIZED
[2103:GRPUpdater]: [18:26:24][STATE] INITIALIZED ---> BINDING
[2103:GRPUpdater]: [18:26:24][STATE] BINDING ---> BOUND
[2103:GRPUpdater]: [18:26:24][STATE] BOUND ---> CONNECTING
[2103:GRPUpdater]: [18:26:24][STATE] CONNECTING ---> DEVICE READY
[2103:GRPUpdater]: [18:26:24][STATE] DEVICE READY ---> INITIALIZING TASK
[2103:GRPUpdater]: [18:26:24][STATE] INITIALIZING TASK ---> READY
[2103:GRPUpdater]: [18:26:24][STATE] READY ---> RUNNING
[2103:GRPUpdater]: [18:26:24][INFO] DEVICE: Running...
[2104:ITSDigitWriter]: [18:26:24][STATE] IDLE ---> INITIALIZING DEVICE
[2104:ITSDigitWriter]: 2021-05-20 18:26:24	Monitoring	[0;49mBuffering enabled (100)[0m
[2104:ITSDigitWriter]: [18:26:24][INFO] 0: branch  ITSDigitMCTruth set up
[2104:ITSDigitWriter]: [18:26:24][INFO] 1: branch  ITSDigitMC2ROF set up
[2104:ITSDigitWriter]: [18:26:24][INFO] 2: branch  ITSDigit set up
[2104:ITSDigitWriter]: [18:26:24][INFO] 3: branch  ITSDigitROF set up
[2104:ITSDigitWriter]: [18:26:24][STATE] INITIALIZING DEVICE ---> INITIALIZED
[2104:ITSDigitWriter]: [18:26:24][STATE] INITIALIZED ---> BINDING
[2104:ITSDigitWriter]: [18:26:24][STATE] BINDING ---> BOUND
[2104:ITSDigitWriter]: [18:26:24][STATE] BOUND ---> CONNECTING
[2104:ITSDigitWriter]: [18:26:24][STATE] CONNECTING ---> DEVICE READY
[2104:ITSDigitWriter]: [18:26:24][STATE] DEVICE READY ---> INITIALIZING TASK
[2104:ITSDigitWriter]: [18:26:24][STATE] INITIALIZING TASK ---> READY
[2104:ITSDigitWriter]: [18:26:24][STATE] READY ---> RUNNING
[2104:ITSDigitWriter]: [18:26:24][INFO] DEVICE: Running...
[2102:ITSDigitizer]: Info in <TGeoManager::CloseGeometry>: Geometry loaded from file...
[2102:ITSDigitizer]: Info in <TGeoManager::SetTopVolume>: Top volume is cave. Master volume is cave
[2102:ITSDigitizer]: Info in <TGeoNavigator::BuildCache>: --- Maximum geometry depth set to 100
[2102:ITSDigitizer]: Info in <TGeoManager::CloseGeometry>: Voxelization retrieved from file
[2102:ITSDigitizer]: Info in <TGeoManager::CountLevels>: max level = 9, max placements = 126
[2102:ITSDigitizer]: Info in <TGeoManager::CloseGeometry>: 179840 nodes/ 399 volume UID's in FAIR geometry
[2102:ITSDigitizer]: Info in <TGeoManager::CloseGeometry>: ----------------modeler ready----------------
[2102:ITSDigitizer]: [18:26:25][INFO] Initializing field service
[2101:SimReader]: [18:26:25][INFO] Automatic deduction of number of collisions ... will just take number of background entries 10
[2101:SimReader]: Summary of DigitizationContext --
[2101:SimReader]: Parts per collision 1
[2101:SimReader]: Collision parts taken from simulations specified by prefix:
[2101:SimReader]: Number of Collisions 10
[2101:SimReader]: Collision 0 TIME BCid:  624 Orbit:      1 |T in BC(ns): 0.245 (0 , 0)
[2101:SimReader]: Collision 1 TIME BCid: 1024 Orbit:      1 |T in BC(ns): -0.311 (0 , 1)
[2101:SimReader]: Collision 2 TIME BCid: 1164 Orbit:      1 |T in BC(ns): 0.093 (0 , 2)
[2101:SimReader]: Collision 3 TIME BCid: 2196 Orbit:      1 |T in BC(ns): -0.288 (0 , 3)
[2101:SimReader]: Collision 4 TIME BCid:  784 Orbit:      2 |T in BC(ns): 0.231 (0 , 4)
[2101:SimReader]: Collision 5 TIME BCid: 1028 Orbit:      2 |T in BC(ns): -0.367 (0 , 5)
[2101:SimReader]: Collision 6 TIME BCid: 1198 Orbit:      2 |T in BC(ns): 0.108 (0 , 6)
[2101:SimReader]: Collision 7 TIME BCid:    6 Orbit:      3 |T in BC(ns): -0.013 (0 , 7)
[2101:SimReader]: Collision 8 TIME BCid:  974 Orbit:      3 |T in BC(ns): 0.136 (0 , 8)
[2101:SimReader]: Collision 9 TIME BCid: 1566 Orbit:      3 |T in BC(ns): 0.131 (0 , 9)
[2101:SimReader]: [18:26:25][INFO] Initializing Spec ... have 10 times 
[2101:SimReader]: [18:26:25][INFO] Serializing Context for later reuse
[2102:ITSDigitizer]: [18:26:25][INFO] MagneticField::Print: MagneticFieldMap:
[2102:ITSDigitizer]: [18:26:25][INFO] MagneticField::Print: Solenoid (-1*)5 kG, Dipole ON (-1) 
[2102:ITSDigitizer]: [18:26:25][INFO] MagneticField::Print: Machine B fields for p-p  beam (7000 GeV): QGrad: 22.0002 Dipole: 37.8781
[2102:ITSDigitizer]: [18:26:25][INFO] MagneticField::Print: Uses Sol30_Dip6_Hole  of /cvmfs/alice.cern.ch/el7-x86_64/Packages/O2/nightly-20210129-1/share/Common/maps/mfchebKGI_sym.root
[2102:ITSDigitizer]: Info in <TGeoGlobalMagField::SetField>: Global magnetic field set to <MagneticFieldMap>
[2102:ITSDigitizer]: Info in <TGeoGlobalMagField::Lock>: Global magnetic field <MagneticFieldMap> is now locked
[2102:ITSDigitizer]: [18:26:25][INFO] Set Alpide charge threshold to 150, single hit will be accounted from 15 electrons
[2102:ITSDigitizer]: [18:26:25][INFO] ITS simulated in CONTINUOUS RO mode
[2101:SimReader]: [18:26:25][STATE] INITIALIZING DEVICE ---> INITIALIZED
[2101:SimReader]: [18:26:25][STATE] INITIALIZED ---> BINDING
[2101:SimReader]: [18:26:25][STATE] BINDING ---> BOUND
[2101:SimReader]: [18:26:25][STATE] BOUND ---> CONNECTING
[2101:SimReader]: [18:26:25][STATE] CONNECTING ---> DEVICE READY
[2101:SimReader]: [18:26:25][STATE] DEVICE READY ---> INITIALIZING TASK
[2101:SimReader]: [18:26:25][STATE] INITIALIZING TASK ---> READY
[2101:SimReader]: [18:26:25][STATE] READY ---> RUNNING
[2101:SimReader]: [18:26:25][INFO] DEVICE: Running...
[2101:SimReader]: [18:26:25][INFO] SENDING SOMETHING TO OTHERS
[2102:ITSDigitizer]: [18:26:25][INFO] Loading ITS L2G matrices from TGeo
[2102:ITSDigitizer]: Alpide response object of 40500 matrices to map chagre in xyz to 5x5 pixels
[2102:ITSDigitizer]: X(col) range: +0.000000e+00 : +1.462000e-03 | step: 5.000000e-05 | Nbins: 30
[2102:ITSDigitizer]: Y(row) range: +0.000000e+00 : +1.344000e-03 | step: 5.000000e-05 | Nbins: 27
[2102:ITSDigitizer]: Z(dpt) range: -2.000000e-03 : +2.500000e-03 | step: 8.999999e-05 | Nbins: 50
[2102:ITSDigitizer]: Alpide digitization params:
[2102:ITSDigitizer]: Continuous readout             : ON
[2102:ITSDigitizer]: Readout Frame Length(ns)       : 9880.510742
[2102:ITSDigitizer]: Strobe delay (ns)              : 99.803139
[2102:ITSDigitizer]: Strobe length (ns)             : 9780.708008
[2102:ITSDigitizer]: Threshold (N electrons)        : 150
[2102:ITSDigitizer]: Min N electrons to accoint     : 15
[2102:ITSDigitizer]: Number of charge sharing steps : 7
[2102:ITSDigitizer]: ELoss to N electrons factor    : 2.777778e+08
[2102:ITSDigitizer]: Noise level per pixel          : 1.000000e-07
[2102:ITSDigitizer]: Charge time-response:
[2102:ITSDigitizer]: o2::itsmft::AlpideSignalTrapezoid | Duration: 7500.0 MaxRiseTime: 1100.0 (RiseTime=0 at q=450.0) (ns)
[2102:ITSDigitizer]: [18:26:26][STATE] INITIALIZING DEVICE ---> INITIALIZED
[2102:ITSDigitizer]: [18:26:26][STATE] INITIALIZED ---> BINDING
[2102:ITSDigitizer]: [18:26:26][STATE] BINDING ---> BOUND
[2102:ITSDigitizer]: [18:26:26][STATE] BOUND ---> CONNECTING
[2102:ITSDigitizer]: [18:26:26][STATE] CONNECTING ---> DEVICE READY
[2102:ITSDigitizer]: [18:26:26][STATE] DEVICE READY ---> INITIALIZING TASK
[2102:ITSDigitizer]: [18:26:26][STATE] INITIALIZING TASK ---> READY
[2102:ITSDigitizer]: [18:26:26][STATE] READY ---> RUNNING
[2102:ITSDigitizer]: [18:26:26][INFO] DEVICE: Running...
[2102:ITSDigitizer]: [18:26:26][INFO] GOT 10 COLLISSION TIMES
[2102:ITSDigitizer]: [18:26:26][INFO] SIMCHAINS 1
[2102:ITSDigitizer]: [18:26:26][INFO]  CALLING ITS DIGITIZATION 
[2102:ITSDigitizer]: [18:26:26][INFO] Digitizing ITS hits of entry 0 from source 0 at time BCid:  624 Orbit:      1 |T in BC(ns): 0.245 ROFrame= 10) cont.mode: 1 Min/Max ROFrames 0/9
[2102:ITSDigitizer]: [18:26:26][INFO] Filling ITS digits output for RO frames 0:9
[2102:ITSDigitizer]: ROF: 0 | 1283 entries starting from 0
[2102:ITSDigitizer]: BCid:    0 Orbit:      0
[2102:ITSDigitizer]: ROF: 1 | 1267 entries starting from 1283
[2102:ITSDigitizer]: BCid:  396 Orbit:      0
[2102:ITSDigitizer]: ROF: 2 | 1323 entries starting from 2550
[2102:ITSDigitizer]: BCid:  792 Orbit:      0
[2102:ITSDigitizer]: ROF: 3 | 1229 entries starting from 3873
[2102:ITSDigitizer]: BCid: 1188 Orbit:      0
[2102:ITSDigitizer]: ROF: 4 | 1245 entries starting from 5102
[2102:ITSDigitizer]: BCid: 1584 Orbit:      0
[2102:ITSDigitizer]: ROF: 5 | 1248 entries starting from 6347
[2102:ITSDigitizer]: BCid: 1980 Orbit:      0
[2102:ITSDigitizer]: ROF: 6 | 1259 entries starting from 7595
[2102:ITSDigitizer]: BCid: 2376 Orbit:      0
[2102:ITSDigitizer]: ROF: 7 | 1258 entries starting from 8854
[2102:ITSDigitizer]: BCid: 2772 Orbit:      0
[2102:ITSDigitizer]: ROF: 8 | 1247 entries starting from 10112
[2102:ITSDigitizer]: BCid: 3168 Orbit:      0
[2102:ITSDigitizer]: ROF: 9 | 1249 entries starting from 11359
[2102:ITSDigitizer]: BCid:    0 Orbit:      1
[2102:ITSDigitizer]: [18:26:27][INFO] Added 12608 digits 
[2102:ITSDigitizer]: [18:26:27][INFO] Digitizing ITS hits of entry 1 from source 0 at time BCid: 1024 Orbit:      1 |T in BC(ns): -0.311 ROFrame= 11) cont.mode: 1 Min/Max ROFrames 10/12
[2102:ITSDigitizer]: [18:26:27][INFO] Filling ITS digits output for RO frames 10:10
[2102:ITSDigitizer]: ROF: 10 | 239324 entries starting from 12608
[2102:ITSDigitizer]: BCid:  396 Orbit:      1
[2102:ITSDigitizer]: MCEventID: 0 ROFs: 10-12 Entry in ROFRecords: 10
[2102:ITSDigitizer]: [18:26:27][INFO] Added 239324 digits 
[2102:ITSDigitizer]: [18:26:27][INFO] Digitizing ITS hits of entry 2 from source 0 at time BCid: 1164 Orbit:      1 |T in BC(ns): 0.093 ROFrame= 11) cont.mode: 1 Min/Max ROFrames 11/13
[2102:ITSDigitizer]: [18:26:27][INFO] Digitizing ITS hits of entry 3 from source 0 at time BCid: 2196 Orbit:      1 |T in BC(ns): -0.288 ROFrame= 14) cont.mode: 1 Min/Max ROFrames 11/13
[2102:ITSDigitizer]: [18:26:27][INFO] Filling ITS digits output for RO frames 11:13
[2102:ITSDigitizer]: ROF: 11 | 375287 entries starting from 251932
[2102:ITSDigitizer]: BCid:  792 Orbit:      1
[2102:ITSDigitizer]: MCEventID: 1 ROFs: 11-13 Entry in ROFRecords: 11
[2102:ITSDigitizer]: MCEventID: 2 ROFs: 11-12 Entry in ROFRecords: 11
[2102:ITSDigitizer]: ROF: 12 | 137394 entries starting from 627219
[2102:ITSDigitizer]: BCid: 1188 Orbit:      1
[2102:ITSDigitizer]: ROF: 13 | 1364 entries starting from 764613
[2102:ITSDigitizer]: BCid: 1584 Orbit:      1
[2102:ITSDigitizer]: [18:26:28][INFO] Added 514045 digits 
[2102:ITSDigitizer]: [18:26:28][INFO] Digitizing ITS hits of entry 4 from source 0 at time BCid:  784 Orbit:      2 |T in BC(ns): 0.231 ROFrame= 19) cont.mode: 1 Min/Max ROFrames 14/18
[2102:ITSDigitizer]: [18:26:28][INFO] Filling ITS digits output for RO frames 14:18
[2102:ITSDigitizer]: ROF: 14 | 3966 entries starting from 765977
[2102:ITSDigitizer]: BCid: 1980 Orbit:      1
[2102:ITSDigitizer]: MCEventID: 3 ROFs: 14-16 Entry in ROFRecords: 14
[2102:ITSDigitizer]: ROF: 15 | 4026 entries starting from 769943
[2102:ITSDigitizer]: BCid: 2376 Orbit:      1
[2102:ITSDigitizer]: ROF: 16 | 1297 entries starting from 773969
[2102:ITSDigitizer]: BCid: 2772 Orbit:      1
[2102:ITSDigitizer]: ROF: 17 | 1232 entries starting from 775266
[2102:ITSDigitizer]: BCid: 3168 Orbit:      1
[2102:ITSDigitizer]: ROF: 18 | 1253 entries starting from 776498
[2102:ITSDigitizer]: BCid:    0 Orbit:      2
[2102:ITSDigitizer]: [18:26:28][INFO] Added 11774 digits 
[2102:ITSDigitizer]: [18:26:28][INFO] Digitizing ITS hits of entry 5 from source 0 at time BCid: 1028 Orbit:      2 |T in BC(ns): -0.367 ROFrame= 20) cont.mode: 1 Min/Max ROFrames 19/21
[2102:ITSDigitizer]: [18:26:28][INFO] Filling ITS digits output for RO frames 19:19
[2102:ITSDigitizer]: ROF: 19 | 173092 entries starting from 777751
[2102:ITSDigitizer]: BCid:  396 Orbit:      2
[2102:ITSDigitizer]: MCEventID: 4 ROFs: 19-21 Entry in ROFRecords: 19
[2102:ITSDigitizer]: [18:26:29][INFO] Added 173092 digits 
[2102:ITSDigitizer]: [18:26:29][INFO] Digitizing ITS hits of entry 6 from source 0 at time BCid: 1198 Orbit:      2 |T in BC(ns): 0.108 ROFrame= 21) cont.mode: 1 Min/Max ROFrames 20/22
[2102:ITSDigitizer]: [18:26:29][INFO] Filling ITS digits output for RO frames 20:20
[2102:ITSDigitizer]: ROF: 20 | 422073 entries starting from 950843
[2102:ITSDigitizer]: BCid:  792 Orbit:      2
[2102:ITSDigitizer]: MCEventID: 5 ROFs: 20-22 Entry in ROFRecords: 20
[2102:ITSDigitizer]: [18:26:29][INFO] Added 422073 digits 
[2102:ITSDigitizer]: [18:26:29][INFO] Digitizing ITS hits of entry 7 from source 0 at time BCid:    6 Orbit:      3 |T in BC(ns): -0.013 ROFrame= 27) cont.mode: 1 Min/Max ROFrames 21/26
[2102:ITSDigitizer]: [18:26:29][INFO] Filling ITS digits output for RO frames 21:26
[2102:ITSDigitizer]: ROF: 21 | 208636 entries starting from 1372916
[2102:ITSDigitizer]: BCid: 1188 Orbit:      2
[2102:ITSDigitizer]: MCEventID: 6 ROFs: 21-21 Entry in ROFRecords: 21
[2102:ITSDigitizer]: ROF: 22 | 1507 entries starting from 1581552
[2102:ITSDigitizer]: BCid: 1584 Orbit:      2
[2102:ITSDigitizer]: ROF: 23 | 1302 entries starting from 1583059
[2102:ITSDigitizer]: BCid: 1980 Orbit:      2
[2102:ITSDigitizer]: ROF: 24 | 1272 entries starting from 1584361
[2102:ITSDigitizer]: BCid: 2376 Orbit:      2
[2102:ITSDigitizer]: ROF: 25 | 1301 entries starting from 1585633
[2102:ITSDigitizer]: BCid: 2772 Orbit:      2
[2102:ITSDigitizer]: ROF: 26 | 1254 entries starting from 1586934
[2102:ITSDigitizer]: BCid: 3168 Orbit:      2
[2102:ITSDigitizer]: [18:26:30][INFO] Added 215272 digits 
[2102:ITSDigitizer]: [18:26:30][INFO] Digitizing ITS hits of entry 8 from source 0 at time BCid:  974 Orbit:      3 |T in BC(ns): 0.136 ROFrame= 29) cont.mode: 1 Min/Max ROFrames 27/28
[2102:ITSDigitizer]: [18:26:30][INFO] Filling ITS digits output for RO frames 27:28
[2102:ITSDigitizer]: ROF: 27 | 182273 entries starting from 1588188
[2102:ITSDigitizer]: BCid:    0 Orbit:      3
[2102:ITSDigitizer]: MCEventID: 7 ROFs: 27-28 Entry in ROFRecords: 27
[2102:ITSDigitizer]: ROF: 28 | 2192 entries starting from 1770461
[2102:ITSDigitizer]: BCid:  396 Orbit:      3
[2102:ITSDigitizer]: [18:26:30][INFO] Added 184465 digits 
[2102:ITSDigitizer]: [18:26:30][INFO] Digitizing ITS hits of entry 9 from source 0 at time BCid: 1566 Orbit:      3 |T in BC(ns): 0.131 ROFrame= 30) cont.mode: 1 Min/Max ROFrames 29/30
[2102:ITSDigitizer]: [18:26:30][INFO] Filling ITS digits output for RO frames 29:29
[2102:ITSDigitizer]: [18:26:30][WARN] Ignoring hit with time_in_event = 21980.2 ns
[2102:ITSDigitizer]: [18:26:30][WARN] Ignoring hit with time_in_event = 21982.8 ns
[2102:ITSDigitizer]: [18:26:30][WARN] Ignoring hit with time_in_event = 21981.8 ns
[2102:ITSDigitizer]: [18:26:30][WARN] Ignoring hit with time_in_event = 21982.2 ns
[2102:ITSDigitizer]: [18:26:30][WARN] Ignoring hit with time_in_event = 21984.4 ns
[2102:ITSDigitizer]: [18:26:30][WARN] Ignoring hit with time_in_event = 21984 ns
[2102:ITSDigitizer]: [18:26:30][WARN] Ignoring hit with time_in_event = 21984.2 ns
[2102:ITSDigitizer]: [18:26:30][WARN] Ignoring hit with time_in_event = 21981 ns
[2102:ITSDigitizer]: [18:26:30][WARN] Ignoring hit with time_in_event = 21985 ns
[2102:ITSDigitizer]: [18:26:30][WARN] Ignoring hit with time_in_event = 21984.7 ns (suppressing further warnings)
[2102:ITSDigitizer]: ROF: 29 | 74395 entries starting from 1772653
[2102:ITSDigitizer]: BCid:  792 Orbit:      3
[2102:ITSDigitizer]: MCEventID: 8 ROFs: 29-30 Entry in ROFRecords: 29
[2102:ITSDigitizer]: [18:26:30][INFO] Added 74395 digits 
[2102:ITSDigitizer]: [18:26:30][INFO] Filling ITS digits output for RO frames 30:32
[2102:ITSDigitizer]: ROF: 30 | 199678 entries starting from 1847048
[2102:ITSDigitizer]: BCid: 1188 Orbit:      3
[2102:ITSDigitizer]: MCEventID: 9 ROFs: 30-32 Entry in ROFRecords: 30
[2102:ITSDigitizer]: ROF: 31 | 141745 entries starting from 2046726
[2102:ITSDigitizer]: BCid: 1584 Orbit:      3
[2102:ITSDigitizer]: ROF: 32 | 1595 entries starting from 2188471
[2102:ITSDigitizer]: BCid: 1980 Orbit:      3
[2102:ITSDigitizer]: [18:26:30][INFO] Added 343018 digits 
[2102:ITSDigitizer]: [18:26:30][INFO] ITS: Sending ROMode= 3 to GRPUpdater
[2102:ITSDigitizer]: [18:26:30][INFO] Digitization took 4.63s
[2104:ITSDigitWriter]: [18:26:30][INFO] WRITING 2202893 LABELS 
[2103:GRPUpdater]: [18:26:30][INFO] Updated GRP in o2sim_grp.root for detectors RO mode
[2103:GRPUpdater]: Run: 1621527736
[2103:GRPUpdater]: Fill:      0
[2103:GRPUpdater]: Period: 
[2103:GRPUpdater]: LHC State: 
[2103:GRPUpdater]: Start: Thu May 20 18:22:18 2021
[2103:GRPUpdater]: End  : Thu May 20 18:22:18 2021
[2103:GRPUpdater]: Beam0: Z:A =   0:  0, Energy = 0.000
[2103:GRPUpdater]: Beam1: Z:A =   0:  0, Energy = 0.000
[2103:GRPUpdater]: sqrt[s]    = 0.000
[2103:GRPUpdater]: crossing angle (radian) = 0.000000e+00
[2103:GRPUpdater]: magnet currents (A) L3 = -30000.000, Dipole = -6000
[2103:GRPUpdater]: Detectors: Cont.RO Triggers
[2103:GRPUpdater]:       ITS:    +       -    
[2104:ITSDigitWriter]: [18:26:31][INFO] RECEIVED DIGITS SIZE 2190066
[INFO] Quitting
[INFO] QUIT_REQUESTED
[2101:SimReader]: [18:26:32][INFO] Received device shutdown request (signal 15).
[2101:SimReader]: [18:26:32][INFO] Waiting for graceful device shutdown. Hit Ctrl-C again to abort immediately.
[2104:ITSDigitWriter]: [18:26:32][INFO] Received device shutdown request (signal 15).
[2104:ITSDigitWriter]: [18:26:32][INFO] Waiting for graceful device shutdown. Hit Ctrl-C again to abort immediately.
[2102:ITSDigitizer]: [18:26:32][INFO] Received device shutdown request (signal 15).
[2102:ITSDigitizer]: [18:26:32][INFO] Waiting for graceful device shutdown. Hit Ctrl-C again to abort immediately.
[2100:internal-dpl-clock]: [18:26:32][INFO] Received device shutdown request (signal 15).
[2100:internal-dpl-clock]: [18:26:32][INFO] Waiting for graceful device shutdown. Hit Ctrl-C again to abort immediately.
[2103:GRPUpdater]: [18:26:32][INFO] Received device shutdown request (signal 15).
[2103:GRPUpdater]: [18:26:32][INFO] Waiting for graceful device shutdown. Hit Ctrl-C again to abort immediately.
[2101:SimReader]: [18:26:32][STATE] RUNNING ---> READY
[2101:SimReader]: [18:26:32][STATE] READY ---> RESETTING TASK
[2101:SimReader]: [18:26:32][STATE] RESETTING TASK ---> DEVICE READY
[2101:SimReader]: [18:26:32][STATE] DEVICE READY ---> RESETTING DEVICE
[2101:SimReader]: [18:26:32][STATE] RESETTING DEVICE ---> IDLE
[2101:SimReader]: [18:26:32][STATE] IDLE ---> EXITING
[2101:SimReader]: [18:26:32][STATE] Exiting FairMQ state machine
[2103:GRPUpdater]: [18:26:32][STATE] RUNNING ---> READY
[2102:ITSDigitizer]: [18:26:32][STATE] RUNNING ---> READY
[2100:internal-dpl-clock]: [18:26:32][STATE] RUNNING ---> READY
[2103:GRPUpdater]: [18:26:32][STATE] READY ---> RESETTING TASK
[2102:ITSDigitizer]: [18:26:32][STATE] READY ---> RESETTING TASK
[2103:GRPUpdater]: [18:26:32][STATE] RESETTING TASK ---> DEVICE READY
[2100:internal-dpl-clock]: [18:26:32][STATE] READY ---> RESETTING TASK
[2103:GRPUpdater]: [18:26:32][STATE] DEVICE READY ---> RESETTING DEVICE
[2102:ITSDigitizer]: [18:26:32][STATE] RESETTING TASK ---> DEVICE READY
[2100:internal-dpl-clock]: [18:26:32][STATE] RESETTING TASK ---> DEVICE READY
[2102:ITSDigitizer]: [18:26:32][STATE] DEVICE READY ---> RESETTING DEVICE
[2100:internal-dpl-clock]: [18:26:32][STATE] DEVICE READY ---> RESETTING DEVICE
[2103:GRPUpdater]: [18:26:32][STATE] RESETTING DEVICE ---> IDLE
[2103:GRPUpdater]: [18:26:32][STATE] IDLE ---> EXITING
[2100:internal-dpl-clock]: [18:26:32][STATE] RESETTING DEVICE ---> IDLE
[2103:GRPUpdater]: [18:26:32][STATE] Exiting FairMQ state machine
[2100:internal-dpl-clock]: [18:26:32][STATE] IDLE ---> EXITING
[2100:internal-dpl-clock]: [18:26:32][STATE] Exiting FairMQ state machine
[2102:ITSDigitizer]: [18:26:32][STATE] RESETTING DEVICE ---> IDLE
[2102:ITSDigitizer]: [18:26:32][STATE] IDLE ---> EXITING
[2102:ITSDigitizer]: [18:26:32][STATE] Exiting FairMQ state machine
[2104:ITSDigitWriter]: [18:26:33][STATE] RUNNING ---> READY
[2104:ITSDigitWriter]: [18:26:33][STATE] READY ---> RESETTING TASK
[2104:ITSDigitWriter]: [18:26:33][STATE] RESETTING TASK ---> DEVICE READY
[2104:ITSDigitWriter]: [18:26:33][STATE] DEVICE READY ---> RESETTING DEVICE
[2104:ITSDigitWriter]: Cleaning up for shared memory id 'ca2969e8'...
[2104:ITSDigitWriter]: No region counter found. No regions to cleanup.
[2104:ITSDigitWriter]: Successfully removed 'fmq_ca2969e8_m_0'.
[2104:ITSDigitWriter]: Successfully removed 'fmq_ca2969e8_mng'.
[2104:ITSDigitWriter]: Successfully removed 'fmq_ca2969e8_mtx'.
[2104:ITSDigitWriter]: Successfully removed 'fmq_ca2969e8_cv'.
[2104:ITSDigitWriter]: [18:26:34][STATE] RESETTING DEVICE ---> IDLE
[2104:ITSDigitWriter]: [18:26:34][STATE] IDLE ---> EXITING
[2104:ITSDigitWriter]: [18:26:34][STATE] Exiting FairMQ state machine
[INFO] Dumping used configuration in dpl-config.json

==============================================================================================
3. Tracking
[INFO] Initialising O2 Data Processing Layer
[INFO] O2 Data Processing Layer initialised. We brake for nobody.
[INFO] Optimised build. O2DEBUG / LOG(DEBUG) / LOGF(DEBUG) / assert statement will not be shown.
[INFO] Redeployment of configuration asked.
[INFO] Starting internal-dpl-clock on pid 3183
[INFO] Starting its-digit-reader on pid 3184
[INFO] Starting its-clusterer on pid 3185
[INFO] Starting its-cluster-writer on pid 3186
[INFO] Starting its-tracker on pid 3187
[INFO] Starting its-track-writer on pid 3188
[INFO] Redeployment of configuration done.
[3187:its-tracker]: [INFO] Spawing new device its-tracker in process with pid 3187
[3185:its-clusterer]: [INFO] Spawing new device its-clusterer in process with pid 3185
[3183:internal-dpl-clock]: [INFO] Spawing new device internal-dpl-clock in process with pid 3183
[3188:its-track-writer]: [INFO] Spawing new device its-track-writer in process with pid 3188
[3187:its-tracker]: [18:28:50][INFO] 
[3187:its-tracker]:       ______      _    _______  _________ 
[3187:its-tracker]:      / ____/___ _(_)_______   |/  /_  __ \    version 1.4.29
[3187:its-tracker]:     / /_  / __ `/ / ___/__  /|_/ /_  / / /    build RELWITHDEBINFO
[3187:its-tracker]:    / __/ / /_/ / / /    _  /  / / / /_/ /     https://github.com/FairRootGroup/FairMQ
[3187:its-tracker]:   /_/    \__,_/_/_/     /_/  /_/  \___\_\     LGPL-3.0  © 2012-2020 GSI
[3187:its-tracker]: 
[3183:internal-dpl-clock]: [18:28:50][INFO] 
[3183:internal-dpl-clock]:       ______      _    _______  _________ 
[3183:internal-dpl-clock]:      / ____/___ _(_)_______   |/  /_  __ \    version 1.4.29
[3183:internal-dpl-clock]:     / /_  / __ `/ / ___/__  /|_/ /_  / / /    build RELWITHDEBINFO
[3183:internal-dpl-clock]:    / __/ / /_/ / / /    _  /  / / / /_/ /     https://github.com/FairRootGroup/FairMQ
[3183:internal-dpl-clock]:   /_/    \__,_/_/_/     /_/  /_/  \___\_\     LGPL-3.0  © 2012-2020 GSI
[3183:internal-dpl-clock]: 
[3183:internal-dpl-clock]: [18:28:50][STATE] Starting FairMQ state machine --> IDLE
[3185:its-clusterer]: [18:28:50][INFO] 
[3185:its-clusterer]:       ______      _    _______  _________ 
[3185:its-clusterer]:      / ____/___ _(_)_______   |/  /_  __ \    version 1.4.29
[3185:its-clusterer]:     / /_  / __ `/ / ___/__  /|_/ /_  / / /    build RELWITHDEBINFO
[3185:its-clusterer]:    / __/ / /_/ / / /    _  /  / / / /_/ /     https://github.com/FairRootGroup/FairMQ
[3185:its-clusterer]:   /_/    \__,_/_/_/     /_/  /_/  \___\_\     LGPL-3.0  © 2012-2020 GSI
[3185:its-clusterer]: 
[3185:its-clusterer]: [18:28:50][STATE] Starting FairMQ state machine --> IDLE
[3187:its-tracker]: [18:28:50][STATE] Starting FairMQ state machine --> IDLE
[3188:its-track-writer]: [18:28:50][INFO] 
[3188:its-track-writer]:       ______      _    _______  _________ 
[3188:its-track-writer]:      / ____/___ _(_)_______   |/  /_  __ \    version 1.4.29
[3188:its-track-writer]:     / /_  / __ `/ / ___/__  /|_/ /_  / / /    build RELWITHDEBINFO
[3188:its-track-writer]:    / __/ / /_/ / / /    _  /  / / / /_/ /     https://github.com/FairRootGroup/FairMQ
[3188:its-track-writer]:   /_/    \__,_/_/_/     /_/  /_/  \___\_\     LGPL-3.0  © 2012-2020 GSI
[3188:its-track-writer]: 
[3188:its-track-writer]: [18:28:50][STATE] Starting FairMQ state machine --> IDLE
[3184:its-digit-reader]: [INFO] Spawing new device its-digit-reader in process with pid 3184
[3183:internal-dpl-clock]: 2021-05-20 18:28:50	Monitoring	[0;49mStdOut backend initialized[0m
[3185:its-clusterer]: 2021-05-20 18:28:50	Monitoring	[0;49mStdOut backend initialized[0m
[3183:internal-dpl-clock]: [18:28:50][STATE] IDLE ---> INITIALIZING DEVICE
[3185:its-clusterer]: [18:28:50][STATE] IDLE ---> INITIALIZING DEVICE
[3187:its-tracker]: 2021-05-20 18:28:50	Monitoring	[0;49mStdOut backend initialized[0m
[3187:its-tracker]: [18:28:50][STATE] IDLE ---> INITIALIZING DEVICE
[3187:its-tracker]: 2021-05-20 18:28:50	Monitoring	[0;49mBuffering enabled (100)[0m
[3187:its-tracker]: [18:28:50][INFO] Created GPUReconstruction instance for device type CPU (1) 
[3188:its-track-writer]: 2021-05-20 18:28:50	Monitoring	[0;49mStdOut backend initialized[0m
[3188:its-track-writer]: [18:28:50][STATE] IDLE ---> INITIALIZING DEVICE
[3183:internal-dpl-clock]: 2021-05-20 18:28:50	Monitoring	[0;49mBuffering enabled (100)[0m
[3183:internal-dpl-clock]: [18:28:50][STATE] INITIALIZING DEVICE ---> INITIALIZED
[3183:internal-dpl-clock]: [18:28:50][STATE] INITIALIZED ---> BINDING
[3183:internal-dpl-clock]: [18:28:50][STATE] BINDING ---> BOUND
[3183:internal-dpl-clock]: [18:28:50][STATE] BOUND ---> CONNECTING
[3183:internal-dpl-clock]: [18:28:50][STATE] CONNECTING ---> DEVICE READY
[3183:internal-dpl-clock]: [18:28:50][STATE] DEVICE READY ---> INITIALIZING TASK
[3183:internal-dpl-clock]: [18:28:50][STATE] INITIALIZING TASK ---> READY
[3183:internal-dpl-clock]: [18:28:50][STATE] READY ---> RUNNING
[3183:internal-dpl-clock]: [18:28:50][INFO] DEVICE: Running...
[3184:its-digit-reader]: [18:28:50][INFO] 
[3184:its-digit-reader]:       ______      _    _______  _________ 
[3184:its-digit-reader]:      / ____/___ _(_)_______   |/  /_  __ \    version 1.4.29
[3184:its-digit-reader]:     / /_  / __ `/ / ___/__  /|_/ /_  / / /    build RELWITHDEBINFO
[3184:its-digit-reader]:    / __/ / /_/ / / /    _  /  / / / /_/ /     https://github.com/FairRootGroup/FairMQ
[3184:its-digit-reader]:   /_/    \__,_/_/_/     /_/  /_/  \___\_\     LGPL-3.0  © 2012-2020 GSI
[3184:its-digit-reader]: 
[3184:its-digit-reader]: [18:28:50][STATE] Starting FairMQ state machine --> IDLE
[3184:its-digit-reader]: 2021-05-20 18:28:50	Monitoring	[0;49mStdOut backend initialized[0m
[3184:its-digit-reader]: [18:28:50][STATE] IDLE ---> INITIALIZING DEVICE
[3184:its-digit-reader]: 2021-05-20 18:28:50	Monitoring	[0;49mBuffering enabled (100)[0m
[3185:its-clusterer]: 2021-05-20 18:28:50	Monitoring	[0;49mBuffering enabled (100)[0m
[3185:its-clusterer]: [18:28:50][INFO] Dictionary ITSdictionary.bin is absent, ITSClusterer expects cluster patterns
[3185:its-clusterer]: [18:28:50][INFO] Clusterizer masks overflow pixels separated by < 406 BC and <= 0 in row/col
[3185:its-clusterer]: [18:28:50][INFO] Inclusive clusterization timing (w/o disk IO): Cpu: 0 Real: 0 s in 1 slots
[3185:its-clusterer]: [18:28:50][INFO] Threads output merging timing                : Cpu: 0 Real: 0 s in 1 slots
[3185:its-clusterer]: [18:28:50][STATE] INITIALIZING DEVICE ---> INITIALIZED
[3185:its-clusterer]: [18:28:50][STATE] INITIALIZED ---> BINDING
[3185:its-clusterer]: [18:28:50][STATE] BINDING ---> BOUND
[3185:its-clusterer]: [18:28:50][STATE] BOUND ---> CONNECTING
[3185:its-clusterer]: [18:28:50][STATE] CONNECTING ---> DEVICE READY
[3185:its-clusterer]: [18:28:50][STATE] DEVICE READY ---> INITIALIZING TASK
[3185:its-clusterer]: [18:28:50][STATE] INITIALIZING TASK ---> READY
[3185:its-clusterer]: [18:28:50][STATE] READY ---> RUNNING
[3185:its-clusterer]: [18:28:50][INFO] DEVICE: Running...
[3186:its-cluster-writer]: [INFO] Spawing new device its-cluster-writer in process with pid 3186
[3186:its-cluster-writer]: [18:28:50][INFO] 
[3186:its-cluster-writer]:       ______      _    _______  _________ 
[3186:its-cluster-writer]:      / ____/___ _(_)_______   |/  /_  __ \    version 1.4.29
[3186:its-cluster-writer]:     / /_  / __ `/ / ___/__  /|_/ /_  / / /    build RELWITHDEBINFO
[3186:its-cluster-writer]:    / __/ / /_/ / / /    _  /  / / / /_/ /     https://github.com/FairRootGroup/FairMQ
[3186:its-cluster-writer]:   /_/    \__,_/_/_/     /_/  /_/  \___\_\     LGPL-3.0  © 2012-2020 GSI
[3186:its-cluster-writer]: 
[3186:its-cluster-writer]: [18:28:50][STATE] Starting FairMQ state machine --> IDLE
[3186:its-cluster-writer]: 2021-05-20 18:28:50	Monitoring	[0;49mStdOut backend initialized[0m
[3186:its-cluster-writer]: [18:28:50][STATE] IDLE ---> INITIALIZING DEVICE
[3184:its-digit-reader]: [18:28:50][STATE] INITIALIZING DEVICE ---> INITIALIZED
[3184:its-digit-reader]: [18:28:50][STATE] INITIALIZED ---> BINDING
[3184:its-digit-reader]: [18:28:50][STATE] BINDING ---> BOUND
[3184:its-digit-reader]: [18:28:50][STATE] BOUND ---> CONNECTING
[3184:its-digit-reader]: [18:28:50][STATE] CONNECTING ---> DEVICE READY
[3184:its-digit-reader]: [18:28:50][STATE] DEVICE READY ---> INITIALIZING TASK
[3184:its-digit-reader]: [18:28:50][STATE] INITIALIZING TASK ---> READY
[3184:its-digit-reader]: [18:28:50][STATE] READY ---> RUNNING
[3184:its-digit-reader]: [18:28:50][INFO] DEVICE: Running...
[3187:its-tracker]: [18:28:50][INFO] MagneticField::Print: MagneticFieldMap:
[3187:its-tracker]: [18:28:50][INFO] MagneticField::Print: Solenoid (-1*)5 kG, Dipole ON (-1) 
[3187:its-tracker]: [18:28:50][INFO] MagneticField::Print: Machine B fields for p-p  beam (7000 GeV): QGrad: 22.0002 Dipole: 37.8781
[3187:its-tracker]: [18:28:50][INFO] MagneticField::Print: Uses Sol30_Dip6_Hole  of /cvmfs/alice.cern.ch/el7-x86_64/Packages/O2/nightly-20210129-1/share/Common/maps/mfchebKGI_sym.root
[3187:its-tracker]: Info in <TGeoGlobalMagField::SetField>: Global magnetic field set to <MagneticFieldMap>
[3187:its-tracker]: Info in <TGeoGlobalMagField::Lock>: Global magnetic field <MagneticFieldMap> is now locked
[3187:its-tracker]: [18:28:50][INFO] Loading geometry FAIRGeom from o2sim_geometry.root
[3188:its-track-writer]: 2021-05-20 18:28:50	Monitoring	[0;49mBuffering enabled (100)[0m
[3188:its-track-writer]: [18:28:51][INFO] 0: branch  ITSTrack set up
[3188:its-track-writer]: [18:28:51][INFO] 1: branch  ITSTrackClusIdx set up
[3188:its-track-writer]: [18:28:51][INFO] 2: branch  Vertices set up
[3188:its-track-writer]: [18:28:51][INFO] 3: branch  VerticesROF set up
[3188:its-track-writer]: [18:28:51][INFO] 4: branch  ITSTracksROF set up
[3188:its-track-writer]: [18:28:51][INFO] 5: branch  ITSTrackMCTruth set up
[3188:its-track-writer]: [18:28:51][INFO] 6: branch  ITSTracksMC2ROF set up
[3188:its-track-writer]: [18:28:51][STATE] INITIALIZING DEVICE ---> INITIALIZED
[3188:its-track-writer]: [18:28:51][STATE] INITIALIZED ---> BINDING
[3188:its-track-writer]: [18:28:51][STATE] BINDING ---> BOUND
[3188:its-track-writer]: [18:28:51][STATE] BOUND ---> CONNECTING
[3188:its-track-writer]: [18:28:51][STATE] CONNECTING ---> DEVICE READY
[3188:its-track-writer]: [18:28:51][STATE] DEVICE READY ---> INITIALIZING TASK
[3188:its-track-writer]: [18:28:51][STATE] INITIALIZING TASK ---> READY
[3188:its-track-writer]: [18:28:51][STATE] READY ---> RUNNING
[3188:its-track-writer]: [18:28:51][INFO] DEVICE: Running...
[3187:its-tracker]: Info in <TGeoManager::CloseGeometry>: Geometry loaded from file...
[3187:its-tracker]: Info in <TGeoManager::SetTopVolume>: Top volume is cave. Master volume is cave
[3187:its-tracker]: Info in <TGeoNavigator::BuildCache>: --- Maximum geometry depth set to 100
[3187:its-tracker]: Info in <TGeoManager::CloseGeometry>: Voxelization retrieved from file
[3187:its-tracker]: Info in <TGeoManager::CountLevels>: max level = 9, max placements = 126
[3187:its-tracker]: Info in <TGeoManager::CloseGeometry>: 179840 nodes/ 399 volume UID's in FAIR geometry
[3187:its-tracker]: Info in <TGeoManager::CloseGeometry>: ----------------modeler ready----------------
[3186:its-cluster-writer]: 2021-05-20 18:28:50	Monitoring	[0;49mBuffering enabled (100)[0m
[3186:its-cluster-writer]: [18:28:51][INFO] 0: branch  ITSClusterComp set up
[3186:its-cluster-writer]: [18:28:51][INFO] 1: branch  ITSClusterPatt set up
[3186:its-cluster-writer]: [18:28:51][INFO] 2: branch  ITSClustersROF set up
[3186:its-cluster-writer]: [18:28:51][INFO] 3: branch  ITSClusterMCTruth set up
[3186:its-cluster-writer]: [18:28:51][INFO] 4: branch  ITSClustersMC2ROF set up
[3186:its-cluster-writer]: [18:28:51][STATE] INITIALIZING DEVICE ---> INITIALIZED
[3186:its-cluster-writer]: [18:28:51][STATE] INITIALIZED ---> BINDING
[3186:its-cluster-writer]: [18:28:51][STATE] BINDING ---> BOUND
[3186:its-cluster-writer]: [18:28:51][STATE] BOUND ---> CONNECTING
[3186:its-cluster-writer]: [18:28:51][STATE] CONNECTING ---> DEVICE READY
[3186:its-cluster-writer]: [18:28:51][STATE] DEVICE READY ---> INITIALIZING TASK
[3186:its-cluster-writer]: [18:28:51][STATE] INITIALIZING TASK ---> READY
[3186:its-cluster-writer]: [18:28:51][STATE] READY ---> RUNNING
[3186:its-cluster-writer]: [18:28:51][INFO] DEVICE: Running...
[3187:its-tracker]: [18:28:51][INFO] Loading ITS T2L matrices from TGeo
[3187:its-tracker]: [18:28:51][WARN] It is faster to use 2D rotation for T2G instead of full Transform3D matrices
[3187:its-tracker]: [18:28:51][INFO] Loading ITS T2G matrices from TGeo
[3187:its-tracker]: [18:28:52][INFO] Loading ITS T2G rotation 2D matrices
[3187:its-tracker]: [18:28:52][INFO] Initializing tracker in sync. phase reconstruction with 1 passes
[3187:its-tracker]: [18:28:52][INFO] Not using lookup table for material budget approximation
[3187:its-tracker]: [18:28:52][INFO] Dictionary ITSdictionary.bin is absent, Tracker expects cluster patterns
[3187:its-tracker]: [18:28:52][STATE] INITIALIZING DEVICE ---> INITIALIZED
[3187:its-tracker]: [18:28:52][STATE] INITIALIZED ---> BINDING
[3187:its-tracker]: [18:28:52][STATE] BINDING ---> BOUND
[3187:its-tracker]: [18:28:52][STATE] BOUND ---> CONNECTING
[3187:its-tracker]: [18:28:52][STATE] CONNECTING ---> DEVICE READY
[3187:its-tracker]: [18:28:52][STATE] DEVICE READY ---> INITIALIZING TASK
[3187:its-tracker]: [18:28:52][STATE] INITIALIZING TASK ---> READY
[3187:its-tracker]: [18:28:52][STATE] READY ---> RUNNING
[3187:its-tracker]: [18:28:52][INFO] DEVICE: Running...
[3184:its-digit-reader]: [18:28:52][INFO] ITSDigitReader pushed 2190066 digits, in 33 RO frames
[3185:its-clusterer]: [18:28:52][INFO] ITSClusterer pulled 2190066 digits, in 33 RO frames
[3185:its-clusterer]: [18:28:52][INFO] ITSClusterer pulled 2202893 labels 
[3185:its-clusterer]: [18:28:52][INFO] ITSClusterer pushed 365487 clusters, in 33 RO frames
[3186:its-cluster-writer]: [18:28:52][INFO] ITSClusterWriter pulled 365487 clusters, in 33 RO frames
[3187:its-tracker]: [18:28:52][INFO] ITSTracker pulled 365487 clusters, 33 RO frames
[3187:its-tracker]: [18:28:52][INFO] 365487 MC label objects , in 10 MC events
[3187:its-tracker]: [18:28:52][INFO] ITSTracker RO: continuous=1
[3187:its-tracker]: [18:28:52][INFO] Loading ITS L2G matrices from TGeo
[3187:its-tracker]: [18:28:53][INFO] ROframe: 0, clusters loaded : 1283
[3187:its-tracker]:  - Vertexer initialisation completed in: 0.172309 ms
[3187:its-tracker]:  - Tracklet finding completed in: 0.006381 ms
[3187:its-tracker]:  - Adjacent tracklets validation completed in: 0.003439 ms
[3187:its-tracker]:  - Vertex finding completed in: 0.006638 ms
[3187:its-tracker]: [18:28:53][INFO] Found tracks: 0
[3187:its-tracker]: [18:28:53][INFO] ROframe: 1, clusters loaded : 1267
[3187:its-tracker]:  - Vertexer initialisation completed in: 0.158674 ms
[3187:its-tracker]:  - Tracklet finding completed in: 0.02185 ms
[3187:its-tracker]:  - Adjacent tracklets validation completed in: 0.000309 ms
[3187:its-tracker]:  - Vertex finding completed in: 0.000252 ms
[3187:its-tracker]: [18:28:53][INFO] Found tracks: 0
[3187:its-tracker]: [18:28:53][INFO] ROframe: 2, clusters loaded : 1323
[3187:its-tracker]:  - Vertexer initialisation completed in: 0.12836 ms
[3187:its-tracker]:  - Tracklet finding completed in: 0.000849 ms
[3187:its-tracker]:  - Adjacent tracklets validation completed in: 0.000311 ms
[3187:its-tracker]:  - Vertex finding completed in: 0.000206 ms
[3187:its-tracker]: [18:28:53][INFO] Found tracks: 0
[3187:its-tracker]: [18:28:53][INFO] ROframe: 3, clusters loaded : 1229
[3187:its-tracker]:  - Vertexer initialisation completed in: 0.13293 ms
[3187:its-tracker]:  - Tracklet finding completed in: 0.000897 ms
[3187:its-tracker]:  - Adjacent tracklets validation completed in: 0.000331 ms
[3187:its-tracker]:  - Vertex finding completed in: 0.000345 ms
[3187:its-tracker]: [18:28:53][INFO] Found tracks: 0
[3187:its-tracker]: [18:28:53][INFO] ROframe: 4, clusters loaded : 1245
[3187:its-tracker]:  - Vertexer initialisation completed in: 0.128619 ms
[3187:its-tracker]:  - Tracklet finding completed in: 0.000864 ms
[3187:its-tracker]:  - Adjacent tracklets validation completed in: 0.000239 ms
[3187:its-tracker]:  - Vertex finding completed in: 0.000309 ms
[3187:its-tracker]: [18:28:53][INFO] Found tracks: 0
[3187:its-tracker]: [18:28:53][INFO] ROframe: 5, clusters loaded : 1248
[3187:its-tracker]:  - Vertexer initialisation completed in: 0.117716 ms
[3187:its-tracker]:  - Tracklet finding completed in: 0.000537 ms
[3187:its-tracker]:  - Adjacent tracklets validation completed in: 0.000167 ms
[3187:its-tracker]:  - Vertex finding completed in: 0.000137 ms
[3187:its-tracker]: [18:28:53][INFO] Found tracks: 0
[3187:its-tracker]: [18:28:53][INFO] ROframe: 6, clusters loaded : 1259
[3187:its-tracker]:  - Vertexer initialisation completed in: 0.127212 ms
[3187:its-tracker]:  - Tracklet finding completed in: 0.000915 ms
[3187:its-tracker]:  - Adjacent tracklets validation completed in: 0.000281 ms
[3187:its-tracker]:  - Vertex finding completed in: 0.000165 ms
[3187:its-tracker]: [18:28:53][INFO] Found tracks: 0
[3187:its-tracker]: [18:28:53][INFO] ROframe: 7, clusters loaded : 1258
[3187:its-tracker]:  - Vertexer initialisation completed in: 0.133824 ms
[3187:its-tracker]:  - Tracklet finding completed in: 0.001082 ms
[3187:its-tracker]:  - Adjacent tracklets validation completed in: 0.000286 ms
[3187:its-tracker]:  - Vertex finding completed in: 0.000256 ms
[3187:its-tracker]: [18:28:53][INFO] Found tracks: 0
[3187:its-tracker]: [18:28:53][INFO] ROframe: 8, clusters loaded : 1247
[3187:its-tracker]:  - Vertexer initialisation completed in: 0.115004 ms
[3187:its-tracker]:  - Tracklet finding completed in: 0.002658 ms
[3187:its-tracker]:  - Adjacent tracklets validation completed in: 0.000331 ms
[3187:its-tracker]:  - Vertex finding completed in: 0.000219 ms
[3187:its-tracker]: [18:28:53][INFO] Found tracks: 0
[3187:its-tracker]: [18:28:53][INFO] ROframe: 9, clusters loaded : 1249
[3187:its-tracker]:  - Vertexer initialisation completed in: 0.113853 ms
[3187:its-tracker]:  - Tracklet finding completed in: 0.001243 ms
[3187:its-tracker]:  - Adjacent tracklets validation completed in: 0.000252 ms
[3187:its-tracker]:  - Vertex finding completed in: 0.000102 ms
[3187:its-tracker]: [18:28:53][INFO] Found tracks: 0
[3187:its-tracker]: [18:28:53][INFO] ROframe: 10, clusters loaded : 52702
[3187:its-tracker]:  - Vertexer initialisation completed in: 2.97017 ms
[3187:its-tracker]:  - Tracklet finding completed in: 16.3104 ms
[3187:its-tracker]:  - Adjacent tracklets validation completed in: 3.42452 ms
[3187:its-tracker]:  - Vertex finding completed in: 0.436699 ms
[3187:its-tracker]: 		Found vertex with:   2496 contributors
[3187:its-tracker]:  - Context initialisation completed in: 4.88281 ms
[3187:its-tracker]:  - Tracklet finding completed in: 29.4681 ms
[3187:its-tracker]:  - Cell finding completed in: 19.2848 ms
[3187:its-tracker]:  - Neighbour finding completed in: 2.22479 ms
[3187:its-tracker]:  - Road finding completed in: 1.56332 ms
[3187:its-tracker]:  - Track finding completed in: 27.7277 ms
[3187:its-tracker]:  - Vertex processing completed in: 85.1515ms
[3187:its-tracker]:  - Context initialisation completed in: 0.767079 ms
[3187:its-tracker]:  - Tracklet finding completed in: 19.2477 ms
[3187:its-tracker]:  - Cell finding completed in: 6.40966 ms
[3187:its-tracker]:  - Neighbour finding completed in: 0.501811 ms
[3187:its-tracker]:  - Road finding completed in: 0.003276 ms
[3187:its-tracker]:  - Track finding completed in: 0.000543 ms
[3187:its-tracker]:  - Vertex processing completed in: 26.93ms
[3187:its-tracker]: [18:28:53][INFO] Found tracks: 2251
[3187:its-tracker]: [18:28:53][INFO] ROframe: 11, clusters loaded : 32313
[3187:its-tracker]:  - Vertexer initialisation completed in: 1.87587 ms
[3187:its-tracker]:  - Tracklet finding completed in: 4.26316 ms
[3187:its-tracker]:  - Adjacent tracklets validation completed in: 1.45117 ms
[3187:its-tracker]:  - Vertex finding completed in: 0.372361 ms
[3187:its-tracker]: 		Found vertex with:   1570 contributors
[3187:its-tracker]: 		Found vertex with:     39 contributors
[3187:its-tracker]:  - Context initialisation completed in: 2.75606 ms
[3187:its-tracker]:  - Tracklet finding completed in: 13.1435 ms
[3187:its-tracker]:  - Cell finding completed in: 7.57465 ms
[3187:its-tracker]:  - Neighbour finding completed in: 0.856853 ms
[3187:its-tracker]:  - Road finding completed in: 0.196255 ms
[3187:its-tracker]:  - Track finding completed in: 16.2281 ms
[3187:its-tracker]:  - Vertex processing completed in: 40.7554ms
[3187:its-tracker]:  - Context initialisation completed in: 0.435743 ms
[3187:its-tracker]:  - Tracklet finding completed in: 7.63692 ms
[3187:its-tracker]:  - Cell finding completed in: 0.886767 ms
[3187:its-tracker]:  - Neighbour finding completed in: 0.027096 ms
[3187:its-tracker]:  - Road finding completed in: 0.005225 ms
[3187:its-tracker]:  - Track finding completed in: 0.688428 ms
[3187:its-tracker]:  - Vertex processing completed in: 9.68018ms
[3187:its-tracker]:  - Context initialisation completed in: 0.099912 ms
[3187:its-tracker]:  - Tracklet finding completed in: 7.56357 ms
[3187:its-tracker]:  - Cell finding completed in: 2.0194 ms
[3187:its-tracker]:  - Neighbour finding completed in: 0.199762 ms
[3187:its-tracker]:  - Road finding completed in: 0.001567 ms
[3187:its-tracker]:  - Track finding completed in: 0.000355 ms
[3187:its-tracker]:  - Vertex processing completed in: 9.88457ms
[3187:its-tracker]:  - Context initialisation completed in: 0.152676 ms
[3187:its-tracker]:  - Tracklet finding completed in: 7.42507 ms
[3187:its-tracker]:  - Cell finding completed in: 0.776736 ms
[3187:its-tracker]:  - Neighbour finding completed in: 0.011405 ms
[3187:its-tracker]:  - Road finding completed in: 0.000152 ms
[3187:its-tracker]:  - Track finding completed in: 0.000236 ms
[3187:its-tracker]:  - Vertex processing completed in: 8.36627ms
[3187:its-tracker]: [18:28:53][INFO] Found tracks: 1430
[3187:its-tracker]: [18:28:53][INFO] ROframe: 12, clusters loaded : 1427
[3187:its-tracker]:  - Vertexer initialisation completed in: 0.147059 ms
[3187:its-tracker]:  - Tracklet finding completed in: 0.005757 ms
[3187:its-tracker]:  - Adjacent tracklets validation completed in: 0.000947 ms
[3187:its-tracker]:  - Vertex finding completed in: 0.001017 ms
[3187:its-tracker]: [18:28:53][INFO] Found tracks: 0
[3187:its-tracker]: [18:28:53][INFO] ROframe: 13, clusters loaded : 1268
[3187:its-tracker]:  - Vertexer initialisation completed in: 0.149898 ms
[3187:its-tracker]:  - Tracklet finding completed in: 0.001496 ms
[3187:its-tracker]:  - Adjacent tracklets validation completed in: 0.000359 ms
[3187:its-tracker]:  - Vertex finding completed in: 0.000152 ms
[3187:its-tracker]: [18:28:53][INFO] Found tracks: 0
[3187:its-tracker]: [18:28:53][INFO] ROframe: 14, clusters loaded : 1851
[3187:its-tracker]:  - Vertexer initialisation completed in: 0.136828 ms
[3187:its-tracker]:  - Tracklet finding completed in: 0.017585 ms
[3187:its-tracker]:  - Adjacent tracklets validation completed in: 0.003464 ms
[3187:its-tracker]:  - Vertex finding completed in: 0.007344 ms
[3187:its-tracker]: 		Found vertex with:     31 contributors
[3187:its-tracker]:  - Context initialisation completed in: 1.27512 ms
[3187:its-tracker]:  - Tracklet finding completed in: 0.206393 ms
[3187:its-tracker]:  - Cell finding completed in: 0.023184 ms
[3187:its-tracker]:  - Neighbour finding completed in: 0.016717 ms
[3187:its-tracker]:  - Road finding completed in: 0.004641 ms
[3187:its-tracker]:  - Track finding completed in: 0.231251 ms
[3187:its-tracker]:  - Vertex processing completed in: 1.75731ms
[3187:its-tracker]:  - Context initialisation completed in: 0.006768 ms
[3187:its-tracker]:  - Tracklet finding completed in: 0.189087 ms
[3187:its-tracker]:  - Cell finding completed in: 0.01992 ms
[3187:its-tracker]:  - Neighbour finding completed in: 0.005455 ms
[3187:its-tracker]:  - Road finding completed in: 0.00011 ms
[3187:its-tracker]:  - Track finding completed in: 0.000148 ms
[3187:its-tracker]:  - Vertex processing completed in: 0.221488ms
[3187:its-tracker]: [18:28:53][INFO] Found tracks: 25
[3187:its-tracker]: [18:28:53][INFO] ROframe: 15, clusters loaded : 1302
[3187:its-tracker]:  - Vertexer initialisation completed in: 0.128858 ms
[3187:its-tracker]:  - Tracklet finding completed in: 0.00131 ms
[3187:its-tracker]:  - Adjacent tracklets validation completed in: 0.000413 ms
[3187:its-tracker]:  - Vertex finding completed in: 0.00047 ms
[3187:its-tracker]: [18:28:53][INFO] Found tracks: 0
[3187:its-tracker]: [18:28:53][INFO] ROframe: 16, clusters loaded : 1293
[3187:its-tracker]:  - Vertexer initialisation completed in: 0.123115 ms
[3187:its-tracker]:  - Tracklet finding completed in: 0.000975 ms
[3187:its-tracker]:  - Adjacent tracklets validation completed in: 0.000278 ms
[3187:its-tracker]:  - Vertex finding completed in: 0.000142 ms
[3187:its-tracker]: [18:28:53][INFO] Found tracks: 0
[3187:its-tracker]: [18:28:53][INFO] ROframe: 17, clusters loaded : 1232
[3187:its-tracker]:  - Vertexer initialisation completed in: 0.116482 ms
[3187:its-tracker]:  - Tracklet finding completed in: 0.000714 ms
[3187:its-tracker]:  - Adjacent tracklets validation completed in: 0.000153 ms
[3187:its-tracker]:  - Vertex finding completed in: 0.000163 ms
[3187:its-tracker]: [18:28:53][INFO] Found tracks: 0
[3187:its-tracker]: [18:28:53][INFO] ROframe: 18, clusters loaded : 1253
[3187:its-tracker]:  - Vertexer initialisation completed in: 0.120034 ms
[3187:its-tracker]:  - Tracklet finding completed in: 0.000646 ms
[3187:its-tracker]:  - Adjacent tracklets validation completed in: 0.000223 ms
[3187:its-tracker]:  - Vertex finding completed in: 0.000344 ms
[3187:its-tracker]: [18:28:53][INFO] Found tracks: 0
[3187:its-tracker]: [18:28:53][INFO] ROframe: 19, clusters loaded : 50631
[3187:its-tracker]:  - Vertexer initialisation completed in: 2.30874 ms
[3187:its-tracker]:  - Tracklet finding completed in: 9.59321 ms
[3187:its-tracker]:  - Adjacent tracklets validation completed in: 3.16298 ms
[3187:its-tracker]:  - Vertex finding completed in: 0.421206 ms
[3187:its-tracker]: 		Found vertex with:   2528 contributors
[3187:its-tracker]:  - Context initialisation completed in: 2.61017 ms
[3187:its-tracker]:  - Tracklet finding completed in: 23.7649 ms
[3187:its-tracker]:  - Cell finding completed in: 16.4055 ms
[3187:its-tracker]:  - Neighbour finding completed in: 1.38937 ms
[3187:its-tracker]:  - Road finding completed in: 0.411128 ms
[3187:its-tracker]:  - Track finding completed in: 24.9436 ms
[3187:its-tracker]:  - Vertex processing completed in: 69.5247ms
[3187:its-tracker]:  - Context initialisation completed in: 0.677074 ms
[3187:its-tracker]:  - Tracklet finding completed in: 15.0767 ms
[3187:its-tracker]:  - Cell finding completed in: 5.09697 ms
[3187:its-tracker]:  - Neighbour finding completed in: 0.394939 ms
[3187:its-tracker]:  - Road finding completed in: 0.002583 ms
[3187:its-tracker]:  - Track finding completed in: 0.000626 ms
[3187:its-tracker]:  - Vertex processing completed in: 21.2489ms
[3187:its-tracker]: [18:28:53][INFO] Found tracks: 2238
[3187:its-tracker]: [18:28:53][INFO] ROframe: 20, clusters loaded : 85747
[3187:its-tracker]:  - Vertexer initialisation completed in: 4.4908 ms
[3187:its-tracker]:  - Tracklet finding completed in: 40.5807 ms
[3187:its-tracker]:  - Adjacent tracklets validation completed in: 15.0576 ms
[3187:its-tracker]:  - Vertex finding completed in: 0.777554 ms
[3187:its-tracker]: 		Found vertex with:   2668 contributors
[3187:its-tracker]: 		Found vertex with:    236 contributors
[3187:its-tracker]:  - Context initialisation completed in: 4.1864 ms
[3187:its-tracker]:  - Tracklet finding completed in: 53.7597 ms
[3187:its-tracker]:  - Cell finding completed in: 39.2011 ms
[3187:its-tracker]:  - Neighbour finding completed in: 1.95087 ms
[3187:its-tracker]:  - Road finding completed in: 0.50468 ms
[3187:its-tracker]:  - Track finding completed in: 24.5561 ms
[3187:its-tracker]:  - Vertex processing completed in: 124.159ms
[3187:its-tracker]:  - Context initialisation completed in: 1.0004 ms
[3187:its-tracker]:  - Tracklet finding completed in: 41.211 ms
[3187:its-tracker]:  - Cell finding completed in: 19.5258 ms
[3187:its-tracker]:  - Neighbour finding completed in: 0.484727 ms
[3187:its-tracker]:  - Road finding completed in: 0.026785 ms
[3187:its-tracker]:  - Track finding completed in: 2.14656 ms
[3187:its-tracker]:  - Vertex processing completed in: 64.3952ms
[3187:its-tracker]:  - Context initialisation completed in: 0.540663 ms
[3187:its-tracker]:  - Tracklet finding completed in: 38.8034 ms
[3187:its-tracker]:  - Cell finding completed in: 18.8318 ms
[3187:its-tracker]:  - Neighbour finding completed in: 0.593963 ms
[3187:its-tracker]:  - Road finding completed in: 0.003202 ms
[3187:its-tracker]:  - Track finding completed in: 0.000525 ms
[3187:its-tracker]:  - Vertex processing completed in: 58.7735ms
[3187:its-tracker]:  - Context initialisation completed in: 0.535916 ms
[3187:its-tracker]:  - Tracklet finding completed in: 41.028 ms
[3187:its-tracker]:  - Cell finding completed in: 19.5263 ms
[3187:its-tracker]:  - Neighbour finding completed in: 0.462413 ms
[3187:its-tracker]:  - Road finding completed in: 0.002877 ms
[3187:its-tracker]:  - Track finding completed in: 0.000616 ms
[3187:its-tracker]:  - Vertex processing completed in: 61.556ms
[3187:its-tracker]: [18:28:53][INFO] Found tracks: 2259
[3187:its-tracker]: [18:28:53][INFO] ROframe: 21, clusters loaded : 3523
[3187:its-tracker]:  - Vertexer initialisation completed in: 0.231588 ms
[3187:its-tracker]:  - Tracklet finding completed in: 0.058765 ms
[3187:its-tracker]:  - Adjacent tracklets validation completed in: 0.010487 ms
[3187:its-tracker]:  - Vertex finding completed in: 0.013357 ms
[3187:its-tracker]: 		Found vertex with:     81 contributors
[3187:its-tracker]:  - Context initialisation completed in: 1.14472 ms
[3187:its-tracker]:  - Tracklet finding completed in: 0.46934 ms
[3187:its-tracker]:  - Cell finding completed in: 0.082062 ms
[3187:its-tracker]:  - Neighbour finding completed in: 0.062611 ms
[3187:its-tracker]:  - Road finding completed in: 0.012047 ms
[3187:its-tracker]:  - Track finding completed in: 0.841403 ms
[3187:its-tracker]:  - Vertex processing completed in: 2.61218ms
[3187:its-tracker]:  - Context initialisation completed in: 0.01874 ms
[3187:its-tracker]:  - Tracklet finding completed in: 0.361766 ms
[3187:its-tracker]:  - Cell finding completed in: 0.036462 ms
[3187:its-tracker]:  - Neighbour finding completed in: 0.012393 ms
[3187:its-tracker]:  - Road finding completed in: 0.000194 ms
[3187:its-tracker]:  - Track finding completed in: 0.000137 ms
[3187:its-tracker]:  - Vertex processing completed in: 0.429692ms
[3187:its-tracker]: [18:28:53][INFO] Found tracks: 95
[3187:its-tracker]: [18:28:53][INFO] ROframe: 22, clusters loaded : 1307
[3187:its-tracker]:  - Vertexer initialisation completed in: 0.208715 ms
[3187:its-tracker]:  - Tracklet finding completed in: 0.002634 ms
[3187:its-tracker]:  - Adjacent tracklets validation completed in: 0.000609 ms
[3187:its-tracker]:  - Vertex finding completed in: 0.000849 ms
[3187:its-tracker]: [18:28:53][INFO] Found tracks: 0
[3187:its-tracker]: [18:28:53][INFO] ROframe: 23, clusters loaded : 1302
[3187:its-tracker]:  - Vertexer initialisation completed in: 0.135347 ms
[3187:its-tracker]:  - Tracklet finding completed in: 0.00111 ms
[3187:its-tracker]:  - Adjacent tracklets validation completed in: 0.000318 ms
[3187:its-tracker]:  - Vertex finding completed in: 0.000361 ms
[3187:its-tracker]: [18:28:53][INFO] Found tracks: 0
[3187:its-tracker]: [18:28:53][INFO] ROframe: 24, clusters loaded : 1272
[3187:its-tracker]:  - Vertexer initialisation completed in: 0.127447 ms
[3187:its-tracker]:  - Tracklet finding completed in: 0.001057 ms
[3187:its-tracker]:  - Adjacent tracklets validation completed in: 0.000308 ms
[3187:its-tracker]:  - Vertex finding completed in: 0.000239 ms
[3187:its-tracker]: [18:28:53][INFO] Found tracks: 0
[3187:its-tracker]: [18:28:53][INFO] ROframe: 25, clusters loaded : 1301
[3187:its-tracker]:  - Vertexer initialisation completed in: 0.144085 ms
[3187:its-tracker]:  - Tracklet finding completed in: 0.0006 ms
[3187:its-tracker]:  - Adjacent tracklets validation completed in: 0.000204 ms
[3187:its-tracker]:  - Vertex finding completed in: 0.000114 ms
[3187:its-tracker]: [18:28:53][INFO] Found tracks: 0
[3187:its-tracker]: [18:28:53][INFO] ROframe: 26, clusters loaded : 1254
[3187:its-tracker]:  - Vertexer initialisation completed in: 0.118584 ms
[3187:its-tracker]:  - Tracklet finding completed in: 0.000955 ms
[3187:its-tracker]:  - Adjacent tracklets validation completed in: 0.000251 ms
[3187:its-tracker]:  - Vertex finding completed in: 0.000317 ms
[3187:its-tracker]: [18:28:53][INFO] Found tracks: 0
[3187:its-tracker]: [18:28:53][INFO] ROframe: 27, clusters loaded : 43466
[3187:its-tracker]:  - Vertexer initialisation completed in: 2.02622 ms
[3187:its-tracker]:  - Tracklet finding completed in: 7.23175 ms
[3187:its-tracker]:  - Adjacent tracklets validation completed in: 2.41151 ms
[3187:its-tracker]:  - Vertex finding completed in: 0.335395 ms
[3187:its-tracker]: 		Found vertex with:   2362 contributors
[3187:its-tracker]:  - Context initialisation completed in: 2.37645 ms
[3187:its-tracker]:  - Tracklet finding completed in: 18.4865 ms
[3187:its-tracker]:  - Cell finding completed in: 12.0247 ms
[3187:its-tracker]:  - Neighbour finding completed in: 1.16871 ms
[3187:its-tracker]:  - Road finding completed in: 0.35842 ms
[3187:its-tracker]:  - Track finding completed in: 21.3001 ms
[3187:its-tracker]:  - Vertex processing completed in: 55.7149ms
[3187:its-tracker]:  - Context initialisation completed in: 0.540663 ms
[3187:its-tracker]:  - Tracklet finding completed in: 11.859 ms
[3187:its-tracker]:  - Cell finding completed in: 3.99938 ms
[3187:its-tracker]:  - Neighbour finding completed in: 0.285931 ms
[3187:its-tracker]:  - Road finding completed in: 0.001925 ms
[3187:its-tracker]:  - Track finding completed in: 0.000499 ms
[3187:its-tracker]:  - Vertex processing completed in: 16.6874ms
[3187:its-tracker]: [18:28:53][INFO] Found tracks: 1934
[3187:its-tracker]: [18:28:53][INFO] ROframe: 28, clusters loaded : 1333
[3187:its-tracker]:  - Vertexer initialisation completed in: 0.144003 ms
[3187:its-tracker]:  - Tracklet finding completed in: 0.002608 ms
[3187:its-tracker]:  - Adjacent tracklets validation completed in: 0.000932 ms
[3187:its-tracker]:  - Vertex finding completed in: 0.001268 ms
[3187:its-tracker]: [18:28:53][INFO] Found tracks: 0
[3187:its-tracker]: [18:28:53][INFO] ROframe: 29, clusters loaded : 17972
[3187:its-tracker]:  - Vertexer initialisation completed in: 0.793047 ms
[3187:its-tracker]:  - Tracklet finding completed in: 1.33257 ms
[3187:its-tracker]:  - Adjacent tracklets validation completed in: 0.288826 ms
[3187:its-tracker]:  - Vertex finding completed in: 0.300585 ms
[3187:its-tracker]: 		Found vertex with:    857 contributors
[3187:its-tracker]:  - Context initialisation completed in: 1.68621 ms
[3187:its-tracker]:  - Tracklet finding completed in: 4.90367 ms
[3187:its-tracker]:  - Cell finding completed in: 1.84575 ms
[3187:its-tracker]:  - Neighbour finding completed in: 0.384301 ms
[3187:its-tracker]:  - Road finding completed in: 0.086348 ms
[3187:its-tracker]:  - Track finding completed in: 7.28362 ms
[3187:its-tracker]:  - Vertex processing completed in: 16.1899ms
[3187:its-tracker]:  - Context initialisation completed in: 0.168941 ms
[3187:its-tracker]:  - Tracklet finding completed in: 3.23926 ms
[3187:its-tracker]:  - Cell finding completed in: 0.706088 ms
[3187:its-tracker]:  - Neighbour finding completed in: 0.10357 ms
[3187:its-tracker]:  - Road finding completed in: 0.001373 ms
[3187:its-tracker]:  - Track finding completed in: 0.000838 ms
[3187:its-tracker]:  - Vertex processing completed in: 4.22007ms
[3187:its-tracker]: [18:28:53][INFO] Found tracks: 763
[3187:its-tracker]: [18:28:53][INFO] ROframe: 30, clusters loaded : 33132
[3187:its-tracker]:  - Vertexer initialisation completed in: 1.49525 ms
[3187:its-tracker]:  - Tracklet finding completed in: 4.61033 ms
[3187:its-tracker]:  - Adjacent tracklets validation completed in: 1.19517 ms
[3187:its-tracker]:  - Vertex finding completed in: 0.351453 ms
[3187:its-tracker]: 		Found vertex with:   1765 contributors
[3187:its-tracker]:  - Context initialisation completed in: 2.05761 ms
[3187:its-tracker]:  - Tracklet finding completed in: 11.7662 ms
[3187:its-tracker]:  - Cell finding completed in: 6.35796 ms
[3187:its-tracker]:  - Neighbour finding completed in: 0.800473 ms
[3187:its-tracker]:  - Road finding completed in: 0.225204 ms
[3187:its-tracker]:  - Track finding completed in: 15.8753 ms
[3187:its-tracker]:  - Vertex processing completed in: 37.0827ms
[3187:its-tracker]:  - Context initialisation completed in: 0.527713 ms
[3187:its-tracker]:  - Tracklet finding completed in: 8.76121 ms
[3187:its-tracker]:  - Cell finding completed in: 2.33636 ms
[3187:its-tracker]:  - Neighbour finding completed in: 0.221155 ms
[3187:its-tracker]:  - Road finding completed in: 0.00189 ms
[3187:its-tracker]:  - Track finding completed in: 0.000375 ms
[3187:its-tracker]:  - Vertex processing completed in: 11.8487ms
[3187:its-tracker]: [18:28:54][INFO] Found tracks: 1370
[3187:its-tracker]: [18:28:54][INFO] ROframe: 31, clusters loaded : 14661
[3187:its-tracker]:  - Vertexer initialisation completed in: 0.879491 ms
[3187:its-tracker]:  - Tracklet finding completed in: 1.22656 ms
[3187:its-tracker]:  - Adjacent tracklets validation completed in: 0.181276 ms
[3187:its-tracker]:  - Vertex finding completed in: 0.012795 ms
[3187:its-tracker]: 		Found vertex with:     21 contributors
[3187:its-tracker]:  - Context initialisation completed in: 1.56486 ms
[3187:its-tracker]:  - Tracklet finding completed in: 3.03325 ms
[3187:its-tracker]:  - Cell finding completed in: 0.505562 ms
[3187:its-tracker]:  - Neighbour finding completed in: 0.018344 ms
[3187:its-tracker]:  - Road finding completed in: 0.00082 ms
[3187:its-tracker]:  - Track finding completed in: 0.000325 ms
[3187:its-tracker]:  - Vertex processing completed in: 5.12317ms
[3187:its-tracker]:  - Context initialisation completed in: 0.02066 ms
[3187:its-tracker]:  - Tracklet finding completed in: 3.26239 ms
[3187:its-tracker]:  - Cell finding completed in: 0.648846 ms
[3187:its-tracker]:  - Neighbour finding completed in: 0.018355 ms
[3187:its-tracker]:  - Road finding completed in: 0.000467 ms
[3187:its-tracker]:  - Track finding completed in: 0.000475 ms
[3187:its-tracker]:  - Vertex processing completed in: 3.95119ms
[3187:its-tracker]: [18:28:54][INFO] Found tracks: 0
[3187:its-tracker]: [18:28:54][INFO] ROframe: 32, clusters loaded : 1337
[3187:its-tracker]:  - Vertexer initialisation completed in: 0.158302 ms
[3187:its-tracker]:  - Tracklet finding completed in: 0.003641 ms
[3187:its-tracker]:  - Adjacent tracklets validation completed in: 0.000793 ms
[3187:its-tracker]:  - Vertex finding completed in: 0.001014 ms
[3187:its-tracker]: [18:28:54][INFO] Found tracks: 0
[3187:its-tracker]: [18:28:54][INFO] ITSTracker pushed 12365 tracks
[3187:its-tracker]: [18:28:54][INFO] ITS CA-Tracker total timing: Cpu: 1.090e+00 Real: 1.090e+00 s in 1 slots
[3188:its-track-writer]: [18:28:54][INFO] ITSTrackWriter pulled 12365 tracks, in 33 RO frames
[INFO] Quitting
[INFO] QUIT_REQUESTED
[3186:its-cluster-writer]: [18:28:54][INFO] Received device shutdown request (signal 15).
[3186:its-cluster-writer]: [18:28:54][INFO] Waiting for graceful device shutdown. Hit Ctrl-C again to abort immediately.
[3188:its-track-writer]: [18:28:54][INFO] Received device shutdown request (signal 15).
[3188:its-track-writer]: [18:28:54][INFO] Waiting for graceful device shutdown. Hit Ctrl-C again to abort immediately.
[3187:its-tracker]: [18:28:54][INFO] Received device shutdown request (signal 15).
[3187:its-tracker]: [18:28:54][INFO] Waiting for graceful device shutdown. Hit Ctrl-C again to abort immediately.
[3183:internal-dpl-clock]: [18:28:54][INFO] Received device shutdown request (signal 15).
[3183:internal-dpl-clock]: [18:28:54][INFO] Waiting for graceful device shutdown. Hit Ctrl-C again to abort immediately.
[3185:its-clusterer]: [18:28:54][INFO] Received device shutdown request (signal 15).
[3185:its-clusterer]: [18:28:54][INFO] Waiting for graceful device shutdown. Hit Ctrl-C again to abort immediately.
[3184:its-digit-reader]: [18:28:54][INFO] Received device shutdown request (signal 15).
[3184:its-digit-reader]: [18:28:54][INFO] Waiting for graceful device shutdown. Hit Ctrl-C again to abort immediately.
[3184:its-digit-reader]: [18:28:54][STATE] RUNNING ---> READY
[3184:its-digit-reader]: [18:28:54][STATE] READY ---> RESETTING TASK
[3184:its-digit-reader]: [18:28:54][STATE] RESETTING TASK ---> DEVICE READY
[3184:its-digit-reader]: [18:28:54][STATE] DEVICE READY ---> RESETTING DEVICE
[3184:its-digit-reader]: [18:28:54][STATE] RESETTING DEVICE ---> IDLE
[3184:its-digit-reader]: [18:28:54][STATE] IDLE ---> EXITING
[3184:its-digit-reader]: [18:28:54][STATE] Exiting FairMQ state machine
[3183:internal-dpl-clock]: [18:28:54][STATE] RUNNING ---> READY
[3183:internal-dpl-clock]: [18:28:54][STATE] READY ---> RESETTING TASK
[3183:internal-dpl-clock]: [18:28:54][STATE] RESETTING TASK ---> DEVICE READY
[3183:internal-dpl-clock]: [18:28:54][STATE] DEVICE READY ---> RESETTING DEVICE
[3183:internal-dpl-clock]: [18:28:54][STATE] RESETTING DEVICE ---> IDLE
[3183:internal-dpl-clock]: [18:28:54][STATE] IDLE ---> EXITING
[3183:internal-dpl-clock]: [18:28:54][STATE] Exiting FairMQ state machine
[3187:its-tracker]: [18:28:54][STATE] RUNNING ---> READY
[3185:its-clusterer]: [18:28:54][STATE] RUNNING ---> READY
[3185:its-clusterer]: [18:28:54][STATE] READY ---> RESETTING TASK
[3185:its-clusterer]: [18:28:54][STATE] RESETTING TASK ---> DEVICE READY
[3185:its-clusterer]: [18:28:54][STATE] DEVICE READY ---> RESETTING DEVICE
[3187:its-tracker]: [18:28:54][STATE] READY ---> RESETTING TASK
[3187:its-tracker]: [18:28:54][STATE] RESETTING TASK ---> DEVICE READY
[3187:its-tracker]: [18:28:54][STATE] DEVICE READY ---> RESETTING DEVICE
[3187:its-tracker]: [18:28:54][STATE] RESETTING DEVICE ---> IDLE
[3187:its-tracker]: [18:28:54][STATE] IDLE ---> EXITING
[3187:its-tracker]: [18:28:54][STATE] Exiting FairMQ state machine
[3185:its-clusterer]: [18:28:54][STATE] RESETTING DEVICE ---> IDLE
[3185:its-clusterer]: [18:28:54][STATE] IDLE ---> EXITING
[3185:its-clusterer]: [18:28:54][STATE] Exiting FairMQ state machine
[3186:its-cluster-writer]: [18:28:55][STATE] RUNNING ---> READY
[3186:its-cluster-writer]: [18:28:55][STATE] READY ---> RESETTING TASK
[3186:its-cluster-writer]: [18:28:55][STATE] RESETTING TASK ---> DEVICE READY
[3186:its-cluster-writer]: [18:28:55][STATE] DEVICE READY ---> RESETTING DEVICE
[3186:its-cluster-writer]: [18:28:55][STATE] RESETTING DEVICE ---> IDLE
[3186:its-cluster-writer]: [18:28:55][STATE] IDLE ---> EXITING
[3186:its-cluster-writer]: [18:28:55][STATE] Exiting FairMQ state machine
[3188:its-track-writer]: [18:28:55][STATE] RUNNING ---> READY
[3188:its-track-writer]: [18:28:55][STATE] READY ---> RESETTING TASK
[3188:its-track-writer]: [18:28:55][STATE] RESETTING TASK ---> DEVICE READY
[3188:its-track-writer]: [18:28:55][STATE] DEVICE READY ---> RESETTING DEVICE
[3188:its-track-writer]: Cleaning up for shared memory id '614b662f'...
[3188:its-track-writer]: No region counter found. No regions to cleanup.
[3188:its-track-writer]: Successfully removed 'fmq_614b662f_m_0'.
[3188:its-track-writer]: Successfully removed 'fmq_614b662f_mng'.
[3188:its-track-writer]: Successfully removed 'fmq_614b662f_mtx'.
[3188:its-track-writer]: Successfully removed 'fmq_614b662f_cv'.
[3188:its-track-writer]: [18:28:55][STATE] RESETTING DEVICE ---> IDLE
[3188:its-track-writer]: [18:28:55][STATE] IDLE ---> EXITING
[3188:its-track-writer]: [18:28:55][STATE] Exiting FairMQ state machine
[INFO] Dumping used configuration in dpl-config.json
