===============================
execute this script as follows:
./generate_its.sh system region nevents
where:
system = 1 -> pp
       = 2 -> Pb-Pb
region = 1 -> ITS only
       = 2 -> whole detector
===============================
will generate Pb-Pb events
will transport events in the ITS only
Will generate: 10 events
Moving to /eos/user/f/ftorales/its_data/alignment/lbnl_alice_alignment_tasks/2287089/6
/eos/user/f/ftorales/its_data/alignment/lbnl_alice_alignment_tasks/2287089/6

==============================================================================================
1. MC generation run
[INFO] Running with 6 sim workers 
[INFO] CREATING SIM SHARED MEM SEGMENT FOR 6 WORKERS
Spawning particle server on PID 996; Redirect output to o2sim_serverlog
Spawning sim worker 0 on PID 998; Redirect output to o2sim_workerlog0
Spawning hit merger on PID 999; Redirect output to o2sim_mergerlog
[INFO] DISTRIBUTING EVENT : 1
[INFO] EVENT FINISHED : 1
[INFO] DISTRIBUTING EVENT : 2
[INFO] DISTRIBUTING EVENT : 3
[INFO] EVENT FINISHED : 3
[INFO] EVENT FINISHED : 2
[INFO] DISTRIBUTING EVENT : 4
[INFO] EVENT FINISHED : 4
[INFO] DISTRIBUTING EVENT : 5
[INFO] EVENT FINISHED : 5
[INFO] DISTRIBUTING EVENT : 6
[INFO] EVENT FINISHED : 6
[INFO] DISTRIBUTING EVENT : 7
[INFO] DISTRIBUTING EVENT : 8
[INFO] EVENT FINISHED : 7
[INFO] EVENT FINISHED : 8
[INFO] DISTRIBUTING EVENT : 9
[INFO] EVENT FINISHED : 9
[INFO] DISTRIBUTING EVENT : 10
[INFO] EVENT FINISHED : 10
[INFO] Merger process 999 returned
[INFO] Simulation process took 158.876 s
[INFO] SIMULATION RETURNED SUCCESFULLY

==============================================================================================
2. Hits to digits conversion
Run: 1621527750
Fill:      0
Period: 
LHC State: 
Start: Thu May 20 18:22:32 2021
End  : Thu May 20 18:22:33 2021
Beam0: Z:A =   0:  0, Energy = 0.000
Beam1: Z:A =   0:  0, Energy = 0.000
sqrt[s]    = 0.000
crossing angle (radian) = 0.000000e+00
magnet currents (A) L3 = -30000.000, Dipole = -6000
Detectors: Cont.RO Triggers
      ITS:    -       -    
[INFO] MC-TRUTH 1
[INFO] TPC: GEM setup - initialization from scratch
[INFO] TPC: GEM setup (polya) took 9.3
[INFO] TPC is in grp? no; is skipped? no
[INFO] ITS is in grp? yes; is skipped? no
[INFO] MFT is in grp? no; is skipped? no
[INFO] TOF is in grp? no; is skipped? no
[INFO] FT0 is in grp? no; is skipped? no
[INFO] FV0 is in grp? no; is skipped? no
[INFO] EMC is in grp? no; is skipped? no
[INFO] HMP is in grp? no; is skipped? no
[INFO] ZDC is in grp? no; is skipped? no
[INFO] TRD is in grp? no; is skipped? no
[INFO] MCH is in grp? no; is skipped? no
[INFO] MID is in grp? no; is skipped? no
[INFO] FDD is in grp? no; is skipped? no
[INFO] PHS is in grp? no; is skipped? no
[INFO] CPV is in grp? no; is skipped? no
[INFO] Initialising O2 Data Processing Layer
[INFO] O2 Data Processing Layer initialised. We brake for nobody.
[INFO] Optimised build. O2DEBUG / LOG(DEBUG) / LOGF(DEBUG) / assert statement will not be shown.
[INFO] Redeployment of configuration asked.
[INFO] Starting internal-dpl-clock on pid 2100
[INFO] Starting SimReader on pid 2101
[INFO] Starting ITSDigitizer on pid 2102
[INFO] Starting GRPUpdater on pid 2103
[INFO] Starting ITSDigitWriter on pid 2104
[INFO] Redeployment of configuration done.
[2100:internal-dpl-clock]: [INFO] MC-TRUTH 1
[2101:SimReader]: [INFO] MC-TRUTH 1
[2102:ITSDigitizer]: [INFO] MC-TRUTH 1
[2103:GRPUpdater]: [INFO] MC-TRUTH 1
[2104:ITSDigitWriter]: [INFO] MC-TRUTH 1
[2101:SimReader]: [INFO] Spawing new device SimReader in process with pid 2101
[2102:ITSDigitizer]: [INFO] Spawing new device ITSDigitizer in process with pid 2102
[2100:internal-dpl-clock]: [INFO] Spawing new device internal-dpl-clock in process with pid 2100
[2103:GRPUpdater]: [INFO] Spawing new device GRPUpdater in process with pid 2103
[2104:ITSDigitWriter]: [INFO] Spawing new device ITSDigitWriter in process with pid 2104
[2100:internal-dpl-clock]: [18:27:40][INFO] 
[2100:internal-dpl-clock]:       ______      _    _______  _________ 
[2100:internal-dpl-clock]:      / ____/___ _(_)_______   |/  /_  __ \    version 1.4.29
[2100:internal-dpl-clock]:     / /_  / __ `/ / ___/__  /|_/ /_  / / /    build RELWITHDEBINFO
[2100:internal-dpl-clock]:    / __/ / /_/ / / /    _  /  / / / /_/ /     https://github.com/FairRootGroup/FairMQ
[2100:internal-dpl-clock]:   /_/    \__,_/_/_/     /_/  /_/  \___\_\     LGPL-3.0  © 2012-2020 GSI
[2100:internal-dpl-clock]: 
[2102:ITSDigitizer]: [18:27:40][INFO] 
[2102:ITSDigitizer]:       ______      _    _______  _________ 
[2102:ITSDigitizer]:      / ____/___ _(_)_______   |/  /_  __ \    version 1.4.29
[2102:ITSDigitizer]:     / /_  / __ `/ / ___/__  /|_/ /_  / / /    build RELWITHDEBINFO
[2102:ITSDigitizer]:    / __/ / /_/ / / /    _  /  / / / /_/ /     https://github.com/FairRootGroup/FairMQ
[2102:ITSDigitizer]:   /_/    \__,_/_/_/     /_/  /_/  \___\_\     LGPL-3.0  © 2012-2020 GSI
[2102:ITSDigitizer]: 
[2103:GRPUpdater]: [18:27:40][INFO] 
[2103:GRPUpdater]:       ______      _    _______  _________ 
[2103:GRPUpdater]:      / ____/___ _(_)_______   |/  /_  __ \    version 1.4.29
[2103:GRPUpdater]:     / /_  / __ `/ / ___/__  /|_/ /_  / / /    build RELWITHDEBINFO
[2103:GRPUpdater]:    / __/ / /_/ / / /    _  /  / / / /_/ /     https://github.com/FairRootGroup/FairMQ
[2103:GRPUpdater]:   /_/    \__,_/_/_/     /_/  /_/  \___\_\     LGPL-3.0  © 2012-2020 GSI
[2103:GRPUpdater]: 
[2101:SimReader]: [18:27:40][INFO] 
[2101:SimReader]:       ______      _    _______  _________ 
[2101:SimReader]:      / ____/___ _(_)_______   |/  /_  __ \    version 1.4.29
[2101:SimReader]:     / /_  / __ `/ / ___/__  /|_/ /_  / / /    build RELWITHDEBINFO
[2101:SimReader]:    / __/ / /_/ / / /    _  /  / / / /_/ /     https://github.com/FairRootGroup/FairMQ
[2101:SimReader]:   /_/    \__,_/_/_/     /_/  /_/  \___\_\     LGPL-3.0  © 2012-2020 GSI
[2101:SimReader]: 
[2104:ITSDigitWriter]: [18:27:40][INFO] 
[2104:ITSDigitWriter]:       ______      _    _______  _________ 
[2104:ITSDigitWriter]:      / ____/___ _(_)_______   |/  /_  __ \    version 1.4.29
[2104:ITSDigitWriter]:     / /_  / __ `/ / ___/__  /|_/ /_  / / /    build RELWITHDEBINFO
[2104:ITSDigitWriter]:    / __/ / /_/ / / /    _  /  / / / /_/ /     https://github.com/FairRootGroup/FairMQ
[2104:ITSDigitWriter]:   /_/    \__,_/_/_/     /_/  /_/  \___\_\     LGPL-3.0  © 2012-2020 GSI
[2104:ITSDigitWriter]: 
[2100:internal-dpl-clock]: [18:27:40][STATE] Starting FairMQ state machine --> IDLE
[2101:SimReader]: [18:27:40][STATE] Starting FairMQ state machine --> IDLE
[2102:ITSDigitizer]: [18:27:40][STATE] Starting FairMQ state machine --> IDLE
[2104:ITSDigitWriter]: [18:27:40][STATE] Starting FairMQ state machine --> IDLE
[2103:GRPUpdater]: [18:27:40][STATE] Starting FairMQ state machine --> IDLE
[2100:internal-dpl-clock]: 2021-05-20 18:27:40	Monitoring	[0;49mStdOut backend initialized[0m
[2101:SimReader]: 2021-05-20 18:27:40	Monitoring	[0;49mStdOut backend initialized[0m
[2102:ITSDigitizer]: 2021-05-20 18:27:40	Monitoring	[0;49mStdOut backend initialized[0m
[2103:GRPUpdater]: 2021-05-20 18:27:40	Monitoring	[0;49mStdOut backend initialized[0m
[2104:ITSDigitWriter]: 2021-05-20 18:27:40	Monitoring	[0;49mStdOut backend initialized[0m
[2100:internal-dpl-clock]: [18:27:40][STATE] IDLE ---> INITIALIZING DEVICE
[2100:internal-dpl-clock]: 2021-05-20 18:27:40	Monitoring	[0;49mBuffering enabled (100)[0m
[2100:internal-dpl-clock]: [18:27:40][STATE] INITIALIZING DEVICE ---> INITIALIZED
[2100:internal-dpl-clock]: [18:27:40][STATE] INITIALIZED ---> BINDING
[2100:internal-dpl-clock]: [18:27:40][STATE] BINDING ---> BOUND
[2100:internal-dpl-clock]: [18:27:40][STATE] BOUND ---> CONNECTING
[2100:internal-dpl-clock]: [18:27:40][STATE] CONNECTING ---> DEVICE READY
[2100:internal-dpl-clock]: [18:27:40][STATE] DEVICE READY ---> INITIALIZING TASK
[2100:internal-dpl-clock]: [18:27:40][STATE] INITIALIZING TASK ---> READY
[2100:internal-dpl-clock]: [18:27:40][STATE] READY ---> RUNNING
[2100:internal-dpl-clock]: [18:27:40][INFO] DEVICE: Running...
[2101:SimReader]: [18:27:40][STATE] IDLE ---> INITIALIZING DEVICE
[2101:SimReader]: 2021-05-20 18:27:40	Monitoring	[0;49mBuffering enabled (100)[0m
[2101:SimReader]: [18:27:40][INFO] adding o2sim
[2101:SimReader]: 
[2101:SimReader]: [18:27:40][INFO] INCONTEXTSTRING 
[2101:SimReader]: [18:27:40][INFO] Imposing hadronic interaction rate 50000Hz
[2101:SimReader]: [18:27:40][WARN] No bunch filling provided, impose default one
[2101:SimReader]: [18:27:40][INFO] Deducing mu=0.00771915 per BC from IR=50000 with 576 BCs
[2101:SimReader]: [18:27:40][INFO] InteractionSampler with 576 colliding BCs, mu(BC)= 0.00771915 -> total IR= 50000
[2101:SimReader]: [18:27:40][INFO] Current BCid:    0 Orbit:      1 |T in BC(ns): 0.000(0 coll left)
[2101:SimReader]: [18:27:40][INFO] setting up 1 chains
[2102:ITSDigitizer]: [18:27:40][STATE] IDLE ---> INITIALIZING DEVICE
[2102:ITSDigitizer]: 2021-05-20 18:27:40	Monitoring	[0;49mBuffering enabled (100)[0m
[2102:ITSDigitizer]: [18:27:40][INFO] Initializing geometry service
[2102:ITSDigitizer]: [18:27:40][INFO] Loading geometry FAIRGeom from o2sim_geometry.root
[2103:GRPUpdater]: [18:27:40][STATE] IDLE ---> INITIALIZING DEVICE
[2103:GRPUpdater]: 2021-05-20 18:27:40	Monitoring	[0;49mBuffering enabled (100)[0m
[2103:GRPUpdater]: [18:27:40][STATE] INITIALIZING DEVICE ---> INITIALIZED
[2103:GRPUpdater]: [18:27:40][STATE] INITIALIZED ---> BINDING
[2103:GRPUpdater]: [18:27:40][STATE] BINDING ---> BOUND
[2103:GRPUpdater]: [18:27:40][STATE] BOUND ---> CONNECTING
[2103:GRPUpdater]: [18:27:40][STATE] CONNECTING ---> DEVICE READY
[2103:GRPUpdater]: [18:27:40][STATE] DEVICE READY ---> INITIALIZING TASK
[2103:GRPUpdater]: [18:27:40][STATE] INITIALIZING TASK ---> READY
[2103:GRPUpdater]: [18:27:40][STATE] READY ---> RUNNING
[2103:GRPUpdater]: [18:27:40][INFO] DEVICE: Running...
[2104:ITSDigitWriter]: [18:27:40][STATE] IDLE ---> INITIALIZING DEVICE
[2104:ITSDigitWriter]: 2021-05-20 18:27:40	Monitoring	[0;49mBuffering enabled (100)[0m
[2104:ITSDigitWriter]: [18:27:40][INFO] 0: branch  ITSDigitMCTruth set up
[2104:ITSDigitWriter]: [18:27:40][INFO] 1: branch  ITSDigitMC2ROF set up
[2104:ITSDigitWriter]: [18:27:40][INFO] 2: branch  ITSDigit set up
[2104:ITSDigitWriter]: [18:27:40][INFO] 3: branch  ITSDigitROF set up
[2104:ITSDigitWriter]: [18:27:40][STATE] INITIALIZING DEVICE ---> INITIALIZED
[2104:ITSDigitWriter]: [18:27:40][STATE] INITIALIZED ---> BINDING
[2104:ITSDigitWriter]: [18:27:40][STATE] BINDING ---> BOUND
[2104:ITSDigitWriter]: [18:27:40][STATE] BOUND ---> CONNECTING
[2104:ITSDigitWriter]: [18:27:40][STATE] CONNECTING ---> DEVICE READY
[2104:ITSDigitWriter]: [18:27:40][STATE] DEVICE READY ---> INITIALIZING TASK
[2104:ITSDigitWriter]: [18:27:40][STATE] INITIALIZING TASK ---> READY
[2104:ITSDigitWriter]: [18:27:40][STATE] READY ---> RUNNING
[2104:ITSDigitWriter]: [18:27:40][INFO] DEVICE: Running...
[2102:ITSDigitizer]: Info in <TGeoManager::CloseGeometry>: Geometry loaded from file...
[2102:ITSDigitizer]: Info in <TGeoManager::SetTopVolume>: Top volume is cave. Master volume is cave
[2102:ITSDigitizer]: Info in <TGeoNavigator::BuildCache>: --- Maximum geometry depth set to 100
[2102:ITSDigitizer]: Info in <TGeoManager::CloseGeometry>: Voxelization retrieved from file
[2102:ITSDigitizer]: Info in <TGeoManager::CountLevels>: max level = 9, max placements = 126
[2102:ITSDigitizer]: Info in <TGeoManager::CloseGeometry>: 179840 nodes/ 399 volume UID's in FAIR geometry
[2102:ITSDigitizer]: Info in <TGeoManager::CloseGeometry>: ----------------modeler ready----------------
[2102:ITSDigitizer]: [18:27:41][INFO] Initializing field service
[2102:ITSDigitizer]: [18:27:41][INFO] MagneticField::Print: MagneticFieldMap:
[2102:ITSDigitizer]: [18:27:41][INFO] MagneticField::Print: Solenoid (-1*)5 kG, Dipole ON (-1) 
[2102:ITSDigitizer]: [18:27:41][INFO] MagneticField::Print: Machine B fields for p-p  beam (7000 GeV): QGrad: 22.0002 Dipole: 37.8781
[2102:ITSDigitizer]: [18:27:41][INFO] MagneticField::Print: Uses Sol30_Dip6_Hole  of /cvmfs/alice.cern.ch/el7-x86_64/Packages/O2/nightly-20210129-1/share/Common/maps/mfchebKGI_sym.root
[2102:ITSDigitizer]: Info in <TGeoGlobalMagField::SetField>: Global magnetic field set to <MagneticFieldMap>
[2102:ITSDigitizer]: Info in <TGeoGlobalMagField::Lock>: Global magnetic field <MagneticFieldMap> is now locked
[2102:ITSDigitizer]: [18:27:41][INFO] Set Alpide charge threshold to 150, single hit will be accounted from 15 electrons
[2102:ITSDigitizer]: [18:27:41][INFO] ITS simulated in CONTINUOUS RO mode
[2102:ITSDigitizer]: [18:27:41][INFO] Loading ITS L2G matrices from TGeo
[2101:SimReader]: [18:27:42][INFO] Automatic deduction of number of collisions ... will just take number of background entries 10
[2101:SimReader]: Summary of DigitizationContext --
[2101:SimReader]: Parts per collision 1
[2101:SimReader]: Collision parts taken from simulations specified by prefix:
[2101:SimReader]: Number of Collisions 10
[2101:SimReader]: Collision 0 TIME BCid:  218 Orbit:      1 |T in BC(ns): -0.051 (0 , 0)
[2101:SimReader]: Collision 1 TIME BCid: 1006 Orbit:      1 |T in BC(ns): 0.034 (0 , 1)
[2101:SimReader]: Collision 2 TIME BCid: 1020 Orbit:      1 |T in BC(ns): 0.263 (0 , 2)
[2101:SimReader]: Collision 3 TIME BCid: 2008 Orbit:      1 |T in BC(ns): 0.086 (0 , 3)
[2101:SimReader]: Collision 4 TIME BCid: 2198 Orbit:      1 |T in BC(ns): -0.115 (0 , 4)
[2101:SimReader]: Collision 5 TIME BCid:  820 Orbit:      2 |T in BC(ns): 0.147 (0 , 5)
[2101:SimReader]: Collision 6 TIME BCid:  846 Orbit:      2 |T in BC(ns): 0.188 (0 , 6)
[2101:SimReader]: Collision 7 TIME BCid: 1576 Orbit:      3 |T in BC(ns): 0.110 (0 , 7)
[2101:SimReader]: Collision 8 TIME BCid: 1580 Orbit:      3 |T in BC(ns): -0.132 (0 , 8)
[2101:SimReader]: Collision 9 TIME BCid: 1620 Orbit:      3 |T in BC(ns): -0.182 (0 , 9)
[2101:SimReader]: [18:27:42][INFO] Initializing Spec ... have 10 times 
[2101:SimReader]: [18:27:42][INFO] Serializing Context for later reuse
[2101:SimReader]: [18:27:42][STATE] INITIALIZING DEVICE ---> INITIALIZED
[2101:SimReader]: [18:27:42][STATE] INITIALIZED ---> BINDING
[2101:SimReader]: [18:27:42][STATE] BINDING ---> BOUND
[2101:SimReader]: [18:27:42][STATE] BOUND ---> CONNECTING
[2101:SimReader]: [18:27:42][STATE] CONNECTING ---> DEVICE READY
[2101:SimReader]: [18:27:42][STATE] DEVICE READY ---> INITIALIZING TASK
[2101:SimReader]: [18:27:42][STATE] INITIALIZING TASK ---> READY
[2101:SimReader]: [18:27:42][STATE] READY ---> RUNNING
[2101:SimReader]: [18:27:42][INFO] DEVICE: Running...
[2101:SimReader]: [18:27:42][INFO] SENDING SOMETHING TO OTHERS
[2102:ITSDigitizer]: Alpide response object of 40500 matrices to map chagre in xyz to 5x5 pixels
[2102:ITSDigitizer]: X(col) range: +0.000000e+00 : +1.462000e-03 | step: 5.000000e-05 | Nbins: 30
[2102:ITSDigitizer]: Y(row) range: +0.000000e+00 : +1.344000e-03 | step: 5.000000e-05 | Nbins: 27
[2102:ITSDigitizer]: Z(dpt) range: -2.000000e-03 : +2.500000e-03 | step: 8.999999e-05 | Nbins: 50
[2102:ITSDigitizer]: Alpide digitization params:
[2102:ITSDigitizer]: Continuous readout             : ON
[2102:ITSDigitizer]: Readout Frame Length(ns)       : 9880.510742
[2102:ITSDigitizer]: Strobe delay (ns)              : 99.803139
[2102:ITSDigitizer]: Strobe length (ns)             : 9780.708008
[2102:ITSDigitizer]: Threshold (N electrons)        : 150
[2102:ITSDigitizer]: Min N electrons to accoint     : 15
[2102:ITSDigitizer]: Number of charge sharing steps : 7
[2102:ITSDigitizer]: ELoss to N electrons factor    : 2.777778e+08
[2102:ITSDigitizer]: Noise level per pixel          : 1.000000e-07
[2102:ITSDigitizer]: Charge time-response:
[2102:ITSDigitizer]: o2::itsmft::AlpideSignalTrapezoid | Duration: 7500.0 MaxRiseTime: 1100.0 (RiseTime=0 at q=450.0) (ns)
[2102:ITSDigitizer]: [18:27:42][STATE] INITIALIZING DEVICE ---> INITIALIZED
[2102:ITSDigitizer]: [18:27:42][STATE] INITIALIZED ---> BINDING
[2102:ITSDigitizer]: [18:27:42][STATE] BINDING ---> BOUND
[2102:ITSDigitizer]: [18:27:42][STATE] BOUND ---> CONNECTING
[2102:ITSDigitizer]: [18:27:42][STATE] CONNECTING ---> DEVICE READY
[2102:ITSDigitizer]: [18:27:42][STATE] DEVICE READY ---> INITIALIZING TASK
[2102:ITSDigitizer]: [18:27:42][STATE] INITIALIZING TASK ---> READY
[2102:ITSDigitizer]: [18:27:42][STATE] READY ---> RUNNING
[2102:ITSDigitizer]: [18:27:42][INFO] DEVICE: Running...
[2102:ITSDigitizer]: [18:27:42][INFO] GOT 10 COLLISSION TIMES
[2102:ITSDigitizer]: [18:27:42][INFO] SIMCHAINS 1
[2102:ITSDigitizer]: [18:27:42][INFO]  CALLING ITS DIGITIZATION 
[2102:ITSDigitizer]: [18:27:43][INFO] Digitizing ITS hits of entry 0 from source 0 at time BCid:  218 Orbit:      1 |T in BC(ns): -0.051 ROFrame= 9) cont.mode: 1 Min/Max ROFrames 0/8
[2102:ITSDigitizer]: [18:27:43][INFO] Filling ITS digits output for RO frames 0:8
[2102:ITSDigitizer]: ROF: 0 | 1283 entries starting from 0
[2102:ITSDigitizer]: BCid:    0 Orbit:      0
[2102:ITSDigitizer]: ROF: 1 | 1267 entries starting from 1283
[2102:ITSDigitizer]: BCid:  396 Orbit:      0
[2102:ITSDigitizer]: ROF: 2 | 1323 entries starting from 2550
[2102:ITSDigitizer]: BCid:  792 Orbit:      0
[2102:ITSDigitizer]: ROF: 3 | 1229 entries starting from 3873
[2102:ITSDigitizer]: BCid: 1188 Orbit:      0
[2102:ITSDigitizer]: ROF: 4 | 1245 entries starting from 5102
[2102:ITSDigitizer]: BCid: 1584 Orbit:      0
[2102:ITSDigitizer]: ROF: 5 | 1248 entries starting from 6347
[2102:ITSDigitizer]: BCid: 1980 Orbit:      0
[2102:ITSDigitizer]: ROF: 6 | 1259 entries starting from 7595
[2102:ITSDigitizer]: BCid: 2376 Orbit:      0
[2102:ITSDigitizer]: ROF: 7 | 1258 entries starting from 8854
[2102:ITSDigitizer]: BCid: 2772 Orbit:      0
[2102:ITSDigitizer]: ROF: 8 | 1247 entries starting from 10112
[2102:ITSDigitizer]: BCid: 3168 Orbit:      0
[2102:ITSDigitizer]: [18:27:43][INFO] Added 11359 digits 
[2102:ITSDigitizer]: [18:27:43][INFO] Digitizing ITS hits of entry 1 from source 0 at time BCid: 1006 Orbit:      1 |T in BC(ns): 0.034 ROFrame= 11) cont.mode: 1 Min/Max ROFrames 9/10
[2102:ITSDigitizer]: [18:27:43][INFO] Filling ITS digits output for RO frames 9:10
[2102:ITSDigitizer]: ROF: 9 | 32507 entries starting from 11359
[2102:ITSDigitizer]: BCid:    0 Orbit:      1
[2102:ITSDigitizer]: MCEventID: 0 ROFs: 9-10 Entry in ROFRecords: 9
[2102:ITSDigitizer]: ROF: 10 | 32472 entries starting from 43866
[2102:ITSDigitizer]: BCid:  396 Orbit:      1
[2102:ITSDigitizer]: [18:27:43][INFO] Added 64979 digits 
[2102:ITSDigitizer]: [18:27:43][INFO] Digitizing ITS hits of entry 2 from source 0 at time BCid: 1020 Orbit:      1 |T in BC(ns): 0.263 ROFrame= 11) cont.mode: 1 Min/Max ROFrames 11/12
[2102:ITSDigitizer]: [18:27:43][INFO] Digitizing ITS hits of entry 3 from source 0 at time BCid: 2008 Orbit:      1 |T in BC(ns): 0.086 ROFrame= 14) cont.mode: 1 Min/Max ROFrames 11/13
[2102:ITSDigitizer]: [18:27:43][INFO] Filling ITS digits output for RO frames 11:13
[2102:ITSDigitizer]: ROF: 11 | 142278 entries starting from 76338
[2102:ITSDigitizer]: BCid:  792 Orbit:      1
[2102:ITSDigitizer]: MCEventID: 1 ROFs: 11-12 Entry in ROFRecords: 11
[2102:ITSDigitizer]: MCEventID: 2 ROFs: 11-13 Entry in ROFRecords: 11
[2102:ITSDigitizer]: ROF: 12 | 142369 entries starting from 218616
[2102:ITSDigitizer]: BCid: 1188 Orbit:      1
[2102:ITSDigitizer]: ROF: 13 | 1287 entries starting from 360985
[2102:ITSDigitizer]: BCid: 1584 Orbit:      1
[2102:ITSDigitizer]: [18:27:44][INFO] Added 285934 digits 
[2102:ITSDigitizer]: [18:27:44][INFO] Digitizing ITS hits of entry 4 from source 0 at time BCid: 2198 Orbit:      1 |T in BC(ns): -0.115 ROFrame= 14) cont.mode: 1 Min/Max ROFrames 14/15
[2102:ITSDigitizer]: [18:27:45][INFO] Digitizing ITS hits of entry 5 from source 0 at time BCid:  820 Orbit:      2 |T in BC(ns): 0.147 ROFrame= 20) cont.mode: 1 Min/Max ROFrames 14/19
[2102:ITSDigitizer]: [18:27:45][INFO] Filling ITS digits output for RO frames 14:19
[2102:ITSDigitizer]: ROF: 14 | 486679 entries starting from 362272
[2102:ITSDigitizer]: BCid: 1980 Orbit:      1
[2102:ITSDigitizer]: MCEventID: 3 ROFs: 14-15 Entry in ROFRecords: 14
[2102:ITSDigitizer]: MCEventID: 4 ROFs: 14-16 Entry in ROFRecords: 14
[2102:ITSDigitizer]: ROF: 15 | 209248 entries starting from 848951
[2102:ITSDigitizer]: BCid: 2376 Orbit:      1
[2102:ITSDigitizer]: ROF: 16 | 1577 entries starting from 1058199
[2102:ITSDigitizer]: BCid: 2772 Orbit:      1
[2102:ITSDigitizer]: ROF: 17 | 1315 entries starting from 1059776
[2102:ITSDigitizer]: BCid: 3168 Orbit:      1
[2102:ITSDigitizer]: ROF: 18 | 1213 entries starting from 1061091
[2102:ITSDigitizer]: BCid:    0 Orbit:      2
[2102:ITSDigitizer]: ROF: 19 | 1319 entries starting from 1062304
[2102:ITSDigitizer]: BCid:  396 Orbit:      2
[2102:ITSDigitizer]: [18:27:46][INFO] Added 701351 digits 
[2102:ITSDigitizer]: [18:27:46][INFO] Digitizing ITS hits of entry 6 from source 0 at time BCid:  846 Orbit:      2 |T in BC(ns): 0.188 ROFrame= 20) cont.mode: 1 Min/Max ROFrames 20/21
[2102:ITSDigitizer]: [18:27:46][INFO] Digitizing ITS hits of entry 7 from source 0 at time BCid: 1576 Orbit:      3 |T in BC(ns): 0.110 ROFrame= 30) cont.mode: 1 Min/Max ROFrames 20/29
[2102:ITSDigitizer]: [18:27:46][INFO] Filling ITS digits output for RO frames 20:29
[2102:ITSDigitizer]: ROF: 20 | 285739 entries starting from 1063623
[2102:ITSDigitizer]: BCid:  792 Orbit:      2
[2102:ITSDigitizer]: MCEventID: 5 ROFs: 20-21 Entry in ROFRecords: 20
[2102:ITSDigitizer]: MCEventID: 6 ROFs: 20-20 Entry in ROFRecords: 20
[2102:ITSDigitizer]: ROF: 21 | 2969 entries starting from 1349362
[2102:ITSDigitizer]: BCid: 1188 Orbit:      2
[2102:ITSDigitizer]: ROF: 22 | 1240 entries starting from 1352331
[2102:ITSDigitizer]: BCid: 1584 Orbit:      2
[2102:ITSDigitizer]: ROF: 23 | 1256 entries starting from 1353571
[2102:ITSDigitizer]: BCid: 1980 Orbit:      2
[2102:ITSDigitizer]: ROF: 24 | 1252 entries starting from 1354827
[2102:ITSDigitizer]: BCid: 2376 Orbit:      2
[2102:ITSDigitizer]: ROF: 25 | 1280 entries starting from 1356079
[2102:ITSDigitizer]: BCid: 2772 Orbit:      2
[2102:ITSDigitizer]: ROF: 26 | 1281 entries starting from 1357359
[2102:ITSDigitizer]: BCid: 3168 Orbit:      2
[2102:ITSDigitizer]: ROF: 27 | 1241 entries starting from 1358640
[2102:ITSDigitizer]: BCid:    0 Orbit:      3
[2102:ITSDigitizer]: ROF: 28 | 1310 entries starting from 1359881
[2102:ITSDigitizer]: BCid:  396 Orbit:      3
[2102:ITSDigitizer]: ROF: 29 | 1308 entries starting from 1361191
[2102:ITSDigitizer]: BCid:  792 Orbit:      3
[2102:ITSDigitizer]: [18:27:46][INFO] Added 298876 digits 
[2102:ITSDigitizer]: [18:27:46][INFO] Digitizing ITS hits of entry 8 from source 0 at time BCid: 1580 Orbit:      3 |T in BC(ns): -0.132 ROFrame= 30) cont.mode: 1 Min/Max ROFrames 30/32
[2102:ITSDigitizer]: [18:27:47][INFO] Filling ITS digits output for RO frames 30:33
[2102:ITSDigitizer]: ROF: 30 | 227448 entries starting from 1362499
[2102:ITSDigitizer]: BCid: 1188 Orbit:      3
[2102:ITSDigitizer]: MCEventID: 7 ROFs: 30-32 Entry in ROFRecords: 30
[2102:ITSDigitizer]: MCEventID: 8 ROFs: 30-32 Entry in ROFRecords: 30
[2102:ITSDigitizer]: ROF: 31 | 313297 entries starting from 1589947
[2102:ITSDigitizer]: BCid: 1584 Orbit:      3
[2102:ITSDigitizer]: ROF: 32 | 2083 entries starting from 1903244
[2102:ITSDigitizer]: BCid: 1980 Orbit:      3
[2102:ITSDigitizer]: ROF: 33 | 1298 entries starting from 1905327
[2102:ITSDigitizer]: BCid: 2376 Orbit:      3
[2102:ITSDigitizer]: [18:27:47][INFO] Added 544126 digits 
[2102:ITSDigitizer]: [18:27:47][INFO] ITS: Sending ROMode= 3 to GRPUpdater
[2102:ITSDigitizer]: [18:27:47][INFO] Digitization took 4.41s
[2104:ITSDigitWriter]: [18:27:47][INFO] WRITING 1918211 LABELS 
[2103:GRPUpdater]: [18:27:47][INFO] Updated GRP in o2sim_grp.root for detectors RO mode
[2103:GRPUpdater]: Run: 1621527750
[2103:GRPUpdater]: Fill:      0
[2103:GRPUpdater]: Period: 
[2103:GRPUpdater]: LHC State: 
[2103:GRPUpdater]: Start: Thu May 20 18:22:32 2021
[2103:GRPUpdater]: End  : Thu May 20 18:22:33 2021
[2103:GRPUpdater]: Beam0: Z:A =   0:  0, Energy = 0.000
[2103:GRPUpdater]: Beam1: Z:A =   0:  0, Energy = 0.000
[2103:GRPUpdater]: sqrt[s]    = 0.000
[2103:GRPUpdater]: crossing angle (radian) = 0.000000e+00
[2103:GRPUpdater]: magnet currents (A) L3 = -30000.000, Dipole = -6000
[2103:GRPUpdater]: Detectors: Cont.RO Triggers
[2103:GRPUpdater]:       ITS:    +       -    
[2104:ITSDigitWriter]: [18:27:47][INFO] RECEIVED DIGITS SIZE 1906625
[INFO] Quitting
[INFO] QUIT_REQUESTED
[2104:ITSDigitWriter]: [18:27:48][INFO] Received device shutdown request (signal 15).
[2104:ITSDigitWriter]: [18:27:48][INFO] Waiting for graceful device shutdown. Hit Ctrl-C again to abort immediately.
[2102:ITSDigitizer]: [18:27:48][INFO] Received device shutdown request (signal 15).
[2102:ITSDigitizer]: [18:27:48][INFO] Waiting for graceful device shutdown. Hit Ctrl-C again to abort immediately.
[2100:internal-dpl-clock]: [18:27:48][INFO] Received device shutdown request (signal 15).
[2100:internal-dpl-clock]: [18:27:48][INFO] Waiting for graceful device shutdown. Hit Ctrl-C again to abort immediately.
[2101:SimReader]: [18:27:48][INFO] Received device shutdown request (signal 15).
[2101:SimReader]: [18:27:48][INFO] Waiting for graceful device shutdown. Hit Ctrl-C again to abort immediately.
[2103:GRPUpdater]: [18:27:48][INFO] Received device shutdown request (signal 15).
[2103:GRPUpdater]: [18:27:48][INFO] Waiting for graceful device shutdown. Hit Ctrl-C again to abort immediately.
[2101:SimReader]: [18:27:48][STATE] RUNNING ---> READY
[2101:SimReader]: [18:27:48][STATE] READY ---> RESETTING TASK
[2101:SimReader]: [18:27:48][STATE] RESETTING TASK ---> DEVICE READY
[2101:SimReader]: [18:27:48][STATE] DEVICE READY ---> RESETTING DEVICE
[2101:SimReader]: [18:27:48][STATE] RESETTING DEVICE ---> IDLE
[2101:SimReader]: [18:27:48][STATE] IDLE ---> EXITING
[2101:SimReader]: [18:27:48][STATE] Exiting FairMQ state machine
[2100:internal-dpl-clock]: [18:27:48][STATE] RUNNING ---> READY
[2100:internal-dpl-clock]: [18:27:48][STATE] READY ---> RESETTING TASK
[2100:internal-dpl-clock]: [18:27:48][STATE] RESETTING TASK ---> DEVICE READY
[2100:internal-dpl-clock]: [18:27:48][STATE] DEVICE READY ---> RESETTING DEVICE
[2103:GRPUpdater]: [18:27:48][STATE] RUNNING ---> READY
[2100:internal-dpl-clock]: [18:27:48][STATE] RESETTING DEVICE ---> IDLE
[2100:internal-dpl-clock]: [18:27:48][STATE] IDLE ---> EXITING
[2102:ITSDigitizer]: [18:27:48][STATE] RUNNING ---> READY
[2100:internal-dpl-clock]: [18:27:48][STATE] Exiting FairMQ state machine
[2103:GRPUpdater]: [18:27:48][STATE] READY ---> RESETTING TASK
[2103:GRPUpdater]: [18:27:48][STATE] RESETTING TASK ---> DEVICE READY
[2102:ITSDigitizer]: [18:27:48][STATE] READY ---> RESETTING TASK
[2102:ITSDigitizer]: [18:27:48][STATE] RESETTING TASK ---> DEVICE READY
[2103:GRPUpdater]: [18:27:48][STATE] DEVICE READY ---> RESETTING DEVICE
[2102:ITSDigitizer]: [18:27:48][STATE] DEVICE READY ---> RESETTING DEVICE
[2103:GRPUpdater]: [18:27:48][STATE] RESETTING DEVICE ---> IDLE
[2103:GRPUpdater]: [18:27:48][STATE] IDLE ---> EXITING
[2103:GRPUpdater]: [18:27:48][STATE] Exiting FairMQ state machine
[2102:ITSDigitizer]: [18:27:48][STATE] RESETTING DEVICE ---> IDLE
[2102:ITSDigitizer]: [18:27:48][STATE] IDLE ---> EXITING
[2102:ITSDigitizer]: [18:27:48][STATE] Exiting FairMQ state machine
[2104:ITSDigitWriter]: [18:27:49][STATE] RUNNING ---> READY
[2104:ITSDigitWriter]: [18:27:49][STATE] READY ---> RESETTING TASK
[2104:ITSDigitWriter]: [18:27:49][STATE] RESETTING TASK ---> DEVICE READY
[2104:ITSDigitWriter]: [18:27:49][STATE] DEVICE READY ---> RESETTING DEVICE
[2104:ITSDigitWriter]: Cleaning up for shared memory id 'ca2969e8'...
[2104:ITSDigitWriter]: No region counter found. No regions to cleanup.
[2104:ITSDigitWriter]: Successfully removed 'fmq_ca2969e8_m_0'.
[2104:ITSDigitWriter]: Successfully removed 'fmq_ca2969e8_mng'.
[2104:ITSDigitWriter]: Successfully removed 'fmq_ca2969e8_mtx'.
[2104:ITSDigitWriter]: Successfully removed 'fmq_ca2969e8_cv'.
[2104:ITSDigitWriter]: [18:27:49][STATE] RESETTING DEVICE ---> IDLE
[2104:ITSDigitWriter]: [18:27:49][STATE] IDLE ---> EXITING
[2104:ITSDigitWriter]: [18:27:49][STATE] Exiting FairMQ state machine
[INFO] Dumping used configuration in dpl-config.json

==============================================================================================
3. Tracking
[INFO] Initialising O2 Data Processing Layer
[INFO] O2 Data Processing Layer initialised. We brake for nobody.
[INFO] Optimised build. O2DEBUG / LOG(DEBUG) / LOGF(DEBUG) / assert statement will not be shown.
[INFO] Redeployment of configuration asked.
[INFO] Starting internal-dpl-clock on pid 3183
[INFO] Starting its-digit-reader on pid 3184
[INFO] Starting its-clusterer on pid 3185
[INFO] Starting its-cluster-writer on pid 3186
[INFO] Starting its-tracker on pid 3187
[INFO] Starting its-track-writer on pid 3188
[INFO] Redeployment of configuration done.
[3184:its-digit-reader]: [INFO] Spawing new device its-digit-reader in process with pid 3184
[3184:its-digit-reader]: [18:30:10][INFO] 
[3184:its-digit-reader]:       ______      _    _______  _________ 
[3184:its-digit-reader]:      / ____/___ _(_)_______   |/  /_  __ \    version 1.4.29
[3184:its-digit-reader]:     / /_  / __ `/ / ___/__  /|_/ /_  / / /    build RELWITHDEBINFO
[3184:its-digit-reader]:    / __/ / /_/ / / /    _  /  / / / /_/ /     https://github.com/FairRootGroup/FairMQ
[3184:its-digit-reader]:   /_/    \__,_/_/_/     /_/  /_/  \___\_\     LGPL-3.0  © 2012-2020 GSI
[3184:its-digit-reader]: 
[3184:its-digit-reader]: [18:30:10][STATE] Starting FairMQ state machine --> IDLE
[3185:its-clusterer]: [INFO] Spawing new device its-clusterer in process with pid 3185
[3184:its-digit-reader]: 2021-05-20 18:30:10	Monitoring	[0;49mStdOut backend initialized[0m
[3184:its-digit-reader]: [18:30:10][STATE] IDLE ---> INITIALIZING DEVICE
[3185:its-clusterer]: [18:30:10][INFO] 
[3185:its-clusterer]:       ______      _    _______  _________ 
[3185:its-clusterer]:      / ____/___ _(_)_______   |/  /_  __ \    version 1.4.29
[3185:its-clusterer]:     / /_  / __ `/ / ___/__  /|_/ /_  / / /    build RELWITHDEBINFO
[3185:its-clusterer]:    / __/ / /_/ / / /    _  /  / / / /_/ /     https://github.com/FairRootGroup/FairMQ
[3185:its-clusterer]:   /_/    \__,_/_/_/     /_/  /_/  \___\_\     LGPL-3.0  © 2012-2020 GSI
[3185:its-clusterer]: 
[3185:its-clusterer]: [18:30:10][STATE] Starting FairMQ state machine --> IDLE
[3185:its-clusterer]: 2021-05-20 18:30:10	Monitoring	[0;49mStdOut backend initialized[0m
[3185:its-clusterer]: [18:30:10][STATE] IDLE ---> INITIALIZING DEVICE
[3184:its-digit-reader]: 2021-05-20 18:30:10	Monitoring	[0;49mBuffering enabled (100)[0m
[3185:its-clusterer]: 2021-05-20 18:30:10	Monitoring	[0;49mBuffering enabled (100)[0m
[3187:its-tracker]: [INFO] Spawing new device its-tracker in process with pid 3187
[3188:its-track-writer]: [INFO] Spawing new device its-track-writer in process with pid 3188
[3183:internal-dpl-clock]: [INFO] Spawing new device internal-dpl-clock in process with pid 3183
[3186:its-cluster-writer]: [INFO] Spawing new device its-cluster-writer in process with pid 3186
[3187:its-tracker]: [18:30:10][INFO] 
[3187:its-tracker]:       ______      _    _______  _________ 
[3187:its-tracker]:      / ____/___ _(_)_______   |/  /_  __ \    version 1.4.29
[3187:its-tracker]:     / /_  / __ `/ / ___/__  /|_/ /_  / / /    build RELWITHDEBINFO
[3187:its-tracker]:    / __/ / /_/ / / /    _  /  / / / /_/ /     https://github.com/FairRootGroup/FairMQ
[3187:its-tracker]:   /_/    \__,_/_/_/     /_/  /_/  \___\_\     LGPL-3.0  © 2012-2020 GSI
[3187:its-tracker]: 
[3187:its-tracker]: [18:30:10][STATE] Starting FairMQ state machine --> IDLE
[3188:its-track-writer]: [18:30:10][INFO] 
[3188:its-track-writer]:       ______      _    _______  _________ 
[3188:its-track-writer]:      / ____/___ _(_)_______   |/  /_  __ \    version 1.4.29
[3188:its-track-writer]:     / /_  / __ `/ / ___/__  /|_/ /_  / / /    build RELWITHDEBINFO
[3188:its-track-writer]:    / __/ / /_/ / / /    _  /  / / / /_/ /     https://github.com/FairRootGroup/FairMQ
[3188:its-track-writer]:   /_/    \__,_/_/_/     /_/  /_/  \___\_\     LGPL-3.0  © 2012-2020 GSI
[3188:its-track-writer]: 
[3188:its-track-writer]: [18:30:10][STATE] Starting FairMQ state machine --> IDLE
[3183:internal-dpl-clock]: [18:30:10][INFO] 
[3183:internal-dpl-clock]:       ______      _    _______  _________ 
[3183:internal-dpl-clock]:      / ____/___ _(_)_______   |/  /_  __ \    version 1.4.29
[3183:internal-dpl-clock]:     / /_  / __ `/ / ___/__  /|_/ /_  / / /    build RELWITHDEBINFO
[3183:internal-dpl-clock]:    / __/ / /_/ / / /    _  /  / / / /_/ /     https://github.com/FairRootGroup/FairMQ
[3183:internal-dpl-clock]:   /_/    \__,_/_/_/     /_/  /_/  \___\_\     LGPL-3.0  © 2012-2020 GSI
[3183:internal-dpl-clock]: 
[3183:internal-dpl-clock]: [18:30:10][STATE] Starting FairMQ state machine --> IDLE
[3187:its-tracker]: 2021-05-20 18:30:10	Monitoring	[0;49mStdOut backend initialized[0m
[3185:its-clusterer]: [18:30:10][INFO] Dictionary ITSdictionary.bin is absent, ITSClusterer expects cluster patterns
[3185:its-clusterer]: [18:30:10][INFO] Clusterizer masks overflow pixels separated by < 406 BC and <= 0 in row/col
[3185:its-clusterer]: [18:30:10][INFO] Inclusive clusterization timing (w/o disk IO): Cpu: 0 Real: 0 s in 1 slots
[3185:its-clusterer]: [18:30:10][INFO] Threads output merging timing                : Cpu: 0 Real: 0 s in 1 slots
[3186:its-cluster-writer]: [18:30:10][INFO] 
[3186:its-cluster-writer]:       ______      _    _______  _________ 
[3186:its-cluster-writer]:      / ____/___ _(_)_______   |/  /_  __ \    version 1.4.29
[3186:its-cluster-writer]:     / /_  / __ `/ / ___/__  /|_/ /_  / / /    build RELWITHDEBINFO
[3186:its-cluster-writer]:    / __/ / /_/ / / /    _  /  / / / /_/ /     https://github.com/FairRootGroup/FairMQ
[3186:its-cluster-writer]:   /_/    \__,_/_/_/     /_/  /_/  \___\_\     LGPL-3.0  © 2012-2020 GSI
[3186:its-cluster-writer]: 
[3186:its-cluster-writer]: [18:30:10][STATE] Starting FairMQ state machine --> IDLE
[3186:its-cluster-writer]: 2021-05-20 18:30:10	Monitoring	[0;49mStdOut backend initialized[0m
[3186:its-cluster-writer]: [18:30:10][STATE] IDLE ---> INITIALIZING DEVICE
[3187:its-tracker]: [18:30:10][STATE] IDLE ---> INITIALIZING DEVICE
[3187:its-tracker]: 2021-05-20 18:30:10	Monitoring	[0;49mBuffering enabled (100)[0m
[3187:its-tracker]: [18:30:10][INFO] Created GPUReconstruction instance for device type CPU (1) 
[3188:its-track-writer]: 2021-05-20 18:30:10	Monitoring	[0;49mStdOut backend initialized[0m
[3188:its-track-writer]: [18:30:10][STATE] IDLE ---> INITIALIZING DEVICE
[3183:internal-dpl-clock]: 2021-05-20 18:30:10	Monitoring	[0;49mStdOut backend initialized[0m
[3183:internal-dpl-clock]: [18:30:10][STATE] IDLE ---> INITIALIZING DEVICE
[3183:internal-dpl-clock]: 2021-05-20 18:30:10	Monitoring	[0;49mBuffering enabled (100)[0m
[3183:internal-dpl-clock]: [18:30:10][STATE] INITIALIZING DEVICE ---> INITIALIZED
[3183:internal-dpl-clock]: [18:30:10][STATE] INITIALIZED ---> BINDING
[3183:internal-dpl-clock]: [18:30:10][STATE] BINDING ---> BOUND
[3183:internal-dpl-clock]: [18:30:10][STATE] BOUND ---> CONNECTING
[3183:internal-dpl-clock]: [18:30:10][STATE] CONNECTING ---> DEVICE READY
[3183:internal-dpl-clock]: [18:30:10][STATE] DEVICE READY ---> INITIALIZING TASK
[3183:internal-dpl-clock]: [18:30:10][STATE] INITIALIZING TASK ---> READY
[3183:internal-dpl-clock]: [18:30:10][STATE] READY ---> RUNNING
[3183:internal-dpl-clock]: [18:30:10][INFO] DEVICE: Running...
[3185:its-clusterer]: [18:30:10][STATE] INITIALIZING DEVICE ---> INITIALIZED
[3185:its-clusterer]: [18:30:10][STATE] INITIALIZED ---> BINDING
[3185:its-clusterer]: [18:30:10][STATE] BINDING ---> BOUND
[3185:its-clusterer]: [18:30:10][STATE] BOUND ---> CONNECTING
[3185:its-clusterer]: [18:30:10][STATE] CONNECTING ---> DEVICE READY
[3185:its-clusterer]: [18:30:10][STATE] DEVICE READY ---> INITIALIZING TASK
[3185:its-clusterer]: [18:30:10][STATE] INITIALIZING TASK ---> READY
[3185:its-clusterer]: [18:30:10][STATE] READY ---> RUNNING
[3185:its-clusterer]: [18:30:10][INFO] DEVICE: Running...
[3184:its-digit-reader]: [18:30:10][STATE] INITIALIZING DEVICE ---> INITIALIZED
[3184:its-digit-reader]: [18:30:10][STATE] INITIALIZED ---> BINDING
[3184:its-digit-reader]: [18:30:10][STATE] BINDING ---> BOUND
[3184:its-digit-reader]: [18:30:10][STATE] BOUND ---> CONNECTING
[3184:its-digit-reader]: [18:30:10][STATE] CONNECTING ---> DEVICE READY
[3184:its-digit-reader]: [18:30:10][STATE] DEVICE READY ---> INITIALIZING TASK
[3184:its-digit-reader]: [18:30:10][STATE] INITIALIZING TASK ---> READY
[3184:its-digit-reader]: [18:30:10][STATE] READY ---> RUNNING
[3184:its-digit-reader]: [18:30:10][INFO] DEVICE: Running...
[3188:its-track-writer]: 2021-05-20 18:30:10	Monitoring	[0;49mBuffering enabled (100)[0m
[3188:its-track-writer]: [18:30:10][INFO] 0: branch  ITSTrack set up
[3188:its-track-writer]: [18:30:10][INFO] 1: branch  ITSTrackClusIdx set up
[3188:its-track-writer]: [18:30:10][INFO] 2: branch  Vertices set up
[3188:its-track-writer]: [18:30:10][INFO] 3: branch  VerticesROF set up
[3188:its-track-writer]: [18:30:10][INFO] 4: branch  ITSTracksROF set up
[3188:its-track-writer]: [18:30:10][INFO] 5: branch  ITSTrackMCTruth set up
[3188:its-track-writer]: [18:30:10][INFO] 6: branch  ITSTracksMC2ROF set up
[3188:its-track-writer]: [18:30:10][STATE] INITIALIZING DEVICE ---> INITIALIZED
[3188:its-track-writer]: [18:30:10][STATE] INITIALIZED ---> BINDING
[3188:its-track-writer]: [18:30:10][STATE] BINDING ---> BOUND
[3188:its-track-writer]: [18:30:10][STATE] BOUND ---> CONNECTING
[3188:its-track-writer]: [18:30:10][STATE] CONNECTING ---> DEVICE READY
[3188:its-track-writer]: [18:30:10][STATE] DEVICE READY ---> INITIALIZING TASK
[3188:its-track-writer]: [18:30:10][STATE] INITIALIZING TASK ---> READY
[3188:its-track-writer]: [18:30:10][STATE] READY ---> RUNNING
[3188:its-track-writer]: [18:30:10][INFO] DEVICE: Running...
[3186:its-cluster-writer]: 2021-05-20 18:30:10	Monitoring	[0;49mBuffering enabled (100)[0m
[3186:its-cluster-writer]: [18:30:10][INFO] 0: branch  ITSClusterComp set up
[3186:its-cluster-writer]: [18:30:10][INFO] 1: branch  ITSClusterPatt set up
[3186:its-cluster-writer]: [18:30:10][INFO] 2: branch  ITSClustersROF set up
[3186:its-cluster-writer]: [18:30:10][INFO] 3: branch  ITSClusterMCTruth set up
[3186:its-cluster-writer]: [18:30:10][INFO] 4: branch  ITSClustersMC2ROF set up
[3186:its-cluster-writer]: [18:30:10][STATE] INITIALIZING DEVICE ---> INITIALIZED
[3186:its-cluster-writer]: [18:30:10][STATE] INITIALIZED ---> BINDING
[3186:its-cluster-writer]: [18:30:10][STATE] BINDING ---> BOUND
[3186:its-cluster-writer]: [18:30:10][STATE] BOUND ---> CONNECTING
[3186:its-cluster-writer]: [18:30:10][STATE] CONNECTING ---> DEVICE READY
[3186:its-cluster-writer]: [18:30:10][STATE] DEVICE READY ---> INITIALIZING TASK
[3186:its-cluster-writer]: [18:30:10][STATE] INITIALIZING TASK ---> READY
[3186:its-cluster-writer]: [18:30:10][STATE] READY ---> RUNNING
[3186:its-cluster-writer]: [18:30:10][INFO] DEVICE: Running...
[3187:its-tracker]: [18:30:10][INFO] MagneticField::Print: MagneticFieldMap:
[3187:its-tracker]: [18:30:10][INFO] MagneticField::Print: Solenoid (-1*)5 kG, Dipole ON (-1) 
[3187:its-tracker]: [18:30:10][INFO] MagneticField::Print: Machine B fields for p-p  beam (7000 GeV): QGrad: 22.0002 Dipole: 37.8781
[3187:its-tracker]: [18:30:10][INFO] MagneticField::Print: Uses Sol30_Dip6_Hole  of /cvmfs/alice.cern.ch/el7-x86_64/Packages/O2/nightly-20210129-1/share/Common/maps/mfchebKGI_sym.root
[3187:its-tracker]: Info in <TGeoGlobalMagField::SetField>: Global magnetic field set to <MagneticFieldMap>
[3187:its-tracker]: Info in <TGeoGlobalMagField::Lock>: Global magnetic field <MagneticFieldMap> is now locked
[3187:its-tracker]: [18:30:10][INFO] Loading geometry FAIRGeom from o2sim_geometry.root
[3187:its-tracker]: Info in <TGeoManager::CloseGeometry>: Geometry loaded from file...
[3187:its-tracker]: Info in <TGeoManager::SetTopVolume>: Top volume is cave. Master volume is cave
[3187:its-tracker]: Info in <TGeoNavigator::BuildCache>: --- Maximum geometry depth set to 100
[3187:its-tracker]: Info in <TGeoManager::CloseGeometry>: Voxelization retrieved from file
[3187:its-tracker]: Info in <TGeoManager::CountLevels>: max level = 9, max placements = 126
[3187:its-tracker]: Info in <TGeoManager::CloseGeometry>: 179840 nodes/ 399 volume UID's in FAIR geometry
[3187:its-tracker]: Info in <TGeoManager::CloseGeometry>: ----------------modeler ready----------------
[3187:its-tracker]: [18:30:11][INFO] Loading ITS T2L matrices from TGeo
[3184:its-digit-reader]: [18:30:11][INFO] ITSDigitReader pushed 1906625 digits, in 34 RO frames
[3187:its-tracker]: [18:30:11][WARN] It is faster to use 2D rotation for T2G instead of full Transform3D matrices
[3187:its-tracker]: [18:30:11][INFO] Loading ITS T2G matrices from TGeo
[3185:its-clusterer]: [18:30:11][INFO] ITSClusterer pulled 1906625 digits, in 34 RO frames
[3185:its-clusterer]: [18:30:11][INFO] ITSClusterer pulled 1918211 labels 
[3187:its-tracker]: [18:30:12][INFO] Loading ITS T2G rotation 2D matrices
[3187:its-tracker]: [18:30:12][INFO] Initializing tracker in sync. phase reconstruction with 1 passes
[3187:its-tracker]: [18:30:12][INFO] Not using lookup table for material budget approximation
[3187:its-tracker]: [18:30:12][INFO] Dictionary ITSdictionary.bin is absent, Tracker expects cluster patterns
[3187:its-tracker]: [18:30:12][STATE] INITIALIZING DEVICE ---> INITIALIZED
[3187:its-tracker]: [18:30:12][STATE] INITIALIZED ---> BINDING
[3187:its-tracker]: [18:30:12][STATE] BINDING ---> BOUND
[3187:its-tracker]: [18:30:12][STATE] BOUND ---> CONNECTING
[3187:its-tracker]: [18:30:12][STATE] CONNECTING ---> DEVICE READY
[3187:its-tracker]: [18:30:12][STATE] DEVICE READY ---> INITIALIZING TASK
[3187:its-tracker]: [18:30:12][STATE] INITIALIZING TASK ---> READY
[3187:its-tracker]: [18:30:12][STATE] READY ---> RUNNING
[3187:its-tracker]: [18:30:12][INFO] DEVICE: Running...
[3185:its-clusterer]: [18:30:12][INFO] ITSClusterer pushed 385368 clusters, in 34 RO frames
[3186:its-cluster-writer]: [18:30:12][INFO] ITSClusterWriter pulled 385368 clusters, in 34 RO frames
[3187:its-tracker]: [18:30:12][INFO] ITSTracker pulled 385368 clusters, 34 RO frames
[3187:its-tracker]: [18:30:12][INFO] 385368 MC label objects , in 10 MC events
[3187:its-tracker]: [18:30:12][INFO] ITSTracker RO: continuous=1
[3187:its-tracker]: [18:30:12][INFO] Loading ITS L2G matrices from TGeo
[3187:its-tracker]: [18:30:12][INFO] ROframe: 0, clusters loaded : 1283
[3187:its-tracker]:  - Vertexer initialisation completed in: 0.234436 ms
[3187:its-tracker]:  - Tracklet finding completed in: 0.021087 ms
[3187:its-tracker]:  - Adjacent tracklets validation completed in: 0.004262 ms
[3187:its-tracker]:  - Vertex finding completed in: 0.008104 ms
[3187:its-tracker]: [18:30:12][INFO] Found tracks: 0
[3187:its-tracker]: [18:30:12][INFO] ROframe: 1, clusters loaded : 1267
[3187:its-tracker]:  - Vertexer initialisation completed in: 0.2372 ms
[3187:its-tracker]:  - Tracklet finding completed in: 0.048872 ms
[3187:its-tracker]:  - Adjacent tracklets validation completed in: 0.00042 ms
[3187:its-tracker]:  - Vertex finding completed in: 0.000475 ms
[3187:its-tracker]: [18:30:12][INFO] Found tracks: 0
[3187:its-tracker]: [18:30:12][INFO] ROframe: 2, clusters loaded : 1323
[3187:its-tracker]:  - Vertexer initialisation completed in: 0.188398 ms
[3187:its-tracker]:  - Tracklet finding completed in: 0.001178 ms
[3187:its-tracker]:  - Adjacent tracklets validation completed in: 0.000238 ms
[3187:its-tracker]:  - Vertex finding completed in: 0.000311 ms
[3187:its-tracker]: [18:30:12][INFO] Found tracks: 0
[3187:its-tracker]: [18:30:12][INFO] ROframe: 3, clusters loaded : 1229
[3187:its-tracker]:  - Vertexer initialisation completed in: 0.229054 ms
[3187:its-tracker]:  - Tracklet finding completed in: 0.001277 ms
[3187:its-tracker]:  - Adjacent tracklets validation completed in: 0.000433 ms
[3187:its-tracker]:  - Vertex finding completed in: 0.000468 ms
[3187:its-tracker]: [18:30:12][INFO] Found tracks: 0
[3187:its-tracker]: [18:30:12][INFO] ROframe: 4, clusters loaded : 1245
[3187:its-tracker]:  - Vertexer initialisation completed in: 0.218873 ms
[3187:its-tracker]:  - Tracklet finding completed in: 0.001215 ms
[3187:its-tracker]:  - Adjacent tracklets validation completed in: 0.000321 ms
[3187:its-tracker]:  - Vertex finding completed in: 0.000274 ms
[3187:its-tracker]: [18:30:12][INFO] Found tracks: 0
[3187:its-tracker]: [18:30:12][INFO] ROframe: 5, clusters loaded : 1248
[3187:its-tracker]:  - Vertexer initialisation completed in: 0.178525 ms
[3187:its-tracker]:  - Tracklet finding completed in: 0.000928 ms
[3187:its-tracker]:  - Adjacent tracklets validation completed in: 0.000232 ms
[3187:its-tracker]:  - Vertex finding completed in: 0.000309 ms
[3187:its-tracker]: [18:30:12][INFO] Found tracks: 0
[3187:its-tracker]: [18:30:12][INFO] ROframe: 6, clusters loaded : 1259
[3187:its-tracker]:  - Vertexer initialisation completed in: 0.202171 ms
[3187:its-tracker]:  - Tracklet finding completed in: 0.001176 ms
[3187:its-tracker]:  - Adjacent tracklets validation completed in: 0.000223 ms
[3187:its-tracker]:  - Vertex finding completed in: 0.000216 ms
[3187:its-tracker]: [18:30:12][INFO] Found tracks: 0
[3187:its-tracker]: [18:30:12][INFO] ROframe: 7, clusters loaded : 1258
[3187:its-tracker]:  - Vertexer initialisation completed in: 0.183094 ms
[3187:its-tracker]:  - Tracklet finding completed in: 0.001264 ms
[3187:its-tracker]:  - Adjacent tracklets validation completed in: 0.000301 ms
[3187:its-tracker]:  - Vertex finding completed in: 0.000348 ms
[3187:its-tracker]: [18:30:12][INFO] Found tracks: 0
[3187:its-tracker]: [18:30:12][INFO] ROframe: 8, clusters loaded : 1247
[3187:its-tracker]:  - Vertexer initialisation completed in: 0.165935 ms
[3187:its-tracker]:  - Tracklet finding completed in: 0.003116 ms
[3187:its-tracker]:  - Adjacent tracklets validation completed in: 0.000291 ms
[3187:its-tracker]:  - Vertex finding completed in: 0.000185 ms
[3187:its-tracker]: [18:30:12][INFO] Found tracks: 0
[3187:its-tracker]: [18:30:12][INFO] ROframe: 9, clusters loaded : 8406
[3187:its-tracker]:  - Vertexer initialisation completed in: 0.344589 ms
[3187:its-tracker]:  - Tracklet finding completed in: 0.466315 ms
[3187:its-tracker]:  - Adjacent tracklets validation completed in: 0.086932 ms
[3187:its-tracker]:  - Vertex finding completed in: 0.062948 ms
[3187:its-tracker]: 		Found vertex with:    355 contributors
[3187:its-tracker]:  - Context initialisation completed in: 2.1423 ms
[3187:its-tracker]:  - Tracklet finding completed in: 1.57014 ms
[3187:its-tracker]:  - Cell finding completed in: 0.543259 ms
[3187:its-tracker]:  - Neighbour finding completed in: 0.216678 ms
[3187:its-tracker]:  - Road finding completed in: 0.085898 ms
[3187:its-tracker]:  - Track finding completed in: 3.42332 ms
[3187:its-tracker]:  - Vertex processing completed in: 7.98159ms
[3187:its-tracker]:  - Context initialisation completed in: 0.067559 ms
[3187:its-tracker]:  - Tracklet finding completed in: 1.14258 ms
[3187:its-tracker]:  - Cell finding completed in: 0.209626 ms
[3187:its-tracker]:  - Neighbour finding completed in: 0.049461 ms
[3187:its-tracker]:  - Road finding completed in: 0.000439 ms
[3187:its-tracker]:  - Track finding completed in: 0.000346 ms
[3187:its-tracker]:  - Vertex processing completed in: 1.47001ms
[3187:its-tracker]: [18:30:12][INFO] Found tracks: 297
[3187:its-tracker]: [18:30:12][INFO] ROframe: 10, clusters loaded : 1231
[3187:its-tracker]:  - Vertexer initialisation completed in: 0.206731 ms
[3187:its-tracker]:  - Tracklet finding completed in: 0.00285 ms
[3187:its-tracker]:  - Adjacent tracklets validation completed in: 0.000787 ms
[3187:its-tracker]:  - Vertex finding completed in: 0.000905 ms
[3187:its-tracker]: [18:30:12][INFO] Found tracks: 0
[3187:its-tracker]: [18:30:12][INFO] ROframe: 11, clusters loaded : 33308
[3187:its-tracker]:  - Vertexer initialisation completed in: 2.31324 ms
[3187:its-tracker]:  - Tracklet finding completed in: 8.91867 ms
[3187:its-tracker]:  - Adjacent tracklets validation completed in: 1.91607 ms
[3187:its-tracker]:  - Vertex finding completed in: 0.293437 ms
[3187:its-tracker]: 		Found vertex with:   1635 contributors
[3187:its-tracker]: 		Found vertex with:     42 contributors
[3187:its-tracker]:  - Context initialisation completed in: 2.98712 ms
[3187:its-tracker]:  - Tracklet finding completed in: 17.7692 ms
[3187:its-tracker]:  - Cell finding completed in: 8.41502 ms
[3187:its-tracker]:  - Neighbour finding completed in: 1.4001 ms
[3187:its-tracker]:  - Road finding completed in: 0.715026 ms
[3187:its-tracker]:  - Track finding completed in: 21.9363 ms
[3187:its-tracker]:  - Vertex processing completed in: 53.2228ms
[3187:its-tracker]:  - Context initialisation completed in: 0.467665 ms
[3187:its-tracker]:  - Tracklet finding completed in: 10.294 ms
[3187:its-tracker]:  - Cell finding completed in: 0.951535 ms
[3187:its-tracker]:  - Neighbour finding completed in: 0.032519 ms
[3187:its-tracker]:  - Road finding completed in: 0.00701 ms
[3187:its-tracker]:  - Track finding completed in: 0.673956 ms
[3187:its-tracker]:  - Vertex processing completed in: 12.4267ms
[3187:its-tracker]:  - Context initialisation completed in: 0.08219 ms
[3187:its-tracker]:  - Tracklet finding completed in: 7.84539 ms
[3187:its-tracker]:  - Cell finding completed in: 2.06928 ms
[3187:its-tracker]:  - Neighbour finding completed in: 0.208926 ms
[3187:its-tracker]:  - Road finding completed in: 0.001307 ms
[3187:its-tracker]:  - Track finding completed in: 0.000557 ms
[3187:its-tracker]:  - Vertex processing completed in: 10.2076ms
[3187:its-tracker]:  - Context initialisation completed in: 0.130523 ms
[3187:its-tracker]:  - Tracklet finding completed in: 7.17997 ms
[3187:its-tracker]:  - Cell finding completed in: 0.797239 ms
[3187:its-tracker]:  - Neighbour finding completed in: 0.009213 ms
[3187:its-tracker]:  - Road finding completed in: 0.000232 ms
[3187:its-tracker]:  - Track finding completed in: 0.000461 ms
[3187:its-tracker]:  - Vertex processing completed in: 8.11764ms
[3187:its-tracker]: [18:30:12][INFO] Found tracks: 1455
[3187:its-tracker]: [18:30:12][INFO] ROframe: 12, clusters loaded : 1315
[3187:its-tracker]:  - Vertexer initialisation completed in: 0.156219 ms
[3187:its-tracker]:  - Tracklet finding completed in: 0.002186 ms
[3187:its-tracker]:  - Adjacent tracklets validation completed in: 0.000554 ms
[3187:its-tracker]:  - Vertex finding completed in: 0.000787 ms
[3187:its-tracker]: [18:30:12][INFO] Found tracks: 0
[3187:its-tracker]: [18:30:12][INFO] ROframe: 13, clusters loaded : 1240
[3187:its-tracker]:  - Vertexer initialisation completed in: 0.135594 ms
[3187:its-tracker]:  - Tracklet finding completed in: 0.001635 ms
[3187:its-tracker]:  - Adjacent tracklets validation completed in: 0.000229 ms
[3187:its-tracker]:  - Vertex finding completed in: 0.000122 ms
[3187:its-tracker]: [18:30:12][INFO] Found tracks: 0
[3187:its-tracker]: [18:30:12][INFO] ROframe: 14, clusters loaded : 112100
[3187:its-tracker]:  - Vertexer initialisation completed in: 5.84005 ms
[3187:its-tracker]:  - Tracklet finding completed in: 86.6162 ms
[3187:its-tracker]:  - Adjacent tracklets validation completed in: 51.8146 ms
[3187:its-tracker]:  - Vertex finding completed in: 3.63295 ms
[3187:its-tracker]: 		Found vertex with:   3517 contributors
[3187:its-tracker]: 		Found vertex with:   2497 contributors
[3187:its-tracker]:  - Context initialisation completed in: 7.61189 ms
[3187:its-tracker]:  - Tracklet finding completed in: 107.664 ms
[3187:its-tracker]:  - Cell finding completed in: 92.1666 ms
[3187:its-tracker]:  - Neighbour finding completed in: 2.87966 ms
[3187:its-tracker]:  - Road finding completed in: 1.2453 ms
[3187:its-tracker]:  - Track finding completed in: 40.9164 ms
[3187:its-tracker]:  - Vertex processing completed in: 252.484ms
[3187:its-tracker]:  - Context initialisation completed in: 1.99573 ms
[3187:its-tracker]:  - Tracklet finding completed in: 67.9336 ms
[3187:its-tracker]:  - Cell finding completed in: 47.0835 ms
[3187:its-tracker]:  - Neighbour finding completed in: 1.95467 ms
[3187:its-tracker]:  - Road finding completed in: 0.564018 ms
[3187:its-tracker]:  - Track finding completed in: 24.3315 ms
[3187:its-tracker]:  - Vertex processing completed in: 143.863ms
[3187:its-tracker]:  - Context initialisation completed in: 1.30051 ms
[3187:its-tracker]:  - Tracklet finding completed in: 57.6322 ms
[3187:its-tracker]:  - Cell finding completed in: 25.2156 ms
[3187:its-tracker]:  - Neighbour finding completed in: 0.715768 ms
[3187:its-tracker]:  - Road finding completed in: 0.004458 ms
[3187:its-tracker]:  - Track finding completed in: 0.000474 ms
[3187:its-tracker]:  - Vertex processing completed in: 84.869ms
[3187:its-tracker]:  - Context initialisation completed in: 0.873108 ms
[3187:its-tracker]:  - Tracklet finding completed in: 50.3165 ms
[3187:its-tracker]:  - Cell finding completed in: 26.1718 ms
[3187:its-tracker]:  - Neighbour finding completed in: 0.553923 ms
[3187:its-tracker]:  - Road finding completed in: 0.003421 ms
[3187:its-tracker]:  - Track finding completed in: 0.000536 ms
[3187:its-tracker]:  - Vertex processing completed in: 77.9193ms
[3187:its-tracker]: [18:30:13][INFO] Found tracks: 5042
[3187:its-tracker]: [18:30:13][INFO] ROframe: 15, clusters loaded : 1317
[3187:its-tracker]:  - Vertexer initialisation completed in: 0.163827 ms
[3187:its-tracker]:  - Tracklet finding completed in: 0.001837 ms
[3187:its-tracker]:  - Adjacent tracklets validation completed in: 0.000702 ms
[3187:its-tracker]:  - Vertex finding completed in: 0.000836 ms
[3187:its-tracker]: [18:30:13][INFO] Found tracks: 0
[3187:its-tracker]: [18:30:13][INFO] ROframe: 16, clusters loaded : 1380
[3187:its-tracker]:  - Vertexer initialisation completed in: 0.125871 ms
[3187:its-tracker]:  - Tracklet finding completed in: 0.001003 ms
[3187:its-tracker]:  - Adjacent tracklets validation completed in: 0.000229 ms
[3187:its-tracker]:  - Vertex finding completed in: 9.2e-05 ms
[3187:its-tracker]: [18:30:13][INFO] Found tracks: 0
[3187:its-tracker]: [18:30:13][INFO] ROframe: 17, clusters loaded : 1315
[3187:its-tracker]:  - Vertexer initialisation completed in: 0.145286 ms
[3187:its-tracker]:  - Tracklet finding completed in: 0.000851 ms
[3187:its-tracker]:  - Adjacent tracklets validation completed in: 0.000304 ms
[3187:its-tracker]:  - Vertex finding completed in: 0.000207 ms
[3187:its-tracker]: [18:30:13][INFO] Found tracks: 0
[3187:its-tracker]: [18:30:13][INFO] ROframe: 18, clusters loaded : 1213
[3187:its-tracker]:  - Vertexer initialisation completed in: 0.121794 ms
[3187:its-tracker]:  - Tracklet finding completed in: 0.002227 ms
[3187:its-tracker]:  - Adjacent tracklets validation completed in: 0.000164 ms
[3187:its-tracker]:  - Vertex finding completed in: 0.000174 ms
[3187:its-tracker]: [18:30:13][INFO] Found tracks: 0
[3187:its-tracker]: [18:30:13][INFO] ROframe: 19, clusters loaded : 1319
[3187:its-tracker]:  - Vertexer initialisation completed in: 0.117443 ms
[3187:its-tracker]:  - Tracklet finding completed in: 0.000648 ms
[3187:its-tracker]:  - Adjacent tracklets validation completed in: 6.7e-05 ms
[3187:its-tracker]:  - Vertex finding completed in: 0.000128 ms
[3187:its-tracker]: [18:30:13][INFO] Found tracks: 0
[3187:its-tracker]: [18:30:13][INFO] ROframe: 20, clusters loaded : 62576
[3187:its-tracker]:  - Vertexer initialisation completed in: 2.73145 ms
[3187:its-tracker]:  - Tracklet finding completed in: 13.8587 ms
[3187:its-tracker]:  - Adjacent tracklets validation completed in: 4.80897 ms
[3187:its-tracker]:  - Vertex finding completed in: 0.487636 ms
[3187:its-tracker]: 		Found vertex with:   2797 contributors
[3187:its-tracker]:  - Context initialisation completed in: 3.39547 ms
[3187:its-tracker]:  - Tracklet finding completed in: 32.0172 ms
[3187:its-tracker]:  - Cell finding completed in: 26.5019 ms
[3187:its-tracker]:  - Neighbour finding completed in: 1.87217 ms
[3187:its-tracker]:  - Road finding completed in: 0.523759 ms
[3187:its-tracker]:  - Track finding completed in: 27.8604 ms
[3187:its-tracker]:  - Vertex processing completed in: 92.1709ms
[3187:its-tracker]:  - Context initialisation completed in: 0.855308 ms
[3187:its-tracker]:  - Tracklet finding completed in: 22.3232 ms
[3187:its-tracker]:  - Cell finding completed in: 8.98499 ms
[3187:its-tracker]:  - Neighbour finding completed in: 0.699549 ms
[3187:its-tracker]:  - Road finding completed in: 0.005497 ms
[3187:its-tracker]:  - Track finding completed in: 0.000409 ms
[3187:its-tracker]:  - Vertex processing completed in: 32.869ms
[3187:its-tracker]: [18:30:13][INFO] Found tracks: 2422
[3187:its-tracker]: [18:30:13][INFO] ROframe: 21, clusters loaded : 1252
[3187:its-tracker]:  - Vertexer initialisation completed in: 0.197887 ms
[3187:its-tracker]:  - Tracklet finding completed in: 0.003789 ms
[3187:its-tracker]:  - Adjacent tracklets validation completed in: 0.000849 ms
[3187:its-tracker]:  - Vertex finding completed in: 0.001276 ms
[3187:its-tracker]: [18:30:13][INFO] Found tracks: 0
[3187:its-tracker]: [18:30:13][INFO] ROframe: 22, clusters loaded : 1240
[3187:its-tracker]:  - Vertexer initialisation completed in: 0.193254 ms
[3187:its-tracker]:  - Tracklet finding completed in: 0.002404 ms
[3187:its-tracker]:  - Adjacent tracklets validation completed in: 0.000384 ms
[3187:its-tracker]:  - Vertex finding completed in: 0.000424 ms
[3187:its-tracker]: [18:30:13][INFO] Found tracks: 0
[3187:its-tracker]: [18:30:13][INFO] ROframe: 23, clusters loaded : 1256
[3187:its-tracker]:  - Vertexer initialisation completed in: 0.203077 ms
[3187:its-tracker]:  - Tracklet finding completed in: 0.002773 ms
[3187:its-tracker]:  - Adjacent tracklets validation completed in: 0.00046 ms
[3187:its-tracker]:  - Vertex finding completed in: 0.000391 ms
[3187:its-tracker]: [18:30:13][INFO] Found tracks: 0
[3187:its-tracker]: [18:30:13][INFO] ROframe: 24, clusters loaded : 1252
[3187:its-tracker]:  - Vertexer initialisation completed in: 0.236429 ms
[3187:its-tracker]:  - Tracklet finding completed in: 0.001458 ms
[3187:its-tracker]:  - Adjacent tracklets validation completed in: 0.000416 ms
[3187:its-tracker]:  - Vertex finding completed in: 0.000452 ms
[3187:its-tracker]: [18:30:13][INFO] Found tracks: 0
[3187:its-tracker]: [18:30:13][INFO] ROframe: 25, clusters loaded : 1280
[3187:its-tracker]:  - Vertexer initialisation completed in: 0.205783 ms
[3187:its-tracker]:  - Tracklet finding completed in: 0.001858 ms
[3187:its-tracker]:  - Adjacent tracklets validation completed in: 0.000406 ms
[3187:its-tracker]:  - Vertex finding completed in: 0.000435 ms
[3187:its-tracker]: [18:30:13][INFO] Found tracks: 0
[3187:its-tracker]: [18:30:13][INFO] ROframe: 26, clusters loaded : 1281
[3187:its-tracker]:  - Vertexer initialisation completed in: 0.252457 ms
[3187:its-tracker]:  - Tracklet finding completed in: 0.004504 ms
[3187:its-tracker]:  - Adjacent tracklets validation completed in: 0.000377 ms
[3187:its-tracker]:  - Vertex finding completed in: 0.000451 ms
[3187:its-tracker]: [18:30:13][INFO] Found tracks: 0
[3187:its-tracker]: [18:30:13][INFO] ROframe: 27, clusters loaded : 1241
[3187:its-tracker]:  - Vertexer initialisation completed in: 0.229212 ms
[3187:its-tracker]:  - Tracklet finding completed in: 0.001943 ms
[3187:its-tracker]:  - Adjacent tracklets validation completed in: 0.000641 ms
[3187:its-tracker]:  - Vertex finding completed in: 0.000463 ms
[3187:its-tracker]: [18:30:13][INFO] Found tracks: 0
[3187:its-tracker]: [18:30:13][INFO] ROframe: 28, clusters loaded : 1310
[3187:its-tracker]:  - Vertexer initialisation completed in: 0.167186 ms
[3187:its-tracker]:  - Tracklet finding completed in: 0.001719 ms
[3187:its-tracker]:  - Adjacent tracklets validation completed in: 0.000474 ms
[3187:its-tracker]:  - Vertex finding completed in: 0.000356 ms
[3187:its-tracker]: [18:30:13][INFO] Found tracks: 0
[3187:its-tracker]: [18:30:13][INFO] ROframe: 29, clusters loaded : 1308
[3187:its-tracker]:  - Vertexer initialisation completed in: 0.203649 ms
[3187:its-tracker]:  - Tracklet finding completed in: 0.002621 ms
[3187:its-tracker]:  - Adjacent tracklets validation completed in: 0.000436 ms
[3187:its-tracker]:  - Vertex finding completed in: 0.000445 ms
[3187:its-tracker]: [18:30:13][INFO] Found tracks: 0
[3187:its-tracker]: [18:30:13][INFO] ROframe: 30, clusters loaded : 71914
[3187:its-tracker]:  - Vertexer initialisation completed in: 3.32138 ms
[3187:its-tracker]:  - Tracklet finding completed in: 18.5069 ms
[3187:its-tracker]:  - Adjacent tracklets validation completed in: 8.34522 ms
[3187:its-tracker]:  - Vertex finding completed in: 0.778079 ms
[3187:its-tracker]: 		Found vertex with:   3459 contributors
[3187:its-tracker]:  - Context initialisation completed in: 3.51817 ms
[3187:its-tracker]:  - Tracklet finding completed in: 39.2926 ms
[3187:its-tracker]:  - Cell finding completed in: 39.1282 ms
[3187:its-tracker]:  - Neighbour finding completed in: 3.50831 ms
[3187:its-tracker]:  - Road finding completed in: 1.81928 ms
[3187:its-tracker]:  - Track finding completed in: 35.2594 ms
[3187:its-tracker]:  - Vertex processing completed in: 122.526ms
[3187:its-tracker]:  - Context initialisation completed in: 1.09132 ms
[3187:its-tracker]:  - Tracklet finding completed in: 33.6579 ms
[3187:its-tracker]:  - Cell finding completed in: 15.4958 ms
[3187:its-tracker]:  - Neighbour finding completed in: 0.914914 ms
[3187:its-tracker]:  - Road finding completed in: 0.008239 ms
[3187:its-tracker]:  - Track finding completed in: 0.00069 ms
[3187:its-tracker]:  - Vertex processing completed in: 51.1689ms
[3187:its-tracker]: [18:30:13][INFO] Found tracks: 2979
[3187:its-tracker]: [18:30:13][INFO] ROframe: 31, clusters loaded : 61236
[3187:its-tracker]:  - Vertexer initialisation completed in: 4.37724 ms
[3187:its-tracker]:  - Tracklet finding completed in: 26.4006 ms
[3187:its-tracker]:  - Adjacent tracklets validation completed in: 12.0471 ms
[3187:its-tracker]:  - Vertex finding completed in: 0.176445 ms
[3187:its-tracker]: 		Found vertex with:    473 contributors
[3187:its-tracker]:  - Context initialisation completed in: 4.47807 ms
[3187:its-tracker]:  - Tracklet finding completed in: 41.0789 ms
[3187:its-tracker]:  - Cell finding completed in: 25.2348 ms
[3187:its-tracker]:  - Neighbour finding completed in: 1.09167 ms
[3187:its-tracker]:  - Road finding completed in: 0.138692 ms
[3187:its-tracker]:  - Track finding completed in: 4.98699 ms
[3187:its-tracker]:  - Vertex processing completed in: 77.0091ms
[3187:its-tracker]:  - Context initialisation completed in: 0.62743 ms
[3187:its-tracker]:  - Tracklet finding completed in: 38.3112 ms
[3187:its-tracker]:  - Cell finding completed in: 19.8801 ms
[3187:its-tracker]:  - Neighbour finding completed in: 0.887834 ms
[3187:its-tracker]:  - Road finding completed in: 0.008089 ms
[3187:its-tracker]:  - Track finding completed in: 0.000624 ms
[3187:its-tracker]:  - Vertex processing completed in: 59.7153ms
[3187:its-tracker]: [18:30:14][INFO] Found tracks: 179
[3187:its-tracker]: [18:30:14][INFO] ROframe: 32, clusters loaded : 1421
[3187:its-tracker]:  - Vertexer initialisation completed in: 0.216893 ms
[3187:its-tracker]:  - Tracklet finding completed in: 0.005461 ms
[3187:its-tracker]:  - Adjacent tracklets validation completed in: 0.000858 ms
[3187:its-tracker]:  - Vertex finding completed in: 0.001025 ms
[3187:its-tracker]: [18:30:14][INFO] Found tracks: 0
[3187:its-tracker]: [18:30:14][INFO] ROframe: 33, clusters loaded : 1298
[3187:its-tracker]:  - Vertexer initialisation completed in: 0.24868 ms
[3187:its-tracker]:  - Tracklet finding completed in: 0.001511 ms
[3187:its-tracker]:  - Adjacent tracklets validation completed in: 0.00039 ms
[3187:its-tracker]:  - Vertex finding completed in: 0.000279 ms
[3187:its-tracker]: [18:30:14][INFO] Found tracks: 0
[3187:its-tracker]: [18:30:14][INFO] ITSTracker pushed 12374 tracks
[3187:its-tracker]: [18:30:14][INFO] ITS CA-Tracker total timing: Cpu: 1.640e+00 Real: 1.635e+00 s in 1 slots
[3188:its-track-writer]: [18:30:14][INFO] ITSTrackWriter pulled 12374 tracks, in 34 RO frames
[INFO] Quitting
[INFO] QUIT_REQUESTED
[3184:its-digit-reader]: [18:30:14][INFO] Received device shutdown request (signal 15).
[3184:its-digit-reader]: [18:30:14][INFO] Waiting for graceful device shutdown. Hit Ctrl-C again to abort immediately.
[3185:its-clusterer]: [18:30:14][INFO] Received device shutdown request (signal 15).
[3185:its-clusterer]: [18:30:14][INFO] Waiting for graceful device shutdown. Hit Ctrl-C again to abort immediately.
[3187:its-tracker]: [18:30:14][INFO] Received device shutdown request (signal 15).
[3187:its-tracker]: [18:30:14][INFO] Waiting for graceful device shutdown. Hit Ctrl-C again to abort immediately.
[3188:its-track-writer]: [18:30:14][INFO] Received device shutdown request (signal 15).
[3188:its-track-writer]: [18:30:14][INFO] Waiting for graceful device shutdown. Hit Ctrl-C again to abort immediately.
[3186:its-cluster-writer]: [18:30:14][INFO] Received device shutdown request (signal 15).
[3186:its-cluster-writer]: [18:30:14][INFO] Waiting for graceful device shutdown. Hit Ctrl-C again to abort immediately.
[3184:its-digit-reader]: [18:30:14][STATE] RUNNING ---> READY
[3184:its-digit-reader]: [18:30:14][STATE] READY ---> RESETTING TASK
[3184:its-digit-reader]: [18:30:14][STATE] RESETTING TASK ---> DEVICE READY
[3184:its-digit-reader]: [18:30:14][STATE] DEVICE READY ---> RESETTING DEVICE
[3184:its-digit-reader]: [18:30:14][STATE] RESETTING DEVICE ---> IDLE
[3184:its-digit-reader]: [18:30:14][STATE] IDLE ---> EXITING
[3184:its-digit-reader]: [18:30:14][STATE] Exiting FairMQ state machine
[3183:internal-dpl-clock]: [18:30:14][INFO] Received device shutdown request (signal 15).
[3183:internal-dpl-clock]: [18:30:14][INFO] Waiting for graceful device shutdown. Hit Ctrl-C again to abort immediately.
[3185:its-clusterer]: [18:30:14][STATE] RUNNING ---> READY
[3183:internal-dpl-clock]: [18:30:14][STATE] RUNNING ---> READY
[3185:its-clusterer]: [18:30:14][STATE] READY ---> RESETTING TASK
[3185:its-clusterer]: [18:30:14][STATE] RESETTING TASK ---> DEVICE READY
[3185:its-clusterer]: [18:30:14][STATE] DEVICE READY ---> RESETTING DEVICE
[3183:internal-dpl-clock]: [18:30:14][STATE] READY ---> RESETTING TASK
[3187:its-tracker]: [18:30:14][STATE] RUNNING ---> READY
[3183:internal-dpl-clock]: [18:30:14][STATE] RESETTING TASK ---> DEVICE READY
[3183:internal-dpl-clock]: [18:30:14][STATE] DEVICE READY ---> RESETTING DEVICE
[3187:its-tracker]: [18:30:14][STATE] READY ---> RESETTING TASK
[3187:its-tracker]: [18:30:14][STATE] RESETTING TASK ---> DEVICE READY
[3187:its-tracker]: [18:30:14][STATE] DEVICE READY ---> RESETTING DEVICE
[3183:internal-dpl-clock]: [18:30:14][STATE] RESETTING DEVICE ---> IDLE
[3183:internal-dpl-clock]: [18:30:14][STATE] IDLE ---> EXITING
[3183:internal-dpl-clock]: [18:30:14][STATE] Exiting FairMQ state machine
[3187:its-tracker]: [18:30:14][STATE] RESETTING DEVICE ---> IDLE
[3187:its-tracker]: [18:30:14][STATE] IDLE ---> EXITING
[3187:its-tracker]: [18:30:14][STATE] Exiting FairMQ state machine
[3185:its-clusterer]: [18:30:14][STATE] RESETTING DEVICE ---> IDLE
[3185:its-clusterer]: [18:30:14][STATE] IDLE ---> EXITING
[3185:its-clusterer]: [18:30:14][STATE] Exiting FairMQ state machine
[3188:its-track-writer]: [18:30:15][STATE] RUNNING ---> READY
[3188:its-track-writer]: [18:30:15][STATE] READY ---> RESETTING TASK
[3188:its-track-writer]: [18:30:15][STATE] RESETTING TASK ---> DEVICE READY
[3188:its-track-writer]: [18:30:15][STATE] DEVICE READY ---> RESETTING DEVICE
[3188:its-track-writer]: [18:30:15][STATE] RESETTING DEVICE ---> IDLE
[3188:its-track-writer]: [18:30:15][STATE] IDLE ---> EXITING
[3188:its-track-writer]: [18:30:15][STATE] Exiting FairMQ state machine
[3186:its-cluster-writer]: [18:30:15][STATE] RUNNING ---> READY
[3186:its-cluster-writer]: [18:30:15][STATE] READY ---> RESETTING TASK
[3186:its-cluster-writer]: [18:30:15][STATE] RESETTING TASK ---> DEVICE READY
[3186:its-cluster-writer]: [18:30:15][STATE] DEVICE READY ---> RESETTING DEVICE
[3186:its-cluster-writer]: Cleaning up for shared memory id '614b662f'...
[3186:its-cluster-writer]: No region counter found. No regions to cleanup.
[3186:its-cluster-writer]: Successfully removed 'fmq_614b662f_m_0'.
[3186:its-cluster-writer]: Successfully removed 'fmq_614b662f_mng'.
[3186:its-cluster-writer]: Successfully removed 'fmq_614b662f_mtx'.
[3186:its-cluster-writer]: Successfully removed 'fmq_614b662f_cv'.
[3186:its-cluster-writer]: [18:30:15][STATE] RESETTING DEVICE ---> IDLE
[3186:its-cluster-writer]: [18:30:15][STATE] IDLE ---> EXITING
[3186:its-cluster-writer]: [18:30:15][STATE] Exiting FairMQ state machine
[INFO] Dumping used configuration in dpl-config.json
