000 (2282250.000.000) 05/19 22:39:34 Job submitted from host: <188.185.70.244:9618?addrs=188.185.70.244-9618+[2001-1458-d00-7--100-2ee]-9618&alias=bigbird10.cern.ch&noUDP&sock=schedd_2037_ca81_27>
...
000 (2282250.001.000) 05/19 22:39:34 Job submitted from host: <188.185.70.244:9618?addrs=188.185.70.244-9618+[2001-1458-d00-7--100-2ee]-9618&alias=bigbird10.cern.ch&noUDP&sock=schedd_2037_ca81_27>
...
000 (2282250.002.000) 05/19 22:39:34 Job submitted from host: <188.185.70.244:9618?addrs=188.185.70.244-9618+[2001-1458-d00-7--100-2ee]-9618&alias=bigbird10.cern.ch&noUDP&sock=schedd_2037_ca81_27>
...
000 (2282250.003.000) 05/19 22:39:34 Job submitted from host: <188.185.70.244:9618?addrs=188.185.70.244-9618+[2001-1458-d00-7--100-2ee]-9618&alias=bigbird10.cern.ch&noUDP&sock=schedd_2037_ca81_27>
...
000 (2282250.004.000) 05/19 22:39:34 Job submitted from host: <188.185.70.244:9618?addrs=188.185.70.244-9618+[2001-1458-d00-7--100-2ee]-9618&alias=bigbird10.cern.ch&noUDP&sock=schedd_2037_ca81_27>
...
000 (2282250.005.000) 05/19 22:39:34 Job submitted from host: <188.185.70.244:9618?addrs=188.185.70.244-9618+[2001-1458-d00-7--100-2ee]-9618&alias=bigbird10.cern.ch&noUDP&sock=schedd_2037_ca81_27>
...
000 (2282250.006.000) 05/19 22:39:34 Job submitted from host: <188.185.70.244:9618?addrs=188.185.70.244-9618+[2001-1458-d00-7--100-2ee]-9618&alias=bigbird10.cern.ch&noUDP&sock=schedd_2037_ca81_27>
...
000 (2282250.007.000) 05/19 22:39:34 Job submitted from host: <188.185.70.244:9618?addrs=188.185.70.244-9618+[2001-1458-d00-7--100-2ee]-9618&alias=bigbird10.cern.ch&noUDP&sock=schedd_2037_ca81_27>
...
000 (2282250.008.000) 05/19 22:39:34 Job submitted from host: <188.185.70.244:9618?addrs=188.185.70.244-9618+[2001-1458-d00-7--100-2ee]-9618&alias=bigbird10.cern.ch&noUDP&sock=schedd_2037_ca81_27>
...
000 (2282250.009.000) 05/19 22:39:34 Job submitted from host: <188.185.70.244:9618?addrs=188.185.70.244-9618+[2001-1458-d00-7--100-2ee]-9618&alias=bigbird10.cern.ch&noUDP&sock=schedd_2037_ca81_27>
...
000 (2282250.010.000) 05/19 22:39:34 Job submitted from host: <188.185.70.244:9618?addrs=188.185.70.244-9618+[2001-1458-d00-7--100-2ee]-9618&alias=bigbird10.cern.ch&noUDP&sock=schedd_2037_ca81_27>
...
000 (2282250.011.000) 05/19 22:39:34 Job submitted from host: <188.185.70.244:9618?addrs=188.185.70.244-9618+[2001-1458-d00-7--100-2ee]-9618&alias=bigbird10.cern.ch&noUDP&sock=schedd_2037_ca81_27>
...
000 (2282250.012.000) 05/19 22:39:34 Job submitted from host: <188.185.70.244:9618?addrs=188.185.70.244-9618+[2001-1458-d00-7--100-2ee]-9618&alias=bigbird10.cern.ch&noUDP&sock=schedd_2037_ca81_27>
...
000 (2282250.013.000) 05/19 22:39:34 Job submitted from host: <188.185.70.244:9618?addrs=188.185.70.244-9618+[2001-1458-d00-7--100-2ee]-9618&alias=bigbird10.cern.ch&noUDP&sock=schedd_2037_ca81_27>
...
000 (2282250.014.000) 05/19 22:39:35 Job submitted from host: <188.185.70.244:9618?addrs=188.185.70.244-9618+[2001-1458-d00-7--100-2ee]-9618&alias=bigbird10.cern.ch&noUDP&sock=schedd_2037_ca81_27>
...
000 (2282250.015.000) 05/19 22:39:35 Job submitted from host: <188.185.70.244:9618?addrs=188.185.70.244-9618+[2001-1458-d00-7--100-2ee]-9618&alias=bigbird10.cern.ch&noUDP&sock=schedd_2037_ca81_27>
...
000 (2282250.016.000) 05/19 22:39:35 Job submitted from host: <188.185.70.244:9618?addrs=188.185.70.244-9618+[2001-1458-d00-7--100-2ee]-9618&alias=bigbird10.cern.ch&noUDP&sock=schedd_2037_ca81_27>
...
000 (2282250.017.000) 05/19 22:39:35 Job submitted from host: <188.185.70.244:9618?addrs=188.185.70.244-9618+[2001-1458-d00-7--100-2ee]-9618&alias=bigbird10.cern.ch&noUDP&sock=schedd_2037_ca81_27>
...
000 (2282250.018.000) 05/19 22:39:35 Job submitted from host: <188.185.70.244:9618?addrs=188.185.70.244-9618+[2001-1458-d00-7--100-2ee]-9618&alias=bigbird10.cern.ch&noUDP&sock=schedd_2037_ca81_27>
...
000 (2282250.019.000) 05/19 22:39:35 Job submitted from host: <188.185.70.244:9618?addrs=188.185.70.244-9618+[2001-1458-d00-7--100-2ee]-9618&alias=bigbird10.cern.ch&noUDP&sock=schedd_2037_ca81_27>
...
040 (2282250.000.000) 05/19 22:43:19 Started transferring input files
	Transferring to host: <188.184.169.130:9618?addrs=188.184.169.130-9618+[2001-1458-301-c0--100-3f]-9618&alias=b7g52n5305.cern.ch&noUDP&sock=slot1_1_5645_29bf_17791>
...
040 (2282250.000.000) 05/19 22:43:19 Finished transferring input files
...
040 (2282250.001.000) 05/19 22:43:19 Started transferring input files
	Transferring to host: <128.142.78.101:9618?addrs=128.142.78.101-9618+[2001-1458-301-f4--100-211]-9618&alias=b7s12n3434.cern.ch&noUDP&sock=slot1_1_5818_0ea6_29313>
...
040 (2282250.001.000) 05/19 22:43:19 Finished transferring input files
...
040 (2282250.006.000) 05/19 22:43:20 Started transferring input files
	Transferring to host: <128.142.79.115:9618?addrs=128.142.79.115-9618+[2001-1458-301-f4--100-671]-9618&alias=b7s12n8299.cern.ch&noUDP&sock=slot1_1_5532_8b5a_18630>
...
040 (2282250.006.000) 05/19 22:43:20 Finished transferring input files
...
001 (2282250.000.000) 05/19 22:43:20 Job executing on host: <188.184.169.130:9618?addrs=188.184.169.130-9618+[2001-1458-301-c0--100-3f]-9618&alias=b7g52n5305.cern.ch&noUDP&sock=startd_4524_aa8b>
...
001 (2282250.001.000) 05/19 22:43:20 Job executing on host: <128.142.78.101:9618?addrs=128.142.78.101-9618+[2001-1458-301-f4--100-211]-9618&alias=b7s12n3434.cern.ch&noUDP&sock=startd_4667_c096>
...
001 (2282250.006.000) 05/19 22:43:21 Job executing on host: <128.142.79.115:9618?addrs=128.142.79.115-9618+[2001-1458-301-f4--100-671]-9618&alias=b7s12n8299.cern.ch&noUDP&sock=startd_4422_b3e2>
...
040 (2282250.003.000) 05/19 22:43:23 Started transferring input files
	Transferring to host: <128.142.87.15:9618?addrs=128.142.87.15-9618+[2001-1458-301-f6--100-ff]-9618&alias=b7s14n0143.cern.ch&noUDP&sock=slot1_3_6471_27a0_31410>
...
040 (2282250.004.000) 05/19 22:43:23 Started transferring input files
	Transferring to host: <128.142.80.253:9618?addrs=128.142.80.253-9618+[2001-1458-301-f5--100-4c3]-9618&alias=b7s13n4862.cern.ch&noUDP&sock=slot1_1_5438_5016_17963>
...
040 (2282250.005.000) 05/19 22:43:23 Started transferring input files
	Transferring to host: <188.184.138.255:9618?addrs=188.184.138.255-9618+[2001-1458-301-45--100-ec]-9618&alias=b7g42n0512.cern.ch&noUDP&sock=slot1_1_2783_a00a_260>
...
006 (2282250.000.000) 05/19 22:43:28 Image size of job updated: 772508
	135  -  MemoryUsage of job (MB)
	137276  -  ResidentSetSize of job (KB)
...
006 (2282250.001.000) 05/19 22:43:29 Image size of job updated: 146156
	143  -  MemoryUsage of job (MB)
	146076  -  ResidentSetSize of job (KB)
...
006 (2282250.006.000) 05/19 22:43:29 Image size of job updated: 711184
	164  -  MemoryUsage of job (MB)
	167592  -  ResidentSetSize of job (KB)
...
001 (2282250.003.000) 05/19 22:43:32 Job executing on host: <128.142.87.15:9618?addrs=128.142.87.15-9618+[2001-1458-301-f6--100-ff]-9618&alias=b7s14n0143.cern.ch&noUDP&sock=startd_5178_417b>
...
040 (2282250.003.000) 05/19 22:43:32 Finished transferring input files
...
001 (2282250.004.000) 05/19 22:43:32 Job executing on host: <128.142.80.253:9618?addrs=128.142.80.253-9618+[2001-1458-301-f5--100-4c3]-9618&alias=b7s13n4862.cern.ch&noUDP&sock=startd_4232_60e3>
...
040 (2282250.004.000) 05/19 22:43:32 Finished transferring input files
...
001 (2282250.005.000) 05/19 22:43:32 Job executing on host: <188.184.138.255:9618?addrs=188.184.138.255-9618+[2001-1458-301-45--100-ec]-9618&alias=b7g42n0512.cern.ch&noUDP&sock=startd_2213_832d>
...
040 (2282250.005.000) 05/19 22:43:32 Finished transferring input files
...
040 (2282250.002.000) 05/19 22:43:41 Entered queue to transfer input files
	Transferring to host: <128.142.82.245:9618?addrs=128.142.82.245-9618+[2001-1458-301-f5--100-723]-9618&alias=b7s13n4261.cern.ch&noUDP&sock=slot1_4_16631_cb3d_77939>
...
006 (2282250.004.000) 05/19 22:43:41 Image size of job updated: 928996
	192  -  MemoryUsage of job (MB)
	196256  -  ResidentSetSize of job (KB)
...
006 (2282250.003.000) 05/19 22:43:41 Image size of job updated: 673004
	195  -  MemoryUsage of job (MB)
	199552  -  ResidentSetSize of job (KB)
...
006 (2282250.005.000) 05/19 22:43:41 Image size of job updated: 188328
	184  -  MemoryUsage of job (MB)
	188248  -  ResidentSetSize of job (KB)
...
040 (2282250.002.000) 05/19 22:43:48 Started transferring input files
	Seconds spent in queue: 7
...
001 (2282250.002.000) 05/19 22:43:48 Job executing on host: <128.142.82.245:9618?addrs=128.142.82.245-9618+[2001-1458-301-f5--100-723]-9618&alias=b7s13n4261.cern.ch&noUDP&sock=startd_16706_8143>
...
040 (2282250.007.000) 05/19 22:43:50 Entered queue to transfer input files
	Transferring to host: <188.184.169.130:9618?addrs=188.184.169.130-9618+[2001-1458-301-c0--100-3f]-9618&alias=b7g52n5305.cern.ch&noUDP&sock=slot1_2_5645_29bf_17792>
...
040 (2282250.002.000) 05/19 22:43:52 Finished transferring input files
...
040 (2282250.007.000) 05/19 22:43:52 Started transferring input files
	Seconds spent in queue: 2
...
001 (2282250.007.000) 05/19 22:43:52 Job executing on host: <188.184.169.130:9618?addrs=188.184.169.130-9618+[2001-1458-301-c0--100-3f]-9618&alias=b7g52n5305.cern.ch&noUDP&sock=startd_4524_aa8b>
...
040 (2282250.013.000) 05/19 22:43:52 Started transferring input files
	Transferring to host: <188.184.138.255:9618?addrs=188.184.138.255-9618+[2001-1458-301-45--100-ec]-9618&alias=b7g42n0512.cern.ch&noUDP&sock=slot1_2_2783_a00a_261>
...
040 (2282250.008.000) 05/19 22:43:53 Started transferring input files
	Transferring to host: <128.142.78.101:9618?addrs=128.142.78.101-9618+[2001-1458-301-f4--100-211]-9618&alias=b7s12n3434.cern.ch&noUDP&sock=slot1_2_5818_0ea6_29314>
...
040 (2282250.007.000) 05/19 22:43:53 Finished transferring input files
...
040 (2282250.013.000) 05/19 22:43:53 Finished transferring input files
...
040 (2282250.009.000) 05/19 22:43:53 Started transferring input files
	Transferring to host: <128.142.79.115:9618?addrs=128.142.79.115-9618+[2001-1458-301-f4--100-671]-9618&alias=b7s12n8299.cern.ch&noUDP&sock=slot1_2_5532_8b5a_18631>
...
040 (2282250.008.000) 05/19 22:43:53 Finished transferring input files
...
001 (2282250.013.000) 05/19 22:43:53 Job executing on host: <188.184.138.255:9618?addrs=188.184.138.255-9618+[2001-1458-301-45--100-ec]-9618&alias=b7g42n0512.cern.ch&noUDP&sock=startd_2213_832d>
...
040 (2282250.009.000) 05/19 22:43:54 Finished transferring input files
...
040 (2282250.010.000) 05/19 22:43:54 Started transferring input files
	Transferring to host: <128.142.82.245:9618?addrs=128.142.82.245-9618+[2001-1458-301-f5--100-723]-9618&alias=b7s13n4261.cern.ch&noUDP&sock=slot1_8_16631_cb3d_77940>
...
001 (2282250.008.000) 05/19 22:43:54 Job executing on host: <128.142.78.101:9618?addrs=128.142.78.101-9618+[2001-1458-301-f4--100-211]-9618&alias=b7s12n3434.cern.ch&noUDP&sock=startd_4667_c096>
...
040 (2282250.011.000) 05/19 22:43:54 Started transferring input files
	Transferring to host: <128.142.87.15:9618?addrs=128.142.87.15-9618+[2001-1458-301-f6--100-ff]-9618&alias=b7s14n0143.cern.ch&noUDP&sock=slot1_5_6471_27a0_31413>
...
040 (2282250.010.000) 05/19 22:43:54 Finished transferring input files
...
001 (2282250.009.000) 05/19 22:43:54 Job executing on host: <128.142.79.115:9618?addrs=128.142.79.115-9618+[2001-1458-301-f4--100-671]-9618&alias=b7s12n8299.cern.ch&noUDP&sock=startd_4422_b3e2>
...
040 (2282250.012.000) 05/19 22:43:54 Started transferring input files
	Transferring to host: <128.142.80.253:9618?addrs=128.142.80.253-9618+[2001-1458-301-f5--100-4c3]-9618&alias=b7s13n4862.cern.ch&noUDP&sock=slot1_2_5438_5016_17964>
...
040 (2282250.011.000) 05/19 22:43:54 Finished transferring input files
...
040 (2282250.012.000) 05/19 22:43:54 Finished transferring input files
...
001 (2282250.010.000) 05/19 22:43:55 Job executing on host: <128.142.82.245:9618?addrs=128.142.82.245-9618+[2001-1458-301-f5--100-723]-9618&alias=b7s13n4261.cern.ch&noUDP&sock=startd_16706_8143>
...
001 (2282250.011.000) 05/19 22:43:55 Job executing on host: <128.142.87.15:9618?addrs=128.142.87.15-9618+[2001-1458-301-f6--100-ff]-9618&alias=b7s14n0143.cern.ch&noUDP&sock=startd_5178_417b>
...
001 (2282250.012.000) 05/19 22:43:55 Job executing on host: <128.142.80.253:9618?addrs=128.142.80.253-9618+[2001-1458-301-f5--100-4c3]-9618&alias=b7s13n4862.cern.ch&noUDP&sock=startd_4232_60e3>
...
006 (2282250.002.000) 05/19 22:43:57 Image size of job updated: 829276
	170  -  MemoryUsage of job (MB)
	173596  -  ResidentSetSize of job (KB)
...
006 (2282250.007.000) 05/19 22:44:01 Image size of job updated: 918512
	162  -  MemoryUsage of job (MB)
	164900  -  ResidentSetSize of job (KB)
...
006 (2282250.013.000) 05/19 22:44:02 Image size of job updated: 198688
	193  -  MemoryUsage of job (MB)
	196944  -  ResidentSetSize of job (KB)
...
006 (2282250.008.000) 05/19 22:44:02 Image size of job updated: 810144
	155  -  MemoryUsage of job (MB)
	157724  -  ResidentSetSize of job (KB)
...
040 (2282250.014.000) 05/19 22:44:02 Entered queue to transfer input files
	Transferring to host: <128.142.79.115:9618?addrs=128.142.79.115-9618+[2001-1458-301-f4--100-671]-9618&alias=b7s12n8299.cern.ch&noUDP&sock=slot1_3_5532_8b5a_18632>
...
006 (2282250.010.000) 05/19 22:44:03 Image size of job updated: 845100
	160  -  MemoryUsage of job (MB)
	162852  -  ResidentSetSize of job (KB)
...
006 (2282250.011.000) 05/19 22:44:03 Image size of job updated: 190356
	186  -  MemoryUsage of job (MB)
	190356  -  ResidentSetSize of job (KB)
...
006 (2282250.009.000) 05/19 22:44:03 Image size of job updated: 724092
	211  -  MemoryUsage of job (MB)
	215812  -  ResidentSetSize of job (KB)
...
006 (2282250.012.000) 05/19 22:44:04 Image size of job updated: 221792
	217  -  MemoryUsage of job (MB)
	221712  -  ResidentSetSize of job (KB)
...
040 (2282250.014.000) 05/19 22:44:24 Started transferring input files
	Seconds spent in queue: 22
...
001 (2282250.014.000) 05/19 22:44:49 Job executing on host: <128.142.79.115:9618?addrs=128.142.79.115-9618+[2001-1458-301-f4--100-671]-9618&alias=b7s12n8299.cern.ch&noUDP&sock=startd_4422_b3e2>
...
040 (2282250.014.000) 05/19 22:44:49 Finished transferring input files
...
006 (2282250.014.000) 05/19 22:45:09 Image size of job updated: 785864
	213  -  MemoryUsage of job (MB)
	217504  -  ResidentSetSize of job (KB)
...
040 (2282250.015.000) 05/19 22:47:02 Started transferring input files
	Transferring to host: <128.142.86.2:9618?addrs=128.142.86.2-9618+[2001-1458-301-f6--100-154]-9618&alias=b7s14n4831.cern.ch&noUDP&sock=slot1_2_5907_c409_23150>
...
040 (2282250.015.000) 05/19 22:47:02 Finished transferring input files
...
001 (2282250.015.000) 05/19 22:47:03 Job executing on host: <128.142.86.2:9618?addrs=128.142.86.2-9618+[2001-1458-301-f6--100-154]-9618&alias=b7s14n4831.cern.ch&noUDP&sock=startd_4624_4203>
...
040 (2282250.018.000) 05/19 22:47:04 Started transferring input files
	Transferring to host: <188.184.168.188:9618?addrs=188.184.168.188-9618+[2001-1458-301-c0--100-223]-9618&alias=b7g52n9579.cern.ch&noUDP&sock=slot1_1_9910_3dcc_76487>
...
040 (2282250.018.000) 05/19 22:47:04 Finished transferring input files
...
001 (2282250.018.000) 05/19 22:47:05 Job executing on host: <188.184.168.188:9618?addrs=188.184.168.188-9618+[2001-1458-301-c0--100-223]-9618&alias=b7g52n9579.cern.ch&noUDP&sock=startd_18066_5a10>
...
006 (2282250.015.000) 05/19 22:47:11 Image size of job updated: 696152
	120  -  MemoryUsage of job (MB)
	122032  -  ResidentSetSize of job (KB)
...
006 (2282250.018.000) 05/19 22:47:13 Image size of job updated: 141140
	136  -  MemoryUsage of job (MB)
	139228  -  ResidentSetSize of job (KB)
...
040 (2282250.016.000) 05/19 22:47:18 Started transferring input files
	Transferring to host: <128.142.79.226:9618?addrs=128.142.79.226-9618+[2001-1458-301-f4--100-62f]-9618&alias=b7s12n0190.cern.ch&noUDP&sock=slot1_1_17770_528c_91294>
...
040 (2282250.016.000) 05/19 22:47:18 Finished transferring input files
...
001 (2282250.016.000) 05/19 22:47:19 Job executing on host: <128.142.79.226:9618?addrs=128.142.79.226-9618+[2001-1458-301-f4--100-62f]-9618&alias=b7s12n0190.cern.ch&noUDP&sock=startd_16852_a616>
...
006 (2282250.016.000) 05/19 22:47:28 Image size of job updated: 944688
	148  -  MemoryUsage of job (MB)
	150908  -  ResidentSetSize of job (KB)
...
006 (2282250.000.000) 05/19 22:48:28 Image size of job updated: 63720904
	563  -  MemoryUsage of job (MB)
	576420  -  ResidentSetSize of job (KB)
...
006 (2282250.001.000) 05/19 22:48:29 Image size of job updated: 64322452
	559  -  MemoryUsage of job (MB)
	572236  -  ResidentSetSize of job (KB)
...
006 (2282250.006.000) 05/19 22:48:29 Image size of job updated: 59040052
	522  -  MemoryUsage of job (MB)
	534292  -  ResidentSetSize of job (KB)
...
006 (2282250.004.000) 05/19 22:48:42 Image size of job updated: 69270952
	600  -  MemoryUsage of job (MB)
	613668  -  ResidentSetSize of job (KB)
...
006 (2282250.005.000) 05/19 22:48:42 Image size of job updated: 61854180
	185  -  MemoryUsage of job (MB)
	189144  -  ResidentSetSize of job (KB)
...
006 (2282250.003.000) 05/19 22:48:42 Image size of job updated: 61845300
	195  -  MemoryUsage of job (MB)
	199552  -  ResidentSetSize of job (KB)
...
006 (2282250.002.000) 05/19 22:48:58 Image size of job updated: 61603088
	631  -  MemoryUsage of job (MB)
	646072  -  ResidentSetSize of job (KB)
...
006 (2282250.007.000) 05/19 22:49:01 Image size of job updated: 63812704
	562  -  MemoryUsage of job (MB)
	575164  -  ResidentSetSize of job (KB)
...
006 (2282250.013.000) 05/19 22:49:02 Image size of job updated: 61872492
	194  -  MemoryUsage of job (MB)
	198608  -  ResidentSetSize of job (KB)
...
006 (2282250.008.000) 05/19 22:49:02 Image size of job updated: 61872552
	155  -  MemoryUsage of job (MB)
	157836  -  ResidentSetSize of job (KB)
...
006 (2282250.010.000) 05/19 22:49:03 Image size of job updated: 64598352
	559  -  MemoryUsage of job (MB)
	571700  -  ResidentSetSize of job (KB)
...
006 (2282250.011.000) 05/19 22:49:03 Image size of job updated: 65017424
	522  -  MemoryUsage of job (MB)
	534276  -  ResidentSetSize of job (KB)
...
006 (2282250.009.000) 05/19 22:49:04 Image size of job updated: 61863280
	310  -  MemoryUsage of job (MB)
	316612  -  ResidentSetSize of job (KB)
...
006 (2282250.012.000) 05/19 22:49:05 Image size of job updated: 61881680
	235  -  MemoryUsage of job (MB)
	239836  -  ResidentSetSize of job (KB)
...
006 (2282250.014.000) 05/19 22:49:59 Image size of job updated: 61859072
	443  -  MemoryUsage of job (MB)
	453160  -  ResidentSetSize of job (KB)
...
040 (2282250.017.000) 05/19 22:50:12 Started transferring input files
	Transferring to host: <128.142.86.81:9618?addrs=128.142.86.81-9618+[2001-1458-301-f6--100-572]-9618&alias=b7s14n2968.cern.ch&noUDP&sock=slot1_3_21870_24b2_76050>
...
040 (2282250.017.000) 05/19 22:50:12 Finished transferring input files
...
001 (2282250.017.000) 05/19 22:50:13 Job executing on host: <128.142.86.81:9618?addrs=128.142.86.81-9618+[2001-1458-301-f6--100-572]-9618&alias=b7s14n2968.cern.ch&noUDP&sock=startd_15708_f5be>
...
006 (2282250.017.000) 05/19 22:50:21 Image size of job updated: 673868
	185  -  MemoryUsage of job (MB)
	188940  -  ResidentSetSize of job (KB)
...
006 (2282250.009.000) 05/19 22:50:51 Image size of job updated: 61863280
	310  -  MemoryUsage of job (MB)
	316884  -  ResidentSetSize of job (KB)
...
040 (2282250.009.000) 05/19 22:50:51 Started transferring output files
...
040 (2282250.009.000) 05/19 22:50:51 Finished transferring output files
...
005 (2282250.009.000) 05/19 22:50:51 Job terminated.
	(1) Normal termination (return value 0)
		Usr 0 00:05:23, Sys 0 00:01:17  -  Run Remote Usage
		Usr 0 00:00:00, Sys 0 00:00:00  -  Run Local Usage
		Usr 0 00:05:23, Sys 0 00:01:17  -  Total Remote Usage
		Usr 0 00:00:00, Sys 0 00:00:00  -  Total Local Usage
	208740  -  Run Bytes Sent By Job
	2996  -  Run Bytes Received By Job
	208740  -  Total Bytes Sent By Job
	2996  -  Total Bytes Received By Job
	Partitionable Resources :    Usage  Request Allocated 
	   Cpus                 :                 4         4 
	   Disk (KB)            :      220  8192000   8407891 
	   Memory (MB)          :      310     8000      8000 

	Job terminated of its own accord at 2021-05-19T20:50:51Z.
...
006 (2282250.005.000) 05/19 22:50:58 Image size of job updated: 69254572
	185  -  MemoryUsage of job (MB)
	189144  -  ResidentSetSize of job (KB)
...
040 (2282250.005.000) 05/19 22:50:59 Started transferring output files
...
040 (2282250.005.000) 05/19 22:50:59 Finished transferring output files
...
005 (2282250.005.000) 05/19 22:50:59 Job terminated.
	(1) Normal termination (return value 0)
		Usr 0 00:05:30, Sys 0 00:01:18  -  Run Remote Usage
		Usr 0 00:00:00, Sys 0 00:00:00  -  Run Local Usage
		Usr 0 00:05:30, Sys 0 00:01:18  -  Total Remote Usage
		Usr 0 00:00:00, Sys 0 00:00:00  -  Total Local Usage
	196751  -  Run Bytes Sent By Job
	2996  -  Run Bytes Received By Job
	196751  -  Total Bytes Sent By Job
	2996  -  Total Bytes Received By Job
	Partitionable Resources :    Usage  Request Allocated 
	   Cpus                 :     0.64        4         4 
	   Disk (KB)            :   215     8192000   8596145 
	   Memory (MB)          :   185        8000      8000 

	Job terminated of its own accord at 2021-05-19T20:50:58Z.
...
006 (2282250.003.000) 05/19 22:50:59 Image size of job updated: 69268388
	195  -  MemoryUsage of job (MB)
	199552  -  ResidentSetSize of job (KB)
...
040 (2282250.003.000) 05/19 22:51:00 Started transferring output files
...
040 (2282250.003.000) 05/19 22:51:00 Finished transferring output files
...
005 (2282250.003.000) 05/19 22:51:00 Job terminated.
	(1) Normal termination (return value 0)
		Usr 0 00:05:30, Sys 0 00:01:15  -  Run Remote Usage
		Usr 0 00:00:00, Sys 0 00:00:00  -  Run Local Usage
		Usr 0 00:05:30, Sys 0 00:01:15  -  Total Remote Usage
		Usr 0 00:00:00, Sys 0 00:00:00  -  Total Local Usage
	203781  -  Run Bytes Sent By Job
	2996  -  Run Bytes Received By Job
	203781  -  Total Bytes Sent By Job
	2996  -  Total Bytes Received By Job
	Partitionable Resources :    Usage  Request Allocated 
	   Cpus                 :                 4         4 
	   Disk (KB)            :      215  8192000   8470966 
	   Memory (MB)          :      195     8000      8000 

	Job terminated of its own accord at 2021-05-19T20:50:59Z.
...
006 (2282250.012.000) 05/19 22:51:00 Image size of job updated: 61881680
	235  -  MemoryUsage of job (MB)
	240292  -  ResidentSetSize of job (KB)
...
040 (2282250.012.000) 05/19 22:51:00 Started transferring output files
...
040 (2282250.012.000) 05/19 22:51:00 Finished transferring output files
...
005 (2282250.012.000) 05/19 22:51:00 Job terminated.
	(1) Normal termination (return value 0)
		Usr 0 00:05:25, Sys 0 00:01:17  -  Run Remote Usage
		Usr 0 00:00:00, Sys 0 00:00:00  -  Run Local Usage
		Usr 0 00:05:25, Sys 0 00:01:17  -  Total Remote Usage
		Usr 0 00:00:00, Sys 0 00:00:00  -  Total Local Usage
	210733  -  Run Bytes Sent By Job
	2996  -  Run Bytes Received By Job
	210733  -  Total Bytes Sent By Job
	2996  -  Total Bytes Received By Job
	Partitionable Resources :    Usage  Request Allocated 
	   Cpus                 :                 4         4 
	   Disk (KB)            :      222  8192000   8338315 
	   Memory (MB)          :      235     8000      8000 

	Job terminated of its own accord at 2021-05-19T20:51:00Z.
...
040 (2282250.004.000) 05/19 22:51:00 Started transferring output files
...
040 (2282250.004.000) 05/19 22:51:00 Finished transferring output files
...
005 (2282250.004.000) 05/19 22:51:00 Job terminated.
	(1) Normal termination (return value 0)
		Usr 0 00:05:22, Sys 0 00:01:18  -  Run Remote Usage
		Usr 0 00:00:00, Sys 0 00:00:00  -  Run Local Usage
		Usr 0 00:05:22, Sys 0 00:01:18  -  Total Remote Usage
		Usr 0 00:00:00, Sys 0 00:00:00  -  Total Local Usage
	228616  -  Run Bytes Sent By Job
	2996  -  Run Bytes Received By Job
	228616  -  Total Bytes Sent By Job
	2996  -  Total Bytes Received By Job
	Partitionable Resources :    Usage  Request Allocated 
	   Cpus                 :                 4         4 
	   Disk (KB)            :      239  8192000   8339236 
	   Memory (MB)          :      600     8000      8000 

	Job terminated of its own accord at 2021-05-19T20:51:00Z.
...
006 (2282250.013.000) 05/19 22:51:05 Image size of job updated: 68812144
	194  -  MemoryUsage of job (MB)
	198608  -  ResidentSetSize of job (KB)
...
040 (2282250.013.000) 05/19 22:51:05 Started transferring output files
...
040 (2282250.013.000) 05/19 22:51:05 Finished transferring output files
...
005 (2282250.013.000) 05/19 22:51:05 Job terminated.
	(1) Normal termination (return value 0)
		Usr 0 00:05:31, Sys 0 00:01:17  -  Run Remote Usage
		Usr 0 00:00:00, Sys 0 00:00:00  -  Run Local Usage
		Usr 0 00:05:31, Sys 0 00:01:17  -  Total Remote Usage
		Usr 0 00:00:00, Sys 0 00:00:00  -  Total Local Usage
	239863  -  Run Bytes Sent By Job
	2996  -  Run Bytes Received By Job
	239863  -  Total Bytes Sent By Job
	2996  -  Total Bytes Received By Job
	Partitionable Resources :    Usage  Request Allocated 
	   Cpus                 :     0.58        4         4 
	   Disk (KB)            :   257     8192000   8595123 
	   Memory (MB)          :   194        8000      8000 

	Job terminated of its own accord at 2021-05-19T20:51:05Z.
...
006 (2282250.008.000) 05/19 22:51:34 Image size of job updated: 101149200
	155  -  MemoryUsage of job (MB)
	157836  -  ResidentSetSize of job (KB)
...
040 (2282250.008.000) 05/19 22:51:34 Started transferring output files
...
040 (2282250.008.000) 05/19 22:51:34 Finished transferring output files
...
005 (2282250.008.000) 05/19 22:51:35 Job terminated.
	(1) Normal termination (return value 0)
		Usr 0 00:05:48, Sys 0 00:01:20  -  Run Remote Usage
		Usr 0 00:00:00, Sys 0 00:00:00  -  Run Local Usage
		Usr 0 00:05:48, Sys 0 00:01:20  -  Total Remote Usage
		Usr 0 00:00:00, Sys 0 00:00:00  -  Total Local Usage
	210930  -  Run Bytes Sent By Job
	2996  -  Run Bytes Received By Job
	210930  -  Total Bytes Sent By Job
	2996  -  Total Bytes Received By Job
	Partitionable Resources :    Usage  Request Allocated 
	   Cpus                 :     2.99        4         4 
	   Disk (KB)            :   229     8192000   8611315 
	   Memory (MB)          :   155        8000      8000 

	Job terminated of its own accord at 2021-05-19T20:51:34Z.
...
040 (2282250.014.000) 05/19 22:51:46 Started transferring output files
	Seconds spent in queue: 464
...
040 (2282250.014.000) 05/19 22:51:46 Finished transferring output files
...
005 (2282250.014.000) 05/19 22:51:47 Job terminated.
	(1) Normal termination (return value 0)
		Usr 0 00:05:22, Sys 0 00:01:16  -  Run Remote Usage
		Usr 0 00:00:00, Sys 0 00:00:00  -  Run Local Usage
		Usr 0 00:05:22, Sys 0 00:01:16  -  Total Remote Usage
		Usr 0 00:00:00, Sys 0 00:00:00  -  Total Local Usage
	185492  -  Run Bytes Sent By Job
	2996  -  Run Bytes Received By Job
	185492  -  Total Bytes Sent By Job
	2996  -  Total Bytes Received By Job
	Partitionable Resources :    Usage  Request Allocated 
	   Cpus                 :                 4         4 
	   Disk (KB)            :      197  8192000   8407851 
	   Memory (MB)          :      443     8000      8000 

	Job terminated of its own accord at 2021-05-19T20:51:45Z.
...
006 (2282250.015.000) 05/19 22:52:11 Image size of job updated: 61872432
	235  -  MemoryUsage of job (MB)
	240116  -  ResidentSetSize of job (KB)
...
006 (2282250.018.000) 05/19 22:52:13 Image size of job updated: 61879660
	137  -  MemoryUsage of job (MB)
	139304  -  ResidentSetSize of job (KB)
...
040 (2282250.019.000) 05/19 22:52:23 Started transferring input files
	Transferring to host: <128.142.79.115:9618?addrs=128.142.79.115-9618+[2001-1458-301-f4--100-671]-9618&alias=b7s12n8299.cern.ch&noUDP&sock=slot1_2_5532_8b5a_18639>
...
040 (2282250.019.000) 05/19 22:52:23 Finished transferring input files
...
001 (2282250.019.000) 05/19 22:52:24 Job executing on host: <128.142.79.115:9618?addrs=128.142.79.115-9618+[2001-1458-301-f4--100-671]-9618&alias=b7s12n8299.cern.ch&noUDP&sock=startd_4422_b3e2>
...
006 (2282250.016.000) 05/19 22:52:29 Image size of job updated: 61854180
	148  -  MemoryUsage of job (MB)
	150908  -  ResidentSetSize of job (KB)
...
006 (2282250.019.000) 05/19 22:52:33 Image size of job updated: 735756
	223  -  MemoryUsage of job (MB)
	227932  -  ResidentSetSize of job (KB)
...
040 (2282250.002.000) 05/19 22:53:12 Entered queue to transfer output files
...
040 (2282250.002.000) 05/19 22:54:30 Started transferring output files
	Seconds spent in queue: 649
...
040 (2282250.002.000) 05/19 22:54:30 Finished transferring output files
...
005 (2282250.002.000) 05/19 22:54:32 Job terminated.
	(1) Normal termination (return value 0)
		Usr 0 00:06:24, Sys 0 00:01:29  -  Run Remote Usage
		Usr 0 00:00:00, Sys 0 00:00:00  -  Run Local Usage
		Usr 0 00:06:24, Sys 0 00:01:29  -  Total Remote Usage
		Usr 0 00:00:00, Sys 0 00:00:00  -  Total Local Usage
	222209  -  Run Bytes Sent By Job
	2996  -  Run Bytes Received By Job
	222209  -  Total Bytes Sent By Job
	2996  -  Total Bytes Received By Job
	Partitionable Resources :    Usage  Request Allocated 
	   Cpus                 :        0        4         4 
	   Disk (KB)            :      240  8192000   8332776 
	   Memory (MB)          :      631     8000      8000 

	Job terminated of its own accord at 2021-05-19T20:53:06Z.
...
006 (2282250.017.000) 05/19 22:55:21 Image size of job updated: 64013416
	558  -  MemoryUsage of job (MB)
	571360  -  ResidentSetSize of job (KB)
...
040 (2282250.018.000) 05/19 22:56:09 Started transferring output files
...
040 (2282250.018.000) 05/19 22:56:10 Finished transferring output files
...
005 (2282250.018.000) 05/19 22:56:10 Job terminated.
	(1) Normal termination (return value 0)
		Usr 0 00:06:10, Sys 0 00:01:23  -  Run Remote Usage
		Usr 0 00:00:00, Sys 0 00:00:00  -  Run Local Usage
		Usr 0 00:06:10, Sys 0 00:01:23  -  Total Remote Usage
		Usr 0 00:00:00, Sys 0 00:00:00  -  Total Local Usage
	217312  -  Run Bytes Sent By Job
	2996  -  Run Bytes Received By Job
	217312  -  Total Bytes Sent By Job
	2996  -  Total Bytes Received By Job
	Partitionable Resources :    Usage  Request Allocated 
	   Cpus                 :     0.60        4         4 
	   Disk (KB)            :   236     8192000   8433786 
	   Memory (MB)          :   137        8000      8000 

	Job terminated of its own accord at 2021-05-19T20:56:09Z.
...
006 (2282250.016.000) 05/19 22:56:23 Image size of job updated: 85160600
	148  -  MemoryUsage of job (MB)
	150908  -  ResidentSetSize of job (KB)
...
040 (2282250.016.000) 05/19 22:56:23 Started transferring output files
...
040 (2282250.016.000) 05/19 22:56:23 Finished transferring output files
...
005 (2282250.016.000) 05/19 22:56:23 Job terminated.
	(1) Normal termination (return value 0)
		Usr 0 00:06:17, Sys 0 00:01:29  -  Run Remote Usage
		Usr 0 00:00:00, Sys 0 00:00:00  -  Run Local Usage
		Usr 0 00:06:17, Sys 0 00:01:29  -  Total Remote Usage
		Usr 0 00:00:00, Sys 0 00:00:00  -  Total Local Usage
	211673  -  Run Bytes Sent By Job
	2996  -  Run Bytes Received By Job
	211673  -  Total Bytes Sent By Job
	2996  -  Total Bytes Received By Job
	Partitionable Resources :    Usage  Request Allocated 
	   Cpus                 :     1.48        4         4 
	   Disk (KB)            :   230     8192000   8426961 
	   Memory (MB)          :   148        8000      8000 

	Job terminated of its own accord at 2021-05-19T20:56:23Z.
...
006 (2282250.015.000) 05/19 22:57:12 Image size of job updated: 61872432
	322  -  MemoryUsage of job (MB)
	328876  -  ResidentSetSize of job (KB)
...
006 (2282250.015.000) 05/19 22:57:22 Image size of job updated: 61872432
	322  -  MemoryUsage of job (MB)
	329720  -  ResidentSetSize of job (KB)
...
040 (2282250.015.000) 05/19 22:57:22 Started transferring output files
...
040 (2282250.015.000) 05/19 22:57:22 Finished transferring output files
...
005 (2282250.015.000) 05/19 22:57:23 Job terminated.
	(1) Normal termination (return value 0)
		Usr 0 00:06:50, Sys 0 00:01:36  -  Run Remote Usage
		Usr 0 00:00:00, Sys 0 00:00:00  -  Run Local Usage
		Usr 0 00:06:50, Sys 0 00:01:36  -  Total Remote Usage
		Usr 0 00:00:00, Sys 0 00:00:00  -  Total Local Usage
	198815  -  Run Bytes Sent By Job
	2996  -  Run Bytes Received By Job
	198815  -  Total Bytes Sent By Job
	2996  -  Total Bytes Received By Job
	Partitionable Resources :    Usage  Request Allocated 
	   Cpus                 :     0.38        4         4 
	   Disk (KB)            :   217     8192000   8383925 
	   Memory (MB)          :   322        8000      8000 

	Job terminated of its own accord at 2021-05-19T20:57:22Z.
...
006 (2282250.019.000) 05/19 22:57:34 Image size of job updated: 61863392
	547  -  MemoryUsage of job (MB)
	559556  -  ResidentSetSize of job (KB)
...
006 (2282250.019.000) 05/19 22:59:08 Image size of job updated: 61863392
	548  -  MemoryUsage of job (MB)
	560140  -  ResidentSetSize of job (KB)
...
040 (2282250.019.000) 05/19 22:59:08 Started transferring output files
...
040 (2282250.019.000) 05/19 22:59:08 Finished transferring output files
...
005 (2282250.019.000) 05/19 22:59:08 Job terminated.
	(1) Normal termination (return value 0)
		Usr 0 00:05:15, Sys 0 00:01:13  -  Run Remote Usage
		Usr 0 00:00:00, Sys 0 00:00:00  -  Run Local Usage
		Usr 0 00:05:15, Sys 0 00:01:13  -  Total Remote Usage
		Usr 0 00:00:00, Sys 0 00:00:00  -  Total Local Usage
	197426  -  Run Bytes Sent By Job
	2996  -  Run Bytes Received By Job
	197426  -  Total Bytes Sent By Job
	2996  -  Total Bytes Received By Job
	Partitionable Resources :    Usage  Request Allocated 
	   Cpus                 :     0.66        4         4 
	   Disk (KB)            :   217     8192000   8342579 
	   Memory (MB)          :   548        8000      8000 

	Job terminated of its own accord at 2021-05-19T20:59:08Z.
...
040 (2282250.006.000) 05/20 00:43:46 Started transferring output files
...
040 (2282250.006.000) 05/20 00:43:46 Finished transferring output files
...
009 (2282250.006.000) 05/20 00:43:47 Job was aborted by the user.
	Job removed by SYSTEM_PERIODIC_REMOVE due to wall time exceeded allowed max.
...
040 (2282250.001.000) 05/20 00:43:51 Started transferring output files
...
040 (2282250.001.000) 05/20 00:43:51 Finished transferring output files
...
009 (2282250.001.000) 05/20 00:43:52 Job was aborted by the user.
	Job removed by SYSTEM_PERIODIC_REMOVE due to wall time exceeded allowed max.
...
040 (2282250.000.000) 05/20 00:43:52 Started transferring output files
...
040 (2282250.000.000) 05/20 00:43:52 Finished transferring output files
...
009 (2282250.000.000) 05/20 00:43:52 Job was aborted by the user.
	Job removed by SYSTEM_PERIODIC_REMOVE due to wall time exceeded allowed max.
...
040 (2282250.007.000) 05/20 00:43:53 Started transferring output files
	Seconds spent in queue: 7203
...
040 (2282250.007.000) 05/20 00:43:53 Finished transferring output files
...
009 (2282250.007.000) 05/20 00:43:53 Job was aborted by the user.
	Job removed by SYSTEM_PERIODIC_REMOVE due to wall time exceeded allowed max.
...
040 (2282250.010.000) 05/20 00:44:14 Started transferring output files
...
040 (2282250.010.000) 05/20 00:44:14 Finished transferring output files
...
009 (2282250.010.000) 05/20 00:44:14 Job was aborted by the user.
	Job removed by SYSTEM_PERIODIC_REMOVE due to wall time exceeded allowed max.
...
040 (2282250.011.000) 05/20 00:44:16 Started transferring output files
...
040 (2282250.011.000) 05/20 00:44:16 Finished transferring output files
...
009 (2282250.011.000) 05/20 00:44:16 Job was aborted by the user.
	Job removed by SYSTEM_PERIODIC_REMOVE due to wall time exceeded allowed max.
...
040 (2282250.017.000) 05/20 00:50:16 Started transferring output files
...
040 (2282250.017.000) 05/20 00:50:16 Finished transferring output files
...
009 (2282250.017.000) 05/20 00:50:17 Job was aborted by the user.
	Job removed by SYSTEM_PERIODIC_REMOVE due to wall time exceeded allowed max.
...
