===============================
execute this script as follows:
./generate_its.sh system region nevents
where:
system = 1 -> pp
       = 2 -> Pb-Pb
region = 1 -> ITS only
       = 2 -> whole detector
===============================
will generate Pb-Pb events
will transport events in the ITS only
Will generate: 10 events
Moving to /eos/user/f/ftorales/its_data/alignment/lbnl_alice_alignment_tasks/2287089/16
/eos/user/f/ftorales/its_data/alignment/lbnl_alice_alignment_tasks/2287089/16

==============================================================================================
1. MC generation run
[INFO] Running with 6 sim workers 
[INFO] CREATING SIM SHARED MEM SEGMENT FOR 6 WORKERS
Spawning particle server on PID 996; Redirect output to o2sim_serverlog
Spawning sim worker 0 on PID 998; Redirect output to o2sim_workerlog0
Spawning hit merger on PID 999; Redirect output to o2sim_mergerlog
[INFO] DISTRIBUTING EVENT : 1
[INFO] EVENT FINISHED : 1
[INFO] DISTRIBUTING EVENT : 2
[INFO] EVENT FINISHED : 2
[INFO] DISTRIBUTING EVENT : 3
[INFO] DISTRIBUTING EVENT : 4
[INFO] DISTRIBUTING EVENT : 5
[INFO] EVENT FINISHED : 3
[INFO] EVENT FINISHED : 4
[INFO] EVENT FINISHED : 5
[INFO] DISTRIBUTING EVENT : 6
[INFO] EVENT FINISHED : 6
[INFO] DISTRIBUTING EVENT : 7
[INFO] EVENT FINISHED : 7
[INFO] DISTRIBUTING EVENT : 8
[INFO] DISTRIBUTING EVENT : 9
[INFO] EVENT FINISHED : 8
[INFO] DISTRIBUTING EVENT : 10
[INFO] EVENT FINISHED : 9
[INFO] EVENT FINISHED : 10
[INFO] Merger process 999 returned
[INFO] Simulation process took 83.732 s
[INFO] SIMULATION RETURNED SUCCESFULLY

==============================================================================================
2. Hits to digits conversion
Run: 1621529093
Fill:      0
Period: 
LHC State: 
Start: Thu May 20 18:44:54 2021
End  : Thu May 20 18:44:55 2021
Beam0: Z:A =   0:  0, Energy = 0.000
Beam1: Z:A =   0:  0, Energy = 0.000
sqrt[s]    = 0.000
crossing angle (radian) = 0.000000e+00
magnet currents (A) L3 = -30000.000, Dipole = -6000
Detectors: Cont.RO Triggers
      ITS:    -       -    
[INFO] MC-TRUTH 1
[INFO] TPC: GEM setup - initialization from scratch
[INFO] TPC: GEM setup (polya) took 8.26
[INFO] TPC is in grp? no; is skipped? no
[INFO] ITS is in grp? yes; is skipped? no
[INFO] MFT is in grp? no; is skipped? no
[INFO] TOF is in grp? no; is skipped? no
[INFO] FT0 is in grp? no; is skipped? no
[INFO] FV0 is in grp? no; is skipped? no
[INFO] EMC is in grp? no; is skipped? no
[INFO] HMP is in grp? no; is skipped? no
[INFO] ZDC is in grp? no; is skipped? no
[INFO] TRD is in grp? no; is skipped? no
[INFO] MCH is in grp? no; is skipped? no
[INFO] MID is in grp? no; is skipped? no
[INFO] FDD is in grp? no; is skipped? no
[INFO] PHS is in grp? no; is skipped? no
[INFO] CPV is in grp? no; is skipped? no
[INFO] Initialising O2 Data Processing Layer
[INFO] O2 Data Processing Layer initialised. We brake for nobody.
[INFO] Optimised build. O2DEBUG / LOG(DEBUG) / LOGF(DEBUG) / assert statement will not be shown.
[INFO] Redeployment of configuration asked.
[INFO] Starting internal-dpl-clock on pid 2100
[INFO] Starting SimReader on pid 2101
[INFO] Starting ITSDigitizer on pid 2102
[INFO] Starting GRPUpdater on pid 2103
[INFO] Starting ITSDigitWriter on pid 2104
[INFO] Redeployment of configuration done.
[2100:internal-dpl-clock]: [INFO] MC-TRUTH 1
[2101:SimReader]: [INFO] MC-TRUTH 1
[2103:GRPUpdater]: [INFO] MC-TRUTH 1
[2104:ITSDigitWriter]: [INFO] MC-TRUTH 1
[2102:ITSDigitizer]: [INFO] MC-TRUTH 1
[2100:internal-dpl-clock]: [INFO] Spawing new device internal-dpl-clock in process with pid 2100
[2101:SimReader]: [INFO] Spawing new device SimReader in process with pid 2101
[2104:ITSDigitWriter]: [INFO] Spawing new device ITSDigitWriter in process with pid 2104
[2103:GRPUpdater]: [INFO] Spawing new device GRPUpdater in process with pid 2103
[2100:internal-dpl-clock]: [18:48:42][INFO] 
[2100:internal-dpl-clock]:       ______      _    _______  _________ 
[2100:internal-dpl-clock]:      / ____/___ _(_)_______   |/  /_  __ \    version 1.4.29
[2100:internal-dpl-clock]:     / /_  / __ `/ / ___/__  /|_/ /_  / / /    build RELWITHDEBINFO
[2100:internal-dpl-clock]:    / __/ / /_/ / / /    _  /  / / / /_/ /     https://github.com/FairRootGroup/FairMQ
[2100:internal-dpl-clock]:   /_/    \__,_/_/_/     /_/  /_/  \___\_\     LGPL-3.0  © 2012-2020 GSI
[2100:internal-dpl-clock]: 
[2101:SimReader]: [18:48:42][INFO] 
[2101:SimReader]:       ______      _    _______  _________ 
[2101:SimReader]:      / ____/___ _(_)_______   |/  /_  __ \    version 1.4.29
[2101:SimReader]:     / /_  / __ `/ / ___/__  /|_/ /_  / / /    build RELWITHDEBINFO
[2101:SimReader]:    / __/ / /_/ / / /    _  /  / / / /_/ /     https://github.com/FairRootGroup/FairMQ
[2101:SimReader]:   /_/    \__,_/_/_/     /_/  /_/  \___\_\     LGPL-3.0  © 2012-2020 GSI
[2101:SimReader]: 
[2103:GRPUpdater]: [18:48:42][INFO] 
[2103:GRPUpdater]:       ______      _    _______  _________ 
[2103:GRPUpdater]:      / ____/___ _(_)_______   |/  /_  __ \    version 1.4.29
[2103:GRPUpdater]:     / /_  / __ `/ / ___/__  /|_/ /_  / / /    build RELWITHDEBINFO
[2103:GRPUpdater]:    / __/ / /_/ / / /    _  /  / / / /_/ /     https://github.com/FairRootGroup/FairMQ
[2103:GRPUpdater]:   /_/    \__,_/_/_/     /_/  /_/  \___\_\     LGPL-3.0  © 2012-2020 GSI
[2103:GRPUpdater]: 
[2104:ITSDigitWriter]: [18:48:42][INFO] 
[2104:ITSDigitWriter]:       ______      _    _______  _________ 
[2104:ITSDigitWriter]:      / ____/___ _(_)_______   |/  /_  __ \    version 1.4.29
[2104:ITSDigitWriter]:     / /_  / __ `/ / ___/__  /|_/ /_  / / /    build RELWITHDEBINFO
[2104:ITSDigitWriter]:    / __/ / /_/ / / /    _  /  / / / /_/ /     https://github.com/FairRootGroup/FairMQ
[2104:ITSDigitWriter]:   /_/    \__,_/_/_/     /_/  /_/  \___\_\     LGPL-3.0  © 2012-2020 GSI
[2104:ITSDigitWriter]: 
[2100:internal-dpl-clock]: [18:48:42][STATE] Starting FairMQ state machine --> IDLE
[2101:SimReader]: [18:48:42][STATE] Starting FairMQ state machine --> IDLE
[2103:GRPUpdater]: [18:48:42][STATE] Starting FairMQ state machine --> IDLE
[2104:ITSDigitWriter]: [18:48:42][STATE] Starting FairMQ state machine --> IDLE
[2102:ITSDigitizer]: [INFO] Spawing new device ITSDigitizer in process with pid 2102
[2104:ITSDigitWriter]: 2021-05-20 18:48:42	Monitoring	[0;49mStdOut backend initialized[0m
[2100:internal-dpl-clock]: 2021-05-20 18:48:42	Monitoring	[0;49mStdOut backend initialized[0m
[2101:SimReader]: 2021-05-20 18:48:42	Monitoring	[0;49mStdOut backend initialized[0m
[2101:SimReader]: [18:48:42][STATE] IDLE ---> INITIALIZING DEVICE
[2103:GRPUpdater]: 2021-05-20 18:48:42	Monitoring	[0;49mStdOut backend initialized[0m
[2100:internal-dpl-clock]: [18:48:42][STATE] IDLE ---> INITIALIZING DEVICE
[2100:internal-dpl-clock]: 2021-05-20 18:48:42	Monitoring	[0;49mBuffering enabled (100)[0m
[2100:internal-dpl-clock]: [18:48:42][STATE] INITIALIZING DEVICE ---> INITIALIZED
[2100:internal-dpl-clock]: [18:48:42][STATE] INITIALIZED ---> BINDING
[2100:internal-dpl-clock]: [18:48:42][STATE] BINDING ---> BOUND
[2100:internal-dpl-clock]: [18:48:42][STATE] BOUND ---> CONNECTING
[2100:internal-dpl-clock]: [18:48:42][STATE] CONNECTING ---> DEVICE READY
[2100:internal-dpl-clock]: [18:48:42][STATE] DEVICE READY ---> INITIALIZING TASK
[2100:internal-dpl-clock]: [18:48:42][STATE] INITIALIZING TASK ---> READY
[2100:internal-dpl-clock]: [18:48:42][STATE] READY ---> RUNNING
[2100:internal-dpl-clock]: [18:48:42][INFO] DEVICE: Running...
[2101:SimReader]: 2021-05-20 18:48:42	Monitoring	[0;49mBuffering enabled (100)[0m
[2101:SimReader]: [18:48:42][INFO] adding o2sim
[2101:SimReader]: 
[2101:SimReader]: [18:48:42][INFO] INCONTEXTSTRING 
[2101:SimReader]: [18:48:42][INFO] Imposing hadronic interaction rate 50000Hz
[2101:SimReader]: [18:48:42][WARN] No bunch filling provided, impose default one
[2101:SimReader]: [18:48:42][INFO] Deducing mu=0.00771915 per BC from IR=50000 with 576 BCs
[2101:SimReader]: [18:48:42][INFO] InteractionSampler with 576 colliding BCs, mu(BC)= 0.00771915 -> total IR= 50000
[2101:SimReader]: [18:48:42][INFO] Current BCid:    0 Orbit:      1 |T in BC(ns): 0.000(0 coll left)
[2101:SimReader]: [18:48:42][INFO] setting up 1 chains
[2102:ITSDigitizer]: [18:48:42][INFO] 
[2102:ITSDigitizer]:       ______      _    _______  _________ 
[2102:ITSDigitizer]:      / ____/___ _(_)_______   |/  /_  __ \    version 1.4.29
[2102:ITSDigitizer]:     / /_  / __ `/ / ___/__  /|_/ /_  / / /    build RELWITHDEBINFO
[2102:ITSDigitizer]:    / __/ / /_/ / / /    _  /  / / / /_/ /     https://github.com/FairRootGroup/FairMQ
[2102:ITSDigitizer]:   /_/    \__,_/_/_/     /_/  /_/  \___\_\     LGPL-3.0  © 2012-2020 GSI
[2102:ITSDigitizer]: 
[2102:ITSDigitizer]: [18:48:42][STATE] Starting FairMQ state machine --> IDLE
[2102:ITSDigitizer]: 2021-05-20 18:48:42	Monitoring	[0;49mStdOut backend initialized[0m
[2102:ITSDigitizer]: [18:48:42][STATE] IDLE ---> INITIALIZING DEVICE
[2102:ITSDigitizer]: 2021-05-20 18:48:42	Monitoring	[0;49mBuffering enabled (100)[0m
[2102:ITSDigitizer]: [18:48:42][INFO] Initializing geometry service
[2102:ITSDigitizer]: [18:48:42][INFO] Loading geometry FAIRGeom from o2sim_geometry.root
[2103:GRPUpdater]: [18:48:42][STATE] IDLE ---> INITIALIZING DEVICE
[2103:GRPUpdater]: 2021-05-20 18:48:42	Monitoring	[0;49mBuffering enabled (100)[0m
[2103:GRPUpdater]: [18:48:42][STATE] INITIALIZING DEVICE ---> INITIALIZED
[2103:GRPUpdater]: [18:48:42][STATE] INITIALIZED ---> BINDING
[2103:GRPUpdater]: [18:48:42][STATE] BINDING ---> BOUND
[2103:GRPUpdater]: [18:48:42][STATE] BOUND ---> CONNECTING
[2103:GRPUpdater]: [18:48:42][STATE] CONNECTING ---> DEVICE READY
[2103:GRPUpdater]: [18:48:42][STATE] DEVICE READY ---> INITIALIZING TASK
[2103:GRPUpdater]: [18:48:42][STATE] INITIALIZING TASK ---> READY
[2103:GRPUpdater]: [18:48:42][STATE] READY ---> RUNNING
[2103:GRPUpdater]: [18:48:42][INFO] DEVICE: Running...
[2104:ITSDigitWriter]: [18:48:42][STATE] IDLE ---> INITIALIZING DEVICE
[2104:ITSDigitWriter]: 2021-05-20 18:48:42	Monitoring	[0;49mBuffering enabled (100)[0m
[2104:ITSDigitWriter]: [18:48:42][INFO] 0: branch  ITSDigitMCTruth set up
[2104:ITSDigitWriter]: [18:48:42][INFO] 1: branch  ITSDigitMC2ROF set up
[2104:ITSDigitWriter]: [18:48:42][INFO] 2: branch  ITSDigit set up
[2104:ITSDigitWriter]: [18:48:42][INFO] 3: branch  ITSDigitROF set up
[2104:ITSDigitWriter]: [18:48:42][STATE] INITIALIZING DEVICE ---> INITIALIZED
[2104:ITSDigitWriter]: [18:48:42][STATE] INITIALIZED ---> BINDING
[2104:ITSDigitWriter]: [18:48:42][STATE] BINDING ---> BOUND
[2104:ITSDigitWriter]: [18:48:42][STATE] BOUND ---> CONNECTING
[2104:ITSDigitWriter]: [18:48:42][STATE] CONNECTING ---> DEVICE READY
[2104:ITSDigitWriter]: [18:48:42][STATE] DEVICE READY ---> INITIALIZING TASK
[2104:ITSDigitWriter]: [18:48:42][STATE] INITIALIZING TASK ---> READY
[2104:ITSDigitWriter]: [18:48:42][STATE] READY ---> RUNNING
[2104:ITSDigitWriter]: [18:48:42][INFO] DEVICE: Running...
[2102:ITSDigitizer]: Info in <TGeoManager::CloseGeometry>: Geometry loaded from file...
[2102:ITSDigitizer]: Info in <TGeoManager::SetTopVolume>: Top volume is cave. Master volume is cave
[2102:ITSDigitizer]: Info in <TGeoNavigator::BuildCache>: --- Maximum geometry depth set to 100
[2102:ITSDigitizer]: Info in <TGeoManager::CloseGeometry>: Voxelization retrieved from file
[2102:ITSDigitizer]: Info in <TGeoManager::CountLevels>: max level = 9, max placements = 126
[2102:ITSDigitizer]: Info in <TGeoManager::CloseGeometry>: 179840 nodes/ 399 volume UID's in FAIR geometry
[2102:ITSDigitizer]: Info in <TGeoManager::CloseGeometry>: ----------------modeler ready----------------
[2102:ITSDigitizer]: [18:48:43][INFO] Initializing field service
[2101:SimReader]: [18:48:43][INFO] Automatic deduction of number of collisions ... will just take number of background entries 10
[2101:SimReader]: Summary of DigitizationContext --
[2101:SimReader]: Parts per collision 1
[2101:SimReader]: Collision parts taken from simulations specified by prefix:
[2101:SimReader]: Number of Collisions 10
[2101:SimReader]: Collision 0 TIME BCid:  414 Orbit:      1 |T in BC(ns): -0.410 (0 , 0)
[2101:SimReader]: Collision 1 TIME BCid:  468 Orbit:      1 |T in BC(ns): 0.007 (0 , 1)
[2101:SimReader]: Collision 2 TIME BCid:  970 Orbit:      1 |T in BC(ns): -0.094 (0 , 2)
[2101:SimReader]: Collision 3 TIME BCid: 1234 Orbit:      1 |T in BC(ns): 0.085 (0 , 3)
[2101:SimReader]: Collision 4 TIME BCid:  588 Orbit:      2 |T in BC(ns): -0.153 (0 , 4)
[2101:SimReader]: Collision 5 TIME BCid: 1042 Orbit:      2 |T in BC(ns): -0.104 (0 , 5)
[2101:SimReader]: Collision 6 TIME BCid: 1568 Orbit:      2 |T in BC(ns): 0.147 (0 , 6)
[2101:SimReader]: Collision 7 TIME BCid:  440 Orbit:      3 |T in BC(ns): -0.007 (0 , 7)
[2101:SimReader]: Collision 8 TIME BCid:  584 Orbit:      3 |T in BC(ns): -0.021 (0 , 8)
[2101:SimReader]: Collision 9 TIME BCid: 1246 Orbit:      3 |T in BC(ns): -0.273 (0 , 9)
[2101:SimReader]: [18:48:43][INFO] Initializing Spec ... have 10 times 
[2101:SimReader]: [18:48:43][INFO] Serializing Context for later reuse
[2102:ITSDigitizer]: [18:48:43][INFO] MagneticField::Print: MagneticFieldMap:
[2102:ITSDigitizer]: [18:48:43][INFO] MagneticField::Print: Solenoid (-1*)5 kG, Dipole ON (-1) 
[2102:ITSDigitizer]: [18:48:43][INFO] MagneticField::Print: Machine B fields for p-p  beam (7000 GeV): QGrad: 22.0002 Dipole: 37.8781
[2102:ITSDigitizer]: [18:48:43][INFO] MagneticField::Print: Uses Sol30_Dip6_Hole  of /cvmfs/alice.cern.ch/el7-x86_64/Packages/O2/nightly-20210129-1/share/Common/maps/mfchebKGI_sym.root
[2102:ITSDigitizer]: Info in <TGeoGlobalMagField::SetField>: Global magnetic field set to <MagneticFieldMap>
[2102:ITSDigitizer]: Info in <TGeoGlobalMagField::Lock>: Global magnetic field <MagneticFieldMap> is now locked
[2102:ITSDigitizer]: [18:48:43][INFO] Set Alpide charge threshold to 150, single hit will be accounted from 15 electrons
[2102:ITSDigitizer]: [18:48:43][INFO] ITS simulated in CONTINUOUS RO mode
[2101:SimReader]: [18:48:43][STATE] INITIALIZING DEVICE ---> INITIALIZED
[2101:SimReader]: [18:48:43][STATE] INITIALIZED ---> BINDING
[2101:SimReader]: [18:48:43][STATE] BINDING ---> BOUND
[2101:SimReader]: [18:48:43][STATE] BOUND ---> CONNECTING
[2101:SimReader]: [18:48:43][STATE] CONNECTING ---> DEVICE READY
[2101:SimReader]: [18:48:43][STATE] DEVICE READY ---> INITIALIZING TASK
[2101:SimReader]: [18:48:43][STATE] INITIALIZING TASK ---> READY
[2101:SimReader]: [18:48:43][STATE] READY ---> RUNNING
[2101:SimReader]: [18:48:43][INFO] DEVICE: Running...
[2101:SimReader]: [18:48:43][INFO] SENDING SOMETHING TO OTHERS
[2102:ITSDigitizer]: [18:48:43][INFO] Loading ITS L2G matrices from TGeo
[2102:ITSDigitizer]: Alpide response object of 40500 matrices to map chagre in xyz to 5x5 pixels
[2102:ITSDigitizer]: X(col) range: +0.000000e+00 : +1.462000e-03 | step: 5.000000e-05 | Nbins: 30
[2102:ITSDigitizer]: Y(row) range: +0.000000e+00 : +1.344000e-03 | step: 5.000000e-05 | Nbins: 27
[2102:ITSDigitizer]: Z(dpt) range: -2.000000e-03 : +2.500000e-03 | step: 8.999999e-05 | Nbins: 50
[2102:ITSDigitizer]: Alpide digitization params:
[2102:ITSDigitizer]: Continuous readout             : ON
[2102:ITSDigitizer]: Readout Frame Length(ns)       : 9880.510742
[2102:ITSDigitizer]: Strobe delay (ns)              : 99.803139
[2102:ITSDigitizer]: Strobe length (ns)             : 9780.708008
[2102:ITSDigitizer]: Threshold (N electrons)        : 150
[2102:ITSDigitizer]: Min N electrons to accoint     : 15
[2102:ITSDigitizer]: Number of charge sharing steps : 7
[2102:ITSDigitizer]: ELoss to N electrons factor    : 2.777778e+08
[2102:ITSDigitizer]: Noise level per pixel          : 1.000000e-07
[2102:ITSDigitizer]: Charge time-response:
[2102:ITSDigitizer]: o2::itsmft::AlpideSignalTrapezoid | Duration: 7500.0 MaxRiseTime: 1100.0 (RiseTime=0 at q=450.0) (ns)
[2102:ITSDigitizer]: [18:48:44][STATE] INITIALIZING DEVICE ---> INITIALIZED
[2102:ITSDigitizer]: [18:48:44][STATE] INITIALIZED ---> BINDING
[2102:ITSDigitizer]: [18:48:44][STATE] BINDING ---> BOUND
[2102:ITSDigitizer]: [18:48:44][STATE] BOUND ---> CONNECTING
[2102:ITSDigitizer]: [18:48:44][STATE] CONNECTING ---> DEVICE READY
[2102:ITSDigitizer]: [18:48:44][STATE] DEVICE READY ---> INITIALIZING TASK
[2102:ITSDigitizer]: [18:48:44][STATE] INITIALIZING TASK ---> READY
[2102:ITSDigitizer]: [18:48:44][STATE] READY ---> RUNNING
[2102:ITSDigitizer]: [18:48:44][INFO] DEVICE: Running...
[2102:ITSDigitizer]: [18:48:44][INFO] GOT 10 COLLISSION TIMES
[2102:ITSDigitizer]: [18:48:44][INFO] SIMCHAINS 1
[2102:ITSDigitizer]: [18:48:44][INFO]  CALLING ITS DIGITIZATION 
[2102:ITSDigitizer]: [18:48:45][INFO] Digitizing ITS hits of entry 0 from source 0 at time BCid:  414 Orbit:      1 |T in BC(ns): -0.410 ROFrame= 10) cont.mode: 1 Min/Max ROFrames 0/9
[2102:ITSDigitizer]: [18:48:45][INFO] Filling ITS digits output for RO frames 0:9
[2102:ITSDigitizer]: ROF: 0 | 1283 entries starting from 0
[2102:ITSDigitizer]: BCid:    0 Orbit:      0
[2102:ITSDigitizer]: ROF: 1 | 1267 entries starting from 1283
[2102:ITSDigitizer]: BCid:  396 Orbit:      0
[2102:ITSDigitizer]: ROF: 2 | 1323 entries starting from 2550
[2102:ITSDigitizer]: BCid:  792 Orbit:      0
[2102:ITSDigitizer]: ROF: 3 | 1229 entries starting from 3873
[2102:ITSDigitizer]: BCid: 1188 Orbit:      0
[2102:ITSDigitizer]: ROF: 4 | 1245 entries starting from 5102
[2102:ITSDigitizer]: BCid: 1584 Orbit:      0
[2102:ITSDigitizer]: ROF: 5 | 1248 entries starting from 6347
[2102:ITSDigitizer]: BCid: 1980 Orbit:      0
[2102:ITSDigitizer]: ROF: 6 | 1259 entries starting from 7595
[2102:ITSDigitizer]: BCid: 2376 Orbit:      0
[2102:ITSDigitizer]: ROF: 7 | 1258 entries starting from 8854
[2102:ITSDigitizer]: BCid: 2772 Orbit:      0
[2102:ITSDigitizer]: ROF: 8 | 1247 entries starting from 10112
[2102:ITSDigitizer]: BCid: 3168 Orbit:      0
[2102:ITSDigitizer]: ROF: 9 | 1249 entries starting from 11359
[2102:ITSDigitizer]: BCid:    0 Orbit:      1
[2102:ITSDigitizer]: [18:48:45][INFO] Added 12608 digits 
[2102:ITSDigitizer]: [18:48:45][INFO] Digitizing ITS hits of entry 1 from source 0 at time BCid:  468 Orbit:      1 |T in BC(ns): 0.007 ROFrame= 10) cont.mode: 1 Min/Max ROFrames 10/11
[2102:ITSDigitizer]: [18:48:45][INFO] Digitizing ITS hits of entry 2 from source 0 at time BCid:  970 Orbit:      1 |T in BC(ns): -0.094 ROFrame= 11) cont.mode: 1 Min/Max ROFrames 10/11
[2102:ITSDigitizer]: [18:48:45][INFO] Filling ITS digits output for RO frames 10:10
[2102:ITSDigitizer]: ROF: 10 | 305599 entries starting from 12608
[2102:ITSDigitizer]: BCid:  396 Orbit:      1
[2102:ITSDigitizer]: MCEventID: 0 ROFs: 10-11 Entry in ROFRecords: 10
[2102:ITSDigitizer]: MCEventID: 1 ROFs: 10-11 Entry in ROFRecords: 10
[2102:ITSDigitizer]: [18:48:45][INFO] Added 305599 digits 
[2102:ITSDigitizer]: [18:48:45][INFO] Digitizing ITS hits of entry 3 from source 0 at time BCid: 1234 Orbit:      1 |T in BC(ns): 0.085 ROFrame= 12) cont.mode: 1 Min/Max ROFrames 11/12
[2102:ITSDigitizer]: [18:48:45][INFO] Filling ITS digits output for RO frames 11:11
[2102:ITSDigitizer]: ROF: 11 | 4062 entries starting from 318207
[2102:ITSDigitizer]: BCid:  792 Orbit:      1
[2102:ITSDigitizer]: MCEventID: 2 ROFs: 11-12 Entry in ROFRecords: 11
[2102:ITSDigitizer]: [18:48:45][INFO] Added 4062 digits 
[2102:ITSDigitizer]: [18:48:45][INFO] Digitizing ITS hits of entry 4 from source 0 at time BCid:  588 Orbit:      2 |T in BC(ns): -0.153 ROFrame= 19) cont.mode: 1 Min/Max ROFrames 12/18
[2102:ITSDigitizer]: [18:48:45][INFO] Filling ITS digits output for RO frames 12:18
[2102:ITSDigitizer]: ROF: 12 | 2720 entries starting from 322269
[2102:ITSDigitizer]: BCid: 1188 Orbit:      1
[2102:ITSDigitizer]: MCEventID: 3 ROFs: 12-12 Entry in ROFRecords: 12
[2102:ITSDigitizer]: ROF: 13 | 1259 entries starting from 324989
[2102:ITSDigitizer]: BCid: 1584 Orbit:      1
[2102:ITSDigitizer]: ROF: 14 | 1314 entries starting from 326248
[2102:ITSDigitizer]: BCid: 1980 Orbit:      1
[2102:ITSDigitizer]: ROF: 15 | 1277 entries starting from 327562
[2102:ITSDigitizer]: BCid: 2376 Orbit:      1
[2102:ITSDigitizer]: ROF: 16 | 1231 entries starting from 328839
[2102:ITSDigitizer]: BCid: 2772 Orbit:      1
[2102:ITSDigitizer]: ROF: 17 | 1267 entries starting from 330070
[2102:ITSDigitizer]: BCid: 3168 Orbit:      1
[2102:ITSDigitizer]: ROF: 18 | 1234 entries starting from 331337
[2102:ITSDigitizer]: BCid:    0 Orbit:      2
[2102:ITSDigitizer]: [18:48:45][INFO] Added 10302 digits 
[2102:ITSDigitizer]: [18:48:45][INFO] Digitizing ITS hits of entry 5 from source 0 at time BCid: 1042 Orbit:      2 |T in BC(ns): -0.104 ROFrame= 20) cont.mode: 1 Min/Max ROFrames 19/20
[2102:ITSDigitizer]: [18:48:45][INFO] Filling ITS digits output for RO frames 19:19
[2102:ITSDigitizer]: ROF: 19 | 3982 entries starting from 332571
[2102:ITSDigitizer]: BCid:  396 Orbit:      2
[2102:ITSDigitizer]: MCEventID: 4 ROFs: 19-20 Entry in ROFRecords: 19
[2102:ITSDigitizer]: [18:48:46][INFO] Added 3982 digits 
[2102:ITSDigitizer]: [18:48:46][INFO] Digitizing ITS hits of entry 6 from source 0 at time BCid: 1568 Orbit:      2 |T in BC(ns): 0.147 ROFrame= 21) cont.mode: 1 Min/Max ROFrames 20/22
[2102:ITSDigitizer]: [18:48:46][INFO] Filling ITS digits output for RO frames 20:20
[2102:ITSDigitizer]: ROF: 20 | 157301 entries starting from 336553
[2102:ITSDigitizer]: BCid:  792 Orbit:      2
[2102:ITSDigitizer]: MCEventID: 5 ROFs: 20-22 Entry in ROFRecords: 20
[2102:ITSDigitizer]: [18:48:47][INFO] Added 157301 digits 
[2102:ITSDigitizer]: [18:48:47][INFO] Digitizing ITS hits of entry 7 from source 0 at time BCid:  440 Orbit:      3 |T in BC(ns): -0.007 ROFrame= 28) cont.mode: 1 Min/Max ROFrames 21/27
[2102:ITSDigitizer]: [18:48:47][INFO] Filling ITS digits output for RO frames 21:27
[2102:ITSDigitizer]: ROF: 21 | 339489 entries starting from 493854
[2102:ITSDigitizer]: BCid: 1188 Orbit:      2
[2102:ITSDigitizer]: MCEventID: 6 ROFs: 21-23 Entry in ROFRecords: 21
[2102:ITSDigitizer]: ROF: 22 | 213754 entries starting from 833343
[2102:ITSDigitizer]: BCid: 1584 Orbit:      2
[2102:ITSDigitizer]: ROF: 23 | 1667 entries starting from 1047097
[2102:ITSDigitizer]: BCid: 1980 Orbit:      2
[2102:ITSDigitizer]: ROF: 24 | 1284 entries starting from 1048764
[2102:ITSDigitizer]: BCid: 2376 Orbit:      2
[2102:ITSDigitizer]: ROF: 25 | 1226 entries starting from 1050048
[2102:ITSDigitizer]: BCid: 2772 Orbit:      2
[2102:ITSDigitizer]: ROF: 26 | 1259 entries starting from 1051274
[2102:ITSDigitizer]: BCid: 3168 Orbit:      2
[2102:ITSDigitizer]: ROF: 27 | 1241 entries starting from 1052533
[2102:ITSDigitizer]: BCid:    0 Orbit:      3
[2102:ITSDigitizer]: [18:48:47][INFO] Added 559920 digits 
[2102:ITSDigitizer]: [18:48:47][INFO] Digitizing ITS hits of entry 8 from source 0 at time BCid:  584 Orbit:      3 |T in BC(ns): -0.021 ROFrame= 28) cont.mode: 1 Min/Max ROFrames 28/29
[2102:ITSDigitizer]: [18:48:47][INFO] Digitizing ITS hits of entry 9 from source 0 at time BCid: 1246 Orbit:      3 |T in BC(ns): -0.273 ROFrame= 30) cont.mode: 1 Min/Max ROFrames 28/29
[2102:ITSDigitizer]: [18:48:47][INFO] Filling ITS digits output for RO frames 28:29
[2102:ITSDigitizer]: ROF: 28 | 140549 entries starting from 1053774
[2102:ITSDigitizer]: BCid:  396 Orbit:      3
[2102:ITSDigitizer]: MCEventID: 7 ROFs: 28-29 Entry in ROFRecords: 28
[2102:ITSDigitizer]: MCEventID: 8 ROFs: 28-29 Entry in ROFRecords: 28
[2102:ITSDigitizer]: ROF: 29 | 55519 entries starting from 1194323
[2102:ITSDigitizer]: BCid:  792 Orbit:      3
[2102:ITSDigitizer]: [18:48:47][INFO] Added 196068 digits 
[2102:ITSDigitizer]: [18:48:47][INFO] Filling ITS digits output for RO frames 30:31
[2102:ITSDigitizer]: ROF: 30 | 11458 entries starting from 1249842
[2102:ITSDigitizer]: BCid: 1188 Orbit:      3
[2102:ITSDigitizer]: MCEventID: 9 ROFs: 30-31 Entry in ROFRecords: 30
[2102:ITSDigitizer]: ROF: 31 | 1377 entries starting from 1261300
[2102:ITSDigitizer]: BCid: 1584 Orbit:      3
[2102:ITSDigitizer]: [18:48:47][INFO] Added 12835 digits 
[2102:ITSDigitizer]: [18:48:47][INFO] ITS: Sending ROMode= 3 to GRPUpdater
[2102:ITSDigitizer]: [18:48:47][INFO] Digitization took 2.94s
[2104:ITSDigitWriter]: [18:48:47][INFO] WRITING 1270676 LABELS 
[2103:GRPUpdater]: [18:48:47][INFO] Updated GRP in o2sim_grp.root for detectors RO mode
[2103:GRPUpdater]: Run: 1621529093
[2103:GRPUpdater]: Fill:      0
[2103:GRPUpdater]: Period: 
[2103:GRPUpdater]: LHC State: 
[2103:GRPUpdater]: Start: Thu May 20 18:44:54 2021
[2103:GRPUpdater]: End  : Thu May 20 18:44:55 2021
[2103:GRPUpdater]: Beam0: Z:A =   0:  0, Energy = 0.000
[2103:GRPUpdater]: Beam1: Z:A =   0:  0, Energy = 0.000
[2103:GRPUpdater]: sqrt[s]    = 0.000
[2103:GRPUpdater]: crossing angle (radian) = 0.000000e+00
[2103:GRPUpdater]: magnet currents (A) L3 = -30000.000, Dipole = -6000
[2103:GRPUpdater]: Detectors: Cont.RO Triggers
[2103:GRPUpdater]:       ITS:    +       -    
[2104:ITSDigitWriter]: [18:48:47][INFO] RECEIVED DIGITS SIZE 1262677
[INFO] Quitting
[INFO] QUIT_REQUESTED
[2101:SimReader]: [18:48:48][INFO] Received device shutdown request (signal 15).
[2101:SimReader]: [18:48:48][INFO] Waiting for graceful device shutdown. Hit Ctrl-C again to abort immediately.
[2100:internal-dpl-clock]: [18:48:48][INFO] Received device shutdown request (signal 15).
[2100:internal-dpl-clock]: [18:48:48][INFO] Waiting for graceful device shutdown. Hit Ctrl-C again to abort immediately.
[2103:GRPUpdater]: [18:48:48][INFO] Received device shutdown request (signal 15).
[2103:GRPUpdater]: [18:48:48][INFO] Waiting for graceful device shutdown. Hit Ctrl-C again to abort immediately.
[2104:ITSDigitWriter]: [18:48:48][INFO] Received device shutdown request (signal 15).
[2104:ITSDigitWriter]: [18:48:48][INFO] Waiting for graceful device shutdown. Hit Ctrl-C again to abort immediately.
[2102:ITSDigitizer]: [18:48:48][INFO] Received device shutdown request (signal 15).
[2102:ITSDigitizer]: [18:48:48][INFO] Waiting for graceful device shutdown. Hit Ctrl-C again to abort immediately.
[2101:SimReader]: [18:48:48][STATE] RUNNING ---> READY
[2101:SimReader]: [18:48:48][STATE] READY ---> RESETTING TASK
[2101:SimReader]: [18:48:48][STATE] RESETTING TASK ---> DEVICE READY
[2101:SimReader]: [18:48:48][STATE] DEVICE READY ---> RESETTING DEVICE
[2101:SimReader]: [18:48:48][STATE] RESETTING DEVICE ---> IDLE
[2101:SimReader]: [18:48:48][STATE] IDLE ---> EXITING
[2101:SimReader]: [18:48:48][STATE] Exiting FairMQ state machine
[2100:internal-dpl-clock]: [18:48:48][STATE] RUNNING ---> READY
[2100:internal-dpl-clock]: [18:48:48][STATE] READY ---> RESETTING TASK
[2100:internal-dpl-clock]: [18:48:48][STATE] RESETTING TASK ---> DEVICE READY
[2100:internal-dpl-clock]: [18:48:48][STATE] DEVICE READY ---> RESETTING DEVICE
[2100:internal-dpl-clock]: [18:48:48][STATE] RESETTING DEVICE ---> IDLE
[2100:internal-dpl-clock]: [18:48:48][STATE] IDLE ---> EXITING
[2100:internal-dpl-clock]: [18:48:48][STATE] Exiting FairMQ state machine
[2102:ITSDigitizer]: [18:48:48][STATE] RUNNING ---> READY
[2103:GRPUpdater]: [18:48:48][STATE] RUNNING ---> READY
[2102:ITSDigitizer]: [18:48:48][STATE] READY ---> RESETTING TASK
[2102:ITSDigitizer]: [18:48:48][STATE] RESETTING TASK ---> DEVICE READY
[2102:ITSDigitizer]: [18:48:48][STATE] DEVICE READY ---> RESETTING DEVICE
[2103:GRPUpdater]: [18:48:48][STATE] READY ---> RESETTING TASK
[2103:GRPUpdater]: [18:48:48][STATE] RESETTING TASK ---> DEVICE READY
[2103:GRPUpdater]: [18:48:48][STATE] DEVICE READY ---> RESETTING DEVICE
[2102:ITSDigitizer]: [18:48:48][STATE] RESETTING DEVICE ---> IDLE
[2102:ITSDigitizer]: [18:48:48][STATE] IDLE ---> EXITING
[2103:GRPUpdater]: [18:48:48][STATE] RESETTING DEVICE ---> IDLE
[2103:GRPUpdater]: [18:48:48][STATE] IDLE ---> EXITING
[2102:ITSDigitizer]: [18:48:48][STATE] Exiting FairMQ state machine
[2103:GRPUpdater]: [18:48:48][STATE] Exiting FairMQ state machine
[2104:ITSDigitWriter]: [18:48:49][STATE] RUNNING ---> READY
[2104:ITSDigitWriter]: [18:48:49][STATE] READY ---> RESETTING TASK
[2104:ITSDigitWriter]: [18:48:49][STATE] RESETTING TASK ---> DEVICE READY
[2104:ITSDigitWriter]: [18:48:49][STATE] DEVICE READY ---> RESETTING DEVICE
[2104:ITSDigitWriter]: Cleaning up for shared memory id 'ca2969e8'...
[2104:ITSDigitWriter]: No region counter found. No regions to cleanup.
[2104:ITSDigitWriter]: Successfully removed 'fmq_ca2969e8_m_0'.
[2104:ITSDigitWriter]: Successfully removed 'fmq_ca2969e8_mng'.
[2104:ITSDigitWriter]: Successfully removed 'fmq_ca2969e8_mtx'.
[2104:ITSDigitWriter]: Successfully removed 'fmq_ca2969e8_cv'.
[2104:ITSDigitWriter]: [18:48:49][STATE] RESETTING DEVICE ---> IDLE
[2104:ITSDigitWriter]: [18:48:49][STATE] IDLE ---> EXITING
[2104:ITSDigitWriter]: [18:48:49][STATE] Exiting FairMQ state machine
[INFO] Dumping used configuration in dpl-config.json

==============================================================================================
3. Tracking
[INFO] Initialising O2 Data Processing Layer
[INFO] O2 Data Processing Layer initialised. We brake for nobody.
[INFO] Optimised build. O2DEBUG / LOG(DEBUG) / LOGF(DEBUG) / assert statement will not be shown.
[INFO] Redeployment of configuration asked.
[INFO] Starting internal-dpl-clock on pid 3183
[INFO] Starting its-digit-reader on pid 3184
[INFO] Starting its-clusterer on pid 3185
[INFO] Starting its-cluster-writer on pid 3186
[INFO] Starting its-tracker on pid 3187
[INFO] Starting its-track-writer on pid 3188
[INFO] Redeployment of configuration done.
[3188:its-track-writer]: [INFO] Spawing new device its-track-writer in process with pid 3188
[3187:its-tracker]: [INFO] Spawing new device its-tracker in process with pid 3187
[3186:its-cluster-writer]: [INFO] Spawing new device its-cluster-writer in process with pid 3186
[3185:its-clusterer]: [INFO] Spawing new device its-clusterer in process with pid 3185
[3184:its-digit-reader]: [INFO] Spawing new device its-digit-reader in process with pid 3184
[3188:its-track-writer]: [18:51:13][INFO] 
[3188:its-track-writer]:       ______      _    _______  _________ 
[3188:its-track-writer]:      / ____/___ _(_)_______   |/  /_  __ \    version 1.4.29
[3188:its-track-writer]:     / /_  / __ `/ / ___/__  /|_/ /_  / / /    build RELWITHDEBINFO
[3188:its-track-writer]:    / __/ / /_/ / / /    _  /  / / / /_/ /     https://github.com/FairRootGroup/FairMQ
[3188:its-track-writer]:   /_/    \__,_/_/_/     /_/  /_/  \___\_\     LGPL-3.0  © 2012-2020 GSI
[3188:its-track-writer]: 
[3186:its-cluster-writer]: [18:51:13][INFO] 
[3186:its-cluster-writer]:       ______      _    _______  _________ 
[3186:its-cluster-writer]:      / ____/___ _(_)_______   |/  /_  __ \    version 1.4.29
[3186:its-cluster-writer]:     / /_  / __ `/ / ___/__  /|_/ /_  / / /    build RELWITHDEBINFO
[3186:its-cluster-writer]:    / __/ / /_/ / / /    _  /  / / / /_/ /     https://github.com/FairRootGroup/FairMQ
[3186:its-cluster-writer]:   /_/    \__,_/_/_/     /_/  /_/  \___\_\     LGPL-3.0  © 2012-2020 GSI
[3186:its-cluster-writer]: 
[3186:its-cluster-writer]: [18:51:13][STATE] Starting FairMQ state machine --> IDLE
[3188:its-track-writer]: [18:51:13][STATE] Starting FairMQ state machine --> IDLE
[3183:internal-dpl-clock]: [INFO] Spawing new device internal-dpl-clock in process with pid 3183
[3185:its-clusterer]: [18:51:13][INFO] 
[3185:its-clusterer]:       ______      _    _______  _________ 
[3185:its-clusterer]:      / ____/___ _(_)_______   |/  /_  __ \    version 1.4.29
[3185:its-clusterer]:     / /_  / __ `/ / ___/__  /|_/ /_  / / /    build RELWITHDEBINFO
[3185:its-clusterer]:    / __/ / /_/ / / /    _  /  / / / /_/ /     https://github.com/FairRootGroup/FairMQ
[3185:its-clusterer]:   /_/    \__,_/_/_/     /_/  /_/  \___\_\     LGPL-3.0  © 2012-2020 GSI
[3185:its-clusterer]: 
[3184:its-digit-reader]: [18:51:13][INFO] 
[3184:its-digit-reader]:       ______      _    _______  _________ 
[3184:its-digit-reader]:      / ____/___ _(_)_______   |/  /_  __ \    version 1.4.29
[3184:its-digit-reader]:     / /_  / __ `/ / ___/__  /|_/ /_  / / /    build RELWITHDEBINFO
[3184:its-digit-reader]:    / __/ / /_/ / / /    _  /  / / / /_/ /     https://github.com/FairRootGroup/FairMQ
[3184:its-digit-reader]:   /_/    \__,_/_/_/     /_/  /_/  \___\_\     LGPL-3.0  © 2012-2020 GSI
[3184:its-digit-reader]: 
[3184:its-digit-reader]: [18:51:13][STATE] Starting FairMQ state machine --> IDLE
[3188:its-track-writer]: 2021-05-20 18:51:13	Monitoring	[0;49mStdOut backend initialized[0m
[3185:its-clusterer]: [18:51:13][STATE] Starting FairMQ state machine --> IDLE
[3186:its-cluster-writer]: 2021-05-20 18:51:13	Monitoring	[0;49mStdOut backend initialized[0m
[3187:its-tracker]: [18:51:13][INFO] 
[3187:its-tracker]:       ______      _    _______  _________ 
[3187:its-tracker]:      / ____/___ _(_)_______   |/  /_  __ \    version 1.4.29
[3187:its-tracker]:     / /_  / __ `/ / ___/__  /|_/ /_  / / /    build RELWITHDEBINFO
[3187:its-tracker]:    / __/ / /_/ / / /    _  /  / / / /_/ /     https://github.com/FairRootGroup/FairMQ
[3187:its-tracker]:   /_/    \__,_/_/_/     /_/  /_/  \___\_\     LGPL-3.0  © 2012-2020 GSI
[3187:its-tracker]: 
[3187:its-tracker]: [18:51:13][STATE] Starting FairMQ state machine --> IDLE
[3183:internal-dpl-clock]: [18:51:13][INFO] 
[3183:internal-dpl-clock]:       ______      _    _______  _________ 
[3183:internal-dpl-clock]:      / ____/___ _(_)_______   |/  /_  __ \    version 1.4.29
[3183:internal-dpl-clock]:     / /_  / __ `/ / ___/__  /|_/ /_  / / /    build RELWITHDEBINFO
[3183:internal-dpl-clock]:    / __/ / /_/ / / /    _  /  / / / /_/ /     https://github.com/FairRootGroup/FairMQ
[3183:internal-dpl-clock]:   /_/    \__,_/_/_/     /_/  /_/  \___\_\     LGPL-3.0  © 2012-2020 GSI
[3183:internal-dpl-clock]: 
[3183:internal-dpl-clock]: [18:51:13][STATE] Starting FairMQ state machine --> IDLE
[3183:internal-dpl-clock]: 2021-05-20 18:51:13	Monitoring	[0;49mStdOut backend initialized[0m
[3183:internal-dpl-clock]: [18:51:13][STATE] IDLE ---> INITIALIZING DEVICE
[3183:internal-dpl-clock]: 2021-05-20 18:51:13	Monitoring	[0;49mBuffering enabled (100)[0m
[3183:internal-dpl-clock]: [18:51:13][STATE] INITIALIZING DEVICE ---> INITIALIZED
[3183:internal-dpl-clock]: [18:51:13][STATE] INITIALIZED ---> BINDING
[3183:internal-dpl-clock]: [18:51:13][STATE] BINDING ---> BOUND
[3183:internal-dpl-clock]: [18:51:13][STATE] BOUND ---> CONNECTING
[3183:internal-dpl-clock]: [18:51:13][STATE] CONNECTING ---> DEVICE READY
[3183:internal-dpl-clock]: [18:51:13][STATE] DEVICE READY ---> INITIALIZING TASK
[3183:internal-dpl-clock]: [18:51:13][STATE] INITIALIZING TASK ---> READY
[3183:internal-dpl-clock]: [18:51:13][STATE] READY ---> RUNNING
[3183:internal-dpl-clock]: [18:51:13][INFO] DEVICE: Running...
[3184:its-digit-reader]: 2021-05-20 18:51:13	Monitoring	[0;49mStdOut backend initialized[0m
[3184:its-digit-reader]: [18:51:13][STATE] IDLE ---> INITIALIZING DEVICE
[3184:its-digit-reader]: 2021-05-20 18:51:13	Monitoring	[0;49mBuffering enabled (100)[0m
[3185:its-clusterer]: 2021-05-20 18:51:13	Monitoring	[0;49mStdOut backend initialized[0m
[3185:its-clusterer]: [18:51:13][STATE] IDLE ---> INITIALIZING DEVICE
[3185:its-clusterer]: 2021-05-20 18:51:13	Monitoring	[0;49mBuffering enabled (100)[0m
[3186:its-cluster-writer]: [18:51:13][STATE] IDLE ---> INITIALIZING DEVICE
[3187:its-tracker]: 2021-05-20 18:51:13	Monitoring	[0;49mStdOut backend initialized[0m
[3187:its-tracker]: [18:51:13][STATE] IDLE ---> INITIALIZING DEVICE
[3187:its-tracker]: 2021-05-20 18:51:13	Monitoring	[0;49mBuffering enabled (100)[0m
[3187:its-tracker]: [18:51:13][INFO] Created GPUReconstruction instance for device type CPU (1) 
[3188:its-track-writer]: [18:51:13][STATE] IDLE ---> INITIALIZING DEVICE
[3185:its-clusterer]: [18:51:13][INFO] Dictionary ITSdictionary.bin is absent, ITSClusterer expects cluster patterns
[3185:its-clusterer]: [18:51:13][INFO] Clusterizer masks overflow pixels separated by < 406 BC and <= 0 in row/col
[3185:its-clusterer]: [18:51:13][INFO] Inclusive clusterization timing (w/o disk IO): Cpu: 0 Real: 0 s in 1 slots
[3185:its-clusterer]: [18:51:13][INFO] Threads output merging timing                : Cpu: 0 Real: 0 s in 1 slots
[3185:its-clusterer]: [18:51:13][STATE] INITIALIZING DEVICE ---> INITIALIZED
[3185:its-clusterer]: [18:51:13][STATE] INITIALIZED ---> BINDING
[3185:its-clusterer]: [18:51:13][STATE] BINDING ---> BOUND
[3185:its-clusterer]: [18:51:13][STATE] BOUND ---> CONNECTING
[3185:its-clusterer]: [18:51:13][STATE] CONNECTING ---> DEVICE READY
[3185:its-clusterer]: [18:51:13][STATE] DEVICE READY ---> INITIALIZING TASK
[3185:its-clusterer]: [18:51:13][STATE] INITIALIZING TASK ---> READY
[3185:its-clusterer]: [18:51:13][STATE] READY ---> RUNNING
[3185:its-clusterer]: [18:51:13][INFO] DEVICE: Running...
[3188:its-track-writer]: 2021-05-20 18:51:13	Monitoring	[0;49mBuffering enabled (100)[0m
[3188:its-track-writer]: [18:51:13][INFO] 0: branch  ITSTrack set up
[3188:its-track-writer]: [18:51:13][INFO] 1: branch  ITSTrackClusIdx set up
[3184:its-digit-reader]: [18:51:13][STATE] INITIALIZING DEVICE ---> INITIALIZED
[3184:its-digit-reader]: [18:51:13][STATE] INITIALIZED ---> BINDING
[3184:its-digit-reader]: [18:51:13][STATE] BINDING ---> BOUND
[3184:its-digit-reader]: [18:51:13][STATE] BOUND ---> CONNECTING
[3184:its-digit-reader]: [18:51:13][STATE] CONNECTING ---> DEVICE READY
[3184:its-digit-reader]: [18:51:13][STATE] DEVICE READY ---> INITIALIZING TASK
[3184:its-digit-reader]: [18:51:13][STATE] INITIALIZING TASK ---> READY
[3184:its-digit-reader]: [18:51:13][STATE] READY ---> RUNNING
[3184:its-digit-reader]: [18:51:13][INFO] DEVICE: Running...
[3188:its-track-writer]: [18:51:13][INFO] 2: branch  Vertices set up
[3188:its-track-writer]: [18:51:13][INFO] 3: branch  VerticesROF set up
[3188:its-track-writer]: [18:51:13][INFO] 4: branch  ITSTracksROF set up
[3188:its-track-writer]: [18:51:13][INFO] 5: branch  ITSTrackMCTruth set up
[3188:its-track-writer]: [18:51:13][INFO] 6: branch  ITSTracksMC2ROF set up
[3188:its-track-writer]: [18:51:13][STATE] INITIALIZING DEVICE ---> INITIALIZED
[3188:its-track-writer]: [18:51:13][STATE] INITIALIZED ---> BINDING
[3188:its-track-writer]: [18:51:13][STATE] BINDING ---> BOUND
[3188:its-track-writer]: [18:51:13][STATE] BOUND ---> CONNECTING
[3188:its-track-writer]: [18:51:13][STATE] CONNECTING ---> DEVICE READY
[3188:its-track-writer]: [18:51:13][STATE] DEVICE READY ---> INITIALIZING TASK
[3188:its-track-writer]: [18:51:13][STATE] INITIALIZING TASK ---> READY
[3188:its-track-writer]: [18:51:13][STATE] READY ---> RUNNING
[3188:its-track-writer]: [18:51:13][INFO] DEVICE: Running...
[3186:its-cluster-writer]: 2021-05-20 18:51:13	Monitoring	[0;49mBuffering enabled (100)[0m
[3186:its-cluster-writer]: [18:51:13][INFO] 0: branch  ITSClusterComp set up
[3186:its-cluster-writer]: [18:51:13][INFO] 1: branch  ITSClusterPatt set up
[3186:its-cluster-writer]: [18:51:13][INFO] 2: branch  ITSClustersROF set up
[3186:its-cluster-writer]: [18:51:13][INFO] 3: branch  ITSClusterMCTruth set up
[3186:its-cluster-writer]: [18:51:13][INFO] 4: branch  ITSClustersMC2ROF set up
[3186:its-cluster-writer]: [18:51:13][STATE] INITIALIZING DEVICE ---> INITIALIZED
[3186:its-cluster-writer]: [18:51:13][STATE] INITIALIZED ---> BINDING
[3186:its-cluster-writer]: [18:51:13][STATE] BINDING ---> BOUND
[3186:its-cluster-writer]: [18:51:13][STATE] BOUND ---> CONNECTING
[3186:its-cluster-writer]: [18:51:13][STATE] CONNECTING ---> DEVICE READY
[3186:its-cluster-writer]: [18:51:13][STATE] DEVICE READY ---> INITIALIZING TASK
[3186:its-cluster-writer]: [18:51:13][STATE] INITIALIZING TASK ---> READY
[3186:its-cluster-writer]: [18:51:13][STATE] READY ---> RUNNING
[3186:its-cluster-writer]: [18:51:13][INFO] DEVICE: Running...
[3187:its-tracker]: [18:51:13][INFO] MagneticField::Print: MagneticFieldMap:
[3187:its-tracker]: [18:51:13][INFO] MagneticField::Print: Solenoid (-1*)5 kG, Dipole ON (-1) 
[3187:its-tracker]: [18:51:13][INFO] MagneticField::Print: Machine B fields for p-p  beam (7000 GeV): QGrad: 22.0002 Dipole: 37.8781
[3187:its-tracker]: [18:51:13][INFO] MagneticField::Print: Uses Sol30_Dip6_Hole  of /cvmfs/alice.cern.ch/el7-x86_64/Packages/O2/nightly-20210129-1/share/Common/maps/mfchebKGI_sym.root
[3187:its-tracker]: Info in <TGeoGlobalMagField::SetField>: Global magnetic field set to <MagneticFieldMap>
[3187:its-tracker]: Info in <TGeoGlobalMagField::Lock>: Global magnetic field <MagneticFieldMap> is now locked
[3187:its-tracker]: [18:51:13][INFO] Loading geometry FAIRGeom from o2sim_geometry.root
[3187:its-tracker]: Info in <TGeoManager::CloseGeometry>: Geometry loaded from file...
[3187:its-tracker]: Info in <TGeoManager::SetTopVolume>: Top volume is cave. Master volume is cave
[3187:its-tracker]: Info in <TGeoNavigator::BuildCache>: --- Maximum geometry depth set to 100
[3187:its-tracker]: Info in <TGeoManager::CloseGeometry>: Voxelization retrieved from file
[3187:its-tracker]: Info in <TGeoManager::CountLevels>: max level = 9, max placements = 126
[3187:its-tracker]: Info in <TGeoManager::CloseGeometry>: 179840 nodes/ 399 volume UID's in FAIR geometry
[3187:its-tracker]: Info in <TGeoManager::CloseGeometry>: ----------------modeler ready----------------
[3187:its-tracker]: [18:51:14][INFO] Loading ITS T2L matrices from TGeo
[3184:its-digit-reader]: [18:51:14][INFO] ITSDigitReader pushed 1262677 digits, in 32 RO frames
[3185:its-clusterer]: [18:51:15][INFO] ITSClusterer pulled 1262677 digits, in 32 RO frames
[3185:its-clusterer]: [18:51:15][INFO] ITSClusterer pulled 1270676 labels 
[3187:its-tracker]: [18:51:15][WARN] It is faster to use 2D rotation for T2G instead of full Transform3D matrices
[3187:its-tracker]: [18:51:15][INFO] Loading ITS T2G matrices from TGeo
[3185:its-clusterer]: [18:51:15][INFO] ITSClusterer pushed 250088 clusters, in 32 RO frames
[3186:its-cluster-writer]: [18:51:15][INFO] ITSClusterWriter pulled 250088 clusters, in 32 RO frames
[3187:its-tracker]: [18:51:15][INFO] Loading ITS T2G rotation 2D matrices
[3187:its-tracker]: [18:51:15][INFO] Initializing tracker in sync. phase reconstruction with 1 passes
[3187:its-tracker]: [18:51:15][INFO] Not using lookup table for material budget approximation
[3187:its-tracker]: [18:51:15][INFO] Dictionary ITSdictionary.bin is absent, Tracker expects cluster patterns
[3187:its-tracker]: [18:51:15][STATE] INITIALIZING DEVICE ---> INITIALIZED
[3187:its-tracker]: [18:51:15][STATE] INITIALIZED ---> BINDING
[3187:its-tracker]: [18:51:15][STATE] BINDING ---> BOUND
[3187:its-tracker]: [18:51:15][STATE] BOUND ---> CONNECTING
[3187:its-tracker]: [18:51:15][STATE] CONNECTING ---> DEVICE READY
[3187:its-tracker]: [18:51:15][STATE] DEVICE READY ---> INITIALIZING TASK
[3187:its-tracker]: [18:51:15][STATE] INITIALIZING TASK ---> READY
[3187:its-tracker]: [18:51:15][STATE] READY ---> RUNNING
[3187:its-tracker]: [18:51:15][INFO] DEVICE: Running...
[3187:its-tracker]: [18:51:15][INFO] ITSTracker pulled 250088 clusters, 32 RO frames
[3187:its-tracker]: [18:51:15][INFO] 250088 MC label objects , in 10 MC events
[3187:its-tracker]: [18:51:15][INFO] ITSTracker RO: continuous=1
[3187:its-tracker]: [18:51:15][INFO] Loading ITS L2G matrices from TGeo
[3187:its-tracker]: [18:51:15][INFO] ROframe: 0, clusters loaded : 1283
[3187:its-tracker]:  - Vertexer initialisation completed in: 0.27308 ms
[3187:its-tracker]:  - Tracklet finding completed in: 0.014233 ms
[3187:its-tracker]:  - Adjacent tracklets validation completed in: 0.005457 ms
[3187:its-tracker]:  - Vertex finding completed in: 0.01033 ms
[3187:its-tracker]: [18:51:15][INFO] Found tracks: 0
[3187:its-tracker]: [18:51:15][INFO] ROframe: 1, clusters loaded : 1267
[3187:its-tracker]:  - Vertexer initialisation completed in: 0.263347 ms
[3187:its-tracker]:  - Tracklet finding completed in: 0.043643 ms
[3187:its-tracker]:  - Adjacent tracklets validation completed in: 0.000491 ms
[3187:its-tracker]:  - Vertex finding completed in: 0.000698 ms
[3187:its-tracker]: [18:51:15][INFO] Found tracks: 0
[3187:its-tracker]: [18:51:15][INFO] ROframe: 2, clusters loaded : 1323
[3187:its-tracker]:  - Vertexer initialisation completed in: 0.205158 ms
[3187:its-tracker]:  - Tracklet finding completed in: 0.002604 ms
[3187:its-tracker]:  - Adjacent tracklets validation completed in: 0.000421 ms
[3187:its-tracker]:  - Vertex finding completed in: 0.000589 ms
[3187:its-tracker]: [18:51:15][INFO] Found tracks: 0
[3187:its-tracker]: [18:51:15][INFO] ROframe: 3, clusters loaded : 1229
[3187:its-tracker]:  - Vertexer initialisation completed in: 0.250877 ms
[3187:its-tracker]:  - Tracklet finding completed in: 0.00156 ms
[3187:its-tracker]:  - Adjacent tracklets validation completed in: 0.000484 ms
[3187:its-tracker]:  - Vertex finding completed in: 0.000471 ms
[3187:its-tracker]: [18:51:15][INFO] Found tracks: 0
[3187:its-tracker]: [18:51:15][INFO] ROframe: 4, clusters loaded : 1245
[3187:its-tracker]:  - Vertexer initialisation completed in: 0.229601 ms
[3187:its-tracker]:  - Tracklet finding completed in: 0.002022 ms
[3187:its-tracker]:  - Adjacent tracklets validation completed in: 0.000387 ms
[3187:its-tracker]:  - Vertex finding completed in: 0.000654 ms
[3187:its-tracker]: [18:51:15][INFO] Found tracks: 0
[3187:its-tracker]: [18:51:15][INFO] ROframe: 5, clusters loaded : 1248
[3187:its-tracker]:  - Vertexer initialisation completed in: 0.190023 ms
[3187:its-tracker]:  - Tracklet finding completed in: 0.002156 ms
[3187:its-tracker]:  - Adjacent tracklets validation completed in: 0.000366 ms
[3187:its-tracker]:  - Vertex finding completed in: 0.00052 ms
[3187:its-tracker]: [18:51:15][INFO] Found tracks: 0
[3187:its-tracker]: [18:51:15][INFO] ROframe: 6, clusters loaded : 1259
[3187:its-tracker]:  - Vertexer initialisation completed in: 0.217217 ms
[3187:its-tracker]:  - Tracklet finding completed in: 0.002521 ms
[3187:its-tracker]:  - Adjacent tracklets validation completed in: 0.000492 ms
[3187:its-tracker]:  - Vertex finding completed in: 0.000672 ms
[3187:its-tracker]: [18:51:15][INFO] Found tracks: 0
[3187:its-tracker]: [18:51:15][INFO] ROframe: 7, clusters loaded : 1258
[3187:its-tracker]:  - Vertexer initialisation completed in: 0.21025 ms
[3187:its-tracker]:  - Tracklet finding completed in: 0.002084 ms
[3187:its-tracker]:  - Adjacent tracklets validation completed in: 0.000511 ms
[3187:its-tracker]:  - Vertex finding completed in: 0.000543 ms
[3187:its-tracker]: [18:51:15][INFO] Found tracks: 0
[3187:its-tracker]: [18:51:15][INFO] ROframe: 8, clusters loaded : 1247
[3187:its-tracker]:  - Vertexer initialisation completed in: 0.183656 ms
[3187:its-tracker]:  - Tracklet finding completed in: 0.005497 ms
[3187:its-tracker]:  - Adjacent tracklets validation completed in: 0.000454 ms
[3187:its-tracker]:  - Vertex finding completed in: 0.00067 ms
[3187:its-tracker]: [18:51:15][INFO] Found tracks: 0
[3187:its-tracker]: [18:51:15][INFO] ROframe: 9, clusters loaded : 1249
[3187:its-tracker]:  - Vertexer initialisation completed in: 0.192528 ms
[3187:its-tracker]:  - Tracklet finding completed in: 0.002825 ms
[3187:its-tracker]:  - Adjacent tracklets validation completed in: 0.000483 ms
[3187:its-tracker]:  - Vertex finding completed in: 0.000589 ms
[3187:its-tracker]: [18:51:15][INFO] Found tracks: 0
[3187:its-tracker]: [18:51:15][INFO] ROframe: 10, clusters loaded : 70186
[3187:its-tracker]:  - Vertexer initialisation completed in: 5.16656 ms
[3187:its-tracker]:  - Tracklet finding completed in: 30.545 ms
[3187:its-tracker]:  - Adjacent tracklets validation completed in: 7.74363 ms
[3187:its-tracker]:  - Vertex finding completed in: 0.763458 ms
[3187:its-tracker]: 		Found vertex with:   2339 contributors
[3187:its-tracker]: 		Found vertex with:   1260 contributors
[3187:its-tracker]:  - Context initialisation completed in: 4.38776 ms
[3187:its-tracker]:  - Tracklet finding completed in: 39.2386 ms
[3187:its-tracker]:  - Cell finding completed in: 26.8216 ms
[3187:its-tracker]:  - Neighbour finding completed in: 1.87904 ms
[3187:its-tracker]:  - Road finding completed in: 0.77992 ms
[3187:its-tracker]:  - Track finding completed in: 29.7758 ms
[3187:its-tracker]:  - Vertex processing completed in: 102.883ms
[3187:its-tracker]:  - Context initialisation completed in: 0.784303 ms
[3187:its-tracker]:  - Tracklet finding completed in: 29.0427 ms
[3187:its-tracker]:  - Cell finding completed in: 13.9862 ms
[3187:its-tracker]:  - Neighbour finding completed in: 0.694537 ms
[3187:its-tracker]:  - Road finding completed in: 0.172789 ms
[3187:its-tracker]:  - Track finding completed in: 10.7703 ms
[3187:its-tracker]:  - Vertex processing completed in: 55.4509ms
[3187:its-tracker]:  - Context initialisation completed in: 0.523107 ms
[3187:its-tracker]:  - Tracklet finding completed in: 24.7462 ms
[3187:its-tracker]:  - Cell finding completed in: 9.11793 ms
[3187:its-tracker]:  - Neighbour finding completed in: 0.59146 ms
[3187:its-tracker]:  - Road finding completed in: 0.003398 ms
[3187:its-tracker]:  - Track finding completed in: 0.000441 ms
[3187:its-tracker]:  - Vertex processing completed in: 34.9826ms
[3187:its-tracker]:  - Context initialisation completed in: 0.4705 ms
[3187:its-tracker]:  - Tracklet finding completed in: 30.5026 ms
[3187:its-tracker]:  - Cell finding completed in: 10.2347 ms
[3187:its-tracker]:  - Neighbour finding completed in: 0.214706 ms
[3187:its-tracker]:  - Road finding completed in: 0.001277 ms
[3187:its-tracker]:  - Track finding completed in: 0.000436 ms
[3187:its-tracker]:  - Vertex processing completed in: 41.4243ms
[3187:its-tracker]: [18:51:16][INFO] Found tracks: 2998
[3187:its-tracker]: [18:51:16][INFO] ROframe: 11, clusters loaded : 1475
[3187:its-tracker]:  - Vertexer initialisation completed in: 0.150712 ms
[3187:its-tracker]:  - Tracklet finding completed in: 0.00932 ms
[3187:its-tracker]:  - Adjacent tracklets validation completed in: 0.001873 ms
[3187:its-tracker]:  - Vertex finding completed in: 0.007214 ms
[3187:its-tracker]: 		Found vertex with:     13 contributors
[3187:its-tracker]:  - Context initialisation completed in: 1.03624 ms
[3187:its-tracker]:  - Tracklet finding completed in: 0.147637 ms
[3187:its-tracker]:  - Cell finding completed in: 0.008391 ms
[3187:its-tracker]:  - Neighbour finding completed in: 0.004772 ms
[3187:its-tracker]:  - Road finding completed in: 0.002184 ms
[3187:its-tracker]:  - Track finding completed in: 0.100032 ms
[3187:its-tracker]:  - Vertex processing completed in: 1.29926ms
[3187:its-tracker]:  - Context initialisation completed in: 0.003314 ms
[3187:its-tracker]:  - Tracklet finding completed in: 0.100098 ms
[3187:its-tracker]:  - Cell finding completed in: 0.00523 ms
[3187:its-tracker]:  - Neighbour finding completed in: 0.001382 ms
[3187:its-tracker]:  - Road finding completed in: 7.1e-05 ms
[3187:its-tracker]:  - Track finding completed in: 0.000118 ms
[3187:its-tracker]:  - Vertex processing completed in: 0.110213ms
[3187:its-tracker]: [18:51:16][INFO] Found tracks: 8
[3187:its-tracker]: [18:51:16][INFO] ROframe: 12, clusters loaded : 1437
[3187:its-tracker]:  - Vertexer initialisation completed in: 0.12839 ms
[3187:its-tracker]:  - Tracklet finding completed in: 0.006825 ms
[3187:its-tracker]:  - Adjacent tracklets validation completed in: 0.001228 ms
[3187:its-tracker]:  - Vertex finding completed in: 0.006192 ms
[3187:its-tracker]: 		Found vertex with:      6 contributors
[3187:its-tracker]:  - Context initialisation completed in: 0.948283 ms
[3187:its-tracker]:  - Tracklet finding completed in: 0.110613 ms
[3187:its-tracker]:  - Cell finding completed in: 0.005264 ms
[3187:its-tracker]:  - Neighbour finding completed in: 0.004362 ms
[3187:its-tracker]:  - Road finding completed in: 0.001638 ms
[3187:its-tracker]:  - Track finding completed in: 0.066288 ms
[3187:its-tracker]:  - Vertex processing completed in: 1.13645ms
[3187:its-tracker]:  - Context initialisation completed in: 0.002781 ms
[3187:its-tracker]:  - Tracklet finding completed in: 0.093843 ms
[3187:its-tracker]:  - Cell finding completed in: 0.002695 ms
[3187:its-tracker]:  - Neighbour finding completed in: 0.001445 ms
[3187:its-tracker]:  - Road finding completed in: 0.000105 ms
[3187:its-tracker]:  - Track finding completed in: 0.000119 ms
[3187:its-tracker]:  - Vertex processing completed in: 0.100988ms
[3187:its-tracker]: [18:51:16][INFO] Found tracks: 5
[3187:its-tracker]: [18:51:16][INFO] ROframe: 13, clusters loaded : 1259
[3187:its-tracker]:  - Vertexer initialisation completed in: 0.134055 ms
[3187:its-tracker]:  - Tracklet finding completed in: 0.001211 ms
[3187:its-tracker]:  - Adjacent tracklets validation completed in: 0.000414 ms
[3187:its-tracker]:  - Vertex finding completed in: 0.000571 ms
[3187:its-tracker]: [18:51:16][INFO] Found tracks: 0
[3187:its-tracker]: [18:51:16][INFO] ROframe: 14, clusters loaded : 1314
[3187:its-tracker]:  - Vertexer initialisation completed in: 0.12614 ms
[3187:its-tracker]:  - Tracklet finding completed in: 0.000976 ms
[3187:its-tracker]:  - Adjacent tracklets validation completed in: 0.000197 ms
[3187:its-tracker]:  - Vertex finding completed in: 0.00022 ms
[3187:its-tracker]: [18:51:16][INFO] Found tracks: 0
[3187:its-tracker]: [18:51:16][INFO] ROframe: 15, clusters loaded : 1277
[3187:its-tracker]:  - Vertexer initialisation completed in: 0.126249 ms
[3187:its-tracker]:  - Tracklet finding completed in: 0.000692 ms
[3187:its-tracker]:  - Adjacent tracklets validation completed in: 0.000139 ms
[3187:its-tracker]:  - Vertex finding completed in: 0.000229 ms
[3187:its-tracker]: [18:51:16][INFO] Found tracks: 0
[3187:its-tracker]: [18:51:16][INFO] ROframe: 16, clusters loaded : 1231
[3187:its-tracker]:  - Vertexer initialisation completed in: 0.116924 ms
[3187:its-tracker]:  - Tracklet finding completed in: 0.000573 ms
[3187:its-tracker]:  - Adjacent tracklets validation completed in: 0.000113 ms
[3187:its-tracker]:  - Vertex finding completed in: 0.000126 ms
[3187:its-tracker]: [18:51:16][INFO] Found tracks: 0
[3187:its-tracker]: [18:51:16][INFO] ROframe: 17, clusters loaded : 1267
[3187:its-tracker]:  - Vertexer initialisation completed in: 0.130035 ms
[3187:its-tracker]:  - Tracklet finding completed in: 0.000582 ms
[3187:its-tracker]:  - Adjacent tracklets validation completed in: 0.000174 ms
[3187:its-tracker]:  - Vertex finding completed in: 0.000246 ms
[3187:its-tracker]: [18:51:16][INFO] Found tracks: 0
[3187:its-tracker]: [18:51:16][INFO] ROframe: 18, clusters loaded : 1234
[3187:its-tracker]:  - Vertexer initialisation completed in: 0.127858 ms
[3187:its-tracker]:  - Tracklet finding completed in: 0.001095 ms
[3187:its-tracker]:  - Adjacent tracklets validation completed in: 0.000283 ms
[3187:its-tracker]:  - Vertex finding completed in: 0.000322 ms
[3187:its-tracker]: [18:51:16][INFO] Found tracks: 0
[3187:its-tracker]: [18:51:16][INFO] ROframe: 19, clusters loaded : 1847
[3187:its-tracker]:  - Vertexer initialisation completed in: 0.136505 ms
[3187:its-tracker]:  - Tracklet finding completed in: 0.029847 ms
[3187:its-tracker]:  - Adjacent tracklets validation completed in: 0.002793 ms
[3187:its-tracker]:  - Vertex finding completed in: 0.009004 ms
[3187:its-tracker]: 		Found vertex with:     18 contributors
[3187:its-tracker]:  - Context initialisation completed in: 0.949888 ms
[3187:its-tracker]:  - Tracklet finding completed in: 0.182625 ms
[3187:its-tracker]:  - Cell finding completed in: 0.016636 ms
[3187:its-tracker]:  - Neighbour finding completed in: 0.013273 ms
[3187:its-tracker]:  - Road finding completed in: 0.003584 ms
[3187:its-tracker]:  - Track finding completed in: 0.130078 ms
[3187:its-tracker]:  - Vertex processing completed in: 1.29608ms
[3187:its-tracker]:  - Context initialisation completed in: 0.005358 ms
[3187:its-tracker]:  - Tracklet finding completed in: 0.140195 ms
[3187:its-tracker]:  - Cell finding completed in: 0.010733 ms
[3187:its-tracker]:  - Neighbour finding completed in: 0.004693 ms
[3187:its-tracker]:  - Road finding completed in: 0.000116 ms
[3187:its-tracker]:  - Track finding completed in: 0.000132 ms
[3187:its-tracker]:  - Vertex processing completed in: 0.161227ms
[3187:its-tracker]: [18:51:16][INFO] Found tracks: 16
[3187:its-tracker]: [18:51:16][INFO] ROframe: 20, clusters loaded : 36172
[3187:its-tracker]:  - Vertexer initialisation completed in: 1.59653 ms
[3187:its-tracker]:  - Tracklet finding completed in: 5.03731 ms
[3187:its-tracker]:  - Adjacent tracklets validation completed in: 1.40384 ms
[3187:its-tracker]:  - Vertex finding completed in: 0.234842 ms
[3187:its-tracker]: 		Found vertex with:   1856 contributors
[3187:its-tracker]:  - Context initialisation completed in: 1.94673 ms
[3187:its-tracker]:  - Tracklet finding completed in: 16.4749 ms
[3187:its-tracker]:  - Cell finding completed in: 9.83237 ms
[3187:its-tracker]:  - Neighbour finding completed in: 1.44507 ms
[3187:its-tracker]:  - Road finding completed in: 0.473458 ms
[3187:its-tracker]:  - Track finding completed in: 24.82 ms
[3187:its-tracker]:  - Vertex processing completed in: 54.9925ms
[3187:its-tracker]:  - Context initialisation completed in: 0.544473 ms
[3187:its-tracker]:  - Tracklet finding completed in: 11.784 ms
[3187:its-tracker]:  - Cell finding completed in: 3.49814 ms
[3187:its-tracker]:  - Neighbour finding completed in: 0.351315 ms
[3187:its-tracker]:  - Road finding completed in: 0.002747 ms
[3187:its-tracker]:  - Track finding completed in: 0.000682 ms
[3187:its-tracker]:  - Vertex processing completed in: 16.1814ms
[3187:its-tracker]: [18:51:16][INFO] Found tracks: 1550
[3187:its-tracker]: [18:51:16][INFO] ROframe: 21, clusters loaded : 49064
[3187:its-tracker]:  - Vertexer initialisation completed in: 3.06433 ms
[3187:its-tracker]:  - Tracklet finding completed in: 11.9711 ms
[3187:its-tracker]:  - Adjacent tracklets validation completed in: 2.91506 ms
[3187:its-tracker]:  - Vertex finding completed in: 0.391975 ms
[3187:its-tracker]: 		Found vertex with:   2569 contributors
[3187:its-tracker]:  - Context initialisation completed in: 2.54524 ms
[3187:its-tracker]:  - Tracklet finding completed in: 21.3268 ms
[3187:its-tracker]:  - Cell finding completed in: 14.7806 ms
[3187:its-tracker]:  - Neighbour finding completed in: 1.42754 ms
[3187:its-tracker]:  - Road finding completed in: 0.515055 ms
[3187:its-tracker]:  - Track finding completed in: 23.4034 ms
[3187:its-tracker]:  - Vertex processing completed in: 63.9986ms
[3187:its-tracker]:  - Context initialisation completed in: 0.607167 ms
[3187:its-tracker]:  - Tracklet finding completed in: 13.9204 ms
[3187:its-tracker]:  - Cell finding completed in: 4.63428 ms
[3187:its-tracker]:  - Neighbour finding completed in: 0.334272 ms
[3187:its-tracker]:  - Road finding completed in: 0.002207 ms
[3187:its-tracker]:  - Track finding completed in: 0.000603 ms
[3187:its-tracker]:  - Vertex processing completed in: 19.4989ms
[3187:its-tracker]: [18:51:16][INFO] Found tracks: 2214
[3187:its-tracker]: [18:51:16][INFO] ROframe: 22, clusters loaded : 24847
[3187:its-tracker]:  - Vertexer initialisation completed in: 1.16442 ms
[3187:its-tracker]:  - Tracklet finding completed in: 2.83552 ms
[3187:its-tracker]:  - Adjacent tracklets validation completed in: 0.525738 ms
[3187:its-tracker]:  - Vertex finding completed in: 0.028263 ms
[3187:its-tracker]: 		Found vertex with:     56 contributors
[3187:its-tracker]:  - Context initialisation completed in: 1.72692 ms
[3187:its-tracker]:  - Tracklet finding completed in: 6.85501 ms
[3187:its-tracker]:  - Cell finding completed in: 1.67491 ms
[3187:its-tracker]:  - Neighbour finding completed in: 0.049563 ms
[3187:its-tracker]:  - Road finding completed in: 0.003228 ms
[3187:its-tracker]:  - Track finding completed in: 0.19013 ms
[3187:its-tracker]:  - Vertex processing completed in: 10.4998ms
[3187:its-tracker]:  - Context initialisation completed in: 0.067642 ms
[3187:its-tracker]:  - Tracklet finding completed in: 6.91132 ms
[3187:its-tracker]:  - Cell finding completed in: 1.71898 ms
[3187:its-tracker]:  - Neighbour finding completed in: 0.051559 ms
[3187:its-tracker]:  - Road finding completed in: 0.000895 ms
[3187:its-tracker]:  - Track finding completed in: 0.000799 ms
[3187:its-tracker]:  - Vertex processing completed in: 8.75119ms
[3187:its-tracker]: [18:51:16][INFO] Found tracks: 6
[3187:its-tracker]: [18:51:16][INFO] ROframe: 23, clusters loaded : 1384
[3187:its-tracker]:  - Vertexer initialisation completed in: 0.170876 ms
[3187:its-tracker]:  - Tracklet finding completed in: 0.00338 ms
[3187:its-tracker]:  - Adjacent tracklets validation completed in: 0.000733 ms
[3187:its-tracker]:  - Vertex finding completed in: 0.000766 ms
[3187:its-tracker]: [18:51:16][INFO] Found tracks: 0
[3187:its-tracker]: [18:51:16][INFO] ROframe: 24, clusters loaded : 1284
[3187:its-tracker]:  - Vertexer initialisation completed in: 0.121422 ms
[3187:its-tracker]:  - Tracklet finding completed in: 0.001568 ms
[3187:its-tracker]:  - Adjacent tracklets validation completed in: 0.000293 ms
[3187:its-tracker]:  - Vertex finding completed in: 0.000185 ms
[3187:its-tracker]: [18:51:16][INFO] Found tracks: 0
[3187:its-tracker]: [18:51:16][INFO] ROframe: 25, clusters loaded : 1226
[3187:its-tracker]:  - Vertexer initialisation completed in: 0.123494 ms
[3187:its-tracker]:  - Tracklet finding completed in: 0.000979 ms
[3187:its-tracker]:  - Adjacent tracklets validation completed in: 0.000227 ms
[3187:its-tracker]:  - Vertex finding completed in: 0.000224 ms
[3187:its-tracker]: [18:51:16][INFO] Found tracks: 0
[3187:its-tracker]: [18:51:16][INFO] ROframe: 26, clusters loaded : 1259
[3187:its-tracker]:  - Vertexer initialisation completed in: 0.131319 ms
[3187:its-tracker]:  - Tracklet finding completed in: 0.000539 ms
[3187:its-tracker]:  - Adjacent tracklets validation completed in: 0.000141 ms
[3187:its-tracker]:  - Vertex finding completed in: 0.000109 ms
[3187:its-tracker]: [18:51:16][INFO] Found tracks: 0
[3187:its-tracker]: [18:51:16][INFO] ROframe: 27, clusters loaded : 1241
[3187:its-tracker]:  - Vertexer initialisation completed in: 0.130752 ms
[3187:its-tracker]:  - Tracklet finding completed in: 0.000774 ms
[3187:its-tracker]:  - Adjacent tracklets validation completed in: 0.000315 ms
[3187:its-tracker]:  - Vertex finding completed in: 0.000328 ms
[3187:its-tracker]: [18:51:16][INFO] Found tracks: 0
[3187:its-tracker]: [18:51:16][INFO] ROframe: 28, clusters loaded : 32380
[3187:its-tracker]:  - Vertexer initialisation completed in: 1.40196 ms
[3187:its-tracker]:  - Tracklet finding completed in: 4.14983 ms
[3187:its-tracker]:  - Adjacent tracklets validation completed in: 1.05303 ms
[3187:its-tracker]:  - Vertex finding completed in: 0.226359 ms
[3187:its-tracker]: 		Found vertex with:    988 contributors
[3187:its-tracker]: 		Found vertex with:    659 contributors
[3187:its-tracker]:  - Context initialisation completed in: 1.91538 ms
[3187:its-tracker]:  - Tracklet finding completed in: 10.9302 ms
[3187:its-tracker]:  - Cell finding completed in: 5.04433 ms
[3187:its-tracker]:  - Neighbour finding completed in: 0.483822 ms
[3187:its-tracker]:  - Road finding completed in: 0.121984 ms
[3187:its-tracker]:  - Track finding completed in: 8.76814 ms
[3187:its-tracker]:  - Vertex processing completed in: 27.2639ms
[3187:its-tracker]:  - Context initialisation completed in: 0.229689 ms
[3187:its-tracker]:  - Tracklet finding completed in: 8.71685 ms
[3187:its-tracker]:  - Cell finding completed in: 2.34934 ms
[3187:its-tracker]:  - Neighbour finding completed in: 0.247369 ms
[3187:its-tracker]:  - Road finding completed in: 0.068637 ms
[3187:its-tracker]:  - Track finding completed in: 5.63096 ms
[3187:its-tracker]:  - Vertex processing completed in: 17.2428ms
[3187:its-tracker]:  - Context initialisation completed in: 0.168301 ms
[3187:its-tracker]:  - Tracklet finding completed in: 7.49467 ms
[3187:its-tracker]:  - Cell finding completed in: 1.62324 ms
[3187:its-tracker]:  - Neighbour finding completed in: 0.160021 ms
[3187:its-tracker]:  - Road finding completed in: 0.001088 ms
[3187:its-tracker]:  - Track finding completed in: 0.000462 ms
[3187:its-tracker]:  - Vertex processing completed in: 9.44779ms
[3187:its-tracker]:  - Context initialisation completed in: 0.103559 ms
[3187:its-tracker]:  - Tracklet finding completed in: 7.3074 ms
[3187:its-tracker]:  - Cell finding completed in: 1.29365 ms
[3187:its-tracker]:  - Neighbour finding completed in: 0.098652 ms
[3187:its-tracker]:  - Road finding completed in: 0.00073 ms
[3187:its-tracker]:  - Track finding completed in: 0.000358 ms
[3187:its-tracker]:  - Vertex processing completed in: 8.80435ms
[3187:its-tracker]: [18:51:16][INFO] Found tracks: 1368
[3187:its-tracker]: [18:51:16][INFO] ROframe: 29, clusters loaded : 1227
[3187:its-tracker]:  - Vertexer initialisation completed in: 0.153635 ms
[3187:its-tracker]:  - Tracklet finding completed in: 0.002242 ms
[3187:its-tracker]:  - Adjacent tracklets validation completed in: 0.00082 ms
[3187:its-tracker]:  - Vertex finding completed in: 0.000836 ms
[3187:its-tracker]: [18:51:16][INFO] Found tracks: 0
[3187:its-tracker]: [18:51:16][INFO] ROframe: 30, clusters loaded : 3613
[3187:its-tracker]:  - Vertexer initialisation completed in: 0.207545 ms
[3187:its-tracker]:  - Tracklet finding completed in: 0.077779 ms
[3187:its-tracker]:  - Adjacent tracklets validation completed in: 0.014778 ms
[3187:its-tracker]:  - Vertex finding completed in: 0.017254 ms
[3187:its-tracker]: 		Found vertex with:    123 contributors
[3187:its-tracker]:  - Context initialisation completed in: 1.08077 ms
[3187:its-tracker]:  - Tracklet finding completed in: 0.518481 ms
[3187:its-tracker]:  - Cell finding completed in: 0.119917 ms
[3187:its-tracker]:  - Neighbour finding completed in: 0.043426 ms
[3187:its-tracker]:  - Road finding completed in: 0.011754 ms
[3187:its-tracker]:  - Track finding completed in: 0.831965 ms
[3187:its-tracker]:  - Vertex processing completed in: 2.60631ms
[3187:its-tracker]:  - Context initialisation completed in: 0.020039 ms
[3187:its-tracker]:  - Tracklet finding completed in: 0.366707 ms
[3187:its-tracker]:  - Cell finding completed in: 0.047632 ms
[3187:its-tracker]:  - Neighbour finding completed in: 0.013715 ms
[3187:its-tracker]:  - Road finding completed in: 0.000228 ms
[3187:its-tracker]:  - Track finding completed in: 0.000189 ms
[3187:its-tracker]:  - Vertex processing completed in: 0.44851ms
[3187:its-tracker]: [18:51:16][INFO] Found tracks: 107
[3187:its-tracker]: [18:51:16][INFO] ROframe: 31, clusters loaded : 1256
[3187:its-tracker]:  - Vertexer initialisation completed in: 0.125811 ms
[3187:its-tracker]:  - Tracklet finding completed in: 0.00144 ms
[3187:its-tracker]:  - Adjacent tracklets validation completed in: 0.000478 ms
[3187:its-tracker]:  - Vertex finding completed in: 0.000401 ms
[3187:its-tracker]: [18:51:16][INFO] Found tracks: 0
[3187:its-tracker]: [18:51:16][INFO] ITSTracker pushed 8272 tracks
[3187:its-tracker]: [18:51:16][INFO] ITS CA-Tracker total timing: Cpu: 8.100e-01 Real: 8.147e-01 s in 1 slots
[3188:its-track-writer]: [18:51:16][INFO] ITSTrackWriter pulled 8272 tracks, in 32 RO frames
[INFO] Quitting
[INFO] QUIT_REQUESTED
[3186:its-cluster-writer]: [18:51:16][INFO] Received device shutdown request (signal 15).
[3186:its-cluster-writer]: [18:51:16][INFO] Waiting for graceful device shutdown. Hit Ctrl-C again to abort immediately.
[3185:its-clusterer]: [18:51:16][INFO] Received device shutdown request (signal 15).
[3185:its-clusterer]: [18:51:16][INFO] Waiting for graceful device shutdown. Hit Ctrl-C again to abort immediately.
[3188:its-track-writer]: [18:51:16][INFO] Received device shutdown request (signal 15).
[3188:its-track-writer]: [18:51:16][INFO] Waiting for graceful device shutdown. Hit Ctrl-C again to abort immediately.
[3183:internal-dpl-clock]: [18:51:16][INFO] Received device shutdown request (signal 15).
[3183:internal-dpl-clock]: [18:51:16][INFO] Waiting for graceful device shutdown. Hit Ctrl-C again to abort immediately.
[3187:its-tracker]: [18:51:16][INFO] Received device shutdown request (signal 15).
[3187:its-tracker]: [18:51:16][INFO] Waiting for graceful device shutdown. Hit Ctrl-C again to abort immediately.
[3184:its-digit-reader]: [18:51:16][INFO] Received device shutdown request (signal 15).
[3184:its-digit-reader]: [18:51:16][INFO] Waiting for graceful device shutdown. Hit Ctrl-C again to abort immediately.
[3184:its-digit-reader]: [18:51:16][STATE] RUNNING ---> READY
[3184:its-digit-reader]: [18:51:16][STATE] READY ---> RESETTING TASK
[3184:its-digit-reader]: [18:51:16][STATE] RESETTING TASK ---> DEVICE READY
[3184:its-digit-reader]: [18:51:16][STATE] DEVICE READY ---> RESETTING DEVICE
[3184:its-digit-reader]: [18:51:16][STATE] RESETTING DEVICE ---> IDLE
[3184:its-digit-reader]: [18:51:16][STATE] IDLE ---> EXITING
[3184:its-digit-reader]: [18:51:16][STATE] Exiting FairMQ state machine
[3183:internal-dpl-clock]: [18:51:16][STATE] RUNNING ---> READY
[3187:its-tracker]: [18:51:16][STATE] RUNNING ---> READY
[3183:internal-dpl-clock]: [18:51:16][STATE] READY ---> RESETTING TASK
[3183:internal-dpl-clock]: [18:51:16][STATE] RESETTING TASK ---> DEVICE READY
[3183:internal-dpl-clock]: [18:51:16][STATE] DEVICE READY ---> RESETTING DEVICE
[3185:its-clusterer]: [18:51:16][STATE] RUNNING ---> READY
[3185:its-clusterer]: [18:51:16][STATE] READY ---> RESETTING TASK
[3185:its-clusterer]: [18:51:16][STATE] RESETTING TASK ---> DEVICE READY
[3185:its-clusterer]: [18:51:16][STATE] DEVICE READY ---> RESETTING DEVICE
[3187:its-tracker]: [18:51:16][STATE] READY ---> RESETTING TASK
[3187:its-tracker]: [18:51:16][STATE] RESETTING TASK ---> DEVICE READY
[3187:its-tracker]: [18:51:16][STATE] DEVICE READY ---> RESETTING DEVICE
[3185:its-clusterer]: [18:51:16][STATE] RESETTING DEVICE ---> IDLE
[3185:its-clusterer]: [18:51:16][STATE] IDLE ---> EXITING
[3185:its-clusterer]: [18:51:16][STATE] Exiting FairMQ state machine
[3183:internal-dpl-clock]: [18:51:16][STATE] RESETTING DEVICE ---> IDLE
[3183:internal-dpl-clock]: [18:51:16][STATE] IDLE ---> EXITING
[3183:internal-dpl-clock]: [18:51:16][STATE] Exiting FairMQ state machine
[3187:its-tracker]: [18:51:16][STATE] RESETTING DEVICE ---> IDLE
[3187:its-tracker]: [18:51:16][STATE] IDLE ---> EXITING
[3187:its-tracker]: [18:51:16][STATE] Exiting FairMQ state machine
[3186:its-cluster-writer]: [18:51:17][STATE] RUNNING ---> READY
[3186:its-cluster-writer]: [18:51:17][STATE] READY ---> RESETTING TASK
[3186:its-cluster-writer]: [18:51:17][STATE] RESETTING TASK ---> DEVICE READY
[3186:its-cluster-writer]: [18:51:17][STATE] DEVICE READY ---> RESETTING DEVICE
[3186:its-cluster-writer]: [18:51:17][STATE] RESETTING DEVICE ---> IDLE
[3186:its-cluster-writer]: [18:51:17][STATE] IDLE ---> EXITING
[3186:its-cluster-writer]: [18:51:17][STATE] Exiting FairMQ state machine
[3188:its-track-writer]: [18:51:17][STATE] RUNNING ---> READY
[3188:its-track-writer]: [18:51:17][STATE] READY ---> RESETTING TASK
[3188:its-track-writer]: [18:51:17][STATE] RESETTING TASK ---> DEVICE READY
[3188:its-track-writer]: [18:51:17][STATE] DEVICE READY ---> RESETTING DEVICE
[3188:its-track-writer]: Cleaning up for shared memory id '614b662f'...
[3188:its-track-writer]: No region counter found. No regions to cleanup.
[3188:its-track-writer]: Successfully removed 'fmq_614b662f_m_0'.
[3188:its-track-writer]: Successfully removed 'fmq_614b662f_mng'.
[3188:its-track-writer]: Successfully removed 'fmq_614b662f_mtx'.
[3188:its-track-writer]: Successfully removed 'fmq_614b662f_cv'.
[3188:its-track-writer]: [18:51:17][STATE] RESETTING DEVICE ---> IDLE
[3188:its-track-writer]: [18:51:17][STATE] IDLE ---> EXITING
[3188:its-track-writer]: [18:51:17][STATE] Exiting FairMQ state machine
[INFO] Dumping used configuration in dpl-config.json
