===============================
execute this script as follows:
./generate_its.sh system region nevents
where:
system = 1 -> pp
       = 2 -> Pb-Pb
region = 1 -> ITS only
       = 2 -> whole detector
===============================
will generate Pb-Pb events
will transport events in the ITS only
Will generate: 10 events
Moving to /eos/user/f/ftorales/its_data/alignment/lbnl_alice_alignment_tasks/2287089/2
/eos/user/f/ftorales/its_data/alignment/lbnl_alice_alignment_tasks/2287089/2

==============================================================================================
1. MC generation run
[INFO] Running with 6 sim workers 
[INFO] CREATING SIM SHARED MEM SEGMENT FOR 6 WORKERS
Spawning particle server on PID 996; Redirect output to o2sim_serverlog
Spawning sim worker 0 on PID 998; Redirect output to o2sim_workerlog0
Spawning hit merger on PID 999; Redirect output to o2sim_mergerlog
[INFO] DISTRIBUTING EVENT : 1
[INFO] EVENT FINISHED : 1
[INFO] DISTRIBUTING EVENT : 2
[INFO] EVENT FINISHED : 2
[INFO] DISTRIBUTING EVENT : 3
[INFO] EVENT FINISHED : 3
[INFO] DISTRIBUTING EVENT : 4
[INFO] EVENT FINISHED : 4
[INFO] DISTRIBUTING EVENT : 5
[INFO] EVENT FINISHED : 5
[INFO] DISTRIBUTING EVENT : 6
[INFO] EVENT FINISHED : 6
[INFO] DISTRIBUTING EVENT : 7
[INFO] EVENT FINISHED : 7
[INFO] DISTRIBUTING EVENT : 8
[INFO] EVENT FINISHED : 8
[INFO] DISTRIBUTING EVENT : 9
[INFO] EVENT FINISHED : 9
[INFO] DISTRIBUTING EVENT : 10
[INFO] EVENT FINISHED : 10
[INFO] Merger process 999 returned
[INFO] Simulation process took 74.9701 s
[INFO] SIMULATION RETURNED SUCCESFULLY

==============================================================================================
2. Hits to digits conversion
Run: 1621528497
Fill:      0
Period: 
LHC State: 
Start: Thu May 20 18:34:58 2021
End  : Thu May 20 18:34:59 2021
Beam0: Z:A =   0:  0, Energy = 0.000
Beam1: Z:A =   0:  0, Energy = 0.000
sqrt[s]    = 0.000
crossing angle (radian) = 0.000000e+00
magnet currents (A) L3 = -30000.000, Dipole = -6000
Detectors: Cont.RO Triggers
      ITS:    -       -    
[INFO] MC-TRUTH 1
[INFO] TPC: GEM setup - initialization from scratch
[INFO] TPC: GEM setup (polya) took 7.8
[INFO] TPC is in grp? no; is skipped? no
[INFO] ITS is in grp? yes; is skipped? no
[INFO] MFT is in grp? no; is skipped? no
[INFO] TOF is in grp? no; is skipped? no
[INFO] FT0 is in grp? no; is skipped? no
[INFO] FV0 is in grp? no; is skipped? no
[INFO] EMC is in grp? no; is skipped? no
[INFO] HMP is in grp? no; is skipped? no
[INFO] ZDC is in grp? no; is skipped? no
[INFO] TRD is in grp? no; is skipped? no
[INFO] MCH is in grp? no; is skipped? no
[INFO] MID is in grp? no; is skipped? no
[INFO] FDD is in grp? no; is skipped? no
[INFO] PHS is in grp? no; is skipped? no
[INFO] CPV is in grp? no; is skipped? no
[INFO] Initialising O2 Data Processing Layer
[INFO] O2 Data Processing Layer initialised. We brake for nobody.
[INFO] Optimised build. O2DEBUG / LOG(DEBUG) / LOGF(DEBUG) / assert statement will not be shown.
[INFO] Redeployment of configuration asked.
[INFO] Starting internal-dpl-clock on pid 2100
[INFO] Starting SimReader on pid 2101
[INFO] Starting ITSDigitizer on pid 2102
[INFO] Starting GRPUpdater on pid 2103
[INFO] Starting ITSDigitWriter on pid 2104
[INFO] Redeployment of configuration done.
[2100:internal-dpl-clock]: [INFO] MC-TRUTH 1
[2101:SimReader]: [INFO] MC-TRUTH 1
[2102:ITSDigitizer]: [INFO] MC-TRUTH 1
[2103:GRPUpdater]: [INFO] MC-TRUTH 1
[2100:internal-dpl-clock]: [INFO] Spawing new device internal-dpl-clock in process with pid 2100
[2103:GRPUpdater]: [INFO] Spawing new device GRPUpdater in process with pid 2103
[2101:SimReader]: [INFO] Spawing new device SimReader in process with pid 2101
[2102:ITSDigitizer]: [INFO] Spawing new device ITSDigitizer in process with pid 2102
[2104:ITSDigitWriter]: [INFO] MC-TRUTH 1
[2100:internal-dpl-clock]: [18:38:12][INFO] 
[2100:internal-dpl-clock]:       ______      _    _______  _________ 
[2100:internal-dpl-clock]:      / ____/___ _(_)_______   |/  /_  __ \    version 1.4.29
[2100:internal-dpl-clock]:     / /_  / __ `/ / ___/__  /|_/ /_  / / /    build RELWITHDEBINFO
[2100:internal-dpl-clock]:    / __/ / /_/ / / /    _  /  / / / /_/ /     https://github.com/FairRootGroup/FairMQ
[2100:internal-dpl-clock]:   /_/    \__,_/_/_/     /_/  /_/  \___\_\     LGPL-3.0  © 2012-2020 GSI
[2100:internal-dpl-clock]: 
[2101:SimReader]: [18:38:12][INFO] 
[2101:SimReader]:       ______      _    _______  _________ 
[2101:SimReader]:      / ____/___ _(_)_______   |/  /_  __ \    version 1.4.29
[2101:SimReader]:     / /_  / __ `/ / ___/__  /|_/ /_  / / /    build RELWITHDEBINFO
[2101:SimReader]:    / __/ / /_/ / / /    _  /  / / / /_/ /     https://github.com/FairRootGroup/FairMQ
[2101:SimReader]:   /_/    \__,_/_/_/     /_/  /_/  \___\_\     LGPL-3.0  © 2012-2020 GSI
[2101:SimReader]: 
[2102:ITSDigitizer]: [18:38:12][INFO] 
[2102:ITSDigitizer]:       ______      _    _______  _________ 
[2102:ITSDigitizer]:      / ____/___ _(_)_______   |/  /_  __ \    version 1.4.29
[2102:ITSDigitizer]:     / /_  / __ `/ / ___/__  /|_/ /_  / / /    build RELWITHDEBINFO
[2102:ITSDigitizer]:    / __/ / /_/ / / /    _  /  / / / /_/ /     https://github.com/FairRootGroup/FairMQ
[2102:ITSDigitizer]:   /_/    \__,_/_/_/     /_/  /_/  \___\_\     LGPL-3.0  © 2012-2020 GSI
[2102:ITSDigitizer]: 
[2103:GRPUpdater]: [18:38:12][INFO] 
[2103:GRPUpdater]:       ______      _    _______  _________ 
[2103:GRPUpdater]:      / ____/___ _(_)_______   |/  /_  __ \    version 1.4.29
[2103:GRPUpdater]:     / /_  / __ `/ / ___/__  /|_/ /_  / / /    build RELWITHDEBINFO
[2103:GRPUpdater]:    / __/ / /_/ / / /    _  /  / / / /_/ /     https://github.com/FairRootGroup/FairMQ
[2103:GRPUpdater]:   /_/    \__,_/_/_/     /_/  /_/  \___\_\     LGPL-3.0  © 2012-2020 GSI
[2103:GRPUpdater]: 
[2100:internal-dpl-clock]: [18:38:12][STATE] Starting FairMQ state machine --> IDLE
[2101:SimReader]: [18:38:12][STATE] Starting FairMQ state machine --> IDLE
[2102:ITSDigitizer]: [18:38:12][STATE] Starting FairMQ state machine --> IDLE
[2103:GRPUpdater]: [18:38:12][STATE] Starting FairMQ state machine --> IDLE
[2102:ITSDigitizer]: 2021-05-20 18:38:12	Monitoring	[0;49mStdOut backend initialized[0m
[2100:internal-dpl-clock]: 2021-05-20 18:38:12	Monitoring	[0;49mStdOut backend initialized[0m
[2101:SimReader]: 2021-05-20 18:38:12	Monitoring	[0;49mStdOut backend initialized[0m
[2103:GRPUpdater]: 2021-05-20 18:38:12	Monitoring	[0;49mStdOut backend initialized[0m
[2100:internal-dpl-clock]: [18:38:12][STATE] IDLE ---> INITIALIZING DEVICE
[2100:internal-dpl-clock]: 2021-05-20 18:38:12	Monitoring	[0;49mBuffering enabled (100)[0m
[2100:internal-dpl-clock]: [18:38:12][STATE] INITIALIZING DEVICE ---> INITIALIZED
[2100:internal-dpl-clock]: [18:38:12][STATE] INITIALIZED ---> BINDING
[2100:internal-dpl-clock]: [18:38:12][STATE] BINDING ---> BOUND
[2100:internal-dpl-clock]: [18:38:12][STATE] BOUND ---> CONNECTING
[2100:internal-dpl-clock]: [18:38:12][STATE] CONNECTING ---> DEVICE READY
[2100:internal-dpl-clock]: [18:38:12][STATE] DEVICE READY ---> INITIALIZING TASK
[2100:internal-dpl-clock]: [18:38:12][STATE] INITIALIZING TASK ---> READY
[2100:internal-dpl-clock]: [18:38:12][STATE] READY ---> RUNNING
[2100:internal-dpl-clock]: [18:38:12][INFO] DEVICE: Running...
[2101:SimReader]: [18:38:12][STATE] IDLE ---> INITIALIZING DEVICE
[2101:SimReader]: 2021-05-20 18:38:12	Monitoring	[0;49mBuffering enabled (100)[0m
[2101:SimReader]: [18:38:12][INFO] adding o2sim
[2101:SimReader]: 
[2101:SimReader]: [18:38:12][INFO] INCONTEXTSTRING 
[2101:SimReader]: [18:38:12][INFO] Imposing hadronic interaction rate 50000Hz
[2101:SimReader]: [18:38:12][WARN] No bunch filling provided, impose default one
[2101:SimReader]: [18:38:12][INFO] Deducing mu=0.00771915 per BC from IR=50000 with 576 BCs
[2101:SimReader]: [18:38:12][INFO] InteractionSampler with 576 colliding BCs, mu(BC)= 0.00771915 -> total IR= 50000
[2101:SimReader]: [18:38:12][INFO] Current BCid:    0 Orbit:      1 |T in BC(ns): 0.000(0 coll left)
[2101:SimReader]: [18:38:12][INFO] setting up 1 chains
[2102:ITSDigitizer]: [18:38:12][STATE] IDLE ---> INITIALIZING DEVICE
[2102:ITSDigitizer]: 2021-05-20 18:38:12	Monitoring	[0;49mBuffering enabled (100)[0m
[2102:ITSDigitizer]: [18:38:12][INFO] Initializing geometry service
[2102:ITSDigitizer]: [18:38:12][INFO] Loading geometry FAIRGeom from o2sim_geometry.root
[2103:GRPUpdater]: [18:38:12][STATE] IDLE ---> INITIALIZING DEVICE
[2103:GRPUpdater]: 2021-05-20 18:38:12	Monitoring	[0;49mBuffering enabled (100)[0m
[2103:GRPUpdater]: [18:38:12][STATE] INITIALIZING DEVICE ---> INITIALIZED
[2103:GRPUpdater]: [18:38:12][STATE] INITIALIZED ---> BINDING
[2103:GRPUpdater]: [18:38:12][STATE] BINDING ---> BOUND
[2103:GRPUpdater]: [18:38:12][STATE] BOUND ---> CONNECTING
[2103:GRPUpdater]: [18:38:12][STATE] CONNECTING ---> DEVICE READY
[2103:GRPUpdater]: [18:38:12][STATE] DEVICE READY ---> INITIALIZING TASK
[2103:GRPUpdater]: [18:38:12][STATE] INITIALIZING TASK ---> READY
[2103:GRPUpdater]: [18:38:12][STATE] READY ---> RUNNING
[2103:GRPUpdater]: [18:38:12][INFO] DEVICE: Running...
[2104:ITSDigitWriter]: [INFO] Spawing new device ITSDigitWriter in process with pid 2104
[2104:ITSDigitWriter]: [18:38:12][INFO] 
[2104:ITSDigitWriter]:       ______      _    _______  _________ 
[2104:ITSDigitWriter]:      / ____/___ _(_)_______   |/  /_  __ \    version 1.4.29
[2104:ITSDigitWriter]:     / /_  / __ `/ / ___/__  /|_/ /_  / / /    build RELWITHDEBINFO
[2104:ITSDigitWriter]:    / __/ / /_/ / / /    _  /  / / / /_/ /     https://github.com/FairRootGroup/FairMQ
[2104:ITSDigitWriter]:   /_/    \__,_/_/_/     /_/  /_/  \___\_\     LGPL-3.0  © 2012-2020 GSI
[2104:ITSDigitWriter]: 
[2104:ITSDigitWriter]: [18:38:12][STATE] Starting FairMQ state machine --> IDLE
[2104:ITSDigitWriter]: 2021-05-20 18:38:12	Monitoring	[0;49mStdOut backend initialized[0m
[2104:ITSDigitWriter]: [18:38:12][STATE] IDLE ---> INITIALIZING DEVICE
[2104:ITSDigitWriter]: 2021-05-20 18:38:12	Monitoring	[0;49mBuffering enabled (100)[0m
[2104:ITSDigitWriter]: [18:38:12][INFO] 0: branch  ITSDigitMCTruth set up
[2104:ITSDigitWriter]: [18:38:12][INFO] 1: branch  ITSDigitMC2ROF set up
[2104:ITSDigitWriter]: [18:38:12][INFO] 2: branch  ITSDigit set up
[2104:ITSDigitWriter]: [18:38:12][INFO] 3: branch  ITSDigitROF set up
[2104:ITSDigitWriter]: [18:38:12][STATE] INITIALIZING DEVICE ---> INITIALIZED
[2104:ITSDigitWriter]: [18:38:12][STATE] INITIALIZED ---> BINDING
[2104:ITSDigitWriter]: [18:38:12][STATE] BINDING ---> BOUND
[2104:ITSDigitWriter]: [18:38:12][STATE] BOUND ---> CONNECTING
[2104:ITSDigitWriter]: [18:38:12][STATE] CONNECTING ---> DEVICE READY
[2104:ITSDigitWriter]: [18:38:12][STATE] DEVICE READY ---> INITIALIZING TASK
[2104:ITSDigitWriter]: [18:38:12][STATE] INITIALIZING TASK ---> READY
[2104:ITSDigitWriter]: [18:38:12][STATE] READY ---> RUNNING
[2104:ITSDigitWriter]: [18:38:12][INFO] DEVICE: Running...
[2102:ITSDigitizer]: Info in <TGeoManager::CloseGeometry>: Geometry loaded from file...
[2102:ITSDigitizer]: Info in <TGeoManager::SetTopVolume>: Top volume is cave. Master volume is cave
[2102:ITSDigitizer]: Info in <TGeoNavigator::BuildCache>: --- Maximum geometry depth set to 100
[2102:ITSDigitizer]: Info in <TGeoManager::CloseGeometry>: Voxelization retrieved from file
[2102:ITSDigitizer]: Info in <TGeoManager::CountLevels>: max level = 9, max placements = 126
[2102:ITSDigitizer]: Info in <TGeoManager::CloseGeometry>: 179840 nodes/ 399 volume UID's in FAIR geometry
[2102:ITSDigitizer]: Info in <TGeoManager::CloseGeometry>: ----------------modeler ready----------------
[2102:ITSDigitizer]: [18:38:13][INFO] Initializing field service
[2101:SimReader]: [18:38:13][INFO] Automatic deduction of number of collisions ... will just take number of background entries 10
[2101:SimReader]: Summary of DigitizationContext --
[2101:SimReader]: Parts per collision 1
[2101:SimReader]: Collision parts taken from simulations specified by prefix:
[2101:SimReader]: Number of Collisions 10
[2101:SimReader]: Collision 0 TIME BCid:  788 Orbit:      1 |T in BC(ns): 0.387 (0 , 0)
[2101:SimReader]: Collision 1 TIME BCid:  800 Orbit:      1 |T in BC(ns): 0.155 (0 , 1)
[2101:SimReader]: Collision 2 TIME BCid: 1168 Orbit:      1 |T in BC(ns): 0.040 (0 , 2)
[2101:SimReader]: Collision 3 TIME BCid: 1802 Orbit:      1 |T in BC(ns): -0.182 (0 , 3)
[2101:SimReader]: Collision 4 TIME BCid: 1974 Orbit:      1 |T in BC(ns): 0.160 (0 , 4)
[2101:SimReader]: Collision 5 TIME BCid: 1984 Orbit:      1 |T in BC(ns): -0.015 (0 , 5)
[2101:SimReader]: Collision 6 TIME BCid:  226 Orbit:      2 |T in BC(ns): 0.250 (0 , 6)
[2101:SimReader]: Collision 7 TIME BCid:  662 Orbit:      2 |T in BC(ns): -0.180 (0 , 7)
[2101:SimReader]: Collision 8 TIME BCid: 1380 Orbit:      2 |T in BC(ns): 0.098 (0 , 8)
[2101:SimReader]: Collision 9 TIME BCid: 2162 Orbit:      2 |T in BC(ns): 0.046 (0 , 9)
[2101:SimReader]: [18:38:13][INFO] Initializing Spec ... have 10 times 
[2101:SimReader]: [18:38:13][INFO] Serializing Context for later reuse
[2102:ITSDigitizer]: [18:38:13][INFO] MagneticField::Print: MagneticFieldMap:
[2102:ITSDigitizer]: [18:38:13][INFO] MagneticField::Print: Solenoid (-1*)5 kG, Dipole ON (-1) 
[2102:ITSDigitizer]: [18:38:13][INFO] MagneticField::Print: Machine B fields for p-p  beam (7000 GeV): QGrad: 22.0002 Dipole: 37.8781
[2102:ITSDigitizer]: [18:38:13][INFO] MagneticField::Print: Uses Sol30_Dip6_Hole  of /cvmfs/alice.cern.ch/el7-x86_64/Packages/O2/nightly-20210129-1/share/Common/maps/mfchebKGI_sym.root
[2102:ITSDigitizer]: Info in <TGeoGlobalMagField::SetField>: Global magnetic field set to <MagneticFieldMap>
[2102:ITSDigitizer]: Info in <TGeoGlobalMagField::Lock>: Global magnetic field <MagneticFieldMap> is now locked
[2102:ITSDigitizer]: [18:38:13][INFO] Set Alpide charge threshold to 150, single hit will be accounted from 15 electrons
[2102:ITSDigitizer]: [18:38:13][INFO] ITS simulated in CONTINUOUS RO mode
[2101:SimReader]: [18:38:13][STATE] INITIALIZING DEVICE ---> INITIALIZED
[2101:SimReader]: [18:38:13][STATE] INITIALIZED ---> BINDING
[2101:SimReader]: [18:38:13][STATE] BINDING ---> BOUND
[2101:SimReader]: [18:38:13][STATE] BOUND ---> CONNECTING
[2101:SimReader]: [18:38:13][STATE] CONNECTING ---> DEVICE READY
[2101:SimReader]: [18:38:13][STATE] DEVICE READY ---> INITIALIZING TASK
[2101:SimReader]: [18:38:13][STATE] INITIALIZING TASK ---> READY
[2101:SimReader]: [18:38:13][STATE] READY ---> RUNNING
[2101:SimReader]: [18:38:13][INFO] DEVICE: Running...
[2101:SimReader]: [18:38:13][INFO] SENDING SOMETHING TO OTHERS
[2102:ITSDigitizer]: [18:38:13][INFO] Loading ITS L2G matrices from TGeo
[2102:ITSDigitizer]: Alpide response object of 40500 matrices to map chagre in xyz to 5x5 pixels
[2102:ITSDigitizer]: X(col) range: +0.000000e+00 : +1.462000e-03 | step: 5.000000e-05 | Nbins: 30
[2102:ITSDigitizer]: Y(row) range: +0.000000e+00 : +1.344000e-03 | step: 5.000000e-05 | Nbins: 27
[2102:ITSDigitizer]: Z(dpt) range: -2.000000e-03 : +2.500000e-03 | step: 8.999999e-05 | Nbins: 50
[2102:ITSDigitizer]: Alpide digitization params:
[2102:ITSDigitizer]: Continuous readout             : ON
[2102:ITSDigitizer]: Readout Frame Length(ns)       : 9880.510742
[2102:ITSDigitizer]: Strobe delay (ns)              : 99.803139
[2102:ITSDigitizer]: Strobe length (ns)             : 9780.708008
[2102:ITSDigitizer]: Threshold (N electrons)        : 150
[2102:ITSDigitizer]: Min N electrons to accoint     : 15
[2102:ITSDigitizer]: Number of charge sharing steps : 7
[2102:ITSDigitizer]: ELoss to N electrons factor    : 2.777778e+08
[2102:ITSDigitizer]: Noise level per pixel          : 1.000000e-07
[2102:ITSDigitizer]: Charge time-response:
[2102:ITSDigitizer]: o2::itsmft::AlpideSignalTrapezoid | Duration: 7500.0 MaxRiseTime: 1100.0 (RiseTime=0 at q=450.0) (ns)
[2102:ITSDigitizer]: [18:38:14][STATE] INITIALIZING DEVICE ---> INITIALIZED
[2102:ITSDigitizer]: [18:38:14][STATE] INITIALIZED ---> BINDING
[2102:ITSDigitizer]: [18:38:14][STATE] BINDING ---> BOUND
[2102:ITSDigitizer]: [18:38:14][STATE] BOUND ---> CONNECTING
[2102:ITSDigitizer]: [18:38:14][STATE] CONNECTING ---> DEVICE READY
[2102:ITSDigitizer]: [18:38:14][STATE] DEVICE READY ---> INITIALIZING TASK
[2102:ITSDigitizer]: [18:38:14][STATE] INITIALIZING TASK ---> READY
[2102:ITSDigitizer]: [18:38:14][STATE] READY ---> RUNNING
[2102:ITSDigitizer]: [18:38:14][INFO] DEVICE: Running...
[2102:ITSDigitizer]: [18:38:14][INFO] GOT 10 COLLISSION TIMES
[2102:ITSDigitizer]: [18:38:14][INFO] SIMCHAINS 1
[2102:ITSDigitizer]: [18:38:14][INFO]  CALLING ITS DIGITIZATION 
[2102:ITSDigitizer]: [18:38:15][INFO] Digitizing ITS hits of entry 0 from source 0 at time BCid:  788 Orbit:      1 |T in BC(ns): 0.387 ROFrame= 10) cont.mode: 1 Min/Max ROFrames 0/9
[2102:ITSDigitizer]: [18:38:15][INFO] Filling ITS digits output for RO frames 0:9
[2102:ITSDigitizer]: ROF: 0 | 1283 entries starting from 0
[2102:ITSDigitizer]: BCid:    0 Orbit:      0
[2102:ITSDigitizer]: ROF: 1 | 1267 entries starting from 1283
[2102:ITSDigitizer]: BCid:  396 Orbit:      0
[2102:ITSDigitizer]: ROF: 2 | 1323 entries starting from 2550
[2102:ITSDigitizer]: BCid:  792 Orbit:      0
[2102:ITSDigitizer]: ROF: 3 | 1229 entries starting from 3873
[2102:ITSDigitizer]: BCid: 1188 Orbit:      0
[2102:ITSDigitizer]: ROF: 4 | 1245 entries starting from 5102
[2102:ITSDigitizer]: BCid: 1584 Orbit:      0
[2102:ITSDigitizer]: ROF: 5 | 1248 entries starting from 6347
[2102:ITSDigitizer]: BCid: 1980 Orbit:      0
[2102:ITSDigitizer]: ROF: 6 | 1259 entries starting from 7595
[2102:ITSDigitizer]: BCid: 2376 Orbit:      0
[2102:ITSDigitizer]: ROF: 7 | 1258 entries starting from 8854
[2102:ITSDigitizer]: BCid: 2772 Orbit:      0
[2102:ITSDigitizer]: ROF: 8 | 1247 entries starting from 10112
[2102:ITSDigitizer]: BCid: 3168 Orbit:      0
[2102:ITSDigitizer]: ROF: 9 | 1249 entries starting from 11359
[2102:ITSDigitizer]: BCid:    0 Orbit:      1
[2102:ITSDigitizer]: [18:38:15][INFO] Added 12608 digits 
[2102:ITSDigitizer]: [18:38:15][INFO] Digitizing ITS hits of entry 1 from source 0 at time BCid:  800 Orbit:      1 |T in BC(ns): 0.155 ROFrame= 11) cont.mode: 1 Min/Max ROFrames 10/12
[2102:ITSDigitizer]: [18:38:15][INFO] Filling ITS digits output for RO frames 10:10
[2102:ITSDigitizer]: ROF: 10 | 2252 entries starting from 12608
[2102:ITSDigitizer]: BCid:  396 Orbit:      1
[2102:ITSDigitizer]: MCEventID: 0 ROFs: 10-12 Entry in ROFRecords: 10
[2102:ITSDigitizer]: [18:38:15][INFO] Added 2252 digits 
[2102:ITSDigitizer]: [18:38:15][INFO] Digitizing ITS hits of entry 2 from source 0 at time BCid: 1168 Orbit:      1 |T in BC(ns): 0.040 ROFrame= 11) cont.mode: 1 Min/Max ROFrames 11/12
[2102:ITSDigitizer]: [18:38:15][INFO] Digitizing ITS hits of entry 3 from source 0 at time BCid: 1802 Orbit:      1 |T in BC(ns): -0.182 ROFrame= 13) cont.mode: 1 Min/Max ROFrames 11/13
[2102:ITSDigitizer]: [18:38:15][INFO] Filling ITS digits output for RO frames 11:12
[2102:ITSDigitizer]: ROF: 11 | 203334 entries starting from 14860
[2102:ITSDigitizer]: BCid:  792 Orbit:      1
[2102:ITSDigitizer]: MCEventID: 1 ROFs: 11-12 Entry in ROFRecords: 11
[2102:ITSDigitizer]: MCEventID: 2 ROFs: 11-13 Entry in ROFRecords: 11
[2102:ITSDigitizer]: ROF: 12 | 98616 entries starting from 218194
[2102:ITSDigitizer]: BCid: 1188 Orbit:      1
[2102:ITSDigitizer]: [18:38:15][INFO] Added 301950 digits 
[2102:ITSDigitizer]: [18:38:15][INFO] Digitizing ITS hits of entry 4 from source 0 at time BCid: 1974 Orbit:      1 |T in BC(ns): 0.160 ROFrame= 13) cont.mode: 1 Min/Max ROFrames 13/14
[2102:ITSDigitizer]: [18:38:15][INFO] Digitizing ITS hits of entry 5 from source 0 at time BCid: 1984 Orbit:      1 |T in BC(ns): -0.015 ROFrame= 14) cont.mode: 1 Min/Max ROFrames 13/15
[2102:ITSDigitizer]: [18:38:15][INFO] Filling ITS digits output for RO frames 13:13
[2102:ITSDigitizer]: ROF: 13 | 34405 entries starting from 316810
[2102:ITSDigitizer]: BCid: 1584 Orbit:      1
[2102:ITSDigitizer]: MCEventID: 3 ROFs: 13-14 Entry in ROFRecords: 13
[2102:ITSDigitizer]: MCEventID: 4 ROFs: 13-15 Entry in ROFRecords: 13
[2102:ITSDigitizer]: [18:38:15][INFO] Added 34405 digits 
[2102:ITSDigitizer]: [18:38:15][INFO] Digitizing ITS hits of entry 6 from source 0 at time BCid:  226 Orbit:      2 |T in BC(ns): 0.250 ROFrame= 18) cont.mode: 1 Min/Max ROFrames 14/17
[2102:ITSDigitizer]: [18:38:15][INFO] Filling ITS digits output for RO frames 14:17
[2102:ITSDigitizer]: ROF: 14 | 46702 entries starting from 351215
[2102:ITSDigitizer]: BCid: 1980 Orbit:      1
[2102:ITSDigitizer]: MCEventID: 5 ROFs: 14-14 Entry in ROFRecords: 14
[2102:ITSDigitizer]: ROF: 15 | 1558 entries starting from 397917
[2102:ITSDigitizer]: BCid: 2376 Orbit:      1
[2102:ITSDigitizer]: ROF: 16 | 1229 entries starting from 399475
[2102:ITSDigitizer]: BCid: 2772 Orbit:      1
[2102:ITSDigitizer]: ROF: 17 | 1247 entries starting from 400704
[2102:ITSDigitizer]: BCid: 3168 Orbit:      1
[2102:ITSDigitizer]: [18:38:16][INFO] Added 50736 digits 
[2102:ITSDigitizer]: [18:38:16][INFO] Digitizing ITS hits of entry 7 from source 0 at time BCid:  662 Orbit:      2 |T in BC(ns): -0.180 ROFrame= 19) cont.mode: 1 Min/Max ROFrames 18/20
[2102:ITSDigitizer]: [18:38:16][INFO] Filling ITS digits output for RO frames 18:18
[2102:ITSDigitizer]: ROF: 18 | 99154 entries starting from 401951
[2102:ITSDigitizer]: BCid:    0 Orbit:      2
[2102:ITSDigitizer]: MCEventID: 6 ROFs: 18-20 Entry in ROFRecords: 18
[2102:ITSDigitizer]: [18:38:16][INFO] Added 99154 digits 
[2102:ITSDigitizer]: [18:38:16][INFO] Digitizing ITS hits of entry 8 from source 0 at time BCid: 1380 Orbit:      2 |T in BC(ns): 0.098 ROFrame= 21) cont.mode: 1 Min/Max ROFrames 19/20
[2102:ITSDigitizer]: [18:38:16][INFO] Filling ITS digits output for RO frames 19:20
[2102:ITSDigitizer]: ROF: 19 | 132126 entries starting from 501105
[2102:ITSDigitizer]: BCid:  396 Orbit:      2
[2102:ITSDigitizer]: MCEventID: 7 ROFs: 19-20 Entry in ROFRecords: 19
[2102:ITSDigitizer]: ROF: 20 | 34353 entries starting from 633231
[2102:ITSDigitizer]: BCid:  792 Orbit:      2
[2102:ITSDigitizer]: [18:38:16][INFO] Added 166479 digits 
[2102:ITSDigitizer]: [18:38:16][INFO] Digitizing ITS hits of entry 9 from source 0 at time BCid: 2162 Orbit:      2 |T in BC(ns): 0.046 ROFrame= 23) cont.mode: 1 Min/Max ROFrames 21/23
[2102:ITSDigitizer]: [18:38:16][INFO] Filling ITS digits output for RO frames 21:22
[2102:ITSDigitizer]: ROF: 21 | 162374 entries starting from 667584
[2102:ITSDigitizer]: BCid: 1188 Orbit:      2
[2102:ITSDigitizer]: MCEventID: 8 ROFs: 21-23 Entry in ROFRecords: 21
[2102:ITSDigitizer]: ROF: 22 | 162398 entries starting from 829958
[2102:ITSDigitizer]: BCid: 1584 Orbit:      2
[2102:ITSDigitizer]: [18:38:17][INFO] Added 324772 digits 
[2102:ITSDigitizer]: [18:38:17][INFO] Filling ITS digits output for RO frames 23:25
[2102:ITSDigitizer]: ROF: 23 | 102598 entries starting from 992356
[2102:ITSDigitizer]: BCid: 1980 Orbit:      2
[2102:ITSDigitizer]: MCEventID: 9 ROFs: 23-25 Entry in ROFRecords: 23
[2102:ITSDigitizer]: ROF: 24 | 102410 entries starting from 1094954
[2102:ITSDigitizer]: BCid: 2376 Orbit:      2
[2102:ITSDigitizer]: ROF: 25 | 1276 entries starting from 1197364
[2102:ITSDigitizer]: BCid: 2772 Orbit:      2
[2102:ITSDigitizer]: [18:38:17][INFO] Added 206284 digits 
[2102:ITSDigitizer]: [18:38:17][INFO] ITS: Sending ROMode= 3 to GRPUpdater
[2102:ITSDigitizer]: [18:38:17][INFO] Digitization took 2.17s
[2104:ITSDigitWriter]: [18:38:17][INFO] WRITING 1204862 LABELS 
[2103:GRPUpdater]: [18:38:17][INFO] Updated GRP in o2sim_grp.root for detectors RO mode
[2104:ITSDigitWriter]: [18:38:17][INFO] RECEIVED DIGITS SIZE 1198640
[2103:GRPUpdater]: Run: 1621528497
[2103:GRPUpdater]: Fill:      0
[2103:GRPUpdater]: Period: 
[2103:GRPUpdater]: LHC State: 
[2103:GRPUpdater]: Start: Thu May 20 18:34:58 2021
[2103:GRPUpdater]: End  : Thu May 20 18:34:59 2021
[2103:GRPUpdater]: Beam0: Z:A =   0:  0, Energy = 0.000
[2103:GRPUpdater]: Beam1: Z:A =   0:  0, Energy = 0.000
[2103:GRPUpdater]: sqrt[s]    = 0.000
[2103:GRPUpdater]: crossing angle (radian) = 0.000000e+00
[2103:GRPUpdater]: magnet currents (A) L3 = -30000.000, Dipole = -6000
[2103:GRPUpdater]: Detectors: Cont.RO Triggers
[2103:GRPUpdater]:       ITS:    +       -    
[INFO] Quitting
[INFO] QUIT_REQUESTED
[2101:SimReader]: [18:38:17][INFO] Received device shutdown request (signal 15).
[2101:SimReader]: [18:38:17][INFO] Waiting for graceful device shutdown. Hit Ctrl-C again to abort immediately.
[2102:ITSDigitizer]: [18:38:17][INFO] Received device shutdown request (signal 15).
[2102:ITSDigitizer]: [18:38:17][INFO] Waiting for graceful device shutdown. Hit Ctrl-C again to abort immediately.
[2103:GRPUpdater]: [18:38:17][INFO] Received device shutdown request (signal 15).
[2103:GRPUpdater]: [18:38:17][INFO] Waiting for graceful device shutdown. Hit Ctrl-C again to abort immediately.
[2100:internal-dpl-clock]: [18:38:17][INFO] Received device shutdown request (signal 15).
[2100:internal-dpl-clock]: [18:38:17][INFO] Waiting for graceful device shutdown. Hit Ctrl-C again to abort immediately.
[2104:ITSDigitWriter]: [18:38:17][INFO] Received device shutdown request (signal 15).
[2104:ITSDigitWriter]: [18:38:17][INFO] Waiting for graceful device shutdown. Hit Ctrl-C again to abort immediately.
[2101:SimReader]: [18:38:17][STATE] RUNNING ---> READY
[2101:SimReader]: [18:38:17][STATE] READY ---> RESETTING TASK
[2101:SimReader]: [18:38:17][STATE] RESETTING TASK ---> DEVICE READY
[2101:SimReader]: [18:38:17][STATE] DEVICE READY ---> RESETTING DEVICE
[2101:SimReader]: [18:38:17][STATE] RESETTING DEVICE ---> IDLE
[2101:SimReader]: [18:38:17][STATE] IDLE ---> EXITING
[2101:SimReader]: [18:38:17][STATE] Exiting FairMQ state machine
[2102:ITSDigitizer]: [18:38:17][STATE] RUNNING ---> READY
[2100:internal-dpl-clock]: [18:38:17][STATE] RUNNING ---> READY
[2103:GRPUpdater]: [18:38:17][STATE] RUNNING ---> READY
[2102:ITSDigitizer]: [18:38:17][STATE] READY ---> RESETTING TASK
[2102:ITSDigitizer]: [18:38:17][STATE] RESETTING TASK ---> DEVICE READY
[2100:internal-dpl-clock]: [18:38:17][STATE] READY ---> RESETTING TASK
[2102:ITSDigitizer]: [18:38:17][STATE] DEVICE READY ---> RESETTING DEVICE
[2100:internal-dpl-clock]: [18:38:17][STATE] RESETTING TASK ---> DEVICE READY
[2100:internal-dpl-clock]: [18:38:17][STATE] DEVICE READY ---> RESETTING DEVICE
[2103:GRPUpdater]: [18:38:17][STATE] READY ---> RESETTING TASK
[2103:GRPUpdater]: [18:38:17][STATE] RESETTING TASK ---> DEVICE READY
[2103:GRPUpdater]: [18:38:17][STATE] DEVICE READY ---> RESETTING DEVICE
[2100:internal-dpl-clock]: [18:38:17][STATE] RESETTING DEVICE ---> IDLE
[2100:internal-dpl-clock]: [18:38:17][STATE] IDLE ---> EXITING
[2100:internal-dpl-clock]: [18:38:17][STATE] Exiting FairMQ state machine
[2103:GRPUpdater]: [18:38:17][STATE] RESETTING DEVICE ---> IDLE
[2103:GRPUpdater]: [18:38:17][STATE] IDLE ---> EXITING
[2103:GRPUpdater]: [18:38:17][STATE] Exiting FairMQ state machine
[2102:ITSDigitizer]: [18:38:17][STATE] RESETTING DEVICE ---> IDLE
[2102:ITSDigitizer]: [18:38:17][STATE] IDLE ---> EXITING
[2102:ITSDigitizer]: [18:38:17][STATE] Exiting FairMQ state machine
[2104:ITSDigitWriter]: [18:38:19][STATE] RUNNING ---> READY
[2104:ITSDigitWriter]: [18:38:19][STATE] READY ---> RESETTING TASK
[2104:ITSDigitWriter]: [18:38:19][STATE] RESETTING TASK ---> DEVICE READY
[2104:ITSDigitWriter]: [18:38:19][STATE] DEVICE READY ---> RESETTING DEVICE
[2104:ITSDigitWriter]: Cleaning up for shared memory id 'ca2969e8'...
[2104:ITSDigitWriter]: No region counter found. No regions to cleanup.
[2104:ITSDigitWriter]: Successfully removed 'fmq_ca2969e8_m_0'.
[2104:ITSDigitWriter]: Successfully removed 'fmq_ca2969e8_mng'.
[2104:ITSDigitWriter]: Successfully removed 'fmq_ca2969e8_mtx'.
[2104:ITSDigitWriter]: Successfully removed 'fmq_ca2969e8_cv'.
[2104:ITSDigitWriter]: [18:38:19][STATE] RESETTING DEVICE ---> IDLE
[2104:ITSDigitWriter]: [18:38:19][STATE] IDLE ---> EXITING
[2104:ITSDigitWriter]: [18:38:19][STATE] Exiting FairMQ state machine
[INFO] Dumping used configuration in dpl-config.json

==============================================================================================
3. Tracking
[INFO] Initialising O2 Data Processing Layer
[INFO] O2 Data Processing Layer initialised. We brake for nobody.
[INFO] Optimised build. O2DEBUG / LOG(DEBUG) / LOGF(DEBUG) / assert statement will not be shown.
[INFO] Redeployment of configuration asked.
[INFO] Starting internal-dpl-clock on pid 3183
[INFO] Starting its-digit-reader on pid 3184
[INFO] Starting its-clusterer on pid 3185
[INFO] Starting its-cluster-writer on pid 3186
[INFO] Starting its-tracker on pid 3187
[INFO] Starting its-track-writer on pid 3188
[INFO] Redeployment of configuration done.
[3183:internal-dpl-clock]: [INFO] Spawing new device internal-dpl-clock in process with pid 3183
[3184:its-digit-reader]: [INFO] Spawing new device its-digit-reader in process with pid 3184
[3187:its-tracker]: [INFO] Spawing new device its-tracker in process with pid 3187
[3188:its-track-writer]: [INFO] Spawing new device its-track-writer in process with pid 3188
[3186:its-cluster-writer]: [INFO] Spawing new device its-cluster-writer in process with pid 3186
[3185:its-clusterer]: [INFO] Spawing new device its-clusterer in process with pid 3185
[3183:internal-dpl-clock]: [18:40:22][INFO] 
[3183:internal-dpl-clock]:       ______      _    _______  _________ 
[3183:internal-dpl-clock]:      / ____/___ _(_)_______   |/  /_  __ \    version 1.4.29
[3183:internal-dpl-clock]:     / /_  / __ `/ / ___/__  /|_/ /_  / / /    build RELWITHDEBINFO
[3183:internal-dpl-clock]:    / __/ / /_/ / / /    _  /  / / / /_/ /     https://github.com/FairRootGroup/FairMQ
[3183:internal-dpl-clock]:   /_/    \__,_/_/_/     /_/  /_/  \___\_\     LGPL-3.0  © 2012-2020 GSI
[3183:internal-dpl-clock]: 
[3187:its-tracker]: [18:40:22][INFO] 
[3187:its-tracker]:       ______      _    _______  _________ 
[3187:its-tracker]:      / ____/___ _(_)_______   |/  /_  __ \    version 1.4.29
[3187:its-tracker]:     / /_  / __ `/ / ___/__  /|_/ /_  / / /    build RELWITHDEBINFO
[3187:its-tracker]:    / __/ / /_/ / / /    _  /  / / / /_/ /     https://github.com/FairRootGroup/FairMQ
[3187:its-tracker]:   /_/    \__,_/_/_/     /_/  /_/  \___\_\     LGPL-3.0  © 2012-2020 GSI
[3187:its-tracker]: 
[3184:its-digit-reader]: [18:40:22][INFO] 
[3184:its-digit-reader]:       ______      _    _______  _________ 
[3184:its-digit-reader]:      / ____/___ _(_)_______   |/  /_  __ \    version 1.4.29
[3184:its-digit-reader]:     / /_  / __ `/ / ___/__  /|_/ /_  / / /    build RELWITHDEBINFO
[3184:its-digit-reader]:    / __/ / /_/ / / /    _  /  / / / /_/ /     https://github.com/FairRootGroup/FairMQ
[3184:its-digit-reader]:   /_/    \__,_/_/_/     /_/  /_/  \___\_\     LGPL-3.0  © 2012-2020 GSI
[3184:its-digit-reader]: 
[3184:its-digit-reader]: [18:40:22][STATE] Starting FairMQ state machine --> IDLE
[3186:its-cluster-writer]: [18:40:22][INFO] 
[3186:its-cluster-writer]:       ______      _    _______  _________ 
[3186:its-cluster-writer]:      / ____/___ _(_)_______   |/  /_  __ \    version 1.4.29
[3186:its-cluster-writer]:     / /_  / __ `/ / ___/__  /|_/ /_  / / /    build RELWITHDEBINFO
[3186:its-cluster-writer]:    / __/ / /_/ / / /    _  /  / / / /_/ /     https://github.com/FairRootGroup/FairMQ
[3186:its-cluster-writer]:   /_/    \__,_/_/_/     /_/  /_/  \___\_\     LGPL-3.0  © 2012-2020 GSI
[3186:its-cluster-writer]: 
[3186:its-cluster-writer]: [18:40:22][STATE] Starting FairMQ state machine --> IDLE
[3186:its-cluster-writer]: 2021-05-20 18:40:22	Monitoring	[0;49mStdOut backend initialized[0m
[3188:its-track-writer]: [18:40:22][INFO] 
[3188:its-track-writer]:       ______      _    _______  _________ 
[3188:its-track-writer]:      / ____/___ _(_)_______   |/  /_  __ \    version 1.4.29
[3188:its-track-writer]:     / /_  / __ `/ / ___/__  /|_/ /_  / / /    build RELWITHDEBINFO
[3188:its-track-writer]:    / __/ / /_/ / / /    _  /  / / / /_/ /     https://github.com/FairRootGroup/FairMQ
[3188:its-track-writer]:   /_/    \__,_/_/_/     /_/  /_/  \___\_\     LGPL-3.0  © 2012-2020 GSI
[3188:its-track-writer]: 
[3188:its-track-writer]: [18:40:22][STATE] Starting FairMQ state machine --> IDLE
[3183:internal-dpl-clock]: [18:40:22][STATE] Starting FairMQ state machine --> IDLE
[3183:internal-dpl-clock]: 2021-05-20 18:40:22	Monitoring	[0;49mStdOut backend initialized[0m
[3183:internal-dpl-clock]: [18:40:22][STATE] IDLE ---> INITIALIZING DEVICE
[3184:its-digit-reader]: 2021-05-20 18:40:22	Monitoring	[0;49mStdOut backend initialized[0m
[3184:its-digit-reader]: [18:40:22][STATE] IDLE ---> INITIALIZING DEVICE
[3185:its-clusterer]: [18:40:22][INFO] 
[3185:its-clusterer]:       ______      _    _______  _________ 
[3185:its-clusterer]:      / ____/___ _(_)_______   |/  /_  __ \    version 1.4.29
[3185:its-clusterer]:     / /_  / __ `/ / ___/__  /|_/ /_  / / /    build RELWITHDEBINFO
[3185:its-clusterer]:    / __/ / /_/ / / /    _  /  / / / /_/ /     https://github.com/FairRootGroup/FairMQ
[3185:its-clusterer]:   /_/    \__,_/_/_/     /_/  /_/  \___\_\     LGPL-3.0  © 2012-2020 GSI
[3185:its-clusterer]: 
[3185:its-clusterer]: [18:40:22][STATE] Starting FairMQ state machine --> IDLE
[3185:its-clusterer]: 2021-05-20 18:40:22	Monitoring	[0;49mStdOut backend initialized[0m
[3185:its-clusterer]: [18:40:22][STATE] IDLE ---> INITIALIZING DEVICE
[3186:its-cluster-writer]: [18:40:22][STATE] IDLE ---> INITIALIZING DEVICE
[3187:its-tracker]: [18:40:22][STATE] Starting FairMQ state machine --> IDLE
[3187:its-tracker]: 2021-05-20 18:40:22	Monitoring	[0;49mStdOut backend initialized[0m
[3187:its-tracker]: [18:40:22][STATE] IDLE ---> INITIALIZING DEVICE
[3187:its-tracker]: 2021-05-20 18:40:22	Monitoring	[0;49mBuffering enabled (100)[0m
[3187:its-tracker]: [18:40:22][INFO] Created GPUReconstruction instance for device type CPU (1) 
[3188:its-track-writer]: 2021-05-20 18:40:22	Monitoring	[0;49mStdOut backend initialized[0m
[3188:its-track-writer]: [18:40:22][STATE] IDLE ---> INITIALIZING DEVICE
[3183:internal-dpl-clock]: 2021-05-20 18:40:22	Monitoring	[0;49mBuffering enabled (100)[0m
[3183:internal-dpl-clock]: [18:40:22][STATE] INITIALIZING DEVICE ---> INITIALIZED
[3183:internal-dpl-clock]: [18:40:22][STATE] INITIALIZED ---> BINDING
[3183:internal-dpl-clock]: [18:40:22][STATE] BINDING ---> BOUND
[3183:internal-dpl-clock]: [18:40:22][STATE] BOUND ---> CONNECTING
[3183:internal-dpl-clock]: [18:40:22][STATE] CONNECTING ---> DEVICE READY
[3183:internal-dpl-clock]: [18:40:22][STATE] DEVICE READY ---> INITIALIZING TASK
[3183:internal-dpl-clock]: [18:40:22][STATE] INITIALIZING TASK ---> READY
[3183:internal-dpl-clock]: [18:40:22][STATE] READY ---> RUNNING
[3183:internal-dpl-clock]: [18:40:22][INFO] DEVICE: Running...
[3184:its-digit-reader]: 2021-05-20 18:40:22	Monitoring	[0;49mBuffering enabled (100)[0m
[3184:its-digit-reader]: [18:40:22][STATE] INITIALIZING DEVICE ---> INITIALIZED
[3184:its-digit-reader]: [18:40:22][STATE] INITIALIZED ---> BINDING
[3184:its-digit-reader]: [18:40:22][STATE] BINDING ---> BOUND
[3184:its-digit-reader]: [18:40:22][STATE] BOUND ---> CONNECTING
[3184:its-digit-reader]: [18:40:22][STATE] CONNECTING ---> DEVICE READY
[3185:its-clusterer]: 2021-05-20 18:40:22	Monitoring	[0;49mBuffering enabled (100)[0m
[3185:its-clusterer]: [18:40:22][INFO] Dictionary ITSdictionary.bin is absent, ITSClusterer expects cluster patterns
[3185:its-clusterer]: [18:40:22][INFO] Clusterizer masks overflow pixels separated by < 406 BC and <= 0 in row/col
[3185:its-clusterer]: [18:40:22][INFO] Inclusive clusterization timing (w/o disk IO): Cpu: 0 Real: 0 s in 1 slots
[3185:its-clusterer]: [18:40:22][INFO] Threads output merging timing                : Cpu: 0 Real: 0 s in 1 slots
[3185:its-clusterer]: [18:40:22][STATE] INITIALIZING DEVICE ---> INITIALIZED
[3185:its-clusterer]: [18:40:22][STATE] INITIALIZED ---> BINDING
[3185:its-clusterer]: [18:40:22][STATE] BINDING ---> BOUND
[3185:its-clusterer]: [18:40:22][STATE] BOUND ---> CONNECTING
[3185:its-clusterer]: [18:40:22][STATE] CONNECTING ---> DEVICE READY
[3185:its-clusterer]: [18:40:22][STATE] DEVICE READY ---> INITIALIZING TASK
[3185:its-clusterer]: [18:40:22][STATE] INITIALIZING TASK ---> READY
[3185:its-clusterer]: [18:40:22][STATE] READY ---> RUNNING
[3185:its-clusterer]: [18:40:22][INFO] DEVICE: Running...
[3184:its-digit-reader]: [18:40:22][STATE] DEVICE READY ---> INITIALIZING TASK
[3184:its-digit-reader]: [18:40:22][STATE] INITIALIZING TASK ---> READY
[3184:its-digit-reader]: [18:40:22][STATE] READY ---> RUNNING
[3184:its-digit-reader]: [18:40:22][INFO] DEVICE: Running...
[3186:its-cluster-writer]: 2021-05-20 18:40:22	Monitoring	[0;49mBuffering enabled (100)[0m
[3186:its-cluster-writer]: [18:40:22][INFO] 0: branch  ITSClusterComp set up
[3186:its-cluster-writer]: [18:40:22][INFO] 1: branch  ITSClusterPatt set up
[3186:its-cluster-writer]: [18:40:22][INFO] 2: branch  ITSClustersROF set up
[3186:its-cluster-writer]: [18:40:22][INFO] 3: branch  ITSClusterMCTruth set up
[3186:its-cluster-writer]: [18:40:22][INFO] 4: branch  ITSClustersMC2ROF set up
[3186:its-cluster-writer]: [18:40:22][STATE] INITIALIZING DEVICE ---> INITIALIZED
[3186:its-cluster-writer]: [18:40:22][STATE] INITIALIZED ---> BINDING
[3186:its-cluster-writer]: [18:40:22][STATE] BINDING ---> BOUND
[3186:its-cluster-writer]: [18:40:22][STATE] BOUND ---> CONNECTING
[3186:its-cluster-writer]: [18:40:22][STATE] CONNECTING ---> DEVICE READY
[3186:its-cluster-writer]: [18:40:22][STATE] DEVICE READY ---> INITIALIZING TASK
[3186:its-cluster-writer]: [18:40:22][STATE] INITIALIZING TASK ---> READY
[3186:its-cluster-writer]: [18:40:22][STATE] READY ---> RUNNING
[3186:its-cluster-writer]: [18:40:22][INFO] DEVICE: Running...
[3187:its-tracker]: [18:40:22][INFO] MagneticField::Print: MagneticFieldMap:
[3187:its-tracker]: [18:40:22][INFO] MagneticField::Print: Solenoid (-1*)5 kG, Dipole ON (-1) 
[3187:its-tracker]: [18:40:22][INFO] MagneticField::Print: Machine B fields for p-p  beam (7000 GeV): QGrad: 22.0002 Dipole: 37.8781
[3187:its-tracker]: [18:40:22][INFO] MagneticField::Print: Uses Sol30_Dip6_Hole  of /cvmfs/alice.cern.ch/el7-x86_64/Packages/O2/nightly-20210129-1/share/Common/maps/mfchebKGI_sym.root
[3187:its-tracker]: Info in <TGeoGlobalMagField::SetField>: Global magnetic field set to <MagneticFieldMap>
[3187:its-tracker]: Info in <TGeoGlobalMagField::Lock>: Global magnetic field <MagneticFieldMap> is now locked
[3187:its-tracker]: [18:40:22][INFO] Loading geometry FAIRGeom from o2sim_geometry.root
[3188:its-track-writer]: 2021-05-20 18:40:22	Monitoring	[0;49mBuffering enabled (100)[0m
[3188:its-track-writer]: [18:40:22][INFO] 0: branch  ITSTrack set up
[3188:its-track-writer]: [18:40:22][INFO] 1: branch  ITSTrackClusIdx set up
[3188:its-track-writer]: [18:40:22][INFO] 2: branch  Vertices set up
[3188:its-track-writer]: [18:40:22][INFO] 3: branch  VerticesROF set up
[3188:its-track-writer]: [18:40:22][INFO] 4: branch  ITSTracksROF set up
[3188:its-track-writer]: [18:40:22][INFO] 5: branch  ITSTrackMCTruth set up
[3188:its-track-writer]: [18:40:22][INFO] 6: branch  ITSTracksMC2ROF set up
[3188:its-track-writer]: [18:40:22][STATE] INITIALIZING DEVICE ---> INITIALIZED
[3188:its-track-writer]: [18:40:22][STATE] INITIALIZED ---> BINDING
[3188:its-track-writer]: [18:40:22][STATE] BINDING ---> BOUND
[3188:its-track-writer]: [18:40:22][STATE] BOUND ---> CONNECTING
[3188:its-track-writer]: [18:40:22][STATE] CONNECTING ---> DEVICE READY
[3188:its-track-writer]: [18:40:22][STATE] DEVICE READY ---> INITIALIZING TASK
[3188:its-track-writer]: [18:40:22][STATE] INITIALIZING TASK ---> READY
[3188:its-track-writer]: [18:40:22][STATE] READY ---> RUNNING
[3188:its-track-writer]: [18:40:22][INFO] DEVICE: Running...
[3187:its-tracker]: Info in <TGeoManager::CloseGeometry>: Geometry loaded from file...
[3187:its-tracker]: Info in <TGeoManager::SetTopVolume>: Top volume is cave. Master volume is cave
[3187:its-tracker]: Info in <TGeoNavigator::BuildCache>: --- Maximum geometry depth set to 100
[3187:its-tracker]: Info in <TGeoManager::CloseGeometry>: Voxelization retrieved from file
[3187:its-tracker]: Info in <TGeoManager::CountLevels>: max level = 9, max placements = 126
[3187:its-tracker]: Info in <TGeoManager::CloseGeometry>: 179840 nodes/ 399 volume UID's in FAIR geometry
[3187:its-tracker]: Info in <TGeoManager::CloseGeometry>: ----------------modeler ready----------------
[3187:its-tracker]: [18:40:23][INFO] Loading ITS T2L matrices from TGeo
[3184:its-digit-reader]: [18:40:23][INFO] ITSDigitReader pushed 1198640 digits, in 26 RO frames
[3185:its-clusterer]: [18:40:23][INFO] ITSClusterer pulled 1198640 digits, in 26 RO frames
[3185:its-clusterer]: [18:40:23][INFO] ITSClusterer pulled 1204862 labels 
[3187:its-tracker]: [18:40:23][WARN] It is faster to use 2D rotation for T2G instead of full Transform3D matrices
[3187:its-tracker]: [18:40:23][INFO] Loading ITS T2G matrices from TGeo
[3185:its-clusterer]: [18:40:23][INFO] ITSClusterer pushed 196646 clusters, in 26 RO frames
[3186:its-cluster-writer]: [18:40:23][INFO] ITSClusterWriter pulled 196646 clusters, in 26 RO frames
[3187:its-tracker]: [18:40:23][INFO] Loading ITS T2G rotation 2D matrices
[3187:its-tracker]: [18:40:23][INFO] Initializing tracker in sync. phase reconstruction with 1 passes
[3187:its-tracker]: [18:40:23][INFO] Not using lookup table for material budget approximation
[3187:its-tracker]: [18:40:23][INFO] Dictionary ITSdictionary.bin is absent, Tracker expects cluster patterns
[3187:its-tracker]: [18:40:23][STATE] INITIALIZING DEVICE ---> INITIALIZED
[3187:its-tracker]: [18:40:23][STATE] INITIALIZED ---> BINDING
[3187:its-tracker]: [18:40:24][STATE] BINDING ---> BOUND
[3187:its-tracker]: [18:40:24][STATE] BOUND ---> CONNECTING
[3187:its-tracker]: [18:40:24][STATE] CONNECTING ---> DEVICE READY
[3187:its-tracker]: [18:40:24][STATE] DEVICE READY ---> INITIALIZING TASK
[3187:its-tracker]: [18:40:24][STATE] INITIALIZING TASK ---> READY
[3187:its-tracker]: [18:40:24][STATE] READY ---> RUNNING
[3187:its-tracker]: [18:40:24][INFO] DEVICE: Running...
[3187:its-tracker]: [18:40:24][INFO] ITSTracker pulled 196646 clusters, 26 RO frames
[3187:its-tracker]: [18:40:24][INFO] 196646 MC label objects , in 10 MC events
[3187:its-tracker]: [18:40:24][INFO] ITSTracker RO: continuous=1
[3187:its-tracker]: [18:40:24][INFO] Loading ITS L2G matrices from TGeo
[3187:its-tracker]: [18:40:24][INFO] ROframe: 0, clusters loaded : 1283
[3187:its-tracker]:  - Vertexer initialisation completed in: 0.177768 ms
[3187:its-tracker]:  - Tracklet finding completed in: 0.006231 ms
[3187:its-tracker]:  - Adjacent tracklets validation completed in: 0.003635 ms
[3187:its-tracker]:  - Vertex finding completed in: 0.007497 ms
[3187:its-tracker]: [18:40:24][INFO] Found tracks: 0
[3187:its-tracker]: [18:40:24][INFO] ROframe: 1, clusters loaded : 1267
[3187:its-tracker]:  - Vertexer initialisation completed in: 0.15627 ms
[3187:its-tracker]:  - Tracklet finding completed in: 0.021064 ms
[3187:its-tracker]:  - Adjacent tracklets validation completed in: 0.000374 ms
[3187:its-tracker]:  - Vertex finding completed in: 0.000236 ms
[3187:its-tracker]: [18:40:24][INFO] Found tracks: 0
[3187:its-tracker]: [18:40:24][INFO] ROframe: 2, clusters loaded : 1323
[3187:its-tracker]:  - Vertexer initialisation completed in: 0.12246 ms
[3187:its-tracker]:  - Tracklet finding completed in: 0.001051 ms
[3187:its-tracker]:  - Adjacent tracklets validation completed in: 0.000317 ms
[3187:its-tracker]:  - Vertex finding completed in: 0.000149 ms
[3187:its-tracker]: [18:40:24][INFO] Found tracks: 0
[3187:its-tracker]: [18:40:24][INFO] ROframe: 3, clusters loaded : 1229
[3187:its-tracker]:  - Vertexer initialisation completed in: 0.126923 ms
[3187:its-tracker]:  - Tracklet finding completed in: 0.000588 ms
[3187:its-tracker]:  - Adjacent tracklets validation completed in: 0.000135 ms
[3187:its-tracker]:  - Vertex finding completed in: 8.9e-05 ms
[3187:its-tracker]: [18:40:24][INFO] Found tracks: 0
[3187:its-tracker]: [18:40:24][INFO] ROframe: 4, clusters loaded : 1245
[3187:its-tracker]:  - Vertexer initialisation completed in: 0.139328 ms
[3187:its-tracker]:  - Tracklet finding completed in: 0.000875 ms
[3187:its-tracker]:  - Adjacent tracklets validation completed in: 0.000247 ms
[3187:its-tracker]:  - Vertex finding completed in: 0.00043 ms
[3187:its-tracker]: [18:40:24][INFO] Found tracks: 0
[3187:its-tracker]: [18:40:24][INFO] ROframe: 5, clusters loaded : 1248
[3187:its-tracker]:  - Vertexer initialisation completed in: 0.11518 ms
[3187:its-tracker]:  - Tracklet finding completed in: 0.000519 ms
[3187:its-tracker]:  - Adjacent tracklets validation completed in: 0.000123 ms
[3187:its-tracker]:  - Vertex finding completed in: 0.000129 ms
[3187:its-tracker]: [18:40:24][INFO] Found tracks: 0
[3187:its-tracker]: [18:40:24][INFO] ROframe: 6, clusters loaded : 1259
[3187:its-tracker]:  - Vertexer initialisation completed in: 0.133937 ms
[3187:its-tracker]:  - Tracklet finding completed in: 0.001062 ms
[3187:its-tracker]:  - Adjacent tracklets validation completed in: 0.00024 ms
[3187:its-tracker]:  - Vertex finding completed in: 0.000213 ms
[3187:its-tracker]: [18:40:24][INFO] Found tracks: 0
[3187:its-tracker]: [18:40:24][INFO] ROframe: 7, clusters loaded : 1258
[3187:its-tracker]:  - Vertexer initialisation completed in: 0.109982 ms
[3187:its-tracker]:  - Tracklet finding completed in: 0.000742 ms
[3187:its-tracker]:  - Adjacent tracklets validation completed in: 0.000161 ms
[3187:its-tracker]:  - Vertex finding completed in: 0.000118 ms
[3187:its-tracker]: [18:40:24][INFO] Found tracks: 0
[3187:its-tracker]: [18:40:24][INFO] ROframe: 8, clusters loaded : 1247
[3187:its-tracker]:  - Vertexer initialisation completed in: 0.110386 ms
[3187:its-tracker]:  - Tracklet finding completed in: 0.003025 ms
[3187:its-tracker]:  - Adjacent tracklets validation completed in: 0.000278 ms
[3187:its-tracker]:  - Vertex finding completed in: 0.000185 ms
[3187:its-tracker]: [18:40:24][INFO] Found tracks: 0
[3187:its-tracker]: [18:40:24][INFO] ROframe: 9, clusters loaded : 1249
[3187:its-tracker]:  - Vertexer initialisation completed in: 0.10982 ms
[3187:its-tracker]:  - Tracklet finding completed in: 0.001381 ms
[3187:its-tracker]:  - Adjacent tracklets validation completed in: 0.000119 ms
[3187:its-tracker]:  - Vertex finding completed in: 0.000157 ms
[3187:its-tracker]: [18:40:24][INFO] Found tracks: 0
[3187:its-tracker]: [18:40:24][INFO] ROframe: 10, clusters loaded : 1535
[3187:its-tracker]:  - Vertexer initialisation completed in: 0.132159 ms
[3187:its-tracker]:  - Tracklet finding completed in: 0.012584 ms
[3187:its-tracker]:  - Adjacent tracklets validation completed in: 0.002753 ms
[3187:its-tracker]:  - Vertex finding completed in: 0.030983 ms
[3187:its-tracker]: 		Found vertex with:     10 contributors
[3187:its-tracker]:  - Context initialisation completed in: 1.72991 ms
[3187:its-tracker]:  - Tracklet finding completed in: 0.168649 ms
[3187:its-tracker]:  - Cell finding completed in: 0.010218 ms
[3187:its-tracker]:  - Neighbour finding completed in: 0.006501 ms
[3187:its-tracker]:  - Road finding completed in: 0.013221 ms
[3187:its-tracker]:  - Track finding completed in: 0.522312 ms
[3187:its-tracker]:  - Vertex processing completed in: 2.45081ms
[3187:its-tracker]:  - Context initialisation completed in: 0.004641 ms
[3187:its-tracker]:  - Tracklet finding completed in: 0.133361 ms
[3187:its-tracker]:  - Cell finding completed in: 0.005356 ms
[3187:its-tracker]:  - Neighbour finding completed in: 0.002527 ms
[3187:its-tracker]:  - Road finding completed in: 0.000153 ms
[3187:its-tracker]:  - Track finding completed in: 0.000227 ms
[3187:its-tracker]:  - Vertex processing completed in: 0.146265ms
[3187:its-tracker]: [18:40:24][INFO] Found tracks: 10
[3187:its-tracker]: [18:40:24][INFO] ROframe: 11, clusters loaded : 49221
[3187:its-tracker]:  - Vertexer initialisation completed in: 3.52039 ms
[3187:its-tracker]:  - Tracklet finding completed in: 19.8855 ms
[3187:its-tracker]:  - Adjacent tracklets validation completed in: 5.80016 ms
[3187:its-tracker]:  - Vertex finding completed in: 0.755158 ms
[3187:its-tracker]: 		Found vertex with:   1308 contributors
[3187:its-tracker]:  - Context initialisation completed in: 4.14332 ms
[3187:its-tracker]:  - Tracklet finding completed in: 31.3525 ms
[3187:its-tracker]:  - Cell finding completed in: 18.2807 ms
[3187:its-tracker]:  - Neighbour finding completed in: 1.63221 ms
[3187:its-tracker]:  - Road finding completed in: 0.886867 ms
[3187:its-tracker]:  - Track finding completed in: 19.0284 ms
[3187:its-tracker]:  - Vertex processing completed in: 75.3239ms
[3187:its-tracker]:  - Context initialisation completed in: 0.637146 ms
[3187:its-tracker]:  - Tracklet finding completed in: 23.0898 ms
[3187:its-tracker]:  - Cell finding completed in: 9.90012 ms
[3187:its-tracker]:  - Neighbour finding completed in: 0.499093 ms
[3187:its-tracker]:  - Road finding completed in: 0.007901 ms
[3187:its-tracker]:  - Track finding completed in: 0.000775 ms
[3187:its-tracker]:  - Vertex processing completed in: 34.1348ms
[3187:its-tracker]: [18:40:24][INFO] Found tracks: 1177
[3187:its-tracker]: [18:40:24][INFO] ROframe: 12, clusters loaded : 8882
[3187:its-tracker]:  - Vertexer initialisation completed in: 0.439458 ms
[3187:its-tracker]:  - Tracklet finding completed in: 0.388569 ms
[3187:its-tracker]:  - Adjacent tracklets validation completed in: 0.055448 ms
[3187:its-tracker]:  - Vertex finding completed in: 0.006891 ms
[3187:its-tracker]: 		Found vertex with:      4 contributors
[3187:its-tracker]:  - Context initialisation completed in: 1.3071 ms
[3187:its-tracker]:  - Tracklet finding completed in: 1.48241 ms
[3187:its-tracker]:  - Cell finding completed in: 0.149781 ms
[3187:its-tracker]:  - Neighbour finding completed in: 0.006934 ms
[3187:its-tracker]:  - Road finding completed in: 0.00019 ms
[3187:its-tracker]:  - Track finding completed in: 0.000406 ms
[3187:its-tracker]:  - Vertex processing completed in: 2.94683ms
[3187:its-tracker]:  - Context initialisation completed in: 0.010676 ms
[3187:its-tracker]:  - Tracklet finding completed in: 1.44293 ms
[3187:its-tracker]:  - Cell finding completed in: 0.148107 ms
[3187:its-tracker]:  - Neighbour finding completed in: 0.005144 ms
[3187:its-tracker]:  - Road finding completed in: 0.000214 ms
[3187:its-tracker]:  - Track finding completed in: 0.000137 ms
[3187:its-tracker]:  - Vertex processing completed in: 1.60721ms
[3187:its-tracker]: [18:40:24][INFO] Found tracks: 0
[3187:its-tracker]: [18:40:24][INFO] ROframe: 13, clusters loaded : 11485
[3187:its-tracker]:  - Vertexer initialisation completed in: 0.497455 ms
[3187:its-tracker]:  - Tracklet finding completed in: 0.597429 ms
[3187:its-tracker]:  - Adjacent tracklets validation completed in: 0.112493 ms
[3187:its-tracker]:  - Vertex finding completed in: 0.149389 ms
[3187:its-tracker]: 		Found vertex with:    528 contributors
[3187:its-tracker]:  - Context initialisation completed in: 1.19891 ms
[3187:its-tracker]:  - Tracklet finding completed in: 2.29627 ms
[3187:its-tracker]:  - Cell finding completed in: 0.723549 ms
[3187:its-tracker]:  - Neighbour finding completed in: 0.213715 ms
[3187:its-tracker]:  - Road finding completed in: 0.061784 ms
[3187:its-tracker]:  - Track finding completed in: 3.96624 ms
[3187:its-tracker]:  - Vertex processing completed in: 8.46047ms
[3187:its-tracker]:  - Context initialisation completed in: 0.090217 ms
[3187:its-tracker]:  - Tracklet finding completed in: 1.69728 ms
[3187:its-tracker]:  - Cell finding completed in: 0.305089 ms
[3187:its-tracker]:  - Neighbour finding completed in: 0.059879 ms
[3187:its-tracker]:  - Road finding completed in: 0.000584 ms
[3187:its-tracker]:  - Track finding completed in: 0.000521 ms
[3187:its-tracker]:  - Vertex processing completed in: 2.15357ms
[3187:its-tracker]: [18:40:24][INFO] Found tracks: 441
[3187:its-tracker]: [18:40:24][INFO] ROframe: 14, clusters loaded : 9841
[3187:its-tracker]:  - Vertexer initialisation completed in: 0.475288 ms
[3187:its-tracker]:  - Tracklet finding completed in: 0.516225 ms
[3187:its-tracker]:  - Adjacent tracklets validation completed in: 0.081795 ms
[3187:its-tracker]:  - Vertex finding completed in: 0.016577 ms
[3187:its-tracker]: 		Found vertex with:     75 contributors
[3187:its-tracker]:  - Context initialisation completed in: 1.27612 ms
[3187:its-tracker]:  - Tracklet finding completed in: 1.75123 ms
[3187:its-tracker]:  - Cell finding completed in: 0.363218 ms
[3187:its-tracker]:  - Neighbour finding completed in: 0.056703 ms
[3187:its-tracker]:  - Road finding completed in: 0.006807 ms
[3187:its-tracker]:  - Track finding completed in: 0.370658 ms
[3187:its-tracker]:  - Vertex processing completed in: 3.82473ms
[3187:its-tracker]:  - Context initialisation completed in: 0.028047 ms
[3187:its-tracker]:  - Tracklet finding completed in: 1.68606 ms
[3187:its-tracker]:  - Cell finding completed in: 0.325961 ms
[3187:its-tracker]:  - Neighbour finding completed in: 0.046817 ms
[3187:its-tracker]:  - Road finding completed in: 0.00059 ms
[3187:its-tracker]:  - Track finding completed in: 0.000318 ms
[3187:its-tracker]:  - Vertex processing completed in: 2.08779ms
[3187:its-tracker]: [18:40:24][INFO] Found tracks: 23
[3187:its-tracker]: [18:40:24][INFO] ROframe: 15, clusters loaded : 1304
[3187:its-tracker]:  - Vertexer initialisation completed in: 0.161586 ms
[3187:its-tracker]:  - Tracklet finding completed in: 0.004321 ms
[3187:its-tracker]:  - Adjacent tracklets validation completed in: 0.000596 ms
[3187:its-tracker]:  - Vertex finding completed in: 0.000769 ms
[3187:its-tracker]: [18:40:24][INFO] Found tracks: 0
[3187:its-tracker]: [18:40:24][INFO] ROframe: 16, clusters loaded : 1229
[3187:its-tracker]:  - Vertexer initialisation completed in: 0.129266 ms
[3187:its-tracker]:  - Tracklet finding completed in: 0.001233 ms
[3187:its-tracker]:  - Adjacent tracklets validation completed in: 0.000329 ms
[3187:its-tracker]:  - Vertex finding completed in: 0.000267 ms
[3187:its-tracker]: [18:40:24][INFO] Found tracks: 0
[3187:its-tracker]: [18:40:24][INFO] ROframe: 17, clusters loaded : 1247
[3187:its-tracker]:  - Vertexer initialisation completed in: 0.121661 ms
[3187:its-tracker]:  - Tracklet finding completed in: 0.000744 ms
[3187:its-tracker]:  - Adjacent tracklets validation completed in: 0.000245 ms
[3187:its-tracker]:  - Vertex finding completed in: 9.5e-05 ms
[3187:its-tracker]: [18:40:24][INFO] Found tracks: 0
[3187:its-tracker]: [18:40:24][INFO] ROframe: 18, clusters loaded : 22813
[3187:its-tracker]:  - Vertexer initialisation completed in: 0.943728 ms
[3187:its-tracker]:  - Tracklet finding completed in: 2.01418 ms
[3187:its-tracker]:  - Adjacent tracklets validation completed in: 0.417596 ms
[3187:its-tracker]:  - Vertex finding completed in: 0.136661 ms
[3187:its-tracker]: 		Found vertex with:   1077 contributors
[3187:its-tracker]:  - Context initialisation completed in: 1.5467 ms
[3187:its-tracker]:  - Tracklet finding completed in: 6.54592 ms
[3187:its-tracker]:  - Cell finding completed in: 2.89086 ms
[3187:its-tracker]:  - Neighbour finding completed in: 0.485729 ms
[3187:its-tracker]:  - Road finding completed in: 0.12425 ms
[3187:its-tracker]:  - Track finding completed in: 9.3741 ms
[3187:its-tracker]:  - Vertex processing completed in: 20.9676ms
[3187:its-tracker]:  - Context initialisation completed in: 0.223096 ms
[3187:its-tracker]:  - Tracklet finding completed in: 4.38162 ms
[3187:its-tracker]:  - Cell finding completed in: 1.02132 ms
[3187:its-tracker]:  - Neighbour finding completed in: 0.127233 ms
[3187:its-tracker]:  - Road finding completed in: 0.001249 ms
[3187:its-tracker]:  - Track finding completed in: 0.000431 ms
[3187:its-tracker]:  - Vertex processing completed in: 5.75495ms
[3187:its-tracker]: [18:40:24][INFO] Found tracks: 962
[3187:its-tracker]: [18:40:24][INFO] ROframe: 19, clusters loaded : 8810
[3187:its-tracker]:  - Vertexer initialisation completed in: 0.392822 ms
[3187:its-tracker]:  - Tracklet finding completed in: 0.383027 ms
[3187:its-tracker]:  - Adjacent tracklets validation completed in: 0.072836 ms
[3187:its-tracker]:  - Vertex finding completed in: 0.0584 ms
[3187:its-tracker]: 		Found vertex with:    414 contributors
[3187:its-tracker]:  - Context initialisation completed in: 1.23494 ms
[3187:its-tracker]:  - Tracklet finding completed in: 1.64809 ms
[3187:its-tracker]:  - Cell finding completed in: 0.501437 ms
[3187:its-tracker]:  - Neighbour finding completed in: 0.163685 ms
[3187:its-tracker]:  - Road finding completed in: 0.043176 ms
[3187:its-tracker]:  - Track finding completed in: 3.19962 ms
[3187:its-tracker]:  - Vertex processing completed in: 6.79094ms
[3187:its-tracker]:  - Context initialisation completed in: 0.067579 ms
[3187:its-tracker]:  - Tracklet finding completed in: 1.1328 ms
[3187:its-tracker]:  - Cell finding completed in: 0.197473 ms
[3187:its-tracker]:  - Neighbour finding completed in: 0.044794 ms
[3187:its-tracker]:  - Road finding completed in: 0.000594 ms
[3187:its-tracker]:  - Track finding completed in: 0.000237 ms
[3187:its-tracker]:  - Vertex processing completed in: 1.44348ms
[3187:its-tracker]: [18:40:24][INFO] Found tracks: 353
[3187:its-tracker]: [18:40:24][INFO] ROframe: 20, clusters loaded : 1319
[3187:its-tracker]:  - Vertexer initialisation completed in: 0.149571 ms
[3187:its-tracker]:  - Tracklet finding completed in: 0.002708 ms
[3187:its-tracker]:  - Adjacent tracklets validation completed in: 0.000563 ms
[3187:its-tracker]:  - Vertex finding completed in: 0.000926 ms
[3187:its-tracker]: [18:40:24][INFO] Found tracks: 0
[3187:its-tracker]: [18:40:24][INFO] ROframe: 21, clusters loaded : 38255
[3187:its-tracker]:  - Vertexer initialisation completed in: 1.72812 ms
[3187:its-tracker]:  - Tracklet finding completed in: 5.72316 ms
[3187:its-tracker]:  - Adjacent tracklets validation completed in: 1.60699 ms
[3187:its-tracker]:  - Vertex finding completed in: 0.298624 ms
[3187:its-tracker]: 		Found vertex with:   2043 contributors
[3187:its-tracker]:  - Context initialisation completed in: 2.15226 ms
[3187:its-tracker]:  - Tracklet finding completed in: 14.5536 ms
[3187:its-tracker]:  - Cell finding completed in: 8.54739 ms
[3187:its-tracker]:  - Neighbour finding completed in: 0.966925 ms
[3187:its-tracker]:  - Road finding completed in: 0.353687 ms
[3187:its-tracker]:  - Track finding completed in: 17.8637 ms
[3187:its-tracker]:  - Vertex processing completed in: 44.4376ms
[3187:its-tracker]:  - Context initialisation completed in: 0.434492 ms
[3187:its-tracker]:  - Tracklet finding completed in: 9.32811 ms
[3187:its-tracker]:  - Cell finding completed in: 2.68724 ms
[3187:its-tracker]:  - Neighbour finding completed in: 0.250495 ms
[3187:its-tracker]:  - Road finding completed in: 0.001602 ms
[3187:its-tracker]:  - Track finding completed in: 0.000576 ms
[3187:its-tracker]:  - Vertex processing completed in: 12.7025ms
[3187:its-tracker]: [18:40:24][INFO] Found tracks: 1737
[3187:its-tracker]: [18:40:24][INFO] ROframe: 22, clusters loaded : 1295
[3187:its-tracker]:  - Vertexer initialisation completed in: 0.154334 ms
[3187:its-tracker]:  - Tracklet finding completed in: 0.002213 ms
[3187:its-tracker]:  - Adjacent tracklets validation completed in: 0.000565 ms
[3187:its-tracker]:  - Vertex finding completed in: 0.00099 ms
[3187:its-tracker]: [18:40:24][INFO] Found tracks: 0
[3187:its-tracker]: [18:40:24][INFO] ROframe: 23, clusters loaded : 24271
[3187:its-tracker]:  - Vertexer initialisation completed in: 1.05097 ms
[3187:its-tracker]:  - Tracklet finding completed in: 2.3625 ms
[3187:its-tracker]:  - Adjacent tracklets validation completed in: 0.50268 ms
[3187:its-tracker]:  - Vertex finding completed in: 0.139985 ms
[3187:its-tracker]: 		Found vertex with:   1181 contributors
[3187:its-tracker]:  - Context initialisation completed in: 1.67379 ms
[3187:its-tracker]:  - Tracklet finding completed in: 7.29494 ms
[3187:its-tracker]:  - Cell finding completed in: 3.37018 ms
[3187:its-tracker]:  - Neighbour finding completed in: 0.537073 ms
[3187:its-tracker]:  - Road finding completed in: 0.137283 ms
[3187:its-tracker]:  - Track finding completed in: 10.6525 ms
[3187:its-tracker]:  - Vertex processing completed in: 23.6658ms
[3187:its-tracker]:  - Context initialisation completed in: 0.258889 ms
[3187:its-tracker]:  - Tracklet finding completed in: 4.74748 ms
[3187:its-tracker]:  - Cell finding completed in: 1.16641 ms
[3187:its-tracker]:  - Neighbour finding completed in: 0.134909 ms
[3187:its-tracker]:  - Road finding completed in: 0.001105 ms
[3187:its-tracker]:  - Track finding completed in: 0.000516 ms
[3187:its-tracker]:  - Vertex processing completed in: 6.30931ms
[3187:its-tracker]: [18:40:24][INFO] Found tracks: 1078
[3187:its-tracker]: [18:40:24][INFO] ROframe: 24, clusters loaded : 1276
[3187:its-tracker]:  - Vertexer initialisation completed in: 0.144964 ms
[3187:its-tracker]:  - Tracklet finding completed in: 0.003171 ms
[3187:its-tracker]:  - Adjacent tracklets validation completed in: 0.000537 ms
[3187:its-tracker]:  - Vertex finding completed in: 0.001057 ms
[3187:its-tracker]: [18:40:24][INFO] Found tracks: 0
[3187:its-tracker]: [18:40:24][INFO] ROframe: 25, clusters loaded : 1255
[3187:its-tracker]:  - Vertexer initialisation completed in: 0.136025 ms
[3187:its-tracker]:  - Tracklet finding completed in: 0.000822 ms
[3187:its-tracker]:  - Adjacent tracklets validation completed in: 0.000171 ms
[3187:its-tracker]:  - Vertex finding completed in: 0.000209 ms
[3187:its-tracker]: [18:40:24][INFO] Found tracks: 0
[3187:its-tracker]: [18:40:24][INFO] ITSTracker pushed 5781 tracks
[3187:its-tracker]: [18:40:24][INFO] ITS CA-Tracker total timing: Cpu: 4.700e-01 Real: 4.729e-01 s in 1 slots
[3188:its-track-writer]: [18:40:24][INFO] ITSTrackWriter pulled 5781 tracks, in 26 RO frames
[INFO] Quitting
[INFO] QUIT_REQUESTED
[3187:its-tracker]: [18:40:24][INFO] Received device shutdown request (signal 15).
[3187:its-tracker]: [18:40:24][INFO] Waiting for graceful device shutdown. Hit Ctrl-C again to abort immediately.
[3184:its-digit-reader]: [18:40:24][INFO] Received device shutdown request (signal 15).
[3184:its-digit-reader]: [18:40:24][INFO] Waiting for graceful device shutdown. Hit Ctrl-C again to abort immediately.
[3186:its-cluster-writer]: [18:40:24][INFO] Received device shutdown request (signal 15).
[3186:its-cluster-writer]: [18:40:24][INFO] Waiting for graceful device shutdown. Hit Ctrl-C again to abort immediately.
[3188:its-track-writer]: [18:40:24][INFO] Received device shutdown request (signal 15).
[3188:its-track-writer]: [18:40:24][INFO] Waiting for graceful device shutdown. Hit Ctrl-C again to abort immediately.
[3183:internal-dpl-clock]: [18:40:24][INFO] Received device shutdown request (signal 15).
[3183:internal-dpl-clock]: [18:40:24][INFO] Waiting for graceful device shutdown. Hit Ctrl-C again to abort immediately.
[3185:its-clusterer]: [18:40:24][INFO] Received device shutdown request (signal 15).
[3185:its-clusterer]: [18:40:24][INFO] Waiting for graceful device shutdown. Hit Ctrl-C again to abort immediately.
[3184:its-digit-reader]: [18:40:24][STATE] RUNNING ---> READY
[3184:its-digit-reader]: [18:40:24][STATE] READY ---> RESETTING TASK
[3184:its-digit-reader]: [18:40:24][STATE] RESETTING TASK ---> DEVICE READY
[3184:its-digit-reader]: [18:40:24][STATE] DEVICE READY ---> RESETTING DEVICE
[3184:its-digit-reader]: [18:40:24][STATE] RESETTING DEVICE ---> IDLE
[3184:its-digit-reader]: [18:40:24][STATE] IDLE ---> EXITING
[3184:its-digit-reader]: [18:40:24][STATE] Exiting FairMQ state machine
[3187:its-tracker]: [18:40:24][STATE] RUNNING ---> READY
[3183:internal-dpl-clock]: [18:40:24][STATE] RUNNING ---> READY
[3183:internal-dpl-clock]: [18:40:24][STATE] READY ---> RESETTING TASK
[3183:internal-dpl-clock]: [18:40:24][STATE] RESETTING TASK ---> DEVICE READY
[3183:internal-dpl-clock]: [18:40:24][STATE] DEVICE READY ---> RESETTING DEVICE
[3187:its-tracker]: [18:40:24][STATE] READY ---> RESETTING TASK
[3187:its-tracker]: [18:40:24][STATE] RESETTING TASK ---> DEVICE READY
[3187:its-tracker]: [18:40:24][STATE] DEVICE READY ---> RESETTING DEVICE
[3185:its-clusterer]: [18:40:24][STATE] RUNNING ---> READY
[3185:its-clusterer]: [18:40:24][STATE] READY ---> RESETTING TASK
[3185:its-clusterer]: [18:40:24][STATE] RESETTING TASK ---> DEVICE READY
[3185:its-clusterer]: [18:40:24][STATE] DEVICE READY ---> RESETTING DEVICE
[3183:internal-dpl-clock]: [18:40:24][STATE] RESETTING DEVICE ---> IDLE
[3183:internal-dpl-clock]: [18:40:24][STATE] IDLE ---> EXITING
[3187:its-tracker]: [18:40:24][STATE] RESETTING DEVICE ---> IDLE
[3187:its-tracker]: [18:40:24][STATE] IDLE ---> EXITING
[3183:internal-dpl-clock]: [18:40:24][STATE] Exiting FairMQ state machine
[3187:its-tracker]: [18:40:24][STATE] Exiting FairMQ state machine
[3185:its-clusterer]: [18:40:24][STATE] RESETTING DEVICE ---> IDLE
[3185:its-clusterer]: [18:40:24][STATE] IDLE ---> EXITING
[3185:its-clusterer]: [18:40:24][STATE] Exiting FairMQ state machine
[3186:its-cluster-writer]: [18:40:25][STATE] RUNNING ---> READY
[3186:its-cluster-writer]: [18:40:25][STATE] READY ---> RESETTING TASK
[3186:its-cluster-writer]: [18:40:25][STATE] RESETTING TASK ---> DEVICE READY
[3186:its-cluster-writer]: [18:40:25][STATE] DEVICE READY ---> RESETTING DEVICE
[3186:its-cluster-writer]: [18:40:25][STATE] RESETTING DEVICE ---> IDLE
[3186:its-cluster-writer]: [18:40:25][STATE] IDLE ---> EXITING
[3186:its-cluster-writer]: [18:40:25][STATE] Exiting FairMQ state machine
[3188:its-track-writer]: [18:40:25][STATE] RUNNING ---> READY
[3188:its-track-writer]: [18:40:25][STATE] READY ---> RESETTING TASK
[3188:its-track-writer]: [18:40:25][STATE] RESETTING TASK ---> DEVICE READY
[3188:its-track-writer]: [18:40:25][STATE] DEVICE READY ---> RESETTING DEVICE
[3188:its-track-writer]: Cleaning up for shared memory id '614b662f'...
[3188:its-track-writer]: No region counter found. No regions to cleanup.
[3188:its-track-writer]: Successfully removed 'fmq_614b662f_m_0'.
[3188:its-track-writer]: Successfully removed 'fmq_614b662f_mng'.
[3188:its-track-writer]: Successfully removed 'fmq_614b662f_mtx'.
[3188:its-track-writer]: Successfully removed 'fmq_614b662f_cv'.
[3188:its-track-writer]: [18:40:25][STATE] RESETTING DEVICE ---> IDLE
[3188:its-track-writer]: [18:40:25][STATE] IDLE ---> EXITING
[3188:its-track-writer]: [18:40:25][STATE] Exiting FairMQ state machine
[INFO] Dumping used configuration in dpl-config.json
