===============================
execute this script as follows:
./generate_its.sh system region nevents
where:
system = 1 -> pp
       = 2 -> Pb-Pb
region = 1 -> ITS only
       = 2 -> whole detector
===============================
will generate Pb-Pb events
will transport events in the ITS only
Will generate: 20 events
Moving to /eos/user/f/ftorales/its_data/alignment/lbnl_alice_alignment_tasks/2284183/19
/eos/user/f/ftorales/its_data/alignment/lbnl_alice_alignment_tasks/2284183/19

==============================================================================================
1. MC generation run
[INFO] Running with 6 sim workers 
[INFO] CREATING SIM SHARED MEM SEGMENT FOR 6 WORKERS
Spawning particle server on PID 996; Redirect output to o2sim_serverlog
Spawning sim worker 0 on PID 998; Redirect output to o2sim_workerlog0
Spawning hit merger on PID 999; Redirect output to o2sim_mergerlog
[INFO] DISTRIBUTING EVENT : 1
[INFO] EVENT FINISHED : 1
[INFO] DISTRIBUTING EVENT : 2
[INFO] EVENT FINISHED : 2
[INFO] DISTRIBUTING EVENT : 3
[INFO] EVENT FINISHED : 3
[INFO] DISTRIBUTING EVENT : 4
[INFO] DISTRIBUTING EVENT : 5
[INFO] DISTRIBUTING EVENT : 6
[INFO] EVENT FINISHED : 4
[INFO] DISTRIBUTING EVENT : 7
[INFO] EVENT FINISHED : 6
[INFO] DISTRIBUTING EVENT : 8
[INFO] EVENT FINISHED : 5
[INFO] EVENT FINISHED : 7
[INFO] EVENT FINISHED : 8
[INFO] DISTRIBUTING EVENT : 9
[INFO] EVENT FINISHED : 9
[INFO] DISTRIBUTING EVENT : 10
[INFO] EVENT FINISHED : 10
[INFO] DISTRIBUTING EVENT : 11
[INFO] EVENT FINISHED : 11
[INFO] DISTRIBUTING EVENT : 12
[INFO] EVENT FINISHED : 12
[INFO] DISTRIBUTING EVENT : 13
[INFO] EVENT FINISHED : 13
[INFO] DISTRIBUTING EVENT : 14
[INFO] DISTRIBUTING EVENT : 15
[INFO] EVENT FINISHED : 14
[INFO] EVENT FINISHED : 15
[INFO] DISTRIBUTING EVENT : 16
[INFO] EVENT FINISHED : 16
[INFO] DISTRIBUTING EVENT : 17
[INFO] EVENT FINISHED : 17
[INFO] DISTRIBUTING EVENT : 18
[INFO] EVENT FINISHED : 18
[INFO] DISTRIBUTING EVENT : 19
[INFO] EVENT FINISHED : 19
[INFO] DISTRIBUTING EVENT : 20
[INFO] EVENT FINISHED : 20
[INFO] Merger process 999 returned
[INFO] Simulation process took 147.756 s
[INFO] SIMULATION RETURNED SUCCESFULLY

==============================================================================================
2. Hits to digits conversion
Run: 1621488957
Fill:      0
Period: 
LHC State: 
Start: Thu May 20 07:36:00 2021
End  : Thu May 20 07:36:01 2021
Beam0: Z:A =   0:  0, Energy = 0.000
Beam1: Z:A =   0:  0, Energy = 0.000
sqrt[s]    = 0.000
crossing angle (radian) = 0.000000e+00
magnet currents (A) L3 = -30000.000, Dipole = -6000
Detectors: Cont.RO Triggers
      ITS:    -       -    
[INFO] MC-TRUTH 1
[INFO] TPC: GEM setup - initialization from scratch
[INFO] TPC: GEM setup (polya) took 12.28
[INFO] TPC is in grp? no; is skipped? no
[INFO] ITS is in grp? yes; is skipped? no
[INFO] MFT is in grp? no; is skipped? no
[INFO] TOF is in grp? no; is skipped? no
[INFO] FT0 is in grp? no; is skipped? no
[INFO] FV0 is in grp? no; is skipped? no
[INFO] EMC is in grp? no; is skipped? no
[INFO] HMP is in grp? no; is skipped? no
[INFO] ZDC is in grp? no; is skipped? no
[INFO] TRD is in grp? no; is skipped? no
[INFO] MCH is in grp? no; is skipped? no
[INFO] MID is in grp? no; is skipped? no
[INFO] FDD is in grp? no; is skipped? no
[INFO] PHS is in grp? no; is skipped? no
[INFO] CPV is in grp? no; is skipped? no
[INFO] Initialising O2 Data Processing Layer
[INFO] O2 Data Processing Layer initialised. We brake for nobody.
[INFO] Optimised build. O2DEBUG / LOG(DEBUG) / LOGF(DEBUG) / assert statement will not be shown.
[INFO] Redeployment of configuration asked.
[INFO] Starting internal-dpl-clock on pid 2120
[INFO] Starting SimReader on pid 2121
[INFO] Starting ITSDigitizer on pid 2122
[INFO] Starting GRPUpdater on pid 2123
[INFO] Starting ITSDigitWriter on pid 2124
[INFO] Redeployment of configuration done.
[2121:SimReader]: [INFO] MC-TRUTH 1
[2122:ITSDigitizer]: [INFO] MC-TRUTH 1
[2123:GRPUpdater]: [INFO] MC-TRUTH 1
[2124:ITSDigitWriter]: [INFO] MC-TRUTH 1
[2122:ITSDigitizer]: [INFO] Spawing new device ITSDigitizer in process with pid 2122
[2124:ITSDigitWriter]: [INFO] Spawing new device ITSDigitWriter in process with pid 2124
[2123:GRPUpdater]: [INFO] Spawing new device GRPUpdater in process with pid 2123
[2121:SimReader]: [INFO] Spawing new device SimReader in process with pid 2121
[2121:SimReader]: [07:41:49][INFO] 
[2121:SimReader]:       ______      _    _______  _________ 
[2121:SimReader]:      / ____/___ _(_)_______   |/  /_  __ \    version 1.4.29
[2121:SimReader]:     / /_  / __ `/ / ___/__  /|_/ /_  / / /    build RELWITHDEBINFO
[2121:SimReader]:    / __/ / /_/ / / /    _  /  / / / /_/ /     https://github.com/FairRootGroup/FairMQ
[2121:SimReader]:   /_/    \__,_/_/_/     /_/  /_/  \___\_\     LGPL-3.0  © 2012-2020 GSI
[2121:SimReader]: 
[2122:ITSDigitizer]: [07:41:49][INFO] 
[2122:ITSDigitizer]:       ______      _    _______  _________ 
[2122:ITSDigitizer]:      / ____/___ _(_)_______   |/  /_  __ \    version 1.4.29
[2122:ITSDigitizer]:     / /_  / __ `/ / ___/__  /|_/ /_  / / /    build RELWITHDEBINFO
[2122:ITSDigitizer]:    / __/ / /_/ / / /    _  /  / / / /_/ /     https://github.com/FairRootGroup/FairMQ
[2122:ITSDigitizer]:   /_/    \__,_/_/_/     /_/  /_/  \___\_\     LGPL-3.0  © 2012-2020 GSI
[2122:ITSDigitizer]: 
[2124:ITSDigitWriter]: [07:41:49][INFO] 
[2124:ITSDigitWriter]:       ______      _    _______  _________ 
[2124:ITSDigitWriter]:      / ____/___ _(_)_______   |/  /_  __ \    version 1.4.29
[2124:ITSDigitWriter]:     / /_  / __ `/ / ___/__  /|_/ /_  / / /    build RELWITHDEBINFO
[2124:ITSDigitWriter]:    / __/ / /_/ / / /    _  /  / / / /_/ /     https://github.com/FairRootGroup/FairMQ
[2124:ITSDigitWriter]:   /_/    \__,_/_/_/     /_/  /_/  \___\_\     LGPL-3.0  © 2012-2020 GSI
[2124:ITSDigitWriter]: 
[2121:SimReader]: [07:41:49][STATE] Starting FairMQ state machine --> IDLE
[2124:ITSDigitWriter]: [07:41:49][STATE] Starting FairMQ state machine --> IDLE
[2122:ITSDigitizer]: [07:41:49][STATE] Starting FairMQ state machine --> IDLE
[2122:ITSDigitizer]: 2021-05-20 07:41:49	Monitoring	[0;49mStdOut backend initialized[0m
[2124:ITSDigitWriter]: 2021-05-20 07:41:49	Monitoring	[0;49mStdOut backend initialized[0m
[2124:ITSDigitWriter]: [07:41:49][STATE] IDLE ---> INITIALIZING DEVICE
[2120:internal-dpl-clock]: [INFO] MC-TRUTH 1
[2121:SimReader]: 2021-05-20 07:41:49	Monitoring	[0;49mStdOut backend initialized[0m
[2121:SimReader]: [07:41:49][STATE] IDLE ---> INITIALIZING DEVICE
[2121:SimReader]: 2021-05-20 07:41:49	Monitoring	[0;49mBuffering enabled (100)[0m
[2121:SimReader]: [07:41:49][INFO] adding o2sim
[2121:SimReader]: 
[2121:SimReader]: [07:41:49][INFO] INCONTEXTSTRING 
[2121:SimReader]: [07:41:49][INFO] Imposing hadronic interaction rate 50000Hz
[2121:SimReader]: [07:41:49][WARN] No bunch filling provided, impose default one
[2121:SimReader]: [07:41:49][INFO] Deducing mu=0.00771915 per BC from IR=50000 with 576 BCs
[2122:ITSDigitizer]: [07:41:49][STATE] IDLE ---> INITIALIZING DEVICE
[2122:ITSDigitizer]: 2021-05-20 07:41:49	Monitoring	[0;49mBuffering enabled (100)[0m
[2122:ITSDigitizer]: [07:41:49][INFO] Initializing geometry service
[2122:ITSDigitizer]: [07:41:49][INFO] Loading geometry FAIRGeom from o2sim_geometry.root
[2123:GRPUpdater]: [07:41:49][INFO] 
[2123:GRPUpdater]:       ______      _    _______  _________ 
[2123:GRPUpdater]:      / ____/___ _(_)_______   |/  /_  __ \    version 1.4.29
[2123:GRPUpdater]:     / /_  / __ `/ / ___/__  /|_/ /_  / / /    build RELWITHDEBINFO
[2123:GRPUpdater]:    / __/ / /_/ / / /    _  /  / / / /_/ /     https://github.com/FairRootGroup/FairMQ
[2123:GRPUpdater]:   /_/    \__,_/_/_/     /_/  /_/  \___\_\     LGPL-3.0  © 2012-2020 GSI
[2123:GRPUpdater]: 
[2123:GRPUpdater]: [07:41:49][STATE] Starting FairMQ state machine --> IDLE
[2123:GRPUpdater]: 2021-05-20 07:41:49	Monitoring	[0;49mStdOut backend initialized[0m
[2123:GRPUpdater]: [07:41:49][STATE] IDLE ---> INITIALIZING DEVICE
[2120:internal-dpl-clock]: [INFO] Spawing new device internal-dpl-clock in process with pid 2120
[2120:internal-dpl-clock]: [07:41:49][INFO] 
[2120:internal-dpl-clock]:       ______      _    _______  _________ 
[2120:internal-dpl-clock]:      / ____/___ _(_)_______   |/  /_  __ \    version 1.4.29
[2120:internal-dpl-clock]:     / /_  / __ `/ / ___/__  /|_/ /_  / / /    build RELWITHDEBINFO
[2120:internal-dpl-clock]:    / __/ / /_/ / / /    _  /  / / / /_/ /     https://github.com/FairRootGroup/FairMQ
[2120:internal-dpl-clock]:   /_/    \__,_/_/_/     /_/  /_/  \___\_\     LGPL-3.0  © 2012-2020 GSI
[2120:internal-dpl-clock]: 
[2120:internal-dpl-clock]: [07:41:49][STATE] Starting FairMQ state machine --> IDLE
[2120:internal-dpl-clock]: 2021-05-20 07:41:49	Monitoring	[0;49mStdOut backend initialized[0m
[2120:internal-dpl-clock]: [07:41:49][STATE] IDLE ---> INITIALIZING DEVICE
[2120:internal-dpl-clock]: 2021-05-20 07:41:49	Monitoring	[0;49mBuffering enabled (100)[0m
[2120:internal-dpl-clock]: [07:41:49][STATE] INITIALIZING DEVICE ---> INITIALIZED
[2120:internal-dpl-clock]: [07:41:49][STATE] INITIALIZED ---> BINDING
[2121:SimReader]: [07:41:49][INFO] InteractionSampler with 576 colliding BCs, mu(BC)= 0.00771915 -> total IR= 50000
[2121:SimReader]: [07:41:49][INFO] Current BCid:    0 Orbit:      1 |T in BC(ns): 0.000(0 coll left)
[2121:SimReader]: [07:41:49][INFO] setting up 1 chains
[2123:GRPUpdater]: 2021-05-20 07:41:49	Monitoring	[0;49mBuffering enabled (100)[0m
[2123:GRPUpdater]: [07:41:49][STATE] INITIALIZING DEVICE ---> INITIALIZED
[2123:GRPUpdater]: [07:41:49][STATE] INITIALIZED ---> BINDING
[2123:GRPUpdater]: [07:41:49][STATE] BINDING ---> BOUND
[2123:GRPUpdater]: [07:41:49][STATE] BOUND ---> CONNECTING
[2123:GRPUpdater]: [07:41:49][STATE] CONNECTING ---> DEVICE READY
[2123:GRPUpdater]: [07:41:49][STATE] DEVICE READY ---> INITIALIZING TASK
[2123:GRPUpdater]: [07:41:49][STATE] INITIALIZING TASK ---> READY
[2123:GRPUpdater]: [07:41:49][STATE] READY ---> RUNNING
[2123:GRPUpdater]: [07:41:49][INFO] DEVICE: Running...
[2120:internal-dpl-clock]: [07:41:49][STATE] BINDING ---> BOUND
[2120:internal-dpl-clock]: [07:41:49][STATE] BOUND ---> CONNECTING
[2120:internal-dpl-clock]: [07:41:49][STATE] CONNECTING ---> DEVICE READY
[2120:internal-dpl-clock]: [07:41:49][STATE] DEVICE READY ---> INITIALIZING TASK
[2120:internal-dpl-clock]: [07:41:49][STATE] INITIALIZING TASK ---> READY
[2120:internal-dpl-clock]: [07:41:49][STATE] READY ---> RUNNING
[2120:internal-dpl-clock]: [07:41:49][INFO] DEVICE: Running...
[2124:ITSDigitWriter]: 2021-05-20 07:41:49	Monitoring	[0;49mBuffering enabled (100)[0m
[2124:ITSDigitWriter]: [07:41:49][INFO] 0: branch  ITSDigitMCTruth set up
[2124:ITSDigitWriter]: [07:41:49][INFO] 1: branch  ITSDigitMC2ROF set up
[2124:ITSDigitWriter]: [07:41:49][INFO] 2: branch  ITSDigit set up
[2124:ITSDigitWriter]: [07:41:49][INFO] 3: branch  ITSDigitROF set up
[2124:ITSDigitWriter]: [07:41:49][STATE] INITIALIZING DEVICE ---> INITIALIZED
[2124:ITSDigitWriter]: [07:41:49][STATE] INITIALIZED ---> BINDING
[2124:ITSDigitWriter]: [07:41:49][STATE] BINDING ---> BOUND
[2124:ITSDigitWriter]: [07:41:49][STATE] BOUND ---> CONNECTING
[2124:ITSDigitWriter]: [07:41:49][STATE] CONNECTING ---> DEVICE READY
[2124:ITSDigitWriter]: [07:41:49][STATE] DEVICE READY ---> INITIALIZING TASK
[2124:ITSDigitWriter]: [07:41:49][STATE] INITIALIZING TASK ---> READY
[2124:ITSDigitWriter]: [07:41:49][STATE] READY ---> RUNNING
[2124:ITSDigitWriter]: [07:41:49][INFO] DEVICE: Running...
[2122:ITSDigitizer]: Info in <TGeoManager::CloseGeometry>: Geometry loaded from file...
[2122:ITSDigitizer]: Info in <TGeoManager::SetTopVolume>: Top volume is cave. Master volume is cave
[2122:ITSDigitizer]: Info in <TGeoNavigator::BuildCache>: --- Maximum geometry depth set to 100
[2122:ITSDigitizer]: Info in <TGeoManager::CloseGeometry>: Voxelization retrieved from file
[2122:ITSDigitizer]: Info in <TGeoManager::CountLevels>: max level = 9, max placements = 126
[2122:ITSDigitizer]: Info in <TGeoManager::CloseGeometry>: 179840 nodes/ 399 volume UID's in FAIR geometry
[2122:ITSDigitizer]: Info in <TGeoManager::CloseGeometry>: ----------------modeler ready----------------
[2122:ITSDigitizer]: [07:41:51][INFO] Initializing field service
[2121:SimReader]: [07:41:51][INFO] Automatic deduction of number of collisions ... will just take number of background entries 20
[2121:SimReader]: Summary of DigitizationContext --
[2121:SimReader]: Parts per collision 1
[2121:SimReader]: Collision parts taken from simulations specified by prefix:
[2121:SimReader]: Number of Collisions 20
[2121:SimReader]: Collision 0 TIME BCid:   20 Orbit:      1 |T in BC(ns): -0.180 (0 , 0)
[2121:SimReader]: Collision 1 TIME BCid:   58 Orbit:      1 |T in BC(ns): -0.139 (0 , 1)
[2121:SimReader]: Collision 2 TIME BCid: 1190 Orbit:      1 |T in BC(ns): -0.058 (0 , 2)
[2121:SimReader]: Collision 3 TIME BCid: 1604 Orbit:      1 |T in BC(ns): -0.109 (0 , 3)
[2121:SimReader]: Collision 4 TIME BCid: 2148 Orbit:      1 |T in BC(ns): 0.147 (0 , 4)
[2121:SimReader]: Collision 5 TIME BCid:   26 Orbit:      2 |T in BC(ns): -0.326 (0 , 5)
[2121:SimReader]: Collision 6 TIME BCid:  396 Orbit:      2 |T in BC(ns): 0.123 (0 , 6)
[2121:SimReader]: Collision 7 TIME BCid:  402 Orbit:      2 |T in BC(ns): 0.047 (0 , 7)
[2121:SimReader]: Collision 8 TIME BCid:  448 Orbit:      2 |T in BC(ns): 0.008 (0 , 8)
[2121:SimReader]: Collision 9 TIME BCid:  476 Orbit:      2 |T in BC(ns): 0.064 (0 , 9)
[2121:SimReader]: Collision 10 TIME BCid:  818 Orbit:      2 |T in BC(ns): -0.131 (0 , 10)
[2121:SimReader]: Collision 11 TIME BCid: 1166 Orbit:      2 |T in BC(ns): 0.044 (0 , 11)
[2121:SimReader]: Collision 12 TIME BCid: 2192 Orbit:      2 |T in BC(ns): -0.164 (0 , 12)
[2121:SimReader]: Collision 13 TIME BCid:  248 Orbit:      3 |T in BC(ns): 0.210 (0 , 13)
[2121:SimReader]: Collision 14 TIME BCid:  476 Orbit:      3 |T in BC(ns): 0.049 (0 , 14)
[2121:SimReader]: Collision 15 TIME BCid:  608 Orbit:      3 |T in BC(ns): -0.159 (0 , 15)
[2121:SimReader]: Collision 16 TIME BCid: 1804 Orbit:      3 |T in BC(ns): -0.137 (0 , 16)
[2121:SimReader]: Collision 17 TIME BCid:  200 Orbit:      4 |T in BC(ns): 0.116 (0 , 17)
[2121:SimReader]: Collision 18 TIME BCid: 1608 Orbit:      4 |T in BC(ns): 0.017 (0 , 18)
[2121:SimReader]: Collision 19 TIME BCid: 2156 Orbit:      4 |T in BC(ns): 0.231 (0 , 19)
[2121:SimReader]: [07:41:51][INFO] Initializing Spec ... have 20 times 
[2121:SimReader]: [07:41:51][INFO] Serializing Context for later reuse
[2121:SimReader]: [07:41:51][STATE] INITIALIZING DEVICE ---> INITIALIZED
[2121:SimReader]: [07:41:51][STATE] INITIALIZED ---> BINDING
[2121:SimReader]: [07:41:51][STATE] BINDING ---> BOUND
[2121:SimReader]: [07:41:51][STATE] BOUND ---> CONNECTING
[2121:SimReader]: [07:41:51][STATE] CONNECTING ---> DEVICE READY
[2121:SimReader]: [07:41:51][STATE] DEVICE READY ---> INITIALIZING TASK
[2121:SimReader]: [07:41:51][STATE] INITIALIZING TASK ---> READY
[2121:SimReader]: [07:41:51][STATE] READY ---> RUNNING
[2121:SimReader]: [07:41:51][INFO] DEVICE: Running...
[2121:SimReader]: [07:41:51][INFO] SENDING SOMETHING TO OTHERS
[2122:ITSDigitizer]: [07:41:51][INFO] MagneticField::Print: MagneticFieldMap:
[2122:ITSDigitizer]: [07:41:51][INFO] MagneticField::Print: Solenoid (-1*)5 kG, Dipole ON (-1) 
[2122:ITSDigitizer]: [07:41:51][INFO] MagneticField::Print: Machine B fields for p-p  beam (7000 GeV): QGrad: 22.0002 Dipole: 37.8781
[2122:ITSDigitizer]: [07:41:51][INFO] MagneticField::Print: Uses Sol30_Dip6_Hole  of /cvmfs/alice.cern.ch/el7-x86_64/Packages/O2/nightly-20210129-1/share/Common/maps/mfchebKGI_sym.root
[2122:ITSDigitizer]: Info in <TGeoGlobalMagField::SetField>: Global magnetic field set to <MagneticFieldMap>
[2122:ITSDigitizer]: Info in <TGeoGlobalMagField::Lock>: Global magnetic field <MagneticFieldMap> is now locked
[2122:ITSDigitizer]: [07:41:51][INFO] Set Alpide charge threshold to 150, single hit will be accounted from 15 electrons
[2122:ITSDigitizer]: [07:41:51][INFO] ITS simulated in CONTINUOUS RO mode
[2122:ITSDigitizer]: [07:41:51][INFO] Loading ITS L2G matrices from TGeo
[2122:ITSDigitizer]: Alpide response object of 40500 matrices to map chagre in xyz to 5x5 pixels
[2122:ITSDigitizer]: X(col) range: +0.000000e+00 : +1.462000e-03 | step: 5.000000e-05 | Nbins: 30
[2122:ITSDigitizer]: Y(row) range: +0.000000e+00 : +1.344000e-03 | step: 5.000000e-05 | Nbins: 27
[2122:ITSDigitizer]: Z(dpt) range: -2.000000e-03 : +2.500000e-03 | step: 8.999999e-05 | Nbins: 50
[2122:ITSDigitizer]: Alpide digitization params:
[2122:ITSDigitizer]: Continuous readout             : ON
[2122:ITSDigitizer]: Readout Frame Length(ns)       : 9880.510742
[2122:ITSDigitizer]: Strobe delay (ns)              : 99.803139
[2122:ITSDigitizer]: Strobe length (ns)             : 9780.708008
[2122:ITSDigitizer]: Threshold (N electrons)        : 150
[2122:ITSDigitizer]: Min N electrons to accoint     : 15
[2122:ITSDigitizer]: Number of charge sharing steps : 7
[2122:ITSDigitizer]: ELoss to N electrons factor    : 2.777778e+08
[2122:ITSDigitizer]: Noise level per pixel          : 1.000000e-07
[2122:ITSDigitizer]: Charge time-response:
[2122:ITSDigitizer]: o2::itsmft::AlpideSignalTrapezoid | Duration: 7500.0 MaxRiseTime: 1100.0 (RiseTime=0 at q=450.0) (ns)
[2122:ITSDigitizer]: [07:41:53][STATE] INITIALIZING DEVICE ---> INITIALIZED
[2122:ITSDigitizer]: [07:41:53][STATE] INITIALIZED ---> BINDING
[2122:ITSDigitizer]: [07:41:53][STATE] BINDING ---> BOUND
[2122:ITSDigitizer]: [07:41:53][STATE] BOUND ---> CONNECTING
[2122:ITSDigitizer]: [07:41:53][STATE] CONNECTING ---> DEVICE READY
[2122:ITSDigitizer]: [07:41:53][STATE] DEVICE READY ---> INITIALIZING TASK
[2122:ITSDigitizer]: [07:41:53][STATE] INITIALIZING TASK ---> READY
[2122:ITSDigitizer]: [07:41:53][STATE] READY ---> RUNNING
[2122:ITSDigitizer]: [07:41:53][INFO] DEVICE: Running...
[2122:ITSDigitizer]: [07:41:53][INFO] GOT 20 COLLISSION TIMES
[2122:ITSDigitizer]: [07:41:53][INFO] SIMCHAINS 1
[2122:ITSDigitizer]: [07:41:53][INFO]  CALLING ITS DIGITIZATION 
[2122:ITSDigitizer]: [07:41:54][INFO] Digitizing ITS hits of entry 0 from source 0 at time BCid:   20 Orbit:      1 |T in BC(ns): -0.180 ROFrame= 9) cont.mode: 1 Min/Max ROFrames 0/8
[2122:ITSDigitizer]: [07:41:54][INFO] Filling ITS digits output for RO frames 0:8
[2122:ITSDigitizer]: ROF: 0 | 1283 entries starting from 0
[2122:ITSDigitizer]: BCid:    0 Orbit:      0
[2122:ITSDigitizer]: ROF: 1 | 1267 entries starting from 1283
[2122:ITSDigitizer]: BCid:  396 Orbit:      0
[2122:ITSDigitizer]: ROF: 2 | 1323 entries starting from 2550
[2122:ITSDigitizer]: BCid:  792 Orbit:      0
[2122:ITSDigitizer]: ROF: 3 | 1229 entries starting from 3873
[2122:ITSDigitizer]: BCid: 1188 Orbit:      0
[2122:ITSDigitizer]: ROF: 4 | 1245 entries starting from 5102
[2122:ITSDigitizer]: BCid: 1584 Orbit:      0
[2122:ITSDigitizer]: ROF: 5 | 1248 entries starting from 6347
[2122:ITSDigitizer]: BCid: 1980 Orbit:      0
[2122:ITSDigitizer]: ROF: 6 | 1259 entries starting from 7595
[2122:ITSDigitizer]: BCid: 2376 Orbit:      0
[2122:ITSDigitizer]: ROF: 7 | 1258 entries starting from 8854
[2122:ITSDigitizer]: BCid: 2772 Orbit:      0
[2122:ITSDigitizer]: ROF: 8 | 1247 entries starting from 10112
[2122:ITSDigitizer]: BCid: 3168 Orbit:      0
[2122:ITSDigitizer]: [07:41:54][INFO] Added 11359 digits 
[2122:ITSDigitizer]: [07:41:54][INFO] Digitizing ITS hits of entry 1 from source 0 at time BCid:   58 Orbit:      1 |T in BC(ns): -0.139 ROFrame= 9) cont.mode: 1 Min/Max ROFrames 9/9
[2122:ITSDigitizer]: [07:41:54][INFO] Digitizing ITS hits of entry 2 from source 0 at time BCid: 1190 Orbit:      1 |T in BC(ns): -0.058 ROFrame= 12) cont.mode: 1 Min/Max ROFrames 9/11
[2122:ITSDigitizer]: [07:41:54][INFO] Filling ITS digits output for RO frames 9:11
[2122:ITSDigitizer]: ROF: 9 | 58453 entries starting from 11359
[2122:ITSDigitizer]: BCid:    0 Orbit:      1
[2122:ITSDigitizer]: MCEventID: 0 ROFs: 9-9 Entry in ROFRecords: 9
[2122:ITSDigitizer]: MCEventID: 1 ROFs: 9-9 Entry in ROFRecords: 9
[2122:ITSDigitizer]: ROF: 10 | 1307 entries starting from 69812
[2122:ITSDigitizer]: BCid:  396 Orbit:      1
[2122:ITSDigitizer]: ROF: 11 | 1320 entries starting from 71119
[2122:ITSDigitizer]: BCid:  792 Orbit:      1
[2122:ITSDigitizer]: [07:41:54][INFO] Added 61080 digits 
[2122:ITSDigitizer]: [07:41:54][INFO] Digitizing ITS hits of entry 3 from source 0 at time BCid: 1604 Orbit:      1 |T in BC(ns): -0.109 ROFrame= 13) cont.mode: 1 Min/Max ROFrames 12/13
[2122:ITSDigitizer]: [07:41:54][INFO] Filling ITS digits output for RO frames 12:12
[2122:ITSDigitizer]: ROF: 12 | 87724 entries starting from 72439
[2122:ITSDigitizer]: BCid: 1188 Orbit:      1
[2122:ITSDigitizer]: MCEventID: 2 ROFs: 12-13 Entry in ROFRecords: 12
[2122:ITSDigitizer]: [07:41:55][INFO] Added 87724 digits 
[2122:ITSDigitizer]: [07:41:55][INFO] Digitizing ITS hits of entry 4 from source 0 at time BCid: 2148 Orbit:      1 |T in BC(ns): 0.147 ROFrame= 14) cont.mode: 1 Min/Max ROFrames 13/13
[2122:ITSDigitizer]: [07:41:55][INFO] Filling ITS digits output for RO frames 13:13
[2122:ITSDigitizer]: ROF: 13 | 3013 entries starting from 160163
[2122:ITSDigitizer]: BCid: 1584 Orbit:      1
[2122:ITSDigitizer]: MCEventID: 3 ROFs: 13-13 Entry in ROFRecords: 13
[2122:ITSDigitizer]: [07:41:55][INFO] Added 3013 digits 
[2122:ITSDigitizer]: [07:41:55][INFO] Digitizing ITS hits of entry 5 from source 0 at time BCid:   26 Orbit:      2 |T in BC(ns): -0.326 ROFrame= 18) cont.mode: 1 Min/Max ROFrames 14/17
[2122:ITSDigitizer]: [07:41:55][INFO] Filling ITS digits output for RO frames 14:17
[2122:ITSDigitizer]: ROF: 14 | 1297 entries starting from 163176
[2122:ITSDigitizer]: BCid: 1980 Orbit:      1
[2122:ITSDigitizer]: MCEventID: 4 ROFs: 14-15 Entry in ROFRecords: 14
[2122:ITSDigitizer]: ROF: 15 | 1358 entries starting from 164473
[2122:ITSDigitizer]: BCid: 2376 Orbit:      1
[2122:ITSDigitizer]: ROF: 16 | 1324 entries starting from 165831
[2122:ITSDigitizer]: BCid: 2772 Orbit:      1
[2122:ITSDigitizer]: ROF: 17 | 1339 entries starting from 167155
[2122:ITSDigitizer]: BCid: 3168 Orbit:      1
[2122:ITSDigitizer]: [07:41:55][INFO] Added 5318 digits 
[2122:ITSDigitizer]: [07:41:55][INFO] Digitizing ITS hits of entry 6 from source 0 at time BCid:  396 Orbit:      2 |T in BC(ns): 0.123 ROFrame= 19) cont.mode: 1 Min/Max ROFrames 18/18
[2122:ITSDigitizer]: [07:41:55][INFO] Filling ITS digits output for RO frames 18:18
[2122:ITSDigitizer]: ROF: 18 | 2824 entries starting from 168494
[2122:ITSDigitizer]: BCid:    0 Orbit:      2
[2122:ITSDigitizer]: MCEventID: 5 ROFs: 18-18 Entry in ROFRecords: 18
[2122:ITSDigitizer]: [07:41:55][INFO] Added 2824 digits 
[2122:ITSDigitizer]: [07:41:55][INFO] Digitizing ITS hits of entry 7 from source 0 at time BCid:  402 Orbit:      2 |T in BC(ns): 0.047 ROFrame= 19) cont.mode: 1 Min/Max ROFrames 19/20
[2122:ITSDigitizer]: [07:41:55][INFO] Digitizing ITS hits of entry 8 from source 0 at time BCid:  448 Orbit:      2 |T in BC(ns): 0.008 ROFrame= 19) cont.mode: 1 Min/Max ROFrames 19/20
[2122:ITSDigitizer]: [07:41:55][INFO] Digitizing ITS hits of entry 9 from source 0 at time BCid:  476 Orbit:      2 |T in BC(ns): 0.064 ROFrame= 19) cont.mode: 1 Min/Max ROFrames 19/20
[2122:ITSDigitizer]: [07:41:55][INFO] Digitizing ITS hits of entry 10 from source 0 at time BCid:  818 Orbit:      2 |T in BC(ns): -0.131 ROFrame= 20) cont.mode: 1 Min/Max ROFrames 19/20
[2122:ITSDigitizer]: [07:41:55][INFO] Filling ITS digits output for RO frames 19:19
[2122:ITSDigitizer]: ROF: 19 | 53102 entries starting from 171318
[2122:ITSDigitizer]: BCid:  396 Orbit:      2
[2122:ITSDigitizer]: MCEventID: 6 ROFs: 19-20 Entry in ROFRecords: 19
[2122:ITSDigitizer]: MCEventID: 7 ROFs: 19-19 Entry in ROFRecords: 19
[2122:ITSDigitizer]: MCEventID: 8 ROFs: 19-19 Entry in ROFRecords: 19
[2122:ITSDigitizer]: MCEventID: 9 ROFs: 19-20 Entry in ROFRecords: 19
[2122:ITSDigitizer]: [07:41:55][INFO] Added 53102 digits 
[2122:ITSDigitizer]: [07:41:55][INFO] Digitizing ITS hits of entry 11 from source 0 at time BCid: 1166 Orbit:      2 |T in BC(ns): 0.044 ROFrame= 20) cont.mode: 1 Min/Max ROFrames 20/21
[2122:ITSDigitizer]: [07:41:55][INFO] Digitizing ITS hits of entry 12 from source 0 at time BCid: 2192 Orbit:      2 |T in BC(ns): -0.164 ROFrame= 23) cont.mode: 1 Min/Max ROFrames 20/22
[2122:ITSDigitizer]: [07:41:55][INFO] Filling ITS digits output for RO frames 20:22
[2122:ITSDigitizer]: ROF: 20 | 74134 entries starting from 224420
[2122:ITSDigitizer]: BCid:  792 Orbit:      2
[2122:ITSDigitizer]: MCEventID: 10 ROFs: 20-21 Entry in ROFRecords: 20
[2122:ITSDigitizer]: MCEventID: 11 ROFs: 20-21 Entry in ROFRecords: 20
[2122:ITSDigitizer]: ROF: 21 | 3697 entries starting from 298554
[2122:ITSDigitizer]: BCid: 1188 Orbit:      2
[2122:ITSDigitizer]: ROF: 22 | 1271 entries starting from 302251
[2122:ITSDigitizer]: BCid: 1584 Orbit:      2
[2122:ITSDigitizer]: [07:41:55][INFO] Added 79102 digits 
[2122:ITSDigitizer]: [07:41:55][INFO] Digitizing ITS hits of entry 13 from source 0 at time BCid:  248 Orbit:      3 |T in BC(ns): 0.210 ROFrame= 27) cont.mode: 1 Min/Max ROFrames 23/26
[2122:ITSDigitizer]: [07:41:55][INFO] Filling ITS digits output for RO frames 23:26
[2122:ITSDigitizer]: ROF: 23 | 85901 entries starting from 303522
[2122:ITSDigitizer]: BCid: 1980 Orbit:      2
[2122:ITSDigitizer]: MCEventID: 12 ROFs: 23-25 Entry in ROFRecords: 23
[2122:ITSDigitizer]: ROF: 24 | 85915 entries starting from 389423
[2122:ITSDigitizer]: BCid: 2376 Orbit:      2
[2122:ITSDigitizer]: ROF: 25 | 1304 entries starting from 475338
[2122:ITSDigitizer]: BCid: 2772 Orbit:      2
[2122:ITSDigitizer]: ROF: 26 | 1213 entries starting from 476642
[2122:ITSDigitizer]: BCid: 3168 Orbit:      2
[2122:ITSDigitizer]: [07:41:56][INFO] Added 174333 digits 
[2122:ITSDigitizer]: [07:41:56][INFO] Digitizing ITS hits of entry 14 from source 0 at time BCid:  476 Orbit:      3 |T in BC(ns): 0.049 ROFrame= 28) cont.mode: 1 Min/Max ROFrames 27/29
[2122:ITSDigitizer]: [07:41:56][INFO] Filling ITS digits output for RO frames 27:27
[2122:ITSDigitizer]: ROF: 27 | 232961 entries starting from 477855
[2122:ITSDigitizer]: BCid:    0 Orbit:      3
[2122:ITSDigitizer]: MCEventID: 13 ROFs: 27-29 Entry in ROFRecords: 27
[2122:ITSDigitizer]: [07:41:57][INFO] Added 232961 digits 
[2122:ITSDigitizer]: [07:41:57][INFO] Digitizing ITS hits of entry 15 from source 0 at time BCid:  608 Orbit:      3 |T in BC(ns): -0.159 ROFrame= 28) cont.mode: 1 Min/Max ROFrames 28/30
[2122:ITSDigitizer]: [07:41:57][INFO] Digitizing ITS hits of entry 16 from source 0 at time BCid: 1804 Orbit:      3 |T in BC(ns): -0.137 ROFrame= 31) cont.mode: 1 Min/Max ROFrames 28/30
[2122:ITSDigitizer]: [07:41:57][INFO] Filling ITS digits output for RO frames 28:30
[2122:ITSDigitizer]: ROF: 28 | 327247 entries starting from 710816
[2122:ITSDigitizer]: BCid:  396 Orbit:      3
[2122:ITSDigitizer]: MCEventID: 14 ROFs: 28-30 Entry in ROFRecords: 28
[2122:ITSDigitizer]: MCEventID: 15 ROFs: 28-30 Entry in ROFRecords: 28
[2122:ITSDigitizer]: ROF: 29 | 44505 entries starting from 1038063
[2122:ITSDigitizer]: BCid:  792 Orbit:      3
[2122:ITSDigitizer]: ROF: 30 | 1350 entries starting from 1082568
[2122:ITSDigitizer]: BCid: 1188 Orbit:      3
[2122:ITSDigitizer]: [07:41:58][INFO] Added 373102 digits 
[2122:ITSDigitizer]: [07:41:58][INFO] Digitizing ITS hits of entry 17 from source 0 at time BCid:  200 Orbit:      4 |T in BC(ns): 0.116 ROFrame= 36) cont.mode: 1 Min/Max ROFrames 31/35
[2122:ITSDigitizer]: [07:41:58][INFO] Filling ITS digits output for RO frames 31:35
[2122:ITSDigitizer]: ROF: 31 | 210169 entries starting from 1083918
[2122:ITSDigitizer]: BCid: 1584 Orbit:      3
[2122:ITSDigitizer]: MCEventID: 16 ROFs: 31-33 Entry in ROFRecords: 31
[2122:ITSDigitizer]: ROF: 32 | 210127 entries starting from 1294087
[2122:ITSDigitizer]: BCid: 1980 Orbit:      3
[2122:ITSDigitizer]: ROF: 33 | 1300 entries starting from 1504214
[2122:ITSDigitizer]: BCid: 2376 Orbit:      3
[2122:ITSDigitizer]: ROF: 34 | 1211 entries starting from 1505514
[2122:ITSDigitizer]: BCid: 2772 Orbit:      3
[2122:ITSDigitizer]: ROF: 35 | 1272 entries starting from 1506725
[2122:ITSDigitizer]: BCid: 3168 Orbit:      3
[2122:ITSDigitizer]: [07:41:58][INFO] Added 424079 digits 
[2122:ITSDigitizer]: [07:41:58][INFO] Digitizing ITS hits of entry 18 from source 0 at time BCid: 1608 Orbit:      4 |T in BC(ns): 0.017 ROFrame= 40) cont.mode: 1 Min/Max ROFrames 36/39
[2122:ITSDigitizer]: [07:41:58][INFO] Filling ITS digits output for RO frames 36:39
[2122:ITSDigitizer]: ROF: 36 | 32515 entries starting from 1507997
[2122:ITSDigitizer]: BCid:    0 Orbit:      4
[2122:ITSDigitizer]: MCEventID: 17 ROFs: 36-37 Entry in ROFRecords: 36
[2122:ITSDigitizer]: ROF: 37 | 32501 entries starting from 1540512
[2122:ITSDigitizer]: BCid:  396 Orbit:      4
[2122:ITSDigitizer]: ROF: 38 | 1318 entries starting from 1573013
[2122:ITSDigitizer]: BCid:  792 Orbit:      4
[2122:ITSDigitizer]: ROF: 39 | 1290 entries starting from 1574331
[2122:ITSDigitizer]: BCid: 1188 Orbit:      4
[2122:ITSDigitizer]: [07:41:58][INFO] Added 67624 digits 
[2122:ITSDigitizer]: [07:41:58][INFO] Digitizing ITS hits of entry 19 from source 0 at time BCid: 2156 Orbit:      4 |T in BC(ns): 0.231 ROFrame= 41) cont.mode: 1 Min/Max ROFrames 40/41
[2122:ITSDigitizer]: [07:41:58][INFO] Filling ITS digits output for RO frames 40:40
[2122:ITSDigitizer]: ROF: 40 | 72785 entries starting from 1575621
[2122:ITSDigitizer]: BCid: 1584 Orbit:      4
[2122:ITSDigitizer]: MCEventID: 18 ROFs: 40-41 Entry in ROFRecords: 40
[2122:ITSDigitizer]: [07:41:59][INFO] Added 72785 digits 
[2122:ITSDigitizer]: [07:41:59][INFO] Filling ITS digits output for RO frames 41:43
[2122:ITSDigitizer]: ROF: 41 | 264089 entries starting from 1648406
[2122:ITSDigitizer]: BCid: 1980 Orbit:      4
[2122:ITSDigitizer]: MCEventID: 19 ROFs: 41-43 Entry in ROFRecords: 41
[2122:ITSDigitizer]: ROF: 42 | 263797 entries starting from 1912495
[2122:ITSDigitizer]: BCid: 2376 Orbit:      4
[2122:ITSDigitizer]: ROF: 43 | 1378 entries starting from 2176292
[2122:ITSDigitizer]: BCid: 2772 Orbit:      4
[2122:ITSDigitizer]: [07:41:59][INFO] Added 529264 digits 
[2122:ITSDigitizer]: [07:42:00][INFO] ITS: Sending ROMode= 3 to GRPUpdater
[2122:ITSDigitizer]: [07:42:00][INFO] Digitization took 5.66s
[2124:ITSDigitWriter]: [07:42:00][INFO] WRITING 2190102 LABELS 
[2123:GRPUpdater]: [07:42:00][INFO] Updated GRP in o2sim_grp.root for detectors RO mode
[2123:GRPUpdater]: Run: 1621488957
[2123:GRPUpdater]: Fill:      0
[2123:GRPUpdater]: Period: 
[2123:GRPUpdater]: LHC State: 
[2123:GRPUpdater]: Start: Thu May 20 07:36:00 2021
[2123:GRPUpdater]: End  : Thu May 20 07:36:01 2021
[2123:GRPUpdater]: Beam0: Z:A =   0:  0, Energy = 0.000
[2123:GRPUpdater]: Beam1: Z:A =   0:  0, Energy = 0.000
[2123:GRPUpdater]: sqrt[s]    = 0.000
[2123:GRPUpdater]: crossing angle (radian) = 0.000000e+00
[2123:GRPUpdater]: magnet currents (A) L3 = -30000.000, Dipole = -6000
[2123:GRPUpdater]: Detectors: Cont.RO Triggers
[2123:GRPUpdater]:       ITS:    +       -    
[2124:ITSDigitWriter]: [07:42:00][INFO] RECEIVED DIGITS SIZE 2177670
[INFO] Quitting
[INFO] QUIT_REQUESTED
[2124:ITSDigitWriter]: [07:42:01][INFO] Received device shutdown request (signal 15).
[2124:ITSDigitWriter]: [07:42:01][INFO] Waiting for graceful device shutdown. Hit Ctrl-C again to abort immediately.
[2123:GRPUpdater]: [07:42:01][INFO] Received device shutdown request (signal 15).
[2123:GRPUpdater]: [07:42:01][INFO] Waiting for graceful device shutdown. Hit Ctrl-C again to abort immediately.
[2121:SimReader]: [07:42:01][INFO] Received device shutdown request (signal 15).
[2121:SimReader]: [07:42:01][INFO] Waiting for graceful device shutdown. Hit Ctrl-C again to abort immediately.
[2121:SimReader]: [07:42:01][STATE] RUNNING ---> READY
[2121:SimReader]: [07:42:01][STATE] READY ---> RESETTING TASK
[2121:SimReader]: [07:42:01][STATE] RESETTING TASK ---> DEVICE READY
[2121:SimReader]: [07:42:01][STATE] DEVICE READY ---> RESETTING DEVICE
[2121:SimReader]: [07:42:01][STATE] RESETTING DEVICE ---> IDLE
[2121:SimReader]: [07:42:01][STATE] IDLE ---> EXITING
[2121:SimReader]: [07:42:01][STATE] Exiting FairMQ state machine
[2120:internal-dpl-clock]: [07:42:01][INFO] Received device shutdown request (signal 15).
[2120:internal-dpl-clock]: [07:42:01][INFO] Waiting for graceful device shutdown. Hit Ctrl-C again to abort immediately.
[2122:ITSDigitizer]: [07:42:01][INFO] Received device shutdown request (signal 15).
[2122:ITSDigitizer]: [07:42:01][INFO] Waiting for graceful device shutdown. Hit Ctrl-C again to abort immediately.
[2122:ITSDigitizer]: [07:42:01][STATE] RUNNING ---> READY
[2120:internal-dpl-clock]: [07:42:01][STATE] RUNNING ---> READY
[2122:ITSDigitizer]: [07:42:01][STATE] READY ---> RESETTING TASK
[2122:ITSDigitizer]: [07:42:01][STATE] RESETTING TASK ---> DEVICE READY
[2120:internal-dpl-clock]: [07:42:01][STATE] READY ---> RESETTING TASK
[2120:internal-dpl-clock]: [07:42:01][STATE] RESETTING TASK ---> DEVICE READY
[2122:ITSDigitizer]: [07:42:01][STATE] DEVICE READY ---> RESETTING DEVICE
[2120:internal-dpl-clock]: [07:42:01][STATE] DEVICE READY ---> RESETTING DEVICE
[2123:GRPUpdater]: [07:42:01][STATE] RUNNING ---> READY
[2123:GRPUpdater]: [07:42:01][STATE] READY ---> RESETTING TASK
[2123:GRPUpdater]: [07:42:01][STATE] RESETTING TASK ---> DEVICE READY
[2123:GRPUpdater]: [07:42:01][STATE] DEVICE READY ---> RESETTING DEVICE
[2123:GRPUpdater]: [07:42:01][STATE] RESETTING DEVICE ---> IDLE
[2123:GRPUpdater]: [07:42:01][STATE] IDLE ---> EXITING
[2123:GRPUpdater]: [07:42:01][STATE] Exiting FairMQ state machine
[2120:internal-dpl-clock]: [07:42:01][STATE] RESETTING DEVICE ---> IDLE
[2120:internal-dpl-clock]: [07:42:01][STATE] IDLE ---> EXITING
[2120:internal-dpl-clock]: [07:42:01][STATE] Exiting FairMQ state machine
[2122:ITSDigitizer]: [07:42:01][STATE] RESETTING DEVICE ---> IDLE
[2122:ITSDigitizer]: [07:42:01][STATE] IDLE ---> EXITING
[2122:ITSDigitizer]: [07:42:01][STATE] Exiting FairMQ state machine
[2124:ITSDigitWriter]: [07:42:03][STATE] RUNNING ---> READY
[2124:ITSDigitWriter]: [07:42:03][STATE] READY ---> RESETTING TASK
[2124:ITSDigitWriter]: [07:42:03][STATE] RESETTING TASK ---> DEVICE READY
[2124:ITSDigitWriter]: [07:42:03][STATE] DEVICE READY ---> RESETTING DEVICE
[2124:ITSDigitWriter]: Cleaning up for shared memory id '9a79b5e0'...
[2124:ITSDigitWriter]: No region counter found. No regions to cleanup.
[2124:ITSDigitWriter]: Successfully removed 'fmq_9a79b5e0_m_0'.
[2124:ITSDigitWriter]: Successfully removed 'fmq_9a79b5e0_mng'.
[2124:ITSDigitWriter]: Successfully removed 'fmq_9a79b5e0_mtx'.
[2124:ITSDigitWriter]: Successfully removed 'fmq_9a79b5e0_cv'.
[2124:ITSDigitWriter]: [07:42:03][STATE] RESETTING DEVICE ---> IDLE
[2124:ITSDigitWriter]: [07:42:03][STATE] IDLE ---> EXITING
[2124:ITSDigitWriter]: [07:42:03][STATE] Exiting FairMQ state machine
[INFO] Dumping used configuration in dpl-config.json

==============================================================================================
3. Tracking
[INFO] Initialising O2 Data Processing Layer
[INFO] O2 Data Processing Layer initialised. We brake for nobody.
[INFO] Optimised build. O2DEBUG / LOG(DEBUG) / LOGF(DEBUG) / assert statement will not be shown.
[INFO] Redeployment of configuration asked.
[INFO] Starting internal-dpl-clock on pid 3203
[INFO] Starting its-digit-reader on pid 3204
[INFO] Starting its-clusterer on pid 3205
[INFO] Starting its-cluster-writer on pid 3206
[INFO] Starting its-tracker on pid 3207
[INFO] Starting its-track-writer on pid 3208
[INFO] Redeployment of configuration done.
[3205:its-clusterer]: [INFO] Spawing new device its-clusterer in process with pid 3205
[3204:its-digit-reader]: [INFO] Spawing new device its-digit-reader in process with pid 3204
[3208:its-track-writer]: [INFO] Spawing new device its-track-writer in process with pid 3208
[3204:its-digit-reader]: [07:45:04][INFO] 
[3204:its-digit-reader]:       ______      _    _______  _________ 
[3204:its-digit-reader]:      / ____/___ _(_)_______   |/  /_  __ \    version 1.4.29
[3204:its-digit-reader]:     / /_  / __ `/ / ___/__  /|_/ /_  / / /    build RELWITHDEBINFO
[3204:its-digit-reader]:    / __/ / /_/ / / /    _  /  / / / /_/ /     https://github.com/FairRootGroup/FairMQ
[3204:its-digit-reader]:   /_/    \__,_/_/_/     /_/  /_/  \___\_\     LGPL-3.0  © 2012-2020 GSI
[3204:its-digit-reader]: 
[3204:its-digit-reader]: [07:45:04][STATE] Starting FairMQ state machine --> IDLE
[3205:its-clusterer]: [07:45:04][INFO] 
[3205:its-clusterer]:       ______      _    _______  _________ 
[3205:its-clusterer]:      / ____/___ _(_)_______   |/  /_  __ \    version 1.4.29
[3205:its-clusterer]:     / /_  / __ `/ / ___/__  /|_/ /_  / / /    build RELWITHDEBINFO
[3205:its-clusterer]:    / __/ / /_/ / / /    _  /  / / / /_/ /     https://github.com/FairRootGroup/FairMQ
[3205:its-clusterer]:   /_/    \__,_/_/_/     /_/  /_/  \___\_\     LGPL-3.0  © 2012-2020 GSI
[3205:its-clusterer]: 
[3205:its-clusterer]: [07:45:04][STATE] Starting FairMQ state machine --> IDLE
[3204:its-digit-reader]: 2021-05-20 07:45:04	Monitoring	[0;49mStdOut backend initialized[0m
[3204:its-digit-reader]: [07:45:04][STATE] IDLE ---> INITIALIZING DEVICE
[3205:its-clusterer]: 2021-05-20 07:45:04	Monitoring	[0;49mStdOut backend initialized[0m
[3205:its-clusterer]: [07:45:04][STATE] IDLE ---> INITIALIZING DEVICE
[3203:internal-dpl-clock]: [INFO] Spawing new device internal-dpl-clock in process with pid 3203
[3208:its-track-writer]: [07:45:04][INFO] 
[3208:its-track-writer]:       ______      _    _______  _________ 
[3208:its-track-writer]:      / ____/___ _(_)_______   |/  /_  __ \    version 1.4.29
[3208:its-track-writer]:     / /_  / __ `/ / ___/__  /|_/ /_  / / /    build RELWITHDEBINFO
[3208:its-track-writer]:    / __/ / /_/ / / /    _  /  / / / /_/ /     https://github.com/FairRootGroup/FairMQ
[3208:its-track-writer]:   /_/    \__,_/_/_/     /_/  /_/  \___\_\     LGPL-3.0  © 2012-2020 GSI
[3208:its-track-writer]: 
[3208:its-track-writer]: [07:45:04][STATE] Starting FairMQ state machine --> IDLE
[3208:its-track-writer]: 2021-05-20 07:45:04	Monitoring	[0;49mStdOut backend initialized[0m
[3208:its-track-writer]: [07:45:04][STATE] IDLE ---> INITIALIZING DEVICE
[3203:internal-dpl-clock]: [07:45:04][INFO] 
[3203:internal-dpl-clock]:       ______      _    _______  _________ 
[3203:internal-dpl-clock]:      / ____/___ _(_)_______   |/  /_  __ \    version 1.4.29
[3203:internal-dpl-clock]:     / /_  / __ `/ / ___/__  /|_/ /_  / / /    build RELWITHDEBINFO
[3203:internal-dpl-clock]:    / __/ / /_/ / / /    _  /  / / / /_/ /     https://github.com/FairRootGroup/FairMQ
[3203:internal-dpl-clock]:   /_/    \__,_/_/_/     /_/  /_/  \___\_\     LGPL-3.0  © 2012-2020 GSI
[3203:internal-dpl-clock]: 
[3203:internal-dpl-clock]: [07:45:04][STATE] Starting FairMQ state machine --> IDLE
[3203:internal-dpl-clock]: 2021-05-20 07:45:04	Monitoring	[0;49mStdOut backend initialized[0m
[3206:its-cluster-writer]: [INFO] Spawing new device its-cluster-writer in process with pid 3206
[3207:its-tracker]: [INFO] Spawing new device its-tracker in process with pid 3207
[3207:its-tracker]: [07:45:04][INFO] 
[3207:its-tracker]:       ______      _    _______  _________ 
[3207:its-tracker]:      / ____/___ _(_)_______   |/  /_  __ \    version 1.4.29
[3207:its-tracker]:     / /_  / __ `/ / ___/__  /|_/ /_  / / /    build RELWITHDEBINFO
[3207:its-tracker]:    / __/ / /_/ / / /    _  /  / / / /_/ /     https://github.com/FairRootGroup/FairMQ
[3207:its-tracker]:   /_/    \__,_/_/_/     /_/  /_/  \___\_\     LGPL-3.0  © 2012-2020 GSI
[3207:its-tracker]: 
[3207:its-tracker]: [07:45:04][STATE] Starting FairMQ state machine --> IDLE
[3203:internal-dpl-clock]: [07:45:04][STATE] IDLE ---> INITIALIZING DEVICE
[3206:its-cluster-writer]: [07:45:04][INFO] 
[3206:its-cluster-writer]:       ______      _    _______  _________ 
[3206:its-cluster-writer]:      / ____/___ _(_)_______   |/  /_  __ \    version 1.4.29
[3206:its-cluster-writer]:     / /_  / __ `/ / ___/__  /|_/ /_  / / /    build RELWITHDEBINFO
[3206:its-cluster-writer]:    / __/ / /_/ / / /    _  /  / / / /_/ /     https://github.com/FairRootGroup/FairMQ
[3206:its-cluster-writer]:   /_/    \__,_/_/_/     /_/  /_/  \___\_\     LGPL-3.0  © 2012-2020 GSI
[3206:its-cluster-writer]: 
[3206:its-cluster-writer]: [07:45:04][STATE] Starting FairMQ state machine --> IDLE
[3207:its-tracker]: 2021-05-20 07:45:04	Monitoring	[0;49mStdOut backend initialized[0m
[3207:its-tracker]: [07:45:04][STATE] IDLE ---> INITIALIZING DEVICE
[3203:internal-dpl-clock]: 2021-05-20 07:45:04	Monitoring	[0;49mBuffering enabled (100)[0m
[3203:internal-dpl-clock]: [07:45:04][STATE] INITIALIZING DEVICE ---> INITIALIZED
[3203:internal-dpl-clock]: [07:45:04][STATE] INITIALIZED ---> BINDING
[3203:internal-dpl-clock]: [07:45:04][STATE] BINDING ---> BOUND
[3203:internal-dpl-clock]: [07:45:04][STATE] BOUND ---> CONNECTING
[3203:internal-dpl-clock]: [07:45:04][STATE] CONNECTING ---> DEVICE READY
[3203:internal-dpl-clock]: [07:45:04][STATE] DEVICE READY ---> INITIALIZING TASK
[3203:internal-dpl-clock]: [07:45:04][STATE] INITIALIZING TASK ---> READY
[3203:internal-dpl-clock]: [07:45:04][STATE] READY ---> RUNNING
[3203:internal-dpl-clock]: [07:45:04][INFO] DEVICE: Running...
[3204:its-digit-reader]: 2021-05-20 07:45:04	Monitoring	[0;49mBuffering enabled (100)[0m
[3206:its-cluster-writer]: 2021-05-20 07:45:04	Monitoring	[0;49mStdOut backend initialized[0m
[3206:its-cluster-writer]: [07:45:04][STATE] IDLE ---> INITIALIZING DEVICE
[3207:its-tracker]: 2021-05-20 07:45:04	Monitoring	[0;49mBuffering enabled (100)[0m
[3207:its-tracker]: [07:45:04][INFO] Created GPUReconstruction instance for device type CPU (1) 
[3205:its-clusterer]: 2021-05-20 07:45:04	Monitoring	[0;49mBuffering enabled (100)[0m
[3205:its-clusterer]: [07:45:04][INFO] Dictionary ITSdictionary.bin is absent, ITSClusterer expects cluster patterns
[3205:its-clusterer]: [07:45:04][INFO] Clusterizer masks overflow pixels separated by < 406 BC and <= 0 in row/col
[3205:its-clusterer]: [07:45:04][INFO] Inclusive clusterization timing (w/o disk IO): Cpu: 0 Real: 0 s in 1 slots
[3205:its-clusterer]: [07:45:04][INFO] Threads output merging timing                : Cpu: 0 Real: 0 s in 1 slots
[3205:its-clusterer]: [07:45:04][STATE] INITIALIZING DEVICE ---> INITIALIZED
[3205:its-clusterer]: [07:45:04][STATE] INITIALIZED ---> BINDING
[3205:its-clusterer]: [07:45:04][STATE] BINDING ---> BOUND
[3205:its-clusterer]: [07:45:04][STATE] BOUND ---> CONNECTING
[3205:its-clusterer]: [07:45:04][STATE] CONNECTING ---> DEVICE READY
[3205:its-clusterer]: [07:45:04][STATE] DEVICE READY ---> INITIALIZING TASK
[3205:its-clusterer]: [07:45:04][STATE] INITIALIZING TASK ---> READY
[3205:its-clusterer]: [07:45:04][STATE] READY ---> RUNNING
[3205:its-clusterer]: [07:45:04][INFO] DEVICE: Running...
[3204:its-digit-reader]: [07:45:04][STATE] INITIALIZING DEVICE ---> INITIALIZED
[3204:its-digit-reader]: [07:45:04][STATE] INITIALIZED ---> BINDING
[3204:its-digit-reader]: [07:45:04][STATE] BINDING ---> BOUND
[3204:its-digit-reader]: [07:45:04][STATE] BOUND ---> CONNECTING
[3204:its-digit-reader]: [07:45:04][STATE] CONNECTING ---> DEVICE READY
[3204:its-digit-reader]: [07:45:04][STATE] DEVICE READY ---> INITIALIZING TASK
[3204:its-digit-reader]: [07:45:04][STATE] INITIALIZING TASK ---> READY
[3204:its-digit-reader]: [07:45:04][STATE] READY ---> RUNNING
[3204:its-digit-reader]: [07:45:04][INFO] DEVICE: Running...
[3206:its-cluster-writer]: 2021-05-20 07:45:04	Monitoring	[0;49mBuffering enabled (100)[0m
[3206:its-cluster-writer]: [07:45:04][INFO] 0: branch  ITSClusterComp set up
[3206:its-cluster-writer]: [07:45:04][INFO] 1: branch  ITSClusterPatt set up
[3206:its-cluster-writer]: [07:45:04][INFO] 2: branch  ITSClustersROF set up
[3206:its-cluster-writer]: [07:45:04][INFO] 3: branch  ITSClusterMCTruth set up
[3206:its-cluster-writer]: [07:45:04][INFO] 4: branch  ITSClustersMC2ROF set up
[3208:its-track-writer]: 2021-05-20 07:45:04	Monitoring	[0;49mBuffering enabled (100)[0m
[3208:its-track-writer]: [07:45:04][INFO] 0: branch  ITSTrack set up
[3206:its-cluster-writer]: [07:45:04][STATE] INITIALIZING DEVICE ---> INITIALIZED
[3206:its-cluster-writer]: [07:45:04][STATE] INITIALIZED ---> BINDING
[3208:its-track-writer]: [07:45:04][INFO] 1: branch  ITSTrackClusIdx set up
[3208:its-track-writer]: [07:45:04][INFO] 2: branch  Vertices set up
[3208:its-track-writer]: [07:45:04][INFO] 3: branch  VerticesROF set up
[3208:its-track-writer]: [07:45:04][INFO] 4: branch  ITSTracksROF set up
[3208:its-track-writer]: [07:45:04][INFO] 5: branch  ITSTrackMCTruth set up
[3208:its-track-writer]: [07:45:04][INFO] 6: branch  ITSTracksMC2ROF set up
[3206:its-cluster-writer]: [07:45:04][STATE] BINDING ---> BOUND
[3206:its-cluster-writer]: [07:45:04][STATE] BOUND ---> CONNECTING
[3206:its-cluster-writer]: [07:45:04][STATE] CONNECTING ---> DEVICE READY
[3206:its-cluster-writer]: [07:45:04][STATE] DEVICE READY ---> INITIALIZING TASK
[3206:its-cluster-writer]: [07:45:04][STATE] INITIALIZING TASK ---> READY
[3206:its-cluster-writer]: [07:45:04][STATE] READY ---> RUNNING
[3206:its-cluster-writer]: [07:45:04][INFO] DEVICE: Running...
[3208:its-track-writer]: [07:45:04][STATE] INITIALIZING DEVICE ---> INITIALIZED
[3208:its-track-writer]: [07:45:04][STATE] INITIALIZED ---> BINDING
[3208:its-track-writer]: [07:45:04][STATE] BINDING ---> BOUND
[3208:its-track-writer]: [07:45:04][STATE] BOUND ---> CONNECTING
[3208:its-track-writer]: [07:45:04][STATE] CONNECTING ---> DEVICE READY
[3208:its-track-writer]: [07:45:04][STATE] DEVICE READY ---> INITIALIZING TASK
[3208:its-track-writer]: [07:45:04][STATE] INITIALIZING TASK ---> READY
[3208:its-track-writer]: [07:45:04][STATE] READY ---> RUNNING
[3208:its-track-writer]: [07:45:04][INFO] DEVICE: Running...
[3207:its-tracker]: [07:45:04][INFO] MagneticField::Print: MagneticFieldMap:
[3207:its-tracker]: [07:45:04][INFO] MagneticField::Print: Solenoid (-1*)5 kG, Dipole ON (-1) 
[3207:its-tracker]: [07:45:04][INFO] MagneticField::Print: Machine B fields for p-p  beam (7000 GeV): QGrad: 22.0002 Dipole: 37.8781
[3207:its-tracker]: [07:45:04][INFO] MagneticField::Print: Uses Sol30_Dip6_Hole  of /cvmfs/alice.cern.ch/el7-x86_64/Packages/O2/nightly-20210129-1/share/Common/maps/mfchebKGI_sym.root
[3207:its-tracker]: Info in <TGeoGlobalMagField::SetField>: Global magnetic field set to <MagneticFieldMap>
[3207:its-tracker]: Info in <TGeoGlobalMagField::Lock>: Global magnetic field <MagneticFieldMap> is now locked
[3207:its-tracker]: [07:45:04][INFO] Loading geometry FAIRGeom from o2sim_geometry.root
[3207:its-tracker]: Info in <TGeoManager::CloseGeometry>: Geometry loaded from file...
[3207:its-tracker]: Info in <TGeoManager::SetTopVolume>: Top volume is cave. Master volume is cave
[3207:its-tracker]: Info in <TGeoNavigator::BuildCache>: --- Maximum geometry depth set to 100
[3207:its-tracker]: Info in <TGeoManager::CloseGeometry>: Voxelization retrieved from file
[3207:its-tracker]: Info in <TGeoManager::CountLevels>: max level = 9, max placements = 126
[3207:its-tracker]: Info in <TGeoManager::CloseGeometry>: 179840 nodes/ 399 volume UID's in FAIR geometry
[3207:its-tracker]: Info in <TGeoManager::CloseGeometry>: ----------------modeler ready----------------
[3207:its-tracker]: [07:45:05][INFO] Loading ITS T2L matrices from TGeo
[3207:its-tracker]: [07:45:06][WARN] It is faster to use 2D rotation for T2G instead of full Transform3D matrices
[3207:its-tracker]: [07:45:06][INFO] Loading ITS T2G matrices from TGeo
[3204:its-digit-reader]: [07:45:06][INFO] ITSDigitReader pushed 2177670 digits, in 44 RO frames
[3207:its-tracker]: [07:45:06][INFO] Loading ITS T2G rotation 2D matrices
[3207:its-tracker]: [07:45:06][INFO] Initializing tracker in sync. phase reconstruction with 1 passes
[3207:its-tracker]: [07:45:06][INFO] Not using lookup table for material budget approximation
[3207:its-tracker]: [07:45:06][INFO] Dictionary ITSdictionary.bin is absent, Tracker expects cluster patterns
[3207:its-tracker]: [07:45:06][STATE] INITIALIZING DEVICE ---> INITIALIZED
[3207:its-tracker]: [07:45:06][STATE] INITIALIZED ---> BINDING
[3207:its-tracker]: [07:45:06][STATE] BINDING ---> BOUND
[3207:its-tracker]: [07:45:06][STATE] BOUND ---> CONNECTING
[3207:its-tracker]: [07:45:06][STATE] CONNECTING ---> DEVICE READY
[3207:its-tracker]: [07:45:06][STATE] DEVICE READY ---> INITIALIZING TASK
[3207:its-tracker]: [07:45:06][STATE] INITIALIZING TASK ---> READY
[3207:its-tracker]: [07:45:06][STATE] READY ---> RUNNING
[3207:its-tracker]: [07:45:06][INFO] DEVICE: Running...
[3205:its-clusterer]: [07:45:06][INFO] ITSClusterer pulled 2177670 digits, in 44 RO frames
[3205:its-clusterer]: [07:45:06][INFO] ITSClusterer pulled 2190102 labels 
[3205:its-clusterer]: [07:45:07][INFO] ITSClusterer pushed 337108 clusters, in 44 RO frames
[3206:its-cluster-writer]: [07:45:07][INFO] ITSClusterWriter pulled 337108 clusters, in 44 RO frames
[3207:its-tracker]: [07:45:07][INFO] ITSTracker pulled 337108 clusters, 44 RO frames
[3207:its-tracker]: [07:45:07][INFO] 337108 MC label objects , in 20 MC events
[3207:its-tracker]: [07:45:07][INFO] ITSTracker RO: continuous=1
[3207:its-tracker]: [07:45:07][INFO] Loading ITS L2G matrices from TGeo
[3207:its-tracker]: [07:45:07][INFO] ROframe: 0, clusters loaded : 1283
[3207:its-tracker]:  - Vertexer initialisation completed in: 0.155257 ms
[3207:its-tracker]:  - Tracklet finding completed in: 0.006102 ms
[3207:its-tracker]:  - Adjacent tracklets validation completed in: 0.003317 ms
[3207:its-tracker]:  - Vertex finding completed in: 0.006066 ms
[3207:its-tracker]: [07:45:07][INFO] Found tracks: 0
[3207:its-tracker]: [07:45:07][INFO] ROframe: 1, clusters loaded : 1267
[3207:its-tracker]:  - Vertexer initialisation completed in: 0.137997 ms
[3207:its-tracker]:  - Tracklet finding completed in: 0.0167 ms
[3207:its-tracker]:  - Adjacent tracklets validation completed in: 0.000297 ms
[3207:its-tracker]:  - Vertex finding completed in: 0.000326 ms
[3207:its-tracker]: [07:45:07][INFO] Found tracks: 0
[3207:its-tracker]: [07:45:07][INFO] ROframe: 2, clusters loaded : 1323
[3207:its-tracker]:  - Vertexer initialisation completed in: 0.11889 ms
[3207:its-tracker]:  - Tracklet finding completed in: 0.00101 ms
[3207:its-tracker]:  - Adjacent tracklets validation completed in: 0.000223 ms
[3207:its-tracker]:  - Vertex finding completed in: 0.000129 ms
[3207:its-tracker]: [07:45:07][INFO] Found tracks: 0
[3207:its-tracker]: [07:45:07][INFO] ROframe: 3, clusters loaded : 1229
[3207:its-tracker]:  - Vertexer initialisation completed in: 0.132772 ms
[3207:its-tracker]:  - Tracklet finding completed in: 0.000673 ms
[3207:its-tracker]:  - Adjacent tracklets validation completed in: 0.00019 ms
[3207:its-tracker]:  - Vertex finding completed in: 0.000224 ms
[3207:its-tracker]: [07:45:07][INFO] Found tracks: 0
[3207:its-tracker]: [07:45:07][INFO] ROframe: 4, clusters loaded : 1245
[3207:its-tracker]:  - Vertexer initialisation completed in: 0.13439 ms
[3207:its-tracker]:  - Tracklet finding completed in: 0.00082 ms
[3207:its-tracker]:  - Adjacent tracklets validation completed in: 0.000142 ms
[3207:its-tracker]:  - Vertex finding completed in: 0.000183 ms
[3207:its-tracker]: [07:45:07][INFO] Found tracks: 0
[3207:its-tracker]: [07:45:07][INFO] ROframe: 5, clusters loaded : 1248
[3207:its-tracker]:  - Vertexer initialisation completed in: 0.137684 ms
[3207:its-tracker]:  - Tracklet finding completed in: 0.000626 ms
[3207:its-tracker]:  - Adjacent tracklets validation completed in: 7e-05 ms
[3207:its-tracker]:  - Vertex finding completed in: 0.000168 ms
[3207:its-tracker]: [07:45:07][INFO] Found tracks: 0
[3207:its-tracker]: [07:45:07][INFO] ROframe: 6, clusters loaded : 1259
[3207:its-tracker]:  - Vertexer initialisation completed in: 0.12065 ms
[3207:its-tracker]:  - Tracklet finding completed in: 0.000882 ms
[3207:its-tracker]:  - Adjacent tracklets validation completed in: 0.000141 ms
[3207:its-tracker]:  - Vertex finding completed in: 0.000167 ms
[3207:its-tracker]: [07:45:07][INFO] Found tracks: 0
[3207:its-tracker]: [07:45:07][INFO] ROframe: 7, clusters loaded : 1258
[3207:its-tracker]:  - Vertexer initialisation completed in: 0.115333 ms
[3207:its-tracker]:  - Tracklet finding completed in: 0.000851 ms
[3207:its-tracker]:  - Adjacent tracklets validation completed in: 0.000102 ms
[3207:its-tracker]:  - Vertex finding completed in: 0.000164 ms
[3207:its-tracker]: [07:45:07][INFO] Found tracks: 0
[3207:its-tracker]: [07:45:07][INFO] ROframe: 8, clusters loaded : 1247
[3207:its-tracker]:  - Vertexer initialisation completed in: 0.115537 ms
[3207:its-tracker]:  - Tracklet finding completed in: 0.00251 ms
[3207:its-tracker]:  - Adjacent tracklets validation completed in: 0.000169 ms
[3207:its-tracker]:  - Vertex finding completed in: 0.000143 ms
[3207:its-tracker]: [07:45:07][INFO] Found tracks: 0
[3207:its-tracker]: [07:45:07][INFO] ROframe: 9, clusters loaded : 14405
[3207:its-tracker]:  - Vertexer initialisation completed in: 0.602073 ms
[3207:its-tracker]:  - Tracklet finding completed in: 1.11686 ms
[3207:its-tracker]:  - Adjacent tracklets validation completed in: 0.184865 ms
[3207:its-tracker]:  - Vertex finding completed in: 0.115496 ms
[3207:its-tracker]: 		Found vertex with:    550 contributors
[3207:its-tracker]: 		Found vertex with:    169 contributors
[3207:its-tracker]:  - Context initialisation completed in: 2.48056 ms
[3207:its-tracker]:  - Tracklet finding completed in: 3.63305 ms
[3207:its-tracker]:  - Cell finding completed in: 1.42352 ms
[3207:its-tracker]:  - Neighbour finding completed in: 0.474643 ms
[3207:its-tracker]:  - Road finding completed in: 0.232831 ms
[3207:its-tracker]:  - Track finding completed in: 6.47974 ms
[3207:its-tracker]:  - Vertex processing completed in: 14.7243ms
[3207:its-tracker]:  - Context initialisation completed in: 0.148124 ms
[3207:its-tracker]:  - Tracklet finding completed in: 2.5321 ms
[3207:its-tracker]:  - Cell finding completed in: 0.295292 ms
[3207:its-tracker]:  - Neighbour finding completed in: 0.058056 ms
[3207:its-tracker]:  - Road finding completed in: 0.029895 ms
[3207:its-tracker]:  - Track finding completed in: 1.50547 ms
[3207:its-tracker]:  - Vertex processing completed in: 4.56894ms
[3207:its-tracker]:  - Context initialisation completed in: 0.037916 ms
[3207:its-tracker]:  - Tracklet finding completed in: 2.42688 ms
[3207:its-tracker]:  - Cell finding completed in: 0.427743 ms
[3207:its-tracker]:  - Neighbour finding completed in: 0.062499 ms
[3207:its-tracker]:  - Road finding completed in: 0.000676 ms
[3207:its-tracker]:  - Track finding completed in: 0.000216 ms
[3207:its-tracker]:  - Vertex processing completed in: 2.95593ms
[3207:its-tracker]:  - Context initialisation completed in: 0.036533 ms
[3207:its-tracker]:  - Tracklet finding completed in: 2.30128 ms
[3207:its-tracker]:  - Cell finding completed in: 0.198056 ms
[3207:its-tracker]:  - Neighbour finding completed in: 0.017047 ms
[3207:its-tracker]:  - Road finding completed in: 0.000238 ms
[3207:its-tracker]:  - Track finding completed in: 0.000219 ms
[3207:its-tracker]:  - Vertex processing completed in: 2.55337ms
[3207:its-tracker]: [07:45:07][INFO] Found tracks: 629
[3207:its-tracker]: [07:45:07][INFO] ROframe: 10, clusters loaded : 1307
[3207:its-tracker]:  - Vertexer initialisation completed in: 0.13089 ms
[3207:its-tracker]:  - Tracklet finding completed in: 0.001719 ms
[3207:its-tracker]:  - Adjacent tracklets validation completed in: 0.000849 ms
[3207:its-tracker]:  - Vertex finding completed in: 0.000729 ms
[3207:its-tracker]: [07:45:07][INFO] Found tracks: 0
[3207:its-tracker]: [07:45:07][INFO] ROframe: 11, clusters loaded : 1320
[3207:its-tracker]:  - Vertexer initialisation completed in: 0.200828 ms
[3207:its-tracker]:  - Tracklet finding completed in: 0.001021 ms
[3207:its-tracker]:  - Adjacent tracklets validation completed in: 0.000299 ms
[3207:its-tracker]:  - Vertex finding completed in: 0.000332 ms
[3207:its-tracker]: [07:45:07][INFO] Found tracks: 0
[3207:its-tracker]: [07:45:07][INFO] ROframe: 12, clusters loaded : 20798
[3207:its-tracker]:  - Vertexer initialisation completed in: 0.98822 ms
[3207:its-tracker]:  - Tracklet finding completed in: 2.5684 ms
[3207:its-tracker]:  - Adjacent tracklets validation completed in: 0.41399 ms
[3207:its-tracker]:  - Vertex finding completed in: 0.144296 ms
[3207:its-tracker]: 		Found vertex with:   1018 contributors
[3207:its-tracker]:  - Context initialisation completed in: 1.80894 ms
[3207:its-tracker]:  - Tracklet finding completed in: 6.47819 ms
[3207:its-tracker]:  - Cell finding completed in: 3.10076 ms
[3207:its-tracker]:  - Neighbour finding completed in: 0.858996 ms
[3207:its-tracker]:  - Road finding completed in: 0.377605 ms
[3207:its-tracker]:  - Track finding completed in: 14.3922 ms
[3207:its-tracker]:  - Vertex processing completed in: 27.0167ms
[3207:its-tracker]:  - Context initialisation completed in: 0.261816 ms
[3207:its-tracker]:  - Tracklet finding completed in: 5.46155 ms
[3207:its-tracker]:  - Cell finding completed in: 1.20056 ms
[3207:its-tracker]:  - Neighbour finding completed in: 0.176229 ms
[3207:its-tracker]:  - Road finding completed in: 0.001825 ms
[3207:its-tracker]:  - Track finding completed in: 0.0005 ms
[3207:its-tracker]:  - Vertex processing completed in: 7.10249ms
[3207:its-tracker]: [07:45:07][INFO] Found tracks: 832
[3207:its-tracker]: [07:45:07][INFO] ROframe: 13, clusters loaded : 1568
[3207:its-tracker]:  - Vertexer initialisation completed in: 0.234121 ms
[3207:its-tracker]:  - Tracklet finding completed in: 0.026809 ms
[3207:its-tracker]:  - Adjacent tracklets validation completed in: 0.003763 ms
[3207:its-tracker]:  - Vertex finding completed in: 0.009407 ms
[3207:its-tracker]: 		Found vertex with:     16 contributors
[3207:its-tracker]:  - Context initialisation completed in: 1.32752 ms
[3207:its-tracker]:  - Tracklet finding completed in: 0.137874 ms
[3207:its-tracker]:  - Cell finding completed in: 0.014584 ms
[3207:its-tracker]:  - Neighbour finding completed in: 0.00765 ms
[3207:its-tracker]:  - Road finding completed in: 0.0042 ms
[3207:its-tracker]:  - Track finding completed in: 0.191464 ms
[3207:its-tracker]:  - Vertex processing completed in: 1.68329ms
[3207:its-tracker]:  - Context initialisation completed in: 0.004453 ms
[3207:its-tracker]:  - Tracklet finding completed in: 0.122178 ms
[3207:its-tracker]:  - Cell finding completed in: 0.007449 ms
[3207:its-tracker]:  - Neighbour finding completed in: 0.00245 ms
[3207:its-tracker]:  - Road finding completed in: 0.000155 ms
[3207:its-tracker]:  - Track finding completed in: 0.000158 ms
[3207:its-tracker]:  - Vertex processing completed in: 0.136843ms
[3207:its-tracker]: [07:45:07][INFO] Found tracks: 12
[3207:its-tracker]: [07:45:07][INFO] ROframe: 14, clusters loaded : 1244
[3207:its-tracker]:  - Vertexer initialisation completed in: 0.126859 ms
[3207:its-tracker]:  - Tracklet finding completed in: 0.0012 ms
[3207:its-tracker]:  - Adjacent tracklets validation completed in: 0.000332 ms
[3207:its-tracker]:  - Vertex finding completed in: 0.000559 ms
[3207:its-tracker]: [07:45:07][INFO] Found tracks: 0
[3207:its-tracker]: [07:45:07][INFO] ROframe: 15, clusters loaded : 1294
[3207:its-tracker]:  - Vertexer initialisation completed in: 0.143426 ms
[3207:its-tracker]:  - Tracklet finding completed in: 0.000988 ms
[3207:its-tracker]:  - Adjacent tracklets validation completed in: 0.000152 ms
[3207:its-tracker]:  - Vertex finding completed in: 0.000227 ms
[3207:its-tracker]: [07:45:07][INFO] Found tracks: 0
[3207:its-tracker]: [07:45:07][INFO] ROframe: 16, clusters loaded : 1324
[3207:its-tracker]:  - Vertexer initialisation completed in: 0.124453 ms
[3207:its-tracker]:  - Tracklet finding completed in: 0.000852 ms
[3207:its-tracker]:  - Adjacent tracklets validation completed in: 0.000209 ms
[3207:its-tracker]:  - Vertex finding completed in: 0.000121 ms
[3207:its-tracker]: [07:45:07][INFO] Found tracks: 0
[3207:its-tracker]: [07:45:07][INFO] ROframe: 17, clusters loaded : 1339
[3207:its-tracker]:  - Vertexer initialisation completed in: 0.137632 ms
[3207:its-tracker]:  - Tracklet finding completed in: 0.000642 ms
[3207:its-tracker]:  - Adjacent tracklets validation completed in: 0.000127 ms
[3207:its-tracker]:  - Vertex finding completed in: 0.00012 ms
[3207:its-tracker]: [07:45:07][INFO] Found tracks: 0
[3207:its-tracker]: [07:45:07][INFO] ROframe: 18, clusters loaded : 1569
[3207:its-tracker]:  - Vertexer initialisation completed in: 0.132835 ms
[3207:its-tracker]:  - Tracklet finding completed in: 0.010622 ms
[3207:its-tracker]:  - Adjacent tracklets validation completed in: 0.002148 ms
[3207:its-tracker]:  - Vertex finding completed in: 0.004897 ms
[3207:its-tracker]: 		Found vertex with:     14 contributors
[3207:its-tracker]:  - Context initialisation completed in: 1.03776 ms
[3207:its-tracker]:  - Tracklet finding completed in: 0.137872 ms
[3207:its-tracker]:  - Cell finding completed in: 0.012827 ms
[3207:its-tracker]:  - Neighbour finding completed in: 0.011248 ms
[3207:its-tracker]:  - Road finding completed in: 0.003633 ms
[3207:its-tracker]:  - Track finding completed in: 0.174656 ms
[3207:its-tracker]:  - Vertex processing completed in: 1.37799ms
[3207:its-tracker]:  - Context initialisation completed in: 0.004945 ms
[3207:its-tracker]:  - Tracklet finding completed in: 0.12699 ms
[3207:its-tracker]:  - Cell finding completed in: 0.007363 ms
[3207:its-tracker]:  - Neighbour finding completed in: 0.003199 ms
[3207:its-tracker]:  - Road finding completed in: 0.000111 ms
[3207:its-tracker]:  - Track finding completed in: 0.000163 ms
[3207:its-tracker]:  - Vertex processing completed in: 0.142771ms
[3207:its-tracker]: [07:45:07][INFO] Found tracks: 16
[3207:its-tracker]: [07:45:07][INFO] ROframe: 19, clusters loaded : 12602
[3207:its-tracker]:  - Vertexer initialisation completed in: 0.513292 ms
[3207:its-tracker]:  - Tracklet finding completed in: 0.622139 ms
[3207:its-tracker]:  - Adjacent tracklets validation completed in: 0.150671 ms
[3207:its-tracker]:  - Vertex finding completed in: 0.075839 ms
[3207:its-tracker]: 		Found vertex with:    327 contributors
[3207:its-tracker]: 		Found vertex with:     77 contributors
[3207:its-tracker]: 		Found vertex with:     75 contributors
[3207:its-tracker]:  - Context initialisation completed in: 1.32408 ms
[3207:its-tracker]:  - Tracklet finding completed in: 2.61688 ms
[3207:its-tracker]:  - Cell finding completed in: 0.673884 ms
[3207:its-tracker]:  - Neighbour finding completed in: 0.211994 ms
[3207:its-tracker]:  - Road finding completed in: 0.059063 ms
[3207:its-tracker]:  - Track finding completed in: 4.07269 ms
[3207:its-tracker]:  - Vertex processing completed in: 8.95859ms
[3207:its-tracker]:  - Context initialisation completed in: 0.070651 ms
[3207:its-tracker]:  - Tracklet finding completed in: 2.05352 ms
[3207:its-tracker]:  - Cell finding completed in: 0.207832 ms
[3207:its-tracker]:  - Neighbour finding completed in: 0.038772 ms
[3207:its-tracker]:  - Road finding completed in: 0.012214 ms
[3207:its-tracker]:  - Track finding completed in: 0.786746 ms
[3207:its-tracker]:  - Vertex processing completed in: 3.16973ms
[3207:its-tracker]:  - Context initialisation completed in: 0.027632 ms
[3207:its-tracker]:  - Tracklet finding completed in: 1.89204 ms
[3207:its-tracker]:  - Cell finding completed in: 0.186067 ms
[3207:its-tracker]:  - Neighbour finding completed in: 0.035932 ms
[3207:its-tracker]:  - Road finding completed in: 0.008597 ms
[3207:its-tracker]:  - Track finding completed in: 0.71338 ms
[3207:its-tracker]:  - Vertex processing completed in: 2.86365ms
[3207:its-tracker]:  - Context initialisation completed in: 0.026565 ms
[3207:its-tracker]:  - Tracklet finding completed in: 1.81553 ms
[3207:its-tracker]:  - Cell finding completed in: 0.249656 ms
[3207:its-tracker]:  - Neighbour finding completed in: 0.045443 ms
[3207:its-tracker]:  - Road finding completed in: 0.000492 ms
[3207:its-tracker]:  - Track finding completed in: 0.000215 ms
[3207:its-tracker]:  - Vertex processing completed in: 2.1379ms
[3207:its-tracker]:  - Context initialisation completed in: 0.028446 ms
[3207:its-tracker]:  - Tracklet finding completed in: 1.76651 ms
[3207:its-tracker]:  - Cell finding completed in: 0.128535 ms
[3207:its-tracker]:  - Neighbour finding completed in: 0.012861 ms
[3207:its-tracker]:  - Road finding completed in: 0.000228 ms
[3207:its-tracker]:  - Track finding completed in: 0.000136 ms
[3207:its-tracker]:  - Vertex processing completed in: 1.93672ms
[3207:its-tracker]:  - Context initialisation completed in: 0.016756 ms
[3207:its-tracker]:  - Tracklet finding completed in: 1.76828 ms
[3207:its-tracker]:  - Cell finding completed in: 0.129861 ms
[3207:its-tracker]:  - Neighbour finding completed in: 0.015125 ms
[3207:its-tracker]:  - Road finding completed in: 0.000269 ms
[3207:its-tracker]:  - Track finding completed in: 5.9e-05 ms
[3207:its-tracker]:  - Vertex processing completed in: 1.93035ms
[3207:its-tracker]: [07:45:07][INFO] Found tracks: 461
[3207:its-tracker]: [07:45:07][INFO] ROframe: 20, clusters loaded : 18088
[3207:its-tracker]:  - Vertexer initialisation completed in: 0.870201 ms
[3207:its-tracker]:  - Tracklet finding completed in: 1.44323 ms
[3207:its-tracker]:  - Adjacent tracklets validation completed in: 0.286931 ms
[3207:its-tracker]:  - Vertex finding completed in: 0.117993 ms
[3207:its-tracker]: 		Found vertex with:    904 contributors
[3207:its-tracker]: 		Found vertex with:     16 contributors
[3207:its-tracker]:  - Context initialisation completed in: 1.50332 ms
[3207:its-tracker]:  - Tracklet finding completed in: 4.95458 ms
[3207:its-tracker]:  - Cell finding completed in: 1.86812 ms
[3207:its-tracker]:  - Neighbour finding completed in: 0.383414 ms
[3207:its-tracker]:  - Road finding completed in: 0.093646 ms
[3207:its-tracker]:  - Track finding completed in: 8.87723 ms
[3207:its-tracker]:  - Vertex processing completed in: 17.6803ms
[3207:its-tracker]:  - Context initialisation completed in: 0.210245 ms
[3207:its-tracker]:  - Tracklet finding completed in: 4.11944 ms
[3207:its-tracker]:  - Cell finding completed in: 0.297727 ms
[3207:its-tracker]:  - Neighbour finding completed in: 0.018829 ms
[3207:its-tracker]:  - Road finding completed in: 0.005858 ms
[3207:its-tracker]:  - Track finding completed in: 0.395514 ms
[3207:its-tracker]:  - Vertex processing completed in: 5.04762ms
[3207:its-tracker]:  - Context initialisation completed in: 0.041089 ms
[3207:its-tracker]:  - Tracklet finding completed in: 4.33719 ms
[3207:its-tracker]:  - Cell finding completed in: 0.883623 ms
[3207:its-tracker]:  - Neighbour finding completed in: 0.218706 ms
[3207:its-tracker]:  - Road finding completed in: 0.001289 ms
[3207:its-tracker]:  - Track finding completed in: 0.000325 ms
[3207:its-tracker]:  - Vertex processing completed in: 5.48223ms
[3207:its-tracker]:  - Context initialisation completed in: 0.081839 ms
[3207:its-tracker]:  - Tracklet finding completed in: 3.90724 ms
[3207:its-tracker]:  - Cell finding completed in: 0.242234 ms
[3207:its-tracker]:  - Neighbour finding completed in: 0.00875 ms
[3207:its-tracker]:  - Road finding completed in: 0.000254 ms
[3207:its-tracker]:  - Track finding completed in: 0.000195 ms
[3207:its-tracker]:  - Vertex processing completed in: 4.24051ms
[3207:its-tracker]: [07:45:07][INFO] Found tracks: 760
[3207:its-tracker]: [07:45:07][INFO] ROframe: 21, clusters loaded : 1460
[3207:its-tracker]:  - Vertexer initialisation completed in: 0.216762 ms
[3207:its-tracker]:  - Tracklet finding completed in: 0.007086 ms
[3207:its-tracker]:  - Adjacent tracklets validation completed in: 0.00105 ms
[3207:its-tracker]:  - Vertex finding completed in: 0.000963 ms
[3207:its-tracker]: [07:45:07][INFO] Found tracks: 0
[3207:its-tracker]: [07:45:07][INFO] ROframe: 22, clusters loaded : 1271
[3207:its-tracker]:  - Vertexer initialisation completed in: 0.208679 ms
[3207:its-tracker]:  - Tracklet finding completed in: 0.001644 ms
[3207:its-tracker]:  - Adjacent tracklets validation completed in: 0.000328 ms
[3207:its-tracker]:  - Vertex finding completed in: 0.00035 ms
[3207:its-tracker]: [07:45:07][INFO] Found tracks: 0
[3207:its-tracker]: [07:45:07][INFO] ROframe: 23, clusters loaded : 20646
[3207:its-tracker]:  - Vertexer initialisation completed in: 1.28777 ms
[3207:its-tracker]:  - Tracklet finding completed in: 2.98954 ms
[3207:its-tracker]:  - Adjacent tracklets validation completed in: 0.808957 ms
[3207:its-tracker]:  - Vertex finding completed in: 0.190371 ms
[3207:its-tracker]: 		Found vertex with:   1051 contributors
[3207:its-tracker]:  - Context initialisation completed in: 2.37441 ms
[3207:its-tracker]:  - Tracklet finding completed in: 8.27895 ms
[3207:its-tracker]:  - Cell finding completed in: 3.14073 ms
[3207:its-tracker]:  - Neighbour finding completed in: 0.872054 ms
[3207:its-tracker]:  - Road finding completed in: 0.276962 ms
[3207:its-tracker]:  - Track finding completed in: 15.9848 ms
[3207:its-tracker]:  - Vertex processing completed in: 30.9279ms
[3207:its-tracker]:  - Context initialisation completed in: 0.249193 ms
[3207:its-tracker]:  - Tracklet finding completed in: 5.60173 ms
[3207:its-tracker]:  - Cell finding completed in: 1.16216 ms
[3207:its-tracker]:  - Neighbour finding completed in: 0.192316 ms
[3207:its-tracker]:  - Road finding completed in: 0.001699 ms
[3207:its-tracker]:  - Track finding completed in: 0.000558 ms
[3207:its-tracker]:  - Vertex processing completed in: 7.20765ms
[3207:its-tracker]: [07:45:07][INFO] Found tracks: 850
[3207:its-tracker]: [07:45:07][INFO] ROframe: 24, clusters loaded : 1317
[3207:its-tracker]:  - Vertexer initialisation completed in: 0.258024 ms
[3207:its-tracker]:  - Tracklet finding completed in: 0.002659 ms
[3207:its-tracker]:  - Adjacent tracklets validation completed in: 0.00096 ms
[3207:its-tracker]:  - Vertex finding completed in: 0.000987 ms
[3207:its-tracker]: [07:45:07][INFO] Found tracks: 0
[3207:its-tracker]: [07:45:07][INFO] ROframe: 25, clusters loaded : 1271
[3207:its-tracker]:  - Vertexer initialisation completed in: 0.212536 ms
[3207:its-tracker]:  - Tracklet finding completed in: 0.001179 ms
[3207:its-tracker]:  - Adjacent tracklets validation completed in: 0.000225 ms
[3207:its-tracker]:  - Vertex finding completed in: 0.000406 ms
[3207:its-tracker]: [07:45:07][INFO] Found tracks: 0
[3207:its-tracker]: [07:45:07][INFO] ROframe: 26, clusters loaded : 1213
[3207:its-tracker]:  - Vertexer initialisation completed in: 0.21508 ms
[3207:its-tracker]:  - Tracklet finding completed in: 0.00147 ms
[3207:its-tracker]:  - Adjacent tracklets validation completed in: 0.000252 ms
[3207:its-tracker]:  - Vertex finding completed in: 0.000339 ms
[3207:its-tracker]: [07:45:07][INFO] Found tracks: 0
[3207:its-tracker]: [07:45:07][INFO] ROframe: 27, clusters loaded : 51971
[3207:its-tracker]:  - Vertexer initialisation completed in: 3.1171 ms
[3207:its-tracker]:  - Tracklet finding completed in: 18.8421 ms
[3207:its-tracker]:  - Adjacent tracklets validation completed in: 6.71048 ms
[3207:its-tracker]:  - Vertex finding completed in: 0.491798 ms
[3207:its-tracker]: 		Found vertex with:   2457 contributors
[3207:its-tracker]:  - Context initialisation completed in: 4.12582 ms
[3207:its-tracker]:  - Tracklet finding completed in: 38.4346 ms
[3207:its-tracker]:  - Cell finding completed in: 24.7653 ms
[3207:its-tracker]:  - Neighbour finding completed in: 2.75495 ms
[3207:its-tracker]:  - Road finding completed in: 1.46953 ms
[3207:its-tracker]:  - Track finding completed in: 41.1016 ms
[3207:its-tracker]:  - Vertex processing completed in: 112.652ms
[3207:its-tracker]:  - Context initialisation completed in: 0.843307 ms
[3207:its-tracker]:  - Tracklet finding completed in: 21.8789 ms
[3207:its-tracker]:  - Cell finding completed in: 7.22772 ms
[3207:its-tracker]:  - Neighbour finding completed in: 0.394157 ms
[3207:its-tracker]:  - Road finding completed in: 0.00338 ms
[3207:its-tracker]:  - Track finding completed in: 0.000455 ms
[3207:its-tracker]:  - Vertex processing completed in: 30.3479ms
[3207:its-tracker]: [07:45:07][INFO] Found tracks: 2216
[3207:its-tracker]: [07:45:07][INFO] ROframe: 28, clusters loaded : 22910
[3207:its-tracker]:  - Vertexer initialisation completed in: 1.01164 ms
[3207:its-tracker]:  - Tracklet finding completed in: 2.29483 ms
[3207:its-tracker]:  - Adjacent tracklets validation completed in: 1.00253 ms
[3207:its-tracker]:  - Vertex finding completed in: 0.246384 ms
[3207:its-tracker]: 		Found vertex with:    649 contributors
[3207:its-tracker]: 		Found vertex with:    539 contributors
[3207:its-tracker]:  - Context initialisation completed in: 2.17883 ms
[3207:its-tracker]:  - Tracklet finding completed in: 6.55588 ms
[3207:its-tracker]:  - Cell finding completed in: 2.0494 ms
[3207:its-tracker]:  - Neighbour finding completed in: 0.279421 ms
[3207:its-tracker]:  - Road finding completed in: 0.102481 ms
[3207:its-tracker]:  - Track finding completed in: 7.23941 ms
[3207:its-tracker]:  - Vertex processing completed in: 18.4054ms
[3207:its-tracker]:  - Context initialisation completed in: 0.20075 ms
[3207:its-tracker]:  - Tracklet finding completed in: 5.96268 ms
[3207:its-tracker]:  - Cell finding completed in: 1.77934 ms
[3207:its-tracker]:  - Neighbour finding completed in: 0.390074 ms
[3207:its-tracker]:  - Road finding completed in: 0.121752 ms
[3207:its-tracker]:  - Track finding completed in: 7.27123 ms
[3207:its-tracker]:  - Vertex processing completed in: 15.7258ms
[3207:its-tracker]:  - Context initialisation completed in: 0.168029 ms
[3207:its-tracker]:  - Tracklet finding completed in: 6.24399 ms
[3207:its-tracker]:  - Cell finding completed in: 1.08629 ms
[3207:its-tracker]:  - Neighbour finding completed in: 0.142983 ms
[3207:its-tracker]:  - Road finding completed in: 0.001209 ms
[3207:its-tracker]:  - Track finding completed in: 0.000591 ms
[3207:its-tracker]:  - Vertex processing completed in: 7.64309ms
[3207:its-tracker]:  - Context initialisation completed in: 0.084679 ms
[3207:its-tracker]:  - Tracklet finding completed in: 6.59912 ms
[3207:its-tracker]:  - Cell finding completed in: 1.05178 ms
[3207:its-tracker]:  - Neighbour finding completed in: 0.119721 ms
[3207:its-tracker]:  - Road finding completed in: 0.006952 ms
[3207:its-tracker]:  - Track finding completed in: 0.000453 ms
[3207:its-tracker]:  - Vertex processing completed in: 7.86271ms
[3207:its-tracker]: [07:45:07][INFO] Found tracks: 976
[3207:its-tracker]: [07:45:07][INFO] ROframe: 29, clusters loaded : 1284
[3207:its-tracker]:  - Vertexer initialisation completed in: 0.246994 ms
[3207:its-tracker]:  - Tracklet finding completed in: 0.01896 ms
[3207:its-tracker]:  - Adjacent tracklets validation completed in: 0.000855 ms
[3207:its-tracker]:  - Vertex finding completed in: 0.000961 ms
[3207:its-tracker]: [07:45:07][INFO] Found tracks: 0
[3207:its-tracker]: [07:45:07][INFO] ROframe: 30, clusters loaded : 1313
[3207:its-tracker]:  - Vertexer initialisation completed in: 0.20389 ms
[3207:its-tracker]:  - Tracklet finding completed in: 0.002656 ms
[3207:its-tracker]:  - Adjacent tracklets validation completed in: 0.000425 ms
[3207:its-tracker]:  - Vertex finding completed in: 0.000465 ms
[3207:its-tracker]: [07:45:07][INFO] Found tracks: 0
[3207:its-tracker]: [07:45:07][INFO] ROframe: 31, clusters loaded : 44662
[3207:its-tracker]:  - Vertexer initialisation completed in: 2.3411 ms
[3207:its-tracker]:  - Tracklet finding completed in: 10.6375 ms
[3207:its-tracker]:  - Adjacent tracklets validation completed in: 3.4813 ms
[3207:its-tracker]:  - Vertex finding completed in: 0.441802 ms
[3207:its-tracker]: 		Found vertex with:   1777 contributors
[3207:its-tracker]:  - Context initialisation completed in: 4.0499 ms
[3207:its-tracker]:  - Tracklet finding completed in: 30.9419 ms
[3207:its-tracker]:  - Cell finding completed in: 15.8829 ms
[3207:its-tracker]:  - Neighbour finding completed in: 1.89599 ms
[3207:its-tracker]:  - Road finding completed in: 0.549637 ms
[3207:its-tracker]:  - Track finding completed in: 20.1504 ms
[3207:its-tracker]:  - Vertex processing completed in: 73.4707ms
[3207:its-tracker]:  - Context initialisation completed in: 0.491031 ms
[3207:its-tracker]:  - Tracklet finding completed in: 13.4346 ms
[3207:its-tracker]:  - Cell finding completed in: 4.67564 ms
[3207:its-tracker]:  - Neighbour finding completed in: 0.453461 ms
[3207:its-tracker]:  - Road finding completed in: 0.00568 ms
[3207:its-tracker]:  - Track finding completed in: 0.000604 ms
[3207:its-tracker]:  - Vertex processing completed in: 19.061ms
[3207:its-tracker]: [07:45:08][INFO] Found tracks: 1591
[3207:its-tracker]: [07:45:08][INFO] ROframe: 32, clusters loaded : 1215
[3207:its-tracker]:  - Vertexer initialisation completed in: 0.217813 ms
[3207:its-tracker]:  - Tracklet finding completed in: 0.0025 ms
[3207:its-tracker]:  - Adjacent tracklets validation completed in: 0.000897 ms
[3207:its-tracker]:  - Vertex finding completed in: 0.00096 ms
[3207:its-tracker]: [07:45:08][INFO] Found tracks: 0
[3207:its-tracker]: [07:45:08][INFO] ROframe: 33, clusters loaded : 1264
[3207:its-tracker]:  - Vertexer initialisation completed in: 0.171313 ms
[3207:its-tracker]:  - Tracklet finding completed in: 0.001396 ms
[3207:its-tracker]:  - Adjacent tracklets validation completed in: 0.000417 ms
[3207:its-tracker]:  - Vertex finding completed in: 0.000425 ms
[3207:its-tracker]: [07:45:08][INFO] Found tracks: 0
[3207:its-tracker]: [07:45:08][INFO] ROframe: 34, clusters loaded : 1211
[3207:its-tracker]:  - Vertexer initialisation completed in: 0.146494 ms
[3207:its-tracker]:  - Tracklet finding completed in: 0.000953 ms
[3207:its-tracker]:  - Adjacent tracklets validation completed in: 0.000173 ms
[3207:its-tracker]:  - Vertex finding completed in: 0.000264 ms
[3207:its-tracker]: [07:45:08][INFO] Found tracks: 0
[3207:its-tracker]: [07:45:08][INFO] ROframe: 35, clusters loaded : 1272
[3207:its-tracker]:  - Vertexer initialisation completed in: 0.139432 ms
[3207:its-tracker]:  - Tracklet finding completed in: 0.000834 ms
[3207:its-tracker]:  - Adjacent tracklets validation completed in: 0.000211 ms
[3207:its-tracker]:  - Vertex finding completed in: 0.000146 ms
[3207:its-tracker]: [07:45:08][INFO] Found tracks: 0
[3207:its-tracker]: [07:45:08][INFO] ROframe: 36, clusters loaded : 8365
[3207:its-tracker]:  - Vertexer initialisation completed in: 0.357029 ms
[3207:its-tracker]:  - Tracklet finding completed in: 0.337958 ms
[3207:its-tracker]:  - Adjacent tracklets validation completed in: 0.063593 ms
[3207:its-tracker]:  - Vertex finding completed in: 0.038739 ms
[3207:its-tracker]: 		Found vertex with:    359 contributors
[3207:its-tracker]:  - Context initialisation completed in: 1.3313 ms
[3207:its-tracker]:  - Tracklet finding completed in: 1.50768 ms
[3207:its-tracker]:  - Cell finding completed in: 0.412412 ms
[3207:its-tracker]:  - Neighbour finding completed in: 0.138151 ms
[3207:its-tracker]:  - Road finding completed in: 0.040601 ms
[3207:its-tracker]:  - Track finding completed in: 3.70321 ms
[3207:its-tracker]:  - Vertex processing completed in: 7.13335ms
[3207:its-tracker]:  - Context initialisation completed in: 0.083236 ms
[3207:its-tracker]:  - Tracklet finding completed in: 1.60474 ms
[3207:its-tracker]:  - Cell finding completed in: 0.229901 ms
[3207:its-tracker]:  - Neighbour finding completed in: 0.058965 ms
[3207:its-tracker]:  - Road finding completed in: 0.001351 ms
[3207:its-tracker]:  - Track finding completed in: 0.00035 ms
[3207:its-tracker]:  - Vertex processing completed in: 1.97854ms
[3207:its-tracker]: [07:45:08][INFO] Found tracks: 315
[3207:its-tracker]: [07:45:08][INFO] ROframe: 37, clusters loaded : 1281
[3207:its-tracker]:  - Vertexer initialisation completed in: 0.221961 ms
[3207:its-tracker]:  - Tracklet finding completed in: 0.002897 ms
[3207:its-tracker]:  - Adjacent tracklets validation completed in: 0.000669 ms
[3207:its-tracker]:  - Vertex finding completed in: 0.00093 ms
[3207:its-tracker]: [07:45:08][INFO] Found tracks: 0
[3207:its-tracker]: [07:45:08][INFO] ROframe: 38, clusters loaded : 1318
[3207:its-tracker]:  - Vertexer initialisation completed in: 0.125137 ms
[3207:its-tracker]:  - Tracklet finding completed in: 0.001265 ms
[3207:its-tracker]:  - Adjacent tracklets validation completed in: 0.000369 ms
[3207:its-tracker]:  - Vertex finding completed in: 0.000323 ms
[3207:its-tracker]: [07:45:08][INFO] Found tracks: 0
[3207:its-tracker]: [07:45:08][INFO] ROframe: 39, clusters loaded : 1290
[3207:its-tracker]:  - Vertexer initialisation completed in: 0.118236 ms
[3207:its-tracker]:  - Tracklet finding completed in: 0.000564 ms
[3207:its-tracker]:  - Adjacent tracklets validation completed in: 0.000279 ms
[3207:its-tracker]:  - Vertex finding completed in: 0.000125 ms
[3207:its-tracker]: [07:45:08][INFO] Found tracks: 0
[3207:its-tracker]: [07:45:08][INFO] ROframe: 40, clusters loaded : 17761
[3207:its-tracker]:  - Vertexer initialisation completed in: 0.820324 ms
[3207:its-tracker]:  - Tracklet finding completed in: 1.46583 ms
[3207:its-tracker]:  - Adjacent tracklets validation completed in: 0.286139 ms
[3207:its-tracker]:  - Vertex finding completed in: 0.183612 ms
[3207:its-tracker]: 		Found vertex with:    928 contributors
[3207:its-tracker]:  - Context initialisation completed in: 1.57106 ms
[3207:its-tracker]:  - Tracklet finding completed in: 6.19756 ms
[3207:its-tracker]:  - Cell finding completed in: 1.86786 ms
[3207:its-tracker]:  - Neighbour finding completed in: 0.450425 ms
[3207:its-tracker]:  - Road finding completed in: 0.09376 ms
[3207:its-tracker]:  - Track finding completed in: 7.94159 ms
[3207:its-tracker]:  - Vertex processing completed in: 18.1223ms
[3207:its-tracker]:  - Context initialisation completed in: 0.192752 ms
[3207:its-tracker]:  - Tracklet finding completed in: 3.23989 ms
[3207:its-tracker]:  - Cell finding completed in: 0.733868 ms
[3207:its-tracker]:  - Neighbour finding completed in: 0.109127 ms
[3207:its-tracker]:  - Road finding completed in: 0.001323 ms
[3207:its-tracker]:  - Track finding completed in: 0.000392 ms
[3207:its-tracker]:  - Vertex processing completed in: 4.27735ms
[3207:its-tracker]: [07:45:08][INFO] Found tracks: 770
[3207:its-tracker]: [07:45:08][INFO] ROframe: 41, clusters loaded : 62066
[3207:its-tracker]:  - Vertexer initialisation completed in: 2.89658 ms
[3207:its-tracker]:  - Tracklet finding completed in: 19.0839 ms
[3207:its-tracker]:  - Adjacent tracklets validation completed in: 6.36092 ms
[3207:its-tracker]:  - Vertex finding completed in: 0.742422 ms
[3207:its-tracker]: 		Found vertex with:   3247 contributors
[3207:its-tracker]:  - Context initialisation completed in: 3.16581 ms
[3207:its-tracker]:  - Tracklet finding completed in: 33.1377 ms
[3207:its-tracker]:  - Cell finding completed in: 22.7485 ms
[3207:its-tracker]:  - Neighbour finding completed in: 1.96095 ms
[3207:its-tracker]:  - Road finding completed in: 0.542124 ms
[3207:its-tracker]:  - Track finding completed in: 32.6584 ms
[3207:its-tracker]:  - Vertex processing completed in: 94.2134ms
[3207:its-tracker]:  - Context initialisation completed in: 0.819308 ms
[3207:its-tracker]:  - Tracklet finding completed in: 20.4816 ms
[3207:its-tracker]:  - Cell finding completed in: 7.40583 ms
[3207:its-tracker]:  - Neighbour finding completed in: 0.500127 ms
[3207:its-tracker]:  - Road finding completed in: 0.003433 ms
[3207:its-tracker]:  - Track finding completed in: 0.000521 ms
[3207:its-tracker]:  - Vertex processing completed in: 29.2108ms
[3207:its-tracker]: [07:45:08][INFO] Found tracks: 2731
[3207:its-tracker]: [07:45:08][INFO] ROframe: 42, clusters loaded : 1263
[3207:its-tracker]:  - Vertexer initialisation completed in: 0.12849 ms
[3207:its-tracker]:  - Tracklet finding completed in: 0.00292 ms
[3207:its-tracker]:  - Adjacent tracklets validation completed in: 0.000637 ms
[3207:its-tracker]:  - Vertex finding completed in: 0.001125 ms
[3207:its-tracker]: [07:45:08][INFO] Found tracks: 0
[3207:its-tracker]: [07:45:08][INFO] ROframe: 43, clusters loaded : 1267
[3207:its-tracker]:  - Vertexer initialisation completed in: 0.124499 ms
[3207:its-tracker]:  - Tracklet finding completed in: 0.000531 ms
[3207:its-tracker]:  - Adjacent tracklets validation completed in: 0.000548 ms
[3207:its-tracker]:  - Vertex finding completed in: 0.000129 ms
[3207:its-tracker]: [07:45:08][INFO] Found tracks: 0
[3207:its-tracker]: [07:45:08][INFO] ITSTracker pushed 12159 tracks
[3207:its-tracker]: [07:45:08][INFO] ITS CA-Tracker total timing: Cpu: 9.500e-01 Real: 9.520e-01 s in 1 slots
[3208:its-track-writer]: [07:45:08][INFO] ITSTrackWriter pulled 12159 tracks, in 44 RO frames
[INFO] Quitting
[INFO] QUIT_REQUESTED
[3203:internal-dpl-clock]: [07:45:08][INFO] Received device shutdown request (signal 15).
[3203:internal-dpl-clock]: [07:45:08][INFO] Waiting for graceful device shutdown. Hit Ctrl-C again to abort immediately.
[3206:its-cluster-writer]: [07:45:08][INFO] Received device shutdown request (signal 15).
[3206:its-cluster-writer]: [07:45:08][INFO] Waiting for graceful device shutdown. Hit Ctrl-C again to abort immediately.
[3207:its-tracker]: [07:45:08][INFO] Received device shutdown request (signal 15).
[3207:its-tracker]: [07:45:08][INFO] Waiting for graceful device shutdown. Hit Ctrl-C again to abort immediately.
[3205:its-clusterer]: [07:45:08][INFO] Received device shutdown request (signal 15).
[3205:its-clusterer]: [07:45:08][INFO] Waiting for graceful device shutdown. Hit Ctrl-C again to abort immediately.
[3204:its-digit-reader]: [07:45:08][INFO] Received device shutdown request (signal 15).
[3204:its-digit-reader]: [07:45:08][INFO] Waiting for graceful device shutdown. Hit Ctrl-C again to abort immediately.
[3204:its-digit-reader]: [07:45:08][STATE] RUNNING ---> READY
[3204:its-digit-reader]: [07:45:08][STATE] READY ---> RESETTING TASK
[3204:its-digit-reader]: [07:45:08][STATE] RESETTING TASK ---> DEVICE READY
[3204:its-digit-reader]: [07:45:08][STATE] DEVICE READY ---> RESETTING DEVICE
[3208:its-track-writer]: [07:45:08][INFO] Received device shutdown request (signal 15).
[3208:its-track-writer]: [07:45:08][INFO] Waiting for graceful device shutdown. Hit Ctrl-C again to abort immediately.
[3204:its-digit-reader]: [07:45:08][STATE] RESETTING DEVICE ---> IDLE
[3204:its-digit-reader]: [07:45:08][STATE] IDLE ---> EXITING
[3204:its-digit-reader]: [07:45:08][STATE] Exiting FairMQ state machine
[3205:its-clusterer]: [07:45:08][STATE] RUNNING ---> READY
[3205:its-clusterer]: [07:45:08][STATE] READY ---> RESETTING TASK
[3205:its-clusterer]: [07:45:08][STATE] RESETTING TASK ---> DEVICE READY
[3207:its-tracker]: [07:45:08][STATE] RUNNING ---> READY
[3207:its-tracker]: [07:45:08][STATE] READY ---> RESETTING TASK
[3207:its-tracker]: [07:45:08][STATE] RESETTING TASK ---> DEVICE READY
[3207:its-tracker]: [07:45:08][STATE] DEVICE READY ---> RESETTING DEVICE
[3205:its-clusterer]: [07:45:08][STATE] DEVICE READY ---> RESETTING DEVICE
[3203:internal-dpl-clock]: [07:45:08][STATE] RUNNING ---> READY
[3203:internal-dpl-clock]: [07:45:08][STATE] READY ---> RESETTING TASK
[3203:internal-dpl-clock]: [07:45:08][STATE] RESETTING TASK ---> DEVICE READY
[3203:internal-dpl-clock]: [07:45:08][STATE] DEVICE READY ---> RESETTING DEVICE
[3207:its-tracker]: [07:45:08][STATE] RESETTING DEVICE ---> IDLE
[3207:its-tracker]: [07:45:08][STATE] IDLE ---> EXITING
[3203:internal-dpl-clock]: [07:45:08][STATE] RESETTING DEVICE ---> IDLE
[3203:internal-dpl-clock]: [07:45:08][STATE] IDLE ---> EXITING
[3205:its-clusterer]: [07:45:08][STATE] RESETTING DEVICE ---> IDLE
[3205:its-clusterer]: [07:45:08][STATE] IDLE ---> EXITING
[3203:internal-dpl-clock]: [07:45:08][STATE] Exiting FairMQ state machine
[3207:its-tracker]: [07:45:08][STATE] Exiting FairMQ state machine
[3205:its-clusterer]: [07:45:08][STATE] Exiting FairMQ state machine
[3206:its-cluster-writer]: [07:45:09][STATE] RUNNING ---> READY
[3206:its-cluster-writer]: [07:45:09][STATE] READY ---> RESETTING TASK
[3206:its-cluster-writer]: [07:45:09][STATE] RESETTING TASK ---> DEVICE READY
[3206:its-cluster-writer]: [07:45:09][STATE] DEVICE READY ---> RESETTING DEVICE
[3206:its-cluster-writer]: [07:45:09][STATE] RESETTING DEVICE ---> IDLE
[3206:its-cluster-writer]: [07:45:09][STATE] IDLE ---> EXITING
[3206:its-cluster-writer]: [07:45:09][STATE] Exiting FairMQ state machine
[3208:its-track-writer]: [07:45:10][STATE] RUNNING ---> READY
[3208:its-track-writer]: [07:45:10][STATE] READY ---> RESETTING TASK
[3208:its-track-writer]: [07:45:10][STATE] RESETTING TASK ---> DEVICE READY
[3208:its-track-writer]: [07:45:10][STATE] DEVICE READY ---> RESETTING DEVICE
[3208:its-track-writer]: Cleaning up for shared memory id 'b672486d'...
[3208:its-track-writer]: No region counter found. No regions to cleanup.
[3208:its-track-writer]: Successfully removed 'fmq_b672486d_m_0'.
[3208:its-track-writer]: Successfully removed 'fmq_b672486d_mng'.
[3208:its-track-writer]: Successfully removed 'fmq_b672486d_mtx'.
[3208:its-track-writer]: Successfully removed 'fmq_b672486d_cv'.
[3208:its-track-writer]: [07:45:10][STATE] RESETTING DEVICE ---> IDLE
[3208:its-track-writer]: [07:45:10][STATE] IDLE ---> EXITING
[3208:its-track-writer]: [07:45:10][STATE] Exiting FairMQ state machine
[INFO] Dumping used configuration in dpl-config.json
