===============================
execute this script as follows:
./generate_its.sh system region nevents
where:
system = 1 -> pp
       = 2 -> Pb-Pb
region = 1 -> ITS only
       = 2 -> whole detector
===============================
will generate Pb-Pb events
will transport events in the ITS only
Will generate: 10 events
Moving to /eos/user/f/ftorales/its_data/alignment/lbnl_alice_alignment_tasks/2287089/3
/eos/user/f/ftorales/its_data/alignment/lbnl_alice_alignment_tasks/2287089/3

==============================================================================================
1. MC generation run
[INFO] Running with 6 sim workers 
[INFO] CREATING SIM SHARED MEM SEGMENT FOR 6 WORKERS
Spawning particle server on PID 996; Redirect output to o2sim_serverlog
Spawning sim worker 0 on PID 998; Redirect output to o2sim_workerlog0
Spawning hit merger on PID 999; Redirect output to o2sim_mergerlog
[INFO] DISTRIBUTING EVENT : 1
[INFO] DISTRIBUTING EVENT : 2
[INFO] EVENT FINISHED : 1
[INFO] EVENT FINISHED : 2
[INFO] DISTRIBUTING EVENT : 3
[INFO] EVENT FINISHED : 3
[INFO] DISTRIBUTING EVENT : 4
[INFO] DISTRIBUTING EVENT : 5
[INFO] DISTRIBUTING EVENT : 6
[INFO] EVENT FINISHED : 4
[INFO] DISTRIBUTING EVENT : 7
[INFO] EVENT FINISHED : 5
[INFO] EVENT FINISHED : 6
[INFO] EVENT FINISHED : 7
[INFO] DISTRIBUTING EVENT : 8
[INFO] EVENT FINISHED : 8
[INFO] DISTRIBUTING EVENT : 9
[INFO] EVENT FINISHED : 9
[INFO] DISTRIBUTING EVENT : 10
[INFO] EVENT FINISHED : 10
[INFO] Merger process 999 returned
[INFO] Simulation process took 81.393 s
[INFO] SIMULATION RETURNED SUCCESFULLY

==============================================================================================
2. Hits to digits conversion
Run: 1621528977
Fill:      0
Period: 
LHC State: 
Start: Thu May 20 18:42:59 2021
End  : Thu May 20 18:42:59 2021
Beam0: Z:A =   0:  0, Energy = 0.000
Beam1: Z:A =   0:  0, Energy = 0.000
sqrt[s]    = 0.000
crossing angle (radian) = 0.000000e+00
magnet currents (A) L3 = -30000.000, Dipole = -6000
Detectors: Cont.RO Triggers
      ITS:    -       -    
[INFO] MC-TRUTH 1
[INFO] TPC: GEM setup - initialization from scratch
[INFO] TPC: GEM setup (polya) took 8.91
[INFO] TPC is in grp? no; is skipped? no
[INFO] ITS is in grp? yes; is skipped? no
[INFO] MFT is in grp? no; is skipped? no
[INFO] TOF is in grp? no; is skipped? no
[INFO] FT0 is in grp? no; is skipped? no
[INFO] FV0 is in grp? no; is skipped? no
[INFO] EMC is in grp? no; is skipped? no
[INFO] HMP is in grp? no; is skipped? no
[INFO] ZDC is in grp? no; is skipped? no
[INFO] TRD is in grp? no; is skipped? no
[INFO] MCH is in grp? no; is skipped? no
[INFO] MID is in grp? no; is skipped? no
[INFO] FDD is in grp? no; is skipped? no
[INFO] PHS is in grp? no; is skipped? no
[INFO] CPV is in grp? no; is skipped? no
[INFO] Initialising O2 Data Processing Layer
[INFO] O2 Data Processing Layer initialised. We brake for nobody.
[INFO] Optimised build. O2DEBUG / LOG(DEBUG) / LOGF(DEBUG) / assert statement will not be shown.
[INFO] Redeployment of configuration asked.
[INFO] Starting internal-dpl-clock on pid 2100
[INFO] Starting SimReader on pid 2101
[INFO] Starting ITSDigitizer on pid 2102
[INFO] Starting GRPUpdater on pid 2103
[INFO] Starting ITSDigitWriter on pid 2104
[INFO] Redeployment of configuration done.
[2104:ITSDigitWriter]: [INFO] MC-TRUTH 1
[2100:internal-dpl-clock]: [INFO] MC-TRUTH 1
[2104:ITSDigitWriter]: [INFO] Spawing new device ITSDigitWriter in process with pid 2104
[2101:SimReader]: [INFO] MC-TRUTH 1
[2100:internal-dpl-clock]: [INFO] Spawing new device internal-dpl-clock in process with pid 2100
[2102:ITSDigitizer]: [INFO] MC-TRUTH 1
[2103:GRPUpdater]: [INFO] MC-TRUTH 1
[2101:SimReader]: [INFO] Spawing new device SimReader in process with pid 2101
[2102:ITSDigitizer]: [INFO] Spawing new device ITSDigitizer in process with pid 2102
[2103:GRPUpdater]: [INFO] Spawing new device GRPUpdater in process with pid 2103
[2100:internal-dpl-clock]: [18:46:44][INFO] 
[2100:internal-dpl-clock]:       ______      _    _______  _________ 
[2100:internal-dpl-clock]:      / ____/___ _(_)_______   |/  /_  __ \    version 1.4.29
[2100:internal-dpl-clock]:     / /_  / __ `/ / ___/__  /|_/ /_  / / /    build RELWITHDEBINFO
[2100:internal-dpl-clock]:    / __/ / /_/ / / /    _  /  / / / /_/ /     https://github.com/FairRootGroup/FairMQ
[2100:internal-dpl-clock]:   /_/    \__,_/_/_/     /_/  /_/  \___\_\     LGPL-3.0  © 2012-2020 GSI
[2100:internal-dpl-clock]: 
[2102:ITSDigitizer]: [18:46:44][INFO] 
[2102:ITSDigitizer]:       ______      _    _______  _________ 
[2102:ITSDigitizer]:      / ____/___ _(_)_______   |/  /_  __ \    version 1.4.29
[2102:ITSDigitizer]:     / /_  / __ `/ / ___/__  /|_/ /_  / / /    build RELWITHDEBINFO
[2102:ITSDigitizer]:    / __/ / /_/ / / /    _  /  / / / /_/ /     https://github.com/FairRootGroup/FairMQ
[2102:ITSDigitizer]:   /_/    \__,_/_/_/     /_/  /_/  \___\_\     LGPL-3.0  © 2012-2020 GSI
[2102:ITSDigitizer]: 
[2104:ITSDigitWriter]: [18:46:44][INFO] 
[2104:ITSDigitWriter]:       ______      _    _______  _________ 
[2104:ITSDigitWriter]:      / ____/___ _(_)_______   |/  /_  __ \    version 1.4.29
[2104:ITSDigitWriter]:     / /_  / __ `/ / ___/__  /|_/ /_  / / /    build RELWITHDEBINFO
[2104:ITSDigitWriter]:    / __/ / /_/ / / /    _  /  / / / /_/ /     https://github.com/FairRootGroup/FairMQ
[2104:ITSDigitWriter]:   /_/    \__,_/_/_/     /_/  /_/  \___\_\     LGPL-3.0  © 2012-2020 GSI
[2104:ITSDigitWriter]: 
[2100:internal-dpl-clock]: [18:46:44][STATE] Starting FairMQ state machine --> IDLE
[2102:ITSDigitizer]: [18:46:44][STATE] Starting FairMQ state machine --> IDLE
[2104:ITSDigitWriter]: [18:46:44][STATE] Starting FairMQ state machine --> IDLE
[2102:ITSDigitizer]: 2021-05-20 18:46:44	Monitoring	[0;49mStdOut backend initialized[0m
[2104:ITSDigitWriter]: 2021-05-20 18:46:44	Monitoring	[0;49mStdOut backend initialized[0m
[2104:ITSDigitWriter]: [18:46:44][STATE] IDLE ---> INITIALIZING DEVICE
[2100:internal-dpl-clock]: 2021-05-20 18:46:44	Monitoring	[0;49mStdOut backend initialized[0m
[2100:internal-dpl-clock]: [18:46:44][STATE] IDLE ---> INITIALIZING DEVICE
[2100:internal-dpl-clock]: 2021-05-20 18:46:44	Monitoring	[0;49mBuffering enabled (100)[0m
[2100:internal-dpl-clock]: [18:46:44][STATE] INITIALIZING DEVICE ---> INITIALIZED
[2100:internal-dpl-clock]: [18:46:44][STATE] INITIALIZED ---> BINDING
[2100:internal-dpl-clock]: [18:46:44][STATE] BINDING ---> BOUND
[2100:internal-dpl-clock]: [18:46:44][STATE] BOUND ---> CONNECTING
[2100:internal-dpl-clock]: [18:46:44][STATE] CONNECTING ---> DEVICE READY
[2100:internal-dpl-clock]: [18:46:44][STATE] DEVICE READY ---> INITIALIZING TASK
[2100:internal-dpl-clock]: [18:46:44][STATE] INITIALIZING TASK ---> READY
[2101:SimReader]: [18:46:44][INFO] 
[2101:SimReader]:       ______      _    _______  _________ 
[2101:SimReader]:      / ____/___ _(_)_______   |/  /_  __ \    version 1.4.29
[2101:SimReader]:     / /_  / __ `/ / ___/__  /|_/ /_  / / /    build RELWITHDEBINFO
[2101:SimReader]:    / __/ / /_/ / / /    _  /  / / / /_/ /     https://github.com/FairRootGroup/FairMQ
[2101:SimReader]:   /_/    \__,_/_/_/     /_/  /_/  \___\_\     LGPL-3.0  © 2012-2020 GSI
[2101:SimReader]: 
[2101:SimReader]: [18:46:44][STATE] Starting FairMQ state machine --> IDLE
[2101:SimReader]: 2021-05-20 18:46:44	Monitoring	[0;49mStdOut backend initialized[0m
[2101:SimReader]: [18:46:44][STATE] IDLE ---> INITIALIZING DEVICE
[2102:ITSDigitizer]: [18:46:44][STATE] IDLE ---> INITIALIZING DEVICE
[2102:ITSDigitizer]: 2021-05-20 18:46:44	Monitoring	[0;49mBuffering enabled (100)[0m
[2102:ITSDigitizer]: [18:46:44][INFO] Initializing geometry service
[2102:ITSDigitizer]: [18:46:44][INFO] Loading geometry FAIRGeom from o2sim_geometry.root
[2103:GRPUpdater]: [18:46:44][INFO] 
[2103:GRPUpdater]:       ______      _    _______  _________ 
[2103:GRPUpdater]:      / ____/___ _(_)_______   |/  /_  __ \    version 1.4.29
[2103:GRPUpdater]:     / /_  / __ `/ / ___/__  /|_/ /_  / / /    build RELWITHDEBINFO
[2103:GRPUpdater]:    / __/ / /_/ / / /    _  /  / / / /_/ /     https://github.com/FairRootGroup/FairMQ
[2103:GRPUpdater]:   /_/    \__,_/_/_/     /_/  /_/  \___\_\     LGPL-3.0  © 2012-2020 GSI
[2103:GRPUpdater]: 
[2103:GRPUpdater]: [18:46:44][STATE] Starting FairMQ state machine --> IDLE
[2103:GRPUpdater]: 2021-05-20 18:46:44	Monitoring	[0;49mStdOut backend initialized[0m
[2103:GRPUpdater]: [18:46:44][STATE] IDLE ---> INITIALIZING DEVICE
[2100:internal-dpl-clock]: [18:46:44][STATE] READY ---> RUNNING
[2100:internal-dpl-clock]: [18:46:44][INFO] DEVICE: Running...
[2101:SimReader]: 2021-05-20 18:46:44	Monitoring	[0;49mBuffering enabled (100)[0m
[2101:SimReader]: [18:46:44][INFO] adding o2sim
[2101:SimReader]: 
[2101:SimReader]: [18:46:44][INFO] INCONTEXTSTRING 
[2101:SimReader]: [18:46:44][INFO] Imposing hadronic interaction rate 50000Hz
[2101:SimReader]: [18:46:44][WARN] No bunch filling provided, impose default one
[2101:SimReader]: [18:46:44][INFO] Deducing mu=0.00771915 per BC from IR=50000 with 576 BCs
[2101:SimReader]: [18:46:44][INFO] InteractionSampler with 576 colliding BCs, mu(BC)= 0.00771915 -> total IR= 50000
[2101:SimReader]: [18:46:44][INFO] Current BCid:    0 Orbit:      1 |T in BC(ns): 0.000(0 coll left)
[2101:SimReader]: [18:46:44][INFO] setting up 1 chains
[2103:GRPUpdater]: 2021-05-20 18:46:44	Monitoring	[0;49mBuffering enabled (100)[0m
[2103:GRPUpdater]: [18:46:44][STATE] INITIALIZING DEVICE ---> INITIALIZED
[2103:GRPUpdater]: [18:46:44][STATE] INITIALIZED ---> BINDING
[2103:GRPUpdater]: [18:46:44][STATE] BINDING ---> BOUND
[2103:GRPUpdater]: [18:46:44][STATE] BOUND ---> CONNECTING
[2103:GRPUpdater]: [18:46:44][STATE] CONNECTING ---> DEVICE READY
[2103:GRPUpdater]: [18:46:44][STATE] DEVICE READY ---> INITIALIZING TASK
[2103:GRPUpdater]: [18:46:44][STATE] INITIALIZING TASK ---> READY
[2103:GRPUpdater]: [18:46:44][STATE] READY ---> RUNNING
[2103:GRPUpdater]: [18:46:44][INFO] DEVICE: Running...
[2104:ITSDigitWriter]: 2021-05-20 18:46:44	Monitoring	[0;49mBuffering enabled (100)[0m
[2104:ITSDigitWriter]: [18:46:44][INFO] 0: branch  ITSDigitMCTruth set up
[2104:ITSDigitWriter]: [18:46:44][INFO] 1: branch  ITSDigitMC2ROF set up
[2104:ITSDigitWriter]: [18:46:44][INFO] 2: branch  ITSDigit set up
[2104:ITSDigitWriter]: [18:46:44][INFO] 3: branch  ITSDigitROF set up
[2104:ITSDigitWriter]: [18:46:44][STATE] INITIALIZING DEVICE ---> INITIALIZED
[2104:ITSDigitWriter]: [18:46:44][STATE] INITIALIZED ---> BINDING
[2104:ITSDigitWriter]: [18:46:44][STATE] BINDING ---> BOUND
[2104:ITSDigitWriter]: [18:46:44][STATE] BOUND ---> CONNECTING
[2104:ITSDigitWriter]: [18:46:44][STATE] CONNECTING ---> DEVICE READY
[2104:ITSDigitWriter]: [18:46:44][STATE] DEVICE READY ---> INITIALIZING TASK
[2104:ITSDigitWriter]: [18:46:44][STATE] INITIALIZING TASK ---> READY
[2104:ITSDigitWriter]: [18:46:44][STATE] READY ---> RUNNING
[2104:ITSDigitWriter]: [18:46:44][INFO] DEVICE: Running...
[2102:ITSDigitizer]: Info in <TGeoManager::CloseGeometry>: Geometry loaded from file...
[2102:ITSDigitizer]: Info in <TGeoManager::SetTopVolume>: Top volume is cave. Master volume is cave
[2102:ITSDigitizer]: Info in <TGeoNavigator::BuildCache>: --- Maximum geometry depth set to 100
[2102:ITSDigitizer]: Info in <TGeoManager::CloseGeometry>: Voxelization retrieved from file
[2102:ITSDigitizer]: Info in <TGeoManager::CountLevels>: max level = 9, max placements = 126
[2102:ITSDigitizer]: Info in <TGeoManager::CloseGeometry>: 179840 nodes/ 399 volume UID's in FAIR geometry
[2102:ITSDigitizer]: Info in <TGeoManager::CloseGeometry>: ----------------modeler ready----------------
[2102:ITSDigitizer]: [18:46:45][INFO] Initializing field service
[2101:SimReader]: [18:46:45][INFO] Automatic deduction of number of collisions ... will just take number of background entries 10
[2101:SimReader]: Summary of DigitizationContext --
[2101:SimReader]: Parts per collision 1
[2101:SimReader]: Collision parts taken from simulations specified by prefix:
[2101:SimReader]: Number of Collisions 10
[2101:SimReader]: Collision 0 TIME BCid:  210 Orbit:      1 |T in BC(ns): -0.014 (0 , 0)
[2101:SimReader]: Collision 1 TIME BCid:  242 Orbit:      1 |T in BC(ns): -0.091 (0 , 1)
[2101:SimReader]: Collision 2 TIME BCid: 1606 Orbit:      1 |T in BC(ns): -0.071 (0 , 2)
[2101:SimReader]: Collision 3 TIME BCid:  408 Orbit:      2 |T in BC(ns): 0.117 (0 , 3)
[2101:SimReader]: Collision 4 TIME BCid:  640 Orbit:      2 |T in BC(ns): 0.012 (0 , 4)
[2101:SimReader]: Collision 5 TIME BCid:  770 Orbit:      2 |T in BC(ns): 0.096 (0 , 5)
[2101:SimReader]: Collision 6 TIME BCid: 1816 Orbit:      2 |T in BC(ns): -0.446 (0 , 6)
[2101:SimReader]: Collision 7 TIME BCid: 2176 Orbit:      2 |T in BC(ns): -0.017 (0 , 7)
[2101:SimReader]: Collision 8 TIME BCid:   56 Orbit:      3 |T in BC(ns): -0.189 (0 , 8)
[2101:SimReader]: Collision 9 TIME BCid:  448 Orbit:      3 |T in BC(ns): 0.007 (0 , 9)
[2101:SimReader]: [18:46:45][INFO] Initializing Spec ... have 10 times 
[2101:SimReader]: [18:46:45][INFO] Serializing Context for later reuse
[2102:ITSDigitizer]: [18:46:45][INFO] MagneticField::Print: MagneticFieldMap:
[2102:ITSDigitizer]: [18:46:45][INFO] MagneticField::Print: Solenoid (-1*)5 kG, Dipole ON (-1) 
[2102:ITSDigitizer]: [18:46:45][INFO] MagneticField::Print: Machine B fields for p-p  beam (7000 GeV): QGrad: 22.0002 Dipole: 37.8781
[2102:ITSDigitizer]: [18:46:45][INFO] MagneticField::Print: Uses Sol30_Dip6_Hole  of /cvmfs/alice.cern.ch/el7-x86_64/Packages/O2/nightly-20210129-1/share/Common/maps/mfchebKGI_sym.root
[2102:ITSDigitizer]: Info in <TGeoGlobalMagField::SetField>: Global magnetic field set to <MagneticFieldMap>
[2102:ITSDigitizer]: Info in <TGeoGlobalMagField::Lock>: Global magnetic field <MagneticFieldMap> is now locked
[2102:ITSDigitizer]: [18:46:45][INFO] Set Alpide charge threshold to 150, single hit will be accounted from 15 electrons
[2102:ITSDigitizer]: [18:46:45][INFO] ITS simulated in CONTINUOUS RO mode
[2101:SimReader]: [18:46:46][STATE] INITIALIZING DEVICE ---> INITIALIZED
[2101:SimReader]: [18:46:46][STATE] INITIALIZED ---> BINDING
[2101:SimReader]: [18:46:46][STATE] BINDING ---> BOUND
[2101:SimReader]: [18:46:46][STATE] BOUND ---> CONNECTING
[2101:SimReader]: [18:46:46][STATE] CONNECTING ---> DEVICE READY
[2101:SimReader]: [18:46:46][STATE] DEVICE READY ---> INITIALIZING TASK
[2101:SimReader]: [18:46:46][STATE] INITIALIZING TASK ---> READY
[2101:SimReader]: [18:46:46][STATE] READY ---> RUNNING
[2101:SimReader]: [18:46:46][INFO] DEVICE: Running...
[2101:SimReader]: [18:46:46][INFO] SENDING SOMETHING TO OTHERS
[2102:ITSDigitizer]: [18:46:46][INFO] Loading ITS L2G matrices from TGeo
[2102:ITSDigitizer]: Alpide response object of 40500 matrices to map chagre in xyz to 5x5 pixels
[2102:ITSDigitizer]: X(col) range: +0.000000e+00 : +1.462000e-03 | step: 5.000000e-05 | Nbins: 30
[2102:ITSDigitizer]: Y(row) range: +0.000000e+00 : +1.344000e-03 | step: 5.000000e-05 | Nbins: 27
[2102:ITSDigitizer]: Z(dpt) range: -2.000000e-03 : +2.500000e-03 | step: 8.999999e-05 | Nbins: 50
[2102:ITSDigitizer]: Alpide digitization params:
[2102:ITSDigitizer]: Continuous readout             : ON
[2102:ITSDigitizer]: Readout Frame Length(ns)       : 9880.510742
[2102:ITSDigitizer]: Strobe delay (ns)              : 99.803139
[2102:ITSDigitizer]: Strobe length (ns)             : 9780.708008
[2102:ITSDigitizer]: Threshold (N electrons)        : 150
[2102:ITSDigitizer]: Min N electrons to accoint     : 15
[2102:ITSDigitizer]: Number of charge sharing steps : 7
[2102:ITSDigitizer]: ELoss to N electrons factor    : 2.777778e+08
[2102:ITSDigitizer]: Noise level per pixel          : 1.000000e-07
[2102:ITSDigitizer]: Charge time-response:
[2102:ITSDigitizer]: o2::itsmft::AlpideSignalTrapezoid | Duration: 7500.0 MaxRiseTime: 1100.0 (RiseTime=0 at q=450.0) (ns)
[2102:ITSDigitizer]: [18:46:47][STATE] INITIALIZING DEVICE ---> INITIALIZED
[2102:ITSDigitizer]: [18:46:47][STATE] INITIALIZED ---> BINDING
[2102:ITSDigitizer]: [18:46:47][STATE] BINDING ---> BOUND
[2102:ITSDigitizer]: [18:46:47][STATE] BOUND ---> CONNECTING
[2102:ITSDigitizer]: [18:46:47][STATE] CONNECTING ---> DEVICE READY
[2102:ITSDigitizer]: [18:46:47][STATE] DEVICE READY ---> INITIALIZING TASK
[2102:ITSDigitizer]: [18:46:47][STATE] INITIALIZING TASK ---> READY
[2102:ITSDigitizer]: [18:46:47][STATE] READY ---> RUNNING
[2102:ITSDigitizer]: [18:46:47][INFO] DEVICE: Running...
[2102:ITSDigitizer]: [18:46:47][INFO] GOT 10 COLLISSION TIMES
[2102:ITSDigitizer]: [18:46:47][INFO] SIMCHAINS 1
[2102:ITSDigitizer]: [18:46:47][INFO]  CALLING ITS DIGITIZATION 
[2102:ITSDigitizer]: [18:46:48][INFO] Digitizing ITS hits of entry 0 from source 0 at time BCid:  210 Orbit:      1 |T in BC(ns): -0.014 ROFrame= 9) cont.mode: 1 Min/Max ROFrames 0/8
[2102:ITSDigitizer]: [18:46:48][INFO] Filling ITS digits output for RO frames 0:8
[2102:ITSDigitizer]: ROF: 0 | 1283 entries starting from 0
[2102:ITSDigitizer]: BCid:    0 Orbit:      0
[2102:ITSDigitizer]: ROF: 1 | 1267 entries starting from 1283
[2102:ITSDigitizer]: BCid:  396 Orbit:      0
[2102:ITSDigitizer]: ROF: 2 | 1323 entries starting from 2550
[2102:ITSDigitizer]: BCid:  792 Orbit:      0
[2102:ITSDigitizer]: ROF: 3 | 1229 entries starting from 3873
[2102:ITSDigitizer]: BCid: 1188 Orbit:      0
[2102:ITSDigitizer]: ROF: 4 | 1245 entries starting from 5102
[2102:ITSDigitizer]: BCid: 1584 Orbit:      0
[2102:ITSDigitizer]: ROF: 5 | 1248 entries starting from 6347
[2102:ITSDigitizer]: BCid: 1980 Orbit:      0
[2102:ITSDigitizer]: ROF: 6 | 1259 entries starting from 7595
[2102:ITSDigitizer]: BCid: 2376 Orbit:      0
[2102:ITSDigitizer]: ROF: 7 | 1258 entries starting from 8854
[2102:ITSDigitizer]: BCid: 2772 Orbit:      0
[2102:ITSDigitizer]: ROF: 8 | 1247 entries starting from 10112
[2102:ITSDigitizer]: BCid: 3168 Orbit:      0
[2102:ITSDigitizer]: [18:46:48][INFO] Added 11359 digits 
[2102:ITSDigitizer]: [18:46:48][INFO] Digitizing ITS hits of entry 1 from source 0 at time BCid:  242 Orbit:      1 |T in BC(ns): -0.091 ROFrame= 9) cont.mode: 1 Min/Max ROFrames 9/10
[2102:ITSDigitizer]: [18:46:48][INFO] Digitizing ITS hits of entry 2 from source 0 at time BCid: 1606 Orbit:      1 |T in BC(ns): -0.071 ROFrame= 13) cont.mode: 1 Min/Max ROFrames 9/12
[2102:ITSDigitizer]: [18:46:48][INFO] Filling ITS digits output for RO frames 9:12
[2102:ITSDigitizer]: ROF: 9 | 134188 entries starting from 11359
[2102:ITSDigitizer]: BCid:    0 Orbit:      1
[2102:ITSDigitizer]: MCEventID: 0 ROFs: 9-10 Entry in ROFRecords: 9
[2102:ITSDigitizer]: MCEventID: 1 ROFs: 9-11 Entry in ROFRecords: 9
[2102:ITSDigitizer]: ROF: 10 | 134170 entries starting from 145547
[2102:ITSDigitizer]: BCid:  396 Orbit:      1
[2102:ITSDigitizer]: ROF: 11 | 1456 entries starting from 279717
[2102:ITSDigitizer]: BCid:  792 Orbit:      1
[2102:ITSDigitizer]: ROF: 12 | 1320 entries starting from 281173
[2102:ITSDigitizer]: BCid: 1188 Orbit:      1
[2102:ITSDigitizer]: [18:46:49][INFO] Added 271134 digits 
[2102:ITSDigitizer]: [18:46:49][INFO] Digitizing ITS hits of entry 3 from source 0 at time BCid:  408 Orbit:      2 |T in BC(ns): 0.117 ROFrame= 19) cont.mode: 1 Min/Max ROFrames 13/18
[2102:ITSDigitizer]: [18:46:49][INFO] Filling ITS digits output for RO frames 13:18
[2102:ITSDigitizer]: ROF: 13 | 119644 entries starting from 282493
[2102:ITSDigitizer]: BCid: 1584 Orbit:      1
[2102:ITSDigitizer]: MCEventID: 2 ROFs: 13-14 Entry in ROFRecords: 13
[2102:ITSDigitizer]: ROF: 14 | 1805 entries starting from 402137
[2102:ITSDigitizer]: BCid: 1980 Orbit:      1
[2102:ITSDigitizer]: ROF: 15 | 1275 entries starting from 403942
[2102:ITSDigitizer]: BCid: 2376 Orbit:      1
[2102:ITSDigitizer]: ROF: 16 | 1207 entries starting from 405217
[2102:ITSDigitizer]: BCid: 2772 Orbit:      1
[2102:ITSDigitizer]: ROF: 17 | 1224 entries starting from 406424
[2102:ITSDigitizer]: BCid: 3168 Orbit:      1
[2102:ITSDigitizer]: ROF: 18 | 1232 entries starting from 407648
[2102:ITSDigitizer]: BCid:    0 Orbit:      2
[2102:ITSDigitizer]: [18:46:49][INFO] Added 126387 digits 
[2102:ITSDigitizer]: [18:46:49][INFO] Digitizing ITS hits of entry 4 from source 0 at time BCid:  640 Orbit:      2 |T in BC(ns): 0.012 ROFrame= 19) cont.mode: 1 Min/Max ROFrames 19/20
[2102:ITSDigitizer]: [18:46:49][INFO] Digitizing ITS hits of entry 5 from source 0 at time BCid:  770 Orbit:      2 |T in BC(ns): 0.096 ROFrame= 19) cont.mode: 1 Min/Max ROFrames 19/21
[2102:ITSDigitizer]: [18:46:49][INFO] Digitizing ITS hits of entry 6 from source 0 at time BCid: 1816 Orbit:      2 |T in BC(ns): -0.446 ROFrame= 22) cont.mode: 1 Min/Max ROFrames 19/21
[2102:ITSDigitizer]: [18:46:49][INFO] Filling ITS digits output for RO frames 19:21
[2102:ITSDigitizer]: ROF: 19 | 122157 entries starting from 408880
[2102:ITSDigitizer]: BCid:  396 Orbit:      2
[2102:ITSDigitizer]: MCEventID: 3 ROFs: 19-20 Entry in ROFRecords: 19
[2102:ITSDigitizer]: MCEventID: 4 ROFs: 19-21 Entry in ROFRecords: 19
[2102:ITSDigitizer]: MCEventID: 5 ROFs: 19-20 Entry in ROFRecords: 19
[2102:ITSDigitizer]: ROF: 20 | 6641 entries starting from 531037
[2102:ITSDigitizer]: BCid:  792 Orbit:      2
[2102:ITSDigitizer]: ROF: 21 | 1263 entries starting from 537678
[2102:ITSDigitizer]: BCid: 1188 Orbit:      2
[2102:ITSDigitizer]: [18:46:49][INFO] Added 130061 digits 
[2102:ITSDigitizer]: [18:46:49][INFO] Digitizing ITS hits of entry 7 from source 0 at time BCid: 2176 Orbit:      2 |T in BC(ns): -0.017 ROFrame= 23) cont.mode: 1 Min/Max ROFrames 22/23
[2102:ITSDigitizer]: [18:46:49][INFO] Filling ITS digits output for RO frames 22:22
[2102:ITSDigitizer]: ROF: 22 | 3133 entries starting from 538941
[2102:ITSDigitizer]: BCid: 1584 Orbit:      2
[2102:ITSDigitizer]: MCEventID: 6 ROFs: 22-23 Entry in ROFRecords: 22
[2102:ITSDigitizer]: [18:46:49][INFO] Added 3133 digits 
[2102:ITSDigitizer]: [18:46:49][INFO] Digitizing ITS hits of entry 8 from source 0 at time BCid:   56 Orbit:      3 |T in BC(ns): -0.189 ROFrame= 27) cont.mode: 1 Min/Max ROFrames 23/26
[2102:ITSDigitizer]: [18:46:49][INFO] Filling ITS digits output for RO frames 23:26
[2102:ITSDigitizer]: ROF: 23 | 79450 entries starting from 542074
[2102:ITSDigitizer]: BCid: 1980 Orbit:      2
[2102:ITSDigitizer]: MCEventID: 7 ROFs: 23-24 Entry in ROFRecords: 23
[2102:ITSDigitizer]: ROF: 24 | 77444 entries starting from 621524
[2102:ITSDigitizer]: BCid: 2376 Orbit:      2
[2102:ITSDigitizer]: ROF: 25 | 1274 entries starting from 698968
[2102:ITSDigitizer]: BCid: 2772 Orbit:      2
[2102:ITSDigitizer]: ROF: 26 | 1228 entries starting from 700242
[2102:ITSDigitizer]: BCid: 3168 Orbit:      2
[2102:ITSDigitizer]: [18:46:49][INFO] Added 159396 digits 
[2102:ITSDigitizer]: [18:46:49][INFO] Digitizing ITS hits of entry 9 from source 0 at time BCid:  448 Orbit:      3 |T in BC(ns): 0.007 ROFrame= 28) cont.mode: 1 Min/Max ROFrames 27/27
[2102:ITSDigitizer]: [18:46:49][INFO] Filling ITS digits output for RO frames 27:27
[2102:ITSDigitizer]: ROF: 27 | 6871 entries starting from 701470
[2102:ITSDigitizer]: BCid:    0 Orbit:      3
[2102:ITSDigitizer]: MCEventID: 8 ROFs: 27-27 Entry in ROFRecords: 27
[2102:ITSDigitizer]: [18:46:49][INFO] Added 6871 digits 
[2102:ITSDigitizer]: [18:46:49][INFO] Filling ITS digits output for RO frames 28:28
[2102:ITSDigitizer]: ROF: 28 | 2340 entries starting from 708341
[2102:ITSDigitizer]: BCid:  396 Orbit:      3
[2102:ITSDigitizer]: MCEventID: 9 ROFs: 28-28 Entry in ROFRecords: 28
[2102:ITSDigitizer]: [18:46:49][INFO] Added 2340 digits 
[2102:ITSDigitizer]: [18:46:49][INFO] ITS: Sending ROMode= 3 to GRPUpdater
[2102:ITSDigitizer]: [18:46:49][INFO] Digitization took 1.85s
[2104:ITSDigitWriter]: [18:46:49][INFO] WRITING 714709 LABELS 
[2103:GRPUpdater]: [18:46:49][INFO] Updated GRP in o2sim_grp.root for detectors RO mode
[2103:GRPUpdater]: Run: 1621528977
[2103:GRPUpdater]: Fill:      0
[2103:GRPUpdater]: Period: 
[2103:GRPUpdater]: LHC State: 
[2103:GRPUpdater]: Start: Thu May 20 18:42:59 2021
[2103:GRPUpdater]: End  : Thu May 20 18:42:59 2021
[2103:GRPUpdater]: Beam0: Z:A =   0:  0, Energy = 0.000
[2103:GRPUpdater]: Beam1: Z:A =   0:  0, Energy = 0.000
[2103:GRPUpdater]: sqrt[s]    = 0.000
[2103:GRPUpdater]: crossing angle (radian) = 0.000000e+00
[2103:GRPUpdater]: magnet currents (A) L3 = -30000.000, Dipole = -6000
[2103:GRPUpdater]: Detectors: Cont.RO Triggers
[2103:GRPUpdater]:       ITS:    +       -    
[2104:ITSDigitWriter]: [18:46:50][INFO] RECEIVED DIGITS SIZE 710681
[INFO] Quitting
[INFO] QUIT_REQUESTED
[2101:SimReader]: [18:46:50][INFO] Received device shutdown request (signal 15).
[2101:SimReader]: [18:46:50][INFO] Waiting for graceful device shutdown. Hit Ctrl-C again to abort immediately.
[2102:ITSDigitizer]: [18:46:50][INFO] Received device shutdown request (signal 15).
[2102:ITSDigitizer]: [18:46:50][INFO] Waiting for graceful device shutdown. Hit Ctrl-C again to abort immediately.
[2101:SimReader]: [18:46:50][STATE] RUNNING ---> READY
[2101:SimReader]: [18:46:50][STATE] READY ---> RESETTING TASK
[2101:SimReader]: [18:46:50][STATE] RESETTING TASK ---> DEVICE READY
[2101:SimReader]: [18:46:50][STATE] DEVICE READY ---> RESETTING DEVICE
[2101:SimReader]: [18:46:50][STATE] RESETTING DEVICE ---> IDLE
[2101:SimReader]: [18:46:50][STATE] IDLE ---> EXITING
[2103:GRPUpdater]: [18:46:50][INFO] Received device shutdown request (signal 15).
[2103:GRPUpdater]: [18:46:50][INFO] Waiting for graceful device shutdown. Hit Ctrl-C again to abort immediately.
[2101:SimReader]: [18:46:50][STATE] Exiting FairMQ state machine
[2100:internal-dpl-clock]: [18:46:50][INFO] Received device shutdown request (signal 15).
[2100:internal-dpl-clock]: [18:46:50][INFO] Waiting for graceful device shutdown. Hit Ctrl-C again to abort immediately.
[2104:ITSDigitWriter]: [18:46:50][INFO] Received device shutdown request (signal 15).
[2104:ITSDigitWriter]: [18:46:50][INFO] Waiting for graceful device shutdown. Hit Ctrl-C again to abort immediately.
[2103:GRPUpdater]: [18:46:50][STATE] RUNNING ---> READY
[2103:GRPUpdater]: [18:46:50][STATE] READY ---> RESETTING TASK
[2100:internal-dpl-clock]: [18:46:50][STATE] RUNNING ---> READY
[2102:ITSDigitizer]: [18:46:50][STATE] RUNNING ---> READY
[2102:ITSDigitizer]: [18:46:50][STATE] READY ---> RESETTING TASK
[2102:ITSDigitizer]: [18:46:50][STATE] RESETTING TASK ---> DEVICE READY
[2102:ITSDigitizer]: [18:46:50][STATE] DEVICE READY ---> RESETTING DEVICE
[2103:GRPUpdater]: [18:46:50][STATE] RESETTING TASK ---> DEVICE READY
[2103:GRPUpdater]: [18:46:50][STATE] DEVICE READY ---> RESETTING DEVICE
[2100:internal-dpl-clock]: [18:46:50][STATE] READY ---> RESETTING TASK
[2102:ITSDigitizer]: [18:46:50][STATE] RESETTING DEVICE ---> IDLE
[2102:ITSDigitizer]: [18:46:50][STATE] IDLE ---> EXITING
[2100:internal-dpl-clock]: [18:46:50][STATE] RESETTING TASK ---> DEVICE READY
[2100:internal-dpl-clock]: [18:46:50][STATE] DEVICE READY ---> RESETTING DEVICE
[2102:ITSDigitizer]: [18:46:50][STATE] Exiting FairMQ state machine
[2103:GRPUpdater]: [18:46:50][STATE] RESETTING DEVICE ---> IDLE
[2103:GRPUpdater]: [18:46:50][STATE] IDLE ---> EXITING
[2103:GRPUpdater]: [18:46:50][STATE] Exiting FairMQ state machine
[2100:internal-dpl-clock]: [18:46:50][STATE] RESETTING DEVICE ---> IDLE
[2100:internal-dpl-clock]: [18:46:50][STATE] IDLE ---> EXITING
[2100:internal-dpl-clock]: [18:46:50][STATE] Exiting FairMQ state machine
[2104:ITSDigitWriter]: [18:46:52][STATE] RUNNING ---> READY
[2104:ITSDigitWriter]: [18:46:52][STATE] READY ---> RESETTING TASK
[2104:ITSDigitWriter]: [18:46:52][STATE] RESETTING TASK ---> DEVICE READY
[2104:ITSDigitWriter]: [18:46:52][STATE] DEVICE READY ---> RESETTING DEVICE
[2104:ITSDigitWriter]: Cleaning up for shared memory id 'ca2969e8'...
[2104:ITSDigitWriter]: No region counter found. No regions to cleanup.
[2104:ITSDigitWriter]: Successfully removed 'fmq_ca2969e8_m_0'.
[2104:ITSDigitWriter]: Successfully removed 'fmq_ca2969e8_mng'.
[2104:ITSDigitWriter]: Successfully removed 'fmq_ca2969e8_mtx'.
[2104:ITSDigitWriter]: Successfully removed 'fmq_ca2969e8_cv'.
[2104:ITSDigitWriter]: [18:46:52][STATE] RESETTING DEVICE ---> IDLE
[2104:ITSDigitWriter]: [18:46:52][STATE] IDLE ---> EXITING
[2104:ITSDigitWriter]: [18:46:52][STATE] Exiting FairMQ state machine
[INFO] Dumping used configuration in dpl-config.json

==============================================================================================
3. Tracking
[INFO] Initialising O2 Data Processing Layer
[INFO] O2 Data Processing Layer initialised. We brake for nobody.
[INFO] Optimised build. O2DEBUG / LOG(DEBUG) / LOGF(DEBUG) / assert statement will not be shown.
[INFO] Redeployment of configuration asked.
[INFO] Starting internal-dpl-clock on pid 3183
[INFO] Starting its-digit-reader on pid 3184
[INFO] Starting its-clusterer on pid 3185
[INFO] Starting its-cluster-writer on pid 3186
[INFO] Starting its-tracker on pid 3187
[INFO] Starting its-track-writer on pid 3188
[INFO] Redeployment of configuration done.
[3185:its-clusterer]: [INFO] Spawing new device its-clusterer in process with pid 3185
[3187:its-tracker]: [INFO] Spawing new device its-tracker in process with pid 3187
[3187:its-tracker]: [18:49:26][INFO] 
[3187:its-tracker]:       ______      _    _______  _________ 
[3187:its-tracker]:      / ____/___ _(_)_______   |/  /_  __ \    version 1.4.29
[3187:its-tracker]:     / /_  / __ `/ / ___/__  /|_/ /_  / / /    build RELWITHDEBINFO
[3187:its-tracker]:    / __/ / /_/ / / /    _  /  / / / /_/ /     https://github.com/FairRootGroup/FairMQ
[3187:its-tracker]:   /_/    \__,_/_/_/     /_/  /_/  \___\_\     LGPL-3.0  © 2012-2020 GSI
[3187:its-tracker]: 
[3187:its-tracker]: [18:49:26][STATE] Starting FairMQ state machine --> IDLE
[3185:its-clusterer]: [18:49:26][INFO] 
[3185:its-clusterer]:       ______      _    _______  _________ 
[3185:its-clusterer]:      / ____/___ _(_)_______   |/  /_  __ \    version 1.4.29
[3185:its-clusterer]:     / /_  / __ `/ / ___/__  /|_/ /_  / / /    build RELWITHDEBINFO
[3185:its-clusterer]:    / __/ / /_/ / / /    _  /  / / / /_/ /     https://github.com/FairRootGroup/FairMQ
[3185:its-clusterer]:   /_/    \__,_/_/_/     /_/  /_/  \___\_\     LGPL-3.0  © 2012-2020 GSI
[3185:its-clusterer]: 
[3185:its-clusterer]: [18:49:26][STATE] Starting FairMQ state machine --> IDLE
[3187:its-tracker]: 2021-05-20 18:49:26	Monitoring	[0;49mStdOut backend initialized[0m
[3185:its-clusterer]: 2021-05-20 18:49:26	Monitoring	[0;49mStdOut backend initialized[0m
[3185:its-clusterer]: [18:49:26][STATE] IDLE ---> INITIALIZING DEVICE
[3187:its-tracker]: [18:49:26][STATE] IDLE ---> INITIALIZING DEVICE
[3187:its-tracker]: 2021-05-20 18:49:26	Monitoring	[0;49mBuffering enabled (100)[0m
[3187:its-tracker]: [18:49:26][INFO] Created GPUReconstruction instance for device type CPU (1) 
[3183:internal-dpl-clock]: [INFO] Spawing new device internal-dpl-clock in process with pid 3183
[3183:internal-dpl-clock]: [18:49:26][INFO] 
[3183:internal-dpl-clock]:       ______      _    _______  _________ 
[3183:internal-dpl-clock]:      / ____/___ _(_)_______   |/  /_  __ \    version 1.4.29
[3183:internal-dpl-clock]:     / /_  / __ `/ / ___/__  /|_/ /_  / / /    build RELWITHDEBINFO
[3183:internal-dpl-clock]:    / __/ / /_/ / / /    _  /  / / / /_/ /     https://github.com/FairRootGroup/FairMQ
[3183:internal-dpl-clock]:   /_/    \__,_/_/_/     /_/  /_/  \___\_\     LGPL-3.0  © 2012-2020 GSI
[3183:internal-dpl-clock]: 
[3183:internal-dpl-clock]: [18:49:26][STATE] Starting FairMQ state machine --> IDLE
[3183:internal-dpl-clock]: 2021-05-20 18:49:26	Monitoring	[0;49mStdOut backend initialized[0m
[3183:internal-dpl-clock]: [18:49:26][STATE] IDLE ---> INITIALIZING DEVICE
[3183:internal-dpl-clock]: 2021-05-20 18:49:26	Monitoring	[0;49mBuffering enabled (100)[0m
[3183:internal-dpl-clock]: [18:49:26][STATE] INITIALIZING DEVICE ---> INITIALIZED
[3183:internal-dpl-clock]: [18:49:26][STATE] INITIALIZED ---> BINDING
[3183:internal-dpl-clock]: [18:49:26][STATE] BINDING ---> BOUND
[3183:internal-dpl-clock]: [18:49:26][STATE] BOUND ---> CONNECTING
[3183:internal-dpl-clock]: [18:49:26][STATE] CONNECTING ---> DEVICE READY
[3183:internal-dpl-clock]: [18:49:26][STATE] DEVICE READY ---> INITIALIZING TASK
[3183:internal-dpl-clock]: [18:49:26][STATE] INITIALIZING TASK ---> READY
[3183:internal-dpl-clock]: [18:49:26][STATE] READY ---> RUNNING
[3183:internal-dpl-clock]: [18:49:26][INFO] DEVICE: Running...
[3188:its-track-writer]: [INFO] Spawing new device its-track-writer in process with pid 3188
[3186:its-cluster-writer]: [INFO] Spawing new device its-cluster-writer in process with pid 3186
[3185:its-clusterer]: 2021-05-20 18:49:26	Monitoring	[0;49mBuffering enabled (100)[0m
[3184:its-digit-reader]: [INFO] Spawing new device its-digit-reader in process with pid 3184
[3188:its-track-writer]: [18:49:26][INFO] 
[3188:its-track-writer]:       ______      _    _______  _________ 
[3188:its-track-writer]:      / ____/___ _(_)_______   |/  /_  __ \    version 1.4.29
[3188:its-track-writer]:     / /_  / __ `/ / ___/__  /|_/ /_  / / /    build RELWITHDEBINFO
[3188:its-track-writer]:    / __/ / /_/ / / /    _  /  / / / /_/ /     https://github.com/FairRootGroup/FairMQ
[3188:its-track-writer]:   /_/    \__,_/_/_/     /_/  /_/  \___\_\     LGPL-3.0  © 2012-2020 GSI
[3188:its-track-writer]: 
[3188:its-track-writer]: [18:49:26][STATE] Starting FairMQ state machine --> IDLE
[3186:its-cluster-writer]: [18:49:26][INFO] 
[3186:its-cluster-writer]:       ______      _    _______  _________ 
[3186:its-cluster-writer]:      / ____/___ _(_)_______   |/  /_  __ \    version 1.4.29
[3186:its-cluster-writer]:     / /_  / __ `/ / ___/__  /|_/ /_  / / /    build RELWITHDEBINFO
[3186:its-cluster-writer]:    / __/ / /_/ / / /    _  /  / / / /_/ /     https://github.com/FairRootGroup/FairMQ
[3186:its-cluster-writer]:   /_/    \__,_/_/_/     /_/  /_/  \___\_\     LGPL-3.0  © 2012-2020 GSI
[3186:its-cluster-writer]: 
[3186:its-cluster-writer]: [18:49:26][STATE] Starting FairMQ state machine --> IDLE
[3188:its-track-writer]: 2021-05-20 18:49:26	Monitoring	[0;49mStdOut backend initialized[0m
[3184:its-digit-reader]: [18:49:26][INFO] 
[3184:its-digit-reader]:       ______      _    _______  _________ 
[3184:its-digit-reader]:      / ____/___ _(_)_______   |/  /_  __ \    version 1.4.29
[3184:its-digit-reader]:     / /_  / __ `/ / ___/__  /|_/ /_  / / /    build RELWITHDEBINFO
[3184:its-digit-reader]:    / __/ / /_/ / / /    _  /  / / / /_/ /     https://github.com/FairRootGroup/FairMQ
[3184:its-digit-reader]:   /_/    \__,_/_/_/     /_/  /_/  \___\_\     LGPL-3.0  © 2012-2020 GSI
[3184:its-digit-reader]: 
[3184:its-digit-reader]: [18:49:26][STATE] Starting FairMQ state machine --> IDLE
[3184:its-digit-reader]: 2021-05-20 18:49:26	Monitoring	[0;49mStdOut backend initialized[0m
[3184:its-digit-reader]: [18:49:26][STATE] IDLE ---> INITIALIZING DEVICE
[3186:its-cluster-writer]: 2021-05-20 18:49:26	Monitoring	[0;49mStdOut backend initialized[0m
[3186:its-cluster-writer]: [18:49:26][STATE] IDLE ---> INITIALIZING DEVICE
[3188:its-track-writer]: [18:49:26][STATE] IDLE ---> INITIALIZING DEVICE
[3184:its-digit-reader]: 2021-05-20 18:49:26	Monitoring	[0;49mBuffering enabled (100)[0m
[3185:its-clusterer]: [18:49:26][INFO] Dictionary ITSdictionary.bin is absent, ITSClusterer expects cluster patterns
[3185:its-clusterer]: [18:49:26][INFO] Clusterizer masks overflow pixels separated by < 406 BC and <= 0 in row/col
[3185:its-clusterer]: [18:49:26][INFO] Inclusive clusterization timing (w/o disk IO): Cpu: 0 Real: 0 s in 1 slots
[3185:its-clusterer]: [18:49:26][INFO] Threads output merging timing                : Cpu: 0 Real: 0 s in 1 slots
[3185:its-clusterer]: [18:49:26][STATE] INITIALIZING DEVICE ---> INITIALIZED
[3185:its-clusterer]: [18:49:26][STATE] INITIALIZED ---> BINDING
[3185:its-clusterer]: [18:49:26][STATE] BINDING ---> BOUND
[3185:its-clusterer]: [18:49:26][STATE] BOUND ---> CONNECTING
[3185:its-clusterer]: [18:49:26][STATE] CONNECTING ---> DEVICE READY
[3185:its-clusterer]: [18:49:26][STATE] DEVICE READY ---> INITIALIZING TASK
[3185:its-clusterer]: [18:49:26][STATE] INITIALIZING TASK ---> READY
[3185:its-clusterer]: [18:49:26][STATE] READY ---> RUNNING
[3185:its-clusterer]: [18:49:26][INFO] DEVICE: Running...
[3184:its-digit-reader]: [18:49:26][STATE] INITIALIZING DEVICE ---> INITIALIZED
[3184:its-digit-reader]: [18:49:26][STATE] INITIALIZED ---> BINDING
[3184:its-digit-reader]: [18:49:26][STATE] BINDING ---> BOUND
[3184:its-digit-reader]: [18:49:26][STATE] BOUND ---> CONNECTING
[3184:its-digit-reader]: [18:49:26][STATE] CONNECTING ---> DEVICE READY
[3184:its-digit-reader]: [18:49:26][STATE] DEVICE READY ---> INITIALIZING TASK
[3184:its-digit-reader]: [18:49:26][STATE] INITIALIZING TASK ---> READY
[3184:its-digit-reader]: [18:49:26][STATE] READY ---> RUNNING
[3184:its-digit-reader]: [18:49:26][INFO] DEVICE: Running...
[3188:its-track-writer]: 2021-05-20 18:49:26	Monitoring	[0;49mBuffering enabled (100)[0m
[3188:its-track-writer]: [18:49:26][INFO] 0: branch  ITSTrack set up
[3188:its-track-writer]: [18:49:26][INFO] 1: branch  ITSTrackClusIdx set up
[3188:its-track-writer]: [18:49:26][INFO] 2: branch  Vertices set up
[3188:its-track-writer]: [18:49:26][INFO] 3: branch  VerticesROF set up
[3188:its-track-writer]: [18:49:26][INFO] 4: branch  ITSTracksROF set up
[3188:its-track-writer]: [18:49:26][INFO] 5: branch  ITSTrackMCTruth set up
[3188:its-track-writer]: [18:49:26][INFO] 6: branch  ITSTracksMC2ROF set up
[3188:its-track-writer]: [18:49:26][STATE] INITIALIZING DEVICE ---> INITIALIZED
[3188:its-track-writer]: [18:49:26][STATE] INITIALIZED ---> BINDING
[3188:its-track-writer]: [18:49:26][STATE] BINDING ---> BOUND
[3188:its-track-writer]: [18:49:26][STATE] BOUND ---> CONNECTING
[3188:its-track-writer]: [18:49:26][STATE] CONNECTING ---> DEVICE READY
[3188:its-track-writer]: [18:49:26][STATE] DEVICE READY ---> INITIALIZING TASK
[3188:its-track-writer]: [18:49:26][STATE] INITIALIZING TASK ---> READY
[3188:its-track-writer]: [18:49:26][STATE] READY ---> RUNNING
[3188:its-track-writer]: [18:49:26][INFO] DEVICE: Running...
[3187:its-tracker]: [18:49:27][INFO] MagneticField::Print: MagneticFieldMap:
[3187:its-tracker]: [18:49:27][INFO] MagneticField::Print: Solenoid (-1*)5 kG, Dipole ON (-1) 
[3187:its-tracker]: [18:49:27][INFO] MagneticField::Print: Machine B fields for p-p  beam (7000 GeV): QGrad: 22.0002 Dipole: 37.8781
[3187:its-tracker]: [18:49:27][INFO] MagneticField::Print: Uses Sol30_Dip6_Hole  of /cvmfs/alice.cern.ch/el7-x86_64/Packages/O2/nightly-20210129-1/share/Common/maps/mfchebKGI_sym.root
[3187:its-tracker]: Info in <TGeoGlobalMagField::SetField>: Global magnetic field set to <MagneticFieldMap>
[3187:its-tracker]: Info in <TGeoGlobalMagField::Lock>: Global magnetic field <MagneticFieldMap> is now locked
[3187:its-tracker]: [18:49:27][INFO] Loading geometry FAIRGeom from o2sim_geometry.root
[3186:its-cluster-writer]: 2021-05-20 18:49:26	Monitoring	[0;49mBuffering enabled (100)[0m
[3186:its-cluster-writer]: [18:49:27][INFO] 0: branch  ITSClusterComp set up
[3186:its-cluster-writer]: [18:49:27][INFO] 1: branch  ITSClusterPatt set up
[3186:its-cluster-writer]: [18:49:27][INFO] 2: branch  ITSClustersROF set up
[3186:its-cluster-writer]: [18:49:27][INFO] 3: branch  ITSClusterMCTruth set up
[3186:its-cluster-writer]: [18:49:27][INFO] 4: branch  ITSClustersMC2ROF set up
[3186:its-cluster-writer]: [18:49:27][STATE] INITIALIZING DEVICE ---> INITIALIZED
[3186:its-cluster-writer]: [18:49:27][STATE] INITIALIZED ---> BINDING
[3186:its-cluster-writer]: [18:49:27][STATE] BINDING ---> BOUND
[3186:its-cluster-writer]: [18:49:27][STATE] BOUND ---> CONNECTING
[3186:its-cluster-writer]: [18:49:27][STATE] CONNECTING ---> DEVICE READY
[3186:its-cluster-writer]: [18:49:27][STATE] DEVICE READY ---> INITIALIZING TASK
[3186:its-cluster-writer]: [18:49:27][STATE] INITIALIZING TASK ---> READY
[3186:its-cluster-writer]: [18:49:27][STATE] READY ---> RUNNING
[3186:its-cluster-writer]: [18:49:27][INFO] DEVICE: Running...
[3187:its-tracker]: Info in <TGeoManager::CloseGeometry>: Geometry loaded from file...
[3187:its-tracker]: Info in <TGeoManager::SetTopVolume>: Top volume is cave. Master volume is cave
[3187:its-tracker]: Info in <TGeoNavigator::BuildCache>: --- Maximum geometry depth set to 100
[3187:its-tracker]: Info in <TGeoManager::CloseGeometry>: Voxelization retrieved from file
[3187:its-tracker]: Info in <TGeoManager::CountLevels>: max level = 9, max placements = 126
[3187:its-tracker]: Info in <TGeoManager::CloseGeometry>: 179840 nodes/ 399 volume UID's in FAIR geometry
[3187:its-tracker]: Info in <TGeoManager::CloseGeometry>: ----------------modeler ready----------------
[3187:its-tracker]: [18:49:28][INFO] Loading ITS T2L matrices from TGeo
[3184:its-digit-reader]: [18:49:28][INFO] ITSDigitReader pushed 710681 digits, in 29 RO frames
[3185:its-clusterer]: [18:49:28][INFO] ITSClusterer pulled 710681 digits, in 29 RO frames
[3185:its-clusterer]: [18:49:28][INFO] ITSClusterer pulled 714709 labels 
[3185:its-clusterer]: [18:49:28][INFO] ITSClusterer pushed 138424 clusters, in 29 RO frames
[3187:its-tracker]: [18:49:28][WARN] It is faster to use 2D rotation for T2G instead of full Transform3D matrices
[3187:its-tracker]: [18:49:28][INFO] Loading ITS T2G matrices from TGeo
[3186:its-cluster-writer]: [18:49:28][INFO] ITSClusterWriter pulled 138424 clusters, in 29 RO frames
[3187:its-tracker]: [18:49:28][INFO] Loading ITS T2G rotation 2D matrices
[3187:its-tracker]: [18:49:28][INFO] Initializing tracker in sync. phase reconstruction with 1 passes
[3187:its-tracker]: [18:49:28][INFO] Not using lookup table for material budget approximation
[3187:its-tracker]: [18:49:28][INFO] Dictionary ITSdictionary.bin is absent, Tracker expects cluster patterns
[3187:its-tracker]: [18:49:28][STATE] INITIALIZING DEVICE ---> INITIALIZED
[3187:its-tracker]: [18:49:28][STATE] INITIALIZED ---> BINDING
[3187:its-tracker]: [18:49:28][STATE] BINDING ---> BOUND
[3187:its-tracker]: [18:49:28][STATE] BOUND ---> CONNECTING
[3187:its-tracker]: [18:49:28][STATE] CONNECTING ---> DEVICE READY
[3187:its-tracker]: [18:49:28][STATE] DEVICE READY ---> INITIALIZING TASK
[3187:its-tracker]: [18:49:28][STATE] INITIALIZING TASK ---> READY
[3187:its-tracker]: [18:49:28][STATE] READY ---> RUNNING
[3187:its-tracker]: [18:49:28][INFO] DEVICE: Running...
[3187:its-tracker]: [18:49:28][INFO] ITSTracker pulled 138424 clusters, 29 RO frames
[3187:its-tracker]: [18:49:28][INFO] 138424 MC label objects , in 10 MC events
[3187:its-tracker]: [18:49:28][INFO] ITSTracker RO: continuous=1
[3187:its-tracker]: [18:49:28][INFO] Loading ITS L2G matrices from TGeo
[3187:its-tracker]: [18:49:29][INFO] ROframe: 0, clusters loaded : 1283
[3187:its-tracker]:  - Vertexer initialisation completed in: 0.185139 ms
[3187:its-tracker]:  - Tracklet finding completed in: 0.006275 ms
[3187:its-tracker]:  - Adjacent tracklets validation completed in: 0.003535 ms
[3187:its-tracker]:  - Vertex finding completed in: 0.007036 ms
[3187:its-tracker]: [18:49:29][INFO] Found tracks: 0
[3187:its-tracker]: [18:49:29][INFO] ROframe: 1, clusters loaded : 1267
[3187:its-tracker]:  - Vertexer initialisation completed in: 0.174616 ms
[3187:its-tracker]:  - Tracklet finding completed in: 0.052978 ms
[3187:its-tracker]:  - Adjacent tracklets validation completed in: 0.000407 ms
[3187:its-tracker]:  - Vertex finding completed in: 0.000553 ms
[3187:its-tracker]: [18:49:29][INFO] Found tracks: 0
[3187:its-tracker]: [18:49:29][INFO] ROframe: 2, clusters loaded : 1323
[3187:its-tracker]:  - Vertexer initialisation completed in: 0.154667 ms
[3187:its-tracker]:  - Tracklet finding completed in: 0.001508 ms
[3187:its-tracker]:  - Adjacent tracklets validation completed in: 0.000347 ms
[3187:its-tracker]:  - Vertex finding completed in: 0.00038 ms
[3187:its-tracker]: [18:49:29][INFO] Found tracks: 0
[3187:its-tracker]: [18:49:29][INFO] ROframe: 3, clusters loaded : 1229
[3187:its-tracker]:  - Vertexer initialisation completed in: 0.211523 ms
[3187:its-tracker]:  - Tracklet finding completed in: 0.001037 ms
[3187:its-tracker]:  - Adjacent tracklets validation completed in: 0.000333 ms
[3187:its-tracker]:  - Vertex finding completed in: 0.000436 ms
[3187:its-tracker]: [18:49:29][INFO] Found tracks: 0
[3187:its-tracker]: [18:49:29][INFO] ROframe: 4, clusters loaded : 1245
[3187:its-tracker]:  - Vertexer initialisation completed in: 0.150323 ms
[3187:its-tracker]:  - Tracklet finding completed in: 0.000938 ms
[3187:its-tracker]:  - Adjacent tracklets validation completed in: 0.000262 ms
[3187:its-tracker]:  - Vertex finding completed in: 0.000295 ms
[3187:its-tracker]: [18:49:29][INFO] Found tracks: 0
[3187:its-tracker]: [18:49:29][INFO] ROframe: 5, clusters loaded : 1248
[3187:its-tracker]:  - Vertexer initialisation completed in: 0.126411 ms
[3187:its-tracker]:  - Tracklet finding completed in: 0.000907 ms
[3187:its-tracker]:  - Adjacent tracklets validation completed in: 0.000219 ms
[3187:its-tracker]:  - Vertex finding completed in: 0.00026 ms
[3187:its-tracker]: [18:49:29][INFO] Found tracks: 0
[3187:its-tracker]: [18:49:29][INFO] ROframe: 6, clusters loaded : 1259
[3187:its-tracker]:  - Vertexer initialisation completed in: 0.133951 ms
[3187:its-tracker]:  - Tracklet finding completed in: 0.00129 ms
[3187:its-tracker]:  - Adjacent tracklets validation completed in: 0.000322 ms
[3187:its-tracker]:  - Vertex finding completed in: 0.000419 ms
[3187:its-tracker]: [18:49:29][INFO] Found tracks: 0
[3187:its-tracker]: [18:49:29][INFO] ROframe: 7, clusters loaded : 1258
[3187:its-tracker]:  - Vertexer initialisation completed in: 0.12664 ms
[3187:its-tracker]:  - Tracklet finding completed in: 0.001183 ms
[3187:its-tracker]:  - Adjacent tracklets validation completed in: 0.000298 ms
[3187:its-tracker]:  - Vertex finding completed in: 0.000275 ms
[3187:its-tracker]: [18:49:29][INFO] Found tracks: 0
[3187:its-tracker]: [18:49:29][INFO] ROframe: 8, clusters loaded : 1247
[3187:its-tracker]:  - Vertexer initialisation completed in: 0.141786 ms
[3187:its-tracker]:  - Tracklet finding completed in: 0.003136 ms
[3187:its-tracker]:  - Adjacent tracklets validation completed in: 0.000354 ms
[3187:its-tracker]:  - Vertex finding completed in: 0.000286 ms
[3187:its-tracker]: [18:49:29][INFO] Found tracks: 0
[3187:its-tracker]: [18:49:29][INFO] ROframe: 9, clusters loaded : 31473
[3187:its-tracker]:  - Vertexer initialisation completed in: 2.14272 ms
[3187:its-tracker]:  - Tracklet finding completed in: 8.49631 ms
[3187:its-tracker]:  - Adjacent tracklets validation completed in: 1.80727 ms
[3187:its-tracker]:  - Vertex finding completed in: 0.370656 ms
[3187:its-tracker]: 		Found vertex with:    980 contributors
[3187:its-tracker]: 		Found vertex with:    642 contributors
[3187:its-tracker]:  - Context initialisation completed in: 3.963 ms
[3187:its-tracker]:  - Tracklet finding completed in: 15.6593 ms
[3187:its-tracker]:  - Cell finding completed in: 6.12674 ms
[3187:its-tracker]:  - Neighbour finding completed in: 0.878999 ms
[3187:its-tracker]:  - Road finding completed in: 0.541392 ms
[3187:its-tracker]:  - Track finding completed in: 14.2764 ms
[3187:its-tracker]:  - Vertex processing completed in: 41.4458ms
[3187:its-tracker]:  - Context initialisation completed in: 0.322617 ms
[3187:its-tracker]:  - Tracklet finding completed in: 11.5542 ms
[3187:its-tracker]:  - Cell finding completed in: 3.26462 ms
[3187:its-tracker]:  - Neighbour finding completed in: 0.451545 ms
[3187:its-tracker]:  - Road finding completed in: 0.115172 ms
[3187:its-tracker]:  - Track finding completed in: 8.67294 ms
[3187:its-tracker]:  - Vertex processing completed in: 24.3811ms
[3187:its-tracker]:  - Context initialisation completed in: 0.27146 ms
[3187:its-tracker]:  - Tracklet finding completed in: 9.60029 ms
[3187:its-tracker]:  - Cell finding completed in: 2.58257 ms
[3187:its-tracker]:  - Neighbour finding completed in: 0.180479 ms
[3187:its-tracker]:  - Road finding completed in: 0.001386 ms
[3187:its-tracker]:  - Track finding completed in: 0.000473 ms
[3187:its-tracker]:  - Vertex processing completed in: 12.6367ms
[3187:its-tracker]:  - Context initialisation completed in: 0.155024 ms
[3187:its-tracker]:  - Tracklet finding completed in: 10.3704 ms
[3187:its-tracker]:  - Cell finding completed in: 1.80237 ms
[3187:its-tracker]:  - Neighbour finding completed in: 0.133247 ms
[3187:its-tracker]:  - Road finding completed in: 0.00111 ms
[3187:its-tracker]:  - Track finding completed in: 0.000453 ms
[3187:its-tracker]:  - Vertex processing completed in: 12.4626ms
[3187:its-tracker]: [18:49:29][INFO] Found tracks: 1367
[3187:its-tracker]: [18:49:29][INFO] ROframe: 10, clusters loaded : 1222
[3187:its-tracker]:  - Vertexer initialisation completed in: 0.252041 ms
[3187:its-tracker]:  - Tracklet finding completed in: 0.004276 ms
[3187:its-tracker]:  - Adjacent tracklets validation completed in: 0.000761 ms
[3187:its-tracker]:  - Vertex finding completed in: 0.001243 ms
[3187:its-tracker]: [18:49:29][INFO] Found tracks: 0
[3187:its-tracker]: [18:49:29][INFO] ROframe: 11, clusters loaded : 1335
[3187:its-tracker]:  - Vertexer initialisation completed in: 0.166209 ms
[3187:its-tracker]:  - Tracklet finding completed in: 0.002738 ms
[3187:its-tracker]:  - Adjacent tracklets validation completed in: 0.000393 ms
[3187:its-tracker]:  - Vertex finding completed in: 0.000879 ms
[3187:its-tracker]: [18:49:29][INFO] Found tracks: 0
[3187:its-tracker]: [18:49:29][INFO] ROframe: 12, clusters loaded : 1320
[3187:its-tracker]:  - Vertexer initialisation completed in: 0.200486 ms
[3187:its-tracker]:  - Tracklet finding completed in: 0.001157 ms
[3187:its-tracker]:  - Adjacent tracklets validation completed in: 0.000246 ms
[3187:its-tracker]:  - Vertex finding completed in: 0.000302 ms
[3187:its-tracker]: [18:49:29][INFO] Found tracks: 0
[3187:its-tracker]: [18:49:29][INFO] ROframe: 13, clusters loaded : 26153
[3187:its-tracker]:  - Vertexer initialisation completed in: 1.64199 ms
[3187:its-tracker]:  - Tracklet finding completed in: 4.11529 ms
[3187:its-tracker]:  - Adjacent tracklets validation completed in: 1.29212 ms
[3187:its-tracker]:  - Vertex finding completed in: 0.408084 ms
[3187:its-tracker]: 		Found vertex with:   1097 contributors
[3187:its-tracker]:  - Context initialisation completed in: 2.23408 ms
[3187:its-tracker]:  - Tracklet finding completed in: 12.2849 ms
[3187:its-tracker]:  - Cell finding completed in: 5.57178 ms
[3187:its-tracker]:  - Neighbour finding completed in: 1.17658 ms
[3187:its-tracker]:  - Road finding completed in: 0.217249 ms
[3187:its-tracker]:  - Track finding completed in: 16.404 ms
[3187:its-tracker]:  - Vertex processing completed in: 37.8886ms
[3187:its-tracker]:  - Context initialisation completed in: 0.386458 ms
[3187:its-tracker]:  - Tracklet finding completed in: 8.19453 ms
[3187:its-tracker]:  - Cell finding completed in: 2.25708 ms
[3187:its-tracker]:  - Neighbour finding completed in: 0.250449 ms
[3187:its-tracker]:  - Road finding completed in: 0.002566 ms
[3187:its-tracker]:  - Track finding completed in: 0.000441 ms
[3187:its-tracker]:  - Vertex processing completed in: 11.0915ms
[3187:its-tracker]: [18:49:29][INFO] Found tracks: 966
[3187:its-tracker]: [18:49:29][INFO] ROframe: 14, clusters loaded : 1226
[3187:its-tracker]:  - Vertexer initialisation completed in: 0.179646 ms
[3187:its-tracker]:  - Tracklet finding completed in: 0.007114 ms
[3187:its-tracker]:  - Adjacent tracklets validation completed in: 0.002244 ms
[3187:its-tracker]:  - Vertex finding completed in: 0.002193 ms
[3187:its-tracker]: [18:49:29][INFO] Found tracks: 0
[3187:its-tracker]: [18:49:29][INFO] ROframe: 15, clusters loaded : 1275
[3187:its-tracker]:  - Vertexer initialisation completed in: 0.179604 ms
[3187:its-tracker]:  - Tracklet finding completed in: 0.001762 ms
[3187:its-tracker]:  - Adjacent tracklets validation completed in: 0.000382 ms
[3187:its-tracker]:  - Vertex finding completed in: 0.000527 ms
[3187:its-tracker]: [18:49:29][INFO] Found tracks: 0
[3187:its-tracker]: [18:49:29][INFO] ROframe: 16, clusters loaded : 1207
[3187:its-tracker]:  - Vertexer initialisation completed in: 0.276644 ms
[3187:its-tracker]:  - Tracklet finding completed in: 0.001798 ms
[3187:its-tracker]:  - Adjacent tracklets validation completed in: 0.00043 ms
[3187:its-tracker]:  - Vertex finding completed in: 0.0005 ms
[3187:its-tracker]: [18:49:29][INFO] Found tracks: 0
[3187:its-tracker]: [18:49:29][INFO] ROframe: 17, clusters loaded : 1224
[3187:its-tracker]:  - Vertexer initialisation completed in: 0.227498 ms
[3187:its-tracker]:  - Tracklet finding completed in: 0.002872 ms
[3187:its-tracker]:  - Adjacent tracklets validation completed in: 0.00042 ms
[3187:its-tracker]:  - Vertex finding completed in: 0.000514 ms
[3187:its-tracker]: [18:49:29][INFO] Found tracks: 0
[3187:its-tracker]: [18:49:29][INFO] ROframe: 18, clusters loaded : 1232
[3187:its-tracker]:  - Vertexer initialisation completed in: 0.2194 ms
[3187:its-tracker]:  - Tracklet finding completed in: 0.001682 ms
[3187:its-tracker]:  - Adjacent tracklets validation completed in: 0.000381 ms
[3187:its-tracker]:  - Vertex finding completed in: 0.000407 ms
[3187:its-tracker]: [18:49:29][INFO] Found tracks: 0
[3187:its-tracker]: [18:49:29][INFO] ROframe: 19, clusters loaded : 29217
[3187:its-tracker]:  - Vertexer initialisation completed in: 1.92272 ms
[3187:its-tracker]:  - Tracklet finding completed in: 5.9813 ms
[3187:its-tracker]:  - Adjacent tracklets validation completed in: 1.64072 ms
[3187:its-tracker]:  - Vertex finding completed in: 0.32381 ms
[3187:its-tracker]: 		Found vertex with:   1507 contributors
[3187:its-tracker]: 		Found vertex with:     29 contributors
[3187:its-tracker]: 		Found vertex with:     23 contributors
[3187:its-tracker]:  - Context initialisation completed in: 2.92633 ms
[3187:its-tracker]:  - Tracklet finding completed in: 14.3157 ms
[3187:its-tracker]:  - Cell finding completed in: 7.18998 ms
[3187:its-tracker]:  - Neighbour finding completed in: 1.43116 ms
[3187:its-tracker]:  - Road finding completed in: 0.276243 ms
[3187:its-tracker]:  - Track finding completed in: 17.5204 ms
[3187:its-tracker]:  - Vertex processing completed in: 43.6598ms
[3187:its-tracker]:  - Context initialisation completed in: 0.358331 ms
[3187:its-tracker]:  - Tracklet finding completed in: 7.97899 ms
[3187:its-tracker]:  - Cell finding completed in: 1.18053 ms
[3187:its-tracker]:  - Neighbour finding completed in: 0.025024 ms
[3187:its-tracker]:  - Road finding completed in: 0.004974 ms
[3187:its-tracker]:  - Track finding completed in: 0.79991 ms
[3187:its-tracker]:  - Vertex processing completed in: 10.3478ms
[3187:its-tracker]:  - Context initialisation completed in: 0.072487 ms
[3187:its-tracker]:  - Tracklet finding completed in: 6.59626 ms
[3187:its-tracker]:  - Cell finding completed in: 1.03321 ms
[3187:its-tracker]:  - Neighbour finding completed in: 0.020302 ms
[3187:its-tracker]:  - Road finding completed in: 0.004081 ms
[3187:its-tracker]:  - Track finding completed in: 0.260313 ms
[3187:its-tracker]:  - Vertex processing completed in: 7.98665ms
[3187:its-tracker]:  - Context initialisation completed in: 0.080531 ms
[3187:its-tracker]:  - Tracklet finding completed in: 6.84052 ms
[3187:its-tracker]:  - Cell finding completed in: 1.83808 ms
[3187:its-tracker]:  - Neighbour finding completed in: 0.189963 ms
[3187:its-tracker]:  - Road finding completed in: 0.001639 ms
[3187:its-tracker]:  - Track finding completed in: 0.000493 ms
[3187:its-tracker]:  - Vertex processing completed in: 8.95122ms
[3187:its-tracker]:  - Context initialisation completed in: 0.128952 ms
[3187:its-tracker]:  - Tracklet finding completed in: 6.21015 ms
[3187:its-tracker]:  - Cell finding completed in: 0.732148 ms
[3187:its-tracker]:  - Neighbour finding completed in: 0.009159 ms
[3187:its-tracker]:  - Road finding completed in: 0.000325 ms
[3187:its-tracker]:  - Track finding completed in: 0.000408 ms
[3187:its-tracker]:  - Vertex processing completed in: 7.08114ms
[3187:its-tracker]:  - Context initialisation completed in: 0.056072 ms
[3187:its-tracker]:  - Tracklet finding completed in: 6.46562 ms
[3187:its-tracker]:  - Cell finding completed in: 0.861893 ms
[3187:its-tracker]:  - Neighbour finding completed in: 0.012852 ms
[3187:its-tracker]:  - Road finding completed in: 0.000398 ms
[3187:its-tracker]:  - Track finding completed in: 0.000435 ms
[3187:its-tracker]:  - Vertex processing completed in: 7.39727ms
[3187:its-tracker]: [18:49:29][INFO] Found tracks: 1261
[3187:its-tracker]: [18:49:29][INFO] ROframe: 20, clusters loaded : 1430
[3187:its-tracker]:  - Vertexer initialisation completed in: 0.141748 ms
[3187:its-tracker]:  - Tracklet finding completed in: 0.007689 ms
[3187:its-tracker]:  - Adjacent tracklets validation completed in: 0.000923 ms
[3187:its-tracker]:  - Vertex finding completed in: 0.000804 ms
[3187:its-tracker]: [18:49:29][INFO] Found tracks: 0
[3187:its-tracker]: [18:49:29][INFO] ROframe: 21, clusters loaded : 1259
[3187:its-tracker]:  - Vertexer initialisation completed in: 0.134501 ms
[3187:its-tracker]:  - Tracklet finding completed in: 0.000873 ms
[3187:its-tracker]:  - Adjacent tracklets validation completed in: 0.00025 ms
[3187:its-tracker]:  - Vertex finding completed in: 0.000171 ms
[3187:its-tracker]: [18:49:29][INFO] Found tracks: 0
[3187:its-tracker]: [18:49:29][INFO] ROframe: 22, clusters loaded : 1672
[3187:its-tracker]:  - Vertexer initialisation completed in: 0.151003 ms
[3187:its-tracker]:  - Tracklet finding completed in: 0.014873 ms
[3187:its-tracker]:  - Adjacent tracklets validation completed in: 0.002802 ms
[3187:its-tracker]:  - Vertex finding completed in: 0.008598 ms
[3187:its-tracker]: 		Found vertex with:     28 contributors
[3187:its-tracker]:  - Context initialisation completed in: 1.11111 ms
[3187:its-tracker]:  - Tracklet finding completed in: 0.189732 ms
[3187:its-tracker]:  - Cell finding completed in: 0.019257 ms
[3187:its-tracker]:  - Neighbour finding completed in: 0.016315 ms
[3187:its-tracker]:  - Road finding completed in: 0.005212 ms
[3187:its-tracker]:  - Track finding completed in: 0.33788 ms
[3187:its-tracker]:  - Vertex processing completed in: 1.6795ms
[3187:its-tracker]:  - Context initialisation completed in: 0.007172 ms
[3187:its-tracker]:  - Tracklet finding completed in: 0.131661 ms
[3187:its-tracker]:  - Cell finding completed in: 0.006364 ms
[3187:its-tracker]:  - Neighbour finding completed in: 0.002012 ms
[3187:its-tracker]:  - Road finding completed in: 0.000116 ms
[3187:its-tracker]:  - Track finding completed in: 0.000152 ms
[3187:its-tracker]:  - Vertex processing completed in: 0.147477ms
[3187:its-tracker]: [18:49:29][INFO] Found tracks: 31
[3187:its-tracker]: [18:49:29][INFO] ROframe: 23, clusters loaded : 18215
[3187:its-tracker]:  - Vertexer initialisation completed in: 0.913533 ms
[3187:its-tracker]:  - Tracklet finding completed in: 1.56756 ms
[3187:its-tracker]:  - Adjacent tracklets validation completed in: 0.300859 ms
[3187:its-tracker]:  - Vertex finding completed in: 0.109484 ms
[3187:its-tracker]: 		Found vertex with:    898 contributors
[3187:its-tracker]:  - Context initialisation completed in: 1.52819 ms
[3187:its-tracker]:  - Tracklet finding completed in: 5.02082 ms
[3187:its-tracker]:  - Cell finding completed in: 1.93816 ms
[3187:its-tracker]:  - Neighbour finding completed in: 0.388493 ms
[3187:its-tracker]:  - Road finding completed in: 0.091742 ms
[3187:its-tracker]:  - Track finding completed in: 7.19508 ms
[3187:its-tracker]:  - Vertex processing completed in: 16.1625ms
[3187:its-tracker]:  - Context initialisation completed in: 0.184306 ms
[3187:its-tracker]:  - Tracklet finding completed in: 3.47927 ms
[3187:its-tracker]:  - Cell finding completed in: 0.781583 ms
[3187:its-tracker]:  - Neighbour finding completed in: 0.117391 ms
[3187:its-tracker]:  - Road finding completed in: 0.000811 ms
[3187:its-tracker]:  - Track finding completed in: 0.000585 ms
[3187:its-tracker]:  - Vertex processing completed in: 4.56395ms
[3187:its-tracker]: [18:49:29][INFO] Found tracks: 715
[3187:its-tracker]: [18:49:29][INFO] ROframe: 24, clusters loaded : 1176
[3187:its-tracker]:  - Vertexer initialisation completed in: 0.195306 ms
[3187:its-tracker]:  - Tracklet finding completed in: 0.002988 ms
[3187:its-tracker]:  - Adjacent tracklets validation completed in: 0.000647 ms
[3187:its-tracker]:  - Vertex finding completed in: 0.000843 ms
[3187:its-tracker]: [18:49:29][INFO] Found tracks: 0
[3187:its-tracker]: [18:49:29][INFO] ROframe: 25, clusters loaded : 1274
[3187:its-tracker]:  - Vertexer initialisation completed in: 0.129359 ms
[3187:its-tracker]:  - Tracklet finding completed in: 0.001643 ms
[3187:its-tracker]:  - Adjacent tracklets validation completed in: 0.000323 ms
[3187:its-tracker]:  - Vertex finding completed in: 0.000452 ms
[3187:its-tracker]: [18:49:29][INFO] Found tracks: 0
[3187:its-tracker]: [18:49:29][INFO] ROframe: 26, clusters loaded : 1228
[3187:its-tracker]:  - Vertexer initialisation completed in: 0.134509 ms
[3187:its-tracker]:  - Tracklet finding completed in: 0.000693 ms
[3187:its-tracker]:  - Adjacent tracklets validation completed in: 0.000153 ms
[3187:its-tracker]:  - Vertex finding completed in: 0.000256 ms
[3187:its-tracker]: [18:49:29][INFO] Found tracks: 0
[3187:its-tracker]: [18:49:29][INFO] ROframe: 27, clusters loaded : 2444
[3187:its-tracker]:  - Vertexer initialisation completed in: 0.153504 ms
[3187:its-tracker]:  - Tracklet finding completed in: 0.036693 ms
[3187:its-tracker]:  - Adjacent tracklets validation completed in: 0.007252 ms
[3187:its-tracker]:  - Vertex finding completed in: 0.011724 ms
[3187:its-tracker]: 		Found vertex with:     72 contributors
[3187:its-tracker]:  - Context initialisation completed in: 1.10809 ms
[3187:its-tracker]:  - Tracklet finding completed in: 0.310277 ms
[3187:its-tracker]:  - Cell finding completed in: 0.04446 ms
[3187:its-tracker]:  - Neighbour finding completed in: 0.024248 ms
[3187:its-tracker]:  - Road finding completed in: 0.007438 ms
[3187:its-tracker]:  - Track finding completed in: 0.513891 ms
[3187:its-tracker]:  - Vertex processing completed in: 2.0084ms
[3187:its-tracker]:  - Context initialisation completed in: 0.011557 ms
[3187:its-tracker]:  - Tracklet finding completed in: 0.250984 ms
[3187:its-tracker]:  - Cell finding completed in: 0.020635 ms
[3187:its-tracker]:  - Neighbour finding completed in: 0.007791 ms
[3187:its-tracker]:  - Road finding completed in: 0.000196 ms
[3187:its-tracker]:  - Track finding completed in: 0.000226 ms
[3187:its-tracker]:  - Vertex processing completed in: 0.291389ms
[3187:its-tracker]: [18:49:29][INFO] Found tracks: 48
[3187:its-tracker]: [18:49:29][INFO] ROframe: 28, clusters loaded : 1483
[3187:its-tracker]:  - Vertexer initialisation completed in: 0.130912 ms
[3187:its-tracker]:  - Tracklet finding completed in: 0.008854 ms
[3187:its-tracker]:  - Adjacent tracklets validation completed in: 0.001884 ms
[3187:its-tracker]:  - Vertex finding completed in: 0.00574 ms
[3187:its-tracker]: 		Found vertex with:      9 contributors
[3187:its-tracker]:  - Context initialisation completed in: 1.02439 ms
[3187:its-tracker]:  - Tracklet finding completed in: 0.136301 ms
[3187:its-tracker]:  - Cell finding completed in: 0.010429 ms
[3187:its-tracker]:  - Neighbour finding completed in: 0.006515 ms
[3187:its-tracker]:  - Road finding completed in: 0.002231 ms
[3187:its-tracker]:  - Track finding completed in: 0.126466 ms
[3187:its-tracker]:  - Vertex processing completed in: 1.30633ms
[3187:its-tracker]:  - Context initialisation completed in: 0.003936 ms
[3187:its-tracker]:  - Tracklet finding completed in: 0.100849 ms
[3187:its-tracker]:  - Cell finding completed in: 0.004865 ms
[3187:its-tracker]:  - Neighbour finding completed in: 0.001243 ms
[3187:its-tracker]:  - Road finding completed in: 8.5e-05 ms
[3187:its-tracker]:  - Track finding completed in: 9.7e-05 ms
[3187:its-tracker]:  - Vertex processing completed in: 0.111075ms
[3187:its-tracker]: [18:49:29][INFO] Found tracks: 13
[3187:its-tracker]: [18:49:29][INFO] ITSTracker pushed 4401 tracks
[3187:its-tracker]: [18:49:29][INFO] ITS CA-Tracker total timing: Cpu: 4.600e-01 Real: 4.687e-01 s in 1 slots
[3188:its-track-writer]: [18:49:29][INFO] ITSTrackWriter pulled 4401 tracks, in 29 RO frames
[INFO] Quitting
[INFO] QUIT_REQUESTED
[3187:its-tracker]: [18:49:29][INFO] Received device shutdown request (signal 15).
[3187:its-tracker]: [18:49:29][INFO] Waiting for graceful device shutdown. Hit Ctrl-C again to abort immediately.
[3185:its-clusterer]: [18:49:29][INFO] Received device shutdown request (signal 15).
[3185:its-clusterer]: [18:49:29][INFO] Waiting for graceful device shutdown. Hit Ctrl-C again to abort immediately.
[3188:its-track-writer]: [18:49:29][INFO] Received device shutdown request (signal 15).
[3188:its-track-writer]: [18:49:29][INFO] Waiting for graceful device shutdown. Hit Ctrl-C again to abort immediately.
[3183:internal-dpl-clock]: [18:49:29][INFO] Received device shutdown request (signal 15).
[3183:internal-dpl-clock]: [18:49:29][INFO] Waiting for graceful device shutdown. Hit Ctrl-C again to abort immediately.
[3186:its-cluster-writer]: [18:49:29][INFO] Received device shutdown request (signal 15).
[3186:its-cluster-writer]: [18:49:29][INFO] Waiting for graceful device shutdown. Hit Ctrl-C again to abort immediately.
[3184:its-digit-reader]: [18:49:29][INFO] Received device shutdown request (signal 15).
[3184:its-digit-reader]: [18:49:29][INFO] Waiting for graceful device shutdown. Hit Ctrl-C again to abort immediately.
[3184:its-digit-reader]: [18:49:29][STATE] RUNNING ---> READY
[3184:its-digit-reader]: [18:49:29][STATE] READY ---> RESETTING TASK
[3184:its-digit-reader]: [18:49:29][STATE] RESETTING TASK ---> DEVICE READY
[3184:its-digit-reader]: [18:49:29][STATE] DEVICE READY ---> RESETTING DEVICE
[3184:its-digit-reader]: [18:49:29][STATE] RESETTING DEVICE ---> IDLE
[3184:its-digit-reader]: [18:49:29][STATE] IDLE ---> EXITING
[3184:its-digit-reader]: [18:49:29][STATE] Exiting FairMQ state machine
[3185:its-clusterer]: [18:49:29][STATE] RUNNING ---> READY
[3183:internal-dpl-clock]: [18:49:29][STATE] RUNNING ---> READY
[3185:its-clusterer]: [18:49:29][STATE] READY ---> RESETTING TASK
[3183:internal-dpl-clock]: [18:49:29][STATE] READY ---> RESETTING TASK
[3185:its-clusterer]: [18:49:29][STATE] RESETTING TASK ---> DEVICE READY
[3183:internal-dpl-clock]: [18:49:29][STATE] RESETTING TASK ---> DEVICE READY
[3185:its-clusterer]: [18:49:29][STATE] DEVICE READY ---> RESETTING DEVICE
[3183:internal-dpl-clock]: [18:49:29][STATE] DEVICE READY ---> RESETTING DEVICE
[3187:its-tracker]: [18:49:29][STATE] RUNNING ---> READY
[3187:its-tracker]: [18:49:29][STATE] READY ---> RESETTING TASK
[3187:its-tracker]: [18:49:29][STATE] RESETTING TASK ---> DEVICE READY
[3187:its-tracker]: [18:49:29][STATE] DEVICE READY ---> RESETTING DEVICE
[3183:internal-dpl-clock]: [18:49:29][STATE] RESETTING DEVICE ---> IDLE
[3183:internal-dpl-clock]: [18:49:29][STATE] IDLE ---> EXITING
[3183:internal-dpl-clock]: [18:49:29][STATE] Exiting FairMQ state machine
[3185:its-clusterer]: [18:49:29][STATE] RESETTING DEVICE ---> IDLE
[3185:its-clusterer]: [18:49:29][STATE] IDLE ---> EXITING
[3185:its-clusterer]: [18:49:29][STATE] Exiting FairMQ state machine
[3187:its-tracker]: [18:49:29][STATE] RESETTING DEVICE ---> IDLE
[3187:its-tracker]: [18:49:29][STATE] IDLE ---> EXITING
[3187:its-tracker]: [18:49:29][STATE] Exiting FairMQ state machine
[3186:its-cluster-writer]: [18:49:30][STATE] RUNNING ---> READY
[3186:its-cluster-writer]: [18:49:30][STATE] READY ---> RESETTING TASK
[3186:its-cluster-writer]: [18:49:30][STATE] RESETTING TASK ---> DEVICE READY
[3186:its-cluster-writer]: [18:49:30][STATE] DEVICE READY ---> RESETTING DEVICE
[3188:its-track-writer]: [18:49:30][STATE] RUNNING ---> READY
[3188:its-track-writer]: [18:49:30][STATE] READY ---> RESETTING TASK
[3188:its-track-writer]: [18:49:30][STATE] RESETTING TASK ---> DEVICE READY
[3188:its-track-writer]: [18:49:30][STATE] DEVICE READY ---> RESETTING DEVICE
[3188:its-track-writer]: Cleaning up for shared memory id '614b662f'...
[3188:its-track-writer]: No region counter found. No regions to cleanup.
[3188:its-track-writer]: Successfully removed 'fmq_614b662f_m_0'.
[3188:its-track-writer]: Successfully removed 'fmq_614b662f_mng'.
[3188:its-track-writer]: Successfully removed 'fmq_614b662f_mtx'.
[3188:its-track-writer]: Successfully removed 'fmq_614b662f_cv'.
[3186:its-cluster-writer]: [18:49:30][STATE] RESETTING DEVICE ---> IDLE
[3186:its-cluster-writer]: [18:49:30][STATE] IDLE ---> EXITING
[3186:its-cluster-writer]: [18:49:30][STATE] Exiting FairMQ state machine
[3188:its-track-writer]: [18:49:30][STATE] RESETTING DEVICE ---> IDLE
[3188:its-track-writer]: [18:49:30][STATE] IDLE ---> EXITING
[3188:its-track-writer]: [18:49:30][STATE] Exiting FairMQ state machine
[INFO] Dumping used configuration in dpl-config.json
