===============================
execute this script as follows:
./generate_its.sh system region nevents
where:
system = 1 -> pp
       = 2 -> Pb-Pb
region = 1 -> ITS only
       = 2 -> whole detector
===============================
will generate Pb-Pb events
will transport events in the ITS only
Will generate: 20 events
Moving to /eos/user/f/ftorales/its_data/alignment/lbnl_alice_alignment_tasks/2284183/17
/eos/user/f/ftorales/its_data/alignment/lbnl_alice_alignment_tasks/2284183/17

==============================================================================================
1. MC generation run
[INFO] Running with 6 sim workers 
[INFO] CREATING SIM SHARED MEM SEGMENT FOR 6 WORKERS
Spawning particle server on PID 996; Redirect output to o2sim_serverlog
Spawning sim worker 0 on PID 998; Redirect output to o2sim_workerlog0
Spawning hit merger on PID 999; Redirect output to o2sim_mergerlog
[INFO] DISTRIBUTING EVENT : 1
[INFO] EVENT FINISHED : 1
[INFO] DISTRIBUTING EVENT : 2
[INFO] EVENT FINISHED : 2
[INFO] DISTRIBUTING EVENT : 3
[INFO] EVENT FINISHED : 3
[INFO] DISTRIBUTING EVENT : 4
[INFO] EVENT FINISHED : 4
[INFO] DISTRIBUTING EVENT : 5
[INFO] EVENT FINISHED : 5
[INFO] DISTRIBUTING EVENT : 6
[INFO] DISTRIBUTING EVENT : 7
[INFO] EVENT FINISHED : 6
[INFO] EVENT FINISHED : 7
[INFO] DISTRIBUTING EVENT : 8
[INFO] EVENT FINISHED : 8
[INFO] DISTRIBUTING EVENT : 9
[INFO] EVENT FINISHED : 9
[INFO] DISTRIBUTING EVENT : 10
[INFO] DISTRIBUTING EVENT : 11
[INFO] EVENT FINISHED : 10
[INFO] EVENT FINISHED : 11
[INFO] DISTRIBUTING EVENT : 12
[INFO] EVENT FINISHED : 12
[INFO] DISTRIBUTING EVENT : 13
[INFO] EVENT FINISHED : 13
[INFO] DISTRIBUTING EVENT : 14
[INFO] EVENT FINISHED : 14
[INFO] DISTRIBUTING EVENT : 15
[INFO] EVENT FINISHED : 15
[INFO] DISTRIBUTING EVENT : 16
[INFO] EVENT FINISHED : 16
[INFO] DISTRIBUTING EVENT : 17
[INFO] EVENT FINISHED : 17
[INFO] DISTRIBUTING EVENT : 18
[INFO] EVENT FINISHED : 18
[INFO] DISTRIBUTING EVENT : 19
[INFO] EVENT FINISHED : 19
[INFO] DISTRIBUTING EVENT : 20
[INFO] EVENT FINISHED : 20
[INFO] Merger process 999 returned
[INFO] Simulation process took 190.915 s
[INFO] SIMULATION RETURNED SUCCESFULLY

==============================================================================================
2. Hits to digits conversion
Run: 1621488945
Fill:      0
Period: 
LHC State: 
Start: Thu May 20 07:35:47 2021
End  : Thu May 20 07:35:48 2021
Beam0: Z:A =   0:  0, Energy = 0.000
Beam1: Z:A =   0:  0, Energy = 0.000
sqrt[s]    = 0.000
crossing angle (radian) = 0.000000e+00
magnet currents (A) L3 = -30000.000, Dipole = -6000
Detectors: Cont.RO Triggers
      ITS:    -       -    
[INFO] MC-TRUTH 1
[INFO] TPC: GEM setup - initialization from scratch
[INFO] TPC: GEM setup (polya) took 10.61
[INFO] TPC is in grp? no; is skipped? no
[INFO] ITS is in grp? yes; is skipped? no
[INFO] MFT is in grp? no; is skipped? no
[INFO] TOF is in grp? no; is skipped? no
[INFO] FT0 is in grp? no; is skipped? no
[INFO] FV0 is in grp? no; is skipped? no
[INFO] EMC is in grp? no; is skipped? no
[INFO] HMP is in grp? no; is skipped? no
[INFO] ZDC is in grp? no; is skipped? no
[INFO] TRD is in grp? no; is skipped? no
[INFO] MCH is in grp? no; is skipped? no
[INFO] MID is in grp? no; is skipped? no
[INFO] FDD is in grp? no; is skipped? no
[INFO] PHS is in grp? no; is skipped? no
[INFO] CPV is in grp? no; is skipped? no
[INFO] Initialising O2 Data Processing Layer
[INFO] O2 Data Processing Layer initialised. We brake for nobody.
[INFO] Optimised build. O2DEBUG / LOG(DEBUG) / LOGF(DEBUG) / assert statement will not be shown.
[INFO] Redeployment of configuration asked.
[INFO] Starting internal-dpl-clock on pid 2120
[INFO] Starting SimReader on pid 2121
[INFO] Starting ITSDigitizer on pid 2122
[INFO] Starting GRPUpdater on pid 2123
[INFO] Starting ITSDigitWriter on pid 2124
[INFO] Redeployment of configuration done.
[2120:internal-dpl-clock]: [INFO] MC-TRUTH 1
[2124:ITSDigitWriter]: [INFO] MC-TRUTH 1
[2123:GRPUpdater]: [INFO] MC-TRUTH 1
[2122:ITSDigitizer]: [INFO] MC-TRUTH 1
[2120:internal-dpl-clock]: [INFO] Spawing new device internal-dpl-clock in process with pid 2120
[2122:ITSDigitizer]: [INFO] Spawing new device ITSDigitizer in process with pid 2122
[2124:ITSDigitWriter]: [INFO] Spawing new device ITSDigitWriter in process with pid 2124
[2123:GRPUpdater]: [INFO] Spawing new device GRPUpdater in process with pid 2123
[2124:ITSDigitWriter]: [07:41:37][INFO] 
[2124:ITSDigitWriter]:       ______      _    _______  _________ 
[2124:ITSDigitWriter]:      / ____/___ _(_)_______   |/  /_  __ \    version 1.4.29
[2124:ITSDigitWriter]:     / /_  / __ `/ / ___/__  /|_/ /_  / / /    build RELWITHDEBINFO
[2124:ITSDigitWriter]:    / __/ / /_/ / / /    _  /  / / / /_/ /     https://github.com/FairRootGroup/FairMQ
[2124:ITSDigitWriter]:   /_/    \__,_/_/_/     /_/  /_/  \___\_\     LGPL-3.0  © 2012-2020 GSI
[2124:ITSDigitWriter]: 
[2122:ITSDigitizer]: [07:41:37][INFO] 
[2122:ITSDigitizer]:       ______      _    _______  _________ 
[2122:ITSDigitizer]:      / ____/___ _(_)_______   |/  /_  __ \    version 1.4.29
[2122:ITSDigitizer]:     / /_  / __ `/ / ___/__  /|_/ /_  / / /    build RELWITHDEBINFO
[2122:ITSDigitizer]:    / __/ / /_/ / / /    _  /  / / / /_/ /     https://github.com/FairRootGroup/FairMQ
[2122:ITSDigitizer]:   /_/    \__,_/_/_/     /_/  /_/  \___\_\     LGPL-3.0  © 2012-2020 GSI
[2122:ITSDigitizer]: 
[2122:ITSDigitizer]: [07:41:37][STATE] Starting FairMQ state machine --> IDLE
[2124:ITSDigitWriter]: [07:41:37][STATE] Starting FairMQ state machine --> IDLE
[2123:GRPUpdater]: [07:41:37][INFO] 
[2123:GRPUpdater]:       ______      _    _______  _________ 
[2123:GRPUpdater]:      / ____/___ _(_)_______   |/  /_  __ \    version 1.4.29
[2123:GRPUpdater]:     / /_  / __ `/ / ___/__  /|_/ /_  / / /    build RELWITHDEBINFO
[2123:GRPUpdater]:    / __/ / /_/ / / /    _  /  / / / /_/ /     https://github.com/FairRootGroup/FairMQ
[2123:GRPUpdater]:   /_/    \__,_/_/_/     /_/  /_/  \___\_\     LGPL-3.0  © 2012-2020 GSI
[2123:GRPUpdater]: 
[2120:internal-dpl-clock]: [07:41:37][INFO] 
[2120:internal-dpl-clock]:       ______      _    _______  _________ 
[2120:internal-dpl-clock]:      / ____/___ _(_)_______   |/  /_  __ \    version 1.4.29
[2120:internal-dpl-clock]:     / /_  / __ `/ / ___/__  /|_/ /_  / / /    build RELWITHDEBINFO
[2120:internal-dpl-clock]:    / __/ / /_/ / / /    _  /  / / / /_/ /     https://github.com/FairRootGroup/FairMQ
[2120:internal-dpl-clock]:   /_/    \__,_/_/_/     /_/  /_/  \___\_\     LGPL-3.0  © 2012-2020 GSI
[2120:internal-dpl-clock]: 
[2123:GRPUpdater]: [07:41:37][STATE] Starting FairMQ state machine --> IDLE
[2120:internal-dpl-clock]: [07:41:37][STATE] Starting FairMQ state machine --> IDLE
[2122:ITSDigitizer]: 2021-05-20 07:41:37	Monitoring	[0;49mStdOut backend initialized[0m
[2120:internal-dpl-clock]: 2021-05-20 07:41:37	Monitoring	[0;49mStdOut backend initialized[0m
[2123:GRPUpdater]: 2021-05-20 07:41:37	Monitoring	[0;49mStdOut backend initialized[0m
[2124:ITSDigitWriter]: 2021-05-20 07:41:37	Monitoring	[0;49mStdOut backend initialized[0m
[2120:internal-dpl-clock]: [07:41:37][STATE] IDLE ---> INITIALIZING DEVICE
[2120:internal-dpl-clock]: 2021-05-20 07:41:37	Monitoring	[0;49mBuffering enabled (100)[0m
[2120:internal-dpl-clock]: [07:41:37][STATE] INITIALIZING DEVICE ---> INITIALIZED
[2120:internal-dpl-clock]: [07:41:37][STATE] INITIALIZED ---> BINDING
[2120:internal-dpl-clock]: [07:41:37][STATE] BINDING ---> BOUND
[2120:internal-dpl-clock]: [07:41:37][STATE] BOUND ---> CONNECTING
[2120:internal-dpl-clock]: [07:41:37][STATE] CONNECTING ---> DEVICE READY
[2120:internal-dpl-clock]: [07:41:37][STATE] DEVICE READY ---> INITIALIZING TASK
[2120:internal-dpl-clock]: [07:41:37][STATE] INITIALIZING TASK ---> READY
[2120:internal-dpl-clock]: [07:41:37][STATE] READY ---> RUNNING
[2120:internal-dpl-clock]: [07:41:37][INFO] DEVICE: Running...
[2122:ITSDigitizer]: [07:41:37][STATE] IDLE ---> INITIALIZING DEVICE
[2122:ITSDigitizer]: 2021-05-20 07:41:37	Monitoring	[0;49mBuffering enabled (100)[0m
[2122:ITSDigitizer]: [07:41:37][INFO] Initializing geometry service
[2122:ITSDigitizer]: [07:41:37][INFO] Loading geometry FAIRGeom from o2sim_geometry.root
[2123:GRPUpdater]: [07:41:37][STATE] IDLE ---> INITIALIZING DEVICE
[2123:GRPUpdater]: 2021-05-20 07:41:37	Monitoring	[0;49mBuffering enabled (100)[0m
[2123:GRPUpdater]: [07:41:37][STATE] INITIALIZING DEVICE ---> INITIALIZED
[2123:GRPUpdater]: [07:41:37][STATE] INITIALIZED ---> BINDING
[2123:GRPUpdater]: [07:41:37][STATE] BINDING ---> BOUND
[2123:GRPUpdater]: [07:41:37][STATE] BOUND ---> CONNECTING
[2123:GRPUpdater]: [07:41:37][STATE] CONNECTING ---> DEVICE READY
[2123:GRPUpdater]: [07:41:37][STATE] DEVICE READY ---> INITIALIZING TASK
[2123:GRPUpdater]: [07:41:37][STATE] INITIALIZING TASK ---> READY
[2123:GRPUpdater]: [07:41:37][STATE] READY ---> RUNNING
[2123:GRPUpdater]: [07:41:37][INFO] DEVICE: Running...
[2124:ITSDigitWriter]: [07:41:37][STATE] IDLE ---> INITIALIZING DEVICE
[2121:SimReader]: [INFO] MC-TRUTH 1
[2121:SimReader]: [INFO] Spawing new device SimReader in process with pid 2121
[2121:SimReader]: [07:41:37][INFO] 
[2121:SimReader]:       ______      _    _______  _________ 
[2121:SimReader]:      / ____/___ _(_)_______   |/  /_  __ \    version 1.4.29
[2121:SimReader]:     / /_  / __ `/ / ___/__  /|_/ /_  / / /    build RELWITHDEBINFO
[2121:SimReader]:    / __/ / /_/ / / /    _  /  / / / /_/ /     https://github.com/FairRootGroup/FairMQ
[2121:SimReader]:   /_/    \__,_/_/_/     /_/  /_/  \___\_\     LGPL-3.0  © 2012-2020 GSI
[2121:SimReader]: 
[2121:SimReader]: [07:41:37][STATE] Starting FairMQ state machine --> IDLE
[2121:SimReader]: 2021-05-20 07:41:37	Monitoring	[0;49mStdOut backend initialized[0m
[2121:SimReader]: [07:41:37][STATE] IDLE ---> INITIALIZING DEVICE
[2121:SimReader]: 2021-05-20 07:41:37	Monitoring	[0;49mBuffering enabled (100)[0m
[2121:SimReader]: [07:41:37][INFO] adding o2sim
[2121:SimReader]: 
[2121:SimReader]: [07:41:37][INFO] INCONTEXTSTRING 
[2121:SimReader]: [07:41:37][INFO] Imposing hadronic interaction rate 50000Hz
[2121:SimReader]: [07:41:37][WARN] No bunch filling provided, impose default one
[2121:SimReader]: [07:41:37][INFO] Deducing mu=0.00771915 per BC from IR=50000 with 576 BCs
[2121:SimReader]: [07:41:37][INFO] InteractionSampler with 576 colliding BCs, mu(BC)= 0.00771915 -> total IR= 50000
[2121:SimReader]: [07:41:37][INFO] Current BCid:    0 Orbit:      1 |T in BC(ns): 0.000(0 coll left)
[2121:SimReader]: [07:41:37][INFO] setting up 1 chains
[2124:ITSDigitWriter]: 2021-05-20 07:41:37	Monitoring	[0;49mBuffering enabled (100)[0m
[2124:ITSDigitWriter]: [07:41:37][INFO] 0: branch  ITSDigitMCTruth set up
[2124:ITSDigitWriter]: [07:41:37][INFO] 1: branch  ITSDigitMC2ROF set up
[2124:ITSDigitWriter]: [07:41:37][INFO] 2: branch  ITSDigit set up
[2124:ITSDigitWriter]: [07:41:37][INFO] 3: branch  ITSDigitROF set up
[2124:ITSDigitWriter]: [07:41:37][STATE] INITIALIZING DEVICE ---> INITIALIZED
[2124:ITSDigitWriter]: [07:41:37][STATE] INITIALIZED ---> BINDING
[2124:ITSDigitWriter]: [07:41:37][STATE] BINDING ---> BOUND
[2124:ITSDigitWriter]: [07:41:37][STATE] BOUND ---> CONNECTING
[2124:ITSDigitWriter]: [07:41:37][STATE] CONNECTING ---> DEVICE READY
[2124:ITSDigitWriter]: [07:41:37][STATE] DEVICE READY ---> INITIALIZING TASK
[2124:ITSDigitWriter]: [07:41:37][STATE] INITIALIZING TASK ---> READY
[2124:ITSDigitWriter]: [07:41:37][STATE] READY ---> RUNNING
[2124:ITSDigitWriter]: [07:41:37][INFO] DEVICE: Running...
[2122:ITSDigitizer]: Info in <TGeoManager::CloseGeometry>: Geometry loaded from file...
[2122:ITSDigitizer]: Info in <TGeoManager::SetTopVolume>: Top volume is cave. Master volume is cave
[2122:ITSDigitizer]: Info in <TGeoNavigator::BuildCache>: --- Maximum geometry depth set to 100
[2122:ITSDigitizer]: Info in <TGeoManager::CloseGeometry>: Voxelization retrieved from file
[2122:ITSDigitizer]: Info in <TGeoManager::CountLevels>: max level = 9, max placements = 126
[2122:ITSDigitizer]: Info in <TGeoManager::CloseGeometry>: 179840 nodes/ 399 volume UID's in FAIR geometry
[2122:ITSDigitizer]: Info in <TGeoManager::CloseGeometry>: ----------------modeler ready----------------
[2122:ITSDigitizer]: [07:41:39][INFO] Initializing field service
[2121:SimReader]: [07:41:39][INFO] Automatic deduction of number of collisions ... will just take number of background entries 20
[2121:SimReader]: Summary of DigitizationContext --
[2121:SimReader]: Parts per collision 1
[2121:SimReader]: Collision parts taken from simulations specified by prefix:
[2121:SimReader]: Number of Collisions 20
[2121:SimReader]: Collision 0 TIME BCid:  800 Orbit:      1 |T in BC(ns): -0.075 (0 , 0)
[2121:SimReader]: Collision 1 TIME BCid:  824 Orbit:      1 |T in BC(ns): 0.141 (0 , 1)
[2121:SimReader]: Collision 2 TIME BCid:  832 Orbit:      1 |T in BC(ns): -0.239 (0 , 2)
[2121:SimReader]: Collision 3 TIME BCid:  838 Orbit:      1 |T in BC(ns): -0.233 (0 , 3)
[2121:SimReader]: Collision 4 TIME BCid:  476 Orbit:      2 |T in BC(ns): -0.028 (0 , 4)
[2121:SimReader]: Collision 5 TIME BCid: 1176 Orbit:      2 |T in BC(ns): -0.397 (0 , 5)
[2121:SimReader]: Collision 6 TIME BCid: 1812 Orbit:      2 |T in BC(ns): -0.081 (0 , 6)
[2121:SimReader]: Collision 7 TIME BCid:  206 Orbit:      3 |T in BC(ns): -0.183 (0 , 7)
[2121:SimReader]: Collision 8 TIME BCid:  234 Orbit:      3 |T in BC(ns): -0.004 (0 , 8)
[2121:SimReader]: Collision 9 TIME BCid:  424 Orbit:      3 |T in BC(ns): 0.029 (0 , 9)
[2121:SimReader]: Collision 10 TIME BCid:  770 Orbit:      3 |T in BC(ns): 0.135 (0 , 10)
[2121:SimReader]: Collision 11 TIME BCid: 1198 Orbit:      3 |T in BC(ns): 0.108 (0 , 11)
[2121:SimReader]: Collision 12 TIME BCid: 1424 Orbit:      3 |T in BC(ns): -0.047 (0 , 12)
[2121:SimReader]: Collision 13 TIME BCid: 1432 Orbit:      3 |T in BC(ns): 0.096 (0 , 13)
[2121:SimReader]: Collision 14 TIME BCid: 1548 Orbit:      3 |T in BC(ns): 0.316 (0 , 14)
[2121:SimReader]: Collision 15 TIME BCid: 2166 Orbit:      3 |T in BC(ns): 0.146 (0 , 15)
[2121:SimReader]: Collision 16 TIME BCid:   28 Orbit:      4 |T in BC(ns): -0.204 (0 , 16)
[2121:SimReader]: Collision 17 TIME BCid:  196 Orbit:      4 |T in BC(ns): 0.165 (0 , 17)
[2121:SimReader]: Collision 18 TIME BCid:  232 Orbit:      4 |T in BC(ns): -0.017 (0 , 18)
[2121:SimReader]: Collision 19 TIME BCid:  660 Orbit:      4 |T in BC(ns): 0.019 (0 , 19)
[2121:SimReader]: [07:41:39][INFO] Initializing Spec ... have 20 times 
[2121:SimReader]: [07:41:39][INFO] Serializing Context for later reuse
[2122:ITSDigitizer]: [07:41:39][INFO] MagneticField::Print: MagneticFieldMap:
[2122:ITSDigitizer]: [07:41:39][INFO] MagneticField::Print: Solenoid (-1*)5 kG, Dipole ON (-1) 
[2122:ITSDigitizer]: [07:41:39][INFO] MagneticField::Print: Machine B fields for p-p  beam (7000 GeV): QGrad: 22.0002 Dipole: 37.8781
[2122:ITSDigitizer]: [07:41:39][INFO] MagneticField::Print: Uses Sol30_Dip6_Hole  of /cvmfs/alice.cern.ch/el7-x86_64/Packages/O2/nightly-20210129-1/share/Common/maps/mfchebKGI_sym.root
[2122:ITSDigitizer]: Info in <TGeoGlobalMagField::SetField>: Global magnetic field set to <MagneticFieldMap>
[2122:ITSDigitizer]: Info in <TGeoGlobalMagField::Lock>: Global magnetic field <MagneticFieldMap> is now locked
[2122:ITSDigitizer]: [07:41:39][INFO] Set Alpide charge threshold to 150, single hit will be accounted from 15 electrons
[2122:ITSDigitizer]: [07:41:39][INFO] ITS simulated in CONTINUOUS RO mode
[2121:SimReader]: [07:41:39][STATE] INITIALIZING DEVICE ---> INITIALIZED
[2121:SimReader]: [07:41:39][STATE] INITIALIZED ---> BINDING
[2121:SimReader]: [07:41:39][STATE] BINDING ---> BOUND
[2121:SimReader]: [07:41:39][STATE] BOUND ---> CONNECTING
[2121:SimReader]: [07:41:39][STATE] CONNECTING ---> DEVICE READY
[2121:SimReader]: [07:41:39][STATE] DEVICE READY ---> INITIALIZING TASK
[2121:SimReader]: [07:41:39][STATE] INITIALIZING TASK ---> READY
[2121:SimReader]: [07:41:39][STATE] READY ---> RUNNING
[2121:SimReader]: [07:41:39][INFO] DEVICE: Running...
[2121:SimReader]: [07:41:39][INFO] SENDING SOMETHING TO OTHERS
[2122:ITSDigitizer]: [07:41:39][INFO] Loading ITS L2G matrices from TGeo
[2122:ITSDigitizer]: Alpide response object of 40500 matrices to map chagre in xyz to 5x5 pixels
[2122:ITSDigitizer]: X(col) range: +0.000000e+00 : +1.462000e-03 | step: 5.000000e-05 | Nbins: 30
[2122:ITSDigitizer]: Y(row) range: +0.000000e+00 : +1.344000e-03 | step: 5.000000e-05 | Nbins: 27
[2122:ITSDigitizer]: Z(dpt) range: -2.000000e-03 : +2.500000e-03 | step: 8.999999e-05 | Nbins: 50
[2122:ITSDigitizer]: Alpide digitization params:
[2122:ITSDigitizer]: Continuous readout             : ON
[2122:ITSDigitizer]: Readout Frame Length(ns)       : 9880.510742
[2122:ITSDigitizer]: Strobe delay (ns)              : 99.803139
[2122:ITSDigitizer]: Strobe length (ns)             : 9780.708008
[2122:ITSDigitizer]: Threshold (N electrons)        : 150
[2122:ITSDigitizer]: Min N electrons to accoint     : 15
[2122:ITSDigitizer]: Number of charge sharing steps : 7
[2122:ITSDigitizer]: ELoss to N electrons factor    : 2.777778e+08
[2122:ITSDigitizer]: Noise level per pixel          : 1.000000e-07
[2122:ITSDigitizer]: Charge time-response:
[2122:ITSDigitizer]: o2::itsmft::AlpideSignalTrapezoid | Duration: 7500.0 MaxRiseTime: 1100.0 (RiseTime=0 at q=450.0) (ns)
[2122:ITSDigitizer]: [07:41:41][STATE] INITIALIZING DEVICE ---> INITIALIZED
[2122:ITSDigitizer]: [07:41:41][STATE] INITIALIZED ---> BINDING
[2122:ITSDigitizer]: [07:41:41][STATE] BINDING ---> BOUND
[2122:ITSDigitizer]: [07:41:41][STATE] BOUND ---> CONNECTING
[2122:ITSDigitizer]: [07:41:41][STATE] CONNECTING ---> DEVICE READY
[2122:ITSDigitizer]: [07:41:41][STATE] DEVICE READY ---> INITIALIZING TASK
[2122:ITSDigitizer]: [07:41:41][STATE] INITIALIZING TASK ---> READY
[2122:ITSDigitizer]: [07:41:41][STATE] READY ---> RUNNING
[2122:ITSDigitizer]: [07:41:41][INFO] DEVICE: Running...
[2122:ITSDigitizer]: [07:41:41][INFO] GOT 20 COLLISSION TIMES
[2122:ITSDigitizer]: [07:41:41][INFO] SIMCHAINS 1
[2122:ITSDigitizer]: [07:41:41][INFO]  CALLING ITS DIGITIZATION 
[2122:ITSDigitizer]: [07:41:42][INFO] Digitizing ITS hits of entry 0 from source 0 at time BCid:  800 Orbit:      1 |T in BC(ns): -0.075 ROFrame= 11) cont.mode: 1 Min/Max ROFrames 0/10
[2122:ITSDigitizer]: [07:41:42][INFO] Filling ITS digits output for RO frames 0:10
[2122:ITSDigitizer]: ROF: 0 | 1283 entries starting from 0
[2122:ITSDigitizer]: BCid:    0 Orbit:      0
[2122:ITSDigitizer]: ROF: 1 | 1267 entries starting from 1283
[2122:ITSDigitizer]: BCid:  396 Orbit:      0
[2122:ITSDigitizer]: ROF: 2 | 1323 entries starting from 2550
[2122:ITSDigitizer]: BCid:  792 Orbit:      0
[2122:ITSDigitizer]: ROF: 3 | 1229 entries starting from 3873
[2122:ITSDigitizer]: BCid: 1188 Orbit:      0
[2122:ITSDigitizer]: ROF: 4 | 1245 entries starting from 5102
[2122:ITSDigitizer]: BCid: 1584 Orbit:      0
[2122:ITSDigitizer]: ROF: 5 | 1248 entries starting from 6347
[2122:ITSDigitizer]: BCid: 1980 Orbit:      0
[2122:ITSDigitizer]: ROF: 6 | 1259 entries starting from 7595
[2122:ITSDigitizer]: BCid: 2376 Orbit:      0
[2122:ITSDigitizer]: ROF: 7 | 1258 entries starting from 8854
[2122:ITSDigitizer]: BCid: 2772 Orbit:      0
[2122:ITSDigitizer]: ROF: 8 | 1247 entries starting from 10112
[2122:ITSDigitizer]: BCid: 3168 Orbit:      0
[2122:ITSDigitizer]: ROF: 9 | 1249 entries starting from 11359
[2122:ITSDigitizer]: BCid:    0 Orbit:      1
[2122:ITSDigitizer]: ROF: 10 | 1258 entries starting from 12608
[2122:ITSDigitizer]: BCid:  396 Orbit:      1
[2122:ITSDigitizer]: [07:41:42][INFO] Added 13866 digits 
[2122:ITSDigitizer]: [07:41:42][INFO] Digitizing ITS hits of entry 1 from source 0 at time BCid:  824 Orbit:      1 |T in BC(ns): 0.141 ROFrame= 11) cont.mode: 1 Min/Max ROFrames 11/12
[2122:ITSDigitizer]: [07:41:42][INFO] Digitizing ITS hits of entry 2 from source 0 at time BCid:  832 Orbit:      1 |T in BC(ns): -0.239 ROFrame= 11) cont.mode: 1 Min/Max ROFrames 11/12
[2122:ITSDigitizer]: [07:41:43][INFO] Digitizing ITS hits of entry 3 from source 0 at time BCid:  838 Orbit:      1 |T in BC(ns): -0.233 ROFrame= 11) cont.mode: 1 Min/Max ROFrames 11/12
[2122:ITSDigitizer]: [07:41:43][INFO] Digitizing ITS hits of entry 4 from source 0 at time BCid:  476 Orbit:      2 |T in BC(ns): -0.028 ROFrame= 19) cont.mode: 1 Min/Max ROFrames 11/18
[2122:ITSDigitizer]: [07:41:43][INFO] Filling ITS digits output for RO frames 11:18
[2122:ITSDigitizer]: ROF: 11 | 364495 entries starting from 13866
[2122:ITSDigitizer]: BCid:  792 Orbit:      1
[2122:ITSDigitizer]: MCEventID: 0 ROFs: 11-12 Entry in ROFRecords: 11
[2122:ITSDigitizer]: MCEventID: 1 ROFs: 11-12 Entry in ROFRecords: 11
[2122:ITSDigitizer]: MCEventID: 2 ROFs: 11-12 Entry in ROFRecords: 11
[2122:ITSDigitizer]: MCEventID: 3 ROFs: 11-12 Entry in ROFRecords: 11
[2122:ITSDigitizer]: ROF: 12 | 3394 entries starting from 378361
[2122:ITSDigitizer]: BCid: 1188 Orbit:      1
[2122:ITSDigitizer]: ROF: 13 | 1279 entries starting from 381755
[2122:ITSDigitizer]: BCid: 1584 Orbit:      1
[2122:ITSDigitizer]: ROF: 14 | 1318 entries starting from 383034
[2122:ITSDigitizer]: BCid: 1980 Orbit:      1
[2122:ITSDigitizer]: ROF: 15 | 1317 entries starting from 384352
[2122:ITSDigitizer]: BCid: 2376 Orbit:      1
[2122:ITSDigitizer]: ROF: 16 | 1256 entries starting from 385669
[2122:ITSDigitizer]: BCid: 2772 Orbit:      1
[2122:ITSDigitizer]: ROF: 17 | 1263 entries starting from 386925
[2122:ITSDigitizer]: BCid: 3168 Orbit:      1
[2122:ITSDigitizer]: ROF: 18 | 1291 entries starting from 388188
[2122:ITSDigitizer]: BCid:    0 Orbit:      2
[2122:ITSDigitizer]: [07:41:44][INFO] Added 375613 digits 
[2122:ITSDigitizer]: [07:41:44][INFO] Digitizing ITS hits of entry 5 from source 0 at time BCid: 1176 Orbit:      2 |T in BC(ns): -0.397 ROFrame= 20) cont.mode: 1 Min/Max ROFrames 19/20
[2122:ITSDigitizer]: [07:41:44][INFO] Filling ITS digits output for RO frames 19:19
[2122:ITSDigitizer]: ROF: 19 | 120806 entries starting from 389479
[2122:ITSDigitizer]: BCid:  396 Orbit:      2
[2122:ITSDigitizer]: MCEventID: 4 ROFs: 19-20 Entry in ROFRecords: 19
[2122:ITSDigitizer]: [07:41:44][INFO] Added 120806 digits 
[2122:ITSDigitizer]: [07:41:44][INFO] Digitizing ITS hits of entry 6 from source 0 at time BCid: 1812 Orbit:      2 |T in BC(ns): -0.081 ROFrame= 22) cont.mode: 1 Min/Max ROFrames 20/22
[2122:ITSDigitizer]: [07:41:44][INFO] Filling ITS digits output for RO frames 20:21
[2122:ITSDigitizer]: ROF: 20 | 133595 entries starting from 510285
[2122:ITSDigitizer]: BCid:  792 Orbit:      2
[2122:ITSDigitizer]: MCEventID: 5 ROFs: 20-22 Entry in ROFRecords: 20
[2122:ITSDigitizer]: ROF: 21 | 158310 entries starting from 643880
[2122:ITSDigitizer]: BCid: 1188 Orbit:      2
[2122:ITSDigitizer]: [07:41:44][INFO] Added 291905 digits 
[2122:ITSDigitizer]: [07:41:45][INFO] Digitizing ITS hits of entry 7 from source 0 at time BCid:  206 Orbit:      3 |T in BC(ns): -0.183 ROFrame= 27) cont.mode: 1 Min/Max ROFrames 22/26
[2122:ITSDigitizer]: [07:41:45][INFO] Filling ITS digits output for RO frames 22:26
[2122:ITSDigitizer]: ROF: 22 | 37485 entries starting from 802190
[2122:ITSDigitizer]: BCid: 1584 Orbit:      2
[2122:ITSDigitizer]: MCEventID: 6 ROFs: 22-23 Entry in ROFRecords: 22
[2122:ITSDigitizer]: ROF: 23 | 36651 entries starting from 839675
[2122:ITSDigitizer]: BCid: 1980 Orbit:      2
[2122:ITSDigitizer]: ROF: 24 | 1247 entries starting from 876326
[2122:ITSDigitizer]: BCid: 2376 Orbit:      2
[2122:ITSDigitizer]: ROF: 25 | 1246 entries starting from 877573
[2122:ITSDigitizer]: BCid: 2772 Orbit:      2
[2122:ITSDigitizer]: ROF: 26 | 1276 entries starting from 878819
[2122:ITSDigitizer]: BCid: 3168 Orbit:      2
[2122:ITSDigitizer]: [07:41:45][INFO] Added 77905 digits 
[2122:ITSDigitizer]: [07:41:46][INFO] Digitizing ITS hits of entry 8 from source 0 at time BCid:  234 Orbit:      3 |T in BC(ns): -0.004 ROFrame= 27) cont.mode: 1 Min/Max ROFrames 27/29
[2122:ITSDigitizer]: [07:41:46][INFO] Digitizing ITS hits of entry 9 from source 0 at time BCid:  424 Orbit:      3 |T in BC(ns): 0.029 ROFrame= 28) cont.mode: 1 Min/Max ROFrames 27/29
[2122:ITSDigitizer]: [07:41:46][INFO] Filling ITS digits output for RO frames 27:27
[2122:ITSDigitizer]: ROF: 27 | 379289 entries starting from 880095
[2122:ITSDigitizer]: BCid:    0 Orbit:      3
[2122:ITSDigitizer]: MCEventID: 7 ROFs: 27-29 Entry in ROFRecords: 27
[2122:ITSDigitizer]: MCEventID: 8 ROFs: 27-28 Entry in ROFRecords: 27
[2122:ITSDigitizer]: [07:41:46][INFO] Added 379289 digits 
[2122:ITSDigitizer]: [07:41:46][INFO] Digitizing ITS hits of entry 10 from source 0 at time BCid:  770 Orbit:      3 |T in BC(ns): 0.135 ROFrame= 28) cont.mode: 1 Min/Max ROFrames 28/29
[2122:ITSDigitizer]: [07:41:46][INFO] Digitizing ITS hits of entry 11 from source 0 at time BCid: 1198 Orbit:      3 |T in BC(ns): 0.108 ROFrame= 30) cont.mode: 1 Min/Max ROFrames 28/30
[2122:ITSDigitizer]: [07:41:46][INFO] Filling ITS digits output for RO frames 28:29
[2122:ITSDigitizer]: ROF: 28 | 431798 entries starting from 1259384
[2122:ITSDigitizer]: BCid:  396 Orbit:      3
[2122:ITSDigitizer]: MCEventID: 9 ROFs: 28-28 Entry in ROFRecords: 28
[2122:ITSDigitizer]: MCEventID: 10 ROFs: 28-30 Entry in ROFRecords: 28
[2122:ITSDigitizer]: ROF: 29 | 56810 entries starting from 1691182
[2122:ITSDigitizer]: BCid:  792 Orbit:      3
[2122:ITSDigitizer]: [07:41:47][INFO] Added 488608 digits 
[2122:ITSDigitizer]: [07:41:47][INFO] Digitizing ITS hits of entry 12 from source 0 at time BCid: 1424 Orbit:      3 |T in BC(ns): -0.047 ROFrame= 30) cont.mode: 1 Min/Max ROFrames 30/31
[2122:ITSDigitizer]: [07:41:47][INFO] Digitizing ITS hits of entry 13 from source 0 at time BCid: 1432 Orbit:      3 |T in BC(ns): 0.096 ROFrame= 30) cont.mode: 1 Min/Max ROFrames 30/31
[2122:ITSDigitizer]: [07:41:47][INFO] Digitizing ITS hits of entry 14 from source 0 at time BCid: 1548 Orbit:      3 |T in BC(ns): 0.316 ROFrame= 30) cont.mode: 1 Min/Max ROFrames 30/31
[2122:ITSDigitizer]: [07:41:47][INFO] Digitizing ITS hits of entry 15 from source 0 at time BCid: 2166 Orbit:      3 |T in BC(ns): 0.146 ROFrame= 32) cont.mode: 1 Min/Max ROFrames 30/31
[2122:ITSDigitizer]: [07:41:47][INFO] Filling ITS digits output for RO frames 30:31
[2122:ITSDigitizer]: ROF: 30 | 170699 entries starting from 1747992
[2122:ITSDigitizer]: BCid: 1188 Orbit:      3
[2122:ITSDigitizer]: MCEventID: 11 ROFs: 30-31 Entry in ROFRecords: 30
[2122:ITSDigitizer]: MCEventID: 12 ROFs: 30-31 Entry in ROFRecords: 30
[2122:ITSDigitizer]: MCEventID: 13 ROFs: 30-31 Entry in ROFRecords: 30
[2122:ITSDigitizer]: MCEventID: 14 ROFs: 30-31 Entry in ROFRecords: 30
[2122:ITSDigitizer]: ROF: 31 | 42075 entries starting from 1918691
[2122:ITSDigitizer]: BCid: 1584 Orbit:      3
[2122:ITSDigitizer]: [07:41:47][INFO] Added 212774 digits 
[2122:ITSDigitizer]: [07:41:47][INFO] Digitizing ITS hits of entry 16 from source 0 at time BCid:   28 Orbit:      4 |T in BC(ns): -0.204 ROFrame= 36) cont.mode: 1 Min/Max ROFrames 32/35
[2122:ITSDigitizer]: [07:41:47][INFO] Filling ITS digits output for RO frames 32:35
[2122:ITSDigitizer]: ROF: 32 | 87508 entries starting from 1960766
[2122:ITSDigitizer]: BCid: 1980 Orbit:      3
[2122:ITSDigitizer]: MCEventID: 15 ROFs: 32-34 Entry in ROFRecords: 32
[2122:ITSDigitizer]: ROF: 33 | 87557 entries starting from 2048274
[2122:ITSDigitizer]: BCid: 2376 Orbit:      3
[2122:ITSDigitizer]: ROF: 34 | 1304 entries starting from 2135831
[2122:ITSDigitizer]: BCid: 2772 Orbit:      3
[2122:ITSDigitizer]: ROF: 35 | 1248 entries starting from 2137135
[2122:ITSDigitizer]: BCid: 3168 Orbit:      3
[2122:ITSDigitizer]: [07:41:48][INFO] Added 177617 digits 
[2122:ITSDigitizer]: [07:41:48][INFO] Digitizing ITS hits of entry 17 from source 0 at time BCid:  196 Orbit:      4 |T in BC(ns): 0.165 ROFrame= 36) cont.mode: 1 Min/Max ROFrames 36/37
[2122:ITSDigitizer]: [07:41:48][INFO] Digitizing ITS hits of entry 18 from source 0 at time BCid:  232 Orbit:      4 |T in BC(ns): -0.017 ROFrame= 36) cont.mode: 1 Min/Max ROFrames 36/37
[2122:ITSDigitizer]: [07:41:49][INFO] Digitizing ITS hits of entry 19 from source 0 at time BCid:  660 Orbit:      4 |T in BC(ns): 0.019 ROFrame= 37) cont.mode: 1 Min/Max ROFrames 36/39
[2122:ITSDigitizer]: [07:41:49][INFO] Filling ITS digits output for RO frames 36:36
[2122:ITSDigitizer]: ROF: 36 | 299302 entries starting from 2138383
[2122:ITSDigitizer]: BCid:    0 Orbit:      4
[2122:ITSDigitizer]: MCEventID: 16 ROFs: 36-37 Entry in ROFRecords: 36
[2122:ITSDigitizer]: MCEventID: 17 ROFs: 36-37 Entry in ROFRecords: 36
[2122:ITSDigitizer]: MCEventID: 18 ROFs: 36-38 Entry in ROFRecords: 36
[2122:ITSDigitizer]: [07:41:49][INFO] Added 299302 digits 
[2122:ITSDigitizer]: [07:41:49][INFO] Filling ITS digits output for RO frames 37:39
[2122:ITSDigitizer]: ROF: 37 | 284908 entries starting from 2437685
[2122:ITSDigitizer]: BCid:  396 Orbit:      4
[2122:ITSDigitizer]: MCEventID: 19 ROFs: 37-38 Entry in ROFRecords: 37
[2122:ITSDigitizer]: ROF: 38 | 7053 entries starting from 2722593
[2122:ITSDigitizer]: BCid:  792 Orbit:      4
[2122:ITSDigitizer]: ROF: 39 | 1279 entries starting from 2729646
[2122:ITSDigitizer]: BCid: 1188 Orbit:      4
[2122:ITSDigitizer]: [07:41:49][INFO] Added 293240 digits 
[2122:ITSDigitizer]: [07:41:49][INFO] ITS: Sending ROMode= 3 to GRPUpdater
[2122:ITSDigitizer]: [07:41:49][INFO] Digitization took 7.22s
[2123:GRPUpdater]: [07:41:49][INFO] Updated GRP in o2sim_grp.root for detectors RO mode
[2124:ITSDigitWriter]: [07:41:49][INFO] WRITING 2746444 LABELS 
[2123:GRPUpdater]: Run: 1621488945
[2123:GRPUpdater]: Fill:      0
[2123:GRPUpdater]: Period: 
[2123:GRPUpdater]: LHC State: 
[2123:GRPUpdater]: Start: Thu May 20 07:35:47 2021
[2123:GRPUpdater]: End  : Thu May 20 07:35:48 2021
[2123:GRPUpdater]: Beam0: Z:A =   0:  0, Energy = 0.000
[2123:GRPUpdater]: Beam1: Z:A =   0:  0, Energy = 0.000
[2123:GRPUpdater]: sqrt[s]    = 0.000
[2123:GRPUpdater]: crossing angle (radian) = 0.000000e+00
[2123:GRPUpdater]: magnet currents (A) L3 = -30000.000, Dipole = -6000
[2123:GRPUpdater]: Detectors: Cont.RO Triggers
[2123:GRPUpdater]:       ITS:    +       -    
[2124:ITSDigitWriter]: [07:41:50][INFO] RECEIVED DIGITS SIZE 2730925
[INFO] Quitting
[INFO] QUIT_REQUESTED
[2124:ITSDigitWriter]: [07:41:51][INFO] Received device shutdown request (signal 15).
[2124:ITSDigitWriter]: [07:41:51][INFO] Waiting for graceful device shutdown. Hit Ctrl-C again to abort immediately.
[2123:GRPUpdater]: [07:41:51][INFO] Received device shutdown request (signal 15).
[2123:GRPUpdater]: [07:41:51][INFO] Waiting for graceful device shutdown. Hit Ctrl-C again to abort immediately.
[2121:SimReader]: [07:41:51][INFO] Received device shutdown request (signal 15).
[2121:SimReader]: [07:41:51][INFO] Waiting for graceful device shutdown. Hit Ctrl-C again to abort immediately.
[2122:ITSDigitizer]: [07:41:51][INFO] Received device shutdown request (signal 15).
[2122:ITSDigitizer]: [07:41:51][INFO] Waiting for graceful device shutdown. Hit Ctrl-C again to abort immediately.
[2121:SimReader]: [07:41:51][STATE] RUNNING ---> READY
[2121:SimReader]: [07:41:51][STATE] READY ---> RESETTING TASK
[2121:SimReader]: [07:41:51][STATE] RESETTING TASK ---> DEVICE READY
[2121:SimReader]: [07:41:51][STATE] DEVICE READY ---> RESETTING DEVICE
[2121:SimReader]: [07:41:51][STATE] RESETTING DEVICE ---> IDLE
[2121:SimReader]: [07:41:51][STATE] IDLE ---> EXITING
[2121:SimReader]: [07:41:51][STATE] Exiting FairMQ state machine
[2120:internal-dpl-clock]: [07:41:51][INFO] Received device shutdown request (signal 15).
[2120:internal-dpl-clock]: [07:41:51][INFO] Waiting for graceful device shutdown. Hit Ctrl-C again to abort immediately.
[2120:internal-dpl-clock]: [07:41:51][STATE] RUNNING ---> READY
[2120:internal-dpl-clock]: [07:41:51][STATE] READY ---> RESETTING TASK
[2120:internal-dpl-clock]: [07:41:51][STATE] RESETTING TASK ---> DEVICE READY
[2120:internal-dpl-clock]: [07:41:51][STATE] DEVICE READY ---> RESETTING DEVICE
[2123:GRPUpdater]: [07:41:51][STATE] RUNNING ---> READY
[2122:ITSDigitizer]: [07:41:51][STATE] RUNNING ---> READY
[2122:ITSDigitizer]: [07:41:51][STATE] READY ---> RESETTING TASK
[2122:ITSDigitizer]: [07:41:51][STATE] RESETTING TASK ---> DEVICE READY
[2122:ITSDigitizer]: [07:41:51][STATE] DEVICE READY ---> RESETTING DEVICE
[2123:GRPUpdater]: [07:41:51][STATE] READY ---> RESETTING TASK
[2123:GRPUpdater]: [07:41:51][STATE] RESETTING TASK ---> DEVICE READY
[2123:GRPUpdater]: [07:41:51][STATE] DEVICE READY ---> RESETTING DEVICE
[2120:internal-dpl-clock]: [07:41:51][STATE] RESETTING DEVICE ---> IDLE
[2120:internal-dpl-clock]: [07:41:51][STATE] IDLE ---> EXITING
[2120:internal-dpl-clock]: [07:41:51][STATE] Exiting FairMQ state machine
[2123:GRPUpdater]: [07:41:51][STATE] RESETTING DEVICE ---> IDLE
[2123:GRPUpdater]: [07:41:51][STATE] IDLE ---> EXITING
[2123:GRPUpdater]: [07:41:51][STATE] Exiting FairMQ state machine
[2122:ITSDigitizer]: [07:41:51][STATE] RESETTING DEVICE ---> IDLE
[2122:ITSDigitizer]: [07:41:51][STATE] IDLE ---> EXITING
[2122:ITSDigitizer]: [07:41:51][STATE] Exiting FairMQ state machine
[2124:ITSDigitWriter]: [07:41:53][STATE] RUNNING ---> READY
[2124:ITSDigitWriter]: [07:41:53][STATE] READY ---> RESETTING TASK
[2124:ITSDigitWriter]: [07:41:53][STATE] RESETTING TASK ---> DEVICE READY
[2124:ITSDigitWriter]: [07:41:53][STATE] DEVICE READY ---> RESETTING DEVICE
[2124:ITSDigitWriter]: Cleaning up for shared memory id '9a79b5e0'...
[2124:ITSDigitWriter]: No region counter found. No regions to cleanup.
[2124:ITSDigitWriter]: Successfully removed 'fmq_9a79b5e0_m_0'.
[2124:ITSDigitWriter]: Successfully removed 'fmq_9a79b5e0_mng'.
[2124:ITSDigitWriter]: Successfully removed 'fmq_9a79b5e0_mtx'.
[2124:ITSDigitWriter]: Successfully removed 'fmq_9a79b5e0_cv'.
[2124:ITSDigitWriter]: [07:41:53][STATE] RESETTING DEVICE ---> IDLE
[2124:ITSDigitWriter]: [07:41:53][STATE] IDLE ---> EXITING
[2124:ITSDigitWriter]: [07:41:53][STATE] Exiting FairMQ state machine
[INFO] Dumping used configuration in dpl-config.json

==============================================================================================
3. Tracking
[INFO] Initialising O2 Data Processing Layer
[INFO] O2 Data Processing Layer initialised. We brake for nobody.
[INFO] Optimised build. O2DEBUG / LOG(DEBUG) / LOGF(DEBUG) / assert statement will not be shown.
[INFO] Redeployment of configuration asked.
[INFO] Starting internal-dpl-clock on pid 3203
[INFO] Starting its-digit-reader on pid 3204
[INFO] Starting its-clusterer on pid 3205
[INFO] Starting its-cluster-writer on pid 3206
[INFO] Starting its-tracker on pid 3207
[INFO] Starting its-track-writer on pid 3208
[INFO] Redeployment of configuration done.
[3205:its-clusterer]: [INFO] Spawing new device its-clusterer in process with pid 3205
[3203:internal-dpl-clock]: [INFO] Spawing new device internal-dpl-clock in process with pid 3203
[3207:its-tracker]: [INFO] Spawing new device its-tracker in process with pid 3207
[3203:internal-dpl-clock]: [07:44:43][INFO] 
[3203:internal-dpl-clock]:       ______      _    _______  _________ 
[3203:internal-dpl-clock]:      / ____/___ _(_)_______   |/  /_  __ \    version 1.4.29
[3203:internal-dpl-clock]:     / /_  / __ `/ / ___/__  /|_/ /_  / / /    build RELWITHDEBINFO
[3203:internal-dpl-clock]:    / __/ / /_/ / / /    _  /  / / / /_/ /     https://github.com/FairRootGroup/FairMQ
[3203:internal-dpl-clock]:   /_/    \__,_/_/_/     /_/  /_/  \___\_\     LGPL-3.0  © 2012-2020 GSI
[3203:internal-dpl-clock]: 
[3203:internal-dpl-clock]: [07:44:43][STATE] Starting FairMQ state machine --> IDLE
[3205:its-clusterer]: [07:44:43][INFO] 
[3205:its-clusterer]:       ______      _    _______  _________ 
[3205:its-clusterer]:      / ____/___ _(_)_______   |/  /_  __ \    version 1.4.29
[3205:its-clusterer]:     / /_  / __ `/ / ___/__  /|_/ /_  / / /    build RELWITHDEBINFO
[3205:its-clusterer]:    / __/ / /_/ / / /    _  /  / / / /_/ /     https://github.com/FairRootGroup/FairMQ
[3205:its-clusterer]:   /_/    \__,_/_/_/     /_/  /_/  \___\_\     LGPL-3.0  © 2012-2020 GSI
[3205:its-clusterer]: 
[3205:its-clusterer]: [07:44:43][STATE] Starting FairMQ state machine --> IDLE
[3207:its-tracker]: [07:44:43][INFO] 
[3207:its-tracker]:       ______      _    _______  _________ 
[3207:its-tracker]:      / ____/___ _(_)_______   |/  /_  __ \    version 1.4.29
[3207:its-tracker]:     / /_  / __ `/ / ___/__  /|_/ /_  / / /    build RELWITHDEBINFO
[3207:its-tracker]:    / __/ / /_/ / / /    _  /  / / / /_/ /     https://github.com/FairRootGroup/FairMQ
[3207:its-tracker]:   /_/    \__,_/_/_/     /_/  /_/  \___\_\     LGPL-3.0  © 2012-2020 GSI
[3207:its-tracker]: 
[3207:its-tracker]: [07:44:43][STATE] Starting FairMQ state machine --> IDLE
[3203:internal-dpl-clock]: 2021-05-20 07:44:43	Monitoring	[0;49mStdOut backend initialized[0m
[3205:its-clusterer]: 2021-05-20 07:44:43	Monitoring	[0;49mStdOut backend initialized[0m
[3205:its-clusterer]: [07:44:43][STATE] IDLE ---> INITIALIZING DEVICE
[3207:its-tracker]: 2021-05-20 07:44:43	Monitoring	[0;49mStdOut backend initialized[0m
[3203:internal-dpl-clock]: [07:44:43][STATE] IDLE ---> INITIALIZING DEVICE
[3203:internal-dpl-clock]: 2021-05-20 07:44:43	Monitoring	[0;49mBuffering enabled (100)[0m
[3203:internal-dpl-clock]: [07:44:43][STATE] INITIALIZING DEVICE ---> INITIALIZED
[3203:internal-dpl-clock]: [07:44:43][STATE] INITIALIZED ---> BINDING
[3203:internal-dpl-clock]: [07:44:43][STATE] BINDING ---> BOUND
[3203:internal-dpl-clock]: [07:44:43][STATE] BOUND ---> CONNECTING
[3203:internal-dpl-clock]: [07:44:43][STATE] CONNECTING ---> DEVICE READY
[3203:internal-dpl-clock]: [07:44:43][STATE] DEVICE READY ---> INITIALIZING TASK
[3203:internal-dpl-clock]: [07:44:43][STATE] INITIALIZING TASK ---> READY
[3203:internal-dpl-clock]: [07:44:43][STATE] READY ---> RUNNING
[3203:internal-dpl-clock]: [07:44:43][INFO] DEVICE: Running...
[3204:its-digit-reader]: [INFO] Spawing new device its-digit-reader in process with pid 3204
[3204:its-digit-reader]: [07:44:43][INFO] 
[3204:its-digit-reader]:       ______      _    _______  _________ 
[3204:its-digit-reader]:      / ____/___ _(_)_______   |/  /_  __ \    version 1.4.29
[3204:its-digit-reader]:     / /_  / __ `/ / ___/__  /|_/ /_  / / /    build RELWITHDEBINFO
[3204:its-digit-reader]:    / __/ / /_/ / / /    _  /  / / / /_/ /     https://github.com/FairRootGroup/FairMQ
[3204:its-digit-reader]:   /_/    \__,_/_/_/     /_/  /_/  \___\_\     LGPL-3.0  © 2012-2020 GSI
[3204:its-digit-reader]: 
[3204:its-digit-reader]: [07:44:43][STATE] Starting FairMQ state machine --> IDLE
[3204:its-digit-reader]: 2021-05-20 07:44:43	Monitoring	[0;49mStdOut backend initialized[0m
[3204:its-digit-reader]: [07:44:43][STATE] IDLE ---> INITIALIZING DEVICE
[3205:its-clusterer]: 2021-05-20 07:44:43	Monitoring	[0;49mBuffering enabled (100)[0m
[3206:its-cluster-writer]: [INFO] Spawing new device its-cluster-writer in process with pid 3206
[3206:its-cluster-writer]: [07:44:43][INFO] 
[3206:its-cluster-writer]:       ______      _    _______  _________ 
[3206:its-cluster-writer]:      / ____/___ _(_)_______   |/  /_  __ \    version 1.4.29
[3206:its-cluster-writer]:     / /_  / __ `/ / ___/__  /|_/ /_  / / /    build RELWITHDEBINFO
[3206:its-cluster-writer]:    / __/ / /_/ / / /    _  /  / / / /_/ /     https://github.com/FairRootGroup/FairMQ
[3206:its-cluster-writer]:   /_/    \__,_/_/_/     /_/  /_/  \___\_\     LGPL-3.0  © 2012-2020 GSI
[3206:its-cluster-writer]: 
[3206:its-cluster-writer]: [07:44:43][STATE] Starting FairMQ state machine --> IDLE
[3206:its-cluster-writer]: 2021-05-20 07:44:43	Monitoring	[0;49mStdOut backend initialized[0m
[3206:its-cluster-writer]: [07:44:43][STATE] IDLE ---> INITIALIZING DEVICE
[3207:its-tracker]: [07:44:43][STATE] IDLE ---> INITIALIZING DEVICE
[3207:its-tracker]: 2021-05-20 07:44:43	Monitoring	[0;49mBuffering enabled (100)[0m
[3207:its-tracker]: [07:44:43][INFO] Created GPUReconstruction instance for device type CPU (1) 
[3208:its-track-writer]: [INFO] Spawing new device its-track-writer in process with pid 3208
[3208:its-track-writer]: [07:44:43][INFO] 
[3208:its-track-writer]:       ______      _    _______  _________ 
[3208:its-track-writer]:      / ____/___ _(_)_______   |/  /_  __ \    version 1.4.29
[3208:its-track-writer]:     / /_  / __ `/ / ___/__  /|_/ /_  / / /    build RELWITHDEBINFO
[3208:its-track-writer]:    / __/ / /_/ / / /    _  /  / / / /_/ /     https://github.com/FairRootGroup/FairMQ
[3208:its-track-writer]:   /_/    \__,_/_/_/     /_/  /_/  \___\_\     LGPL-3.0  © 2012-2020 GSI
[3208:its-track-writer]: 
[3208:its-track-writer]: [07:44:43][STATE] Starting FairMQ state machine --> IDLE
[3208:its-track-writer]: 2021-05-20 07:44:43	Monitoring	[0;49mStdOut backend initialized[0m
[3208:its-track-writer]: [07:44:43][STATE] IDLE ---> INITIALIZING DEVICE
[3204:its-digit-reader]: 2021-05-20 07:44:43	Monitoring	[0;49mBuffering enabled (100)[0m
[3205:its-clusterer]: [07:44:43][INFO] Dictionary ITSdictionary.bin is absent, ITSClusterer expects cluster patterns
[3205:its-clusterer]: [07:44:43][INFO] Clusterizer masks overflow pixels separated by < 406 BC and <= 0 in row/col
[3205:its-clusterer]: [07:44:43][INFO] Inclusive clusterization timing (w/o disk IO): Cpu: 0 Real: 0 s in 1 slots
[3205:its-clusterer]: [07:44:43][INFO] Threads output merging timing                : Cpu: 0 Real: 0 s in 1 slots
[3205:its-clusterer]: [07:44:43][STATE] INITIALIZING DEVICE ---> INITIALIZED
[3205:its-clusterer]: [07:44:43][STATE] INITIALIZED ---> BINDING
[3205:its-clusterer]: [07:44:43][STATE] BINDING ---> BOUND
[3205:its-clusterer]: [07:44:43][STATE] BOUND ---> CONNECTING
[3205:its-clusterer]: [07:44:43][STATE] CONNECTING ---> DEVICE READY
[3205:its-clusterer]: [07:44:43][STATE] DEVICE READY ---> INITIALIZING TASK
[3205:its-clusterer]: [07:44:43][STATE] INITIALIZING TASK ---> READY
[3205:its-clusterer]: [07:44:43][STATE] READY ---> RUNNING
[3205:its-clusterer]: [07:44:43][INFO] DEVICE: Running...
[3204:its-digit-reader]: [07:44:43][STATE] INITIALIZING DEVICE ---> INITIALIZED
[3204:its-digit-reader]: [07:44:43][STATE] INITIALIZED ---> BINDING
[3204:its-digit-reader]: [07:44:43][STATE] BINDING ---> BOUND
[3204:its-digit-reader]: [07:44:43][STATE] BOUND ---> CONNECTING
[3204:its-digit-reader]: [07:44:43][STATE] CONNECTING ---> DEVICE READY
[3204:its-digit-reader]: [07:44:43][STATE] DEVICE READY ---> INITIALIZING TASK
[3204:its-digit-reader]: [07:44:43][STATE] INITIALIZING TASK ---> READY
[3204:its-digit-reader]: [07:44:43][STATE] READY ---> RUNNING
[3204:its-digit-reader]: [07:44:43][INFO] DEVICE: Running...
[3208:its-track-writer]: 2021-05-20 07:44:43	Monitoring	[0;49mBuffering enabled (100)[0m
[3208:its-track-writer]: [07:44:43][INFO] 0: branch  ITSTrack set up
[3208:its-track-writer]: [07:44:43][INFO] 1: branch  ITSTrackClusIdx set up
[3208:its-track-writer]: [07:44:43][INFO] 2: branch  Vertices set up
[3208:its-track-writer]: [07:44:43][INFO] 3: branch  VerticesROF set up
[3208:its-track-writer]: [07:44:43][INFO] 4: branch  ITSTracksROF set up
[3208:its-track-writer]: [07:44:43][INFO] 5: branch  ITSTrackMCTruth set up
[3208:its-track-writer]: [07:44:43][INFO] 6: branch  ITSTracksMC2ROF set up
[3208:its-track-writer]: [07:44:43][STATE] INITIALIZING DEVICE ---> INITIALIZED
[3208:its-track-writer]: [07:44:43][STATE] INITIALIZED ---> BINDING
[3208:its-track-writer]: [07:44:43][STATE] BINDING ---> BOUND
[3208:its-track-writer]: [07:44:43][STATE] BOUND ---> CONNECTING
[3208:its-track-writer]: [07:44:43][STATE] CONNECTING ---> DEVICE READY
[3208:its-track-writer]: [07:44:43][STATE] DEVICE READY ---> INITIALIZING TASK
[3208:its-track-writer]: [07:44:43][STATE] INITIALIZING TASK ---> READY
[3208:its-track-writer]: [07:44:43][STATE] READY ---> RUNNING
[3208:its-track-writer]: [07:44:43][INFO] DEVICE: Running...
[3206:its-cluster-writer]: 2021-05-20 07:44:43	Monitoring	[0;49mBuffering enabled (100)[0m
[3206:its-cluster-writer]: [07:44:43][INFO] 0: branch  ITSClusterComp set up
[3206:its-cluster-writer]: [07:44:43][INFO] 1: branch  ITSClusterPatt set up
[3206:its-cluster-writer]: [07:44:43][INFO] 2: branch  ITSClustersROF set up
[3206:its-cluster-writer]: [07:44:43][INFO] 3: branch  ITSClusterMCTruth set up
[3206:its-cluster-writer]: [07:44:43][INFO] 4: branch  ITSClustersMC2ROF set up
[3206:its-cluster-writer]: [07:44:43][STATE] INITIALIZING DEVICE ---> INITIALIZED
[3206:its-cluster-writer]: [07:44:43][STATE] INITIALIZED ---> BINDING
[3206:its-cluster-writer]: [07:44:43][STATE] BINDING ---> BOUND
[3206:its-cluster-writer]: [07:44:43][STATE] BOUND ---> CONNECTING
[3206:its-cluster-writer]: [07:44:43][STATE] CONNECTING ---> DEVICE READY
[3206:its-cluster-writer]: [07:44:43][STATE] DEVICE READY ---> INITIALIZING TASK
[3206:its-cluster-writer]: [07:44:43][STATE] INITIALIZING TASK ---> READY
[3206:its-cluster-writer]: [07:44:43][STATE] READY ---> RUNNING
[3206:its-cluster-writer]: [07:44:43][INFO] DEVICE: Running...
[3207:its-tracker]: [07:44:43][INFO] MagneticField::Print: MagneticFieldMap:
[3207:its-tracker]: [07:44:43][INFO] MagneticField::Print: Solenoid (-1*)5 kG, Dipole ON (-1) 
[3207:its-tracker]: [07:44:43][INFO] MagneticField::Print: Machine B fields for p-p  beam (7000 GeV): QGrad: 22.0002 Dipole: 37.8781
[3207:its-tracker]: [07:44:43][INFO] MagneticField::Print: Uses Sol30_Dip6_Hole  of /cvmfs/alice.cern.ch/el7-x86_64/Packages/O2/nightly-20210129-1/share/Common/maps/mfchebKGI_sym.root
[3207:its-tracker]: Info in <TGeoGlobalMagField::SetField>: Global magnetic field set to <MagneticFieldMap>
[3207:its-tracker]: Info in <TGeoGlobalMagField::Lock>: Global magnetic field <MagneticFieldMap> is now locked
[3207:its-tracker]: [07:44:43][INFO] Loading geometry FAIRGeom from o2sim_geometry.root
[3207:its-tracker]: Info in <TGeoManager::CloseGeometry>: Geometry loaded from file...
[3207:its-tracker]: Info in <TGeoManager::SetTopVolume>: Top volume is cave. Master volume is cave
[3207:its-tracker]: Info in <TGeoNavigator::BuildCache>: --- Maximum geometry depth set to 100
[3207:its-tracker]: Info in <TGeoManager::CloseGeometry>: Voxelization retrieved from file
[3207:its-tracker]: Info in <TGeoManager::CountLevels>: max level = 9, max placements = 126
[3207:its-tracker]: Info in <TGeoManager::CloseGeometry>: 179840 nodes/ 399 volume UID's in FAIR geometry
[3207:its-tracker]: Info in <TGeoManager::CloseGeometry>: ----------------modeler ready----------------
[3207:its-tracker]: [07:44:44][INFO] Loading ITS T2L matrices from TGeo
[3207:its-tracker]: [07:44:44][WARN] It is faster to use 2D rotation for T2G instead of full Transform3D matrices
[3207:its-tracker]: [07:44:44][INFO] Loading ITS T2G matrices from TGeo
[3207:its-tracker]: [07:44:45][INFO] Loading ITS T2G rotation 2D matrices
[3207:its-tracker]: [07:44:45][INFO] Initializing tracker in sync. phase reconstruction with 1 passes
[3207:its-tracker]: [07:44:45][INFO] Not using lookup table for material budget approximation
[3207:its-tracker]: [07:44:45][INFO] Dictionary ITSdictionary.bin is absent, Tracker expects cluster patterns
[3207:its-tracker]: [07:44:45][STATE] INITIALIZING DEVICE ---> INITIALIZED
[3207:its-tracker]: [07:44:45][STATE] INITIALIZED ---> BINDING
[3207:its-tracker]: [07:44:45][STATE] BINDING ---> BOUND
[3207:its-tracker]: [07:44:45][STATE] BOUND ---> CONNECTING
[3207:its-tracker]: [07:44:45][STATE] CONNECTING ---> DEVICE READY
[3207:its-tracker]: [07:44:45][STATE] DEVICE READY ---> INITIALIZING TASK
[3207:its-tracker]: [07:44:45][STATE] INITIALIZING TASK ---> READY
[3207:its-tracker]: [07:44:45][STATE] READY ---> RUNNING
[3207:its-tracker]: [07:44:45][INFO] DEVICE: Running...
[3204:its-digit-reader]: [07:44:45][INFO] ITSDigitReader pushed 2730925 digits, in 40 RO frames
[3205:its-clusterer]: [07:44:45][INFO] ITSClusterer pulled 2730925 digits, in 40 RO frames
[3205:its-clusterer]: [07:44:45][INFO] ITSClusterer pulled 2746444 labels 
[3205:its-clusterer]: [07:44:46][INFO] ITSClusterer pushed 455294 clusters, in 40 RO frames
[3206:its-cluster-writer]: [07:44:46][INFO] ITSClusterWriter pulled 455294 clusters, in 40 RO frames
[3207:its-tracker]: [07:44:46][INFO] ITSTracker pulled 455294 clusters, 40 RO frames
[3207:its-tracker]: [07:44:46][INFO] 455294 MC label objects , in 20 MC events
[3207:its-tracker]: [07:44:46][INFO] ITSTracker RO: continuous=1
[3207:its-tracker]: [07:44:46][INFO] Loading ITS L2G matrices from TGeo
[3207:its-tracker]: [07:44:46][INFO] ROframe: 0, clusters loaded : 1283
[3207:its-tracker]:  - Vertexer initialisation completed in: 0.165784 ms
[3207:its-tracker]:  - Tracklet finding completed in: 0.006143 ms
[3207:its-tracker]:  - Adjacent tracklets validation completed in: 0.003367 ms
[3207:its-tracker]:  - Vertex finding completed in: 0.005995 ms
[3207:its-tracker]: [07:44:46][INFO] Found tracks: 0
[3207:its-tracker]: [07:44:46][INFO] ROframe: 1, clusters loaded : 1267
[3207:its-tracker]:  - Vertexer initialisation completed in: 0.128234 ms
[3207:its-tracker]:  - Tracklet finding completed in: 0.016631 ms
[3207:its-tracker]:  - Adjacent tracklets validation completed in: 0.000311 ms
[3207:its-tracker]:  - Vertex finding completed in: 0.000287 ms
[3207:its-tracker]: [07:44:46][INFO] Found tracks: 0
[3207:its-tracker]: [07:44:46][INFO] ROframe: 2, clusters loaded : 1323
[3207:its-tracker]:  - Vertexer initialisation completed in: 0.118484 ms
[3207:its-tracker]:  - Tracklet finding completed in: 0.000939 ms
[3207:its-tracker]:  - Adjacent tracklets validation completed in: 0.000238 ms
[3207:its-tracker]:  - Vertex finding completed in: 0.000189 ms
[3207:its-tracker]: [07:44:46][INFO] Found tracks: 0
[3207:its-tracker]: [07:44:46][INFO] ROframe: 3, clusters loaded : 1229
[3207:its-tracker]:  - Vertexer initialisation completed in: 0.122711 ms
[3207:its-tracker]:  - Tracklet finding completed in: 0.000805 ms
[3207:its-tracker]:  - Adjacent tracklets validation completed in: 0.000214 ms
[3207:its-tracker]:  - Vertex finding completed in: 0.000177 ms
[3207:its-tracker]: [07:44:46][INFO] Found tracks: 0
[3207:its-tracker]: [07:44:46][INFO] ROframe: 4, clusters loaded : 1245
[3207:its-tracker]:  - Vertexer initialisation completed in: 0.129383 ms
[3207:its-tracker]:  - Tracklet finding completed in: 0.000813 ms
[3207:its-tracker]:  - Adjacent tracklets validation completed in: 0.000118 ms
[3207:its-tracker]:  - Vertex finding completed in: 0.000238 ms
[3207:its-tracker]: [07:44:46][INFO] Found tracks: 0
[3207:its-tracker]: [07:44:46][INFO] ROframe: 5, clusters loaded : 1248
[3207:its-tracker]:  - Vertexer initialisation completed in: 0.126781 ms
[3207:its-tracker]:  - Tracklet finding completed in: 0.000653 ms
[3207:its-tracker]:  - Adjacent tracklets validation completed in: 9.9e-05 ms
[3207:its-tracker]:  - Vertex finding completed in: 0.000131 ms
[3207:its-tracker]: [07:44:46][INFO] Found tracks: 0
[3207:its-tracker]: [07:44:46][INFO] ROframe: 6, clusters loaded : 1259
[3207:its-tracker]:  - Vertexer initialisation completed in: 0.128799 ms
[3207:its-tracker]:  - Tracklet finding completed in: 0.00113 ms
[3207:its-tracker]:  - Adjacent tracklets validation completed in: 0.000138 ms
[3207:its-tracker]:  - Vertex finding completed in: 0.000147 ms
[3207:its-tracker]: [07:44:46][INFO] Found tracks: 0
[3207:its-tracker]: [07:44:46][INFO] ROframe: 7, clusters loaded : 1258
[3207:its-tracker]:  - Vertexer initialisation completed in: 0.126971 ms
[3207:its-tracker]:  - Tracklet finding completed in: 0.00084 ms
[3207:its-tracker]:  - Adjacent tracklets validation completed in: 0.00012 ms
[3207:its-tracker]:  - Vertex finding completed in: 0.000201 ms
[3207:its-tracker]: [07:44:46][INFO] Found tracks: 0
[3207:its-tracker]: [07:44:46][INFO] ROframe: 8, clusters loaded : 1247
[3207:its-tracker]:  - Vertexer initialisation completed in: 0.114801 ms
[3207:its-tracker]:  - Tracklet finding completed in: 0.002592 ms
[3207:its-tracker]:  - Adjacent tracklets validation completed in: 0.000163 ms
[3207:its-tracker]:  - Vertex finding completed in: 0.000174 ms
[3207:its-tracker]: [07:44:46][INFO] Found tracks: 0
[3207:its-tracker]: [07:44:46][INFO] ROframe: 9, clusters loaded : 1249
[3207:its-tracker]:  - Vertexer initialisation completed in: 0.114747 ms
[3207:its-tracker]:  - Tracklet finding completed in: 0.001414 ms
[3207:its-tracker]:  - Adjacent tracklets validation completed in: 0.00015 ms
[3207:its-tracker]:  - Vertex finding completed in: 0.000153 ms
[3207:its-tracker]: [07:44:46][INFO] Found tracks: 0
[3207:its-tracker]: [07:44:46][INFO] ROframe: 10, clusters loaded : 1258
[3207:its-tracker]:  - Vertexer initialisation completed in: 0.115405 ms
[3207:its-tracker]:  - Tracklet finding completed in: 0.001072 ms
[3207:its-tracker]:  - Adjacent tracklets validation completed in: 0.00022 ms
[3207:its-tracker]:  - Vertex finding completed in: 0.000123 ms
[3207:its-tracker]: [07:44:46][INFO] Found tracks: 0
[3207:its-tracker]: [07:44:46][INFO] ROframe: 11, clusters loaded : 84663
[3207:its-tracker]:  - Vertexer initialisation completed in: 4.16208 ms
[3207:its-tracker]:  - Tracklet finding completed in: 38.6573 ms
[3207:its-tracker]:  - Adjacent tracklets validation completed in: 14.7698 ms
[3207:its-tracker]:  - Vertex finding completed in: 1.39284 ms
[3207:its-tracker]: 		Found vertex with:   3646 contributors
[3207:its-tracker]: 		Found vertex with:    456 contributors
[3207:its-tracker]: 		Found vertex with:    270 contributors
[3207:its-tracker]:  - Context initialisation completed in: 4.29637 ms
[3207:its-tracker]:  - Tracklet finding completed in: 57.076 ms
[3207:its-tracker]:  - Cell finding completed in: 50.5766 ms
[3207:its-tracker]:  - Neighbour finding completed in: 3.257 ms
[3207:its-tracker]:  - Road finding completed in: 1.80809 ms
[3207:its-tracker]:  - Track finding completed in: 37.459 ms
[3207:its-tracker]:  - Vertex processing completed in: 154.473ms
[3207:its-tracker]:  - Context initialisation completed in: 1.09253 ms
[3207:its-tracker]:  - Tracklet finding completed in: 38.849 ms
[3207:its-tracker]:  - Cell finding completed in: 14.2892 ms
[3207:its-tracker]:  - Neighbour finding completed in: 0.328893 ms
[3207:its-tracker]:  - Road finding completed in: 0.061744 ms
[3207:its-tracker]:  - Track finding completed in: 4.77915 ms
[3207:its-tracker]:  - Vertex processing completed in: 59.4006ms
[3207:its-tracker]:  - Context initialisation completed in: 0.442668 ms
[3207:its-tracker]:  - Tracklet finding completed in: 34.4981 ms
[3207:its-tracker]:  - Cell finding completed in: 11.5856 ms
[3207:its-tracker]:  - Neighbour finding completed in: 0.249832 ms
[3207:its-tracker]:  - Road finding completed in: 0.079353 ms
[3207:its-tracker]:  - Track finding completed in: 3.13528 ms
[3207:its-tracker]:  - Vertex processing completed in: 49.9908ms
[3207:its-tracker]:  - Context initialisation completed in: 0.411224 ms
[3207:its-tracker]:  - Tracklet finding completed in: 43.9522 ms
[3207:its-tracker]:  - Cell finding completed in: 20.1483 ms
[3207:its-tracker]:  - Neighbour finding completed in: 1.08519 ms
[3207:its-tracker]:  - Road finding completed in: 0.004952 ms
[3207:its-tracker]:  - Track finding completed in: 0.000589 ms
[3207:its-tracker]:  - Vertex processing completed in: 65.6025ms
[3207:its-tracker]:  - Context initialisation completed in: 0.754106 ms
[3207:its-tracker]:  - Tracklet finding completed in: 45.9882 ms
[3207:its-tracker]:  - Cell finding completed in: 15.495 ms
[3207:its-tracker]:  - Neighbour finding completed in: 0.200179 ms
[3207:its-tracker]:  - Road finding completed in: 0.001533 ms
[3207:its-tracker]:  - Track finding completed in: 0.000573 ms
[3207:its-tracker]:  - Vertex processing completed in: 62.4397ms
[3207:its-tracker]:  - Context initialisation completed in: 0.535902 ms
[3207:its-tracker]:  - Tracklet finding completed in: 46.011 ms
[3207:its-tracker]:  - Cell finding completed in: 14.8296 ms
[3207:its-tracker]:  - Neighbour finding completed in: 0.155314 ms
[3207:its-tracker]:  - Road finding completed in: 0.001289 ms
[3207:its-tracker]:  - Track finding completed in: 0.000447 ms
[3207:its-tracker]:  - Vertex processing completed in: 61.5336ms
[3207:its-tracker]: [07:44:47][INFO] Found tracks: 3636
[3207:its-tracker]: [07:44:47][INFO] ROframe: 12, clusters loaded : 1278
[3207:its-tracker]:  - Vertexer initialisation completed in: 0.21818 ms
[3207:its-tracker]:  - Tracklet finding completed in: 0.004049 ms
[3207:its-tracker]:  - Adjacent tracklets validation completed in: 0.00076 ms
[3207:its-tracker]:  - Vertex finding completed in: 0.0009 ms
[3207:its-tracker]: [07:44:47][INFO] Found tracks: 0
[3207:its-tracker]: [07:44:47][INFO] ROframe: 13, clusters loaded : 1279
[3207:its-tracker]:  - Vertexer initialisation completed in: 0.229441 ms
[3207:its-tracker]:  - Tracklet finding completed in: 0.001841 ms
[3207:its-tracker]:  - Adjacent tracklets validation completed in: 0.00035 ms
[3207:its-tracker]:  - Vertex finding completed in: 0.000401 ms
[3207:its-tracker]: [07:44:47][INFO] Found tracks: 0
[3207:its-tracker]: [07:44:47][INFO] ROframe: 14, clusters loaded : 1318
[3207:its-tracker]:  - Vertexer initialisation completed in: 0.216405 ms
[3207:its-tracker]:  - Tracklet finding completed in: 0.001128 ms
[3207:its-tracker]:  - Adjacent tracklets validation completed in: 0.000224 ms
[3207:its-tracker]:  - Vertex finding completed in: 0.000289 ms
[3207:its-tracker]: [07:44:47][INFO] Found tracks: 0
[3207:its-tracker]: [07:44:47][INFO] ROframe: 15, clusters loaded : 1317
[3207:its-tracker]:  - Vertexer initialisation completed in: 0.216468 ms
[3207:its-tracker]:  - Tracklet finding completed in: 0.001702 ms
[3207:its-tracker]:  - Adjacent tracklets validation completed in: 0.000438 ms
[3207:its-tracker]:  - Vertex finding completed in: 0.000242 ms
[3207:its-tracker]: [07:44:47][INFO] Found tracks: 0
[3207:its-tracker]: [07:44:47][INFO] ROframe: 16, clusters loaded : 1256
[3207:its-tracker]:  - Vertexer initialisation completed in: 0.216672 ms
[3207:its-tracker]:  - Tracklet finding completed in: 0.001991 ms
[3207:its-tracker]:  - Adjacent tracklets validation completed in: 0.000402 ms
[3207:its-tracker]:  - Vertex finding completed in: 0.000303 ms
[3207:its-tracker]: [07:44:47][INFO] Found tracks: 0
[3207:its-tracker]: [07:44:47][INFO] ROframe: 17, clusters loaded : 1263
[3207:its-tracker]:  - Vertexer initialisation completed in: 0.210772 ms
[3207:its-tracker]:  - Tracklet finding completed in: 0.001425 ms
[3207:its-tracker]:  - Adjacent tracklets validation completed in: 0.000353 ms
[3207:its-tracker]:  - Vertex finding completed in: 0.000324 ms
[3207:its-tracker]: [07:44:47][INFO] Found tracks: 0
[3207:its-tracker]: [07:44:47][INFO] ROframe: 18, clusters loaded : 1291
[3207:its-tracker]:  - Vertexer initialisation completed in: 0.234201 ms
[3207:its-tracker]:  - Tracklet finding completed in: 0.001311 ms
[3207:its-tracker]:  - Adjacent tracklets validation completed in: 0.000358 ms
[3207:its-tracker]:  - Vertex finding completed in: 0.000305 ms
[3207:its-tracker]: [07:44:47][INFO] Found tracks: 0
[3207:its-tracker]: [07:44:47][INFO] ROframe: 19, clusters loaded : 27800
[3207:its-tracker]:  - Vertexer initialisation completed in: 1.53315 ms
[3207:its-tracker]:  - Tracklet finding completed in: 4.36373 ms
[3207:its-tracker]:  - Adjacent tracklets validation completed in: 1.10269 ms
[3207:its-tracker]:  - Vertex finding completed in: 0.227643 ms
[3207:its-tracker]: 		Found vertex with:   1270 contributors
[3207:its-tracker]:  - Context initialisation completed in: 2.54992 ms
[3207:its-tracker]:  - Tracklet finding completed in: 12.9572 ms
[3207:its-tracker]:  - Cell finding completed in: 6.23394 ms
[3207:its-tracker]:  - Neighbour finding completed in: 1.15445 ms
[3207:its-tracker]:  - Road finding completed in: 0.44267 ms
[3207:its-tracker]:  - Track finding completed in: 18.9663 ms
[3207:its-tracker]:  - Vertex processing completed in: 42.3045ms
[3207:its-tracker]:  - Context initialisation completed in: 0.387798 ms
[3207:its-tracker]:  - Tracklet finding completed in: 8.01326 ms
[3207:its-tracker]:  - Cell finding completed in: 1.91333 ms
[3207:its-tracker]:  - Neighbour finding completed in: 0.250992 ms
[3207:its-tracker]:  - Road finding completed in: 0.002338 ms
[3207:its-tracker]:  - Track finding completed in: 0.000511 ms
[3207:its-tracker]:  - Vertex processing completed in: 10.5682ms
[3207:its-tracker]: [07:44:47][INFO] Found tracks: 1141
[3207:its-tracker]: [07:44:47][INFO] ROframe: 20, clusters loaded : 37109
[3207:its-tracker]:  - Vertexer initialisation completed in: 2.22844 ms
[3207:its-tracker]:  - Tracklet finding completed in: 8.77648 ms
[3207:its-tracker]:  - Adjacent tracklets validation completed in: 2.7981 ms
[3207:its-tracker]:  - Vertex finding completed in: 0.349802 ms
[3207:its-tracker]: 		Found vertex with:   2024 contributors
[3207:its-tracker]:  - Context initialisation completed in: 3.01984 ms
[3207:its-tracker]:  - Tracklet finding completed in: 19.3318 ms
[3207:its-tracker]:  - Cell finding completed in: 10.0838 ms
[3207:its-tracker]:  - Neighbour finding completed in: 1.55733 ms
[3207:its-tracker]:  - Road finding completed in: 0.392985 ms
[3207:its-tracker]:  - Track finding completed in: 28.3664 ms
[3207:its-tracker]:  - Vertex processing completed in: 62.7522ms
[3207:its-tracker]:  - Context initialisation completed in: 0.590465 ms
[3207:its-tracker]:  - Tracklet finding completed in: 12.4953 ms
[3207:its-tracker]:  - Cell finding completed in: 3.44294 ms
[3207:its-tracker]:  - Neighbour finding completed in: 0.374308 ms
[3207:its-tracker]:  - Road finding completed in: 0.00256 ms
[3207:its-tracker]:  - Track finding completed in: 0.000613 ms
[3207:its-tracker]:  - Vertex processing completed in: 16.9062ms
[3207:its-tracker]: [07:44:47][INFO] Found tracks: 1595
[3207:its-tracker]: [07:44:47][INFO] ROframe: 21, clusters loaded : 22384
[3207:its-tracker]:  - Vertexer initialisation completed in: 1.41059 ms
[3207:its-tracker]:  - Tracklet finding completed in: 3.7823 ms
[3207:its-tracker]:  - Adjacent tracklets validation completed in: 0.830213 ms
[3207:its-tracker]:  - Vertex finding completed in: 0.025665 ms
[3207:its-tracker]: 		Found vertex with:     89 contributors
[3207:its-tracker]:  - Context initialisation completed in: 2.38972 ms
[3207:its-tracker]:  - Tracklet finding completed in: 8.153 ms
[3207:its-tracker]:  - Cell finding completed in: 1.92095 ms
[3207:its-tracker]:  - Neighbour finding completed in: 0.112258 ms
[3207:its-tracker]:  - Road finding completed in: 0.007028 ms
[3207:its-tracker]:  - Track finding completed in: 0.290496 ms
[3207:its-tracker]:  - Vertex processing completed in: 12.8735ms
[3207:its-tracker]:  - Context initialisation completed in: 0.083665 ms
[3207:its-tracker]:  - Tracklet finding completed in: 8.07452 ms
[3207:its-tracker]:  - Cell finding completed in: 1.87315 ms
[3207:its-tracker]:  - Neighbour finding completed in: 0.104213 ms
[3207:its-tracker]:  - Road finding completed in: 0.001831 ms
[3207:its-tracker]:  - Track finding completed in: 0.000569 ms
[3207:its-tracker]:  - Vertex processing completed in: 10.138ms
[3207:its-tracker]: [07:44:47][INFO] Found tracks: 10
[3207:its-tracker]: [07:44:47][INFO] ROframe: 22, clusters loaded : 8973
[3207:its-tracker]:  - Vertexer initialisation completed in: 0.551041 ms
[3207:its-tracker]:  - Tracklet finding completed in: 0.519849 ms
[3207:its-tracker]:  - Adjacent tracklets validation completed in: 0.097175 ms
[3207:its-tracker]:  - Vertex finding completed in: 0.073188 ms
[3207:its-tracker]: 		Found vertex with:    351 contributors
[3207:its-tracker]:  - Context initialisation completed in: 1.73425 ms
[3207:its-tracker]:  - Tracklet finding completed in: 2.21392 ms
[3207:its-tracker]:  - Cell finding completed in: 0.611857 ms
[3207:its-tracker]:  - Neighbour finding completed in: 0.263785 ms
[3207:its-tracker]:  - Road finding completed in: 0.0884 ms
[3207:its-tracker]:  - Track finding completed in: 5.56946 ms
[3207:its-tracker]:  - Vertex processing completed in: 10.4817ms
[3207:its-tracker]:  - Context initialisation completed in: 0.099854 ms
[3207:its-tracker]:  - Tracklet finding completed in: 1.63533 ms
[3207:its-tracker]:  - Cell finding completed in: 0.268288 ms
[3207:its-tracker]:  - Neighbour finding completed in: 0.065091 ms
[3207:its-tracker]:  - Road finding completed in: 0.001002 ms
[3207:its-tracker]:  - Track finding completed in: 0.000386 ms
[3207:its-tracker]:  - Vertex processing completed in: 2.06995ms
[3207:its-tracker]: [07:44:47][INFO] Found tracks: 314
[3207:its-tracker]: [07:44:47][INFO] ROframe: 23, clusters loaded : 1233
[3207:its-tracker]:  - Vertexer initialisation completed in: 0.227637 ms
[3207:its-tracker]:  - Tracklet finding completed in: 0.003058 ms
[3207:its-tracker]:  - Adjacent tracklets validation completed in: 0.000741 ms
[3207:its-tracker]:  - Vertex finding completed in: 0.000808 ms
[3207:its-tracker]: [07:44:47][INFO] Found tracks: 0
[3207:its-tracker]: [07:44:47][INFO] ROframe: 24, clusters loaded : 1247
[3207:its-tracker]:  - Vertexer initialisation completed in: 0.200249 ms
[3207:its-tracker]:  - Tracklet finding completed in: 0.001504 ms
[3207:its-tracker]:  - Adjacent tracklets validation completed in: 0.000421 ms
[3207:its-tracker]:  - Vertex finding completed in: 0.000432 ms
[3207:its-tracker]: [07:44:47][INFO] Found tracks: 0
[3207:its-tracker]: [07:44:47][INFO] ROframe: 25, clusters loaded : 1246
[3207:its-tracker]:  - Vertexer initialisation completed in: 0.217192 ms
[3207:its-tracker]:  - Tracklet finding completed in: 0.001188 ms
[3207:its-tracker]:  - Adjacent tracklets validation completed in: 0.000353 ms
[3207:its-tracker]:  - Vertex finding completed in: 0.000257 ms
[3207:its-tracker]: [07:44:47][INFO] Found tracks: 0
[3207:its-tracker]: [07:44:47][INFO] ROframe: 26, clusters loaded : 1276
[3207:its-tracker]:  - Vertexer initialisation completed in: 0.218285 ms
[3207:its-tracker]:  - Tracklet finding completed in: 0.001367 ms
[3207:its-tracker]:  - Adjacent tracklets validation completed in: 0.000285 ms
[3207:its-tracker]:  - Vertex finding completed in: 0.000228 ms
[3207:its-tracker]: [07:44:47][INFO] Found tracks: 0
[3207:its-tracker]: [07:44:47][INFO] ROframe: 27, clusters loaded : 86810
[3207:its-tracker]:  - Vertexer initialisation completed in: 3.70659 ms
[3207:its-tracker]:  - Tracklet finding completed in: 25.7029 ms
[3207:its-tracker]:  - Adjacent tracklets validation completed in: 14.7783 ms
[3207:its-tracker]:  - Vertex finding completed in: 1.30341 ms
[3207:its-tracker]: 		Found vertex with:   3154 contributors
[3207:its-tracker]: 		Found vertex with:   1329 contributors
[3207:its-tracker]:  - Context initialisation completed in: 4.1024 ms
[3207:its-tracker]:  - Tracklet finding completed in: 54.4261 ms
[3207:its-tracker]:  - Cell finding completed in: 50.3801 ms
[3207:its-tracker]:  - Neighbour finding completed in: 3.86391 ms
[3207:its-tracker]:  - Road finding completed in: 1.25054 ms
[3207:its-tracker]:  - Track finding completed in: 52.1949 ms
[3207:its-tracker]:  - Vertex processing completed in: 166.218ms
[3207:its-tracker]:  - Context initialisation completed in: 1.59037 ms
[3207:its-tracker]:  - Tracklet finding completed in: 53.2453 ms
[3207:its-tracker]:  - Cell finding completed in: 25.2126 ms
[3207:its-tracker]:  - Neighbour finding completed in: 1.24844 ms
[3207:its-tracker]:  - Road finding completed in: 0.409829 ms
[3207:its-tracker]:  - Track finding completed in: 22.2347 ms
[3207:its-tracker]:  - Vertex processing completed in: 103.941ms
[3207:its-tracker]:  - Context initialisation completed in: 0.902101 ms
[3207:its-tracker]:  - Tracklet finding completed in: 47.7909 ms
[3207:its-tracker]:  - Cell finding completed in: 18.8545 ms
[3207:its-tracker]:  - Neighbour finding completed in: 0.907627 ms
[3207:its-tracker]:  - Road finding completed in: 0.004239 ms
[3207:its-tracker]:  - Track finding completed in: 0.000698 ms
[3207:its-tracker]:  - Vertex processing completed in: 68.46ms
[3207:its-tracker]:  - Context initialisation completed in: 0.739126 ms
[3207:its-tracker]:  - Tracklet finding completed in: 46.352 ms
[3207:its-tracker]:  - Cell finding completed in: 15.5838 ms
[3207:its-tracker]:  - Neighbour finding completed in: 0.452577 ms
[3207:its-tracker]:  - Road finding completed in: 0.002222 ms
[3207:its-tracker]:  - Track finding completed in: 0.000863 ms
[3207:its-tracker]:  - Vertex processing completed in: 63.1306ms
[3207:its-tracker]: [07:44:48][INFO] Found tracks: 3986
[3207:its-tracker]: [07:44:48][INFO] ROframe: 28, clusters loaded : 14270
[3207:its-tracker]:  - Vertexer initialisation completed in: 0.894566 ms
[3207:its-tracker]:  - Tracklet finding completed in: 1.54044 ms
[3207:its-tracker]:  - Adjacent tracklets validation completed in: 0.308329 ms
[3207:its-tracker]:  - Vertex finding completed in: 0.134789 ms
[3207:its-tracker]: 		Found vertex with:    724 contributors
[3207:its-tracker]:  - Context initialisation completed in: 2.18174 ms
[3207:its-tracker]:  - Tracklet finding completed in: 4.84313 ms
[3207:its-tracker]:  - Cell finding completed in: 1.55367 ms
[3207:its-tracker]:  - Neighbour finding completed in: 0.524201 ms
[3207:its-tracker]:  - Road finding completed in: 0.205988 ms
[3207:its-tracker]:  - Track finding completed in: 9.48038 ms
[3207:its-tracker]:  - Vertex processing completed in: 18.7891ms
[3207:its-tracker]:  - Context initialisation completed in: 0.191805 ms
[3207:its-tracker]:  - Tracklet finding completed in: 3.34115 ms
[3207:its-tracker]:  - Cell finding completed in: 0.596013 ms
[3207:its-tracker]:  - Neighbour finding completed in: 0.119021 ms
[3207:its-tracker]:  - Road finding completed in: 0.001251 ms
[3207:its-tracker]:  - Track finding completed in: 0.0005 ms
[3207:its-tracker]:  - Vertex processing completed in: 4.24974ms
[3207:its-tracker]: [07:44:48][INFO] Found tracks: 562
[3207:its-tracker]: [07:44:48][INFO] ROframe: 29, clusters loaded : 4771
[3207:its-tracker]:  - Vertexer initialisation completed in: 0.393521 ms
[3207:its-tracker]:  - Tracklet finding completed in: 0.190376 ms
[3207:its-tracker]:  - Adjacent tracklets validation completed in: 0.02438 ms
[3207:its-tracker]:  - Vertex finding completed in: 0.000938 ms
[3207:its-tracker]: [07:44:48][INFO] Found tracks: 0
[3207:its-tracker]: [07:44:48][INFO] ROframe: 30, clusters loaded : 40141
[3207:its-tracker]:  - Vertexer initialisation completed in: 2.47284 ms
[3207:its-tracker]:  - Tracklet finding completed in: 10.4253 ms
[3207:its-tracker]:  - Adjacent tracklets validation completed in: 3.68187 ms
[3207:its-tracker]:  - Vertex finding completed in: 0.661217 ms
[3207:its-tracker]: 		Found vertex with:   1647 contributors
[3207:its-tracker]: 		Found vertex with:    343 contributors
[3207:its-tracker]: 		Found vertex with:     62 contributors
[3207:its-tracker]: 		Found vertex with:     53 contributors
[3207:its-tracker]:  - Context initialisation completed in: 3.12184 ms
[3207:its-tracker]:  - Tracklet finding completed in: 22.4146 ms
[3207:its-tracker]:  - Cell finding completed in: 11.1191 ms
[3207:its-tracker]:  - Neighbour finding completed in: 1.5029 ms
[3207:its-tracker]:  - Road finding completed in: 0.554076 ms
[3207:its-tracker]:  - Track finding completed in: 24.3256 ms
[3207:its-tracker]:  - Vertex processing completed in: 63.0381ms
[3207:its-tracker]:  - Context initialisation completed in: 0.457329 ms
[3207:its-tracker]:  - Tracklet finding completed in: 11.8255 ms
[3207:its-tracker]:  - Cell finding completed in: 2.56596 ms
[3207:its-tracker]:  - Neighbour finding completed in: 0.194747 ms
[3207:its-tracker]:  - Road finding completed in: 0.039808 ms
[3207:its-tracker]:  - Track finding completed in: 3.26962 ms
[3207:its-tracker]:  - Vertex processing completed in: 18.353ms
[3207:its-tracker]:  - Context initialisation completed in: 0.149645 ms
[3207:its-tracker]:  - Tracklet finding completed in: 10.4744 ms
[3207:its-tracker]:  - Cell finding completed in: 1.69481 ms
[3207:its-tracker]:  - Neighbour finding completed in: 0.037634 ms
[3207:its-tracker]:  - Road finding completed in: 0.009857 ms
[3207:its-tracker]:  - Track finding completed in: 0.749833 ms
[3207:its-tracker]:  - Vertex processing completed in: 13.1162ms
[3207:its-tracker]:  - Context initialisation completed in: 0.100252 ms
[3207:its-tracker]:  - Tracklet finding completed in: 10.3013 ms
[3207:its-tracker]:  - Cell finding completed in: 1.5357 ms
[3207:its-tracker]:  - Neighbour finding completed in: 0.03784 ms
[3207:its-tracker]:  - Road finding completed in: 0.008625 ms
[3207:its-tracker]:  - Track finding completed in: 0.589696 ms
[3207:its-tracker]:  - Vertex processing completed in: 12.5734ms
[3207:its-tracker]:  - Context initialisation completed in: 0.098618 ms
[3207:its-tracker]:  - Tracklet finding completed in: 10.3272 ms
[3207:its-tracker]:  - Cell finding completed in: 2.63078 ms
[3207:its-tracker]:  - Neighbour finding completed in: 0.226666 ms
[3207:its-tracker]:  - Road finding completed in: 0.001705 ms
[3207:its-tracker]:  - Track finding completed in: 0.000425 ms
[3207:its-tracker]:  - Vertex processing completed in: 13.2854ms
[3207:its-tracker]:  - Context initialisation completed in: 0.153413 ms
[3207:its-tracker]:  - Tracklet finding completed in: 10.2323 ms
[3207:its-tracker]:  - Cell finding completed in: 1.65048 ms
[3207:its-tracker]:  - Neighbour finding completed in: 0.059407 ms
[3207:its-tracker]:  - Road finding completed in: 0.00054 ms
[3207:its-tracker]:  - Track finding completed in: 0.000398 ms
[3207:its-tracker]:  - Vertex processing completed in: 12.0965ms
[3207:its-tracker]:  - Context initialisation completed in: 0.112053 ms
[3207:its-tracker]:  - Tracklet finding completed in: 10.0131 ms
[3207:its-tracker]:  - Cell finding completed in: 1.50183 ms
[3207:its-tracker]:  - Neighbour finding completed in: 0.016892 ms
[3207:its-tracker]:  - Road finding completed in: 0.000429 ms
[3207:its-tracker]:  - Track finding completed in: 0.000499 ms
[3207:its-tracker]:  - Vertex processing completed in: 11.6448ms
[3207:its-tracker]:  - Context initialisation completed in: 0.089591 ms
[3207:its-tracker]:  - Tracklet finding completed in: 9.98214 ms
[3207:its-tracker]:  - Cell finding completed in: 1.43007 ms
[3207:its-tracker]:  - Neighbour finding completed in: 0.018625 ms
[3207:its-tracker]:  - Road finding completed in: 0.000326 ms
[3207:its-tracker]:  - Track finding completed in: 0.000445 ms
[3207:its-tracker]:  - Vertex processing completed in: 11.5212ms
[3207:its-tracker]: [07:44:48][INFO] Found tracks: 1730
[3207:its-tracker]: [07:44:48][INFO] ROframe: 31, clusters loaded : 1295
[3207:its-tracker]:  - Vertexer initialisation completed in: 0.128327 ms
[3207:its-tracker]:  - Tracklet finding completed in: 0.002135 ms
[3207:its-tracker]:  - Adjacent tracklets validation completed in: 0.000556 ms
[3207:its-tracker]:  - Vertex finding completed in: 0.000853 ms
[3207:its-tracker]: [07:44:48][INFO] Found tracks: 0
[3207:its-tracker]: [07:44:48][INFO] ROframe: 32, clusters loaded : 21112
[3207:its-tracker]:  - Vertexer initialisation completed in: 0.864176 ms
[3207:its-tracker]:  - Tracklet finding completed in: 1.76234 ms
[3207:its-tracker]:  - Adjacent tracklets validation completed in: 0.370154 ms
[3207:its-tracker]:  - Vertex finding completed in: 0.185807 ms
[3207:its-tracker]: 		Found vertex with:   1023 contributors
[3207:its-tracker]:  - Context initialisation completed in: 1.60869 ms
[3207:its-tracker]:  - Tracklet finding completed in: 6.00294 ms
[3207:its-tracker]:  - Cell finding completed in: 2.46406 ms
[3207:its-tracker]:  - Neighbour finding completed in: 0.466793 ms
[3207:its-tracker]:  - Road finding completed in: 0.113782 ms
[3207:its-tracker]:  - Track finding completed in: 8.89716 ms
[3207:its-tracker]:  - Vertex processing completed in: 19.5534ms
[3207:its-tracker]:  - Context initialisation completed in: 0.198713 ms
[3207:its-tracker]:  - Tracklet finding completed in: 5.44085 ms
[3207:its-tracker]:  - Cell finding completed in: 1.2169 ms
[3207:its-tracker]:  - Neighbour finding completed in: 0.197693 ms
[3207:its-tracker]:  - Road finding completed in: 0.001752 ms
[3207:its-tracker]:  - Track finding completed in: 0.000754 ms
[3207:its-tracker]:  - Vertex processing completed in: 7.05667ms
[3207:its-tracker]: [07:44:48][INFO] Found tracks: 887
[3207:its-tracker]: [07:44:48][INFO] ROframe: 33, clusters loaded : 1284
[3207:its-tracker]:  - Vertexer initialisation completed in: 0.241311 ms
[3207:its-tracker]:  - Tracklet finding completed in: 0.002733 ms
[3207:its-tracker]:  - Adjacent tracklets validation completed in: 0.00072 ms
[3207:its-tracker]:  - Vertex finding completed in: 0.001091 ms
[3207:its-tracker]: [07:44:48][INFO] Found tracks: 0
[3207:its-tracker]: [07:44:48][INFO] ROframe: 34, clusters loaded : 1280
[3207:its-tracker]:  - Vertexer initialisation completed in: 0.215551 ms
[3207:its-tracker]:  - Tracklet finding completed in: 0.00161 ms
[3207:its-tracker]:  - Adjacent tracklets validation completed in: 0.00026 ms
[3207:its-tracker]:  - Vertex finding completed in: 0.000162 ms
[3207:its-tracker]: [07:44:48][INFO] Found tracks: 0
[3207:its-tracker]: [07:44:48][INFO] ROframe: 35, clusters loaded : 1248
[3207:its-tracker]:  - Vertexer initialisation completed in: 0.225969 ms
[3207:its-tracker]:  - Tracklet finding completed in: 0.001205 ms
[3207:its-tracker]:  - Adjacent tracklets validation completed in: 0.000305 ms
[3207:its-tracker]:  - Vertex finding completed in: 0.000261 ms
[3207:its-tracker]: [07:44:48][INFO] Found tracks: 0
[3207:its-tracker]: [07:44:48][INFO] ROframe: 36, clusters loaded : 69237
[3207:its-tracker]:  - Vertexer initialisation completed in: 4.12649 ms
[3207:its-tracker]:  - Tracklet finding completed in: 29.2509 ms
[3207:its-tracker]:  - Adjacent tracklets validation completed in: 14.8012 ms
[3207:its-tracker]:  - Vertex finding completed in: 1.02566 ms
[3207:its-tracker]: 		Found vertex with:   3292 contributors
[3207:its-tracker]: 		Found vertex with:    233 contributors
[3207:its-tracker]:  - Context initialisation completed in: 4.53334 ms
[3207:its-tracker]:  - Tracklet finding completed in: 54.1047 ms
[3207:its-tracker]:  - Cell finding completed in: 40.8107 ms
[3207:its-tracker]:  - Neighbour finding completed in: 3.66814 ms
[3207:its-tracker]:  - Road finding completed in: 1.57808 ms
[3207:its-tracker]:  - Track finding completed in: 36.4111 ms
[3207:its-tracker]:  - Vertex processing completed in: 141.106ms
[3207:its-tracker]:  - Context initialisation completed in: 0.968455 ms
[3207:its-tracker]:  - Tracklet finding completed in: 25.951 ms
[3207:its-tracker]:  - Cell finding completed in: 7.67259 ms
[3207:its-tracker]:  - Neighbour finding completed in: 0.277021 ms
[3207:its-tracker]:  - Road finding completed in: 0.065355 ms
[3207:its-tracker]:  - Track finding completed in: 4.80113 ms
[3207:its-tracker]:  - Vertex processing completed in: 39.7356ms
[3207:its-tracker]:  - Context initialisation completed in: 0.417085 ms
[3207:its-tracker]:  - Tracklet finding completed in: 25.9737 ms
[3207:its-tracker]:  - Cell finding completed in: 11.028 ms
[3207:its-tracker]:  - Neighbour finding completed in: 0.972639 ms
[3207:its-tracker]:  - Road finding completed in: 0.004677 ms
[3207:its-tracker]:  - Track finding completed in: 0.000618 ms
[3207:its-tracker]:  - Vertex processing completed in: 38.3967ms
[3207:its-tracker]:  - Context initialisation completed in: 0.557454 ms
[3207:its-tracker]:  - Tracklet finding completed in: 32.3841 ms
[3207:its-tracker]:  - Cell finding completed in: 6.94552 ms
[3207:its-tracker]:  - Neighbour finding completed in: 0.092372 ms
[3207:its-tracker]:  - Road finding completed in: 0.000998 ms
[3207:its-tracker]:  - Track finding completed in: 0.000584 ms
[3207:its-tracker]:  - Vertex processing completed in: 39.981ms
[3207:its-tracker]: [07:44:48][INFO] Found tracks: 3153
[3207:its-tracker]: [07:44:48][INFO] ROframe: 37, clusters loaded : 2488
[3207:its-tracker]:  - Vertexer initialisation completed in: 0.252247 ms
[3207:its-tracker]:  - Tracklet finding completed in: 0.054625 ms
[3207:its-tracker]:  - Adjacent tracklets validation completed in: 0.010813 ms
[3207:its-tracker]:  - Vertex finding completed in: 0.014605 ms
[3207:its-tracker]: 		Found vertex with:     45 contributors
[3207:its-tracker]:  - Context initialisation completed in: 1.39071 ms
[3207:its-tracker]:  - Tracklet finding completed in: 0.400505 ms
[3207:its-tracker]:  - Cell finding completed in: 0.066875 ms
[3207:its-tracker]:  - Neighbour finding completed in: 0.032876 ms
[3207:its-tracker]:  - Road finding completed in: 0.014748 ms
[3207:its-tracker]:  - Track finding completed in: 0.612253 ms
[3207:its-tracker]:  - Vertex processing completed in: 2.51797ms
[3207:its-tracker]:  - Context initialisation completed in: 0.016079 ms
[3207:its-tracker]:  - Tracklet finding completed in: 0.312138 ms
[3207:its-tracker]:  - Cell finding completed in: 0.035071 ms
[3207:its-tracker]:  - Neighbour finding completed in: 0.013348 ms
[3207:its-tracker]:  - Road finding completed in: 0.000303 ms
[3207:its-tracker]:  - Track finding completed in: 0.000239 ms
[3207:its-tracker]:  - Vertex processing completed in: 0.377178ms
[3207:its-tracker]: [07:44:48][INFO] Found tracks: 42
[3207:its-tracker]: [07:44:48][INFO] ROframe: 38, clusters loaded : 1280
[3207:its-tracker]:  - Vertexer initialisation completed in: 0.214848 ms
[3207:its-tracker]:  - Tracklet finding completed in: 0.002163 ms
[3207:its-tracker]:  - Adjacent tracklets validation completed in: 0.000595 ms
[3207:its-tracker]:  - Vertex finding completed in: 0.000686 ms
[3207:its-tracker]: [07:44:48][INFO] Found tracks: 0
[3207:its-tracker]: [07:44:48][INFO] ROframe: 39, clusters loaded : 1279
[3207:its-tracker]:  - Vertexer initialisation completed in: 0.210676 ms
[3207:its-tracker]:  - Tracklet finding completed in: 0.00174 ms
[3207:its-tracker]:  - Adjacent tracklets validation completed in: 0.000444 ms
[3207:its-tracker]:  - Vertex finding completed in: 0.000467 ms
[3207:its-tracker]: [07:44:48][INFO] Found tracks: 0
[3207:its-tracker]: [07:44:48][INFO] ITSTracker pushed 17056 tracks
[3207:its-tracker]: [07:44:48][INFO] ITS CA-Tracker total timing: Cpu: 2.020e+00 Real: 2.028e+00 s in 1 slots
[3208:its-track-writer]: [07:44:49][INFO] ITSTrackWriter pulled 17056 tracks, in 40 RO frames
[INFO] Quitting
[INFO] QUIT_REQUESTED
[3204:its-digit-reader]: [07:44:49][INFO] Received device shutdown request (signal 15).
[3204:its-digit-reader]: [07:44:49][INFO] Waiting for graceful device shutdown. Hit Ctrl-C again to abort immediately.
[3206:its-cluster-writer]: [07:44:49][INFO] Received device shutdown request (signal 15).
[3206:its-cluster-writer]: [07:44:49][INFO] Waiting for graceful device shutdown. Hit Ctrl-C again to abort immediately.
[3208:its-track-writer]: [07:44:49][INFO] Received device shutdown request (signal 15).
[3208:its-track-writer]: [07:44:49][INFO] Waiting for graceful device shutdown. Hit Ctrl-C again to abort immediately.
[3204:its-digit-reader]: [07:44:49][STATE] RUNNING ---> READY
[3204:its-digit-reader]: [07:44:49][STATE] READY ---> RESETTING TASK
[3204:its-digit-reader]: [07:44:49][STATE] RESETTING TASK ---> DEVICE READY
[3204:its-digit-reader]: [07:44:49][STATE] DEVICE READY ---> RESETTING DEVICE
[3204:its-digit-reader]: [07:44:49][STATE] RESETTING DEVICE ---> IDLE
[3204:its-digit-reader]: [07:44:49][STATE] IDLE ---> EXITING
[3204:its-digit-reader]: [07:44:49][STATE] Exiting FairMQ state machine
[3205:its-clusterer]: [07:44:49][INFO] Received device shutdown request (signal 15).
[3205:its-clusterer]: [07:44:49][INFO] Waiting for graceful device shutdown. Hit Ctrl-C again to abort immediately.
[3207:its-tracker]: [07:44:49][INFO] Received device shutdown request (signal 15).
[3207:its-tracker]: [07:44:49][INFO] Waiting for graceful device shutdown. Hit Ctrl-C again to abort immediately.
[3203:internal-dpl-clock]: [07:44:49][INFO] Received device shutdown request (signal 15).
[3203:internal-dpl-clock]: [07:44:49][INFO] Waiting for graceful device shutdown. Hit Ctrl-C again to abort immediately.
[3203:internal-dpl-clock]: [07:44:49][STATE] RUNNING ---> READY
[3205:its-clusterer]: [07:44:49][STATE] RUNNING ---> READY
[3207:its-tracker]: [07:44:49][STATE] RUNNING ---> READY
[3205:its-clusterer]: [07:44:49][STATE] READY ---> RESETTING TASK
[3205:its-clusterer]: [07:44:49][STATE] RESETTING TASK ---> DEVICE READY
[3205:its-clusterer]: [07:44:49][STATE] DEVICE READY ---> RESETTING DEVICE
[3207:its-tracker]: [07:44:49][STATE] READY ---> RESETTING TASK
[3207:its-tracker]: [07:44:49][STATE] RESETTING TASK ---> DEVICE READY
[3207:its-tracker]: [07:44:49][STATE] DEVICE READY ---> RESETTING DEVICE
[3203:internal-dpl-clock]: [07:44:49][STATE] READY ---> RESETTING TASK
[3203:internal-dpl-clock]: [07:44:49][STATE] RESETTING TASK ---> DEVICE READY
[3203:internal-dpl-clock]: [07:44:49][STATE] DEVICE READY ---> RESETTING DEVICE
[3203:internal-dpl-clock]: [07:44:49][STATE] RESETTING DEVICE ---> IDLE
[3207:its-tracker]: [07:44:49][STATE] RESETTING DEVICE ---> IDLE
[3203:internal-dpl-clock]: [07:44:49][STATE] IDLE ---> EXITING
[3203:internal-dpl-clock]: [07:44:49][STATE] Exiting FairMQ state machine
[3207:its-tracker]: [07:44:49][STATE] IDLE ---> EXITING
[3207:its-tracker]: [07:44:49][STATE] Exiting FairMQ state machine
[3205:its-clusterer]: [07:44:49][STATE] RESETTING DEVICE ---> IDLE
[3205:its-clusterer]: [07:44:49][STATE] IDLE ---> EXITING
[3205:its-clusterer]: [07:44:49][STATE] Exiting FairMQ state machine
[3206:its-cluster-writer]: [07:44:50][STATE] RUNNING ---> READY
[3206:its-cluster-writer]: [07:44:50][STATE] READY ---> RESETTING TASK
[3206:its-cluster-writer]: [07:44:50][STATE] RESETTING TASK ---> DEVICE READY
[3208:its-track-writer]: [07:44:50][STATE] RUNNING ---> READY
[3208:its-track-writer]: [07:44:50][STATE] READY ---> RESETTING TASK
[3208:its-track-writer]: [07:44:50][STATE] RESETTING TASK ---> DEVICE READY
[3208:its-track-writer]: [07:44:50][STATE] DEVICE READY ---> RESETTING DEVICE
[3206:its-cluster-writer]: [07:44:50][STATE] DEVICE READY ---> RESETTING DEVICE
[3206:its-cluster-writer]: Cleaning up for shared memory id 'b672486d'...
[3206:its-cluster-writer]: No region counter found. No regions to cleanup.
[3206:its-cluster-writer]: Successfully removed 'fmq_b672486d_m_0'.
[3206:its-cluster-writer]: Successfully removed 'fmq_b672486d_mng'.
[3208:its-track-writer]: [07:44:50][STATE] RESETTING DEVICE ---> IDLE
[3206:its-cluster-writer]: Successfully removed 'fmq_b672486d_mtx'.
[3206:its-cluster-writer]: Successfully removed 'fmq_b672486d_cv'.
[3208:its-track-writer]: [07:44:50][STATE] IDLE ---> EXITING
[3208:its-track-writer]: [07:44:50][STATE] Exiting FairMQ state machine
[3206:its-cluster-writer]: [07:44:50][STATE] RESETTING DEVICE ---> IDLE
[3206:its-cluster-writer]: [07:44:50][STATE] IDLE ---> EXITING
[3206:its-cluster-writer]: [07:44:50][STATE] Exiting FairMQ state machine
[INFO] Dumping used configuration in dpl-config.json
