===============================
execute this script as follows:
./generate_its.sh system region nevents
where:
system = 1 -> pp
       = 2 -> Pb-Pb
region = 1 -> ITS only
       = 2 -> whole detector
===============================
will generate Pb-Pb events
will transport events in the ITS only
Will generate: 20 events
Moving to /eos/user/f/ftorales/its_data/alignment/lbnl_alice_alignment_tasks/2284183/4
/eos/user/f/ftorales/its_data/alignment/lbnl_alice_alignment_tasks/2284183/4

==============================================================================================
1. MC generation run
[INFO] Running with 6 sim workers 
[INFO] CREATING SIM SHARED MEM SEGMENT FOR 6 WORKERS
Spawning particle server on PID 996; Redirect output to o2sim_serverlog
Spawning sim worker 0 on PID 998; Redirect output to o2sim_workerlog0
Spawning hit merger on PID 999; Redirect output to o2sim_mergerlog
[INFO] DISTRIBUTING EVENT : 1
[INFO] EVENT FINISHED : 1
[INFO] DISTRIBUTING EVENT : 2
[INFO] DISTRIBUTING EVENT : 3
[INFO] DISTRIBUTING EVENT : 4
[INFO] EVENT FINISHED : 2
[INFO] EVENT FINISHED : 3
[INFO] EVENT FINISHED : 4
[INFO] DISTRIBUTING EVENT : 5
[INFO] EVENT FINISHED : 5
[INFO] DISTRIBUTING EVENT : 6
[INFO] EVENT FINISHED : 6
[INFO] DISTRIBUTING EVENT : 7
[INFO] EVENT FINISHED : 7
[INFO] DISTRIBUTING EVENT : 8
[INFO] EVENT FINISHED : 8
[INFO] DISTRIBUTING EVENT : 9
[INFO] EVENT FINISHED : 9
[INFO] DISTRIBUTING EVENT : 10
[INFO] EVENT FINISHED : 10
[INFO] DISTRIBUTING EVENT : 11
[INFO] EVENT FINISHED : 11
[INFO] DISTRIBUTING EVENT : 12
[INFO] DISTRIBUTING EVENT : 13
[INFO] EVENT FINISHED : 13
[INFO] EVENT FINISHED : 12
[INFO] DISTRIBUTING EVENT : 14
[INFO] EVENT FINISHED : 14
[INFO] DISTRIBUTING EVENT : 15
[INFO] EVENT FINISHED : 15
[INFO] DISTRIBUTING EVENT : 16
[INFO] EVENT FINISHED : 16
[INFO] DISTRIBUTING EVENT : 17
[INFO] EVENT FINISHED : 17
[INFO] DISTRIBUTING EVENT : 18
[INFO] EVENT FINISHED : 18
[INFO] DISTRIBUTING EVENT : 19
[INFO] EVENT FINISHED : 19
[INFO] DISTRIBUTING EVENT : 20
[INFO] EVENT FINISHED : 20
[INFO] Merger process 999 returned
[INFO] Simulation process took 170.792 s
[INFO] SIMULATION RETURNED SUCCESFULLY

==============================================================================================
2. Hits to digits conversion
Run: 1621488971
Fill:      0
Period: 
LHC State: 
Start: Thu May 20 07:36:14 2021
End  : Thu May 20 07:36:14 2021
Beam0: Z:A =   0:  0, Energy = 0.000
Beam1: Z:A =   0:  0, Energy = 0.000
sqrt[s]    = 0.000
crossing angle (radian) = 0.000000e+00
magnet currents (A) L3 = -30000.000, Dipole = -6000
Detectors: Cont.RO Triggers
      ITS:    -       -    
[INFO] MC-TRUTH 1
[INFO] TPC: GEM setup - initialization from scratch
[INFO] TPC: GEM setup (polya) took 10.5
[INFO] TPC is in grp? no; is skipped? no
[INFO] ITS is in grp? yes; is skipped? no
[INFO] MFT is in grp? no; is skipped? no
[INFO] TOF is in grp? no; is skipped? no
[INFO] FT0 is in grp? no; is skipped? no
[INFO] FV0 is in grp? no; is skipped? no
[INFO] EMC is in grp? no; is skipped? no
[INFO] HMP is in grp? no; is skipped? no
[INFO] ZDC is in grp? no; is skipped? no
[INFO] TRD is in grp? no; is skipped? no
[INFO] MCH is in grp? no; is skipped? no
[INFO] MID is in grp? no; is skipped? no
[INFO] FDD is in grp? no; is skipped? no
[INFO] PHS is in grp? no; is skipped? no
[INFO] CPV is in grp? no; is skipped? no
[INFO] Initialising O2 Data Processing Layer
[INFO] O2 Data Processing Layer initialised. We brake for nobody.
[INFO] Optimised build. O2DEBUG / LOG(DEBUG) / LOGF(DEBUG) / assert statement will not be shown.
[INFO] Redeployment of configuration asked.
[INFO] Starting internal-dpl-clock on pid 2120
[INFO] Starting SimReader on pid 2121
[INFO] Starting ITSDigitizer on pid 2122
[INFO] Starting GRPUpdater on pid 2123
[INFO] Starting ITSDigitWriter on pid 2124
[INFO] Redeployment of configuration done.
[2124:ITSDigitWriter]: [INFO] MC-TRUTH 1
[2121:SimReader]: [INFO] MC-TRUTH 1
[2122:ITSDigitizer]: [INFO] MC-TRUTH 1
[2124:ITSDigitWriter]: [INFO] Spawing new device ITSDigitWriter in process with pid 2124
[2122:ITSDigitizer]: [INFO] Spawing new device ITSDigitizer in process with pid 2122
[2121:SimReader]: [INFO] Spawing new device SimReader in process with pid 2121
[2123:GRPUpdater]: [INFO] MC-TRUTH 1
[2122:ITSDigitizer]: [07:42:11][INFO] 
[2122:ITSDigitizer]:       ______      _    _______  _________ 
[2122:ITSDigitizer]:      / ____/___ _(_)_______   |/  /_  __ \    version 1.4.29
[2122:ITSDigitizer]:     / /_  / __ `/ / ___/__  /|_/ /_  / / /    build RELWITHDEBINFO
[2122:ITSDigitizer]:    / __/ / /_/ / / /    _  /  / / / /_/ /     https://github.com/FairRootGroup/FairMQ
[2122:ITSDigitizer]:   /_/    \__,_/_/_/     /_/  /_/  \___\_\     LGPL-3.0  © 2012-2020 GSI
[2122:ITSDigitizer]: 
[2124:ITSDigitWriter]: [07:42:11][INFO] 
[2124:ITSDigitWriter]:       ______      _    _______  _________ 
[2124:ITSDigitWriter]:      / ____/___ _(_)_______   |/  /_  __ \    version 1.4.29
[2124:ITSDigitWriter]:     / /_  / __ `/ / ___/__  /|_/ /_  / / /    build RELWITHDEBINFO
[2124:ITSDigitWriter]:    / __/ / /_/ / / /    _  /  / / / /_/ /     https://github.com/FairRootGroup/FairMQ
[2124:ITSDigitWriter]:   /_/    \__,_/_/_/     /_/  /_/  \___\_\     LGPL-3.0  © 2012-2020 GSI
[2124:ITSDigitWriter]: 
[2121:SimReader]: [07:42:11][INFO] 
[2121:SimReader]:       ______      _    _______  _________ 
[2121:SimReader]:      / ____/___ _(_)_______   |/  /_  __ \    version 1.4.29
[2121:SimReader]:     / /_  / __ `/ / ___/__  /|_/ /_  / / /    build RELWITHDEBINFO
[2121:SimReader]:    / __/ / /_/ / / /    _  /  / / / /_/ /     https://github.com/FairRootGroup/FairMQ
[2121:SimReader]:   /_/    \__,_/_/_/     /_/  /_/  \___\_\     LGPL-3.0  © 2012-2020 GSI
[2121:SimReader]: 
[2122:ITSDigitizer]: [07:42:11][STATE] Starting FairMQ state machine --> IDLE
[2124:ITSDigitWriter]: [07:42:11][STATE] Starting FairMQ state machine --> IDLE
[2121:SimReader]: [07:42:11][STATE] Starting FairMQ state machine --> IDLE
[2121:SimReader]: 2021-05-20 07:42:11	Monitoring	[0;49mStdOut backend initialized[0m
[2122:ITSDigitizer]: 2021-05-20 07:42:11	Monitoring	[0;49mStdOut backend initialized[0m
[2124:ITSDigitWriter]: 2021-05-20 07:42:11	Monitoring	[0;49mStdOut backend initialized[0m
[2121:SimReader]: [07:42:11][STATE] IDLE ---> INITIALIZING DEVICE
[2122:ITSDigitizer]: [07:42:11][STATE] IDLE ---> INITIALIZING DEVICE
[2123:GRPUpdater]: [INFO] Spawing new device GRPUpdater in process with pid 2123
[2124:ITSDigitWriter]: [07:42:11][STATE] IDLE ---> INITIALIZING DEVICE
[2120:internal-dpl-clock]: [INFO] MC-TRUTH 1
[2120:internal-dpl-clock]: [INFO] Spawing new device internal-dpl-clock in process with pid 2120
[2120:internal-dpl-clock]: [07:42:11][INFO] 
[2120:internal-dpl-clock]:       ______      _    _______  _________ 
[2120:internal-dpl-clock]:      / ____/___ _(_)_______   |/  /_  __ \    version 1.4.29
[2120:internal-dpl-clock]:     / /_  / __ `/ / ___/__  /|_/ /_  / / /    build RELWITHDEBINFO
[2120:internal-dpl-clock]:    / __/ / /_/ / / /    _  /  / / / /_/ /     https://github.com/FairRootGroup/FairMQ
[2120:internal-dpl-clock]:   /_/    \__,_/_/_/     /_/  /_/  \___\_\     LGPL-3.0  © 2012-2020 GSI
[2120:internal-dpl-clock]: 
[2120:internal-dpl-clock]: [07:42:11][STATE] Starting FairMQ state machine --> IDLE
[2120:internal-dpl-clock]: 2021-05-20 07:42:11	Monitoring	[0;49mStdOut backend initialized[0m
[2120:internal-dpl-clock]: [07:42:11][STATE] IDLE ---> INITIALIZING DEVICE
[2120:internal-dpl-clock]: 2021-05-20 07:42:11	Monitoring	[0;49mBuffering enabled (100)[0m
[2120:internal-dpl-clock]: [07:42:11][STATE] INITIALIZING DEVICE ---> INITIALIZED
[2120:internal-dpl-clock]: [07:42:11][STATE] INITIALIZED ---> BINDING
[2120:internal-dpl-clock]: [07:42:11][STATE] BINDING ---> BOUND
[2120:internal-dpl-clock]: [07:42:11][STATE] BOUND ---> CONNECTING
[2120:internal-dpl-clock]: [07:42:11][STATE] CONNECTING ---> DEVICE READY
[2120:internal-dpl-clock]: [07:42:11][STATE] DEVICE READY ---> INITIALIZING TASK
[2120:internal-dpl-clock]: [07:42:11][STATE] INITIALIZING TASK ---> READY
[2120:internal-dpl-clock]: [07:42:11][STATE] READY ---> RUNNING
[2120:internal-dpl-clock]: [07:42:11][INFO] DEVICE: Running...
[2121:SimReader]: 2021-05-20 07:42:11	Monitoring	[0;49mBuffering enabled (100)[0m
[2121:SimReader]: [07:42:11][INFO] adding o2sim
[2121:SimReader]: 
[2121:SimReader]: [07:42:11][INFO] INCONTEXTSTRING 
[2121:SimReader]: [07:42:11][INFO] Imposing hadronic interaction rate 50000Hz
[2121:SimReader]: [07:42:11][WARN] No bunch filling provided, impose default one
[2121:SimReader]: [07:42:11][INFO] Deducing mu=0.00771915 per BC from IR=50000 with 576 BCs
[2121:SimReader]: [07:42:11][INFO] InteractionSampler with 576 colliding BCs, mu(BC)= 0.00771915 -> total IR= 50000
[2121:SimReader]: [07:42:11][INFO] Current BCid:    0 Orbit:      1 |T in BC(ns): 0.000(0 coll left)
[2121:SimReader]: [07:42:11][INFO] setting up 1 chains
[2122:ITSDigitizer]: 2021-05-20 07:42:11	Monitoring	[0;49mBuffering enabled (100)[0m
[2122:ITSDigitizer]: [07:42:11][INFO] Initializing geometry service
[2122:ITSDigitizer]: [07:42:11][INFO] Loading geometry FAIRGeom from o2sim_geometry.root
[2123:GRPUpdater]: [07:42:11][INFO] 
[2123:GRPUpdater]:       ______      _    _______  _________ 
[2123:GRPUpdater]:      / ____/___ _(_)_______   |/  /_  __ \    version 1.4.29
[2123:GRPUpdater]:     / /_  / __ `/ / ___/__  /|_/ /_  / / /    build RELWITHDEBINFO
[2123:GRPUpdater]:    / __/ / /_/ / / /    _  /  / / / /_/ /     https://github.com/FairRootGroup/FairMQ
[2123:GRPUpdater]:   /_/    \__,_/_/_/     /_/  /_/  \___\_\     LGPL-3.0  © 2012-2020 GSI
[2123:GRPUpdater]: 
[2123:GRPUpdater]: [07:42:11][STATE] Starting FairMQ state machine --> IDLE
[2123:GRPUpdater]: 2021-05-20 07:42:11	Monitoring	[0;49mStdOut backend initialized[0m
[2123:GRPUpdater]: [07:42:11][STATE] IDLE ---> INITIALIZING DEVICE
[2123:GRPUpdater]: 2021-05-20 07:42:11	Monitoring	[0;49mBuffering enabled (100)[0m
[2123:GRPUpdater]: [07:42:11][STATE] INITIALIZING DEVICE ---> INITIALIZED
[2123:GRPUpdater]: [07:42:11][STATE] INITIALIZED ---> BINDING
[2123:GRPUpdater]: [07:42:11][STATE] BINDING ---> BOUND
[2123:GRPUpdater]: [07:42:11][STATE] BOUND ---> CONNECTING
[2123:GRPUpdater]: [07:42:11][STATE] CONNECTING ---> DEVICE READY
[2123:GRPUpdater]: [07:42:11][STATE] DEVICE READY ---> INITIALIZING TASK
[2123:GRPUpdater]: [07:42:11][STATE] INITIALIZING TASK ---> READY
[2123:GRPUpdater]: [07:42:11][STATE] READY ---> RUNNING
[2123:GRPUpdater]: [07:42:11][INFO] DEVICE: Running...
[2124:ITSDigitWriter]: 2021-05-20 07:42:11	Monitoring	[0;49mBuffering enabled (100)[0m
[2124:ITSDigitWriter]: [07:42:11][INFO] 0: branch  ITSDigitMCTruth set up
[2124:ITSDigitWriter]: [07:42:11][INFO] 1: branch  ITSDigitMC2ROF set up
[2124:ITSDigitWriter]: [07:42:11][INFO] 2: branch  ITSDigit set up
[2124:ITSDigitWriter]: [07:42:11][INFO] 3: branch  ITSDigitROF set up
[2124:ITSDigitWriter]: [07:42:11][STATE] INITIALIZING DEVICE ---> INITIALIZED
[2124:ITSDigitWriter]: [07:42:11][STATE] INITIALIZED ---> BINDING
[2124:ITSDigitWriter]: [07:42:11][STATE] BINDING ---> BOUND
[2124:ITSDigitWriter]: [07:42:11][STATE] BOUND ---> CONNECTING
[2124:ITSDigitWriter]: [07:42:11][STATE] CONNECTING ---> DEVICE READY
[2124:ITSDigitWriter]: [07:42:11][STATE] DEVICE READY ---> INITIALIZING TASK
[2124:ITSDigitWriter]: [07:42:11][STATE] INITIALIZING TASK ---> READY
[2124:ITSDigitWriter]: [07:42:11][STATE] READY ---> RUNNING
[2124:ITSDigitWriter]: [07:42:11][INFO] DEVICE: Running...
[2122:ITSDigitizer]: Info in <TGeoManager::CloseGeometry>: Geometry loaded from file...
[2122:ITSDigitizer]: Info in <TGeoManager::SetTopVolume>: Top volume is cave. Master volume is cave
[2122:ITSDigitizer]: Info in <TGeoNavigator::BuildCache>: --- Maximum geometry depth set to 100
[2122:ITSDigitizer]: Info in <TGeoManager::CloseGeometry>: Voxelization retrieved from file
[2122:ITSDigitizer]: Info in <TGeoManager::CountLevels>: max level = 9, max placements = 126
[2122:ITSDigitizer]: Info in <TGeoManager::CloseGeometry>: 179840 nodes/ 399 volume UID's in FAIR geometry
[2122:ITSDigitizer]: Info in <TGeoManager::CloseGeometry>: ----------------modeler ready----------------
[2122:ITSDigitizer]: [07:42:13][INFO] Initializing field service
[2122:ITSDigitizer]: [07:42:13][INFO] MagneticField::Print: MagneticFieldMap:
[2122:ITSDigitizer]: [07:42:13][INFO] MagneticField::Print: Solenoid (-1*)5 kG, Dipole ON (-1) 
[2122:ITSDigitizer]: [07:42:13][INFO] MagneticField::Print: Machine B fields for p-p  beam (7000 GeV): QGrad: 22.0002 Dipole: 37.8781
[2122:ITSDigitizer]: [07:42:13][INFO] MagneticField::Print: Uses Sol30_Dip6_Hole  of /cvmfs/alice.cern.ch/el7-x86_64/Packages/O2/nightly-20210129-1/share/Common/maps/mfchebKGI_sym.root
[2122:ITSDigitizer]: Info in <TGeoGlobalMagField::SetField>: Global magnetic field set to <MagneticFieldMap>
[2122:ITSDigitizer]: Info in <TGeoGlobalMagField::Lock>: Global magnetic field <MagneticFieldMap> is now locked
[2122:ITSDigitizer]: [07:42:13][INFO] Set Alpide charge threshold to 150, single hit will be accounted from 15 electrons
[2122:ITSDigitizer]: [07:42:13][INFO] ITS simulated in CONTINUOUS RO mode
[2121:SimReader]: [07:42:13][INFO] Automatic deduction of number of collisions ... will just take number of background entries 20
[2121:SimReader]: Summary of DigitizationContext --
[2121:SimReader]: Parts per collision 1
[2121:SimReader]: Collision parts taken from simulations specified by prefix:
[2121:SimReader]: Number of Collisions 20
[2121:SimReader]: Collision 0 TIME BCid:   16 Orbit:      1 |T in BC(ns): -0.028 (0 , 0)
[2121:SimReader]: Collision 1 TIME BCid:   72 Orbit:      1 |T in BC(ns): 0.096 (0 , 1)
[2121:SimReader]: Collision 2 TIME BCid:  450 Orbit:      1 |T in BC(ns): -0.003 (0 , 2)
[2121:SimReader]: Collision 3 TIME BCid: 1180 Orbit:      1 |T in BC(ns): -0.185 (0 , 3)
[2121:SimReader]: Collision 4 TIME BCid: 1354 Orbit:      1 |T in BC(ns): 0.116 (0 , 4)
[2121:SimReader]: Collision 5 TIME BCid: 1362 Orbit:      1 |T in BC(ns): 0.070 (0 , 5)
[2121:SimReader]: Collision 6 TIME BCid: 2116 Orbit:      1 |T in BC(ns): -0.017 (0 , 6)
[2121:SimReader]: Collision 7 TIME BCid: 2122 Orbit:      1 |T in BC(ns): -0.044 (0 , 7)
[2121:SimReader]: Collision 8 TIME BCid:  198 Orbit:      2 |T in BC(ns): 0.307 (0 , 8)
[2121:SimReader]: Collision 9 TIME BCid:  444 Orbit:      2 |T in BC(ns): -0.192 (0 , 9)
[2121:SimReader]: Collision 10 TIME BCid:  824 Orbit:      2 |T in BC(ns): -0.065 (0 , 10)
[2121:SimReader]: Collision 11 TIME BCid: 2128 Orbit:      2 |T in BC(ns): -0.201 (0 , 11)
[2121:SimReader]: Collision 12 TIME BCid: 2144 Orbit:      2 |T in BC(ns): 0.046 (0 , 12)
[2121:SimReader]: Collision 13 TIME BCid: 1612 Orbit:      3 |T in BC(ns): -0.136 (0 , 13)
[2121:SimReader]: Collision 14 TIME BCid: 1774 Orbit:      3 |T in BC(ns): 0.163 (0 , 14)
[2121:SimReader]: Collision 15 TIME BCid:  604 Orbit:      4 |T in BC(ns): -0.061 (0 , 15)
[2121:SimReader]: Collision 16 TIME BCid:  662 Orbit:      4 |T in BC(ns): 0.295 (0 , 16)
[2121:SimReader]: Collision 17 TIME BCid:  862 Orbit:      4 |T in BC(ns): -0.204 (0 , 17)
[2121:SimReader]: Collision 18 TIME BCid: 1152 Orbit:      4 |T in BC(ns): 0.008 (0 , 18)
[2121:SimReader]: Collision 19 TIME BCid: 1372 Orbit:      4 |T in BC(ns): 0.000 (0 , 19)
[2121:SimReader]: [07:42:13][INFO] Initializing Spec ... have 20 times 
[2121:SimReader]: [07:42:13][INFO] Serializing Context for later reuse
[2122:ITSDigitizer]: [07:42:13][INFO] Loading ITS L2G matrices from TGeo
[2121:SimReader]: [07:42:13][STATE] INITIALIZING DEVICE ---> INITIALIZED
[2121:SimReader]: [07:42:13][STATE] INITIALIZED ---> BINDING
[2121:SimReader]: [07:42:13][STATE] BINDING ---> BOUND
[2121:SimReader]: [07:42:13][STATE] BOUND ---> CONNECTING
[2121:SimReader]: [07:42:13][STATE] CONNECTING ---> DEVICE READY
[2121:SimReader]: [07:42:13][STATE] DEVICE READY ---> INITIALIZING TASK
[2121:SimReader]: [07:42:13][STATE] INITIALIZING TASK ---> READY
[2121:SimReader]: [07:42:13][STATE] READY ---> RUNNING
[2121:SimReader]: [07:42:13][INFO] DEVICE: Running...
[2121:SimReader]: [07:42:13][INFO] SENDING SOMETHING TO OTHERS
[2122:ITSDigitizer]: Alpide response object of 40500 matrices to map chagre in xyz to 5x5 pixels
[2122:ITSDigitizer]: X(col) range: +0.000000e+00 : +1.462000e-03 | step: 5.000000e-05 | Nbins: 30
[2122:ITSDigitizer]: Y(row) range: +0.000000e+00 : +1.344000e-03 | step: 5.000000e-05 | Nbins: 27
[2122:ITSDigitizer]: Z(dpt) range: -2.000000e-03 : +2.500000e-03 | step: 8.999999e-05 | Nbins: 50
[2122:ITSDigitizer]: Alpide digitization params:
[2122:ITSDigitizer]: Continuous readout             : ON
[2122:ITSDigitizer]: Readout Frame Length(ns)       : 9880.510742
[2122:ITSDigitizer]: Strobe delay (ns)              : 99.803139
[2122:ITSDigitizer]: Strobe length (ns)             : 9780.708008
[2122:ITSDigitizer]: Threshold (N electrons)        : 150
[2122:ITSDigitizer]: Min N electrons to accoint     : 15
[2122:ITSDigitizer]: Number of charge sharing steps : 7
[2122:ITSDigitizer]: ELoss to N electrons factor    : 2.777778e+08
[2122:ITSDigitizer]: Noise level per pixel          : 1.000000e-07
[2122:ITSDigitizer]: Charge time-response:
[2122:ITSDigitizer]: o2::itsmft::AlpideSignalTrapezoid | Duration: 7500.0 MaxRiseTime: 1100.0 (RiseTime=0 at q=450.0) (ns)
[2122:ITSDigitizer]: [07:42:15][STATE] INITIALIZING DEVICE ---> INITIALIZED
[2122:ITSDigitizer]: [07:42:15][STATE] INITIALIZED ---> BINDING
[2122:ITSDigitizer]: [07:42:15][STATE] BINDING ---> BOUND
[2122:ITSDigitizer]: [07:42:15][STATE] BOUND ---> CONNECTING
[2122:ITSDigitizer]: [07:42:15][STATE] CONNECTING ---> DEVICE READY
[2122:ITSDigitizer]: [07:42:15][STATE] DEVICE READY ---> INITIALIZING TASK
[2122:ITSDigitizer]: [07:42:15][STATE] INITIALIZING TASK ---> READY
[2122:ITSDigitizer]: [07:42:15][STATE] READY ---> RUNNING
[2122:ITSDigitizer]: [07:42:15][INFO] DEVICE: Running...
[2122:ITSDigitizer]: [07:42:15][INFO] GOT 20 COLLISSION TIMES
[2122:ITSDigitizer]: [07:42:15][INFO] SIMCHAINS 1
[2122:ITSDigitizer]: [07:42:15][INFO]  CALLING ITS DIGITIZATION 
[2122:ITSDigitizer]: [07:42:16][INFO] Digitizing ITS hits of entry 0 from source 0 at time BCid:   16 Orbit:      1 |T in BC(ns): -0.028 ROFrame= 9) cont.mode: 1 Min/Max ROFrames 0/8
[2122:ITSDigitizer]: [07:42:16][INFO] Filling ITS digits output for RO frames 0:8
[2122:ITSDigitizer]: ROF: 0 | 1283 entries starting from 0
[2122:ITSDigitizer]: BCid:    0 Orbit:      0
[2122:ITSDigitizer]: ROF: 1 | 1267 entries starting from 1283
[2122:ITSDigitizer]: BCid:  396 Orbit:      0
[2122:ITSDigitizer]: ROF: 2 | 1323 entries starting from 2550
[2122:ITSDigitizer]: BCid:  792 Orbit:      0
[2122:ITSDigitizer]: ROF: 3 | 1229 entries starting from 3873
[2122:ITSDigitizer]: BCid: 1188 Orbit:      0
[2122:ITSDigitizer]: ROF: 4 | 1245 entries starting from 5102
[2122:ITSDigitizer]: BCid: 1584 Orbit:      0
[2122:ITSDigitizer]: ROF: 5 | 1248 entries starting from 6347
[2122:ITSDigitizer]: BCid: 1980 Orbit:      0
[2122:ITSDigitizer]: ROF: 6 | 1259 entries starting from 7595
[2122:ITSDigitizer]: BCid: 2376 Orbit:      0
[2122:ITSDigitizer]: ROF: 7 | 1258 entries starting from 8854
[2122:ITSDigitizer]: BCid: 2772 Orbit:      0
[2122:ITSDigitizer]: ROF: 8 | 1247 entries starting from 10112
[2122:ITSDigitizer]: BCid: 3168 Orbit:      0
[2122:ITSDigitizer]: [07:42:17][INFO] Added 11359 digits 
[2122:ITSDigitizer]: [07:42:17][INFO] Digitizing ITS hits of entry 1 from source 0 at time BCid:   72 Orbit:      1 |T in BC(ns): 0.096 ROFrame= 9) cont.mode: 1 Min/Max ROFrames 9/10
[2122:ITSDigitizer]: [07:42:17][INFO] Digitizing ITS hits of entry 2 from source 0 at time BCid:  450 Orbit:      1 |T in BC(ns): -0.003 ROFrame= 10) cont.mode: 1 Min/Max ROFrames 9/10
[2122:ITSDigitizer]: [07:42:17][INFO] Filling ITS digits output for RO frames 9:9
[2122:ITSDigitizer]: ROF: 9 | 212961 entries starting from 11359
[2122:ITSDigitizer]: BCid:    0 Orbit:      1
[2122:ITSDigitizer]: MCEventID: 0 ROFs: 9-10 Entry in ROFRecords: 9
[2122:ITSDigitizer]: MCEventID: 1 ROFs: 9-9 Entry in ROFRecords: 9
[2122:ITSDigitizer]: [07:42:17][INFO] Added 212961 digits 
[2122:ITSDigitizer]: [07:42:17][INFO] Digitizing ITS hits of entry 3 from source 0 at time BCid: 1180 Orbit:      1 |T in BC(ns): -0.185 ROFrame= 11) cont.mode: 1 Min/Max ROFrames 10/11
[2122:ITSDigitizer]: [07:42:17][INFO] Filling ITS digits output for RO frames 10:10
[2122:ITSDigitizer]: ROF: 10 | 8316 entries starting from 224320
[2122:ITSDigitizer]: BCid:  396 Orbit:      1
[2122:ITSDigitizer]: MCEventID: 2 ROFs: 10-11 Entry in ROFRecords: 10
[2122:ITSDigitizer]: [07:42:17][INFO] Added 8316 digits 
[2122:ITSDigitizer]: [07:42:17][INFO] Digitizing ITS hits of entry 4 from source 0 at time BCid: 1354 Orbit:      1 |T in BC(ns): 0.116 ROFrame= 12) cont.mode: 1 Min/Max ROFrames 11/12
[2122:ITSDigitizer]: [07:42:17][INFO] Filling ITS digits output for RO frames 11:11
[2122:ITSDigitizer]: ROF: 11 | 8301 entries starting from 232636
[2122:ITSDigitizer]: BCid:  792 Orbit:      1
[2122:ITSDigitizer]: MCEventID: 3 ROFs: 11-12 Entry in ROFRecords: 11
[2122:ITSDigitizer]: [07:42:18][INFO] Added 8301 digits 
[2122:ITSDigitizer]: [07:42:18][INFO] Digitizing ITS hits of entry 5 from source 0 at time BCid: 1362 Orbit:      1 |T in BC(ns): 0.070 ROFrame= 12) cont.mode: 1 Min/Max ROFrames 12/14
[2122:ITSDigitizer]: [07:42:18][INFO] Digitizing ITS hits of entry 6 from source 0 at time BCid: 2116 Orbit:      1 |T in BC(ns): -0.017 ROFrame= 14) cont.mode: 1 Min/Max ROFrames 12/14
[2122:ITSDigitizer]: [07:42:18][INFO] Filling ITS digits output for RO frames 12:13
[2122:ITSDigitizer]: ROF: 12 | 301565 entries starting from 240937
[2122:ITSDigitizer]: BCid: 1188 Orbit:      1
[2122:ITSDigitizer]: MCEventID: 4 ROFs: 12-14 Entry in ROFRecords: 12
[2122:ITSDigitizer]: MCEventID: 5 ROFs: 12-14 Entry in ROFRecords: 12
[2122:ITSDigitizer]: ROF: 13 | 292645 entries starting from 542502
[2122:ITSDigitizer]: BCid: 1584 Orbit:      1
[2122:ITSDigitizer]: [07:42:18][INFO] Added 594210 digits 
[2122:ITSDigitizer]: [07:42:18][INFO] Digitizing ITS hits of entry 7 from source 0 at time BCid: 2122 Orbit:      1 |T in BC(ns): -0.044 ROFrame= 14) cont.mode: 1 Min/Max ROFrames 14/15
[2122:ITSDigitizer]: [07:42:19][INFO] Digitizing ITS hits of entry 8 from source 0 at time BCid:  198 Orbit:      2 |T in BC(ns): 0.307 ROFrame= 18) cont.mode: 1 Min/Max ROFrames 14/17
[2122:ITSDigitizer]: [07:42:19][INFO] Filling ITS digits output for RO frames 14:17
[2122:ITSDigitizer]: ROF: 14 | 112580 entries starting from 835147
[2122:ITSDigitizer]: BCid: 1980 Orbit:      1
[2122:ITSDigitizer]: MCEventID: 6 ROFs: 14-15 Entry in ROFRecords: 14
[2122:ITSDigitizer]: MCEventID: 7 ROFs: 14-16 Entry in ROFRecords: 14
[2122:ITSDigitizer]: ROF: 15 | 112442 entries starting from 947727
[2122:ITSDigitizer]: BCid: 2376 Orbit:      1
[2122:ITSDigitizer]: ROF: 16 | 1296 entries starting from 1060169
[2122:ITSDigitizer]: BCid: 2772 Orbit:      1
[2122:ITSDigitizer]: ROF: 17 | 1291 entries starting from 1061465
[2122:ITSDigitizer]: BCid: 3168 Orbit:      1
[2122:ITSDigitizer]: [07:42:19][INFO] Added 227609 digits 
[2122:ITSDigitizer]: [07:42:19][INFO] Digitizing ITS hits of entry 9 from source 0 at time BCid:  444 Orbit:      2 |T in BC(ns): -0.192 ROFrame= 19) cont.mode: 1 Min/Max ROFrames 18/19
[2122:ITSDigitizer]: [07:42:19][INFO] Filling ITS digits output for RO frames 18:18
[2122:ITSDigitizer]: ROF: 18 | 17063 entries starting from 1062756
[2122:ITSDigitizer]: BCid:    0 Orbit:      2
[2122:ITSDigitizer]: MCEventID: 8 ROFs: 18-19 Entry in ROFRecords: 18
[2122:ITSDigitizer]: [07:42:19][INFO] Added 17063 digits 
[2122:ITSDigitizer]: [07:42:19][INFO] Digitizing ITS hits of entry 10 from source 0 at time BCid:  824 Orbit:      2 |T in BC(ns): -0.065 ROFrame= 20) cont.mode: 1 Min/Max ROFrames 19/20
[2122:ITSDigitizer]: [07:42:19][INFO] Filling ITS digits output for RO frames 19:19
[2122:ITSDigitizer]: ROF: 19 | 27193 entries starting from 1079819
[2122:ITSDigitizer]: BCid:  396 Orbit:      2
[2122:ITSDigitizer]: MCEventID: 9 ROFs: 19-20 Entry in ROFRecords: 19
[2122:ITSDigitizer]: [07:42:19][INFO] Added 27193 digits 
[2122:ITSDigitizer]: [07:42:19][INFO] Digitizing ITS hits of entry 11 from source 0 at time BCid: 2128 Orbit:      2 |T in BC(ns): -0.201 ROFrame= 23) cont.mode: 1 Min/Max ROFrames 20/22
[2122:ITSDigitizer]: [07:42:19][INFO] Filling ITS digits output for RO frames 20:22
[2122:ITSDigitizer]: ROF: 20 | 78204 entries starting from 1107012
[2122:ITSDigitizer]: BCid:  792 Orbit:      2
[2122:ITSDigitizer]: MCEventID: 10 ROFs: 20-21 Entry in ROFRecords: 20
[2122:ITSDigitizer]: ROF: 21 | 1390 entries starting from 1185216
[2122:ITSDigitizer]: BCid: 1188 Orbit:      2
[2122:ITSDigitizer]: ROF: 22 | 1301 entries starting from 1186606
[2122:ITSDigitizer]: BCid: 1584 Orbit:      2
[2122:ITSDigitizer]: [07:42:19][INFO] Added 80895 digits 
[2122:ITSDigitizer]: [07:42:19][INFO] Digitizing ITS hits of entry 12 from source 0 at time BCid: 2144 Orbit:      2 |T in BC(ns): 0.046 ROFrame= 23) cont.mode: 1 Min/Max ROFrames 23/24
[2122:ITSDigitizer]: [07:42:19][INFO] Digitizing ITS hits of entry 13 from source 0 at time BCid: 1612 Orbit:      3 |T in BC(ns): -0.136 ROFrame= 31) cont.mode: 1 Min/Max ROFrames 23/30
[2122:ITSDigitizer]: [07:42:19][INFO] Filling ITS digits output for RO frames 23:30
[2122:ITSDigitizer]: ROF: 23 | 7502 entries starting from 1187907
[2122:ITSDigitizer]: BCid: 1980 Orbit:      2
[2122:ITSDigitizer]: MCEventID: 11 ROFs: 23-24 Entry in ROFRecords: 23
[2122:ITSDigitizer]: MCEventID: 12 ROFs: 23-24 Entry in ROFRecords: 23
[2122:ITSDigitizer]: ROF: 24 | 7489 entries starting from 1195409
[2122:ITSDigitizer]: BCid: 2376 Orbit:      2
[2122:ITSDigitizer]: ROF: 25 | 1235 entries starting from 1202898
[2122:ITSDigitizer]: BCid: 2772 Orbit:      2
[2122:ITSDigitizer]: ROF: 26 | 1261 entries starting from 1204133
[2122:ITSDigitizer]: BCid: 3168 Orbit:      2
[2122:ITSDigitizer]: ROF: 27 | 1278 entries starting from 1205394
[2122:ITSDigitizer]: BCid:    0 Orbit:      3
[2122:ITSDigitizer]: ROF: 28 | 1261 entries starting from 1206672
[2122:ITSDigitizer]: BCid:  396 Orbit:      3
[2122:ITSDigitizer]: ROF: 29 | 1234 entries starting from 1207933
[2122:ITSDigitizer]: BCid:  792 Orbit:      3
[2122:ITSDigitizer]: ROF: 30 | 1281 entries starting from 1209167
[2122:ITSDigitizer]: BCid: 1188 Orbit:      3
[2122:ITSDigitizer]: [07:42:19][INFO] Added 22541 digits 
[2122:ITSDigitizer]: [07:42:20][INFO] Digitizing ITS hits of entry 14 from source 0 at time BCid: 1774 Orbit:      3 |T in BC(ns): 0.163 ROFrame= 31) cont.mode: 1 Min/Max ROFrames 31/32
[2122:ITSDigitizer]: [07:42:20][INFO] Digitizing ITS hits of entry 15 from source 0 at time BCid:  604 Orbit:      4 |T in BC(ns): -0.061 ROFrame= 37) cont.mode: 1 Min/Max ROFrames 31/36
[2122:ITSDigitizer]: [07:42:20][INFO] Filling ITS digits output for RO frames 31:36
[2122:ITSDigitizer]: ROF: 31 | 207810 entries starting from 1210448
[2122:ITSDigitizer]: BCid: 1584 Orbit:      3
[2122:ITSDigitizer]: MCEventID: 13 ROFs: 31-32 Entry in ROFRecords: 31
[2122:ITSDigitizer]: MCEventID: 14 ROFs: 31-33 Entry in ROFRecords: 31
[2122:ITSDigitizer]: ROF: 32 | 78347 entries starting from 1418258
[2122:ITSDigitizer]: BCid: 1980 Orbit:      3
[2122:ITSDigitizer]: ROF: 33 | 1267 entries starting from 1496605
[2122:ITSDigitizer]: BCid: 2376 Orbit:      3
[2122:ITSDigitizer]: ROF: 34 | 1253 entries starting from 1497872
[2122:ITSDigitizer]: BCid: 2772 Orbit:      3
[2122:ITSDigitizer]: ROF: 35 | 1325 entries starting from 1499125
[2122:ITSDigitizer]: BCid: 3168 Orbit:      3
[2122:ITSDigitizer]: ROF: 36 | 1249 entries starting from 1500450
[2122:ITSDigitizer]: BCid:    0 Orbit:      4
[2122:ITSDigitizer]: [07:42:20][INFO] Added 291251 digits 
[2122:ITSDigitizer]: [07:42:20][INFO] Digitizing ITS hits of entry 16 from source 0 at time BCid:  662 Orbit:      4 |T in BC(ns): 0.295 ROFrame= 37) cont.mode: 1 Min/Max ROFrames 37/38
[2122:ITSDigitizer]: [07:42:20][INFO] Digitizing ITS hits of entry 17 from source 0 at time BCid:  862 Orbit:      4 |T in BC(ns): -0.204 ROFrame= 38) cont.mode: 1 Min/Max ROFrames 37/39
[2122:ITSDigitizer]: [07:42:20][INFO] Filling ITS digits output for RO frames 37:37
[2122:ITSDigitizer]: ROF: 37 | 148168 entries starting from 1501699
[2122:ITSDigitizer]: BCid:  396 Orbit:      4
[2122:ITSDigitizer]: MCEventID: 15 ROFs: 37-38 Entry in ROFRecords: 37
[2122:ITSDigitizer]: MCEventID: 16 ROFs: 37-39 Entry in ROFRecords: 37
[2122:ITSDigitizer]: [07:42:21][INFO] Added 148168 digits 
[2122:ITSDigitizer]: [07:42:21][INFO] Digitizing ITS hits of entry 18 from source 0 at time BCid: 1152 Orbit:      4 |T in BC(ns): 0.008 ROFrame= 38) cont.mode: 1 Min/Max ROFrames 38/39
[2122:ITSDigitizer]: [07:42:21][INFO] Digitizing ITS hits of entry 19 from source 0 at time BCid: 1372 Orbit:      4 |T in BC(ns): 0.000 ROFrame= 39) cont.mode: 1 Min/Max ROFrames 38/40
[2122:ITSDigitizer]: [07:42:21][INFO] Filling ITS digits output for RO frames 38:38
[2122:ITSDigitizer]: ROF: 38 | 394339 entries starting from 1649867
[2122:ITSDigitizer]: BCid:  792 Orbit:      4
[2122:ITSDigitizer]: MCEventID: 17 ROFs: 38-39 Entry in ROFRecords: 38
[2122:ITSDigitizer]: MCEventID: 18 ROFs: 38-40 Entry in ROFRecords: 38
[2122:ITSDigitizer]: [07:42:22][INFO] Added 394339 digits 
[2122:ITSDigitizer]: [07:42:22][INFO] Filling ITS digits output for RO frames 39:41
[2122:ITSDigitizer]: ROF: 39 | 420587 entries starting from 2044206
[2122:ITSDigitizer]: BCid: 1188 Orbit:      4
[2122:ITSDigitizer]: MCEventID: 19 ROFs: 39-41 Entry in ROFRecords: 39
[2122:ITSDigitizer]: ROF: 40 | 266686 entries starting from 2464793
[2122:ITSDigitizer]: BCid: 1584 Orbit:      4
[2122:ITSDigitizer]: ROF: 41 | 1286 entries starting from 2731479
[2122:ITSDigitizer]: BCid: 1980 Orbit:      4
[2122:ITSDigitizer]: [07:42:23][INFO] Added 688559 digits 
[2122:ITSDigitizer]: [07:42:23][INFO] ITS: Sending ROMode= 3 to GRPUpdater
[2122:ITSDigitizer]: [07:42:23][INFO] Digitization took 6.97s
[2124:ITSDigitWriter]: [07:42:23][INFO] WRITING 2748847 LABELS 
[2123:GRPUpdater]: [07:42:23][INFO] Updated GRP in o2sim_grp.root for detectors RO mode
[2123:GRPUpdater]: Run: 1621488971
[2123:GRPUpdater]: Fill:      0
[2123:GRPUpdater]: Period: 
[2123:GRPUpdater]: LHC State: 
[2123:GRPUpdater]: Start: Thu May 20 07:36:14 2021
[2123:GRPUpdater]: End  : Thu May 20 07:36:14 2021
[2123:GRPUpdater]: Beam0: Z:A =   0:  0, Energy = 0.000
[2123:GRPUpdater]: Beam1: Z:A =   0:  0, Energy = 0.000
[2123:GRPUpdater]: sqrt[s]    = 0.000
[2123:GRPUpdater]: crossing angle (radian) = 0.000000e+00
[2123:GRPUpdater]: magnet currents (A) L3 = -30000.000, Dipole = -6000
[2123:GRPUpdater]: Detectors: Cont.RO Triggers
[2123:GRPUpdater]:       ITS:    +       -    
[2124:ITSDigitWriter]: [07:42:24][INFO] RECEIVED DIGITS SIZE 2732765
[INFO] Quitting
[INFO] QUIT_REQUESTED
[2122:ITSDigitizer]: [07:42:24][INFO] Received device shutdown request (signal 15).
[2122:ITSDigitizer]: [07:42:24][INFO] Waiting for graceful device shutdown. Hit Ctrl-C again to abort immediately.
[2124:ITSDigitWriter]: [07:42:24][INFO] Received device shutdown request (signal 15).
[2124:ITSDigitWriter]: [07:42:24][INFO] Waiting for graceful device shutdown. Hit Ctrl-C again to abort immediately.
[2121:SimReader]: [07:42:25][INFO] Received device shutdown request (signal 15).
[2121:SimReader]: [07:42:25][INFO] Waiting for graceful device shutdown. Hit Ctrl-C again to abort immediately.
[2123:GRPUpdater]: [07:42:25][INFO] Received device shutdown request (signal 15).
[2123:GRPUpdater]: [07:42:25][INFO] Waiting for graceful device shutdown. Hit Ctrl-C again to abort immediately.
[2120:internal-dpl-clock]: [07:42:25][INFO] Received device shutdown request (signal 15).
[2120:internal-dpl-clock]: [07:42:25][INFO] Waiting for graceful device shutdown. Hit Ctrl-C again to abort immediately.
[2121:SimReader]: [07:42:25][STATE] RUNNING ---> READY
[2121:SimReader]: [07:42:25][STATE] READY ---> RESETTING TASK
[2121:SimReader]: [07:42:25][STATE] RESETTING TASK ---> DEVICE READY
[2121:SimReader]: [07:42:25][STATE] DEVICE READY ---> RESETTING DEVICE
[2121:SimReader]: [07:42:25][STATE] RESETTING DEVICE ---> IDLE
[2121:SimReader]: [07:42:25][STATE] IDLE ---> EXITING
[2121:SimReader]: [07:42:25][STATE] Exiting FairMQ state machine
[2122:ITSDigitizer]: [07:42:25][STATE] RUNNING ---> READY
[2123:GRPUpdater]: [07:42:25][STATE] RUNNING ---> READY
[2120:internal-dpl-clock]: [07:42:25][STATE] RUNNING ---> READY
[2122:ITSDigitizer]: [07:42:25][STATE] READY ---> RESETTING TASK
[2120:internal-dpl-clock]: [07:42:25][STATE] READY ---> RESETTING TASK
[2122:ITSDigitizer]: [07:42:25][STATE] RESETTING TASK ---> DEVICE READY
[2120:internal-dpl-clock]: [07:42:25][STATE] RESETTING TASK ---> DEVICE READY
[2120:internal-dpl-clock]: [07:42:25][STATE] DEVICE READY ---> RESETTING DEVICE
[2122:ITSDigitizer]: [07:42:25][STATE] DEVICE READY ---> RESETTING DEVICE
[2123:GRPUpdater]: [07:42:25][STATE] READY ---> RESETTING TASK
[2123:GRPUpdater]: [07:42:25][STATE] RESETTING TASK ---> DEVICE READY
[2123:GRPUpdater]: [07:42:25][STATE] DEVICE READY ---> RESETTING DEVICE
[2123:GRPUpdater]: [07:42:25][STATE] RESETTING DEVICE ---> IDLE
[2123:GRPUpdater]: [07:42:25][STATE] IDLE ---> EXITING
[2122:ITSDigitizer]: [07:42:25][STATE] RESETTING DEVICE ---> IDLE
[2122:ITSDigitizer]: [07:42:25][STATE] IDLE ---> EXITING
[2123:GRPUpdater]: [07:42:25][STATE] Exiting FairMQ state machine
[2120:internal-dpl-clock]: [07:42:25][STATE] RESETTING DEVICE ---> IDLE
[2120:internal-dpl-clock]: [07:42:25][STATE] IDLE ---> EXITING
[2120:internal-dpl-clock]: [07:42:25][STATE] Exiting FairMQ state machine
[2122:ITSDigitizer]: [07:42:25][STATE] Exiting FairMQ state machine
[2124:ITSDigitWriter]: [07:42:27][STATE] RUNNING ---> READY
[2124:ITSDigitWriter]: [07:42:27][STATE] READY ---> RESETTING TASK
[2124:ITSDigitWriter]: [07:42:27][STATE] RESETTING TASK ---> DEVICE READY
[2124:ITSDigitWriter]: [07:42:27][STATE] DEVICE READY ---> RESETTING DEVICE
[2124:ITSDigitWriter]: Cleaning up for shared memory id '9a79b5e0'...
[2124:ITSDigitWriter]: No region counter found. No regions to cleanup.
[2124:ITSDigitWriter]: Successfully removed 'fmq_9a79b5e0_m_0'.
[2124:ITSDigitWriter]: Successfully removed 'fmq_9a79b5e0_mng'.
[2124:ITSDigitWriter]: Successfully removed 'fmq_9a79b5e0_mtx'.
[2124:ITSDigitWriter]: Successfully removed 'fmq_9a79b5e0_cv'.
[2124:ITSDigitWriter]: [07:42:27][STATE] RESETTING DEVICE ---> IDLE
[2124:ITSDigitWriter]: [07:42:27][STATE] IDLE ---> EXITING
[2124:ITSDigitWriter]: [07:42:27][STATE] Exiting FairMQ state machine
[INFO] Dumping used configuration in dpl-config.json

==============================================================================================
3. Tracking
[INFO] Initialising O2 Data Processing Layer
[INFO] O2 Data Processing Layer initialised. We brake for nobody.
[INFO] Optimised build. O2DEBUG / LOG(DEBUG) / LOGF(DEBUG) / assert statement will not be shown.
[INFO] Redeployment of configuration asked.
[INFO] Starting internal-dpl-clock on pid 3203
[INFO] Starting its-digit-reader on pid 3204
[INFO] Starting its-clusterer on pid 3205
[INFO] Starting its-cluster-writer on pid 3206
[INFO] Starting its-tracker on pid 3207
[INFO] Starting its-track-writer on pid 3208
[INFO] Redeployment of configuration done.
[3206:its-cluster-writer]: [INFO] Spawing new device its-cluster-writer in process with pid 3206
[3205:its-clusterer]: [INFO] Spawing new device its-clusterer in process with pid 3205
[3204:its-digit-reader]: [INFO] Spawing new device its-digit-reader in process with pid 3204
[3204:its-digit-reader]: [07:45:41][INFO] 
[3204:its-digit-reader]:       ______      _    _______  _________ 
[3204:its-digit-reader]:      / ____/___ _(_)_______   |/  /_  __ \    version 1.4.29
[3204:its-digit-reader]:     / /_  / __ `/ / ___/__  /|_/ /_  / / /    build RELWITHDEBINFO
[3204:its-digit-reader]:    / __/ / /_/ / / /    _  /  / / / /_/ /     https://github.com/FairRootGroup/FairMQ
[3204:its-digit-reader]:   /_/    \__,_/_/_/     /_/  /_/  \___\_\     LGPL-3.0  © 2012-2020 GSI
[3204:its-digit-reader]: 
[3208:its-track-writer]: [INFO] Spawing new device its-track-writer in process with pid 3208
[3206:its-cluster-writer]: [07:45:41][INFO] 
[3206:its-cluster-writer]:       ______      _    _______  _________ 
[3206:its-cluster-writer]:      / ____/___ _(_)_______   |/  /_  __ \    version 1.4.29
[3206:its-cluster-writer]:     / /_  / __ `/ / ___/__  /|_/ /_  / / /    build RELWITHDEBINFO
[3206:its-cluster-writer]:    / __/ / /_/ / / /    _  /  / / / /_/ /     https://github.com/FairRootGroup/FairMQ
[3206:its-cluster-writer]:   /_/    \__,_/_/_/     /_/  /_/  \___\_\     LGPL-3.0  © 2012-2020 GSI
[3206:its-cluster-writer]: 
[3206:its-cluster-writer]: [07:45:41][STATE] Starting FairMQ state machine --> IDLE
[3206:its-cluster-writer]: 2021-05-20 07:45:41	Monitoring	[0;49mStdOut backend initialized[0m
[3204:its-digit-reader]: [07:45:41][STATE] Starting FairMQ state machine --> IDLE
[3204:its-digit-reader]: 2021-05-20 07:45:41	Monitoring	[0;49mStdOut backend initialized[0m
[3205:its-clusterer]: [07:45:41][INFO] 
[3205:its-clusterer]:       ______      _    _______  _________ 
[3205:its-clusterer]:      / ____/___ _(_)_______   |/  /_  __ \    version 1.4.29
[3205:its-clusterer]:     / /_  / __ `/ / ___/__  /|_/ /_  / / /    build RELWITHDEBINFO
[3205:its-clusterer]:    / __/ / /_/ / / /    _  /  / / / /_/ /     https://github.com/FairRootGroup/FairMQ
[3205:its-clusterer]:   /_/    \__,_/_/_/     /_/  /_/  \___\_\     LGPL-3.0  © 2012-2020 GSI
[3205:its-clusterer]: 
[3203:internal-dpl-clock]: [INFO] Spawing new device internal-dpl-clock in process with pid 3203
[3203:internal-dpl-clock]: [07:45:41][INFO] 
[3203:internal-dpl-clock]:       ______      _    _______  _________ 
[3203:internal-dpl-clock]:      / ____/___ _(_)_______   |/  /_  __ \    version 1.4.29
[3203:internal-dpl-clock]:     / /_  / __ `/ / ___/__  /|_/ /_  / / /    build RELWITHDEBINFO
[3203:internal-dpl-clock]:    / __/ / /_/ / / /    _  /  / / / /_/ /     https://github.com/FairRootGroup/FairMQ
[3203:internal-dpl-clock]:   /_/    \__,_/_/_/     /_/  /_/  \___\_\     LGPL-3.0  © 2012-2020 GSI
[3203:internal-dpl-clock]: 
[3203:internal-dpl-clock]: [07:45:41][STATE] Starting FairMQ state machine --> IDLE
[3203:internal-dpl-clock]: 2021-05-20 07:45:41	Monitoring	[0;49mStdOut backend initialized[0m
[3203:internal-dpl-clock]: [07:45:41][STATE] IDLE ---> INITIALIZING DEVICE
[3203:internal-dpl-clock]: 2021-05-20 07:45:41	Monitoring	[0;49mBuffering enabled (100)[0m
[3203:internal-dpl-clock]: [07:45:41][STATE] INITIALIZING DEVICE ---> INITIALIZED
[3203:internal-dpl-clock]: [07:45:41][STATE] INITIALIZED ---> BINDING
[3203:internal-dpl-clock]: [07:45:41][STATE] BINDING ---> BOUND
[3203:internal-dpl-clock]: [07:45:41][STATE] BOUND ---> CONNECTING
[3203:internal-dpl-clock]: [07:45:41][STATE] CONNECTING ---> DEVICE READY
[3203:internal-dpl-clock]: [07:45:41][STATE] DEVICE READY ---> INITIALIZING TASK
[3203:internal-dpl-clock]: [07:45:41][STATE] INITIALIZING TASK ---> READY
[3203:internal-dpl-clock]: [07:45:41][STATE] READY ---> RUNNING
[3203:internal-dpl-clock]: [07:45:41][INFO] DEVICE: Running...
[3204:its-digit-reader]: [07:45:41][STATE] IDLE ---> INITIALIZING DEVICE
[3205:its-clusterer]: [07:45:41][STATE] Starting FairMQ state machine --> IDLE
[3205:its-clusterer]: 2021-05-20 07:45:41	Monitoring	[0;49mStdOut backend initialized[0m
[3205:its-clusterer]: [07:45:41][STATE] IDLE ---> INITIALIZING DEVICE
[3206:its-cluster-writer]: [07:45:41][STATE] IDLE ---> INITIALIZING DEVICE
[3207:its-tracker]: [INFO] Spawing new device its-tracker in process with pid 3207
[3207:its-tracker]: [07:45:41][INFO] 
[3207:its-tracker]:       ______      _    _______  _________ 
[3207:its-tracker]:      / ____/___ _(_)_______   |/  /_  __ \    version 1.4.29
[3207:its-tracker]:     / /_  / __ `/ / ___/__  /|_/ /_  / / /    build RELWITHDEBINFO
[3207:its-tracker]:    / __/ / /_/ / / /    _  /  / / / /_/ /     https://github.com/FairRootGroup/FairMQ
[3207:its-tracker]:   /_/    \__,_/_/_/     /_/  /_/  \___\_\     LGPL-3.0  © 2012-2020 GSI
[3207:its-tracker]: 
[3207:its-tracker]: [07:45:41][STATE] Starting FairMQ state machine --> IDLE
[3207:its-tracker]: 2021-05-20 07:45:41	Monitoring	[0;49mStdOut backend initialized[0m
[3207:its-tracker]: [07:45:41][STATE] IDLE ---> INITIALIZING DEVICE
[3207:its-tracker]: 2021-05-20 07:45:41	Monitoring	[0;49mBuffering enabled (100)[0m
[3207:its-tracker]: [07:45:41][INFO] Created GPUReconstruction instance for device type CPU (1) 
[3208:its-track-writer]: [07:45:41][INFO] 
[3208:its-track-writer]:       ______      _    _______  _________ 
[3208:its-track-writer]:      / ____/___ _(_)_______   |/  /_  __ \    version 1.4.29
[3208:its-track-writer]:     / /_  / __ `/ / ___/__  /|_/ /_  / / /    build RELWITHDEBINFO
[3208:its-track-writer]:    / __/ / /_/ / / /    _  /  / / / /_/ /     https://github.com/FairRootGroup/FairMQ
[3208:its-track-writer]:   /_/    \__,_/_/_/     /_/  /_/  \___\_\     LGPL-3.0  © 2012-2020 GSI
[3208:its-track-writer]: 
[3208:its-track-writer]: [07:45:41][STATE] Starting FairMQ state machine --> IDLE
[3208:its-track-writer]: 2021-05-20 07:45:41	Monitoring	[0;49mStdOut backend initialized[0m
[3208:its-track-writer]: [07:45:41][STATE] IDLE ---> INITIALIZING DEVICE
[3204:its-digit-reader]: 2021-05-20 07:45:41	Monitoring	[0;49mBuffering enabled (100)[0m
[3205:its-clusterer]: 2021-05-20 07:45:41	Monitoring	[0;49mBuffering enabled (100)[0m
[3205:its-clusterer]: [07:45:41][INFO] Dictionary ITSdictionary.bin is absent, ITSClusterer expects cluster patterns
[3205:its-clusterer]: [07:45:41][INFO] Clusterizer masks overflow pixels separated by < 406 BC and <= 0 in row/col
[3205:its-clusterer]: [07:45:41][INFO] Inclusive clusterization timing (w/o disk IO): Cpu: 0 Real: 0 s in 1 slots
[3205:its-clusterer]: [07:45:41][INFO] Threads output merging timing                : Cpu: 0 Real: 0 s in 1 slots
[3205:its-clusterer]: [07:45:41][STATE] INITIALIZING DEVICE ---> INITIALIZED
[3205:its-clusterer]: [07:45:41][STATE] INITIALIZED ---> BINDING
[3205:its-clusterer]: [07:45:41][STATE] BINDING ---> BOUND
[3205:its-clusterer]: [07:45:41][STATE] BOUND ---> CONNECTING
[3205:its-clusterer]: [07:45:41][STATE] CONNECTING ---> DEVICE READY
[3205:its-clusterer]: [07:45:41][STATE] DEVICE READY ---> INITIALIZING TASK
[3205:its-clusterer]: [07:45:41][STATE] INITIALIZING TASK ---> READY
[3205:its-clusterer]: [07:45:41][STATE] READY ---> RUNNING
[3205:its-clusterer]: [07:45:41][INFO] DEVICE: Running...
[3204:its-digit-reader]: [07:45:41][STATE] INITIALIZING DEVICE ---> INITIALIZED
[3204:its-digit-reader]: [07:45:41][STATE] INITIALIZED ---> BINDING
[3204:its-digit-reader]: [07:45:41][STATE] BINDING ---> BOUND
[3204:its-digit-reader]: [07:45:41][STATE] BOUND ---> CONNECTING
[3204:its-digit-reader]: [07:45:41][STATE] CONNECTING ---> DEVICE READY
[3204:its-digit-reader]: [07:45:41][STATE] DEVICE READY ---> INITIALIZING TASK
[3204:its-digit-reader]: [07:45:41][STATE] INITIALIZING TASK ---> READY
[3204:its-digit-reader]: [07:45:41][STATE] READY ---> RUNNING
[3204:its-digit-reader]: [07:45:41][INFO] DEVICE: Running...
[3206:its-cluster-writer]: 2021-05-20 07:45:41	Monitoring	[0;49mBuffering enabled (100)[0m
[3206:its-cluster-writer]: [07:45:41][INFO] 0: branch  ITSClusterComp set up
[3206:its-cluster-writer]: [07:45:41][INFO] 1: branch  ITSClusterPatt set up
[3206:its-cluster-writer]: [07:45:41][INFO] 2: branch  ITSClustersROF set up
[3206:its-cluster-writer]: [07:45:41][INFO] 3: branch  ITSClusterMCTruth set up
[3206:its-cluster-writer]: [07:45:41][INFO] 4: branch  ITSClustersMC2ROF set up
[3206:its-cluster-writer]: [07:45:41][STATE] INITIALIZING DEVICE ---> INITIALIZED
[3206:its-cluster-writer]: [07:45:41][STATE] INITIALIZED ---> BINDING
[3206:its-cluster-writer]: [07:45:41][STATE] BINDING ---> BOUND
[3206:its-cluster-writer]: [07:45:41][STATE] BOUND ---> CONNECTING
[3206:its-cluster-writer]: [07:45:41][STATE] CONNECTING ---> DEVICE READY
[3206:its-cluster-writer]: [07:45:41][STATE] DEVICE READY ---> INITIALIZING TASK
[3206:its-cluster-writer]: [07:45:41][STATE] INITIALIZING TASK ---> READY
[3206:its-cluster-writer]: [07:45:41][STATE] READY ---> RUNNING
[3206:its-cluster-writer]: [07:45:41][INFO] DEVICE: Running...
[3208:its-track-writer]: 2021-05-20 07:45:41	Monitoring	[0;49mBuffering enabled (100)[0m
[3208:its-track-writer]: [07:45:41][INFO] 0: branch  ITSTrack set up
[3208:its-track-writer]: [07:45:41][INFO] 1: branch  ITSTrackClusIdx set up
[3208:its-track-writer]: [07:45:41][INFO] 2: branch  Vertices set up
[3208:its-track-writer]: [07:45:41][INFO] 3: branch  VerticesROF set up
[3208:its-track-writer]: [07:45:41][INFO] 4: branch  ITSTracksROF set up
[3208:its-track-writer]: [07:45:41][INFO] 5: branch  ITSTrackMCTruth set up
[3208:its-track-writer]: [07:45:41][INFO] 6: branch  ITSTracksMC2ROF set up
[3208:its-track-writer]: [07:45:41][STATE] INITIALIZING DEVICE ---> INITIALIZED
[3208:its-track-writer]: [07:45:41][STATE] INITIALIZED ---> BINDING
[3208:its-track-writer]: [07:45:41][STATE] BINDING ---> BOUND
[3208:its-track-writer]: [07:45:41][STATE] BOUND ---> CONNECTING
[3208:its-track-writer]: [07:45:41][STATE] CONNECTING ---> DEVICE READY
[3208:its-track-writer]: [07:45:41][STATE] DEVICE READY ---> INITIALIZING TASK
[3208:its-track-writer]: [07:45:41][STATE] INITIALIZING TASK ---> READY
[3208:its-track-writer]: [07:45:41][STATE] READY ---> RUNNING
[3208:its-track-writer]: [07:45:41][INFO] DEVICE: Running...
[3207:its-tracker]: [07:45:41][INFO] MagneticField::Print: MagneticFieldMap:
[3207:its-tracker]: [07:45:41][INFO] MagneticField::Print: Solenoid (-1*)5 kG, Dipole ON (-1) 
[3207:its-tracker]: [07:45:41][INFO] MagneticField::Print: Machine B fields for p-p  beam (7000 GeV): QGrad: 22.0002 Dipole: 37.8781
[3207:its-tracker]: [07:45:41][INFO] MagneticField::Print: Uses Sol30_Dip6_Hole  of /cvmfs/alice.cern.ch/el7-x86_64/Packages/O2/nightly-20210129-1/share/Common/maps/mfchebKGI_sym.root
[3207:its-tracker]: Info in <TGeoGlobalMagField::SetField>: Global magnetic field set to <MagneticFieldMap>
[3207:its-tracker]: Info in <TGeoGlobalMagField::Lock>: Global magnetic field <MagneticFieldMap> is now locked
[3207:its-tracker]: [07:45:41][INFO] Loading geometry FAIRGeom from o2sim_geometry.root
[3207:its-tracker]: Info in <TGeoManager::CloseGeometry>: Geometry loaded from file...
[3207:its-tracker]: Info in <TGeoManager::SetTopVolume>: Top volume is cave. Master volume is cave
[3207:its-tracker]: Info in <TGeoNavigator::BuildCache>: --- Maximum geometry depth set to 100
[3207:its-tracker]: Info in <TGeoManager::CloseGeometry>: Voxelization retrieved from file
[3207:its-tracker]: Info in <TGeoManager::CountLevels>: max level = 9, max placements = 126
[3207:its-tracker]: Info in <TGeoManager::CloseGeometry>: 179840 nodes/ 399 volume UID's in FAIR geometry
[3207:its-tracker]: Info in <TGeoManager::CloseGeometry>: ----------------modeler ready----------------
[3207:its-tracker]: [07:45:42][INFO] Loading ITS T2L matrices from TGeo
[3207:its-tracker]: [07:45:42][WARN] It is faster to use 2D rotation for T2G instead of full Transform3D matrices
[3207:its-tracker]: [07:45:42][INFO] Loading ITS T2G matrices from TGeo
[3204:its-digit-reader]: [07:45:42][INFO] ITSDigitReader pushed 2732765 digits, in 42 RO frames
[3207:its-tracker]: [07:45:43][INFO] Loading ITS T2G rotation 2D matrices
[3207:its-tracker]: [07:45:43][INFO] Initializing tracker in sync. phase reconstruction with 1 passes
[3207:its-tracker]: [07:45:43][INFO] Not using lookup table for material budget approximation
[3207:its-tracker]: [07:45:43][INFO] Dictionary ITSdictionary.bin is absent, Tracker expects cluster patterns
[3207:its-tracker]: [07:45:43][STATE] INITIALIZING DEVICE ---> INITIALIZED
[3207:its-tracker]: [07:45:43][STATE] INITIALIZED ---> BINDING
[3207:its-tracker]: [07:45:43][STATE] BINDING ---> BOUND
[3207:its-tracker]: [07:45:43][STATE] BOUND ---> CONNECTING
[3207:its-tracker]: [07:45:43][STATE] CONNECTING ---> DEVICE READY
[3207:its-tracker]: [07:45:43][STATE] DEVICE READY ---> INITIALIZING TASK
[3207:its-tracker]: [07:45:43][STATE] INITIALIZING TASK ---> READY
[3207:its-tracker]: [07:45:43][STATE] READY ---> RUNNING
[3207:its-tracker]: [07:45:43][INFO] DEVICE: Running...
[3205:its-clusterer]: [07:45:43][INFO] ITSClusterer pulled 2732765 digits, in 42 RO frames
[3205:its-clusterer]: [07:45:43][INFO] ITSClusterer pulled 2748847 labels 
[3205:its-clusterer]: [07:45:43][INFO] ITSClusterer pushed 415735 clusters, in 42 RO frames
[3206:its-cluster-writer]: [07:45:43][INFO] ITSClusterWriter pulled 415735 clusters, in 42 RO frames
[3207:its-tracker]: [07:45:43][INFO] ITSTracker pulled 415735 clusters, 42 RO frames
[3207:its-tracker]: [07:45:43][INFO] 415735 MC label objects , in 20 MC events
[3207:its-tracker]: [07:45:43][INFO] ITSTracker RO: continuous=1
[3207:its-tracker]: [07:45:43][INFO] Loading ITS L2G matrices from TGeo
[3207:its-tracker]: [07:45:44][INFO] ROframe: 0, clusters loaded : 1283
[3207:its-tracker]:  - Vertexer initialisation completed in: 0.296665 ms
[3207:its-tracker]:  - Tracklet finding completed in: 0.00934 ms
[3207:its-tracker]:  - Adjacent tracklets validation completed in: 0.004353 ms
[3207:its-tracker]:  - Vertex finding completed in: 0.008021 ms
[3207:its-tracker]: [07:45:44][INFO] Found tracks: 0
[3207:its-tracker]: [07:45:44][INFO] ROframe: 1, clusters loaded : 1267
[3207:its-tracker]:  - Vertexer initialisation completed in: 0.281826 ms
[3207:its-tracker]:  - Tracklet finding completed in: 0.034607 ms
[3207:its-tracker]:  - Adjacent tracklets validation completed in: 0.000358 ms
[3207:its-tracker]:  - Vertex finding completed in: 0.000303 ms
[3207:its-tracker]: [07:45:44][INFO] Found tracks: 0
[3207:its-tracker]: [07:45:44][INFO] ROframe: 2, clusters loaded : 1323
[3207:its-tracker]:  - Vertexer initialisation completed in: 0.210763 ms
[3207:its-tracker]:  - Tracklet finding completed in: 0.002305 ms
[3207:its-tracker]:  - Adjacent tracklets validation completed in: 0.000326 ms
[3207:its-tracker]:  - Vertex finding completed in: 0.000424 ms
[3207:its-tracker]: [07:45:44][INFO] Found tracks: 0
[3207:its-tracker]: [07:45:44][INFO] ROframe: 3, clusters loaded : 1229
[3207:its-tracker]:  - Vertexer initialisation completed in: 0.262285 ms
[3207:its-tracker]:  - Tracklet finding completed in: 0.001349 ms
[3207:its-tracker]:  - Adjacent tracklets validation completed in: 0.00027 ms
[3207:its-tracker]:  - Vertex finding completed in: 0.000268 ms
[3207:its-tracker]: [07:45:44][INFO] Found tracks: 0
[3207:its-tracker]: [07:45:44][INFO] ROframe: 4, clusters loaded : 1245
[3207:its-tracker]:  - Vertexer initialisation completed in: 0.24713 ms
[3207:its-tracker]:  - Tracklet finding completed in: 0.001103 ms
[3207:its-tracker]:  - Adjacent tracklets validation completed in: 0.00028 ms
[3207:its-tracker]:  - Vertex finding completed in: 0.000247 ms
[3207:its-tracker]: [07:45:44][INFO] Found tracks: 0
[3207:its-tracker]: [07:45:44][INFO] ROframe: 5, clusters loaded : 1248
[3207:its-tracker]:  - Vertexer initialisation completed in: 0.206168 ms
[3207:its-tracker]:  - Tracklet finding completed in: 0.001054 ms
[3207:its-tracker]:  - Adjacent tracklets validation completed in: 0.000204 ms
[3207:its-tracker]:  - Vertex finding completed in: 0.000208 ms
[3207:its-tracker]: [07:45:44][INFO] Found tracks: 0
[3207:its-tracker]: [07:45:44][INFO] ROframe: 6, clusters loaded : 1259
[3207:its-tracker]:  - Vertexer initialisation completed in: 0.198261 ms
[3207:its-tracker]:  - Tracklet finding completed in: 0.001855 ms
[3207:its-tracker]:  - Adjacent tracklets validation completed in: 0.000312 ms
[3207:its-tracker]:  - Vertex finding completed in: 0.000411 ms
[3207:its-tracker]: [07:45:44][INFO] Found tracks: 0
[3207:its-tracker]: [07:45:44][INFO] ROframe: 7, clusters loaded : 1258
[3207:its-tracker]:  - Vertexer initialisation completed in: 0.181968 ms
[3207:its-tracker]:  - Tracklet finding completed in: 0.002061 ms
[3207:its-tracker]:  - Adjacent tracklets validation completed in: 0.000446 ms
[3207:its-tracker]:  - Vertex finding completed in: 0.000578 ms
[3207:its-tracker]: [07:45:44][INFO] Found tracks: 0
[3207:its-tracker]: [07:45:44][INFO] ROframe: 8, clusters loaded : 1247
[3207:its-tracker]:  - Vertexer initialisation completed in: 0.222751 ms
[3207:its-tracker]:  - Tracklet finding completed in: 0.00385 ms
[3207:its-tracker]:  - Adjacent tracklets validation completed in: 0.000332 ms
[3207:its-tracker]:  - Vertex finding completed in: 0.000306 ms
[3207:its-tracker]: [07:45:44][INFO] Found tracks: 0
[3207:its-tracker]: [07:45:44][INFO] ROframe: 9, clusters loaded : 49491
[3207:its-tracker]:  - Vertexer initialisation completed in: 3.64363 ms
[3207:its-tracker]:  - Tracklet finding completed in: 18.9236 ms
[3207:its-tracker]:  - Adjacent tracklets validation completed in: 5.33384 ms
[3207:its-tracker]:  - Vertex finding completed in: 0.640126 ms
[3207:its-tracker]: 		Found vertex with:   2596 contributors
[3207:its-tracker]:  - Context initialisation completed in: 22.0226 ms
[3207:its-tracker]:  - Tracklet finding completed in: 33.6863 ms
[3207:its-tracker]:  - Cell finding completed in: 22.7722 ms
[3207:its-tracker]:  - Neighbour finding completed in: 2.49898 ms
[3207:its-tracker]:  - Road finding completed in: 1.87666 ms
[3207:its-tracker]:  - Track finding completed in: 35.9112 ms
[3207:its-tracker]:  - Vertex processing completed in: 118.768ms
[3207:its-tracker]:  - Context initialisation completed in: 0.823942 ms
[3207:its-tracker]:  - Tracklet finding completed in: 18.5966 ms
[3207:its-tracker]:  - Cell finding completed in: 7.37661 ms
[3207:its-tracker]:  - Neighbour finding completed in: 0.523159 ms
[3207:its-tracker]:  - Road finding completed in: 0.003499 ms
[3207:its-tracker]:  - Track finding completed in: 0.000517 ms
[3207:its-tracker]:  - Vertex processing completed in: 27.3243ms
[3207:its-tracker]: [07:45:44][INFO] Found tracks: 2165
[3207:its-tracker]: [07:45:44][INFO] ROframe: 10, clusters loaded : 2647
[3207:its-tracker]:  - Vertexer initialisation completed in: 0.269861 ms
[3207:its-tracker]:  - Tracklet finding completed in: 0.052292 ms
[3207:its-tracker]:  - Adjacent tracklets validation completed in: 0.00945 ms
[3207:its-tracker]:  - Vertex finding completed in: 0.018 ms
[3207:its-tracker]: 		Found vertex with:     51 contributors
[3207:its-tracker]:  - Context initialisation completed in: 1.55932 ms
[3207:its-tracker]:  - Tracklet finding completed in: 0.524112 ms
[3207:its-tracker]:  - Cell finding completed in: 0.066204 ms
[3207:its-tracker]:  - Neighbour finding completed in: 0.036465 ms
[3207:its-tracker]:  - Road finding completed in: 0.010493 ms
[3207:its-tracker]:  - Track finding completed in: 0.828232 ms
[3207:its-tracker]:  - Vertex processing completed in: 3.02482ms
[3207:its-tracker]:  - Context initialisation completed in: 0.018644 ms
[3207:its-tracker]:  - Tracklet finding completed in: 0.365395 ms
[3207:its-tracker]:  - Cell finding completed in: 0.029994 ms
[3207:its-tracker]:  - Neighbour finding completed in: 0.01199 ms
[3207:its-tracker]:  - Road finding completed in: 0.000349 ms
[3207:its-tracker]:  - Track finding completed in: 0.000248 ms
[3207:its-tracker]:  - Vertex processing completed in: 0.42662ms
[3207:its-tracker]: [07:45:44][INFO] Found tracks: 60
[3207:its-tracker]: [07:45:44][INFO] ROframe: 11, clusters loaded : 3304
[3207:its-tracker]:  - Vertexer initialisation completed in: 0.284511 ms
[3207:its-tracker]:  - Tracklet finding completed in: 0.088036 ms
[3207:its-tracker]:  - Adjacent tracklets validation completed in: 0.016939 ms
[3207:its-tracker]:  - Vertex finding completed in: 0.020694 ms
[3207:its-tracker]: 		Found vertex with:     88 contributors
[3207:its-tracker]:  - Context initialisation completed in: 1.36846 ms
[3207:its-tracker]:  - Tracklet finding completed in: 0.60634 ms
[3207:its-tracker]:  - Cell finding completed in: 0.105907 ms
[3207:its-tracker]:  - Neighbour finding completed in: 0.075788 ms
[3207:its-tracker]:  - Road finding completed in: 0.015917 ms
[3207:its-tracker]:  - Track finding completed in: 1.26763 ms
[3207:its-tracker]:  - Vertex processing completed in: 3.44004ms
[3207:its-tracker]:  - Context initialisation completed in: 0.028734 ms
[3207:its-tracker]:  - Tracklet finding completed in: 0.497397 ms
[3207:its-tracker]:  - Cell finding completed in: 0.051069 ms
[3207:its-tracker]:  - Neighbour finding completed in: 0.027375 ms
[3207:its-tracker]:  - Road finding completed in: 0.000358 ms
[3207:its-tracker]:  - Track finding completed in: 0.000257 ms
[3207:its-tracker]:  - Vertex processing completed in: 0.60519ms
[3207:its-tracker]: [07:45:44][INFO] Found tracks: 94
[3207:its-tracker]: [07:45:44][INFO] ROframe: 12, clusters loaded : 68843
[3207:its-tracker]:  - Vertexer initialisation completed in: 4.56499 ms
[3207:its-tracker]:  - Tracklet finding completed in: 34.0343 ms
[3207:its-tracker]:  - Adjacent tracklets validation completed in: 11.968 ms
[3207:its-tracker]:  - Vertex finding completed in: 1.10032 ms
[3207:its-tracker]: 		Found vertex with:   2976 contributors
[3207:its-tracker]: 		Found vertex with:    555 contributors
[3207:its-tracker]:  - Context initialisation completed in: 5.27319 ms
[3207:its-tracker]:  - Tracklet finding completed in: 41.8544 ms
[3207:its-tracker]:  - Cell finding completed in: 31.1949 ms
[3207:its-tracker]:  - Neighbour finding completed in: 2.15785 ms
[3207:its-tracker]:  - Road finding completed in: 0.997534 ms
[3207:its-tracker]:  - Track finding completed in: 29.6344 ms
[3207:its-tracker]:  - Vertex processing completed in: 111.112ms
[3207:its-tracker]:  - Context initialisation completed in: 0.928822 ms
[3207:its-tracker]:  - Tracklet finding completed in: 26.0083 ms
[3207:its-tracker]:  - Cell finding completed in: 9.12988 ms
[3207:its-tracker]:  - Neighbour finding completed in: 0.320629 ms
[3207:its-tracker]:  - Road finding completed in: 0.059075 ms
[3207:its-tracker]:  - Track finding completed in: 5.51038 ms
[3207:its-tracker]:  - Vertex processing completed in: 41.9571ms
[3207:its-tracker]:  - Context initialisation completed in: 0.375974 ms
[3207:its-tracker]:  - Tracklet finding completed in: 24.5613 ms
[3207:its-tracker]:  - Cell finding completed in: 9.74006 ms
[3207:its-tracker]:  - Neighbour finding completed in: 0.538895 ms
[3207:its-tracker]:  - Road finding completed in: 0.003736 ms
[3207:its-tracker]:  - Track finding completed in: 0.000645 ms
[3207:its-tracker]:  - Vertex processing completed in: 35.2206ms
[3207:its-tracker]:  - Context initialisation completed in: 0.410234 ms
[3207:its-tracker]:  - Tracklet finding completed in: 23.7579 ms
[3207:its-tracker]:  - Cell finding completed in: 8.84216 ms
[3207:its-tracker]:  - Neighbour finding completed in: 0.178262 ms
[3207:its-tracker]:  - Road finding completed in: 0.001448 ms
[3207:its-tracker]:  - Track finding completed in: 0.000571 ms
[3207:its-tracker]:  - Vertex processing completed in: 33.1906ms
[3207:its-tracker]: [07:45:44][INFO] Found tracks: 2984
[3207:its-tracker]: [07:45:44][INFO] ROframe: 13, clusters loaded : 1308
[3207:its-tracker]:  - Vertexer initialisation completed in: 0.238452 ms
[3207:its-tracker]:  - Tracklet finding completed in: 0.004575 ms
[3207:its-tracker]:  - Adjacent tracklets validation completed in: 0.000605 ms
[3207:its-tracker]:  - Vertex finding completed in: 0.00089 ms
[3207:its-tracker]: [07:45:44][INFO] Found tracks: 0
[3207:its-tracker]: [07:45:44][INFO] ROframe: 14, clusters loaded : 26721
[3207:its-tracker]:  - Vertexer initialisation completed in: 1.62297 ms
[3207:its-tracker]:  - Tracklet finding completed in: 4.72579 ms
[3207:its-tracker]:  - Adjacent tracklets validation completed in: 1.19293 ms
[3207:its-tracker]:  - Vertex finding completed in: 0.273652 ms
[3207:its-tracker]: 		Found vertex with:    982 contributors
[3207:its-tracker]: 		Found vertex with:    376 contributors
[3207:its-tracker]:  - Context initialisation completed in: 2.45706 ms
[3207:its-tracker]:  - Tracklet finding completed in: 11.5581 ms
[3207:its-tracker]:  - Cell finding completed in: 4.51655 ms
[3207:its-tracker]:  - Neighbour finding completed in: 0.695185 ms
[3207:its-tracker]:  - Road finding completed in: 0.212262 ms
[3207:its-tracker]:  - Track finding completed in: 12.2926 ms
[3207:its-tracker]:  - Vertex processing completed in: 31.7318ms
[3207:its-tracker]:  - Context initialisation completed in: 0.25766 ms
[3207:its-tracker]:  - Tracklet finding completed in: 8.29899 ms
[3207:its-tracker]:  - Cell finding completed in: 2.11822 ms
[3207:its-tracker]:  - Neighbour finding completed in: 0.252264 ms
[3207:its-tracker]:  - Road finding completed in: 0.061514 ms
[3207:its-tracker]:  - Track finding completed in: 4.85502 ms
[3207:its-tracker]:  - Vertex processing completed in: 15.8437ms
[3207:its-tracker]:  - Context initialisation completed in: 0.15963 ms
[3207:its-tracker]:  - Tracklet finding completed in: 7.43801 ms
[3207:its-tracker]:  - Cell finding completed in: 1.61741 ms
[3207:its-tracker]:  - Neighbour finding completed in: 0.161262 ms
[3207:its-tracker]:  - Road finding completed in: 0.001374 ms
[3207:its-tracker]:  - Track finding completed in: 0.000695 ms
[3207:its-tracker]:  - Vertex processing completed in: 9.37838ms
[3207:its-tracker]:  - Context initialisation completed in: 0.122499 ms
[3207:its-tracker]:  - Tracklet finding completed in: 7.20118 ms
[3207:its-tracker]:  - Cell finding completed in: 1.10306 ms
[3207:its-tracker]:  - Neighbour finding completed in: 0.080363 ms
[3207:its-tracker]:  - Road finding completed in: 0.00086 ms
[3207:its-tracker]:  - Track finding completed in: 0.000927 ms
[3207:its-tracker]:  - Vertex processing completed in: 8.50888ms
[3207:its-tracker]: [07:45:44][INFO] Found tracks: 1102
[3207:its-tracker]: [07:45:44][INFO] ROframe: 15, clusters loaded : 1323
[3207:its-tracker]:  - Vertexer initialisation completed in: 0.250164 ms
[3207:its-tracker]:  - Tracklet finding completed in: 0.00324 ms
[3207:its-tracker]:  - Adjacent tracklets validation completed in: 0.000578 ms
[3207:its-tracker]:  - Vertex finding completed in: 0.000863 ms
[3207:its-tracker]: [07:45:44][INFO] Found tracks: 0
[3207:its-tracker]: [07:45:44][INFO] ROframe: 16, clusters loaded : 1288
[3207:its-tracker]:  - Vertexer initialisation completed in: 0.204741 ms
[3207:its-tracker]:  - Tracklet finding completed in: 0.001549 ms
[3207:its-tracker]:  - Adjacent tracklets validation completed in: 0.000292 ms
[3207:its-tracker]:  - Vertex finding completed in: 0.000247 ms
[3207:its-tracker]: [07:45:44][INFO] Found tracks: 0
[3207:its-tracker]: [07:45:44][INFO] ROframe: 17, clusters loaded : 1291
[3207:its-tracker]:  - Vertexer initialisation completed in: 0.251496 ms
[3207:its-tracker]:  - Tracklet finding completed in: 0.001342 ms
[3207:its-tracker]:  - Adjacent tracklets validation completed in: 0.000325 ms
[3207:its-tracker]:  - Vertex finding completed in: 0.000305 ms
[3207:its-tracker]: [07:45:44][INFO] Found tracks: 0
[3207:its-tracker]: [07:45:44][INFO] ROframe: 18, clusters loaded : 4646
[3207:its-tracker]:  - Vertexer initialisation completed in: 0.364466 ms
[3207:its-tracker]:  - Tracklet finding completed in: 0.153074 ms
[3207:its-tracker]:  - Adjacent tracklets validation completed in: 0.026774 ms
[3207:its-tracker]:  - Vertex finding completed in: 0.082895 ms
[3207:its-tracker]: 		Found vertex with:    158 contributors
[3207:its-tracker]:  - Context initialisation completed in: 1.45659 ms
[3207:its-tracker]:  - Tracklet finding completed in: 0.96263 ms
[3207:its-tracker]:  - Cell finding completed in: 0.216683 ms
[3207:its-tracker]:  - Neighbour finding completed in: 0.086767 ms
[3207:its-tracker]:  - Road finding completed in: 0.02572 ms
[3207:its-tracker]:  - Track finding completed in: 1.66098 ms
[3207:its-tracker]:  - Vertex processing completed in: 4.40937ms
[3207:its-tracker]:  - Context initialisation completed in: 0.036925 ms
[3207:its-tracker]:  - Tracklet finding completed in: 0.733282 ms
[3207:its-tracker]:  - Cell finding completed in: 0.102061 ms
[3207:its-tracker]:  - Neighbour finding completed in: 0.039504 ms
[3207:its-tracker]:  - Road finding completed in: 0.000587 ms
[3207:its-tracker]:  - Track finding completed in: 0.000352 ms
[3207:its-tracker]:  - Vertex processing completed in: 0.912711ms
[3207:its-tracker]: [07:45:44][INFO] Found tracks: 126
[3207:its-tracker]: [07:45:44][INFO] ROframe: 19, clusters loaded : 3571
[3207:its-tracker]:  - Vertexer initialisation completed in: 0.296181 ms
[3207:its-tracker]:  - Tracklet finding completed in: 0.111052 ms
[3207:its-tracker]:  - Adjacent tracklets validation completed in: 0.019521 ms
[3207:its-tracker]:  - Vertex finding completed in: 0.02111 ms
[3207:its-tracker]: 		Found vertex with:    106 contributors
[3207:its-tracker]:  - Context initialisation completed in: 1.41941 ms
[3207:its-tracker]:  - Tracklet finding completed in: 0.653314 ms
[3207:its-tracker]:  - Cell finding completed in: 0.125328 ms
[3207:its-tracker]:  - Neighbour finding completed in: 0.070432 ms
[3207:its-tracker]:  - Road finding completed in: 0.01864 ms
[3207:its-tracker]:  - Track finding completed in: 1.39996 ms
[3207:its-tracker]:  - Vertex processing completed in: 3.68709ms
[3207:its-tracker]:  - Context initialisation completed in: 0.027279 ms
[3207:its-tracker]:  - Tracklet finding completed in: 0.51241 ms
[3207:its-tracker]:  - Cell finding completed in: 0.074773 ms
[3207:its-tracker]:  - Neighbour finding completed in: 0.021513 ms
[3207:its-tracker]:  - Road finding completed in: 0.000292 ms
[3207:its-tracker]:  - Track finding completed in: 0.000293 ms
[3207:its-tracker]:  - Vertex processing completed in: 0.63656ms
[3207:its-tracker]: [07:45:44][INFO] Found tracks: 86
[3207:its-tracker]: [07:45:44][INFO] ROframe: 20, clusters loaded : 18231
[3207:its-tracker]:  - Vertexer initialisation completed in: 1.16326 ms
[3207:its-tracker]:  - Tracklet finding completed in: 2.28323 ms
[3207:its-tracker]:  - Adjacent tracklets validation completed in: 0.446137 ms
[3207:its-tracker]:  - Vertex finding completed in: 0.145032 ms
[3207:its-tracker]: 		Found vertex with:    843 contributors
[3207:its-tracker]:  - Context initialisation completed in: 1.97768 ms
[3207:its-tracker]:  - Tracklet finding completed in: 6.55355 ms
[3207:its-tracker]:  - Cell finding completed in: 2.50248 ms
[3207:its-tracker]:  - Neighbour finding completed in: 0.571605 ms
[3207:its-tracker]:  - Road finding completed in: 0.165263 ms
[3207:its-tracker]:  - Track finding completed in: 12.0705 ms
[3207:its-tracker]:  - Vertex processing completed in: 23.8411ms
[3207:its-tracker]:  - Context initialisation completed in: 0.257552 ms
[3207:its-tracker]:  - Tracklet finding completed in: 4.46326 ms
[3207:its-tracker]:  - Cell finding completed in: 1.05195 ms
[3207:its-tracker]:  - Neighbour finding completed in: 0.159334 ms
[3207:its-tracker]:  - Road finding completed in: 0.001155 ms
[3207:its-tracker]:  - Track finding completed in: 0.000448 ms
[3207:its-tracker]:  - Vertex processing completed in: 5.9337ms
[3207:its-tracker]: [07:45:44][INFO] Found tracks: 765
[3207:its-tracker]: [07:45:44][INFO] ROframe: 21, clusters loaded : 1203
[3207:its-tracker]:  - Vertexer initialisation completed in: 0.260365 ms
[3207:its-tracker]:  - Tracklet finding completed in: 0.002427 ms
[3207:its-tracker]:  - Adjacent tracklets validation completed in: 0.000561 ms
[3207:its-tracker]:  - Vertex finding completed in: 0.001025 ms
[3207:its-tracker]: [07:45:44][INFO] Found tracks: 0
[3207:its-tracker]: [07:45:44][INFO] ROframe: 22, clusters loaded : 1301
[3207:its-tracker]:  - Vertexer initialisation completed in: 0.210594 ms
[3207:its-tracker]:  - Tracklet finding completed in: 0.001689 ms
[3207:its-tracker]:  - Adjacent tracklets validation completed in: 0.000362 ms
[3207:its-tracker]:  - Vertex finding completed in: 0.000428 ms
[3207:its-tracker]: [07:45:44][INFO] Found tracks: 0
[3207:its-tracker]: [07:45:44][INFO] ROframe: 23, clusters loaded : 2653
[3207:its-tracker]:  - Vertexer initialisation completed in: 0.265984 ms
[3207:its-tracker]:  - Tracklet finding completed in: 0.067818 ms
[3207:its-tracker]:  - Adjacent tracklets validation completed in: 0.014346 ms
[3207:its-tracker]:  - Vertex finding completed in: 0.022339 ms
[3207:its-tracker]: 		Found vertex with:     43 contributors
[3207:its-tracker]: 		Found vertex with:     17 contributors
[3207:its-tracker]:  - Context initialisation completed in: 1.57312 ms
[3207:its-tracker]:  - Tracklet finding completed in: 0.472425 ms
[3207:its-tracker]:  - Cell finding completed in: 0.048058 ms
[3207:its-tracker]:  - Neighbour finding completed in: 0.025512 ms
[3207:its-tracker]:  - Road finding completed in: 0.009541 ms
[3207:its-tracker]:  - Track finding completed in: 0.543592 ms
[3207:its-tracker]:  - Vertex processing completed in: 2.67225ms
[3207:its-tracker]:  - Context initialisation completed in: 0.012858 ms
[3207:its-tracker]:  - Tracklet finding completed in: 0.362468 ms
[3207:its-tracker]:  - Cell finding completed in: 0.029261 ms
[3207:its-tracker]:  - Neighbour finding completed in: 0.014527 ms
[3207:its-tracker]:  - Road finding completed in: 0.004322 ms
[3207:its-tracker]:  - Track finding completed in: 0.27257 ms
[3207:its-tracker]:  - Vertex processing completed in: 0.696006ms
[3207:its-tracker]:  - Context initialisation completed in: 0.010194 ms
[3207:its-tracker]:  - Tracklet finding completed in: 0.332894 ms
[3207:its-tracker]:  - Cell finding completed in: 0.022761 ms
[3207:its-tracker]:  - Neighbour finding completed in: 0.006415 ms
[3207:its-tracker]:  - Road finding completed in: 0.000239 ms
[3207:its-tracker]:  - Track finding completed in: 0.000269 ms
[3207:its-tracker]:  - Vertex processing completed in: 0.372772ms
[3207:its-tracker]:  - Context initialisation completed in: 0.006497 ms
[3207:its-tracker]:  - Tracklet finding completed in: 0.301145 ms
[3207:its-tracker]:  - Cell finding completed in: 0.014738 ms
[3207:its-tracker]:  - Neighbour finding completed in: 0.004876 ms
[3207:its-tracker]:  - Road finding completed in: 0.000202 ms
[3207:its-tracker]:  - Track finding completed in: 0.000134 ms
[3207:its-tracker]:  - Vertex processing completed in: 0.327592ms
[3207:its-tracker]: [07:45:44][INFO] Found tracks: 61
[3207:its-tracker]: [07:45:44][INFO] ROframe: 24, clusters loaded : 1255
[3207:its-tracker]:  - Vertexer initialisation completed in: 0.216369 ms
[3207:its-tracker]:  - Tracklet finding completed in: 0.002292 ms
[3207:its-tracker]:  - Adjacent tracklets validation completed in: 0.000536 ms
[3207:its-tracker]:  - Vertex finding completed in: 0.000662 ms
[3207:its-tracker]: [07:45:44][INFO] Found tracks: 0
[3207:its-tracker]: [07:45:44][INFO] ROframe: 25, clusters loaded : 1235
[3207:its-tracker]:  - Vertexer initialisation completed in: 0.213691 ms
[3207:its-tracker]:  - Tracklet finding completed in: 0.001205 ms
[3207:its-tracker]:  - Adjacent tracklets validation completed in: 0.000335 ms
[3207:its-tracker]:  - Vertex finding completed in: 0.000448 ms
[3207:its-tracker]: [07:45:44][INFO] Found tracks: 0
[3207:its-tracker]: [07:45:44][INFO] ROframe: 26, clusters loaded : 1261
[3207:its-tracker]:  - Vertexer initialisation completed in: 0.230714 ms
[3207:its-tracker]:  - Tracklet finding completed in: 0.003552 ms
[3207:its-tracker]:  - Adjacent tracklets validation completed in: 0.000407 ms
[3207:its-tracker]:  - Vertex finding completed in: 0.000412 ms
[3207:its-tracker]: [07:45:44][INFO] Found tracks: 0
[3207:its-tracker]: [07:45:44][INFO] ROframe: 27, clusters loaded : 1278
[3207:its-tracker]:  - Vertexer initialisation completed in: 0.234539 ms
[3207:its-tracker]:  - Tracklet finding completed in: 0.002128 ms
[3207:its-tracker]:  - Adjacent tracklets validation completed in: 0.000352 ms
[3207:its-tracker]:  - Vertex finding completed in: 0.000343 ms
[3207:its-tracker]: [07:45:44][INFO] Found tracks: 0
[3207:its-tracker]: [07:45:44][INFO] ROframe: 28, clusters loaded : 1261
[3207:its-tracker]:  - Vertexer initialisation completed in: 0.225704 ms
[3207:its-tracker]:  - Tracklet finding completed in: 0.00162 ms
[3207:its-tracker]:  - Adjacent tracklets validation completed in: 0.000403 ms
[3207:its-tracker]:  - Vertex finding completed in: 0.000281 ms
[3207:its-tracker]: [07:45:44][INFO] Found tracks: 0
[3207:its-tracker]: [07:45:44][INFO] ROframe: 29, clusters loaded : 1234
[3207:its-tracker]:  - Vertexer initialisation completed in: 0.215058 ms
[3207:its-tracker]:  - Tracklet finding completed in: 0.001791 ms
[3207:its-tracker]:  - Adjacent tracklets validation completed in: 0.000345 ms
[3207:its-tracker]:  - Vertex finding completed in: 0.000497 ms
[3207:its-tracker]: [07:45:44][INFO] Found tracks: 0
[3207:its-tracker]: [07:45:44][INFO] ROframe: 30, clusters loaded : 1281
[3207:its-tracker]:  - Vertexer initialisation completed in: 0.226503 ms
[3207:its-tracker]:  - Tracklet finding completed in: 0.002496 ms
[3207:its-tracker]:  - Adjacent tracklets validation completed in: 0.000436 ms
[3207:its-tracker]:  - Vertex finding completed in: 0.000379 ms
[3207:its-tracker]: [07:45:44][INFO] Found tracks: 0
[3207:its-tracker]: [07:45:44][INFO] ROframe: 31, clusters loaded : 46822
[3207:its-tracker]:  - Vertexer initialisation completed in: 3.00763 ms
[3207:its-tracker]:  - Tracklet finding completed in: 13.5157 ms
[3207:its-tracker]:  - Adjacent tracklets validation completed in: 4.04649 ms
[3207:its-tracker]:  - Vertex finding completed in: 0.574369 ms
[3207:its-tracker]: 		Found vertex with:   1500 contributors
[3207:its-tracker]: 		Found vertex with:    816 contributors
[3207:its-tracker]:  - Context initialisation completed in: 3.40183 ms
[3207:its-tracker]:  - Tracklet finding completed in: 27.4966 ms
[3207:its-tracker]:  - Cell finding completed in: 15.554 ms
[3207:its-tracker]:  - Neighbour finding completed in: 1.31384 ms
[3207:its-tracker]:  - Road finding completed in: 0.572741 ms
[3207:its-tracker]:  - Track finding completed in: 18.9406 ms
[3207:its-tracker]:  - Vertex processing completed in: 67.2796ms
[3207:its-tracker]:  - Context initialisation completed in: 0.440701 ms
[3207:its-tracker]:  - Tracklet finding completed in: 16.0447 ms
[3207:its-tracker]:  - Cell finding completed in: 5.81875 ms
[3207:its-tracker]:  - Neighbour finding completed in: 0.412462 ms
[3207:its-tracker]:  - Road finding completed in: 0.096394 ms
[3207:its-tracker]:  - Track finding completed in: 12.766 ms
[3207:its-tracker]:  - Vertex processing completed in: 35.579ms
[3207:its-tracker]:  - Context initialisation completed in: 0.401057 ms
[3207:its-tracker]:  - Tracklet finding completed in: 17.7919 ms
[3207:its-tracker]:  - Cell finding completed in: 5.4278 ms
[3207:its-tracker]:  - Neighbour finding completed in: 0.33958 ms
[3207:its-tracker]:  - Road finding completed in: 0.002633 ms
[3207:its-tracker]:  - Track finding completed in: 0.000532 ms
[3207:its-tracker]:  - Vertex processing completed in: 23.9635ms
[3207:its-tracker]:  - Context initialisation completed in: 0.28087 ms
[3207:its-tracker]:  - Tracklet finding completed in: 17.7206 ms
[3207:its-tracker]:  - Cell finding completed in: 4.67184 ms
[3207:its-tracker]:  - Neighbour finding completed in: 0.202398 ms
[3207:its-tracker]:  - Road finding completed in: 0.001515 ms
[3207:its-tracker]:  - Track finding completed in: 0.000535 ms
[3207:its-tracker]:  - Vertex processing completed in: 22.8777ms
[3207:its-tracker]: [07:45:44][INFO] Found tracks: 2013
[3207:its-tracker]: [07:45:44][INFO] ROframe: 32, clusters loaded : 1252
[3207:its-tracker]:  - Vertexer initialisation completed in: 0.260164 ms
[3207:its-tracker]:  - Tracklet finding completed in: 0.00222 ms
[3207:its-tracker]:  - Adjacent tracklets validation completed in: 0.000601 ms
[3207:its-tracker]:  - Vertex finding completed in: 0.001232 ms
[3207:its-tracker]: [07:45:44][INFO] Found tracks: 0
[3207:its-tracker]: [07:45:44][INFO] ROframe: 33, clusters loaded : 1262
[3207:its-tracker]:  - Vertexer initialisation completed in: 0.252647 ms
[3207:its-tracker]:  - Tracklet finding completed in: 0.00189 ms
[3207:its-tracker]:  - Adjacent tracklets validation completed in: 0.000373 ms
[3207:its-tracker]:  - Vertex finding completed in: 0.000433 ms
[3207:its-tracker]: [07:45:44][INFO] Found tracks: 0
[3207:its-tracker]: [07:45:44][INFO] ROframe: 34, clusters loaded : 1253
[3207:its-tracker]:  - Vertexer initialisation completed in: 0.22311 ms
[3207:its-tracker]:  - Tracklet finding completed in: 0.001943 ms
[3207:its-tracker]:  - Adjacent tracklets validation completed in: 0.000435 ms
[3207:its-tracker]:  - Vertex finding completed in: 0.000338 ms
[3207:its-tracker]: [07:45:44][INFO] Found tracks: 0
[3207:its-tracker]: [07:45:44][INFO] ROframe: 35, clusters loaded : 1325
[3207:its-tracker]:  - Vertexer initialisation completed in: 0.262798 ms
[3207:its-tracker]:  - Tracklet finding completed in: 0.001317 ms
[3207:its-tracker]:  - Adjacent tracklets validation completed in: 0.00036 ms
[3207:its-tracker]:  - Vertex finding completed in: 0.000181 ms
[3207:its-tracker]: [07:45:44][INFO] Found tracks: 0
[3207:its-tracker]: [07:45:44][INFO] ROframe: 36, clusters loaded : 1249
[3207:its-tracker]:  - Vertexer initialisation completed in: 0.27254 ms
[3207:its-tracker]:  - Tracklet finding completed in: 0.000992 ms
[3207:its-tracker]:  - Adjacent tracklets validation completed in: 0.000313 ms
[3207:its-tracker]:  - Vertex finding completed in: 0.0002 ms
[3207:its-tracker]: [07:45:44][INFO] Found tracks: 0
[3207:its-tracker]: [07:45:44][INFO] ROframe: 37, clusters loaded : 34230
[3207:its-tracker]:  - Vertexer initialisation completed in: 2.26511 ms
[3207:its-tracker]:  - Tracklet finding completed in: 7.34069 ms
[3207:its-tracker]:  - Adjacent tracklets validation completed in: 2.08457 ms
[3207:its-tracker]:  - Vertex finding completed in: 0.361047 ms
[3207:its-tracker]: 		Found vertex with:   1386 contributors
[3207:its-tracker]: 		Found vertex with:    297 contributors
[3207:its-tracker]:  - Context initialisation completed in: 2.85205 ms
[3207:its-tracker]:  - Tracklet finding completed in: 17.5295 ms
[3207:its-tracker]:  - Cell finding completed in: 9.26496 ms
[3207:its-tracker]:  - Neighbour finding completed in: 1.18204 ms
[3207:its-tracker]:  - Road finding completed in: 0.587914 ms
[3207:its-tracker]:  - Track finding completed in: 20.6956 ms
[3207:its-tracker]:  - Vertex processing completed in: 52.1121ms
[3207:its-tracker]:  - Context initialisation completed in: 0.459549 ms
[3207:its-tracker]:  - Tracklet finding completed in: 11.2734 ms
[3207:its-tracker]:  - Cell finding completed in: 2.37449 ms
[3207:its-tracker]:  - Neighbour finding completed in: 0.204515 ms
[3207:its-tracker]:  - Road finding completed in: 0.052707 ms
[3207:its-tracker]:  - Track finding completed in: 5.39498 ms
[3207:its-tracker]:  - Vertex processing completed in: 19.7597ms
[3207:its-tracker]:  - Context initialisation completed in: 0.188648 ms
[3207:its-tracker]:  - Tracklet finding completed in: 10.6545 ms
[3207:its-tracker]:  - Cell finding completed in: 2.77094 ms
[3207:its-tracker]:  - Neighbour finding completed in: 0.292863 ms
[3207:its-tracker]:  - Road finding completed in: 0.002159 ms
[3207:its-tracker]:  - Track finding completed in: 0.00069 ms
[3207:its-tracker]:  - Vertex processing completed in: 13.9098ms
[3207:its-tracker]:  - Context initialisation completed in: 0.186249 ms
[3207:its-tracker]:  - Tracklet finding completed in: 10.0465 ms
[3207:its-tracker]:  - Cell finding completed in: 1.63328 ms
[3207:its-tracker]:  - Neighbour finding completed in: 0.089676 ms
[3207:its-tracker]:  - Road finding completed in: 0.001097 ms
[3207:its-tracker]:  - Track finding completed in: 0.000301 ms
[3207:its-tracker]:  - Vertex processing completed in: 11.9571ms
[3207:its-tracker]: [07:45:45][INFO] Found tracks: 1570
[3207:its-tracker]: [07:45:45][INFO] ROframe: 38, clusters loaded : 56354
[3207:its-tracker]:  - Vertexer initialisation completed in: 3.62319 ms
[3207:its-tracker]:  - Tracklet finding completed in: 18.2761 ms
[3207:its-tracker]:  - Adjacent tracklets validation completed in: 7.35907 ms
[3207:its-tracker]:  - Vertex finding completed in: 0.699209 ms
[3207:its-tracker]: 		Found vertex with:   1712 contributors
[3207:its-tracker]: 		Found vertex with:   1095 contributors
[3207:its-tracker]:  - Context initialisation completed in: 4.01093 ms
[3207:its-tracker]:  - Tracklet finding completed in: 35.2524 ms
[3207:its-tracker]:  - Cell finding completed in: 19.3751 ms
[3207:its-tracker]:  - Neighbour finding completed in: 1.6643 ms
[3207:its-tracker]:  - Road finding completed in: 0.468692 ms
[3207:its-tracker]:  - Track finding completed in: 25.7042 ms
[3207:its-tracker]:  - Vertex processing completed in: 86.4756ms
[3207:its-tracker]:  - Context initialisation completed in: 0.776464 ms
[3207:its-tracker]:  - Tracklet finding completed in: 28.6355 ms
[3207:its-tracker]:  - Cell finding completed in: 10.6603 ms
[3207:its-tracker]:  - Neighbour finding completed in: 0.861033 ms
[3207:its-tracker]:  - Road finding completed in: 0.277537 ms
[3207:its-tracker]:  - Track finding completed in: 15.819 ms
[3207:its-tracker]:  - Vertex processing completed in: 57.0299ms
[3207:its-tracker]:  - Context initialisation completed in: 0.584644 ms
[3207:its-tracker]:  - Tracklet finding completed in: 21.3332 ms
[3207:its-tracker]:  - Cell finding completed in: 7.02432 ms
[3207:its-tracker]:  - Neighbour finding completed in: 0.371503 ms
[3207:its-tracker]:  - Road finding completed in: 0.002773 ms
[3207:its-tracker]:  - Track finding completed in: 0.000562 ms
[3207:its-tracker]:  - Vertex processing completed in: 29.317ms
[3207:its-tracker]:  - Context initialisation completed in: 0.377769 ms
[3207:its-tracker]:  - Tracklet finding completed in: 22.7092 ms
[3207:its-tracker]:  - Cell finding completed in: 5.9094 ms
[3207:its-tracker]:  - Neighbour finding completed in: 0.259479 ms
[3207:its-tracker]:  - Road finding completed in: 0.001933 ms
[3207:its-tracker]:  - Track finding completed in: 0.000534 ms
[3207:its-tracker]:  - Vertex processing completed in: 29.2584ms
[3207:its-tracker]: [07:45:45][INFO] Found tracks: 2567
[3207:its-tracker]: [07:45:45][INFO] ROframe: 39, clusters loaded : 61215
[3207:its-tracker]:  - Vertexer initialisation completed in: 4.64315 ms
[3207:its-tracker]:  - Tracklet finding completed in: 21.9576 ms
[3207:its-tracker]:  - Adjacent tracklets validation completed in: 9.61481 ms
[3207:its-tracker]:  - Vertex finding completed in: 0.836656 ms
[3207:its-tracker]: 		Found vertex with:   3286 contributors
[3207:its-tracker]:  - Context initialisation completed in: 4.12419 ms
[3207:its-tracker]:  - Tracklet finding completed in: 42.9502 ms
[3207:its-tracker]:  - Cell finding completed in: 33.5363 ms
[3207:its-tracker]:  - Neighbour finding completed in: 3.05798 ms
[3207:its-tracker]:  - Road finding completed in: 1.74697 ms
[3207:its-tracker]:  - Track finding completed in: 47.0552 ms
[3207:its-tracker]:  - Vertex processing completed in: 132.471ms
[3207:its-tracker]:  - Context initialisation completed in: 1.1389 ms
[3207:its-tracker]:  - Tracklet finding completed in: 26.5522 ms
[3207:its-tracker]:  - Cell finding completed in: 10.5933 ms
[3207:its-tracker]:  - Neighbour finding completed in: 0.752749 ms
[3207:its-tracker]:  - Road finding completed in: 0.004499 ms
[3207:its-tracker]:  - Track finding completed in: 0.000622 ms
[3207:its-tracker]:  - Vertex processing completed in: 39.0422ms
[3207:its-tracker]: [07:45:45][INFO] Found tracks: 2806
[3207:its-tracker]: [07:45:45][INFO] ROframe: 40, clusters loaded : 1546
[3207:its-tracker]:  - Vertexer initialisation completed in: 0.225823 ms
[3207:its-tracker]:  - Tracklet finding completed in: 0.003145 ms
[3207:its-tracker]:  - Adjacent tracklets validation completed in: 0.000645 ms
[3207:its-tracker]:  - Vertex finding completed in: 0.000953 ms
[3207:its-tracker]: [07:45:45][INFO] Found tracks: 0
[3207:its-tracker]: [07:45:45][INFO] ROframe: 41, clusters loaded : 1242
[3207:its-tracker]:  - Vertexer initialisation completed in: 0.259444 ms
[3207:its-tracker]:  - Tracklet finding completed in: 0.001238 ms
[3207:its-tracker]:  - Adjacent tracklets validation completed in: 0.000333 ms
[3207:its-tracker]:  - Vertex finding completed in: 0.00086 ms
[3207:its-tracker]: [07:45:45][INFO] Found tracks: 0
[3207:its-tracker]: [07:45:45][INFO] ITSTracker pushed 16399 tracks
[3207:its-tracker]: [07:45:45][INFO] ITS CA-Tracker total timing: Cpu: 1.620e+00 Real: 1.639e+00 s in 1 slots
[3208:its-track-writer]: [07:45:45][INFO] ITSTrackWriter pulled 16399 tracks, in 42 RO frames
[INFO] Quitting
[INFO] QUIT_REQUESTED
[3207:its-tracker]: [07:45:45][INFO] Received device shutdown request (signal 15).
[3207:its-tracker]: [07:45:45][INFO] Waiting for graceful device shutdown. Hit Ctrl-C again to abort immediately.
[3206:its-cluster-writer]: [07:45:45][INFO] Received device shutdown request (signal 15).
[3206:its-cluster-writer]: [07:45:45][INFO] Waiting for graceful device shutdown. Hit Ctrl-C again to abort immediately.
[3204:its-digit-reader]: [07:45:45][INFO] Received device shutdown request (signal 15).
[3204:its-digit-reader]: [07:45:45][INFO] Waiting for graceful device shutdown. Hit Ctrl-C again to abort immediately.
[3205:its-clusterer]: [07:45:45][INFO] Received device shutdown request (signal 15).
[3205:its-clusterer]: [07:45:45][INFO] Waiting for graceful device shutdown. Hit Ctrl-C again to abort immediately.
[3208:its-track-writer]: [07:45:45][INFO] Received device shutdown request (signal 15).
[3208:its-track-writer]: [07:45:45][INFO] Waiting for graceful device shutdown. Hit Ctrl-C again to abort immediately.
[3203:internal-dpl-clock]: [07:45:45][INFO] Received device shutdown request (signal 15).
[3203:internal-dpl-clock]: [07:45:45][INFO] Waiting for graceful device shutdown. Hit Ctrl-C again to abort immediately.
[3204:its-digit-reader]: [07:45:45][STATE] RUNNING ---> READY
[3204:its-digit-reader]: [07:45:45][STATE] READY ---> RESETTING TASK
[3204:its-digit-reader]: [07:45:45][STATE] RESETTING TASK ---> DEVICE READY
[3204:its-digit-reader]: [07:45:45][STATE] DEVICE READY ---> RESETTING DEVICE
[3204:its-digit-reader]: [07:45:45][STATE] RESETTING DEVICE ---> IDLE
[3204:its-digit-reader]: [07:45:45][STATE] IDLE ---> EXITING
[3204:its-digit-reader]: [07:45:45][STATE] Exiting FairMQ state machine
[3205:its-clusterer]: [07:45:46][STATE] RUNNING ---> READY
[3207:its-tracker]: [07:45:46][STATE] RUNNING ---> READY
[3203:internal-dpl-clock]: [07:45:46][STATE] RUNNING ---> READY
[3203:internal-dpl-clock]: [07:45:46][STATE] READY ---> RESETTING TASK
[3203:internal-dpl-clock]: [07:45:46][STATE] RESETTING TASK ---> DEVICE READY
[3207:its-tracker]: [07:45:46][STATE] READY ---> RESETTING TASK
[3207:its-tracker]: [07:45:46][STATE] RESETTING TASK ---> DEVICE READY
[3205:its-clusterer]: [07:45:46][STATE] READY ---> RESETTING TASK
[3205:its-clusterer]: [07:45:46][STATE] RESETTING TASK ---> DEVICE READY
[3207:its-tracker]: [07:45:46][STATE] DEVICE READY ---> RESETTING DEVICE
[3203:internal-dpl-clock]: [07:45:46][STATE] DEVICE READY ---> RESETTING DEVICE
[3205:its-clusterer]: [07:45:46][STATE] DEVICE READY ---> RESETTING DEVICE
[3207:its-tracker]: [07:45:46][STATE] RESETTING DEVICE ---> IDLE
[3203:internal-dpl-clock]: [07:45:46][STATE] RESETTING DEVICE ---> IDLE
[3203:internal-dpl-clock]: [07:45:46][STATE] IDLE ---> EXITING
[3203:internal-dpl-clock]: [07:45:46][STATE] Exiting FairMQ state machine
[3205:its-clusterer]: [07:45:46][STATE] RESETTING DEVICE ---> IDLE
[3205:its-clusterer]: [07:45:46][STATE] IDLE ---> EXITING
[3207:its-tracker]: [07:45:46][STATE] IDLE ---> EXITING
[3205:its-clusterer]: [07:45:46][STATE] Exiting FairMQ state machine
[3207:its-tracker]: [07:45:46][STATE] Exiting FairMQ state machine
[3208:its-track-writer]: [07:45:47][STATE] RUNNING ---> READY
[3208:its-track-writer]: [07:45:47][STATE] READY ---> RESETTING TASK
[3208:its-track-writer]: [07:45:47][STATE] RESETTING TASK ---> DEVICE READY
[3208:its-track-writer]: [07:45:47][STATE] DEVICE READY ---> RESETTING DEVICE
[3208:its-track-writer]: [07:45:47][STATE] RESETTING DEVICE ---> IDLE
[3208:its-track-writer]: [07:45:47][STATE] IDLE ---> EXITING
[3208:its-track-writer]: [07:45:47][STATE] Exiting FairMQ state machine
[3206:its-cluster-writer]: [07:45:47][STATE] RUNNING ---> READY
[3206:its-cluster-writer]: [07:45:47][STATE] READY ---> RESETTING TASK
[3206:its-cluster-writer]: [07:45:47][STATE] RESETTING TASK ---> DEVICE READY
[3206:its-cluster-writer]: [07:45:47][STATE] DEVICE READY ---> RESETTING DEVICE
[3206:its-cluster-writer]: Cleaning up for shared memory id 'b672486d'...
[3206:its-cluster-writer]: No region counter found. No regions to cleanup.
[3206:its-cluster-writer]: Successfully removed 'fmq_b672486d_m_0'.
[3206:its-cluster-writer]: Successfully removed 'fmq_b672486d_mng'.
[3206:its-cluster-writer]: Successfully removed 'fmq_b672486d_mtx'.
[3206:its-cluster-writer]: Successfully removed 'fmq_b672486d_cv'.
[3206:its-cluster-writer]: [07:45:47][STATE] RESETTING DEVICE ---> IDLE
[3206:its-cluster-writer]: [07:45:47][STATE] IDLE ---> EXITING
[3206:its-cluster-writer]: [07:45:47][STATE] Exiting FairMQ state machine
[INFO] Dumping used configuration in dpl-config.json
