===============================
execute this script as follows:
./generate_its.sh system region nevents
where:
system = 1 -> pp
       = 2 -> Pb-Pb
region = 1 -> ITS only
       = 2 -> whole detector
===============================
will generate Pb-Pb events
will transport events in the ITS only
Will generate: 10 events
Moving to /eos/user/f/ftorales/its_data/alignment/lbnl_alice_alignment_tasks/2287089/8
/eos/user/f/ftorales/its_data/alignment/lbnl_alice_alignment_tasks/2287089/8

==============================================================================================
1. MC generation run
[INFO] Running with 6 sim workers 
[INFO] CREATING SIM SHARED MEM SEGMENT FOR 6 WORKERS
Spawning particle server on PID 996; Redirect output to o2sim_serverlog
Spawning sim worker 0 on PID 998; Redirect output to o2sim_workerlog0
Spawning hit merger on PID 999; Redirect output to o2sim_mergerlog
[INFO] DISTRIBUTING EVENT : 1
[INFO] EVENT FINISHED : 1
[INFO] DISTRIBUTING EVENT : 2
[INFO] DISTRIBUTING EVENT : 3
[INFO] EVENT FINISHED : 2
[INFO] EVENT FINISHED : 3
[INFO] DISTRIBUTING EVENT : 4
[INFO] DISTRIBUTING EVENT : 5
[INFO] EVENT FINISHED : 5
[INFO] EVENT FINISHED : 4
[INFO] DISTRIBUTING EVENT : 6
[INFO] EVENT FINISHED : 6
[INFO] DISTRIBUTING EVENT : 7
[INFO] DISTRIBUTING EVENT : 8
[INFO] EVENT FINISHED : 7
[INFO] EVENT FINISHED : 8
[INFO] DISTRIBUTING EVENT : 9
[INFO] EVENT FINISHED : 9
[INFO] DISTRIBUTING EVENT : 10
[INFO] EVENT FINISHED : 10
[INFO] Merger process 999 returned
[INFO] Simulation process took 99.5558 s
[INFO] SIMULATION RETURNED SUCCESFULLY

==============================================================================================
2. Hits to digits conversion
Run: 1621527718
Fill:      0
Period: 
LHC State: 
Start: Thu May 20 18:21:59 2021
End  : Thu May 20 18:22:00 2021
Beam0: Z:A =   0:  0, Energy = 0.000
Beam1: Z:A =   0:  0, Energy = 0.000
sqrt[s]    = 0.000
crossing angle (radian) = 0.000000e+00
magnet currents (A) L3 = -30000.000, Dipole = -6000
Detectors: Cont.RO Triggers
      ITS:    -       -    
[INFO] MC-TRUTH 1
[INFO] TPC: GEM setup - initialization from scratch
[INFO] TPC: GEM setup (polya) took 7.94
[INFO] TPC is in grp? no; is skipped? no
[INFO] ITS is in grp? yes; is skipped? no
[INFO] MFT is in grp? no; is skipped? no
[INFO] TOF is in grp? no; is skipped? no
[INFO] FT0 is in grp? no; is skipped? no
[INFO] FV0 is in grp? no; is skipped? no
[INFO] EMC is in grp? no; is skipped? no
[INFO] HMP is in grp? no; is skipped? no
[INFO] ZDC is in grp? no; is skipped? no
[INFO] TRD is in grp? no; is skipped? no
[INFO] MCH is in grp? no; is skipped? no
[INFO] MID is in grp? no; is skipped? no
[INFO] FDD is in grp? no; is skipped? no
[INFO] PHS is in grp? no; is skipped? no
[INFO] CPV is in grp? no; is skipped? no
[INFO] Initialising O2 Data Processing Layer
[INFO] O2 Data Processing Layer initialised. We brake for nobody.
[INFO] Optimised build. O2DEBUG / LOG(DEBUG) / LOGF(DEBUG) / assert statement will not be shown.
[INFO] Redeployment of configuration asked.
[INFO] Starting internal-dpl-clock on pid 2100
[INFO] Starting SimReader on pid 2101
[INFO] Starting ITSDigitizer on pid 2102
[INFO] Starting GRPUpdater on pid 2103
[INFO] Starting ITSDigitWriter on pid 2104
[INFO] Redeployment of configuration done.
[2104:ITSDigitWriter]: [INFO] MC-TRUTH 1
[2100:internal-dpl-clock]: [INFO] MC-TRUTH 1
[2101:SimReader]: [INFO] MC-TRUTH 1
[2102:ITSDigitizer]: [INFO] MC-TRUTH 1
[2103:GRPUpdater]: [INFO] MC-TRUTH 1
[2104:ITSDigitWriter]: [INFO] Spawing new device ITSDigitWriter in process with pid 2104
[2102:ITSDigitizer]: [INFO] Spawing new device ITSDigitizer in process with pid 2102
[2101:SimReader]: [INFO] Spawing new device SimReader in process with pid 2101
[2103:GRPUpdater]: [INFO] Spawing new device GRPUpdater in process with pid 2103
[2100:internal-dpl-clock]: [INFO] Spawing new device internal-dpl-clock in process with pid 2100
[2104:ITSDigitWriter]: [18:25:32][INFO] 
[2104:ITSDigitWriter]:       ______      _    _______  _________ 
[2104:ITSDigitWriter]:      / ____/___ _(_)_______   |/  /_  __ \    version 1.4.29
[2104:ITSDigitWriter]:     / /_  / __ `/ / ___/__  /|_/ /_  / / /    build RELWITHDEBINFO
[2104:ITSDigitWriter]:    / __/ / /_/ / / /    _  /  / / / /_/ /     https://github.com/FairRootGroup/FairMQ
[2104:ITSDigitWriter]:   /_/    \__,_/_/_/     /_/  /_/  \___\_\     LGPL-3.0  © 2012-2020 GSI
[2104:ITSDigitWriter]: 
[2102:ITSDigitizer]: [18:25:32][INFO] 
[2102:ITSDigitizer]:       ______      _    _______  _________ 
[2102:ITSDigitizer]:      / ____/___ _(_)_______   |/  /_  __ \    version 1.4.29
[2102:ITSDigitizer]:     / /_  / __ `/ / ___/__  /|_/ /_  / / /    build RELWITHDEBINFO
[2102:ITSDigitizer]:    / __/ / /_/ / / /    _  /  / / / /_/ /     https://github.com/FairRootGroup/FairMQ
[2102:ITSDigitizer]:   /_/    \__,_/_/_/     /_/  /_/  \___\_\     LGPL-3.0  © 2012-2020 GSI
[2102:ITSDigitizer]: 
[2104:ITSDigitWriter]: [18:25:32][STATE] Starting FairMQ state machine --> IDLE
[2102:ITSDigitizer]: [18:25:32][STATE] Starting FairMQ state machine --> IDLE
[2104:ITSDigitWriter]: 2021-05-20 18:25:32	Monitoring	[0;49mStdOut backend initialized[0m
[2102:ITSDigitizer]: 2021-05-20 18:25:32	Monitoring	[0;49mStdOut backend initialized[0m
[2104:ITSDigitWriter]: [18:25:32][STATE] IDLE ---> INITIALIZING DEVICE
[2100:internal-dpl-clock]: [18:25:32][INFO] 
[2100:internal-dpl-clock]:       ______      _    _______  _________ 
[2100:internal-dpl-clock]:      / ____/___ _(_)_______   |/  /_  __ \    version 1.4.29
[2100:internal-dpl-clock]:     / /_  / __ `/ / ___/__  /|_/ /_  / / /    build RELWITHDEBINFO
[2100:internal-dpl-clock]:    / __/ / /_/ / / /    _  /  / / / /_/ /     https://github.com/FairRootGroup/FairMQ
[2100:internal-dpl-clock]:   /_/    \__,_/_/_/     /_/  /_/  \___\_\     LGPL-3.0  © 2012-2020 GSI
[2100:internal-dpl-clock]: 
[2100:internal-dpl-clock]: [18:25:32][STATE] Starting FairMQ state machine --> IDLE
[2100:internal-dpl-clock]: 2021-05-20 18:25:32	Monitoring	[0;49mStdOut backend initialized[0m
[2100:internal-dpl-clock]: [18:25:32][STATE] IDLE ---> INITIALIZING DEVICE
[2100:internal-dpl-clock]: 2021-05-20 18:25:32	Monitoring	[0;49mBuffering enabled (100)[0m
[2100:internal-dpl-clock]: [18:25:32][STATE] INITIALIZING DEVICE ---> INITIALIZED
[2100:internal-dpl-clock]: [18:25:32][STATE] INITIALIZED ---> BINDING
[2100:internal-dpl-clock]: [18:25:32][STATE] BINDING ---> BOUND
[2100:internal-dpl-clock]: [18:25:32][STATE] BOUND ---> CONNECTING
[2100:internal-dpl-clock]: [18:25:32][STATE] CONNECTING ---> DEVICE READY
[2100:internal-dpl-clock]: [18:25:32][STATE] DEVICE READY ---> INITIALIZING TASK
[2100:internal-dpl-clock]: [18:25:32][STATE] INITIALIZING TASK ---> READY
[2100:internal-dpl-clock]: [18:25:32][STATE] READY ---> RUNNING
[2100:internal-dpl-clock]: [18:25:32][INFO] DEVICE: Running...
[2101:SimReader]: [18:25:32][INFO] 
[2101:SimReader]:       ______      _    _______  _________ 
[2101:SimReader]:      / ____/___ _(_)_______   |/  /_  __ \    version 1.4.29
[2101:SimReader]:     / /_  / __ `/ / ___/__  /|_/ /_  / / /    build RELWITHDEBINFO
[2101:SimReader]:    / __/ / /_/ / / /    _  /  / / / /_/ /     https://github.com/FairRootGroup/FairMQ
[2101:SimReader]:   /_/    \__,_/_/_/     /_/  /_/  \___\_\     LGPL-3.0  © 2012-2020 GSI
[2101:SimReader]: 
[2101:SimReader]: [18:25:32][STATE] Starting FairMQ state machine --> IDLE
[2101:SimReader]: 2021-05-20 18:25:32	Monitoring	[0;49mStdOut backend initialized[0m
[2101:SimReader]: [18:25:32][STATE] IDLE ---> INITIALIZING DEVICE
[2101:SimReader]: 2021-05-20 18:25:32	Monitoring	[0;49mBuffering enabled (100)[0m
[2101:SimReader]: [18:25:32][INFO] adding o2sim
[2101:SimReader]: 
[2101:SimReader]: [18:25:32][INFO] INCONTEXTSTRING 
[2101:SimReader]: [18:25:32][INFO] Imposing hadronic interaction rate 50000Hz
[2101:SimReader]: [18:25:32][WARN] No bunch filling provided, impose default one
[2101:SimReader]: [18:25:32][INFO] Deducing mu=0.00771915 per BC from IR=50000 with 576 BCs
[2101:SimReader]: [18:25:32][INFO] InteractionSampler with 576 colliding BCs, mu(BC)= 0.00771915 -> total IR= 50000
[2101:SimReader]: [18:25:32][INFO] Current BCid:    0 Orbit:      1 |T in BC(ns): 0.000(0 coll left)
[2101:SimReader]: [18:25:32][INFO] setting up 1 chains
[2102:ITSDigitizer]: [18:25:32][STATE] IDLE ---> INITIALIZING DEVICE
[2102:ITSDigitizer]: 2021-05-20 18:25:32	Monitoring	[0;49mBuffering enabled (100)[0m
[2102:ITSDigitizer]: [18:25:32][INFO] Initializing geometry service
[2102:ITSDigitizer]: [18:25:32][INFO] Loading geometry FAIRGeom from o2sim_geometry.root
[2103:GRPUpdater]: [18:25:32][INFO] 
[2103:GRPUpdater]:       ______      _    _______  _________ 
[2103:GRPUpdater]:      / ____/___ _(_)_______   |/  /_  __ \    version 1.4.29
[2103:GRPUpdater]:     / /_  / __ `/ / ___/__  /|_/ /_  / / /    build RELWITHDEBINFO
[2103:GRPUpdater]:    / __/ / /_/ / / /    _  /  / / / /_/ /     https://github.com/FairRootGroup/FairMQ
[2103:GRPUpdater]:   /_/    \__,_/_/_/     /_/  /_/  \___\_\     LGPL-3.0  © 2012-2020 GSI
[2103:GRPUpdater]: 
[2103:GRPUpdater]: [18:25:32][STATE] Starting FairMQ state machine --> IDLE
[2103:GRPUpdater]: 2021-05-20 18:25:32	Monitoring	[0;49mStdOut backend initialized[0m
[2103:GRPUpdater]: [18:25:32][STATE] IDLE ---> INITIALIZING DEVICE
[2103:GRPUpdater]: 2021-05-20 18:25:32	Monitoring	[0;49mBuffering enabled (100)[0m
[2103:GRPUpdater]: [18:25:32][STATE] INITIALIZING DEVICE ---> INITIALIZED
[2103:GRPUpdater]: [18:25:32][STATE] INITIALIZED ---> BINDING
[2103:GRPUpdater]: [18:25:32][STATE] BINDING ---> BOUND
[2103:GRPUpdater]: [18:25:32][STATE] BOUND ---> CONNECTING
[2103:GRPUpdater]: [18:25:32][STATE] CONNECTING ---> DEVICE READY
[2103:GRPUpdater]: [18:25:32][STATE] DEVICE READY ---> INITIALIZING TASK
[2103:GRPUpdater]: [18:25:32][STATE] INITIALIZING TASK ---> READY
[2103:GRPUpdater]: [18:25:32][STATE] READY ---> RUNNING
[2103:GRPUpdater]: [18:25:32][INFO] DEVICE: Running...
[2104:ITSDigitWriter]: 2021-05-20 18:25:32	Monitoring	[0;49mBuffering enabled (100)[0m
[2104:ITSDigitWriter]: [18:25:32][INFO] 0: branch  ITSDigitMCTruth set up
[2104:ITSDigitWriter]: [18:25:32][INFO] 1: branch  ITSDigitMC2ROF set up
[2104:ITSDigitWriter]: [18:25:32][INFO] 2: branch  ITSDigit set up
[2104:ITSDigitWriter]: [18:25:32][INFO] 3: branch  ITSDigitROF set up
[2104:ITSDigitWriter]: [18:25:32][STATE] INITIALIZING DEVICE ---> INITIALIZED
[2104:ITSDigitWriter]: [18:25:32][STATE] INITIALIZED ---> BINDING
[2104:ITSDigitWriter]: [18:25:32][STATE] BINDING ---> BOUND
[2104:ITSDigitWriter]: [18:25:32][STATE] BOUND ---> CONNECTING
[2104:ITSDigitWriter]: [18:25:32][STATE] CONNECTING ---> DEVICE READY
[2104:ITSDigitWriter]: [18:25:32][STATE] DEVICE READY ---> INITIALIZING TASK
[2104:ITSDigitWriter]: [18:25:32][STATE] INITIALIZING TASK ---> READY
[2104:ITSDigitWriter]: [18:25:32][STATE] READY ---> RUNNING
[2104:ITSDigitWriter]: [18:25:32][INFO] DEVICE: Running...
[2102:ITSDigitizer]: Info in <TGeoManager::CloseGeometry>: Geometry loaded from file...
[2102:ITSDigitizer]: Info in <TGeoManager::SetTopVolume>: Top volume is cave. Master volume is cave
[2102:ITSDigitizer]: Info in <TGeoNavigator::BuildCache>: --- Maximum geometry depth set to 100
[2102:ITSDigitizer]: Info in <TGeoManager::CloseGeometry>: Voxelization retrieved from file
[2102:ITSDigitizer]: Info in <TGeoManager::CountLevels>: max level = 9, max placements = 126
[2102:ITSDigitizer]: Info in <TGeoManager::CloseGeometry>: 179840 nodes/ 399 volume UID's in FAIR geometry
[2102:ITSDigitizer]: Info in <TGeoManager::CloseGeometry>: ----------------modeler ready----------------
[2102:ITSDigitizer]: [18:25:33][INFO] Initializing field service
[2102:ITSDigitizer]: [18:25:33][INFO] MagneticField::Print: MagneticFieldMap:
[2102:ITSDigitizer]: [18:25:33][INFO] MagneticField::Print: Solenoid (-1*)5 kG, Dipole ON (-1) 
[2102:ITSDigitizer]: [18:25:33][INFO] MagneticField::Print: Machine B fields for p-p  beam (7000 GeV): QGrad: 22.0002 Dipole: 37.8781
[2102:ITSDigitizer]: [18:25:33][INFO] MagneticField::Print: Uses Sol30_Dip6_Hole  of /cvmfs/alice.cern.ch/el7-x86_64/Packages/O2/nightly-20210129-1/share/Common/maps/mfchebKGI_sym.root
[2102:ITSDigitizer]: [18:25:33][INFO] Set Alpide charge threshold to 150, single hit will be accounted from 15 electrons
[2102:ITSDigitizer]: Info in <TGeoGlobalMagField::SetField>: Global magnetic field set to <MagneticFieldMap>
[2102:ITSDigitizer]: Info in <TGeoGlobalMagField::Lock>: Global magnetic field <MagneticFieldMap> is now locked
[2102:ITSDigitizer]: [18:25:33][INFO] ITS simulated in CONTINUOUS RO mode
[2101:SimReader]: [18:25:33][INFO] Automatic deduction of number of collisions ... will just take number of background entries 10
[2101:SimReader]: Summary of DigitizationContext --
[2101:SimReader]: Parts per collision 1
[2101:SimReader]: Collision parts taken from simulations specified by prefix:
[2101:SimReader]: Number of Collisions 10
[2101:SimReader]: Collision 0 TIME BCid:  600 Orbit:      1 |T in BC(ns): 0.024 (0 , 0)
[2101:SimReader]: Collision 1 TIME BCid:  792 Orbit:      1 |T in BC(ns): -0.063 (0 , 1)
[2101:SimReader]: Collision 2 TIME BCid:  992 Orbit:      1 |T in BC(ns): -0.052 (0 , 2)
[2101:SimReader]: Collision 3 TIME BCid: 1010 Orbit:      1 |T in BC(ns): 0.027 (0 , 3)
[2101:SimReader]: Collision 4 TIME BCid: 1588 Orbit:      1 |T in BC(ns): 0.226 (0 , 4)
[2101:SimReader]: Collision 5 TIME BCid: 1596 Orbit:      1 |T in BC(ns): -0.262 (0 , 5)
[2101:SimReader]: Collision 6 TIME BCid:  436 Orbit:      2 |T in BC(ns): -0.179 (0 , 6)
[2101:SimReader]: Collision 7 TIME BCid:  458 Orbit:      2 |T in BC(ns): 0.249 (0 , 7)
[2101:SimReader]: Collision 8 TIME BCid:  580 Orbit:      2 |T in BC(ns): 0.151 (0 , 8)
[2101:SimReader]: Collision 9 TIME BCid: 1390 Orbit:      2 |T in BC(ns): 0.115 (0 , 9)
[2101:SimReader]: [18:25:33][INFO] Initializing Spec ... have 10 times 
[2101:SimReader]: [18:25:33][INFO] Serializing Context for later reuse
[2102:ITSDigitizer]: [18:25:33][INFO] Loading ITS L2G matrices from TGeo
[2101:SimReader]: [18:25:34][STATE] INITIALIZING DEVICE ---> INITIALIZED
[2101:SimReader]: [18:25:34][STATE] INITIALIZED ---> BINDING
[2101:SimReader]: [18:25:34][STATE] BINDING ---> BOUND
[2101:SimReader]: [18:25:34][STATE] BOUND ---> CONNECTING
[2101:SimReader]: [18:25:34][STATE] CONNECTING ---> DEVICE READY
[2101:SimReader]: [18:25:34][STATE] DEVICE READY ---> INITIALIZING TASK
[2101:SimReader]: [18:25:34][STATE] INITIALIZING TASK ---> READY
[2101:SimReader]: [18:25:34][STATE] READY ---> RUNNING
[2101:SimReader]: [18:25:34][INFO] DEVICE: Running...
[2101:SimReader]: [18:25:34][INFO] SENDING SOMETHING TO OTHERS
[2102:ITSDigitizer]: Alpide response object of 40500 matrices to map chagre in xyz to 5x5 pixels
[2102:ITSDigitizer]: X(col) range: +0.000000e+00 : +1.462000e-03 | step: 5.000000e-05 | Nbins: 30
[2102:ITSDigitizer]: Y(row) range: +0.000000e+00 : +1.344000e-03 | step: 5.000000e-05 | Nbins: 27
[2102:ITSDigitizer]: Z(dpt) range: -2.000000e-03 : +2.500000e-03 | step: 8.999999e-05 | Nbins: 50
[2102:ITSDigitizer]: Alpide digitization params:
[2102:ITSDigitizer]: Continuous readout             : ON
[2102:ITSDigitizer]: Readout Frame Length(ns)       : 9880.510742
[2102:ITSDigitizer]: Strobe delay (ns)              : 99.803139
[2102:ITSDigitizer]: Strobe length (ns)             : 9780.708008
[2102:ITSDigitizer]: Threshold (N electrons)        : 150
[2102:ITSDigitizer]: Min N electrons to accoint     : 15
[2102:ITSDigitizer]: Number of charge sharing steps : 7
[2102:ITSDigitizer]: ELoss to N electrons factor    : 2.777778e+08
[2102:ITSDigitizer]: Noise level per pixel          : 1.000000e-07
[2102:ITSDigitizer]: Charge time-response:
[2102:ITSDigitizer]: o2::itsmft::AlpideSignalTrapezoid | Duration: 7500.0 MaxRiseTime: 1100.0 (RiseTime=0 at q=450.0) (ns)
[2102:ITSDigitizer]: [18:25:35][STATE] INITIALIZING DEVICE ---> INITIALIZED
[2102:ITSDigitizer]: [18:25:35][STATE] INITIALIZED ---> BINDING
[2102:ITSDigitizer]: [18:25:35][STATE] BINDING ---> BOUND
[2102:ITSDigitizer]: [18:25:35][STATE] BOUND ---> CONNECTING
[2102:ITSDigitizer]: [18:25:35][STATE] CONNECTING ---> DEVICE READY
[2102:ITSDigitizer]: [18:25:35][STATE] DEVICE READY ---> INITIALIZING TASK
[2102:ITSDigitizer]: [18:25:35][STATE] INITIALIZING TASK ---> READY
[2102:ITSDigitizer]: [18:25:35][STATE] READY ---> RUNNING
[2102:ITSDigitizer]: [18:25:35][INFO] DEVICE: Running...
[2102:ITSDigitizer]: [18:25:35][INFO] GOT 10 COLLISSION TIMES
[2102:ITSDigitizer]: [18:25:35][INFO] SIMCHAINS 1
[2102:ITSDigitizer]: [18:25:35][INFO]  CALLING ITS DIGITIZATION 
[2102:ITSDigitizer]: [18:25:35][INFO] Digitizing ITS hits of entry 0 from source 0 at time BCid:  600 Orbit:      1 |T in BC(ns): 0.024 ROFrame= 10) cont.mode: 1 Min/Max ROFrames 0/9
[2102:ITSDigitizer]: [18:25:35][INFO] Filling ITS digits output for RO frames 0:9
[2102:ITSDigitizer]: ROF: 0 | 1283 entries starting from 0
[2102:ITSDigitizer]: BCid:    0 Orbit:      0
[2102:ITSDigitizer]: ROF: 1 | 1267 entries starting from 1283
[2102:ITSDigitizer]: BCid:  396 Orbit:      0
[2102:ITSDigitizer]: ROF: 2 | 1323 entries starting from 2550
[2102:ITSDigitizer]: BCid:  792 Orbit:      0
[2102:ITSDigitizer]: ROF: 3 | 1229 entries starting from 3873
[2102:ITSDigitizer]: BCid: 1188 Orbit:      0
[2102:ITSDigitizer]: ROF: 4 | 1245 entries starting from 5102
[2102:ITSDigitizer]: BCid: 1584 Orbit:      0
[2102:ITSDigitizer]: ROF: 5 | 1248 entries starting from 6347
[2102:ITSDigitizer]: BCid: 1980 Orbit:      0
[2102:ITSDigitizer]: ROF: 6 | 1259 entries starting from 7595
[2102:ITSDigitizer]: BCid: 2376 Orbit:      0
[2102:ITSDigitizer]: ROF: 7 | 1258 entries starting from 8854
[2102:ITSDigitizer]: BCid: 2772 Orbit:      0
[2102:ITSDigitizer]: ROF: 8 | 1247 entries starting from 10112
[2102:ITSDigitizer]: BCid: 3168 Orbit:      0
[2102:ITSDigitizer]: ROF: 9 | 1249 entries starting from 11359
[2102:ITSDigitizer]: BCid:    0 Orbit:      1
[2102:ITSDigitizer]: [18:25:35][INFO] Added 12608 digits 
[2102:ITSDigitizer]: [18:25:35][INFO] Digitizing ITS hits of entry 1 from source 0 at time BCid:  792 Orbit:      1 |T in BC(ns): -0.063 ROFrame= 10) cont.mode: 1 Min/Max ROFrames 10/11
[2102:ITSDigitizer]: [18:25:36][INFO] Digitizing ITS hits of entry 2 from source 0 at time BCid:  992 Orbit:      1 |T in BC(ns): -0.052 ROFrame= 11) cont.mode: 1 Min/Max ROFrames 10/12
[2102:ITSDigitizer]: [18:25:36][INFO] Filling ITS digits output for RO frames 10:10
[2102:ITSDigitizer]: ROF: 10 | 76561 entries starting from 12608
[2102:ITSDigitizer]: BCid:  396 Orbit:      1
[2102:ITSDigitizer]: MCEventID: 0 ROFs: 10-11 Entry in ROFRecords: 10
[2102:ITSDigitizer]: MCEventID: 1 ROFs: 10-12 Entry in ROFRecords: 10
[2102:ITSDigitizer]: [18:25:36][INFO] Added 76561 digits 
[2102:ITSDigitizer]: [18:25:36][INFO] Digitizing ITS hits of entry 3 from source 0 at time BCid: 1010 Orbit:      1 |T in BC(ns): 0.027 ROFrame= 11) cont.mode: 1 Min/Max ROFrames 11/12
[2102:ITSDigitizer]: [18:25:36][INFO] Digitizing ITS hits of entry 4 from source 0 at time BCid: 1588 Orbit:      1 |T in BC(ns): 0.226 ROFrame= 13) cont.mode: 1 Min/Max ROFrames 11/12
[2102:ITSDigitizer]: [18:25:36][INFO] Filling ITS digits output for RO frames 11:12
[2102:ITSDigitizer]: ROF: 11 | 189631 entries starting from 89169
[2102:ITSDigitizer]: BCid:  792 Orbit:      1
[2102:ITSDigitizer]: MCEventID: 2 ROFs: 11-12 Entry in ROFRecords: 11
[2102:ITSDigitizer]: MCEventID: 3 ROFs: 11-12 Entry in ROFRecords: 11
[2102:ITSDigitizer]: ROF: 12 | 78431 entries starting from 278800
[2102:ITSDigitizer]: BCid: 1188 Orbit:      1
[2102:ITSDigitizer]: [18:25:36][INFO] Added 268062 digits 
[2102:ITSDigitizer]: [18:25:36][INFO] Digitizing ITS hits of entry 5 from source 0 at time BCid: 1596 Orbit:      1 |T in BC(ns): -0.262 ROFrame= 13) cont.mode: 1 Min/Max ROFrames 13/14
[2102:ITSDigitizer]: [18:25:37][INFO] Digitizing ITS hits of entry 6 from source 0 at time BCid:  436 Orbit:      2 |T in BC(ns): -0.179 ROFrame= 19) cont.mode: 1 Min/Max ROFrames 13/18
[2102:ITSDigitizer]: [18:25:37][INFO] Filling ITS digits output for RO frames 13:18
[2102:ITSDigitizer]: ROF: 13 | 347479 entries starting from 357231
[2102:ITSDigitizer]: BCid: 1584 Orbit:      1
[2102:ITSDigitizer]: MCEventID: 4 ROFs: 13-14 Entry in ROFRecords: 13
[2102:ITSDigitizer]: MCEventID: 5 ROFs: 13-14 Entry in ROFRecords: 13
[2102:ITSDigitizer]: ROF: 14 | 2615 entries starting from 704710
[2102:ITSDigitizer]: BCid: 1980 Orbit:      1
[2102:ITSDigitizer]: ROF: 15 | 1274 entries starting from 707325
[2102:ITSDigitizer]: BCid: 2376 Orbit:      1
[2102:ITSDigitizer]: ROF: 16 | 1263 entries starting from 708599
[2102:ITSDigitizer]: BCid: 2772 Orbit:      1
[2102:ITSDigitizer]: ROF: 17 | 1229 entries starting from 709862
[2102:ITSDigitizer]: BCid: 3168 Orbit:      1
[2102:ITSDigitizer]: ROF: 18 | 1313 entries starting from 711091
[2102:ITSDigitizer]: BCid:    0 Orbit:      2
[2102:ITSDigitizer]: [18:25:37][INFO] Added 355173 digits 
[2102:ITSDigitizer]: [18:25:37][INFO] Digitizing ITS hits of entry 7 from source 0 at time BCid:  458 Orbit:      2 |T in BC(ns): 0.249 ROFrame= 19) cont.mode: 1 Min/Max ROFrames 19/20
[2102:ITSDigitizer]: [18:25:37][INFO] Digitizing ITS hits of entry 8 from source 0 at time BCid:  580 Orbit:      2 |T in BC(ns): 0.151 ROFrame= 19) cont.mode: 1 Min/Max ROFrames 19/20
[2102:ITSDigitizer]: [18:25:38][INFO] Digitizing ITS hits of entry 9 from source 0 at time BCid: 1390 Orbit:      2 |T in BC(ns): 0.115 ROFrame= 21) cont.mode: 1 Min/Max ROFrames 19/21
[2102:ITSDigitizer]: [18:25:38][INFO] Filling ITS digits output for RO frames 19:20
[2102:ITSDigitizer]: ROF: 19 | 303055 entries starting from 712404
[2102:ITSDigitizer]: BCid:  396 Orbit:      2
[2102:ITSDigitizer]: MCEventID: 6 ROFs: 19-20 Entry in ROFRecords: 19
[2102:ITSDigitizer]: MCEventID: 7 ROFs: 19-19 Entry in ROFRecords: 19
[2102:ITSDigitizer]: MCEventID: 8 ROFs: 19-21 Entry in ROFRecords: 19
[2102:ITSDigitizer]: ROF: 20 | 276591 entries starting from 1015459
[2102:ITSDigitizer]: BCid:  792 Orbit:      2
[2102:ITSDigitizer]: [18:25:38][INFO] Added 579646 digits 
[2102:ITSDigitizer]: [18:25:38][INFO] Filling ITS digits output for RO frames 21:23
[2102:ITSDigitizer]: ROF: 21 | 205955 entries starting from 1292050
[2102:ITSDigitizer]: BCid: 1188 Orbit:      2
[2102:ITSDigitizer]: MCEventID: 9 ROFs: 21-23 Entry in ROFRecords: 21
[2102:ITSDigitizer]: ROF: 22 | 205993 entries starting from 1498005
[2102:ITSDigitizer]: BCid: 1584 Orbit:      2
[2102:ITSDigitizer]: ROF: 23 | 1284 entries starting from 1703998
[2102:ITSDigitizer]: BCid: 1980 Orbit:      2
[2102:ITSDigitizer]: [18:25:38][INFO] Added 413232 digits 
[2102:ITSDigitizer]: [18:25:38][INFO] ITS: Sending ROMode= 3 to GRPUpdater
[2102:ITSDigitizer]: [18:25:38][INFO] Digitization took 3.27s
[2104:ITSDigitWriter]: [18:25:38][INFO] WRITING 1716000 LABELS 
[2103:GRPUpdater]: [18:25:38][INFO] Updated GRP in o2sim_grp.root for detectors RO mode
[2104:ITSDigitWriter]: [18:25:39][INFO] RECEIVED DIGITS SIZE 1705282
[2103:GRPUpdater]: Run: 1621527718
[2103:GRPUpdater]: Fill:      0
[2103:GRPUpdater]: Period: 
[2103:GRPUpdater]: LHC State: 
[2103:GRPUpdater]: Start: Thu May 20 18:21:59 2021
[2103:GRPUpdater]: End  : Thu May 20 18:22:00 2021
[2103:GRPUpdater]: Beam0: Z:A =   0:  0, Energy = 0.000
[2103:GRPUpdater]: Beam1: Z:A =   0:  0, Energy = 0.000
[2103:GRPUpdater]: sqrt[s]    = 0.000
[2103:GRPUpdater]: crossing angle (radian) = 0.000000e+00
[2103:GRPUpdater]: magnet currents (A) L3 = -30000.000, Dipole = -6000
[2103:GRPUpdater]: Detectors: Cont.RO Triggers
[2103:GRPUpdater]:       ITS:    +       -    
[INFO] Quitting
[INFO] QUIT_REQUESTED
[2102:ITSDigitizer]: [18:25:39][INFO] Received device shutdown request (signal 15).
[2102:ITSDigitizer]: [18:25:39][INFO] Waiting for graceful device shutdown. Hit Ctrl-C again to abort immediately.
[2100:internal-dpl-clock]: [18:25:39][INFO] Received device shutdown request (signal 15).
[2100:internal-dpl-clock]: [18:25:39][INFO] Waiting for graceful device shutdown. Hit Ctrl-C again to abort immediately.
[2101:SimReader]: [18:25:39][INFO] Received device shutdown request (signal 15).
[2101:SimReader]: [18:25:39][INFO] Waiting for graceful device shutdown. Hit Ctrl-C again to abort immediately.
[2104:ITSDigitWriter]: [18:25:39][INFO] Received device shutdown request (signal 15).
[2104:ITSDigitWriter]: [18:25:39][INFO] Waiting for graceful device shutdown. Hit Ctrl-C again to abort immediately.
[2103:GRPUpdater]: [18:25:39][INFO] Received device shutdown request (signal 15).
[2103:GRPUpdater]: [18:25:39][INFO] Waiting for graceful device shutdown. Hit Ctrl-C again to abort immediately.
[2101:SimReader]: [18:25:39][STATE] RUNNING ---> READY
[2101:SimReader]: [18:25:39][STATE] READY ---> RESETTING TASK
[2101:SimReader]: [18:25:39][STATE] RESETTING TASK ---> DEVICE READY
[2101:SimReader]: [18:25:39][STATE] DEVICE READY ---> RESETTING DEVICE
[2101:SimReader]: [18:25:39][STATE] RESETTING DEVICE ---> IDLE
[2101:SimReader]: [18:25:39][STATE] IDLE ---> EXITING
[2101:SimReader]: [18:25:39][STATE] Exiting FairMQ state machine
[2100:internal-dpl-clock]: [18:25:39][STATE] RUNNING ---> READY
[2102:ITSDigitizer]: [18:25:39][STATE] RUNNING ---> READY
[2102:ITSDigitizer]: [18:25:39][STATE] READY ---> RESETTING TASK
[2103:GRPUpdater]: [18:25:39][STATE] RUNNING ---> READY
[2102:ITSDigitizer]: [18:25:39][STATE] RESETTING TASK ---> DEVICE READY
[2103:GRPUpdater]: [18:25:39][STATE] READY ---> RESETTING TASK
[2103:GRPUpdater]: [18:25:39][STATE] RESETTING TASK ---> DEVICE READY
[2102:ITSDigitizer]: [18:25:39][STATE] DEVICE READY ---> RESETTING DEVICE
[2103:GRPUpdater]: [18:25:39][STATE] DEVICE READY ---> RESETTING DEVICE
[2100:internal-dpl-clock]: [18:25:39][STATE] READY ---> RESETTING TASK
[2100:internal-dpl-clock]: [18:25:39][STATE] RESETTING TASK ---> DEVICE READY
[2100:internal-dpl-clock]: [18:25:39][STATE] DEVICE READY ---> RESETTING DEVICE
[2103:GRPUpdater]: [18:25:39][STATE] RESETTING DEVICE ---> IDLE
[2102:ITSDigitizer]: [18:25:39][STATE] RESETTING DEVICE ---> IDLE
[2103:GRPUpdater]: [18:25:39][STATE] IDLE ---> EXITING
[2102:ITSDigitizer]: [18:25:39][STATE] IDLE ---> EXITING
[2100:internal-dpl-clock]: [18:25:39][STATE] RESETTING DEVICE ---> IDLE
[2103:GRPUpdater]: [18:25:39][STATE] Exiting FairMQ state machine
[2100:internal-dpl-clock]: [18:25:39][STATE] IDLE ---> EXITING
[2100:internal-dpl-clock]: [18:25:39][STATE] Exiting FairMQ state machine
[2102:ITSDigitizer]: [18:25:39][STATE] Exiting FairMQ state machine
[2104:ITSDigitWriter]: [18:25:41][STATE] RUNNING ---> READY
[2104:ITSDigitWriter]: [18:25:41][STATE] READY ---> RESETTING TASK
[2104:ITSDigitWriter]: [18:25:41][STATE] RESETTING TASK ---> DEVICE READY
[2104:ITSDigitWriter]: [18:25:41][STATE] DEVICE READY ---> RESETTING DEVICE
[2104:ITSDigitWriter]: Cleaning up for shared memory id 'ca2969e8'...
[2104:ITSDigitWriter]: No region counter found. No regions to cleanup.
[2104:ITSDigitWriter]: Successfully removed 'fmq_ca2969e8_m_0'.
[2104:ITSDigitWriter]: Successfully removed 'fmq_ca2969e8_mng'.
[2104:ITSDigitWriter]: Successfully removed 'fmq_ca2969e8_mtx'.
[2104:ITSDigitWriter]: Successfully removed 'fmq_ca2969e8_cv'.
[2104:ITSDigitWriter]: [18:25:41][STATE] RESETTING DEVICE ---> IDLE
[2104:ITSDigitWriter]: [18:25:41][STATE] IDLE ---> EXITING
[2104:ITSDigitWriter]: [18:25:41][STATE] Exiting FairMQ state machine
[INFO] Dumping used configuration in dpl-config.json

==============================================================================================
3. Tracking
[INFO] Initialising O2 Data Processing Layer
[INFO] O2 Data Processing Layer initialised. We brake for nobody.
[INFO] Optimised build. O2DEBUG / LOG(DEBUG) / LOGF(DEBUG) / assert statement will not be shown.
[INFO] Redeployment of configuration asked.
[INFO] Starting internal-dpl-clock on pid 3183
[INFO] Starting its-digit-reader on pid 3184
[INFO] Starting its-clusterer on pid 3185
[INFO] Starting its-cluster-writer on pid 3186
[INFO] Starting its-tracker on pid 3187
[INFO] Starting its-track-writer on pid 3188
[INFO] Redeployment of configuration done.
[3188:its-track-writer]: [INFO] Spawing new device its-track-writer in process with pid 3188
[3187:its-tracker]: [INFO] Spawing new device its-tracker in process with pid 3187
[3184:its-digit-reader]: [INFO] Spawing new device its-digit-reader in process with pid 3184
[3187:its-tracker]: [18:27:40][INFO] 
[3187:its-tracker]:       ______      _    _______  _________ 
[3187:its-tracker]:      / ____/___ _(_)_______   |/  /_  __ \    version 1.4.29
[3187:its-tracker]:     / /_  / __ `/ / ___/__  /|_/ /_  / / /    build RELWITHDEBINFO
[3187:its-tracker]:    / __/ / /_/ / / /    _  /  / / / /_/ /     https://github.com/FairRootGroup/FairMQ
[3187:its-tracker]:   /_/    \__,_/_/_/     /_/  /_/  \___\_\     LGPL-3.0  © 2012-2020 GSI
[3187:its-tracker]: 
[3188:its-track-writer]: [18:27:40][INFO] 
[3188:its-track-writer]:       ______      _    _______  _________ 
[3188:its-track-writer]:      / ____/___ _(_)_______   |/  /_  __ \    version 1.4.29
[3188:its-track-writer]:     / /_  / __ `/ / ___/__  /|_/ /_  / / /    build RELWITHDEBINFO
[3188:its-track-writer]:    / __/ / /_/ / / /    _  /  / / / /_/ /     https://github.com/FairRootGroup/FairMQ
[3188:its-track-writer]:   /_/    \__,_/_/_/     /_/  /_/  \___\_\     LGPL-3.0  © 2012-2020 GSI
[3188:its-track-writer]: 
[3187:its-tracker]: [18:27:40][STATE] Starting FairMQ state machine --> IDLE
[3188:its-track-writer]: [18:27:40][STATE] Starting FairMQ state machine --> IDLE
[3187:its-tracker]: 2021-05-20 18:27:40	Monitoring	[0;49mStdOut backend initialized[0m
[3188:its-track-writer]: 2021-05-20 18:27:40	Monitoring	[0;49mStdOut backend initialized[0m
[3184:its-digit-reader]: [18:27:40][INFO] 
[3184:its-digit-reader]:       ______      _    _______  _________ 
[3184:its-digit-reader]:      / ____/___ _(_)_______   |/  /_  __ \    version 1.4.29
[3184:its-digit-reader]:     / /_  / __ `/ / ___/__  /|_/ /_  / / /    build RELWITHDEBINFO
[3184:its-digit-reader]:    / __/ / /_/ / / /    _  /  / / / /_/ /     https://github.com/FairRootGroup/FairMQ
[3184:its-digit-reader]:   /_/    \__,_/_/_/     /_/  /_/  \___\_\     LGPL-3.0  © 2012-2020 GSI
[3184:its-digit-reader]: 
[3184:its-digit-reader]: [18:27:40][STATE] Starting FairMQ state machine --> IDLE
[3184:its-digit-reader]: 2021-05-20 18:27:40	Monitoring	[0;49mStdOut backend initialized[0m
[3184:its-digit-reader]: [18:27:40][STATE] IDLE ---> INITIALIZING DEVICE
[3186:its-cluster-writer]: [INFO] Spawing new device its-cluster-writer in process with pid 3186
[3187:its-tracker]: [18:27:40][STATE] IDLE ---> INITIALIZING DEVICE
[3187:its-tracker]: 2021-05-20 18:27:40	Monitoring	[0;49mBuffering enabled (100)[0m
[3187:its-tracker]: [18:27:40][INFO] Created GPUReconstruction instance for device type CPU (1) 
[3188:its-track-writer]: [18:27:40][STATE] IDLE ---> INITIALIZING DEVICE
[3183:internal-dpl-clock]: [INFO] Spawing new device internal-dpl-clock in process with pid 3183
[3183:internal-dpl-clock]: [18:27:40][INFO] 
[3183:internal-dpl-clock]:       ______      _    _______  _________ 
[3183:internal-dpl-clock]:      / ____/___ _(_)_______   |/  /_  __ \    version 1.4.29
[3183:internal-dpl-clock]:     / /_  / __ `/ / ___/__  /|_/ /_  / / /    build RELWITHDEBINFO
[3183:internal-dpl-clock]:    / __/ / /_/ / / /    _  /  / / / /_/ /     https://github.com/FairRootGroup/FairMQ
[3183:internal-dpl-clock]:   /_/    \__,_/_/_/     /_/  /_/  \___\_\     LGPL-3.0  © 2012-2020 GSI
[3183:internal-dpl-clock]: 
[3183:internal-dpl-clock]: [18:27:40][STATE] Starting FairMQ state machine --> IDLE
[3183:internal-dpl-clock]: 2021-05-20 18:27:40	Monitoring	[0;49mStdOut backend initialized[0m
[3183:internal-dpl-clock]: [18:27:40][STATE] IDLE ---> INITIALIZING DEVICE
[3185:its-clusterer]: [INFO] Spawing new device its-clusterer in process with pid 3185
[3186:its-cluster-writer]: [18:27:40][INFO] 
[3186:its-cluster-writer]:       ______      _    _______  _________ 
[3186:its-cluster-writer]:      / ____/___ _(_)_______   |/  /_  __ \    version 1.4.29
[3186:its-cluster-writer]:     / /_  / __ `/ / ___/__  /|_/ /_  / / /    build RELWITHDEBINFO
[3186:its-cluster-writer]:    / __/ / /_/ / / /    _  /  / / / /_/ /     https://github.com/FairRootGroup/FairMQ
[3186:its-cluster-writer]:   /_/    \__,_/_/_/     /_/  /_/  \___\_\     LGPL-3.0  © 2012-2020 GSI
[3186:its-cluster-writer]: 
[3186:its-cluster-writer]: [18:27:40][STATE] Starting FairMQ state machine --> IDLE
[3186:its-cluster-writer]: 2021-05-20 18:27:40	Monitoring	[0;49mStdOut backend initialized[0m
[3186:its-cluster-writer]: [18:27:40][STATE] IDLE ---> INITIALIZING DEVICE
[3183:internal-dpl-clock]: 2021-05-20 18:27:40	Monitoring	[0;49mBuffering enabled (100)[0m
[3183:internal-dpl-clock]: [18:27:40][STATE] INITIALIZING DEVICE ---> INITIALIZED
[3183:internal-dpl-clock]: [18:27:40][STATE] INITIALIZED ---> BINDING
[3183:internal-dpl-clock]: [18:27:40][STATE] BINDING ---> BOUND
[3183:internal-dpl-clock]: [18:27:40][STATE] BOUND ---> CONNECTING
[3183:internal-dpl-clock]: [18:27:40][STATE] CONNECTING ---> DEVICE READY
[3183:internal-dpl-clock]: [18:27:40][STATE] DEVICE READY ---> INITIALIZING TASK
[3183:internal-dpl-clock]: [18:27:40][STATE] INITIALIZING TASK ---> READY
[3183:internal-dpl-clock]: [18:27:40][STATE] READY ---> RUNNING
[3183:internal-dpl-clock]: [18:27:40][INFO] DEVICE: Running...
[3184:its-digit-reader]: 2021-05-20 18:27:40	Monitoring	[0;49mBuffering enabled (100)[0m
[3185:its-clusterer]: [18:27:40][INFO] 
[3185:its-clusterer]:       ______      _    _______  _________ 
[3185:its-clusterer]:      / ____/___ _(_)_______   |/  /_  __ \    version 1.4.29
[3185:its-clusterer]:     / /_  / __ `/ / ___/__  /|_/ /_  / / /    build RELWITHDEBINFO
[3185:its-clusterer]:    / __/ / /_/ / / /    _  /  / / / /_/ /     https://github.com/FairRootGroup/FairMQ
[3185:its-clusterer]:   /_/    \__,_/_/_/     /_/  /_/  \___\_\     LGPL-3.0  © 2012-2020 GSI
[3185:its-clusterer]: 
[3185:its-clusterer]: [18:27:40][STATE] Starting FairMQ state machine --> IDLE
[3185:its-clusterer]: 2021-05-20 18:27:40	Monitoring	[0;49mStdOut backend initialized[0m
[3185:its-clusterer]: [18:27:40][STATE] IDLE ---> INITIALIZING DEVICE
[3185:its-clusterer]: 2021-05-20 18:27:40	Monitoring	[0;49mBuffering enabled (100)[0m
[3185:its-clusterer]: [18:27:40][INFO] Dictionary ITSdictionary.bin is absent, ITSClusterer expects cluster patterns
[3185:its-clusterer]: [18:27:40][INFO] Clusterizer masks overflow pixels separated by < 406 BC and <= 0 in row/col
[3185:its-clusterer]: [18:27:40][INFO] Inclusive clusterization timing (w/o disk IO): Cpu: 0 Real: 0 s in 1 slots
[3185:its-clusterer]: [18:27:40][INFO] Threads output merging timing                : Cpu: 0 Real: 0 s in 1 slots
[3185:its-clusterer]: [18:27:40][STATE] INITIALIZING DEVICE ---> INITIALIZED
[3185:its-clusterer]: [18:27:40][STATE] INITIALIZED ---> BINDING
[3185:its-clusterer]: [18:27:40][STATE] BINDING ---> BOUND
[3185:its-clusterer]: [18:27:40][STATE] BOUND ---> CONNECTING
[3185:its-clusterer]: [18:27:40][STATE] CONNECTING ---> DEVICE READY
[3185:its-clusterer]: [18:27:40][STATE] DEVICE READY ---> INITIALIZING TASK
[3185:its-clusterer]: [18:27:40][STATE] INITIALIZING TASK ---> READY
[3185:its-clusterer]: [18:27:40][STATE] READY ---> RUNNING
[3185:its-clusterer]: [18:27:40][INFO] DEVICE: Running...
[3184:its-digit-reader]: [18:27:40][STATE] INITIALIZING DEVICE ---> INITIALIZED
[3184:its-digit-reader]: [18:27:40][STATE] INITIALIZED ---> BINDING
[3184:its-digit-reader]: [18:27:40][STATE] BINDING ---> BOUND
[3184:its-digit-reader]: [18:27:40][STATE] BOUND ---> CONNECTING
[3184:its-digit-reader]: [18:27:40][STATE] CONNECTING ---> DEVICE READY
[3184:its-digit-reader]: [18:27:40][STATE] DEVICE READY ---> INITIALIZING TASK
[3184:its-digit-reader]: [18:27:40][STATE] INITIALIZING TASK ---> READY
[3184:its-digit-reader]: [18:27:40][STATE] READY ---> RUNNING
[3184:its-digit-reader]: [18:27:40][INFO] DEVICE: Running...
[3188:its-track-writer]: 2021-05-20 18:27:40	Monitoring	[0;49mBuffering enabled (100)[0m
[3188:its-track-writer]: [18:27:40][INFO] 0: branch  ITSTrack set up
[3188:its-track-writer]: [18:27:40][INFO] 1: branch  ITSTrackClusIdx set up
[3188:its-track-writer]: [18:27:40][INFO] 2: branch  Vertices set up
[3188:its-track-writer]: [18:27:40][INFO] 3: branch  VerticesROF set up
[3188:its-track-writer]: [18:27:40][INFO] 4: branch  ITSTracksROF set up
[3188:its-track-writer]: [18:27:40][INFO] 5: branch  ITSTrackMCTruth set up
[3188:its-track-writer]: [18:27:40][INFO] 6: branch  ITSTracksMC2ROF set up
[3188:its-track-writer]: [18:27:40][STATE] INITIALIZING DEVICE ---> INITIALIZED
[3188:its-track-writer]: [18:27:40][STATE] INITIALIZED ---> BINDING
[3188:its-track-writer]: [18:27:40][STATE] BINDING ---> BOUND
[3188:its-track-writer]: [18:27:40][STATE] BOUND ---> CONNECTING
[3188:its-track-writer]: [18:27:40][STATE] CONNECTING ---> DEVICE READY
[3188:its-track-writer]: [18:27:40][STATE] DEVICE READY ---> INITIALIZING TASK
[3188:its-track-writer]: [18:27:40][STATE] INITIALIZING TASK ---> READY
[3188:its-track-writer]: [18:27:40][STATE] READY ---> RUNNING
[3188:its-track-writer]: [18:27:40][INFO] DEVICE: Running...
[3187:its-tracker]: [18:27:40][INFO] MagneticField::Print: MagneticFieldMap:
[3187:its-tracker]: [18:27:40][INFO] MagneticField::Print: Solenoid (-1*)5 kG, Dipole ON (-1) 
[3187:its-tracker]: [18:27:40][INFO] MagneticField::Print: Machine B fields for p-p  beam (7000 GeV): QGrad: 22.0002 Dipole: 37.8781
[3187:its-tracker]: [18:27:40][INFO] MagneticField::Print: Uses Sol30_Dip6_Hole  of /cvmfs/alice.cern.ch/el7-x86_64/Packages/O2/nightly-20210129-1/share/Common/maps/mfchebKGI_sym.root
[3187:its-tracker]: Info in <TGeoGlobalMagField::SetField>: Global magnetic field set to <MagneticFieldMap>
[3187:its-tracker]: Info in <TGeoGlobalMagField::Lock>: Global magnetic field <MagneticFieldMap> is now locked
[3187:its-tracker]: [18:27:40][INFO] Loading geometry FAIRGeom from o2sim_geometry.root
[3186:its-cluster-writer]: 2021-05-20 18:27:40	Monitoring	[0;49mBuffering enabled (100)[0m
[3186:its-cluster-writer]: [18:27:40][INFO] 0: branch  ITSClusterComp set up
[3186:its-cluster-writer]: [18:27:40][INFO] 1: branch  ITSClusterPatt set up
[3186:its-cluster-writer]: [18:27:40][INFO] 2: branch  ITSClustersROF set up
[3186:its-cluster-writer]: [18:27:40][INFO] 3: branch  ITSClusterMCTruth set up
[3186:its-cluster-writer]: [18:27:40][INFO] 4: branch  ITSClustersMC2ROF set up
[3186:its-cluster-writer]: [18:27:40][STATE] INITIALIZING DEVICE ---> INITIALIZED
[3186:its-cluster-writer]: [18:27:40][STATE] INITIALIZED ---> BINDING
[3186:its-cluster-writer]: [18:27:40][STATE] BINDING ---> BOUND
[3186:its-cluster-writer]: [18:27:40][STATE] BOUND ---> CONNECTING
[3186:its-cluster-writer]: [18:27:40][STATE] CONNECTING ---> DEVICE READY
[3186:its-cluster-writer]: [18:27:40][STATE] DEVICE READY ---> INITIALIZING TASK
[3186:its-cluster-writer]: [18:27:40][STATE] INITIALIZING TASK ---> READY
[3186:its-cluster-writer]: [18:27:40][STATE] READY ---> RUNNING
[3186:its-cluster-writer]: [18:27:40][INFO] DEVICE: Running...
[3187:its-tracker]: Info in <TGeoManager::CloseGeometry>: Geometry loaded from file...
[3187:its-tracker]: Info in <TGeoManager::SetTopVolume>: Top volume is cave. Master volume is cave
[3187:its-tracker]: Info in <TGeoNavigator::BuildCache>: --- Maximum geometry depth set to 100
[3187:its-tracker]: Info in <TGeoManager::CloseGeometry>: Voxelization retrieved from file
[3187:its-tracker]: Info in <TGeoManager::CountLevels>: max level = 9, max placements = 126
[3187:its-tracker]: Info in <TGeoManager::CloseGeometry>: 179840 nodes/ 399 volume UID's in FAIR geometry
[3187:its-tracker]: Info in <TGeoManager::CloseGeometry>: ----------------modeler ready----------------
[3187:its-tracker]: [18:27:41][INFO] Loading ITS T2L matrices from TGeo
[3187:its-tracker]: [18:27:41][WARN] It is faster to use 2D rotation for T2G instead of full Transform3D matrices
[3187:its-tracker]: [18:27:41][INFO] Loading ITS T2G matrices from TGeo
[3184:its-digit-reader]: [18:27:41][INFO] ITSDigitReader pushed 1705282 digits, in 24 RO frames
[3185:its-clusterer]: [18:27:42][INFO] ITSClusterer pulled 1705282 digits, in 24 RO frames
[3185:its-clusterer]: [18:27:42][INFO] ITSClusterer pulled 1716000 labels 
[3187:its-tracker]: [18:27:42][INFO] Loading ITS T2G rotation 2D matrices
[3187:its-tracker]: [18:27:42][INFO] Initializing tracker in sync. phase reconstruction with 1 passes
[3187:its-tracker]: [18:27:42][INFO] Not using lookup table for material budget approximation
[3187:its-tracker]: [18:27:42][INFO] Dictionary ITSdictionary.bin is absent, Tracker expects cluster patterns
[3187:its-tracker]: [18:27:42][STATE] INITIALIZING DEVICE ---> INITIALIZED
[3187:its-tracker]: [18:27:42][STATE] INITIALIZED ---> BINDING
[3187:its-tracker]: [18:27:42][STATE] BINDING ---> BOUND
[3187:its-tracker]: [18:27:42][STATE] BOUND ---> CONNECTING
[3187:its-tracker]: [18:27:42][STATE] CONNECTING ---> DEVICE READY
[3187:its-tracker]: [18:27:42][STATE] DEVICE READY ---> INITIALIZING TASK
[3187:its-tracker]: [18:27:42][STATE] INITIALIZING TASK ---> READY
[3187:its-tracker]: [18:27:42][STATE] READY ---> RUNNING
[3187:its-tracker]: [18:27:42][INFO] DEVICE: Running...
[3185:its-clusterer]: [18:27:42][INFO] ITSClusterer pushed 283044 clusters, in 24 RO frames
[3186:its-cluster-writer]: [18:27:42][INFO] ITSClusterWriter pulled 283044 clusters, in 24 RO frames
[3187:its-tracker]: [18:27:42][INFO] ITSTracker pulled 283044 clusters, 24 RO frames
[3187:its-tracker]: [18:27:42][INFO] 283044 MC label objects , in 10 MC events
[3187:its-tracker]: [18:27:42][INFO] ITSTracker RO: continuous=1
[3187:its-tracker]: [18:27:42][INFO] Loading ITS L2G matrices from TGeo
[3187:its-tracker]: [18:27:42][INFO] ROframe: 0, clusters loaded : 1283
[3187:its-tracker]:  - Vertexer initialisation completed in: 0.184237 ms
[3187:its-tracker]:  - Tracklet finding completed in: 0.024331 ms
[3187:its-tracker]:  - Adjacent tracklets validation completed in: 0.0048 ms
[3187:its-tracker]:  - Vertex finding completed in: 0.013384 ms
[3187:its-tracker]: [18:27:42][INFO] Found tracks: 0
[3187:its-tracker]: [18:27:42][INFO] ROframe: 1, clusters loaded : 1267
[3187:its-tracker]:  - Vertexer initialisation completed in: 0.169063 ms
[3187:its-tracker]:  - Tracklet finding completed in: 0.064718 ms
[3187:its-tracker]:  - Adjacent tracklets validation completed in: 0.000325 ms
[3187:its-tracker]:  - Vertex finding completed in: 0.000378 ms
[3187:its-tracker]: [18:27:42][INFO] Found tracks: 0
[3187:its-tracker]: [18:27:42][INFO] ROframe: 2, clusters loaded : 1323
[3187:its-tracker]:  - Vertexer initialisation completed in: 0.172896 ms
[3187:its-tracker]:  - Tracklet finding completed in: 0.001419 ms
[3187:its-tracker]:  - Adjacent tracklets validation completed in: 0.000327 ms
[3187:its-tracker]:  - Vertex finding completed in: 0.000391 ms
[3187:its-tracker]: [18:27:42][INFO] Found tracks: 0
[3187:its-tracker]: [18:27:42][INFO] ROframe: 3, clusters loaded : 1229
[3187:its-tracker]:  - Vertexer initialisation completed in: 0.24315 ms
[3187:its-tracker]:  - Tracklet finding completed in: 0.001228 ms
[3187:its-tracker]:  - Adjacent tracklets validation completed in: 0.000394 ms
[3187:its-tracker]:  - Vertex finding completed in: 0.000459 ms
[3187:its-tracker]: [18:27:42][INFO] Found tracks: 0
[3187:its-tracker]: [18:27:42][INFO] ROframe: 4, clusters loaded : 1245
[3187:its-tracker]:  - Vertexer initialisation completed in: 0.243411 ms
[3187:its-tracker]:  - Tracklet finding completed in: 0.001432 ms
[3187:its-tracker]:  - Adjacent tracklets validation completed in: 0.000356 ms
[3187:its-tracker]:  - Vertex finding completed in: 0.000493 ms
[3187:its-tracker]: [18:27:42][INFO] Found tracks: 0
[3187:its-tracker]: [18:27:42][INFO] ROframe: 5, clusters loaded : 1248
[3187:its-tracker]:  - Vertexer initialisation completed in: 0.220763 ms
[3187:its-tracker]:  - Tracklet finding completed in: 0.001125 ms
[3187:its-tracker]:  - Adjacent tracklets validation completed in: 0.000369 ms
[3187:its-tracker]:  - Vertex finding completed in: 0.000444 ms
[3187:its-tracker]: [18:27:42][INFO] Found tracks: 0
[3187:its-tracker]: [18:27:42][INFO] ROframe: 6, clusters loaded : 1259
[3187:its-tracker]:  - Vertexer initialisation completed in: 0.236472 ms
[3187:its-tracker]:  - Tracklet finding completed in: 0.001818 ms
[3187:its-tracker]:  - Adjacent tracklets validation completed in: 0.000414 ms
[3187:its-tracker]:  - Vertex finding completed in: 0.000426 ms
[3187:its-tracker]: [18:27:42][INFO] Found tracks: 0
[3187:its-tracker]: [18:27:42][INFO] ROframe: 7, clusters loaded : 1258
[3187:its-tracker]:  - Vertexer initialisation completed in: 0.193232 ms
[3187:its-tracker]:  - Tracklet finding completed in: 0.001755 ms
[3187:its-tracker]:  - Adjacent tracklets validation completed in: 0.000393 ms
[3187:its-tracker]:  - Vertex finding completed in: 0.000488 ms
[3187:its-tracker]: [18:27:42][INFO] Found tracks: 0
[3187:its-tracker]: [18:27:42][INFO] ROframe: 8, clusters loaded : 1247
[3187:its-tracker]:  - Vertexer initialisation completed in: 0.201045 ms
[3187:its-tracker]:  - Tracklet finding completed in: 0.003396 ms
[3187:its-tracker]:  - Adjacent tracklets validation completed in: 0.00041 ms
[3187:its-tracker]:  - Vertex finding completed in: 0.000415 ms
[3187:its-tracker]: [18:27:42][INFO] Found tracks: 0
[3187:its-tracker]: [18:27:42][INFO] ROframe: 9, clusters loaded : 1249
[3187:its-tracker]:  - Vertexer initialisation completed in: 0.189167 ms
[3187:its-tracker]:  - Tracklet finding completed in: 0.002094 ms
[3187:its-tracker]:  - Adjacent tracklets validation completed in: 0.000322 ms
[3187:its-tracker]:  - Vertex finding completed in: 0.000401 ms
[3187:its-tracker]: [18:27:42][INFO] Found tracks: 0
[3187:its-tracker]: [18:27:42][INFO] ROframe: 10, clusters loaded : 26716
[3187:its-tracker]:  - Vertexer initialisation completed in: 1.83651 ms
[3187:its-tracker]:  - Tracklet finding completed in: 5.95401 ms
[3187:its-tracker]:  - Adjacent tracklets validation completed in: 1.19652 ms
[3187:its-tracker]:  - Vertex finding completed in: 0.357939 ms
[3187:its-tracker]: 		Found vertex with:   1215 contributors
[3187:its-tracker]: 		Found vertex with:    131 contributors
[3187:its-tracker]:  - Context initialisation completed in: 4.87424 ms
[3187:its-tracker]:  - Tracklet finding completed in: 11.9775 ms
[3187:its-tracker]:  - Cell finding completed in: 4.764 ms
[3187:its-tracker]:  - Neighbour finding completed in: 0.719784 ms
[3187:its-tracker]:  - Road finding completed in: 0.601584 ms
[3187:its-tracker]:  - Track finding completed in: 13.2801 ms
[3187:its-tracker]:  - Vertex processing completed in: 36.2172ms
[3187:its-tracker]:  - Context initialisation completed in: 0.256872 ms
[3187:its-tracker]:  - Tracklet finding completed in: 6.4087 ms
[3187:its-tracker]:  - Cell finding completed in: 1.09742 ms
[3187:its-tracker]:  - Neighbour finding completed in: 0.111558 ms
[3187:its-tracker]:  - Road finding completed in: 0.027053 ms
[3187:its-tracker]:  - Track finding completed in: 1.65898 ms
[3187:its-tracker]:  - Vertex processing completed in: 9.56058ms
[3187:its-tracker]:  - Context initialisation completed in: 0.077618 ms
[3187:its-tracker]:  - Tracklet finding completed in: 6.42803 ms
[3187:its-tracker]:  - Cell finding completed in: 1.57623 ms
[3187:its-tracker]:  - Neighbour finding completed in: 0.181126 ms
[3187:its-tracker]:  - Road finding completed in: 0.001637 ms
[3187:its-tracker]:  - Track finding completed in: 0.000485 ms
[3187:its-tracker]:  - Vertex processing completed in: 8.26512ms
[3187:its-tracker]:  - Context initialisation completed in: 0.116126 ms
[3187:its-tracker]:  - Tracklet finding completed in: 6.8883 ms
[3187:its-tracker]:  - Cell finding completed in: 0.762736 ms
[3187:its-tracker]:  - Neighbour finding completed in: 0.023751 ms
[3187:its-tracker]:  - Road finding completed in: 0.000364 ms
[3187:its-tracker]:  - Track finding completed in: 0.000404 ms
[3187:its-tracker]:  - Vertex processing completed in: 7.79168ms
[3187:its-tracker]: [18:27:42][INFO] Found tracks: 1118
[3187:its-tracker]: [18:27:42][INFO] ROframe: 11, clusters loaded : 39588
[3187:its-tracker]:  - Vertexer initialisation completed in: 1.95553 ms
[3187:its-tracker]:  - Tracklet finding completed in: 8.13548 ms
[3187:its-tracker]:  - Adjacent tracklets validation completed in: 1.98314 ms
[3187:its-tracker]:  - Vertex finding completed in: 0.188555 ms
[3187:its-tracker]: 		Found vertex with:    602 contributors
[3187:its-tracker]: 		Found vertex with:    305 contributors
[3187:its-tracker]: 		Found vertex with:     57 contributors
[3187:its-tracker]:  - Context initialisation completed in: 3.2909 ms
[3187:its-tracker]:  - Tracklet finding completed in: 15.9207 ms
[3187:its-tracker]:  - Cell finding completed in: 5.38811 ms
[3187:its-tracker]:  - Neighbour finding completed in: 0.349225 ms
[3187:its-tracker]:  - Road finding completed in: 0.10686 ms
[3187:its-tracker]:  - Track finding completed in: 5.40944 ms
[3187:its-tracker]:  - Vertex processing completed in: 30.4653ms
[3187:its-tracker]:  - Context initialisation completed in: 0.293329 ms
[3187:its-tracker]:  - Tracklet finding completed in: 16.2567 ms
[3187:its-tracker]:  - Cell finding completed in: 5.65992 ms
[3187:its-tracker]:  - Neighbour finding completed in: 0.536615 ms
[3187:its-tracker]:  - Road finding completed in: 0.044918 ms
[3187:its-tracker]:  - Track finding completed in: 2.18341 ms
[3187:its-tracker]:  - Vertex processing completed in: 24.9749ms
[3187:its-tracker]:  - Context initialisation completed in: 0.193645 ms
[3187:its-tracker]:  - Tracklet finding completed in: 13.8457 ms
[3187:its-tracker]:  - Cell finding completed in: 4.09537 ms
[3187:its-tracker]:  - Neighbour finding completed in: 0.233056 ms
[3187:its-tracker]:  - Road finding completed in: 0.015904 ms
[3187:its-tracker]:  - Track finding completed in: 1.01686 ms
[3187:its-tracker]:  - Vertex processing completed in: 19.4005ms
[3187:its-tracker]:  - Context initialisation completed in: 0.181226 ms
[3187:its-tracker]:  - Tracklet finding completed in: 14.2816 ms
[3187:its-tracker]:  - Cell finding completed in: 3.33148 ms
[3187:its-tracker]:  - Neighbour finding completed in: 0.157077 ms
[3187:its-tracker]:  - Road finding completed in: 0.001668 ms
[3187:its-tracker]:  - Track finding completed in: 0.000298 ms
[3187:its-tracker]:  - Vertex processing completed in: 17.9533ms
[3187:its-tracker]:  - Context initialisation completed in: 0.172428 ms
[3187:its-tracker]:  - Tracklet finding completed in: 13.1746 ms
[3187:its-tracker]:  - Cell finding completed in: 4.21183 ms
[3187:its-tracker]:  - Neighbour finding completed in: 0.288592 ms
[3187:its-tracker]:  - Road finding completed in: 0.002502 ms
[3187:its-tracker]:  - Track finding completed in: 0.000899 ms
[3187:its-tracker]:  - Vertex processing completed in: 17.8508ms
[3187:its-tracker]:  - Context initialisation completed in: 0.176513 ms
[3187:its-tracker]:  - Tracklet finding completed in: 12.431 ms
[3187:its-tracker]:  - Cell finding completed in: 2.72429 ms
[3187:its-tracker]:  - Neighbour finding completed in: 0.025904 ms
[3187:its-tracker]:  - Road finding completed in: 0.000224 ms
[3187:its-tracker]:  - Track finding completed in: 0.000752 ms
[3187:its-tracker]:  - Vertex processing completed in: 15.3587ms
[3187:its-tracker]: [18:27:42][INFO] Found tracks: 705
[3187:its-tracker]: [18:27:42][INFO] ROframe: 12, clusters loaded : 1379
[3187:its-tracker]:  - Vertexer initialisation completed in: 0.164886 ms
[3187:its-tracker]:  - Tracklet finding completed in: 0.006609 ms
[3187:its-tracker]:  - Adjacent tracklets validation completed in: 0.003536 ms
[3187:its-tracker]:  - Vertex finding completed in: 0.002513 ms
[3187:its-tracker]: [18:27:42][INFO] Found tracks: 0
[3187:its-tracker]: [18:27:42][INFO] ROframe: 13, clusters loaded : 80331
[3187:its-tracker]:  - Vertexer initialisation completed in: 4.3334 ms
[3187:its-tracker]:  - Tracklet finding completed in: 32.4805 ms
[3187:its-tracker]:  - Adjacent tracklets validation completed in: 12.4765 ms
[3187:its-tracker]:  - Vertex finding completed in: 1.42588 ms
[3187:its-tracker]: 		Found vertex with:   2928 contributors
[3187:its-tracker]: 		Found vertex with:   1311 contributors
[3187:its-tracker]:  - Context initialisation completed in: 4.71393 ms
[3187:its-tracker]:  - Tracklet finding completed in: 51.2688 ms
[3187:its-tracker]:  - Cell finding completed in: 38.7864 ms
[3187:its-tracker]:  - Neighbour finding completed in: 2.26873 ms
[3187:its-tracker]:  - Road finding completed in: 0.643691 ms
[3187:its-tracker]:  - Track finding completed in: 25.566 ms
[3187:its-tracker]:  - Vertex processing completed in: 123.248ms
[3187:its-tracker]:  - Context initialisation completed in: 0.927727 ms
[3187:its-tracker]:  - Tracklet finding completed in: 34.3913 ms
[3187:its-tracker]:  - Cell finding completed in: 17.1347 ms
[3187:its-tracker]:  - Neighbour finding completed in: 0.845438 ms
[3187:its-tracker]:  - Road finding completed in: 0.21206 ms
[3187:its-tracker]:  - Track finding completed in: 11.6672 ms
[3187:its-tracker]:  - Vertex processing completed in: 65.1784ms
[3187:its-tracker]:  - Context initialisation completed in: 0.643329 ms
[3187:its-tracker]:  - Tracklet finding completed in: 28.924 ms
[3187:its-tracker]:  - Cell finding completed in: 11.4682 ms
[3187:its-tracker]:  - Neighbour finding completed in: 0.478121 ms
[3187:its-tracker]:  - Road finding completed in: 0.002613 ms
[3187:its-tracker]:  - Track finding completed in: 0.00065 ms
[3187:its-tracker]:  - Vertex processing completed in: 41.5169ms
[3187:its-tracker]:  - Context initialisation completed in: 0.476431 ms
[3187:its-tracker]:  - Tracklet finding completed in: 28.9344 ms
[3187:its-tracker]:  - Cell finding completed in: 10.0928 ms
[3187:its-tracker]:  - Neighbour finding completed in: 0.283261 ms
[3187:its-tracker]:  - Road finding completed in: 0.001355 ms
[3187:its-tracker]:  - Track finding completed in: 0.000776 ms
[3187:its-tracker]:  - Vertex processing completed in: 39.789ms
[3187:its-tracker]: [18:27:43][INFO] Found tracks: 3515
[3187:its-tracker]: [18:27:43][INFO] ROframe: 14, clusters loaded : 1260
[3187:its-tracker]:  - Vertexer initialisation completed in: 0.143078 ms
[3187:its-tracker]:  - Tracklet finding completed in: 0.002041 ms
[3187:its-tracker]:  - Adjacent tracklets validation completed in: 0.000569 ms
[3187:its-tracker]:  - Vertex finding completed in: 0.000951 ms
[3187:its-tracker]: [18:27:43][INFO] Found tracks: 0
[3187:its-tracker]: [18:27:43][INFO] ROframe: 15, clusters loaded : 1274
[3187:its-tracker]:  - Vertexer initialisation completed in: 0.136282 ms
[3187:its-tracker]:  - Tracklet finding completed in: 0.001072 ms
[3187:its-tracker]:  - Adjacent tracklets validation completed in: 0.000269 ms
[3187:its-tracker]:  - Vertex finding completed in: 0.000302 ms
[3187:its-tracker]: [18:27:43][INFO] Found tracks: 0
[3187:its-tracker]: [18:27:43][INFO] ROframe: 16, clusters loaded : 1263
[3187:its-tracker]:  - Vertexer initialisation completed in: 0.130643 ms
[3187:its-tracker]:  - Tracklet finding completed in: 0.001832 ms
[3187:its-tracker]:  - Adjacent tracklets validation completed in: 0.000361 ms
[3187:its-tracker]:  - Vertex finding completed in: 0.00045 ms
[3187:its-tracker]: [18:27:43][INFO] Found tracks: 0
[3187:its-tracker]: [18:27:43][INFO] ROframe: 17, clusters loaded : 1229
[3187:its-tracker]:  - Vertexer initialisation completed in: 0.141708 ms
[3187:its-tracker]:  - Tracklet finding completed in: 0.000659 ms
[3187:its-tracker]:  - Adjacent tracklets validation completed in: 0.000219 ms
[3187:its-tracker]:  - Vertex finding completed in: 0.000232 ms
[3187:its-tracker]: [18:27:43][INFO] Found tracks: 0
[3187:its-tracker]: [18:27:43][INFO] ROframe: 18, clusters loaded : 1313
[3187:its-tracker]:  - Vertexer initialisation completed in: 0.123335 ms
[3187:its-tracker]:  - Tracklet finding completed in: 0.000564 ms
[3187:its-tracker]:  - Adjacent tracklets validation completed in: 0.000151 ms
[3187:its-tracker]:  - Vertex finding completed in: 0.000265 ms
[3187:its-tracker]: [18:27:43][INFO] Found tracks: 0
[3187:its-tracker]: [18:27:43][INFO] ROframe: 19, clusters loaded : 67214
[3187:its-tracker]:  - Vertexer initialisation completed in: 2.88287 ms
[3187:its-tracker]:  - Tracklet finding completed in: 14.8899 ms
[3187:its-tracker]:  - Adjacent tracklets validation completed in: 5.95001 ms
[3187:its-tracker]:  - Vertex finding completed in: 0.582382 ms
[3187:its-tracker]: 		Found vertex with:   2863 contributors
[3187:its-tracker]: 		Found vertex with:    279 contributors
[3187:its-tracker]: 		Found vertex with:     40 contributors
[3187:its-tracker]:  - Context initialisation completed in: 3.10898 ms
[3187:its-tracker]:  - Tracklet finding completed in: 34.3927 ms
[3187:its-tracker]:  - Cell finding completed in: 28.8386 ms
[3187:its-tracker]:  - Neighbour finding completed in: 2.38506 ms
[3187:its-tracker]:  - Road finding completed in: 1.05528 ms
[3187:its-tracker]:  - Track finding completed in: 28.5218 ms
[3187:its-tracker]:  - Vertex processing completed in: 98.3024ms
[3187:its-tracker]:  - Context initialisation completed in: 0.873704 ms
[3187:its-tracker]:  - Tracklet finding completed in: 23.9692 ms
[3187:its-tracker]:  - Cell finding completed in: 6.24306 ms
[3187:its-tracker]:  - Neighbour finding completed in: 0.204874 ms
[3187:its-tracker]:  - Road finding completed in: 0.033922 ms
[3187:its-tracker]:  - Track finding completed in: 3.49595 ms
[3187:its-tracker]:  - Vertex processing completed in: 34.8207ms
[3187:its-tracker]:  - Context initialisation completed in: 0.313836 ms
[3187:its-tracker]:  - Tracklet finding completed in: 21.7849 ms
[3187:its-tracker]:  - Cell finding completed in: 5.7706 ms
[3187:its-tracker]:  - Neighbour finding completed in: 0.044327 ms
[3187:its-tracker]:  - Road finding completed in: 0.006291 ms
[3187:its-tracker]:  - Track finding completed in: 0.633947 ms
[3187:its-tracker]:  - Vertex processing completed in: 28.5539ms
[3187:its-tracker]:  - Context initialisation completed in: 0.284085 ms
[3187:its-tracker]:  - Tracklet finding completed in: 22.1324 ms
[3187:its-tracker]:  - Cell finding completed in: 8.32742 ms
[3187:its-tracker]:  - Neighbour finding completed in: 0.457263 ms
[3187:its-tracker]:  - Road finding completed in: 0.003766 ms
[3187:its-tracker]:  - Track finding completed in: 0.000499 ms
[3187:its-tracker]:  - Vertex processing completed in: 31.2054ms
[3187:its-tracker]:  - Context initialisation completed in: 0.379537 ms
[3187:its-tracker]:  - Tracklet finding completed in: 22.1431 ms
[3187:its-tracker]:  - Cell finding completed in: 5.03362 ms
[3187:its-tracker]:  - Neighbour finding completed in: 0.065379 ms
[3187:its-tracker]:  - Road finding completed in: 0.000648 ms
[3187:its-tracker]:  - Track finding completed in: 0.000567 ms
[3187:its-tracker]:  - Vertex processing completed in: 27.6228ms
[3187:its-tracker]:  - Context initialisation completed in: 0.258171 ms
[3187:its-tracker]:  - Tracklet finding completed in: 21.1677 ms
[3187:its-tracker]:  - Cell finding completed in: 5.47928 ms
[3187:its-tracker]:  - Neighbour finding completed in: 0.022793 ms
[3187:its-tracker]:  - Road finding completed in: 0.000233 ms
[3187:its-tracker]:  - Track finding completed in: 0.000752 ms
[3187:its-tracker]:  - Vertex processing completed in: 26.9289ms
[3187:its-tracker]: [18:27:43][INFO] Found tracks: 2911
[3187:its-tracker]: [18:27:43][INFO] ROframe: 20, clusters loaded : 1357
[3187:its-tracker]:  - Vertexer initialisation completed in: 0.158083 ms
[3187:its-tracker]:  - Tracklet finding completed in: 0.001793 ms
[3187:its-tracker]:  - Adjacent tracklets validation completed in: 0.00063 ms
[3187:its-tracker]:  - Vertex finding completed in: 0.000819 ms
[3187:its-tracker]: [18:27:43][INFO] Found tracks: 0
[3187:its-tracker]: [18:27:43][INFO] ROframe: 21, clusters loaded : 44930
[3187:its-tracker]:  - Vertexer initialisation completed in: 1.79088 ms
[3187:its-tracker]:  - Tracklet finding completed in: 6.20641 ms
[3187:its-tracker]:  - Adjacent tracklets validation completed in: 1.8516 ms
[3187:its-tracker]:  - Vertex finding completed in: 0.210399 ms
[3187:its-tracker]: 		Found vertex with:   1906 contributors
[3187:its-tracker]:  - Context initialisation completed in: 2.30435 ms
[3187:its-tracker]:  - Tracklet finding completed in: 18.5876 ms
[3187:its-tracker]:  - Cell finding completed in: 11.9976 ms
[3187:its-tracker]:  - Neighbour finding completed in: 1.12279 ms
[3187:its-tracker]:  - Road finding completed in: 0.368381 ms
[3187:its-tracker]:  - Track finding completed in: 18.432 ms
[3187:its-tracker]:  - Vertex processing completed in: 52.8127ms
[3187:its-tracker]:  - Context initialisation completed in: 0.4946 ms
[3187:its-tracker]:  - Tracklet finding completed in: 12.8509 ms
[3187:its-tracker]:  - Cell finding completed in: 4.39175 ms
[3187:its-tracker]:  - Neighbour finding completed in: 0.303875 ms
[3187:its-tracker]:  - Road finding completed in: 0.00337 ms
[3187:its-tracker]:  - Track finding completed in: 0.000414 ms
[3187:its-tracker]:  - Vertex processing completed in: 18.045ms
[3187:its-tracker]: [18:27:43][INFO] Found tracks: 1658
[3187:its-tracker]: [18:27:43][INFO] ROframe: 22, clusters loaded : 1307
[3187:its-tracker]:  - Vertexer initialisation completed in: 0.13619 ms
[3187:its-tracker]:  - Tracklet finding completed in: 0.003062 ms
[3187:its-tracker]:  - Adjacent tracklets validation completed in: 0.0006 ms
[3187:its-tracker]:  - Vertex finding completed in: 0.000881 ms
[3187:its-tracker]: [18:27:43][INFO] Found tracks: 0
[3187:its-tracker]: [18:27:43][INFO] ROframe: 23, clusters loaded : 1275
[3187:its-tracker]:  - Vertexer initialisation completed in: 0.134875 ms
[3187:its-tracker]:  - Tracklet finding completed in: 0.00088 ms
[3187:its-tracker]:  - Adjacent tracklets validation completed in: 0.000263 ms
[3187:its-tracker]:  - Vertex finding completed in: 0.000186 ms
[3187:its-tracker]: [18:27:43][INFO] Found tracks: 0
[3187:its-tracker]: [18:27:43][INFO] ITSTracker pushed 9907 tracks
[3187:its-tracker]: [18:27:43][INFO] ITS CA-Tracker total timing: Cpu: 1.090e+00 Real: 1.089e+00 s in 1 slots
[3188:its-track-writer]: [18:27:43][INFO] ITSTrackWriter pulled 9907 tracks, in 24 RO frames
[INFO] Quitting
[INFO] QUIT_REQUESTED
[3188:its-track-writer]: [18:27:43][INFO] Received device shutdown request (signal 15).
[3188:its-track-writer]: [18:27:43][INFO] Waiting for graceful device shutdown. Hit Ctrl-C again to abort immediately.
[3187:its-tracker]: [18:27:43][INFO] Received device shutdown request (signal 15).
[3187:its-tracker]: [18:27:43][INFO] Waiting for graceful device shutdown. Hit Ctrl-C again to abort immediately.
[3184:its-digit-reader]: [18:27:43][INFO] Received device shutdown request (signal 15).
[3184:its-digit-reader]: [18:27:43][INFO] Waiting for graceful device shutdown. Hit Ctrl-C again to abort immediately.
[3184:its-digit-reader]: [18:27:43][STATE] RUNNING ---> READY
[3184:its-digit-reader]: [18:27:43][STATE] READY ---> RESETTING TASK
[3184:its-digit-reader]: [18:27:43][STATE] RESETTING TASK ---> DEVICE READY
[3184:its-digit-reader]: [18:27:43][STATE] DEVICE READY ---> RESETTING DEVICE
[3184:its-digit-reader]: [18:27:43][STATE] RESETTING DEVICE ---> IDLE
[3184:its-digit-reader]: [18:27:43][STATE] IDLE ---> EXITING
[3184:its-digit-reader]: [18:27:43][STATE] Exiting FairMQ state machine
[3186:its-cluster-writer]: [18:27:43][INFO] Received device shutdown request (signal 15).
[3186:its-cluster-writer]: [18:27:43][INFO] Waiting for graceful device shutdown. Hit Ctrl-C again to abort immediately.
[3183:internal-dpl-clock]: [18:27:43][INFO] Received device shutdown request (signal 15).
[3183:internal-dpl-clock]: [18:27:43][INFO] Waiting for graceful device shutdown. Hit Ctrl-C again to abort immediately.
[3185:its-clusterer]: [18:27:43][INFO] Received device shutdown request (signal 15).
[3185:its-clusterer]: [18:27:43][INFO] Waiting for graceful device shutdown. Hit Ctrl-C again to abort immediately.
[3183:internal-dpl-clock]: [18:27:44][STATE] RUNNING ---> READY
[3185:its-clusterer]: [18:27:44][STATE] RUNNING ---> READY
[3187:its-tracker]: [18:27:44][STATE] RUNNING ---> READY
[3183:internal-dpl-clock]: [18:27:44][STATE] READY ---> RESETTING TASK
[3187:its-tracker]: [18:27:44][STATE] READY ---> RESETTING TASK
[3187:its-tracker]: [18:27:44][STATE] RESETTING TASK ---> DEVICE READY
[3183:internal-dpl-clock]: [18:27:44][STATE] RESETTING TASK ---> DEVICE READY
[3185:its-clusterer]: [18:27:44][STATE] READY ---> RESETTING TASK
[3183:internal-dpl-clock]: [18:27:44][STATE] DEVICE READY ---> RESETTING DEVICE
[3187:its-tracker]: [18:27:44][STATE] DEVICE READY ---> RESETTING DEVICE
[3185:its-clusterer]: [18:27:44][STATE] RESETTING TASK ---> DEVICE READY
[3185:its-clusterer]: [18:27:44][STATE] DEVICE READY ---> RESETTING DEVICE
[3183:internal-dpl-clock]: [18:27:44][STATE] RESETTING DEVICE ---> IDLE
[3183:internal-dpl-clock]: [18:27:44][STATE] IDLE ---> EXITING
[3187:its-tracker]: [18:27:44][STATE] RESETTING DEVICE ---> IDLE
[3183:internal-dpl-clock]: [18:27:44][STATE] Exiting FairMQ state machine
[3187:its-tracker]: [18:27:44][STATE] IDLE ---> EXITING
[3187:its-tracker]: [18:27:44][STATE] Exiting FairMQ state machine
[3185:its-clusterer]: [18:27:44][STATE] RESETTING DEVICE ---> IDLE
[3185:its-clusterer]: [18:27:44][STATE] IDLE ---> EXITING
[3185:its-clusterer]: [18:27:44][STATE] Exiting FairMQ state machine
[3188:its-track-writer]: [18:27:44][STATE] RUNNING ---> READY
[3188:its-track-writer]: [18:27:44][STATE] READY ---> RESETTING TASK
[3188:its-track-writer]: [18:27:44][STATE] RESETTING TASK ---> DEVICE READY
[3188:its-track-writer]: [18:27:44][STATE] DEVICE READY ---> RESETTING DEVICE
[3188:its-track-writer]: [18:27:44][STATE] RESETTING DEVICE ---> IDLE
[3188:its-track-writer]: [18:27:44][STATE] IDLE ---> EXITING
[3188:its-track-writer]: [18:27:44][STATE] Exiting FairMQ state machine
[3186:its-cluster-writer]: [18:27:45][STATE] RUNNING ---> READY
[3186:its-cluster-writer]: [18:27:45][STATE] READY ---> RESETTING TASK
[3186:its-cluster-writer]: [18:27:45][STATE] RESETTING TASK ---> DEVICE READY
[3186:its-cluster-writer]: [18:27:45][STATE] DEVICE READY ---> RESETTING DEVICE
[3186:its-cluster-writer]: Cleaning up for shared memory id '614b662f'...
[3186:its-cluster-writer]: No region counter found. No regions to cleanup.
[3186:its-cluster-writer]: Successfully removed 'fmq_614b662f_m_0'.
[3186:its-cluster-writer]: Successfully removed 'fmq_614b662f_mng'.
[3186:its-cluster-writer]: Successfully removed 'fmq_614b662f_mtx'.
[3186:its-cluster-writer]: Successfully removed 'fmq_614b662f_cv'.
[3186:its-cluster-writer]: [18:27:45][STATE] RESETTING DEVICE ---> IDLE
[3186:its-cluster-writer]: [18:27:45][STATE] IDLE ---> EXITING
[3186:its-cluster-writer]: [18:27:45][STATE] Exiting FairMQ state machine
[INFO] Dumping used configuration in dpl-config.json
